Starting local Bazel server (8.1.1) and connecting to it...
 no actions running
 no actions running
DEBUG: Rule 'libdeflate+' indicated that a canonical reproducible form can be obtained by modifying arguments integrity = "sha256-AE5m/A/6c996pt/apikx4qv6mOr5Xz7hzUemjju5Co0="
DEBUG: Repository libdeflate+ instantiated at:
  <builtin>: in <toplevel>
Repository rule http_archive defined at:
  /data/h445xu/.cache/bazel/_bazel_hongxu/d46277e175831a940d994398018f4397/external/bazel_tools/tools/build_defs/repo/http.bzl:392:31: in <toplevel>
DEBUG: Rule 'openjph+' indicated that a canonical reproducible form can be obtained by modifying arguments integrity = "sha256-D32VpaRvZcbOUhxM2uw2ZMABZUYeycW0HtXeQQUBVJM="
DEBUG: Repository openjph+ instantiated at:
  <builtin>: in <toplevel>
Repository rule http_archive defined at:
  /data/h445xu/.cache/bazel/_bazel_hongxu/d46277e175831a940d994398018f4397/external/bazel_tools/tools/build_defs/repo/http.bzl:392:31: in <toplevel>
DEBUG: Rule 'imath+' indicated that a canonical reproducible form can be obtained by modifying arguments integrity = "sha256-Labx1BjXqo/WzauZcK7wc20dkT7BqgIjHKwklfHijp8="
DEBUG: Repository imath+ instantiated at:
  <builtin>: in <toplevel>
Repository rule http_archive defined at:
  /data/h445xu/.cache/bazel/_bazel_hongxu/d46277e175831a940d994398018f4397/external/bazel_tools/tools/build_defs/repo/http.bzl:392:31: in <toplevel>
 no actions running
 no actions running
Loading: 0 packages loaded
Loading: 0 packages loaded
Loading: 0 packages loaded
Loading: 3 packages loaded
    currently loading: @@bazel_tools//tools/cpp
Read 0 lines from bazel query output...
Read 1000 lines from bazel query output...
Read 2000 lines from bazel query output...
Read 3000 lines from bazel query output...
