Starting local Bazel server (8.3.1) and connecting to it...
WARNING: --enable_bzlmod is set, but no MODULE.bazel file was found at the workspace root. Bazel will create an empty MODULE.bazel file. Please consider migrating your external dependencies from WORKSPACE to MODULE.bazel. For more details, please refer to https://github.com/bazelbuild/bazel/issues/18958.
 no actions running
 no actions running
 no actions running
Loading: 0 packages loaded
ERROR: /data/h445xu/repo/bazel-repos/cloned_repos/alefore__edge/glog-0.4.0/BUILD:5:13: no such package '@@[unknown repo 'com_github_gflags_gflags' requested from @@]//': The repository '@@[unknown repo 'com_github_gflags_gflags' requested from @@]' could not be resolved: No repository visible as '@com_github_gflags_gflags' from main repository. Was the repository introduced in WORKSPACE? The WORKSPACE file is disabled by default in Bazel 8 (late 2024) and will be removed in Bazel 9 (late 2025), please migrate to Bzlmod. See https://bazel.build/external/migration and referenced by '//glog-0.4.0:glog'
ERROR: /data/h445xu/repo/bazel-repos/cloned_repos/alefore__edge/src/language/BUILD:122:11: no such package '@@[unknown repo 'glog' requested from @@]//': The repository '@@[unknown repo 'glog' requested from @@]' could not be resolved: No repository visible as '@glog' from main repository. Was the repository introduced in WORKSPACE? The WORKSPACE file is disabled by default in Bazel 8 (late 2024) and will be removed in Bazel 9 (late 2025), please migrate to Bzlmod. See https://bazel.build/external/migration and referenced by '//src/language:wstring'
ERROR: /data/h445xu/repo/bazel-repos/cloned_repos/alefore__edge/src/tests/BUILD:44:11: no such package '@@[unknown repo 'com_github_google_glog' requested from @@]//': The repository '@@[unknown repo 'com_github_google_glog' requested from @@]' could not be resolved: No repository visible as '@com_github_google_glog' from main repository. Was the repository introduced in WORKSPACE? The WORKSPACE file is disabled by default in Bazel 8 (late 2024) and will be removed in Bazel 9 (late 2025), please migrate to Bzlmod. See https://bazel.build/external/migration and referenced by '//src/tests:fuzz_testable'
ERROR: /data/h445xu/repo/bazel-repos/cloned_repos/alefore__edge/src/tests/BUILD:15:10: no such package '@@[unknown repo 'com_github_google_glog' requested from @@]//': The repository '@@[unknown repo 'com_github_google_glog' requested from @@]' could not be resolved: No repository visible as '@com_github_google_glog' from main repository. Was the repository introduced in WORKSPACE? The WORKSPACE file is disabled by default in Bazel 8 (late 2024) and will be removed in Bazel 9 (late 2025), please migrate to Bzlmod. See https://bazel.build/external/migration and referenced by '//src/tests:benchmarks_main'
ERROR: /data/h445xu/repo/bazel-repos/cloned_repos/alefore__edge/src/transformation/BUILD:20:11: no such target '//src:cursors': target 'cursors' not declared in package 'src' defined by /data/h445xu/repo/bazel-repos/cloned_repos/alefore__edge/src/BUILD and referenced by '//src/transformation:cursors'
ERROR: /data/h445xu/repo/bazel-repos/cloned_repos/alefore__edge/src/BUILD:368:11: no such target '//src/language/lazy_string:padding': target 'padding' not declared in package 'src/language/lazy_string' defined by /data/h445xu/repo/bazel-repos/cloned_repos/alefore__edge/src/language/lazy_string/BUILD and referenced by '//src:line_with_cursor'
ERROR: /data/h445xu/repo/bazel-repos/cloned_repos/alefore__edge/src/BUILD:764:11: no such package 'src/public': BUILD file not found in any of the following directories. Add a BUILD file to a directory to mark it as a package.
 - src/public and referenced by '//src:variables'
ERROR: /data/h445xu/repo/bazel-repos/cloned_repos/alefore__edge/src/BUILD:415:11: no such package 'src/public': BUILD file not found in any of the following directories. Add a BUILD file to a directory to mark it as a package.
 - src/public and referenced by '//src:modifiers'
ERROR: /data/h445xu/repo/bazel-repos/cloned_repos/alefore__edge/glog-0.4.0/bazel/example/BUILD:1:8: no such package '': BUILD file not found in any of the following directories. Add a BUILD file to a directory to mark it as a package.
 -  and referenced by '//glog-0.4.0/bazel/example:main'
ERROR: /data/h445xu/repo/bazel-repos/cloned_repos/alefore__edge/glog-0.4.0/bazel/example/BUILD:1:8: no such package '': BUILD file not found in any of the following directories. Add a BUILD file to a directory to mark it as a package.
 -  and referenced by '//glog-0.4.0/bazel/example:main'
ERROR: /data/h445xu/repo/bazel-repos/cloned_repos/alefore__edge/glog-0.4.0/BUILD:5:13: no such package '@@[unknown repo 'com_github_gflags_gflags' requested from @@]//': The repository '@@[unknown repo 'com_github_gflags_gflags' requested from @@]' could not be resolved: No repository visible as '@com_github_gflags_gflags' from main repository. Was the repository introduced in WORKSPACE? The WORKSPACE file is disabled by default in Bazel 8 (late 2024) and will be removed in Bazel 9 (late 2025), please migrate to Bzlmod. See https://bazel.build/external/migration and referenced by '//glog-0.4.0:glog'
ERROR: /data/h445xu/repo/bazel-repos/cloned_repos/alefore__edge/src/language/BUILD:122:11: no such package '@@[unknown repo 'glog' requested from @@]//': The repository '@@[unknown repo 'glog' requested from @@]' could not be resolved: No repository visible as '@glog' from main repository. Was the repository introduced in WORKSPACE? The WORKSPACE file is disabled by default in Bazel 8 (late 2024) and will be removed in Bazel 9 (late 2025), please migrate to Bzlmod. See https://bazel.build/external/migration and referenced by '//src/language:wstring'
ERROR: /data/h445xu/repo/bazel-repos/cloned_repos/alefore__edge/src/tests/BUILD:44:11: no such package '@@[unknown repo 'com_github_google_glog' requested from @@]//': The repository '@@[unknown repo 'com_github_google_glog' requested from @@]' could not be resolved: No repository visible as '@com_github_google_glog' from main repository. Was the repository introduced in WORKSPACE? The WORKSPACE file is disabled by default in Bazel 8 (late 2024) and will be removed in Bazel 9 (late 2025), please migrate to Bzlmod. See https://bazel.build/external/migration and referenced by '//src/tests:fuzz_testable'
ERROR: /data/h445xu/repo/bazel-repos/cloned_repos/alefore__edge/src/tests/BUILD:15:10: no such package '@@[unknown repo 'com_github_google_glog' requested from @@]//': The repository '@@[unknown repo 'com_github_google_glog' requested from @@]' could not be resolved: No repository visible as '@com_github_google_glog' from main repository. Was the repository introduced in WORKSPACE? The WORKSPACE file is disabled by default in Bazel 8 (late 2024) and will be removed in Bazel 9 (late 2025), please migrate to Bzlmod. See https://bazel.build/external/migration and referenced by '//src/tests:benchmarks_main'
ERROR: /data/h445xu/repo/bazel-repos/cloned_repos/alefore__edge/src/transformation/BUILD:20:11: no such target '//src:cursors': target 'cursors' not declared in package 'src' defined by /data/h445xu/repo/bazel-repos/cloned_repos/alefore__edge/src/BUILD and referenced by '//src/transformation:cursors'
ERROR: /data/h445xu/repo/bazel-repos/cloned_repos/alefore__edge/src/BUILD:415:11: no such package 'src/public': BUILD file not found in any of the following directories. Add a BUILD file to a directory to mark it as a package.
 - src/public and referenced by '//src:modifiers'
ERROR: /data/h445xu/repo/bazel-repos/cloned_repos/alefore__edge/src/BUILD:415:11: no such package 'src/public': BUILD file not found in any of the following directories. Add a BUILD file to a directory to mark it as a package.
 - src/public and referenced by '//src:modifiers'
ERROR: /data/h445xu/repo/bazel-repos/cloned_repos/alefore__edge/src/BUILD:764:11: no such package 'src/public': BUILD file not found in any of the following directories. Add a BUILD file to a directory to mark it as a package.
 - src/public and referenced by '//src:variables'
ERROR: /data/h445xu/repo/bazel-repos/cloned_repos/alefore__edge/src/BUILD:71:11: no such package 'src/public': BUILD file not found in any of the following directories. Add a BUILD file to a directory to mark it as a package.
 - src/public and referenced by '//src:buffer'
ERROR: /data/h445xu/repo/bazel-repos/cloned_repos/alefore__edge/src/BUILD:71:11: no such package 'src/public': BUILD file not found in any of the following directories. Add a BUILD file to a directory to mark it as a package.
 - src/public and referenced by '//src:buffer'
ERROR: /data/h445xu/repo/bazel-repos/cloned_repos/alefore__edge/src/BUILD:71:11: no such package 'src/public': BUILD file not found in any of the following directories. Add a BUILD file to a directory to mark it as a package.
 - src/public and referenced by '//src:buffer'
ERROR: /data/h445xu/repo/bazel-repos/cloned_repos/alefore__edge/src/BUILD:368:11: no such target '//src/language/lazy_string:padding': target 'padding' not declared in package 'src/language/lazy_string' defined by /data/h445xu/repo/bazel-repos/cloned_repos/alefore__edge/src/language/lazy_string/BUILD and referenced by '//src:line_with_cursor'
ERROR: Evaluation of query "deps(//...)" failed: errors were encountered while computing transitive closure
WARNING: --keep_going specified, ignoring errors. Results may be inaccurate
Read 0 lines from bazel query output...
Read 1000 lines from bazel query output...
Read 2000 lines from bazel query output...
Read 3000 lines from bazel query output...
Read 4000 lines from bazel query output...
Read 5000 lines from bazel query output...

thread 'main' panicked at depstat/src/main.rs:24:52:
called `Result::unwrap()` on an `Err` value: "Cannot create an edge from a node to itself"
note: run with `RUST_BACKTRACE=1` environment variable to display a backtrace
