Starting local Bazel server and connecting to it...
 checking cached actions
 checking cached actions
 checking cached actions
 checking cached actions
 checking cached actions
 checking cached actions
 checking cached actions
 checking cached actions
 checking cached actions
 checking cached actions
 checking cached actions
 checking cached actions
 checking cached actions
 checking cached actions
 checking cached actions
Loading: 0 packages loaded
Loading: 4 packages loaded
    currently loading:  ... (59 packages)
Loading: 6 packages loaded
    currently loading:  ... (338 packages)
Loading: 19 packages loaded
    currently loading:  ... (331 packages)
Loading: 161 packages loaded
    currently loading:  ... (189 packages)
Loading: 349 packages loaded
    currently loading: 
Loading: 350 packages loaded
    currently loading: @aspect_bazel_lib//lib ... (6 packages)
Loading: 392 packages loaded
    currently loading: @rules_browsers//src/browsers/firefox ... (7 packages)
Loading: 402 packages loaded
    currently loading: @rules_browsers//src/browsers/firefox ... (6 packages)
Loading: 420 packages loaded
    currently loading: @rules_browsers//src/browsers/firefox ... (4 packages)
Loading: 439 packages loaded
    currently loading: @rules_browsers//src/browsers/firefox
Loading: 457 packages loaded
    currently loading: @rules_browsers//src/browsers/firefox
Loading: 504 packages loaded
    currently loading: @rules_browsers//src/browsers/firefox
Loading: 535 packages loaded
    currently loading: @rules_browsers//src/browsers/firefox
Loading: 586 packages loaded
    currently loading: @rules_browsers//src/browsers/firefox
Loading: 613 packages loaded
    currently loading: @rules_browsers//src/browsers/firefox
Loading: 659 packages loaded
    currently loading: @rules_browsers//src/browsers/firefox
Loading: 699 packages loaded
    currently loading: @rules_browsers//src/browsers/firefox
Loading: 727 packages loaded
    currently loading: @rules_browsers//src/browsers/firefox
Loading: 770 packages loaded
    currently loading: @rules_browsers//src/browsers/firefox
Loading: 813 packages loaded
    currently loading: @rules_browsers//src/browsers/firefox
Loading: 849 packages loaded
    currently loading: @rules_browsers//src/browsers/firefox
Loading: 867 packages loaded
    currently loading: @rules_browsers//src/browsers/firefox
Loading: 912 packages loaded
    currently loading: @rules_browsers//src/browsers/firefox
Loading: 925 packages loaded
    currently loading: @rules_browsers//src/browsers/firefox
Loading: 947 packages loaded
    currently loading: @rules_browsers//src/browsers/firefox
Loading: 1023 packages loaded
    currently loading: @rules_browsers//src/browsers/firefox
Loading: 1040 packages loaded
    currently loading: @rules_browsers//src/browsers/firefox
Loading: 1064 packages loaded
    currently loading: @rules_browsers//src/browsers/firefox
Loading: 1109 packages loaded
    currently loading: @rules_browsers//src/browsers/firefox
Loading: 1153 packages loaded
    currently loading: @rules_browsers//src/browsers/firefox
Loading: 1190 packages loaded
Loading: 1218 packages loaded
Loading: 1247 packages loaded
INFO: Repository rules_browsers_firefox_mac_arm instantiated at:
  /data/h445xu/repo/bazel-repos/cloned_repos/angular__components/WORKSPACE:254:23: in <toplevel>
  /data/h445xu/.cache/bazel/_bazel_hongxu/e5a760faa40717d855f45a5e8b469748/external/rules_browsers/setup/step_1.bzl:17:32: in rules_browsers_setup_1
  /data/h445xu/.cache/bazel/_bazel_hongxu/e5a760faa40717d855f45a5e8b469748/external/rules_browsers/src/browsers/repositories.bzl:12:32: in rules_browsers_repositories
  /data/h445xu/.cache/bazel/_bazel_hongxu/e5a760faa40717d855f45a5e8b469748/external/rules_browsers/src/browsers/firefox/firefox.bzl:31:15: in define_firefox_repositories
Repository rule browser_repo defined at:
  /data/h445xu/.cache/bazel/_bazel_hongxu/e5a760faa40717d855f45a5e8b469748/external/rules_browsers/src/browsers/private/browser_repo.bzl:81:31: in <toplevel>
WARNING: Download from https://archive.mozilla.org/pub/firefox/releases/135.0/mac/en-US/Firefox%20135.0.dmg failed: class com.google.devtools.build.lib.bazel.repository.downloader.UnrecoverableHttpException Checksum was e55e24e6b2a4980f4b9091900835977b282f599dcdd5e38b753d95bad8a11da9 but wanted 77f1098dcff6410aca644d729171329c74b1b2d7e525e3873bb9d21eaf8865c6
ERROR: An error occurred during the fetch of repository 'rules_browsers_firefox_mac_arm':
   Traceback (most recent call last):
	File "/data/h445xu/.cache/bazel/_bazel_hongxu/e5a760faa40717d855f45a5e8b469748/external/rules_browsers/src/browsers/private/browser_repo.bzl", line 13, column 21, in _browser_repo_impl
		ctx.download(urls, download_file_name, sha256)
Error in download: java.io.IOException: Error downloading [https://archive.mozilla.org/pub/firefox/releases/135.0/mac/en-US/Firefox%20135.0.dmg] to /data/h445xu/.cache/bazel/_bazel_hongxu/e5a760faa40717d855f45a5e8b469748/external/rules_browsers_firefox_mac_arm/_download_file_rules_browsers_firefox_mac_arm.dmg: Checksum was e55e24e6b2a4980f4b9091900835977b282f599dcdd5e38b753d95bad8a11da9 but wanted 77f1098dcff6410aca644d729171329c74b1b2d7e525e3873bb9d21eaf8865c6
ERROR: /data/h445xu/repo/bazel-repos/cloned_repos/angular__components/WORKSPACE:254:23: fetching browser_repo rule //external:rules_browsers_firefox_mac_arm: Traceback (most recent call last):
	File "/data/h445xu/.cache/bazel/_bazel_hongxu/e5a760faa40717d855f45a5e8b469748/external/rules_browsers/src/browsers/private/browser_repo.bzl", line 13, column 21, in _browser_repo_impl
		ctx.download(urls, download_file_name, sha256)
Error in download: java.io.IOException: Error downloading [https://archive.mozilla.org/pub/firefox/releases/135.0/mac/en-US/Firefox%20135.0.dmg] to /data/h445xu/.cache/bazel/_bazel_hongxu/e5a760faa40717d855f45a5e8b469748/external/rules_browsers_firefox_mac_arm/_download_file_rules_browsers_firefox_mac_arm.dmg: Checksum was e55e24e6b2a4980f4b9091900835977b282f599dcdd5e38b753d95bad8a11da9 but wanted 77f1098dcff6410aca644d729171329c74b1b2d7e525e3873bb9d21eaf8865c6
Loading: 1273 packages loaded
Loading: 1293 packages loaded
Loading: 1336 packages loaded
INFO: Repository rules_browsers_firefox_mac instantiated at:
  /data/h445xu/repo/bazel-repos/cloned_repos/angular__components/WORKSPACE:254:23: in <toplevel>
  /data/h445xu/.cache/bazel/_bazel_hongxu/e5a760faa40717d855f45a5e8b469748/external/rules_browsers/setup/step_1.bzl:17:32: in rules_browsers_setup_1
  /data/h445xu/.cache/bazel/_bazel_hongxu/e5a760faa40717d855f45a5e8b469748/external/rules_browsers/src/browsers/repositories.bzl:12:32: in rules_browsers_repositories
  /data/h445xu/.cache/bazel/_bazel_hongxu/e5a760faa40717d855f45a5e8b469748/external/rules_browsers/src/browsers/firefox/firefox.bzl:20:15: in define_firefox_repositories
Repository rule browser_repo defined at:
  /data/h445xu/.cache/bazel/_bazel_hongxu/e5a760faa40717d855f45a5e8b469748/external/rules_browsers/src/browsers/private/browser_repo.bzl:81:31: in <toplevel>
ERROR: An error occurred during the fetch of repository 'rules_browsers_firefox_mac':
   Traceback (most recent call last):
	File "/data/h445xu/.cache/bazel/_bazel_hongxu/e5a760faa40717d855f45a5e8b469748/external/rules_browsers/src/browsers/private/browser_repo.bzl", line 13, column 21, in _browser_repo_impl
		ctx.download(urls, download_file_name, sha256)
Error in download: java.io.IOException: Error downloading [https://archive.mozilla.org/pub/firefox/releases/135.0/mac/en-US/Firefox%20135.0.dmg] to /data/h445xu/.cache/bazel/_bazel_hongxu/e5a760faa40717d855f45a5e8b469748/external/rules_browsers_firefox_mac/_download_file_rules_browsers_firefox_mac.dmg: Checksum was e55e24e6b2a4980f4b9091900835977b282f599dcdd5e38b753d95bad8a11da9 but wanted 77f1098dcff6410aca644d729171329c74b1b2d7e525e3873bb9d21eaf8865c6
ERROR: /data/h445xu/repo/bazel-repos/cloned_repos/angular__components/WORKSPACE:254:23: fetching browser_repo rule //external:rules_browsers_firefox_mac: Traceback (most recent call last):
	File "/data/h445xu/.cache/bazel/_bazel_hongxu/e5a760faa40717d855f45a5e8b469748/external/rules_browsers/src/browsers/private/browser_repo.bzl", line 13, column 21, in _browser_repo_impl
		ctx.download(urls, download_file_name, sha256)
Error in download: java.io.IOException: Error downloading [https://archive.mozilla.org/pub/firefox/releases/135.0/mac/en-US/Firefox%20135.0.dmg] to /data/h445xu/.cache/bazel/_bazel_hongxu/e5a760faa40717d855f45a5e8b469748/external/rules_browsers_firefox_mac/_download_file_rules_browsers_firefox_mac.dmg: Checksum was e55e24e6b2a4980f4b9091900835977b282f599dcdd5e38b753d95bad8a11da9 but wanted 77f1098dcff6410aca644d729171329c74b1b2d7e525e3873bb9d21eaf8865c6
Loading: 1380 packages loaded
Loading: 1417 packages loaded
Loading: 1459 packages loaded
Loading: 1497 packages loaded
    currently loading: @npm__estraverse__4.3.0//
Loading: 1548 packages loaded
Loading: 1579 packages loaded
Loading: 1644 packages loaded
Loading: 1675 packages loaded
Loading: 1700 packages loaded
Loading: 1743 packages loaded
Loading: 1775 packages loaded
Loading: 1808 packages loaded
    currently loading: @npm__is-fullwidth-code-point__4.0.0//
ERROR: /data/h445xu/.cache/bazel/_bazel_hongxu/e5a760faa40717d855f45a5e8b469748/external/rules_browsers/src/browsers/firefox/BUILD.bazel:6:14: no such package '@rules_browsers_firefox_mac//': java.io.IOException: Error downloading [https://archive.mozilla.org/pub/firefox/releases/135.0/mac/en-US/Firefox%20135.0.dmg] to /data/h445xu/.cache/bazel/_bazel_hongxu/e5a760faa40717d855f45a5e8b469748/external/rules_browsers_firefox_mac/_download_file_rules_browsers_firefox_mac.dmg: Checksum was e55e24e6b2a4980f4b9091900835977b282f599dcdd5e38b753d95bad8a11da9 but wanted 77f1098dcff6410aca644d729171329c74b1b2d7e525e3873bb9d21eaf8865c6 and referenced by '@rules_browsers//src/browsers/firefox:firefox'
ERROR: /data/h445xu/.cache/bazel/_bazel_hongxu/e5a760faa40717d855f45a5e8b469748/external/rules_browsers/src/browsers/firefox/BUILD.bazel:6:14: no such package '@rules_browsers_firefox_mac_arm//': java.io.IOException: Error downloading [https://archive.mozilla.org/pub/firefox/releases/135.0/mac/en-US/Firefox%20135.0.dmg] to /data/h445xu/.cache/bazel/_bazel_hongxu/e5a760faa40717d855f45a5e8b469748/external/rules_browsers_firefox_mac_arm/_download_file_rules_browsers_firefox_mac_arm.dmg: Checksum was e55e24e6b2a4980f4b9091900835977b282f599dcdd5e38b753d95bad8a11da9 but wanted 77f1098dcff6410aca644d729171329c74b1b2d7e525e3873bb9d21eaf8865c6 and referenced by '@rules_browsers//src/browsers/firefox:firefox'
Loading: 1844 packages loaded
    currently loading: @npm__is-fullwidth-code-point__4.0.0// ... (2 packages)
Loading: 1873 packages loaded
    currently loading: @npm__is-fullwidth-code-point__4.0.0// ... (2 packages)
Loading: 1902 packages loaded
    currently loading: @npm__is-fullwidth-code-point__4.0.0// ... (2 packages)
Loading: 1951 packages loaded
Loading: 1978 packages loaded
Loading: 2021 packages loaded
Loading: 2073 packages loaded
Loading: 2126 packages loaded
Loading: 2168 packages loaded
Loading: 2207 packages loaded
Loading: 2232 packages loaded
Loading: 2273 packages loaded
Loading: 2305 packages loaded
Loading: 2350 packages loaded
Loading: 2389 packages loaded
Loading: 2429 packages loaded
Loading: 2465 packages loaded
Loading: 2522 packages loaded
Loading: 2564 packages loaded
Loading: 2604 packages loaded
Loading: 2633 packages loaded
Loading: 2661 packages loaded
Loading: 2724 packages loaded
    currently loading: @npm__wsl-utils__0.1.0//
Loading: 2765 packages loaded
Loading: 2796 packages loaded
Loading: 2825 packages loaded
Loading: 2853 packages loaded
Loading: 2911 packages loaded
Loading: 2963 packages loaded
Loading: 3001 packages loaded
Loading: 3030 packages loaded
Loading: 3059 packages loaded
ERROR: /data/h445xu/.cache/bazel/_bazel_hongxu/e5a760faa40717d855f45a5e8b469748/external/rules_browsers/src/browsers/firefox/BUILD.bazel:6:14: no such package '@rules_browsers_firefox_mac_arm//': java.io.IOException: Error downloading [https://archive.mozilla.org/pub/firefox/releases/135.0/mac/en-US/Firefox%20135.0.dmg] to /data/h445xu/.cache/bazel/_bazel_hongxu/e5a760faa40717d855f45a5e8b469748/external/rules_browsers_firefox_mac_arm/_download_file_rules_browsers_firefox_mac_arm.dmg: Checksum was e55e24e6b2a4980f4b9091900835977b282f599dcdd5e38b753d95bad8a11da9 but wanted 77f1098dcff6410aca644d729171329c74b1b2d7e525e3873bb9d21eaf8865c6 and referenced by '@rules_browsers//src/browsers/firefox:firefox'
ERROR: /data/h445xu/.cache/bazel/_bazel_hongxu/e5a760faa40717d855f45a5e8b469748/external/rules_browsers/src/browsers/firefox/BUILD.bazel:6:14: no such package '@rules_browsers_firefox_mac//': java.io.IOException: Error downloading [https://archive.mozilla.org/pub/firefox/releases/135.0/mac/en-US/Firefox%20135.0.dmg] to /data/h445xu/.cache/bazel/_bazel_hongxu/e5a760faa40717d855f45a5e8b469748/external/rules_browsers_firefox_mac/_download_file_rules_browsers_firefox_mac.dmg: Checksum was e55e24e6b2a4980f4b9091900835977b282f599dcdd5e38b753d95bad8a11da9 but wanted 77f1098dcff6410aca644d729171329c74b1b2d7e525e3873bb9d21eaf8865c6 and referenced by '@rules_browsers//src/browsers/firefox:firefox'
Loading: 3154 packages loaded
ERROR: Evaluation of query "deps(//...)" failed: errors were encountered while computing transitive closure
WARNING: --keep_going specified, ignoring errors. Results may be inaccurate
Read 0 lines from bazel query output...
Read 1000 lines from bazel query output...
Read 2000 lines from bazel query output...
Read 3000 lines from bazel query output...
Read 4000 lines from bazel query output...
Read 5000 lines from bazel query output...
Read 6000 lines from bazel query output...
Read 7000 lines from bazel query output...
Read 8000 lines from bazel query output...
Read 9000 lines from bazel query output...
Read 10000 lines from bazel query output...
Read 11000 lines from bazel query output...
Read 12000 lines from bazel query output...
Read 13000 lines from bazel query output...
Read 14000 lines from bazel query output...
Read 15000 lines from bazel query output...
Read 16000 lines from bazel query output...
Read 17000 lines from bazel query output...
Read 18000 lines from bazel query output...
Read 19000 lines from bazel query output...
Read 20000 lines from bazel query output...
Read 21000 lines from bazel query output...
Read 22000 lines from bazel query output...
Read 23000 lines from bazel query output...
Read 24000 lines from bazel query output...
Read 25000 lines from bazel query output...
Read 26000 lines from bazel query output...
Read 27000 lines from bazel query output...
Read 28000 lines from bazel query output...
Read 29000 lines from bazel query output...
Read 30000 lines from bazel query output...
Read 31000 lines from bazel query output...
Read 32000 lines from bazel query output...
Read 33000 lines from bazel query output...
Read 34000 lines from bazel query output...
Read 35000 lines from bazel query output...
Read 36000 lines from bazel query output...
Read 37000 lines from bazel query output...
Read 38000 lines from bazel query output...
Read 39000 lines from bazel query output...
Read 40000 lines from bazel query output...
Read 41000 lines from bazel query output...
Read 42000 lines from bazel query output...
Read 43000 lines from bazel query output...
Read 44000 lines from bazel query output...
Read 45000 lines from bazel query output...
Read 46000 lines from bazel query output...
Read 47000 lines from bazel query output...
Read 48000 lines from bazel query output...
Read 49000 lines from bazel query output...
Read 50000 lines from bazel query output...
Read 51000 lines from bazel query output...
Read 52000 lines from bazel query output...
Read 53000 lines from bazel query output...
Read 54000 lines from bazel query output...
Read 55000 lines from bazel query output...
Read 56000 lines from bazel query output...
Read 57000 lines from bazel query output...
Read 58000 lines from bazel query output...
Read 59000 lines from bazel query output...
Read 60000 lines from bazel query output...
Read 61000 lines from bazel query output...
Read 62000 lines from bazel query output...
Read 63000 lines from bazel query output...
Read 64000 lines from bazel query output...
Read 65000 lines from bazel query output...
Read 66000 lines from bazel query output...
Read 67000 lines from bazel query output...
Read 68000 lines from bazel query output...
Read 69000 lines from bazel query output...
Read 70000 lines from bazel query output...
Read 71000 lines from bazel query output...
Read 72000 lines from bazel query output...
Read 73000 lines from bazel query output...
Read 74000 lines from bazel query output...
Read 75000 lines from bazel query output...
Read 76000 lines from bazel query output...
Read 77000 lines from bazel query output...
Read 78000 lines from bazel query output...
Read 79000 lines from bazel query output...
Read 80000 lines from bazel query output...
Read 81000 lines from bazel query output...
Read 82000 lines from bazel query output...
Read 83000 lines from bazel query output...
Read 84000 lines from bazel query output...
Read 85000 lines from bazel query output...
Read 86000 lines from bazel query output...
Read 87000 lines from bazel query output...
Read 88000 lines from bazel query output...
Read 89000 lines from bazel query output...
Read 90000 lines from bazel query output...
Read 91000 lines from bazel query output...
Read 92000 lines from bazel query output...
Read 93000 lines from bazel query output...
Read 94000 lines from bazel query output...
Read 95000 lines from bazel query output...
Read 96000 lines from bazel query output...
Read 97000 lines from bazel query output...
Read 98000 lines from bazel query output...
Read 99000 lines from bazel query output...
Read 100000 lines from bazel query output...
Read 101000 lines from bazel query output...
Read 102000 lines from bazel query output...
Read 103000 lines from bazel query output...
Read 104000 lines from bazel query output...
Read 105000 lines from bazel query output...
Read 106000 lines from bazel query output...
Read 107000 lines from bazel query output...
Read 108000 lines from bazel query output...
Read 109000 lines from bazel query output...
Read 110000 lines from bazel query output...
Read 111000 lines from bazel query output...
Read 112000 lines from bazel query output...
Read 113000 lines from bazel query output...
Read 114000 lines from bazel query output...
Read 115000 lines from bazel query output...
Read 116000 lines from bazel query output...
Read 117000 lines from bazel query output...
Read 118000 lines from bazel query output...
Read 119000 lines from bazel query output...
Read 120000 lines from bazel query output...
Read 121000 lines from bazel query output...
Read 122000 lines from bazel query output...
Read 123000 lines from bazel query output...
Read 124000 lines from bazel query output...
Read 125000 lines from bazel query output...
Read 126000 lines from bazel query output...
Read 127000 lines from bazel query output...
Read 128000 lines from bazel query output...
Read 129000 lines from bazel query output...
Read 130000 lines from bazel query output...
Read 131000 lines from bazel query output...
Read 132000 lines from bazel query output...
Read 133000 lines from bazel query output...
Read 134000 lines from bazel query output...
Read 135000 lines from bazel query output...
Read 136000 lines from bazel query output...
Read 137000 lines from bazel query output...
Read 138000 lines from bazel query output...
Read 139000 lines from bazel query output...
Read 140000 lines from bazel query output...
Read 141000 lines from bazel query output...
Read 142000 lines from bazel query output...
Read 143000 lines from bazel query output...
Read 144000 lines from bazel query output...
Read 145000 lines from bazel query output...
Read 146000 lines from bazel query output...
Read 147000 lines from bazel query output...
Read 148000 lines from bazel query output...
Read 149000 lines from bazel query output...
Read 150000 lines from bazel query output...
Read 151000 lines from bazel query output...
Read 152000 lines from bazel query output...
Read 153000 lines from bazel query output...
Read 154000 lines from bazel query output...
Read 155000 lines from bazel query output...
Read 156000 lines from bazel query output...
Read 157000 lines from bazel query output...
Read 158000 lines from bazel query output...
Read 159000 lines from bazel query output...
Read 160000 lines from bazel query output...
Read 161000 lines from bazel query output...
Read 162000 lines from bazel query output...
Read 163000 lines from bazel query output...
Read 164000 lines from bazel query output...
Read 165000 lines from bazel query output...
Read 166000 lines from bazel query output...
Read 167000 lines from bazel query output...
Read 168000 lines from bazel query output...
Read 169000 lines from bazel query output...
Read 170000 lines from bazel query output...
Read 171000 lines from bazel query output...
Read 172000 lines from bazel query output...
Read 173000 lines from bazel query output...
Read 174000 lines from bazel query output...
Read 175000 lines from bazel query output...
Read 176000 lines from bazel query output...
Read 177000 lines from bazel query output...
Read 178000 lines from bazel query output...
Read 179000 lines from bazel query output...
Read 180000 lines from bazel query output...
Read 181000 lines from bazel query output...
Read 182000 lines from bazel query output...
Read 183000 lines from bazel query output...
Read 184000 lines from bazel query output...
Read 185000 lines from bazel query output...
Read 186000 lines from bazel query output...
Read 187000 lines from bazel query output...
Read 188000 lines from bazel query output...
Read 189000 lines from bazel query output...
Read 190000 lines from bazel query output...
Read 191000 lines from bazel query output...
Read 192000 lines from bazel query output...
Read 193000 lines from bazel query output...
Read 194000 lines from bazel query output...
Read 195000 lines from bazel query output...
Read 196000 lines from bazel query output...
Read 197000 lines from bazel query output...
Read 198000 lines from bazel query output...
Read 199000 lines from bazel query output...
Read 200000 lines from bazel query output...
Read 201000 lines from bazel query output...
Read 202000 lines from bazel query output...
Read 203000 lines from bazel query output...
Read 204000 lines from bazel query output...
Read 205000 lines from bazel query output...
Read 206000 lines from bazel query output...
Read 207000 lines from bazel query output...
Read 208000 lines from bazel query output...
Read 209000 lines from bazel query output...
Read 210000 lines from bazel query output...
Read 211000 lines from bazel query output...
Read 212000 lines from bazel query output...
Read 213000 lines from bazel query output...
Read 214000 lines from bazel query output...
Read 215000 lines from bazel query output...
Read 216000 lines from bazel query output...
Read 217000 lines from bazel query output...
Read 218000 lines from bazel query output...
Read 219000 lines from bazel query output...
Read 220000 lines from bazel query output...
Read 221000 lines from bazel query output...
Read 222000 lines from bazel query output...
Read 223000 lines from bazel query output...
Read 224000 lines from bazel query output...
Read 225000 lines from bazel query output...
Read 226000 lines from bazel query output...
Read 227000 lines from bazel query output...
Read 228000 lines from bazel query output...
Read 229000 lines from bazel query output...
Read 230000 lines from bazel query output...
Read 231000 lines from bazel query output...
Read 232000 lines from bazel query output...
Read 233000 lines from bazel query output...
Read 234000 lines from bazel query output...
Read 235000 lines from bazel query output...
Read 236000 lines from bazel query output...
Read 237000 lines from bazel query output...
Read 238000 lines from bazel query output...
Read 239000 lines from bazel query output...
Read 240000 lines from bazel query output...
Read 241000 lines from bazel query output...
Read 242000 lines from bazel query output...
Read 243000 lines from bazel query output...
Read 244000 lines from bazel query output...
Read 245000 lines from bazel query output...
Read 246000 lines from bazel query output...
Read 247000 lines from bazel query output...
Read 248000 lines from bazel query output...
Read 249000 lines from bazel query output...
Read 250000 lines from bazel query output...
Read 251000 lines from bazel query output...
Read 252000 lines from bazel query output...
Read 253000 lines from bazel query output...
Read 254000 lines from bazel query output...
Read 255000 lines from bazel query output...
Read 256000 lines from bazel query output...
Read 257000 lines from bazel query output...
Read 258000 lines from bazel query output...
Read 259000 lines from bazel query output...
Read 260000 lines from bazel query output...
Read 261000 lines from bazel query output...
Read 262000 lines from bazel query output...
Read 263000 lines from bazel query output...
Read 264000 lines from bazel query output...
Read 265000 lines from bazel query output...
Read 266000 lines from bazel query output...
Read 267000 lines from bazel query output...
Read 268000 lines from bazel query output...
Read 269000 lines from bazel query output...
Read 270000 lines from bazel query output...
Read 271000 lines from bazel query output...
Read 272000 lines from bazel query output...
Read 273000 lines from bazel query output...
Read 274000 lines from bazel query output...
Read 275000 lines from bazel query output...
Read 276000 lines from bazel query output...
Read 277000 lines from bazel query output...
Read 278000 lines from bazel query output...
Read 279000 lines from bazel query output...
Read 280000 lines from bazel query output...
Read 281000 lines from bazel query output...
Read 282000 lines from bazel query output...
Read 283000 lines from bazel query output...
Read 284000 lines from bazel query output...
Read 285000 lines from bazel query output...
Read 286000 lines from bazel query output...
Read 287000 lines from bazel query output...
Read 288000 lines from bazel query output...
Read 289000 lines from bazel query output...
Read 290000 lines from bazel query output...
Read 291000 lines from bazel query output...
Read 292000 lines from bazel query output...
Read 293000 lines from bazel query output...
Read 294000 lines from bazel query output...
Read 295000 lines from bazel query output...
Read 296000 lines from bazel query output...
Read 297000 lines from bazel query output...
Read 298000 lines from bazel query output...
Read 299000 lines from bazel query output...
Read 300000 lines from bazel query output...
Read 301000 lines from bazel query output...
Read 302000 lines from bazel query output...
Read 303000 lines from bazel query output...
Read 304000 lines from bazel query output...
Read 305000 lines from bazel query output...
Read 306000 lines from bazel query output...
Read 307000 lines from bazel query output...
Read 308000 lines from bazel query output...
Read 309000 lines from bazel query output...
Read 310000 lines from bazel query output...
Read 311000 lines from bazel query output...
Read 312000 lines from bazel query output...
Read 313000 lines from bazel query output...
Read 314000 lines from bazel query output...
Read 315000 lines from bazel query output...
Read 316000 lines from bazel query output...
Read 317000 lines from bazel query output...
Read 318000 lines from bazel query output...
Read 319000 lines from bazel query output...
Read 320000 lines from bazel query output...
Read 321000 lines from bazel query output...
Read 322000 lines from bazel query output...
Read 323000 lines from bazel query output...
Read 324000 lines from bazel query output...
Read 325000 lines from bazel query output...
Read 326000 lines from bazel query output...
Read 327000 lines from bazel query output...
Read 328000 lines from bazel query output...
Read 329000 lines from bazel query output...
Read 330000 lines from bazel query output...
Read 331000 lines from bazel query output...
Read 332000 lines from bazel query output...
Read 333000 lines from bazel query output...
Read 334000 lines from bazel query output...
Read 335000 lines from bazel query output...
Read 336000 lines from bazel query output...
Read 337000 lines from bazel query output...
Read 338000 lines from bazel query output...
Read 339000 lines from bazel query output...
Read 340000 lines from bazel query output...
Read 341000 lines from bazel query output...
Read 342000 lines from bazel query output...
Read 343000 lines from bazel query output...
Read 344000 lines from bazel query output...
Read 345000 lines from bazel query output...
Read 346000 lines from bazel query output...
Read 347000 lines from bazel query output...
Read 348000 lines from bazel query output...
Read 349000 lines from bazel query output...
Read 350000 lines from bazel query output...
Read 351000 lines from bazel query output...
Read 352000 lines from bazel query output...
Read 353000 lines from bazel query output...
Read 354000 lines from bazel query output...
Read 355000 lines from bazel query output...
Read 356000 lines from bazel query output...
Read 357000 lines from bazel query output...
Read 358000 lines from bazel query output...
Read 359000 lines from bazel query output...
Read 360000 lines from bazel query output...
Read 361000 lines from bazel query output...
Read 362000 lines from bazel query output...
Read 363000 lines from bazel query output...
Read 364000 lines from bazel query output...
Read 365000 lines from bazel query output...
Read 366000 lines from bazel query output...
Read 367000 lines from bazel query output...
Read 368000 lines from bazel query output...
Read 369000 lines from bazel query output...
Read 370000 lines from bazel query output...
Read 371000 lines from bazel query output...
Read 372000 lines from bazel query output...
Read 373000 lines from bazel query output...
Read 374000 lines from bazel query output...
Read 375000 lines from bazel query output...
Read 376000 lines from bazel query output...
Read 377000 lines from bazel query output...
Read 378000 lines from bazel query output...
Read 379000 lines from bazel query output...
Read 380000 lines from bazel query output...
Read 381000 lines from bazel query output...
Read 382000 lines from bazel query output...
Read 383000 lines from bazel query output...
Read 384000 lines from bazel query output...
Read 385000 lines from bazel query output...
Read 386000 lines from bazel query output...
Read 387000 lines from bazel query output...
Read 388000 lines from bazel query output...
Read 389000 lines from bazel query output...
Read 390000 lines from bazel query output...
Read 391000 lines from bazel query output...
Read 392000 lines from bazel query output...
Read 393000 lines from bazel query output...
Read 394000 lines from bazel query output...
Read 395000 lines from bazel query output...
Read 396000 lines from bazel query output...
Read 397000 lines from bazel query output...
Read 398000 lines from bazel query output...
Read 399000 lines from bazel query output...
Read 400000 lines from bazel query output...
Read 401000 lines from bazel query output...
Read 402000 lines from bazel query output...
Read 403000 lines from bazel query output...
Read 404000 lines from bazel query output...
Read 405000 lines from bazel query output...
Read 406000 lines from bazel query output...
Read 407000 lines from bazel query output...
Read 408000 lines from bazel query output...
Read 409000 lines from bazel query output...
Read 410000 lines from bazel query output...
Read 411000 lines from bazel query output...
Read 412000 lines from bazel query output...
Read 413000 lines from bazel query output...
Read 414000 lines from bazel query output...
Read 415000 lines from bazel query output...
Read 416000 lines from bazel query output...
Read 417000 lines from bazel query output...
Read 418000 lines from bazel query output...
Read 419000 lines from bazel query output...
Read 420000 lines from bazel query output...
Read 421000 lines from bazel query output...
Read 422000 lines from bazel query output...
Read 423000 lines from bazel query output...
Read 424000 lines from bazel query output...
Read 425000 lines from bazel query output...
Read 426000 lines from bazel query output...
Read 427000 lines from bazel query output...
Read 428000 lines from bazel query output...
Read 429000 lines from bazel query output...
Read 430000 lines from bazel query output...
Read 431000 lines from bazel query output...
Read 432000 lines from bazel query output...
Read 433000 lines from bazel query output...
Read 434000 lines from bazel query output...
Read 435000 lines from bazel query output...
Read 436000 lines from bazel query output...
Read 437000 lines from bazel query output...
Read 438000 lines from bazel query output...
Read 439000 lines from bazel query output...
Read 440000 lines from bazel query output...
Read 441000 lines from bazel query output...
Read 442000 lines from bazel query output...
Read 443000 lines from bazel query output...
Read 444000 lines from bazel query output...
Read 445000 lines from bazel query output...
Read 446000 lines from bazel query output...
Read 447000 lines from bazel query output...
Read 448000 lines from bazel query output...
Read 449000 lines from bazel query output...
Read 450000 lines from bazel query output...
Read 451000 lines from bazel query output...
Read 452000 lines from bazel query output...
Read 453000 lines from bazel query output...
Read 454000 lines from bazel query output...
Read 455000 lines from bazel query output...
Read 456000 lines from bazel query output...
Read 457000 lines from bazel query output...
Read 458000 lines from bazel query output...
Read 459000 lines from bazel query output...
Read 460000 lines from bazel query output...
Read 461000 lines from bazel query output...
Read 462000 lines from bazel query output...
Read 463000 lines from bazel query output...
Read 464000 lines from bazel query output...
Read 465000 lines from bazel query output...
Read 466000 lines from bazel query output...
Read 467000 lines from bazel query output...
Read 468000 lines from bazel query output...
Read 469000 lines from bazel query output...
Read 470000 lines from bazel query output...
Read 471000 lines from bazel query output...
Read 472000 lines from bazel query output...
Read 473000 lines from bazel query output...
Read 474000 lines from bazel query output...
Read 475000 lines from bazel query output...
Read 476000 lines from bazel query output...
Read 477000 lines from bazel query output...
Read 478000 lines from bazel query output...
Read 479000 lines from bazel query output...
Read 480000 lines from bazel query output...
Read 481000 lines from bazel query output...
Read 482000 lines from bazel query output...
Read 483000 lines from bazel query output...
Read 484000 lines from bazel query output...
Read 485000 lines from bazel query output...
Read 486000 lines from bazel query output...
Read 487000 lines from bazel query output...
Read 488000 lines from bazel query output...
Read 489000 lines from bazel query output...
Read 490000 lines from bazel query output...
Read 491000 lines from bazel query output...
Loading: 3154 packages loaded

thread 'main' panicked at depstat/src/main.rs:23:43:
called `Result::unwrap()` on an `Err` value: Custom("missing field `@name`")
note: run with `RUST_BACKTRACE=1` environment variable to display a backtrace
