Starting local Bazel server (8.3.1) and connecting to it...
 no actions running
WARNING: For repository 'com_google_absl', the root module requires module version abseil-cpp@20240722.0.bcr.2, but got abseil-cpp@20250127.1 in the resolved dependency graph. Please update the version in your MODULE.bazel or set --check_direct_dependencies=off
Loading: 0 packages loaded
Loading: 164 packages loaded
INFO: Repository +_repo_rules+flac instantiated at:
  <builtin>: in <toplevel>
Repository rule git_repository defined at:
  /data/h445xu/.cache/bazel/_bazel_hongxu/f566fbdbc2277091ac0f43c6293a4c29/external/bazel_tools/tools/build_defs/repo/git.bzl:208:33: in <toplevel>
ERROR: /data/h445xu/.cache/bazel/_bazel_hongxu/f566fbdbc2277091ac0f43c6293a4c29/external/bazel_tools/tools/build_defs/repo/utils.bzl:68:41: An error occurred during the fetch of repository '+_repo_rules+flac':
   Traceback (most recent call last):
	File "/data/h445xu/.cache/bazel/_bazel_hongxu/f566fbdbc2277091ac0f43c6293a4c29/external/bazel_tools/tools/build_defs/repo/git.bzl", line 198, column 28, in _git_repository_implementation
		workspace_and_buildfile(ctx)
	File "/data/h445xu/.cache/bazel/_bazel_hongxu/f566fbdbc2277091ac0f43c6293a4c29/external/bazel_tools/tools/build_defs/repo/utils.bzl", line 68, column 41, in workspace_and_buildfile
		ctx.file("BUILD.bazel", ctx.read(ctx.attr.build_file))
Error in read: Unable to load package for //external:flac.BUILD: BUILD file not found in any of the following directories. Add a BUILD file to a directory to mark it as a package.
 - external
ERROR: /data/h445xu/repo/bazel-repos/cloned_repos/AOMediaCodec__iamf-tools/iamf/cli/codec/BUILD:111:11: no such package '@@+_repo_rules+flac//': Unable to load package for //external:flac.BUILD: BUILD file not found in any of the following directories. Add a BUILD file to a directory to mark it as a package.
 - external and referenced by '//iamf/cli/codec:flac_decoder_stream_callbacks'
ERROR: /data/h445xu/repo/bazel-repos/cloned_repos/AOMediaCodec__iamf-tools/iamf/cli/codec/BUILD:94:11: no such package '@@+_repo_rules+flac//': Unable to load package for //external:flac.BUILD: BUILD file not found in any of the following directories. Add a BUILD file to a directory to mark it as a package.
 - external and referenced by '//iamf/cli/codec:flac_decoder'
INFO: Repository +_repo_rules+fdk_aac instantiated at:
  <builtin>: in <toplevel>
Repository rule git_repository defined at:
  /data/h445xu/.cache/bazel/_bazel_hongxu/f566fbdbc2277091ac0f43c6293a4c29/external/bazel_tools/tools/build_defs/repo/git.bzl:208:33: in <toplevel>
ERROR: /data/h445xu/.cache/bazel/_bazel_hongxu/f566fbdbc2277091ac0f43c6293a4c29/external/bazel_tools/tools/build_defs/repo/utils.bzl:68:41: An error occurred during the fetch of repository '+_repo_rules+fdk_aac':
   Traceback (most recent call last):
	File "/data/h445xu/.cache/bazel/_bazel_hongxu/f566fbdbc2277091ac0f43c6293a4c29/external/bazel_tools/tools/build_defs/repo/git.bzl", line 198, column 28, in _git_repository_implementation
		workspace_and_buildfile(ctx)
	File "/data/h445xu/.cache/bazel/_bazel_hongxu/f566fbdbc2277091ac0f43c6293a4c29/external/bazel_tools/tools/build_defs/repo/utils.bzl", line 68, column 41, in workspace_and_buildfile
		ctx.file("BUILD.bazel", ctx.read(ctx.attr.build_file))
Error in read: Unable to load package for //external:fdk_aac.BUILD: BUILD file not found in any of the following directories. Add a BUILD file to a directory to mark it as a package.
 - external
ERROR: /data/h445xu/repo/bazel-repos/cloned_repos/AOMediaCodec__iamf-tools/iamf/cli/codec/BUILD:60:11: no such package '@@+_repo_rules+fdk_aac//': Unable to load package for //external:fdk_aac.BUILD: BUILD file not found in any of the following directories. Add a BUILD file to a directory to mark it as a package.
 - external and referenced by '//iamf/cli/codec:aac_utils'
ERROR: /data/h445xu/repo/bazel-repos/cloned_repos/AOMediaCodec__iamf-tools/iamf/obu/decoder_config/BUILD:6:11: no such package '@@+_repo_rules+fdk_aac//': Unable to load package for //external:fdk_aac.BUILD: BUILD file not found in any of the following directories. Add a BUILD file to a directory to mark it as a package.
 - external and referenced by '//iamf/obu/decoder_config:aac_decoder_config'
ERROR: /data/h445xu/repo/bazel-repos/cloned_repos/AOMediaCodec__iamf-tools/iamf/cli/codec/BUILD:8:11: no such package '@@+_repo_rules+fdk_aac//': Unable to load package for //external:fdk_aac.BUILD: BUILD file not found in any of the following directories. Add a BUILD file to a directory to mark it as a package.
 - external and referenced by '//iamf/cli/codec:aac_decoder'
ERROR: /data/h445xu/repo/bazel-repos/cloned_repos/AOMediaCodec__iamf-tools/iamf/cli/codec/BUILD:36:11: no such package '@@+_repo_rules+fdk_aac//': Unable to load package for //external:fdk_aac.BUILD: BUILD file not found in any of the following directories. Add a BUILD file to a directory to mark it as a package.
 - external and referenced by '//iamf/cli/codec:aac_encoder'
ERROR: /data/h445xu/repo/bazel-repos/cloned_repos/AOMediaCodec__iamf-tools/iamf/cli/codec/BUILD:124:11: no such package '@@+_repo_rules+flac//': Unable to load package for //external:flac.BUILD: BUILD file not found in any of the following directories. Add a BUILD file to a directory to mark it as a package.
 - external and referenced by '//iamf/cli/codec:flac_encoder'
Loading: 164 packages loaded
INFO: Repository +_repo_rules+libexpat instantiated at:
  <builtin>: in <toplevel>
Repository rule git_repository defined at:
  /data/h445xu/.cache/bazel/_bazel_hongxu/f566fbdbc2277091ac0f43c6293a4c29/external/bazel_tools/tools/build_defs/repo/git.bzl:208:33: in <toplevel>
ERROR: /data/h445xu/.cache/bazel/_bazel_hongxu/f566fbdbc2277091ac0f43c6293a4c29/external/bazel_tools/tools/build_defs/repo/utils.bzl:68:41: An error occurred during the fetch of repository '+_repo_rules+libexpat':
   Traceback (most recent call last):
	File "/data/h445xu/.cache/bazel/_bazel_hongxu/f566fbdbc2277091ac0f43c6293a4c29/external/bazel_tools/tools/build_defs/repo/git.bzl", line 198, column 28, in _git_repository_implementation
		workspace_and_buildfile(ctx)
	File "/data/h445xu/.cache/bazel/_bazel_hongxu/f566fbdbc2277091ac0f43c6293a4c29/external/bazel_tools/tools/build_defs/repo/utils.bzl", line 68, column 41, in workspace_and_buildfile
		ctx.file("BUILD.bazel", ctx.read(ctx.attr.build_file))
Error in read: Unable to load package for //external:libexpat.BUILD: BUILD file not found in any of the following directories. Add a BUILD file to a directory to mark it as a package.
 - external
ERROR: /data/h445xu/repo/bazel-repos/cloned_repos/AOMediaCodec__iamf-tools/iamf/cli/adm_to_user_metadata/adm/BUILD:73:11: no such package '@@+_repo_rules+libexpat//': Unable to load package for //external:libexpat.BUILD: BUILD file not found in any of the following directories. Add a BUILD file to a directory to mark it as a package.
 - external and referenced by '//iamf/cli/adm_to_user_metadata/adm:xml_to_adm'
INFO: Repository +_repo_rules+libopus instantiated at:
  <builtin>: in <toplevel>
Repository rule git_repository defined at:
  /data/h445xu/.cache/bazel/_bazel_hongxu/f566fbdbc2277091ac0f43c6293a4c29/external/bazel_tools/tools/build_defs/repo/git.bzl:208:33: in <toplevel>
ERROR: /data/h445xu/.cache/bazel/_bazel_hongxu/f566fbdbc2277091ac0f43c6293a4c29/external/bazel_tools/tools/build_defs/repo/utils.bzl:68:41: An error occurred during the fetch of repository '+_repo_rules+libopus':
   Traceback (most recent call last):
	File "/data/h445xu/.cache/bazel/_bazel_hongxu/f566fbdbc2277091ac0f43c6293a4c29/external/bazel_tools/tools/build_defs/repo/git.bzl", line 198, column 28, in _git_repository_implementation
		workspace_and_buildfile(ctx)
	File "/data/h445xu/.cache/bazel/_bazel_hongxu/f566fbdbc2277091ac0f43c6293a4c29/external/bazel_tools/tools/build_defs/repo/utils.bzl", line 68, column 41, in workspace_and_buildfile
		ctx.file("BUILD.bazel", ctx.read(ctx.attr.build_file))
Error in read: Unable to load package for //external:libopus.BUILD: BUILD file not found in any of the following directories. Add a BUILD file to a directory to mark it as a package.
 - external
ERROR: /data/h445xu/repo/bazel-repos/cloned_repos/AOMediaCodec__iamf-tools/iamf/cli/codec/BUILD:233:11: no such package '@@+_repo_rules+libopus//': Unable to load package for //external:libopus.BUILD: BUILD file not found in any of the following directories. Add a BUILD file to a directory to mark it as a package.
 - external and referenced by '//iamf/cli/codec:opus_utils'
ERROR: /data/h445xu/repo/bazel-repos/cloned_repos/AOMediaCodec__iamf-tools/iamf/cli/codec/BUILD:184:11: no such package '@@+_repo_rules+libopus//': Unable to load package for //external:libopus.BUILD: BUILD file not found in any of the following directories. Add a BUILD file to a directory to mark it as a package.
 - external and referenced by '//iamf/cli/codec:opus_decoder'
ERROR: /data/h445xu/repo/bazel-repos/cloned_repos/AOMediaCodec__iamf-tools/iamf/cli/codec/BUILD:208:11: no such package '@@+_repo_rules+libopus//': Unable to load package for //external:libopus.BUILD: BUILD file not found in any of the following directories. Add a BUILD file to a directory to mark it as a package.
 - external and referenced by '//iamf/cli/codec:opus_encoder'
ERROR: /data/h445xu/repo/bazel-repos/cloned_repos/AOMediaCodec__iamf-tools/iamf/cli/codec/tests/BUILD:80:8: no such package '@@+_repo_rules+flac//': Unable to load package for //external:flac.BUILD: BUILD file not found in any of the following directories. Add a BUILD file to a directory to mark it as a package.
 - external and referenced by '//iamf/cli/codec/tests:flac_decoder_stream_callbacks_test'
ERROR: /data/h445xu/repo/bazel-repos/cloned_repos/AOMediaCodec__iamf-tools/iamf/cli/codec/BUILD:8:11: no such package '@@+_repo_rules+fdk_aac//': Unable to load package for //external:fdk_aac.BUILD: BUILD file not found in any of the following directories. Add a BUILD file to a directory to mark it as a package.
 - external and referenced by '//iamf/cli/codec:aac_decoder'
ERROR: /data/h445xu/repo/bazel-repos/cloned_repos/AOMediaCodec__iamf-tools/iamf/obu/decoder_config/BUILD:6:11: no such package '@@+_repo_rules+fdk_aac//': Unable to load package for //external:fdk_aac.BUILD: BUILD file not found in any of the following directories. Add a BUILD file to a directory to mark it as a package.
 - external and referenced by '//iamf/obu/decoder_config:aac_decoder_config'
ERROR: /data/h445xu/repo/bazel-repos/cloned_repos/AOMediaCodec__iamf-tools/iamf/cli/codec/BUILD:94:11: no such package '@@+_repo_rules+flac//': Unable to load package for //external:flac.BUILD: BUILD file not found in any of the following directories. Add a BUILD file to a directory to mark it as a package.
 - external and referenced by '//iamf/cli/codec:flac_decoder'
ERROR: /data/h445xu/repo/bazel-repos/cloned_repos/AOMediaCodec__iamf-tools/iamf/cli/codec/BUILD:124:11: no such package '@@+_repo_rules+flac//': Unable to load package for //external:flac.BUILD: BUILD file not found in any of the following directories. Add a BUILD file to a directory to mark it as a package.
 - external and referenced by '//iamf/cli/codec:flac_encoder'
ERROR: /data/h445xu/repo/bazel-repos/cloned_repos/AOMediaCodec__iamf-tools/iamf/cli/codec/BUILD:36:11: no such package '@@+_repo_rules+fdk_aac//': Unable to load package for //external:fdk_aac.BUILD: BUILD file not found in any of the following directories. Add a BUILD file to a directory to mark it as a package.
 - external and referenced by '//iamf/cli/codec:aac_encoder'
ERROR: /data/h445xu/repo/bazel-repos/cloned_repos/AOMediaCodec__iamf-tools/iamf/cli/codec/BUILD:111:11: no such package '@@+_repo_rules+flac//': Unable to load package for //external:flac.BUILD: BUILD file not found in any of the following directories. Add a BUILD file to a directory to mark it as a package.
 - external and referenced by '//iamf/cli/codec:flac_decoder_stream_callbacks'
ERROR: /data/h445xu/repo/bazel-repos/cloned_repos/AOMediaCodec__iamf-tools/iamf/cli/codec/BUILD:36:11: no such package '@@+_repo_rules+fdk_aac//': Unable to load package for //external:fdk_aac.BUILD: BUILD file not found in any of the following directories. Add a BUILD file to a directory to mark it as a package.
 - external and referenced by '//iamf/cli/codec:aac_encoder'
ERROR: /data/h445xu/repo/bazel-repos/cloned_repos/AOMediaCodec__iamf-tools/iamf/cli/codec/BUILD:208:11: no such package '@@+_repo_rules+libopus//': Unable to load package for //external:libopus.BUILD: BUILD file not found in any of the following directories. Add a BUILD file to a directory to mark it as a package.
 - external and referenced by '//iamf/cli/codec:opus_encoder'
ERROR: /data/h445xu/repo/bazel-repos/cloned_repos/AOMediaCodec__iamf-tools/iamf/cli/codec/BUILD:233:11: no such package '@@+_repo_rules+libopus//': Unable to load package for //external:libopus.BUILD: BUILD file not found in any of the following directories. Add a BUILD file to a directory to mark it as a package.
 - external and referenced by '//iamf/cli/codec:opus_utils'
ERROR: /data/h445xu/repo/bazel-repos/cloned_repos/AOMediaCodec__iamf-tools/iamf/cli/adm_to_user_metadata/adm/BUILD:73:11: no such package '@@+_repo_rules+libexpat//': Unable to load package for //external:libexpat.BUILD: BUILD file not found in any of the following directories. Add a BUILD file to a directory to mark it as a package.
 - external and referenced by '//iamf/cli/adm_to_user_metadata/adm:xml_to_adm'
ERROR: /data/h445xu/repo/bazel-repos/cloned_repos/AOMediaCodec__iamf-tools/iamf/cli/codec/BUILD:8:11: no such package '@@+_repo_rules+fdk_aac//': Unable to load package for //external:fdk_aac.BUILD: BUILD file not found in any of the following directories. Add a BUILD file to a directory to mark it as a package.
 - external and referenced by '//iamf/cli/codec:aac_decoder'
ERROR: /data/h445xu/repo/bazel-repos/cloned_repos/AOMediaCodec__iamf-tools/iamf/cli/codec/BUILD:184:11: no such package '@@+_repo_rules+libopus//': Unable to load package for //external:libopus.BUILD: BUILD file not found in any of the following directories. Add a BUILD file to a directory to mark it as a package.
 - external and referenced by '//iamf/cli/codec:opus_decoder'
ERROR: /data/h445xu/repo/bazel-repos/cloned_repos/AOMediaCodec__iamf-tools/iamf/cli/codec/BUILD:60:11: no such package '@@+_repo_rules+fdk_aac//': Unable to load package for //external:fdk_aac.BUILD: BUILD file not found in any of the following directories. Add a BUILD file to a directory to mark it as a package.
 - external and referenced by '//iamf/cli/codec:aac_utils'
ERROR: /data/h445xu/repo/bazel-repos/cloned_repos/AOMediaCodec__iamf-tools/iamf/cli/codec/tests/BUILD:80:8: no such package '@@+_repo_rules+flac//': Unable to load package for //external:flac.BUILD: BUILD file not found in any of the following directories. Add a BUILD file to a directory to mark it as a package.
 - external and referenced by '//iamf/cli/codec/tests:flac_decoder_stream_callbacks_test'
ERROR: Evaluation of query "deps(//...)" failed: errors were encountered while computing transitive closure
WARNING: --keep_going specified, ignoring errors. Results may be inaccurate
Loading: 164 packages loaded
Read 0 lines from bazel query output...
Read 1000 lines from bazel query output...
Read 2000 lines from bazel query output...
Read 3000 lines from bazel query output...
Read 4000 lines from bazel query output...
Read 5000 lines from bazel query output...
Read 6000 lines from bazel query output...
Read 7000 lines from bazel query output...
Read 8000 lines from bazel query output...
Read 9000 lines from bazel query output...
Read 10000 lines from bazel query output...
Read 11000 lines from bazel query output...
Read 12000 lines from bazel query output...
Read 13000 lines from bazel query output...
Read 14000 lines from bazel query output...
Read 15000 lines from bazel query output...
Read 16000 lines from bazel query output...
Read 17000 lines from bazel query output...
Read 18000 lines from bazel query output...
Read 19000 lines from bazel query output...
Read 20000 lines from bazel query output...
Read 21000 lines from bazel query output...
Read 22000 lines from bazel query output...
Read 23000 lines from bazel query output...
Read 24000 lines from bazel query output...
Read 25000 lines from bazel query output...
Read 26000 lines from bazel query output...
Read 27000 lines from bazel query output...
Read 28000 lines from bazel query output...
Read 29000 lines from bazel query output...
Read 30000 lines from bazel query output...
Read 31000 lines from bazel query output...
Read 32000 lines from bazel query output...
Read 33000 lines from bazel query output...
Read 34000 lines from bazel query output...
Read 35000 lines from bazel query output...
Read 36000 lines from bazel query output...
Read 37000 lines from bazel query output...
Read 38000 lines from bazel query output...
Read 39000 lines from bazel query output...
Read 40000 lines from bazel query output...
Read 41000 lines from bazel query output...
Read 42000 lines from bazel query output...
Read 43000 lines from bazel query output...
Read 44000 lines from bazel query output...
Read 45000 lines from bazel query output...
Read 46000 lines from bazel query output...
Read 47000 lines from bazel query output...
Read 48000 lines from bazel query output...
Read 49000 lines from bazel query output...
Read 50000 lines from bazel query output...
Read 51000 lines from bazel query output...
Read 52000 lines from bazel query output...
