2025/08/08 20:13:48 Downloading https://releases.bazel.build/5.2.0/release/bazel-5.2.0-linux-x86_64...
Extracting Bazel installation...
Starting local Bazel server and connecting to it...
Loading: 0 packages loaded
Loading: 0 packages loaded
Loading: 0 packages loaded
Loading: 0 packages loaded
Loading: 0 packages loaded
Loading: 16 packages loaded
    currently loading: 
ERROR: /data/h445xu/repo/bazel-repos/cloned_repos/apache__rocketmq/BUILD.bazel:19:9: no such package '@rbe_default//config': The repository '@rbe_default' could not be resolved: Repository '@rbe_default' is not defined and referenced by '//:custom_platform'
Loading: 36 packages loaded
Loading: 37 packages loaded
Loading: 40 packages loaded
Loading: 41 packages loaded
Loading: 41 packages loaded
ERROR: /data/h445xu/repo/bazel-repos/cloned_repos/apache__rocketmq/BUILD.bazel:19:9: no such package '@rbe_default//config': The repository '@rbe_default' could not be resolved: Repository '@rbe_default' is not defined and referenced by '//:custom_platform'
ERROR: Evaluation of query "deps(//...)" failed: errors were encountered while computing transitive closure
WARNING: --keep_going specified, ignoring errors. Results may be inaccurate
Read 0 lines from bazel query output...
Read 1000 lines from bazel query output...
Read 2000 lines from bazel query output...
Read 3000 lines from bazel query output...
Read 4000 lines from bazel query output...
Read 5000 lines from bazel query output...
Read 6000 lines from bazel query output...
Read 7000 lines from bazel query output...
Read 8000 lines from bazel query output...
Read 9000 lines from bazel query output...
Read 10000 lines from bazel query output...
Read 11000 lines from bazel query output...
Read 12000 lines from bazel query output...
Read 13000 lines from bazel query output...
Read 14000 lines from bazel query output...
Read 15000 lines from bazel query output...
Read 16000 lines from bazel query output...
Read 17000 lines from bazel query output...
Read 18000 lines from bazel query output...
Read 19000 lines from bazel query output...
Read 20000 lines from bazel query output...
Read 21000 lines from bazel query output...
Read 22000 lines from bazel query output...
Read 23000 lines from bazel query output...
Read 24000 lines from bazel query output...
Read 25000 lines from bazel query output...
Read 26000 lines from bazel query output...
Read 27000 lines from bazel query output...
Loading: 45 packages loaded
Loading: 45 packages loaded
