Starting local Bazel server and connecting to it...
 checking cached actions
DEBUG: /data/h445xu/repo/bazel-repos/cloned_repos/apache__fory/bazel/fory_deps_setup.bzl:86:14: No implicit mirrors used because urls were explicitly provided
Loading: 0 packages loaded
ERROR: /data/h445xu/.cache/bazel/_bazel_hongxu/2987b834546eba89e845a7e4d958fbf8/external/com_google_benchmark/BUILD.bazel:52:11: no such package '@libpfm//': The repository '@libpfm' could not be resolved: Repository '@libpfm' is not defined and referenced by '@com_google_benchmark//:benchmark'
ERROR: /data/h445xu/.cache/bazel/_bazel_hongxu/2987b834546eba89e845a7e4d958fbf8/external/com_google_benchmark/BUILD.bazel:52:11: no such package '@libpfm//': The repository '@libpfm' could not be resolved: Repository '@libpfm' is not defined and referenced by '@com_google_benchmark//:benchmark'
ERROR: Evaluation of query "deps(//...)" failed: errors were encountered while computing transitive closure
WARNING: --keep_going specified, ignoring errors. Results may be inaccurate
Read 0 lines from bazel query output...
Read 1000 lines from bazel query output...
Read 2000 lines from bazel query output...
Read 3000 lines from bazel query output...
Read 4000 lines from bazel query output...
Read 5000 lines from bazel query output...
Read 6000 lines from bazel query output...
Read 7000 lines from bazel query output...
Read 8000 lines from bazel query output...
Read 9000 lines from bazel query output...
Read 10000 lines from bazel query output...
Read 11000 lines from bazel query output...
Read 12000 lines from bazel query output...
Read 13000 lines from bazel query output...
Read 14000 lines from bazel query output...
Loading: 64 packages loaded
