Starting local Bazel server and connecting to it...
 no actions running
Loading: 0 packages loaded
Loading: 20 packages loaded
    currently loading: @@bazel_tools//third_party/def_parser ... (2 packages)
ERROR: /data/h445xu/.cache/bazel/_bazel_hongxu/13d59f192861e84f25723b3e25857361/external/com_google_googletest/BUILD.bazel:80:11: no such package '@@com_google_absl//absl/container': The repository '@@com_google_absl' could not be resolved: Repository '@@com_google_absl' is not defined and referenced by '@@com_google_googletest//:gtest'
ERROR: /data/h445xu/.cache/bazel/_bazel_hongxu/13d59f192861e84f25723b3e25857361/external/com_google_googletest/BUILD.bazel:80:11: no such package '@@com_google_absl//absl/debugging': The repository '@@com_google_absl' could not be resolved: Repository '@@com_google_absl' is not defined and referenced by '@@com_google_googletest//:gtest'
ERROR: /data/h445xu/.cache/bazel/_bazel_hongxu/13d59f192861e84f25723b3e25857361/external/com_google_googletest/BUILD.bazel:80:11: no such package '@@com_google_absl//absl/flags': The repository '@@com_google_absl' could not be resolved: Repository '@@com_google_absl' is not defined and referenced by '@@com_google_googletest//:gtest'
ERROR: /data/h445xu/.cache/bazel/_bazel_hongxu/13d59f192861e84f25723b3e25857361/external/com_google_googletest/BUILD.bazel:80:11: no such package '@@com_google_absl//absl/strings': The repository '@@com_google_absl' could not be resolved: Repository '@@com_google_absl' is not defined and referenced by '@@com_google_googletest//:gtest'
ERROR: /data/h445xu/.cache/bazel/_bazel_hongxu/13d59f192861e84f25723b3e25857361/external/com_google_googletest/BUILD.bazel:80:11: no such package '@@com_google_absl//absl/types': The repository '@@com_google_absl' could not be resolved: Repository '@@com_google_absl' is not defined and referenced by '@@com_google_googletest//:gtest'
ERROR: /data/h445xu/.cache/bazel/_bazel_hongxu/13d59f192861e84f25723b3e25857361/external/com_google_googletest/BUILD.bazel:80:11: no such package '@@com_googlesource_code_re2//': The repository '@@com_googlesource_code_re2' could not be resolved: Repository '@@com_googlesource_code_re2' is not defined and referenced by '@@com_google_googletest//:gtest'
ERROR: /data/h445xu/.cache/bazel/_bazel_hongxu/13d59f192861e84f25723b3e25857361/external/com_google_googletest/BUILD.bazel:80:11: no such package '@@com_google_absl//absl/container': The repository '@@com_google_absl' could not be resolved: Repository '@@com_google_absl' is not defined and referenced by '@@com_google_googletest//:gtest'
ERROR: /data/h445xu/.cache/bazel/_bazel_hongxu/13d59f192861e84f25723b3e25857361/external/com_google_googletest/BUILD.bazel:80:11: no such package '@@com_google_absl//absl/types': The repository '@@com_google_absl' could not be resolved: Repository '@@com_google_absl' is not defined and referenced by '@@com_google_googletest//:gtest'
ERROR: /data/h445xu/.cache/bazel/_bazel_hongxu/13d59f192861e84f25723b3e25857361/external/com_google_googletest/BUILD.bazel:80:11: no such package '@@com_google_absl//absl/types': The repository '@@com_google_absl' could not be resolved: Repository '@@com_google_absl' is not defined and referenced by '@@com_google_googletest//:gtest'
ERROR: /data/h445xu/.cache/bazel/_bazel_hongxu/13d59f192861e84f25723b3e25857361/external/com_google_googletest/BUILD.bazel:80:11: no such package '@@com_google_absl//absl/types': The repository '@@com_google_absl' could not be resolved: Repository '@@com_google_absl' is not defined and referenced by '@@com_google_googletest//:gtest'
ERROR: /data/h445xu/.cache/bazel/_bazel_hongxu/13d59f192861e84f25723b3e25857361/external/com_google_googletest/BUILD.bazel:80:11: no such package '@@com_google_absl//absl/strings': The repository '@@com_google_absl' could not be resolved: Repository '@@com_google_absl' is not defined and referenced by '@@com_google_googletest//:gtest'
ERROR: /data/h445xu/.cache/bazel/_bazel_hongxu/13d59f192861e84f25723b3e25857361/external/com_google_googletest/BUILD.bazel:80:11: no such package '@@com_google_absl//absl/flags': The repository '@@com_google_absl' could not be resolved: Repository '@@com_google_absl' is not defined and referenced by '@@com_google_googletest//:gtest'
ERROR: /data/h445xu/.cache/bazel/_bazel_hongxu/13d59f192861e84f25723b3e25857361/external/com_google_googletest/BUILD.bazel:80:11: no such package '@@com_google_absl//absl/flags': The repository '@@com_google_absl' could not be resolved: Repository '@@com_google_absl' is not defined and referenced by '@@com_google_googletest//:gtest'
ERROR: /data/h445xu/.cache/bazel/_bazel_hongxu/13d59f192861e84f25723b3e25857361/external/com_google_googletest/BUILD.bazel:80:11: no such package '@@com_google_absl//absl/flags': The repository '@@com_google_absl' could not be resolved: Repository '@@com_google_absl' is not defined and referenced by '@@com_google_googletest//:gtest'
ERROR: /data/h445xu/.cache/bazel/_bazel_hongxu/13d59f192861e84f25723b3e25857361/external/com_google_googletest/BUILD.bazel:80:11: no such package '@@com_google_absl//absl/debugging': The repository '@@com_google_absl' could not be resolved: Repository '@@com_google_absl' is not defined and referenced by '@@com_google_googletest//:gtest'
ERROR: /data/h445xu/.cache/bazel/_bazel_hongxu/13d59f192861e84f25723b3e25857361/external/com_google_googletest/BUILD.bazel:80:11: no such package '@@com_google_absl//absl/flags': The repository '@@com_google_absl' could not be resolved: Repository '@@com_google_absl' is not defined and referenced by '@@com_google_googletest//:gtest'
ERROR: /data/h445xu/.cache/bazel/_bazel_hongxu/13d59f192861e84f25723b3e25857361/external/com_google_googletest/BUILD.bazel:80:11: no such package '@@com_google_absl//absl/debugging': The repository '@@com_google_absl' could not be resolved: Repository '@@com_google_absl' is not defined and referenced by '@@com_google_googletest//:gtest'
ERROR: /data/h445xu/.cache/bazel/_bazel_hongxu/13d59f192861e84f25723b3e25857361/external/com_google_googletest/BUILD.bazel:80:11: no such package '@@com_googlesource_code_re2//': The repository '@@com_googlesource_code_re2' could not be resolved: Repository '@@com_googlesource_code_re2' is not defined and referenced by '@@com_google_googletest//:gtest'
ERROR: /data/h445xu/.cache/bazel/_bazel_hongxu/13d59f192861e84f25723b3e25857361/external/com_google_googletest/BUILD.bazel:80:11: no such package '@@com_google_absl//absl/debugging': The repository '@@com_google_absl' could not be resolved: Repository '@@com_google_absl' is not defined and referenced by '@@com_google_googletest//:gtest'
ERROR: Evaluation of query "deps(//...)" failed: errors were encountered while computing transitive closure
WARNING: --keep_going specified, ignoring errors. Results may be inaccurate
Read 0 lines from bazel query output...
Read 1000 lines from bazel query output...
Read 2000 lines from bazel query output...
Read 3000 lines from bazel query output...
