Starting local Bazel server (8.3.1) and connecting to it...
 no actions running
 no actions running
 no actions running
WARNING: For repository 'platforms', the root module requires module version platforms@0.0.5, but got platforms@0.0.11 in the resolved dependency graph. Please update the version in your MODULE.bazel or set --check_direct_dependencies=off
WARNING: For repository 'rules_java', the root module requires module version rules_java@8.6.1, but got rules_java@8.12.0 in the resolved dependency graph. Please update the version in your MODULE.bazel or set --check_direct_dependencies=off
WARNING: For repository 'rules_jvm_external', the root module requires module version rules_jvm_external@6.6, but got rules_jvm_external@6.7 in the resolved dependency graph. Please update the version in your MODULE.bazel or set --check_direct_dependencies=off
 no actions running
Loading: 0 packages loaded
DEBUG: /data/h445xu/.cache/bazel/_bazel_hongxu/503a3adbfd2cac6aee194279d8ace9b2/external/rules_jvm_external+/private/extensions/maven.bzl:351:18: The maven repository 'maven' has contributions from multiple bzlmod modules, and will be resolved together: ["rules_closure", "rules_web_testing_java"]
Loading: 214 packages loaded
WARNING: Download from https://bazel-mirror.storage.googleapis.com/repo1.maven.org/maven2/com/google/guava/guava-testlib/33.4.0-jre/guava-testlib-33.4.0-jre.jar failed: class java.io.FileNotFoundException GET returned 404 Not Found
Loading: 261 packages loaded
Loading: 263 packages loaded
Loading: 264 packages loaded
Loading: 265 packages loaded
Loading: 265 packages loaded
Loading: 266 packages loaded
Loading: 266 packages loaded
Read 0 lines from bazel query output...
Read 1000 lines from bazel query output...
Read 2000 lines from bazel query output...
Read 3000 lines from bazel query output...
Read 4000 lines from bazel query output...
Read 5000 lines from bazel query output...
Read 6000 lines from bazel query output...
Read 7000 lines from bazel query output...
Read 8000 lines from bazel query output...
Read 9000 lines from bazel query output...
Read 10000 lines from bazel query output...
Read 11000 lines from bazel query output...
Read 12000 lines from bazel query output...
Read 13000 lines from bazel query output...
Read 14000 lines from bazel query output...
