Starting local Bazel server (8.3.1) and connecting to it...
 no actions running
 no actions running
 no actions running
Loading: 0 packages loaded
Loading: 0 packages loaded
Loading: 117 packages loaded
    currently loading: util/import ... (70 packages)
Loading: 230 packages loaded
    currently loading: @@bazel_tools//tools/launcher ... (5 packages)
Loading: 332 packages loaded
    currently loading: @@+rust_test+rtra__ryu-1.0.20// ... (2 packages)
Loading: 463 packages loaded
    currently loading: @@+cu+cui__gix-features-0.40.0// ... (5 packages)
Loading: 647 packages loaded
ERROR: /data/h445xu/repo/bazel-repos/cloned_repos/bazelbuild__rules_rust/test/load_arbitrary_tool/BUILD.bazel:3:10: no such target '@@+rust_test+rules_rust_test_load_arbitrary_tool//:bin/cargo.exe': target 'bin/cargo.exe' not declared in package '' defined by /data/h445xu/.cache/bazel/_bazel_hongxu/674decb12448e7987ac0e671a2268c15/external/+rust_test+rules_rust_test_load_arbitrary_tool/BUILD.bazel (did you mean bin/cargo?) and referenced by '//test/load_arbitrary_tool:load_arbitrary_tool_test_src'
Loading: 648 packages loaded
Loading: 648 packages loaded
Loading: 648 packages loaded
Loading: 648 packages loaded
Loading: 648 packages loaded
Loading: 648 packages loaded
Loading: 648 packages loaded
Loading: 648 packages loaded
    Updating crates.io index
    Blocking waiting for file lock on package cache
    Blocking waiting for file lock on package cache
 Downloading crates ...
    Blocking waiting for file lock on package cache
  Downloaded anstream v0.6.13
  Downloaded indenter v0.3.3
  Downloaded clap v4.5.4
  Downloaded thiserror v1.0.59
  Downloaded serde_spanned v0.6.5
  Downloaded addr2line v0.21.0
  Downloaded toml_datetime v0.6.5
  Downloaded unicode-ident v1.0.12
  Downloaded semver v1.0.22
  Downloaded signal-hook v0.3.17
  Downloaded winnow v0.5.40
  Downloaded serde_json v1.0.116
  Downloaded clap_builder v4.5.2
  Downloaded miniz_oxide v0.7.2
  Downloaded gimli v0.28.1
  Downloaded rustix v0.38.34
  Downloaded indexmap v2.2.6
  Downloaded owo-colors v3.5.0
  Downloaded memchr v2.7.2
  Downloaded color-eyre v0.6.3
  Downloaded itoa v1.0.11
  Downloaded home v0.5.9
  Downloaded errno v0.3.8
  Downloaded is-terminal v0.4.12
  Downloaded either v1.11.0
  Downloaded toml v0.7.8
  Downloaded serde v1.0.199
  Downloaded toml_edit v0.19.15
  Downloaded proc-macro2 v1.0.81
  Downloaded linux-raw-sys v0.4.13
  Downloaded is_ci v1.2.0
  Downloaded cc v1.0.96
  Downloaded bitflags v2.5.0
  Downloaded syn v2.0.60
  Downloaded backtrace v0.3.71
  Downloaded thiserror-impl v1.0.59
  Downloaded tempfile v3.10.1
  Downloaded serde_ignored v0.1.10
  Downloaded serde_derive v1.0.199
  Downloaded ryu v1.0.17
  Downloaded rustc-demangle v0.1.23
  Downloaded once_cell v1.19.0
  Downloaded fastrand v2.1.0
  Downloaded eyre v0.6.12
  Downloaded clap_lex v0.7.0
  Downloaded clap_derive v4.5.4
  Downloaded anstyle-query v1.0.2
  Downloaded anstyle-parse v0.2.3
  Downloaded libc v0.2.154
  Downloaded anstyle v1.0.6
  Downloaded adler v1.0.2
  Downloaded supports-color v1.3.1
  Downloaded quote v1.0.36
  Downloaded directories v4.0.1
  Downloaded const-sha1 v0.2.0
  Downloaded object v0.32.2
    Blocking waiting for file lock on package cache
   Compiling proc-macro2 v1.0.81
   Compiling unicode-ident v1.0.12
   Compiling libc v0.2.154
   Compiling serde v1.0.199
   Compiling rustix v0.38.34
   Compiling cc v1.0.96
   Compiling utf8parse v0.2.1
   Compiling cfg-if v1.0.0
   Compiling anstyle-query v1.0.2
   Compiling bitflags v2.5.0
   Compiling adler v1.0.2
   Compiling equivalent v1.0.1
   Compiling linux-raw-sys v0.4.13
   Compiling hashbrown v0.14.5
   Compiling anstyle v1.0.6
   Compiling colorchoice v1.0.0
   Compiling memchr v2.7.2
   Compiling is_ci v1.2.0
   Compiling gimli v0.28.1
   Compiling semver v1.0.22
   Compiling eyre v0.6.12
   Compiling signal-hook v0.3.17
   Compiling strsim v0.11.1
   Compiling winnow v0.5.40
   Compiling heck v0.5.0
   Compiling once_cell v1.19.0
   Compiling rustc-demangle v0.1.23
   Compiling clap_lex v0.7.0
   Compiling thiserror v1.0.59
   Compiling serde_json v1.0.116
   Compiling indenter v0.3.3
   Compiling cross v0.2.5 (/data/h445xu/.cache/bazel/_bazel_hongxu/674decb12448e7987ac0e671a2268c15/external/+cu_dev+cross_rs)
   Compiling itoa v1.0.11
   Compiling ryu v1.0.17
   Compiling home v0.5.9
   Compiling fastrand v2.1.0
   Compiling bitflags v1.3.2
   Compiling either v1.11.0
   Compiling shell-escape v0.1.5
   Compiling shell-words v1.1.0
   Compiling const-sha1 v0.2.0
   Compiling anstyle-parse v0.2.3
   Compiling miniz_oxide v0.7.2
Loading: 648 packages loaded
   Compiling proc-macro2 v1.0.92
   Compiling unicode-ident v1.0.10
   Compiling serde v1.0.219
   Compiling cfg-if v1.0.0
   Compiling thiserror v2.0.4
   Compiling memchr v2.6.4
   Compiling once_cell v1.21.3
   Compiling libc v0.2.172
   Compiling smallvec v1.15.0
   Compiling regex-automata v0.3.3
   Compiling autocfg v1.1.0
   Compiling log v0.4.19
   Compiling gix-trace v0.1.12
   Compiling crossbeam-utils v0.8.16
   Compiling parking_lot_core v0.9.9
   Compiling tinyvec_macros v0.1.1
   Compiling scopeguard v1.2.0
   Compiling same-file v1.0.6
   Compiling fastrand v2.1.1
   Compiling crc32fast v1.3.2
   Compiling adler2 v2.0.0
   Compiling bitflags v2.4.1
   Compiling sha1_smol v1.0.0
   Compiling version_check v0.9.4
   Compiling home v0.5.5
   Compiling itoa v1.0.8
   Compiling zerocopy v0.7.35
   Compiling allocator-api2 v0.2.18
   Compiling jiff v0.1.13
   Compiling stable_deref_trait v1.2.0
   Compiling getrandom v0.3.2
   Compiling rustix v1.0.5
   Compiling writeable v0.5.5
   Compiling litemap v0.7.4
   Compiling linux-raw-sys v0.9.4
   Compiling icu_locid_transform_data v1.5.0
   Compiling icu_properties_data v1.5.0
   Compiling icu_normalizer_data v1.5.0
   Compiling utf8_iter v1.0.4
   Compiling write16 v1.0.0
   Compiling utf16_iter v1.0.5
   Compiling percent-encoding v2.3.1
   Compiling thiserror v1.0.50
   Compiling rustix v0.38.41
   Compiling unicode-bom v2.0.3
   Compiling static_assertions v1.1.0
   Compiling fnv v1.0.7
   Compiling linux-raw-sys v0.4.14
   Compiling shell-words v1.1.0
   Compiling typenum v1.16.0
   Compiling hashbrown v0.15.0
   Compiling syn v1.0.109
   Compiling equivalent v1.0.1
   Compiling regex-syntax v0.8.5
   Compiling serde_json v1.0.140
   Compiling arrayvec v0.7.4
   Compiling ucd-trie v0.1.6
   Compiling semver v1.0.26
   Compiling toml_write v0.1.0
   Compiling lazy_static v1.4.0
   Compiling winnow v0.7.7
   Compiling clru v0.6.1
   Compiling ryu v1.0.14
   Compiling unic-char-range v0.9.0
   Compiling utf8parse v0.2.1
   Compiling unic-common v0.9.0
   Compiling colorchoice v1.0.0
   Compiling anstyle-query v1.0.0
   Compiling anstyle v1.0.10
   Compiling arc-swap v1.6.0
   Compiling camino v1.1.9
   Compiling is_terminal_polyfill v1.70.1
   Compiling heck v0.5.0
   Compiling clap_lex v0.7.4
   Compiling overload v0.1.1
   Compiling anyhow v1.0.98
   Compiling strsim v0.11.1
   Compiling either v1.9.0
   Compiling cpufeatures v0.2.9
   Compiling rustc-hash v2.0.0
   Compiling pin-project-lite v0.2.13
   Compiling smawk v0.3.2
   Compiling unicode-width v0.2.0
   Compiling rustc-stable-hash v0.1.1
   Compiling unicode-linebreak v0.1.5
   Compiling pathdiff v0.2.3
   Compiling indoc v2.0.6
   Compiling glob v0.3.2
   Compiling normpath v1.3.0
   Compiling anstream v0.6.13
   Compiling thread_local v1.1.4
   Compiling tracing-core v0.1.33
   Compiling nu-ansi-term v0.46.0
   Compiling itertools v0.14.0
   Compiling sharded-slab v0.1.7
   Compiling unic-ucd-version v0.9.0
   Compiling encoding_rs v0.8.33
   Compiling tinyvec v1.6.0
   Compiling kstring v2.0.2
   Compiling unic-char-property v0.9.0
   Compiling miniz_oxide v0.8.0
   Compiling object v0.32.2
   Compiling walkdir v2.5.0
   Compiling anstyle-parse v0.2.1
   Compiling form_urlencoded v1.2.1
   Compiling unic-ucd-segment v0.9.0
   Compiling indexmap v2.2.6
   Compiling textwrap v0.16.2
   Compiling lock_api v0.4.11
   Compiling clap_builder v4.5.2
   Compiling anstream v0.6.18
   Compiling uluru v3.0.0
   Compiling rustc_version v0.4.0
   Compiling ahash v0.8.11
   Compiling generic-array v0.14.7
   Compiling cfg-expr v0.18.0
   Compiling spdx v0.10.8
   Compiling winnow v0.6.20
   Compiling aho-corasick v1.0.2
   Compiling backtrace v0.3.71
   Compiling tracing-log v0.2.0
   Compiling quote v1.0.36
   Compiling clap_builder v4.5.37
   Compiling flate2 v1.0.35
   Compiling unic-segment v0.9.0
   Compiling quote v1.0.37
   Compiling crossbeam-channel v0.5.8
   Compiling syn v2.0.60
   Compiling syn v2.0.90
   Compiling indexmap v2.6.0
   Compiling hashbrown v0.14.3
   Compiling tracing-subscriber v0.3.19
   Compiling bstr v1.6.0
   Compiling memmap2 v0.9.5
   Compiling gix-sec v0.10.11
   Compiling filetime v0.2.22
   Compiling atty v0.2.14
   Compiling dirs-sys v0.3.7
   Compiling signal-hook-registry v1.4.2
   Compiling is-terminal v0.4.12
   Compiling nix v0.26.4
   Compiling unicode-normalization v0.1.22
   Compiling supports-color v1.3.1
   Compiling parking_lot v0.12.1
   Compiling directories v4.0.1
   Compiling owo-colors v3.5.0
   Compiling prodash v29.0.0
   Compiling gix-utils v0.1.14
   Compiling tempfile v3.10.1
   Compiling which v4.4.2
   Compiling block-buffer v0.10.4
   Compiling crypto-common v0.1.6
   Compiling addr2line v0.21.0
   Compiling digest v0.10.7
   Compiling regex-automata v0.4.8
   Compiling sha2 v0.10.8
   Compiling tempfile v3.19.1
   Compiling serde_derive v1.0.199
   Compiling thiserror-impl v1.0.59
   Compiling clap_derive v4.5.4
   Compiling color-eyre v0.6.3
   Compiling maybe-async v0.2.7
   Compiling synstructure v0.13.1
   Compiling regex v1.11.1
   Compiling globset v0.4.11
   Compiling serde_derive v1.0.219
   Compiling thiserror-impl v2.0.4
   Compiling zerofrom-derive v0.1.5
   Compiling yoke-derive v0.7.5
   Compiling zerovec-derive v0.10.3
   Compiling displaydoc v0.2.5
   Compiling icu_provider_macros v1.5.0
   Compiling thiserror-impl v1.0.50
   Compiling tracing-attributes v0.1.28
   Compiling clap_derive v4.5.32
   Compiling clap v4.5.4
   Compiling ignore v0.4.18
   Compiling globwalk v0.9.1
   Compiling tracing v0.1.41
   Compiling pest v2.7.0
   Compiling gix-path v0.10.14
   Compiling gix-date v0.9.3
   Compiling gix-validate v0.9.3
   Compiling gix-chunk v0.4.11
   Compiling gix-quote v0.4.15
   Compiling gix-bitmap v0.2.14
   Compiling zerofrom v0.1.5
   Compiling yoke v0.7.5
   Compiling gix-config-value v0.14.11
   Compiling gix-command v0.4.1
   Compiling zerovec v0.10.4
   Compiling gix-actor v0.33.2
   Compiling gix-prompt v0.9.1
   Compiling clap v4.5.37
   Compiling pest_meta v2.7.0
   Compiling tinystr v0.7.6
   Compiling icu_collections v1.5.0
   Compiling icu_locid v1.5.0
   Compiling pest_generator v2.7.0
   Compiling icu_provider v1.5.0
   Compiling pest_derive v2.7.0
   Compiling icu_locid_transform v1.5.0
   Compiling toml_datetime v0.6.5
   Compiling serde_spanned v0.6.5
   Compiling serde_ignored v0.1.10
   Compiling toml_edit v0.19.15
   Compiling icu_properties v1.5.1
   Compiling faster-hex v0.9.0
   Compiling toml_datetime v0.6.9
   Compiling serde_spanned v0.6.8
   Compiling hex v0.4.3
   Compiling smol_str v0.3.2
   Compiling cargo-platform v0.1.9
   Compiling serde_starlark v0.1.17
   Compiling toml_edit v0.22.25
   Compiling gix-hash v0.16.0
   Compiling gix-packetline v0.18.3
   Compiling gix-packetline-blocking v0.18.2
   Compiling gix-features v0.40.0
   Compiling gix-hashtable v0.7.0
   Compiling toml v0.7.8
   Compiling icu_normalizer v1.5.0
   Compiling gix-object v0.47.0
   Compiling gix-fs v0.13.0
   Compiling gix-commitgraph v0.26.0
   Compiling gix-glob v0.18.0
   Compiling gix-tempfile v16.0.0
   Compiling gix-attributes v0.24.0
   Compiling gix-ignore v0.13.0
   Compiling cargo_metadata v0.19.2
   Compiling tera v1.20.0
   Compiling gix-lock v16.0.0
   Compiling idna_adapter v1.2.0
   Compiling idna v1.0.3
   Compiling gix-shallow v0.2.0
   Compiling gix-pathspec v0.9.0
   Compiling url v2.5.4
   Compiling gix-revwalk v0.18.0
   Compiling gix-ref v0.50.0
   Compiling gix-pack v0.57.0
   Compiling gix-diff v0.50.0
   Compiling gix-filter v0.17.0
   Compiling gix-revision v0.32.0
   Compiling gix-traverse v0.44.0
   Compiling gix-negotiate v0.18.0
   Compiling gix-url v0.29.0
   Compiling toml v0.8.21
   Compiling gix-transport v0.45.0
   Compiling gix-credentials v0.27.0
   Compiling gix-index v0.38.0
   Compiling gix-refspec v0.28.0
   Compiling cargo-lock v10.1.0
   Compiling cargo_toml v0.22.1
   Compiling gix-config v0.43.0
   Compiling gix-protocol v0.48.0
   Compiling gix-discover v0.38.0
   Compiling gix-odb v0.67.0
   Compiling gix-worktree v0.39.0
   Compiling gix-submodule v0.17.0
   Compiling gix v0.70.0
   Compiling crates-index v3.7.0
   Compiling cargo-bazel v0.17.0 (/data/h445xu/repo/bazel-repos/cloned_repos/bazelbuild__rules_rust/crate_universe)
    Finished `release` profile [optimized] target(s) in 1m 12s
Loading: 649 packages loaded
    Finished `release` profile [optimized] target(s) in 1m 14s
Loading: 650 packages loaded
ERROR: /data/h445xu/repo/bazel-repos/cloned_repos/bazelbuild__rules_rust/test/load_arbitrary_tool/BUILD.bazel:3:10: no such target '@@+rust_test+rules_rust_test_load_arbitrary_tool//:bin/cargo.exe': target 'bin/cargo.exe' not declared in package '' defined by /data/h445xu/.cache/bazel/_bazel_hongxu/674decb12448e7987ac0e671a2268c15/external/+rust_test+rules_rust_test_load_arbitrary_tool/BUILD.bazel (did you mean bin/cargo?) and referenced by '//test/load_arbitrary_tool:load_arbitrary_tool_test_src'
ERROR: Evaluation of query "deps(//...)" failed: errors were encountered while computing transitive closure
WARNING: --keep_going specified, ignoring errors. Results may be inaccurate
Read 0 lines from bazel query output...
Read 1000 lines from bazel query output...
Read 2000 lines from bazel query output...
Read 3000 lines from bazel query output...
Read 4000 lines from bazel query output...
Read 5000 lines from bazel query output...
Read 6000 lines from bazel query output...
Read 7000 lines from bazel query output...
Read 8000 lines from bazel query output...
Read 9000 lines from bazel query output...
Read 10000 lines from bazel query output...
Read 11000 lines from bazel query output...
Read 12000 lines from bazel query output...
Read 13000 lines from bazel query output...
Read 14000 lines from bazel query output...
Read 15000 lines from bazel query output...
Read 16000 lines from bazel query output...
Read 17000 lines from bazel query output...
Read 18000 lines from bazel query output...
Read 19000 lines from bazel query output...
Read 20000 lines from bazel query output...
Read 21000 lines from bazel query output...
Read 22000 lines from bazel query output...
Read 23000 lines from bazel query output...
Read 24000 lines from bazel query output...
Read 25000 lines from bazel query output...
Read 26000 lines from bazel query output...
Read 27000 lines from bazel query output...
Read 28000 lines from bazel query output...
Read 29000 lines from bazel query output...
Read 30000 lines from bazel query output...
Read 31000 lines from bazel query output...
Read 32000 lines from bazel query output...
Read 33000 lines from bazel query output...
Read 34000 lines from bazel query output...
Read 35000 lines from bazel query output...
Read 36000 lines from bazel query output...
Read 37000 lines from bazel query output...
Read 38000 lines from bazel query output...
Read 39000 lines from bazel query output...
Read 40000 lines from bazel query output...
Read 41000 lines from bazel query output...
Read 42000 lines from bazel query output...
Read 43000 lines from bazel query output...
Read 44000 lines from bazel query output...
Read 45000 lines from bazel query output...
Read 46000 lines from bazel query output...
Read 47000 lines from bazel query output...
Read 48000 lines from bazel query output...
Read 49000 lines from bazel query output...
Read 50000 lines from bazel query output...
Read 51000 lines from bazel query output...
Read 52000 lines from bazel query output...
Read 53000 lines from bazel query output...
Read 54000 lines from bazel query output...
Read 55000 lines from bazel query output...
Read 56000 lines from bazel query output...
Read 57000 lines from bazel query output...
Read 58000 lines from bazel query output...
Read 59000 lines from bazel query output...
Read 60000 lines from bazel query output...
Read 61000 lines from bazel query output...
Read 62000 lines from bazel query output...
Read 63000 lines from bazel query output...
Read 64000 lines from bazel query output...
Read 65000 lines from bazel query output...
Read 66000 lines from bazel query output...
Read 67000 lines from bazel query output...
Read 68000 lines from bazel query output...
Read 69000 lines from bazel query output...
Read 70000 lines from bazel query output...
Read 71000 lines from bazel query output...
Read 72000 lines from bazel query output...
Read 73000 lines from bazel query output...
Read 74000 lines from bazel query output...
Read 75000 lines from bazel query output...
Read 76000 lines from bazel query output...
Read 77000 lines from bazel query output...
Read 78000 lines from bazel query output...
Read 79000 lines from bazel query output...
Read 80000 lines from bazel query output...
Read 81000 lines from bazel query output...
Read 82000 lines from bazel query output...
Read 83000 lines from bazel query output...
Read 84000 lines from bazel query output...
Read 85000 lines from bazel query output...
Read 86000 lines from bazel query output...
Read 87000 lines from bazel query output...
Read 88000 lines from bazel query output...
Read 89000 lines from bazel query output...
Read 90000 lines from bazel query output...
Read 91000 lines from bazel query output...
Read 92000 lines from bazel query output...
Read 93000 lines from bazel query output...
Read 94000 lines from bazel query output...
Read 95000 lines from bazel query output...
Read 96000 lines from bazel query output...
Read 97000 lines from bazel query output...
Read 98000 lines from bazel query output...
Read 99000 lines from bazel query output...
Read 100000 lines from bazel query output...
Read 101000 lines from bazel query output...
Read 102000 lines from bazel query output...
Read 103000 lines from bazel query output...
Read 104000 lines from bazel query output...
Read 105000 lines from bazel query output...
Read 106000 lines from bazel query output...
Read 107000 lines from bazel query output...
Read 108000 lines from bazel query output...
Read 109000 lines from bazel query output...
Read 110000 lines from bazel query output...
Read 111000 lines from bazel query output...
Read 112000 lines from bazel query output...
Read 113000 lines from bazel query output...
Read 114000 lines from bazel query output...
Read 115000 lines from bazel query output...
Read 116000 lines from bazel query output...
Read 117000 lines from bazel query output...
Read 118000 lines from bazel query output...
Read 119000 lines from bazel query output...
Read 120000 lines from bazel query output...
Read 121000 lines from bazel query output...
Read 122000 lines from bazel query output...
Read 123000 lines from bazel query output...
Read 124000 lines from bazel query output...
Read 125000 lines from bazel query output...
Read 126000 lines from bazel query output...
Read 127000 lines from bazel query output...
Read 128000 lines from bazel query output...
Read 129000 lines from bazel query output...
Read 130000 lines from bazel query output...
Read 131000 lines from bazel query output...
Read 132000 lines from bazel query output...
Read 133000 lines from bazel query output...
Read 134000 lines from bazel query output...
Read 135000 lines from bazel query output...
Read 136000 lines from bazel query output...
Read 137000 lines from bazel query output...
Read 138000 lines from bazel query output...
Read 139000 lines from bazel query output...

thread 'main' panicked at depstat/src/main.rs:23:43:
called `Result::unwrap()` on an `Err` value: Custom("missing field `@name`")
note: run with `RUST_BACKTRACE=1` environment variable to display a backtrace
