Starting local Bazel server (8.3.1) and connecting to it...
 no actions running
 no actions running
 no actions running
WARNING: For repository 'platforms', the root module requires module version platforms@0.0.10, but got platforms@0.0.11 in the resolved dependency graph. Please update the version in your MODULE.bazel or set --check_direct_dependencies=off
WARNING: For repository 'rules_cc', the root module requires module version rules_cc@0.0.17, but got rules_cc@0.1.1 in the resolved dependency graph. Please update the version in your MODULE.bazel or set --check_direct_dependencies=off
Loading: 0 packages loaded
ERROR: /data/h445xu/repo/bazel-repos/cloned_repos/bazelbuild__rules_pkg/distro/BUILD:73:14: no such target '//:not_compatible': target 'not_compatible' not declared in package '' defined by /data/h445xu/repo/bazel-repos/cloned_repos/bazelbuild__rules_pkg/BUILD and referenced by '//distro:changelog'
WARNING: --keep_going specified, ignoring errors. Results may be inaccurate
Read 0 lines from bazel query output...
Read 1000 lines from bazel query output...
Read 2000 lines from bazel query output...
Read 3000 lines from bazel query output...
Read 4000 lines from bazel query output...
Read 5000 lines from bazel query output...
Read 6000 lines from bazel query output...
Read 7000 lines from bazel query output...
Read 8000 lines from bazel query output...
Read 9000 lines from bazel query output...

thread 'main' panicked at depstat/src/main.rs:23:43:
called `Result::unwrap()` on an `Err` value: InvalidXml(Escape(InvalidCharRef(IllegalCharacter(0))))
note: run with `RUST_BACKTRACE=1` environment variable to display a backtrace
