Starting local Bazel server (8.3.1) and connecting to it...
 no actions running
Loading: 0 packages loaded
WARNING: /data/h445xu/repo/bazel-repos/cloned_repos/bazel-contrib__bazel-lib/lib/tests/run_binary/BUILD.bazel:71:8: target 'dir_a_rootpath' is both a rule and a file; please choose another name for the rule
WARNING: /data/h445xu/repo/bazel-repos/cloned_repos/bazel-contrib__bazel-lib/MODULE.bazel:64:24: The module extension go_deps defined in @gazelle//:extensions.bzl reported incorrect imports of repositories via use_repo():

Not imported, but reported as direct dependencies by the extension (may cause the build to fail):
    com_github_bazelbuild_rules_go

Fix the use_repo calls by running 'bazel mod tidy'.
ERROR: /data/h445xu/repo/bazel-repos/cloned_repos/bazel-contrib__bazel-lib/BUILD.bazel:68:6: no such package 'tools/format': BUILD file not found in any of the following directories. Add a BUILD file to a directory to mark it as a package.
 - tools/format and referenced by '//:format'
ERROR: /data/h445xu/repo/bazel-repos/cloned_repos/bazel-contrib__bazel-lib/BUILD.bazel:68:6: no such package 'tools/format': BUILD file not found in any of the following directories. Add a BUILD file to a directory to mark it as a package.
 - tools/format and referenced by '//:format'
ERROR: Evaluation of query "deps(//...)" failed: errors were encountered while computing transitive closure
WARNING: --keep_going specified, ignoring errors. Results may be inaccurate
Read 0 lines from bazel query output...
Read 1000 lines from bazel query output...
Read 2000 lines from bazel query output...
Read 3000 lines from bazel query output...
Read 4000 lines from bazel query output...
Read 5000 lines from bazel query output...
Read 6000 lines from bazel query output...
Read 7000 lines from bazel query output...
Read 8000 lines from bazel query output...
Read 9000 lines from bazel query output...
Read 10000 lines from bazel query output...
Read 11000 lines from bazel query output...
Read 12000 lines from bazel query output...
Read 13000 lines from bazel query output...
Read 14000 lines from bazel query output...
