Starting local Bazel server (9.0.0-pre.20250730.2) and connecting to it...
WARNING: For repository 'build_bazel_apple_support', the root module requires module version apple_support@1.21.1, but got apple_support@1.22.1 in the resolved dependency graph. Please update the version in your MODULE.bazel or set --check_direct_dependencies=off
Loading: 0 packages loaded
WARNING: /data/h445xu/repo/bazel-repos/cloned_repos/bazelbuild__rules_apple/test/starlark_tests/targets_under_test/apple/BUILD:1473:22: target 'SampleCoreML.CoreML' is both a rule and a file; please choose another name for the rule
Loading: 76 packages loaded
ERROR: /data/h445xu/repo/bazel-repos/cloned_repos/bazelbuild__rules_apple/test/starlark_tests/targets_under_test/macos/BUILD:831:18: no such target '//test/starlark_tests/targets_under_test/apple:macos_static_xcframework_with_resources_and_data': target 'macos_static_xcframework_with_resources_and_data' not declared in package 'test/starlark_tests/targets_under_test/apple' defined by /data/h445xu/repo/bazel-repos/cloned_repos/bazelbuild__rules_apple/test/starlark_tests/targets_under_test/apple/BUILD (did you mean ios_static_xcframework_with_resources_and_data?) and referenced by '//test/starlark_tests/targets_under_test/macos:app_with_imported_xcfmwk_bundling_resources_and_data'
ERROR: /data/h445xu/repo/bazel-repos/cloned_repos/bazelbuild__rules_apple/test/starlark_tests/targets_under_test/macos/BUILD:1141:18: no such target '//test/starlark_tests/resources:bundle_library_macos_lib': target 'bundle_library_macos_lib' not declared in package 'test/starlark_tests/resources' defined by /data/h445xu/repo/bazel-repos/cloned_repos/bazelbuild__rules_apple/test/starlark_tests/resources/BUILD (did you mean bundle_library_ios_lib, or bundle_library_macos?) and referenced by '//test/starlark_tests/targets_under_test/macos:app_with_multiple_resource_bundles_with_shared_resources'
ERROR: /data/h445xu/repo/bazel-repos/cloned_repos/bazelbuild__rules_apple/test/starlark_tests/targets_under_test/macos/BUILD:817:18: no such target '//test/starlark_tests/targets_under_test/apple:macos_static_xcframework_with_resources_import': target 'macos_static_xcframework_with_resources_import' not declared in package 'test/starlark_tests/targets_under_test/apple' defined by /data/h445xu/repo/bazel-repos/cloned_repos/bazelbuild__rules_apple/test/starlark_tests/targets_under_test/apple/BUILD (did you mean ios_static_xcframework_with_resources_import?) and referenced by '//test/starlark_tests/targets_under_test/macos:app_with_imported_xcfmwk_bundling_static_fmwks_with_resources'
ERROR: Evaluation of query "deps(//...)" failed: errors were encountered while computing transitive closure
WARNING: --keep_going specified, ignoring errors. Results may be inaccurate
Read 0 lines from bazel query output...
Read 1000 lines from bazel query output...
Read 2000 lines from bazel query output...
Read 3000 lines from bazel query output...
Read 4000 lines from bazel query output...
Read 5000 lines from bazel query output...
Read 6000 lines from bazel query output...
Read 7000 lines from bazel query output...
Read 8000 lines from bazel query output...
Read 9000 lines from bazel query output...
Read 10000 lines from bazel query output...
Read 11000 lines from bazel query output...
Read 12000 lines from bazel query output...
Read 13000 lines from bazel query output...
Read 14000 lines from bazel query output...
Read 15000 lines from bazel query output...
Read 16000 lines from bazel query output...
Read 17000 lines from bazel query output...
Read 18000 lines from bazel query output...
Read 19000 lines from bazel query output...
Read 20000 lines from bazel query output...
Read 21000 lines from bazel query output...
Read 22000 lines from bazel query output...
Read 23000 lines from bazel query output...
Read 24000 lines from bazel query output...
Read 25000 lines from bazel query output...
Read 26000 lines from bazel query output...
Read 27000 lines from bazel query output...
Read 28000 lines from bazel query output...
Read 29000 lines from bazel query output...
Read 30000 lines from bazel query output...
Read 31000 lines from bazel query output...
Read 32000 lines from bazel query output...
Read 33000 lines from bazel query output...
Read 34000 lines from bazel query output...
Read 35000 lines from bazel query output...
Read 36000 lines from bazel query output...
Read 37000 lines from bazel query output...
Read 38000 lines from bazel query output...
Read 39000 lines from bazel query output...
Read 40000 lines from bazel query output...
Read 41000 lines from bazel query output...
Read 42000 lines from bazel query output...
Read 43000 lines from bazel query output...
Read 44000 lines from bazel query output...
Read 45000 lines from bazel query output...
Read 46000 lines from bazel query output...
Read 47000 lines from bazel query output...
Read 48000 lines from bazel query output...
Read 49000 lines from bazel query output...
Read 50000 lines from bazel query output...
Read 51000 lines from bazel query output...
Read 52000 lines from bazel query output...
Read 53000 lines from bazel query output...
Read 54000 lines from bazel query output...
Read 55000 lines from bazel query output...
Read 56000 lines from bazel query output...
Read 57000 lines from bazel query output...
Read 58000 lines from bazel query output...
Read 59000 lines from bazel query output...
Read 60000 lines from bazel query output...
Read 61000 lines from bazel query output...
Read 62000 lines from bazel query output...
Read 63000 lines from bazel query output...
Read 64000 lines from bazel query output...
Read 65000 lines from bazel query output...
Read 66000 lines from bazel query output...
Read 67000 lines from bazel query output...
Read 68000 lines from bazel query output...
Read 69000 lines from bazel query output...
Read 70000 lines from bazel query output...
Read 71000 lines from bazel query output...
Read 72000 lines from bazel query output...
Read 73000 lines from bazel query output...
Read 74000 lines from bazel query output...
Read 75000 lines from bazel query output...
Read 76000 lines from bazel query output...
Read 77000 lines from bazel query output...
Read 78000 lines from bazel query output...
Read 79000 lines from bazel query output...
Read 80000 lines from bazel query output...
Read 81000 lines from bazel query output...
Read 82000 lines from bazel query output...
Read 83000 lines from bazel query output...
Read 84000 lines from bazel query output...
Read 85000 lines from bazel query output...
Read 86000 lines from bazel query output...
Read 87000 lines from bazel query output...
Read 88000 lines from bazel query output...
Read 89000 lines from bazel query output...
Read 90000 lines from bazel query output...
Read 91000 lines from bazel query output...
Read 92000 lines from bazel query output...
Read 93000 lines from bazel query output...
Read 94000 lines from bazel query output...
Read 95000 lines from bazel query output...
Read 96000 lines from bazel query output...
Read 97000 lines from bazel query output...
Read 98000 lines from bazel query output...
Read 99000 lines from bazel query output...
Read 100000 lines from bazel query output...
Read 101000 lines from bazel query output...
Read 102000 lines from bazel query output...
Read 103000 lines from bazel query output...
Read 104000 lines from bazel query output...
Read 105000 lines from bazel query output...
Read 106000 lines from bazel query output...
Read 107000 lines from bazel query output...
Read 108000 lines from bazel query output...
Read 109000 lines from bazel query output...
Read 110000 lines from bazel query output...
Read 111000 lines from bazel query output...
Read 112000 lines from bazel query output...
Read 113000 lines from bazel query output...
Read 114000 lines from bazel query output...
Read 115000 lines from bazel query output...
Read 116000 lines from bazel query output...
Read 117000 lines from bazel query output...
