2025/08/09 15:51:59 Downloading https://releases.bazel.build/4.1.0/release/bazel-4.1.0-linux-x86_64...
Extracting Bazel installation...
Starting local Bazel server and connecting to it...
Loading: 0 packages loaded
Loading: 0 packages loaded
Loading: 0 packages loaded
DEBUG: Rule 'bazel_gazelle' indicated that a canonical reproducible form can be obtained by modifying arguments shallow_since = "1590680880 -0400"
DEBUG: Repository bazel_gazelle instantiated at:
  /data/h445xu/repo/bazel-repos/cloned_repos/bazelruby__rules_ruby/WORKSPACE:39:15: in <toplevel>
Repository rule git_repository defined at:
  /data/h445xu/.cache/bazel/_bazel_hongxu/95986a0ac415085ea817f77ef15fe091/external/bazel_tools/tools/build_defs/repo/git.bzl:199:33: in <toplevel>
Loading: 0 packages loaded
DEBUG: Rule 'com_google_protobuf' indicated that a canonical reproducible form can be obtained by modifying arguments shallow_since = "1595293740 -0700"
DEBUG: Repository com_google_protobuf instantiated at:
  /data/h445xu/repo/bazel-repos/cloned_repos/bazelruby__rules_ruby/WORKSPACE:45:15: in <toplevel>
Repository rule git_repository defined at:
  /data/h445xu/.cache/bazel/_bazel_hongxu/95986a0ac415085ea817f77ef15fe091/external/bazel_tools/tools/build_defs/repo/git.bzl:199:33: in <toplevel>
Loading: 0 packages loaded
Loading: 8 packages loaded
    currently loading:  ... (2 packages)
Loading: 9 packages loaded
    currently loading: 
Loading: 9 packages loaded
    currently loading: 
Loading: 9 packages loaded
    currently loading: 
Loading: 9 packages loaded
    currently loading: 
Loading: 9 packages loaded
    currently loading: 
Loading: 9 packages loaded
    currently loading: 
Loading: 9 packages loaded
    currently loading: 
Loading: 9 packages loaded
    currently loading: 
DEBUG: /data/h445xu/repo/bazel-repos/cloned_repos/bazelruby__rules_ruby/ruby/private/toolchains/ruby_runtime.bzl:114:14: Found local Ruby SDK version '3.0.2' which matches requested version '3.0.2'
Read 0 lines from bazel query output...
Loading: 133 packages loaded
Loading: 133 packages loaded
