Starting local Bazel server and connecting to it...
 no actions running
 no actions running
 no actions running
Loading: 0 packages loaded
Loading: 132 packages loaded
    currently loading: @@bazel_tools//tools/jdk ... (7 packages)
WARNING: Download from https://repo1.maven.org/maven2/com/android/support/appcompat-v7/28.0.0/appcompat-v7-28.0.0.aar failed: class java.io.FileNotFoundException GET returned 404 Not Found
WARNING: Download from https://maven.google.com/com/google/guava/listenablefuture/9999.0-empty-to-avoid-conflict-with-guava/listenablefuture-9999.0-empty-to-avoid-conflict-with-guava.jar failed: class java.io.FileNotFoundException GET returned 404 Not Found
Loading: 200 packages loaded
    currently loading: @@rules_java~//toolchains ... (4 packages)
WARNING: Download from https://maven.google.com/org/apiguardian/apiguardian-api/1.1.2/apiguardian-api-1.1.2-sources.jar failed: class java.io.FileNotFoundException GET returned 404 Not Found
WARNING: Download from https://maven.google.com/org/opentest4j/opentest4j/1.3.0/opentest4j-1.3.0-sources.jar failed: class java.io.FileNotFoundException GET returned 404 Not Found
WARNING: Download from https://maven.google.com/org/opentest4j/opentest4j/1.3.0/opentest4j-1.3.0.jar failed: class java.io.FileNotFoundException GET returned 404 Not Found
Loading: 255 packages loaded
    currently loading: @@rules_java~//toolchains ... (3 packages)
WARNING: Download from https://maven.google.com/org/junit/jupiter/junit-jupiter-api/5.12.2/junit-jupiter-api-5.12.2.jar failed: class java.io.FileNotFoundException GET returned 404 Not Found
WARNING: Download from https://maven.google.com/org/junit/jupiter/junit-jupiter-api/5.12.2/junit-jupiter-api-5.12.2-sources.jar failed: class java.io.FileNotFoundException GET returned 404 Not Found
WARNING: Download from https://maven.google.com/org/apiguardian/apiguardian-api/1.1.2/apiguardian-api-1.1.2.jar failed: class java.io.FileNotFoundException GET returned 404 Not Found
WARNING: Download from https://maven.google.com/org/junit/platform/junit-platform-commons/1.12.2/junit-platform-commons-1.12.2-sources.jar failed: class java.io.FileNotFoundException GET returned 404 Not Found
WARNING: Download from https://maven.google.com/org/junit/platform/junit-platform-commons/1.12.2/junit-platform-commons-1.12.2.jar failed: class java.io.FileNotFoundException GET returned 404 Not Found
Loading: 435 packages loaded
    currently loading: @@_main~maven~com_google_api_grpc_proto_google_iam_v1_sources_1_36_0//file
WARNING: Download from https://maven.google.com/com/google/errorprone/error_prone_annotations/2.36.0/error_prone_annotations-2.36.0-sources.jar failed: class java.io.FileNotFoundException GET returned 404 Not Found
WARNING: Download from https://maven.google.com/com/google/j2objc/j2objc-annotations/3.0.0/j2objc-annotations-3.0.0-sources.jar failed: class java.io.FileNotFoundException GET returned 404 Not Found
WARNING: Download from https://maven.google.com/com/google/j2objc/j2objc-annotations/3.0.0/j2objc-annotations-3.0.0.jar failed: class java.io.FileNotFoundException GET returned 404 Not Found
WARNING: Download from https://maven.google.com/com/google/errorprone/error_prone_annotations/2.36.0/error_prone_annotations-2.36.0.jar failed: class java.io.FileNotFoundException GET returned 404 Not Found
WARNING: Download from https://maven.google.com/org/jspecify/jspecify/1.0.0/jspecify-1.0.0-sources.jar failed: class java.io.FileNotFoundException GET returned 404 Not Found
WARNING: Download from https://maven.google.com/com/google/guava/guava/33.4.8-jre/guava-33.4.8-jre.jar failed: class java.io.FileNotFoundException GET returned 404 Not Found
WARNING: Download from https://maven.google.com/com/google/guava/guava/33.4.8-jre/guava-33.4.8-jre-sources.jar failed: class java.io.FileNotFoundException GET returned 404 Not Found
WARNING: Download from https://maven.google.com/com/google/guava/failureaccess/1.0.3/failureaccess-1.0.3.jar failed: class java.io.FileNotFoundException GET returned 404 Not Found
WARNING: Download from https://maven.google.com/com/google/guava/failureaccess/1.0.3/failureaccess-1.0.3-sources.jar failed: class java.io.FileNotFoundException GET returned 404 Not Found
WARNING: Download from https://maven.google.com/org/jspecify/jspecify/1.0.0/jspecify-1.0.0.jar failed: class java.io.FileNotFoundException GET returned 404 Not Found
WARNING: Download from https://repo1.maven.org/maven2/org/gradle/gradle-tooling-api/8.13/gradle-tooling-api-8.13-sources.jar failed: class java.io.FileNotFoundException GET returned 404 Not Found
WARNING: Download from https://repo1.maven.org/maven2/org/gradle/gradle-tooling-api/8.13/gradle-tooling-api-8.13.jar failed: class java.io.FileNotFoundException GET returned 404 Not Found
Loading: 792 packages loaded
    currently loading: @@_main~maven~org_apache_maven_wagon_wagon_http_shared_sources_3_0_0//file
Loading: 922 packages loaded
Loading: 981 packages loaded
Loading: 1037 packages loaded
Loading: 1040 packages loaded
Loading: 1040 packages loaded
Loading: 1041 packages loaded
Loading: 1041 packages loaded
Loading: 1042 packages loaded
Read 0 lines from bazel query output...
Read 1000 lines from bazel query output...
Read 2000 lines from bazel query output...
Read 3000 lines from bazel query output...
Read 4000 lines from bazel query output...
Read 5000 lines from bazel query output...
Read 6000 lines from bazel query output...
Read 7000 lines from bazel query output...
Read 8000 lines from bazel query output...
Read 9000 lines from bazel query output...
Read 10000 lines from bazel query output...
Read 11000 lines from bazel query output...
Read 12000 lines from bazel query output...
Read 13000 lines from bazel query output...
Read 14000 lines from bazel query output...
Read 15000 lines from bazel query output...
Read 16000 lines from bazel query output...
Read 17000 lines from bazel query output...
Read 18000 lines from bazel query output...
Read 19000 lines from bazel query output...
Read 20000 lines from bazel query output...
Read 21000 lines from bazel query output...
Read 22000 lines from bazel query output...
Read 23000 lines from bazel query output...
Read 24000 lines from bazel query output...
Read 25000 lines from bazel query output...
Read 26000 lines from bazel query output...
Read 27000 lines from bazel query output...
Read 28000 lines from bazel query output...
Read 29000 lines from bazel query output...
Read 30000 lines from bazel query output...
Read 31000 lines from bazel query output...
Read 32000 lines from bazel query output...
Read 33000 lines from bazel query output...
Read 34000 lines from bazel query output...
Read 35000 lines from bazel query output...
Read 36000 lines from bazel query output...
Read 37000 lines from bazel query output...
Read 38000 lines from bazel query output...
Read 39000 lines from bazel query output...
Read 40000 lines from bazel query output...
Read 41000 lines from bazel query output...
Read 42000 lines from bazel query output...
Read 43000 lines from bazel query output...
Read 44000 lines from bazel query output...
Read 45000 lines from bazel query output...
Read 46000 lines from bazel query output...
Read 47000 lines from bazel query output...
Read 48000 lines from bazel query output...
Read 49000 lines from bazel query output...
Read 50000 lines from bazel query output...
Read 51000 lines from bazel query output...
Read 52000 lines from bazel query output...
Read 53000 lines from bazel query output...
Read 54000 lines from bazel query output...
Read 55000 lines from bazel query output...
