Starting local Bazel server (8.3.1) and connecting to it...
 no actions running
Loading: 0 packages loaded
ERROR: Traceback (most recent call last):
	File "/data/h445xu/repo/bazel-repos/cloned_repos/bliporg__blip/deps/libluau/BUILD", line 88, column 16, in <toplevel>
		hdrs = glob(["src/Common/include/Luau/*.h"]),
Error in glob: glob pattern 'src/Common/include/Luau/*.h' didn't match anything, but allow_empty is set to False (the default value of allow_empty can be set with --incompatible_disallow_empty_glob).
ERROR: package contains errors: deps/libluau
ERROR: package contains errors: deps/libluau: Traceback (most recent call last):
	File "/data/h445xu/repo/bazel-repos/cloned_repos/bliporg__blip/deps/libluau/BUILD", line 88, column 16, in <toplevel>
		hdrs = glob(["src/Common/include/Luau/*.h"]),
Error in glob: glob pattern 'src/Common/include/Luau/*.h' didn't match anything, but allow_empty is set to False (the default value of allow_empty can be set with --incompatible_disallow_empty_glob).
ERROR: /data/h445xu/repo/bazel-repos/cloned_repos/bliporg__blip/deps/libluau/BUILD:79:18: Target '//deps/libluau:Luau.Analysis' contains an error and its package is in error and referenced by '//deps/libluau:luau-default'
ERROR: /data/h445xu/repo/bazel-repos/cloned_repos/bliporg__blip/deps/libluau/BUILD:79:18: Target '//deps/libluau:Luau.Ast' contains an error and its package is in error and referenced by '//deps/libluau:luau-default'
ERROR: /data/h445xu/repo/bazel-repos/cloned_repos/bliporg__blip/deps/libluau/BUILD:79:18: Target '//deps/libluau:Luau.CodeGen' contains an error and its package is in error and referenced by '//deps/libluau:luau-default'
ERROR: /data/h445xu/repo/bazel-repos/cloned_repos/bliporg__blip/deps/libluau/BUILD:79:18: Target '//deps/libluau:Luau.Compiler' contains an error and its package is in error and referenced by '//deps/libluau:luau-default'
ERROR: /data/h445xu/repo/bazel-repos/cloned_repos/bliporg__blip/deps/libluau/BUILD:79:18: Target '//deps/libluau:Luau.Config' contains an error and its package is in error and referenced by '//deps/libluau:luau-default'
ERROR: /data/h445xu/repo/bazel-repos/cloned_repos/bliporg__blip/deps/libluau/BUILD:79:18: Target '//deps/libluau:Luau.EqSat' contains an error and its package is in error and referenced by '//deps/libluau:luau-default'
ERROR: /data/h445xu/repo/bazel-repos/cloned_repos/bliporg__blip/deps/libluau/BUILD:79:18: Target '//deps/libluau:Luau.VM' contains an error and its package is in error and referenced by '//deps/libluau:luau-default'
ERROR: /data/h445xu/repo/bazel-repos/cloned_repos/bliporg__blip/deps/libluau/BUILD:65:21: Target '//deps/libluau:Luau.Analysis' contains an error and its package is in error and referenced by '//deps/libluau:luau-macos'
ERROR: /data/h445xu/repo/bazel-repos/cloned_repos/bliporg__blip/deps/libluau/BUILD:72:21: Target '//deps/libluau:Luau.Analysis' contains an error and its package is in error and referenced by '//deps/libluau:luau-ios'
ERROR: /data/h445xu/repo/bazel-repos/cloned_repos/bliporg__blip/deps/libluau/BUILD:72:21: Target '//deps/libluau:Luau.Ast' contains an error and its package is in error and referenced by '//deps/libluau:luau-ios'
ERROR: /data/h445xu/repo/bazel-repos/cloned_repos/bliporg__blip/deps/libluau/BUILD:65:21: Target '//deps/libluau:Luau.Ast' contains an error and its package is in error and referenced by '//deps/libluau:luau-macos'
ERROR: /data/h445xu/repo/bazel-repos/cloned_repos/bliporg__blip/deps/libluau/BUILD:72:21: Target '//deps/libluau:Luau.CodeGen' contains an error and its package is in error and referenced by '//deps/libluau:luau-ios'
ERROR: /data/h445xu/repo/bazel-repos/cloned_repos/bliporg__blip/deps/libluau/BUILD:65:21: Target '//deps/libluau:Luau.CodeGen' contains an error and its package is in error and referenced by '//deps/libluau:luau-macos'
ERROR: /data/h445xu/repo/bazel-repos/cloned_repos/bliporg__blip/deps/libluau/BUILD:65:21: Target '//deps/libluau:Luau.Compiler' contains an error and its package is in error and referenced by '//deps/libluau:luau-macos'
ERROR: /data/h445xu/repo/bazel-repos/cloned_repos/bliporg__blip/deps/libluau/BUILD:72:21: Target '//deps/libluau:Luau.Compiler' contains an error and its package is in error and referenced by '//deps/libluau:luau-ios'
ERROR: /data/h445xu/repo/bazel-repos/cloned_repos/bliporg__blip/deps/libluau/BUILD:65:21: Target '//deps/libluau:Luau.Config' contains an error and its package is in error and referenced by '//deps/libluau:luau-macos'
ERROR: /data/h445xu/repo/bazel-repos/cloned_repos/bliporg__blip/deps/libluau/BUILD:65:21: Target '//deps/libluau:Luau.EqSat' contains an error and its package is in error and referenced by '//deps/libluau:luau-macos'
ERROR: /data/h445xu/repo/bazel-repos/cloned_repos/bliporg__blip/deps/libluau/BUILD:72:21: Target '//deps/libluau:Luau.Config' contains an error and its package is in error and referenced by '//deps/libluau:luau-ios'
ERROR: /data/h445xu/repo/bazel-repos/cloned_repos/bliporg__blip/deps/libluau/BUILD:65:21: Target '//deps/libluau:Luau.VM' contains an error and its package is in error and referenced by '//deps/libluau:luau-macos'
ERROR: /data/h445xu/repo/bazel-repos/cloned_repos/bliporg__blip/deps/libluau/BUILD:72:21: Target '//deps/libluau:Luau.EqSat' contains an error and its package is in error and referenced by '//deps/libluau:luau-ios'
ERROR: /data/h445xu/repo/bazel-repos/cloned_repos/bliporg__blip/deps/libluau/BUILD:72:21: Target '//deps/libluau:Luau.VM' contains an error and its package is in error and referenced by '//deps/libluau:luau-ios'
ERROR: /data/h445xu/repo/bazel-repos/cloned_repos/bliporg__blip/deps/libluau/BUILD:45:6: Target '//deps/libluau:luau-macos' contains an error and its package is in error and referenced by '//deps/libluau:luau'
ERROR: /data/h445xu/repo/bazel-repos/cloned_repos/bliporg__blip/deps/libluau/BUILD:45:6: Target '//deps/libluau:luau-ios' contains an error and its package is in error and referenced by '//deps/libluau:luau'
ERROR: /data/h445xu/repo/bazel-repos/cloned_repos/bliporg__blip/deps/libluau/BUILD:45:6: Target '//deps/libluau:luau-default' contains an error and its package is in error and referenced by '//deps/libluau:luau'
ERROR: Evaluation of query "deps(//...)" failed: errors were encountered while computing transitive closure
WARNING: --keep_going specified, ignoring errors. Results may be inaccurate
Read 0 lines from bazel query output...
Read 1000 lines from bazel query output...
Read 2000 lines from bazel query output...
