Starting local Bazel server (8.3.1) and connecting to it...
 no actions running
 no actions running
Loading: 0 packages loaded
Loading: 1 packages loaded
    currently loading: cache/httpproxy ... (28 packages)
WARNING: Fetching from distroless/base-nossl-debian12@nonroot-arm64 without an integrity hash, result will not be cached.
WARNING: Fetching from distroless/base-nossl-debian12@nonroot-amd64 without an integrity hash, result will not be cached.
WARNING: Fetching from distroless/base-nossl-debian12@nonroot-amd64 without an integrity hash, result will not be cached.
WARNING: Fetching from distroless/base-nossl-debian12@nonroot-arm64 without an integrity hash, result will not be cached.
Loading: 108 packages loaded
Loading: 109 packages loaded
Loading: 110 packages loaded
Loading: 110 packages loaded
Loading: 110 packages loaded
Loading: 428 packages loaded
Loading: 437 packages loaded
Loading: 452 packages loaded
Loading: 453 packages loaded
Loading: 453 packages loaded
Loading: 455 packages loaded
Read 0 lines from bazel query output...
Read 1000 lines from bazel query output...
Read 2000 lines from bazel query output...
Read 3000 lines from bazel query output...
Read 4000 lines from bazel query output...
Read 5000 lines from bazel query output...
Read 6000 lines from bazel query output...
Read 7000 lines from bazel query output...
Read 8000 lines from bazel query output...
Read 9000 lines from bazel query output...
Read 10000 lines from bazel query output...
Read 11000 lines from bazel query output...
Read 12000 lines from bazel query output...
Read 13000 lines from bazel query output...
Read 14000 lines from bazel query output...
Read 15000 lines from bazel query output...
Read 16000 lines from bazel query output...
Read 17000 lines from bazel query output...
Read 18000 lines from bazel query output...
