Starting local Bazel server (8.2.1) and connecting to it...
INFO: Streaming build results to: https://app.buildbuddy.io/invocation/ec06ce9c-44c3-4ff5-83a1-3e1f5b37c90d
WARNING: WORKSPACE support will be removed in Bazel 9 (late 2025), please migrate to Bzlmod, see https://bazel.build/external/migration.
 no actions running
 no actions running
 no actions running
Loading: 0 packages loaded
Loading: 2198 packages loaded
INFO: Repository ci_runner_image instantiated at:
  /data/h445xu/repo/bazel-repos/cloned_repos/buildbuddy-io__buildbuddy/WORKSPACE:540:17: in <toplevel>
Repository rule dockerfile_image defined at:
  /data/h445xu/.cache/bazel/_bazel_hongxu/c572f4eb42158898212af827d13e8082/external/io_bazel_rules_docker/contrib/dockerfile_build.bzl:107:35: in <toplevel>
INFO: Repository default_execution_image instantiated at:
  /data/h445xu/repo/bazel-repos/cloned_repos/buildbuddy-io__buildbuddy/WORKSPACE:496:17: in <toplevel>
Repository rule dockerfile_image defined at:
  /data/h445xu/.cache/bazel/_bazel_hongxu/c572f4eb42158898212af827d13e8082/external/io_bazel_rules_docker/contrib/dockerfile_build.bzl:107:35: in <toplevel>
ERROR: /data/h445xu/.cache/bazel/_bazel_hongxu/c572f4eb42158898212af827d13e8082/external/io_bazel_rules_docker/contrib/dockerfile_build.bzl:83:13: An error occurred during the fetch of repository 'ci_runner_image':
   Traceback (most recent call last):
	File "/data/h445xu/.cache/bazel/_bazel_hongxu/c572f4eb42158898212af827d13e8082/external/io_bazel_rules_docker/contrib/dockerfile_build.bzl", line 83, column 13, in _impl
		fail("docker build command failed: {} ({})".format(
Error in fail: docker build command failed: #0 building with "default" instance using docker driver

#1 [internal] load build definition from Dockerfile
#1 transferring dockerfile: 2.07kB done
#1 DONE 0.1s

#2 [internal] load metadata for gcr.io/cloud-marketplace/google/rbe-ubuntu18-04@sha256:48b67b41118dbcdfc265e7335f454fbefa62681ab8d47200971fc7a52fb32054
#2 ERROR: failed to authorize: failed to fetch anonymous token: unexpected status from GET request to https://gcr.io/v2/token?scope=repository%3Acloud-marketplace%2Fgcr.io%2Fgoogle%2Frbe-ubuntu18-04%3Apull&scope=repository%3Acloud-marketplace%2Fgoogle%2Frbe-ubuntu18-04%3Apull&service=gcr.io: 403 Forbidden
------
 > [internal] load metadata for gcr.io/cloud-marketplace/google/rbe-ubuntu18-04@sha256:48b67b41118dbcdfc265e7335f454fbefa62681ab8d47200971fc7a52fb32054:
------
Dockerfile:1
--------------------
   1 | >>> FROM gcr.io/cloud-marketplace/google/rbe-ubuntu18-04@sha256:48b67b41118dbcdfc265e7335f454fbefa62681ab8d47200971fc7a52fb32054
   2 |     
   3 |     RUN add-apt-repository ppa:git-core/ppa && \
--------------------
ERROR: failed to solve: gcr.io/cloud-marketplace/google/rbe-ubuntu18-04@sha256:48b67b41118dbcdfc265e7335f454fbefa62681ab8d47200971fc7a52fb32054: failed to resolve source metadata for gcr.io/cloud-marketplace/google/rbe-ubuntu18-04@sha256:48b67b41118dbcdfc265e7335f454fbefa62681ab8d47200971fc7a52fb32054: failed to authorize: failed to fetch anonymous token: unexpected status from GET request to https://gcr.io/v2/token?scope=repository%3Acloud-marketplace%2Fgcr.io%2Fgoogle%2Frbe-ubuntu18-04%3Apull&scope=repository%3Acloud-marketplace%2Fgoogle%2Frbe-ubuntu18-04%3Apull&service=gcr.io: 403 Forbidden
 (/usr/bin/docker build --no-cache -f /data/h445xu/repo/bazel-repos/cloned_repos/buildbuddy-io__buildbuddy/enterprise/dockerfiles/ci_runner_image/Dockerfile -t ci_runner_image:dockerfile_image /data/h445xu/repo/bazel-repos/cloned_repos/buildbuddy-io__buildbuddy/enterprise/dockerfiles/ci_runner_image)
ERROR: /data/h445xu/.cache/bazel/_bazel_hongxu/c572f4eb42158898212af827d13e8082/external/io_bazel_rules_docker/contrib/dockerfile_build.bzl:83:13: An error occurred during the fetch of repository 'default_execution_image':
   Traceback (most recent call last):
	File "/data/h445xu/.cache/bazel/_bazel_hongxu/c572f4eb42158898212af827d13e8082/external/io_bazel_rules_docker/contrib/dockerfile_build.bzl", line 83, column 13, in _impl
		fail("docker build command failed: {} ({})".format(
Error in fail: docker build command failed: #0 building with "default" instance using docker driver

#1 [internal] load build definition from Dockerfile
#1 transferring dockerfile: 1.24kB done
#1 DONE 0.1s

#2 [internal] load metadata for gcr.io/cloud-marketplace/google/rbe-ubuntu16-04@sha256:5464e3e83dc656fc6e4eae6a01f5c2645f1f7e95854b3802b85e86484132d90e
#2 ERROR: failed to authorize: failed to fetch anonymous token: unexpected status from GET request to https://gcr.io/v2/token?scope=repository%3Acloud-marketplace%2Fgcr.io%2Fgoogle%2Frbe-ubuntu16-04%3Apull&scope=repository%3Acloud-marketplace%2Fgoogle%2Frbe-ubuntu16-04%3Apull&service=gcr.io: 403 Forbidden
------
 > [internal] load metadata for gcr.io/cloud-marketplace/google/rbe-ubuntu16-04@sha256:5464e3e83dc656fc6e4eae6a01f5c2645f1f7e95854b3802b85e86484132d90e:
------
Dockerfile:1
--------------------
   1 | >>> FROM gcr.io/cloud-marketplace/google/rbe-ubuntu16-04@sha256:5464e3e83dc656fc6e4eae6a01f5c2645f1f7e95854b3802b85e86484132d90e
   2 |     
   3 |     RUN apt-get update && apt-get install -y rpm build-essential && apt-get clean && rm -rf /var/lib/apt/lists/*
--------------------
ERROR: failed to solve: gcr.io/cloud-marketplace/google/rbe-ubuntu16-04@sha256:5464e3e83dc656fc6e4eae6a01f5c2645f1f7e95854b3802b85e86484132d90e: failed to resolve source metadata for gcr.io/cloud-marketplace/google/rbe-ubuntu16-04@sha256:5464e3e83dc656fc6e4eae6a01f5c2645f1f7e95854b3802b85e86484132d90e: failed to authorize: failed to fetch anonymous token: unexpected status from GET request to https://gcr.io/v2/token?scope=repository%3Acloud-marketplace%2Fgcr.io%2Fgoogle%2Frbe-ubuntu16-04%3Apull&scope=repository%3Acloud-marketplace%2Fgoogle%2Frbe-ubuntu16-04%3Apull&service=gcr.io: 403 Forbidden
 (/usr/bin/docker build --no-cache -f /data/h445xu/repo/bazel-repos/cloned_repos/buildbuddy-io__buildbuddy/dockerfiles/default_execution_image/Dockerfile -t default_execution_image:dockerfile_image /data/h445xu/repo/bazel-repos/cloned_repos/buildbuddy-io__buildbuddy/dockerfiles/default_execution_image)
Loading: 3281 packages loaded
ERROR: /data/h445xu/repo/bazel-repos/cloned_repos/buildbuddy-io__buildbuddy/enterprise/server/cmd/ci_runner/BUILD:62:16: no such package '@@ci_runner_image//image': docker build command failed: #0 building with "default" instance using docker driver

#1 [internal] load build definition from Dockerfile
#1 transferring dockerfile: 2.07kB done
#1 DONE 0.1s

#2 [internal] load metadata for gcr.io/cloud-marketplace/google/rbe-ubuntu18-04@sha256:48b67b41118dbcdfc265e7335f454fbefa62681ab8d47200971fc7a52fb32054
#2 ERROR: failed to authorize: failed to fetch anonymous token: unexpected status from GET request to https://gcr.io/v2/token?scope=repository%3Acloud-marketplace%2Fgcr.io%2Fgoogle%2Frbe-ubuntu18-04%3Apull&scope=repository%3Acloud-marketplace%2Fgoogle%2Frbe-ubuntu18-04%3Apull&service=gcr.io: 403 Forbidden
------
 > [internal] load metadata for gcr.io/cloud-marketplace/google/rbe-ubuntu18-04@sha256:48b67b41118dbcdfc265e7335f454fbefa62681ab8d47200971fc7a52fb32054:
------
Dockerfile:1
--------------------
   1 | >>> FROM gcr.io/cloud-marketplace/google/rbe-ubuntu18-04@sha256:48b67b41118dbcdfc265e7335f454fbefa62681ab8d47200971fc7a52fb32054
   2 |     
   3 |     RUN add-apt-repository ppa:git-core/ppa && \
--------------------
ERROR: failed to solve: gcr.io/cloud-marketplace/google/rbe-ubuntu18-04@sha256:48b67b41118dbcdfc265e7335f454fbefa62681ab8d47200971fc7a52fb32054: failed to resolve source metadata for gcr.io/cloud-marketplace/google/rbe-ubuntu18-04@sha256:48b67b41118dbcdfc265e7335f454fbefa62681ab8d47200971fc7a52fb32054: failed to authorize: failed to fetch anonymous token: unexpected status from GET request to https://gcr.io/v2/token?scope=repository%3Acloud-marketplace%2Fgcr.io%2Fgoogle%2Frbe-ubuntu18-04%3Apull&scope=repository%3Acloud-marketplace%2Fgoogle%2Frbe-ubuntu18-04%3Apull&service=gcr.io: 403 Forbidden
 (/usr/bin/docker build --no-cache -f /data/h445xu/repo/bazel-repos/cloned_repos/buildbuddy-io__buildbuddy/enterprise/dockerfiles/ci_runner_image/Dockerfile -t ci_runner_image:dockerfile_image /data/h445xu/repo/bazel-repos/cloned_repos/buildbuddy-io__buildbuddy/enterprise/dockerfiles/ci_runner_image) and referenced by '//enterprise/server/cmd/ci_runner:base_image'
ERROR: /data/h445xu/repo/bazel-repos/cloned_repos/buildbuddy-io__buildbuddy/enterprise/server/cmd/executor/BUILD:282:16: no such package '@@default_execution_image//image': docker build command failed: #0 building with "default" instance using docker driver

#1 [internal] load build definition from Dockerfile
#1 transferring dockerfile: 1.24kB done
#1 DONE 0.1s

#2 [internal] load metadata for gcr.io/cloud-marketplace/google/rbe-ubuntu16-04@sha256:5464e3e83dc656fc6e4eae6a01f5c2645f1f7e95854b3802b85e86484132d90e
#2 ERROR: failed to authorize: failed to fetch anonymous token: unexpected status from GET request to https://gcr.io/v2/token?scope=repository%3Acloud-marketplace%2Fgcr.io%2Fgoogle%2Frbe-ubuntu16-04%3Apull&scope=repository%3Acloud-marketplace%2Fgoogle%2Frbe-ubuntu16-04%3Apull&service=gcr.io: 403 Forbidden
------
 > [internal] load metadata for gcr.io/cloud-marketplace/google/rbe-ubuntu16-04@sha256:5464e3e83dc656fc6e4eae6a01f5c2645f1f7e95854b3802b85e86484132d90e:
------
Dockerfile:1
--------------------
   1 | >>> FROM gcr.io/cloud-marketplace/google/rbe-ubuntu16-04@sha256:5464e3e83dc656fc6e4eae6a01f5c2645f1f7e95854b3802b85e86484132d90e
   2 |     
   3 |     RUN apt-get update && apt-get install -y rpm build-essential && apt-get clean && rm -rf /var/lib/apt/lists/*
--------------------
ERROR: failed to solve: gcr.io/cloud-marketplace/google/rbe-ubuntu16-04@sha256:5464e3e83dc656fc6e4eae6a01f5c2645f1f7e95854b3802b85e86484132d90e: failed to resolve source metadata for gcr.io/cloud-marketplace/google/rbe-ubuntu16-04@sha256:5464e3e83dc656fc6e4eae6a01f5c2645f1f7e95854b3802b85e86484132d90e: failed to authorize: failed to fetch anonymous token: unexpected status from GET request to https://gcr.io/v2/token?scope=repository%3Acloud-marketplace%2Fgcr.io%2Fgoogle%2Frbe-ubuntu16-04%3Apull&scope=repository%3Acloud-marketplace%2Fgoogle%2Frbe-ubuntu16-04%3Apull&service=gcr.io: 403 Forbidden
 (/usr/bin/docker build --no-cache -f /data/h445xu/repo/bazel-repos/cloned_repos/buildbuddy-io__buildbuddy/dockerfiles/default_execution_image/Dockerfile -t default_execution_image:dockerfile_image /data/h445xu/repo/bazel-repos/cloned_repos/buildbuddy-io__buildbuddy/dockerfiles/default_execution_image) and referenced by '//enterprise/server/cmd/executor:default_base_image'
ERROR: Evaluation of query "deps(//...)" failed: errors were encountered while computing transitive closure
WARNING: --keep_going specified, ignoring errors. Results may be inaccurate
Read 0 lines from bazel query output...
Read 1000 lines from bazel query output...
Read 2000 lines from bazel query output...
Read 3000 lines from bazel query output...
Read 4000 lines from bazel query output...
Read 5000 lines from bazel query output...
Read 6000 lines from bazel query output...
Read 7000 lines from bazel query output...
Read 8000 lines from bazel query output...
Read 9000 lines from bazel query output...
Read 10000 lines from bazel query output...
Read 11000 lines from bazel query output...
Read 12000 lines from bazel query output...
Read 13000 lines from bazel query output...
Read 14000 lines from bazel query output...
Read 15000 lines from bazel query output...
Read 16000 lines from bazel query output...
Read 17000 lines from bazel query output...
Read 18000 lines from bazel query output...
Read 19000 lines from bazel query output...
Read 20000 lines from bazel query output...
Read 21000 lines from bazel query output...
Read 22000 lines from bazel query output...
Read 23000 lines from bazel query output...
Read 24000 lines from bazel query output...
Read 25000 lines from bazel query output...
Read 26000 lines from bazel query output...
Read 27000 lines from bazel query output...
Read 28000 lines from bazel query output...
Read 29000 lines from bazel query output...
Read 30000 lines from bazel query output...
Read 31000 lines from bazel query output...
Read 32000 lines from bazel query output...
Read 33000 lines from bazel query output...
Read 34000 lines from bazel query output...
Read 35000 lines from bazel query output...
Read 36000 lines from bazel query output...
Read 37000 lines from bazel query output...
Read 38000 lines from bazel query output...
Read 39000 lines from bazel query output...
Read 40000 lines from bazel query output...
Read 41000 lines from bazel query output...
Read 42000 lines from bazel query output...
Read 43000 lines from bazel query output...
Read 44000 lines from bazel query output...
Read 45000 lines from bazel query output...
Read 46000 lines from bazel query output...
Read 47000 lines from bazel query output...
Read 48000 lines from bazel query output...
Read 49000 lines from bazel query output...
Read 50000 lines from bazel query output...
Read 51000 lines from bazel query output...
Read 52000 lines from bazel query output...
Read 53000 lines from bazel query output...
Read 54000 lines from bazel query output...
Read 55000 lines from bazel query output...
Read 56000 lines from bazel query output...
Read 57000 lines from bazel query output...
Read 58000 lines from bazel query output...
Read 59000 lines from bazel query output...
Read 60000 lines from bazel query output...
Read 61000 lines from bazel query output...
Read 62000 lines from bazel query output...
Read 63000 lines from bazel query output...
Read 64000 lines from bazel query output...
Read 65000 lines from bazel query output...
Read 66000 lines from bazel query output...
Read 67000 lines from bazel query output...
Read 68000 lines from bazel query output...
Read 69000 lines from bazel query output...
Read 70000 lines from bazel query output...
Read 71000 lines from bazel query output...
Read 72000 lines from bazel query output...
Read 73000 lines from bazel query output...
Read 74000 lines from bazel query output...
Read 75000 lines from bazel query output...
Read 76000 lines from bazel query output...
Read 77000 lines from bazel query output...
Read 78000 lines from bazel query output...
Read 79000 lines from bazel query output...
Read 80000 lines from bazel query output...
Read 81000 lines from bazel query output...
Read 82000 lines from bazel query output...
Read 83000 lines from bazel query output...
Read 84000 lines from bazel query output...
Read 85000 lines from bazel query output...
Read 86000 lines from bazel query output...
Read 87000 lines from bazel query output...
Read 88000 lines from bazel query output...
Read 89000 lines from bazel query output...
Read 90000 lines from bazel query output...
Read 91000 lines from bazel query output...
Read 92000 lines from bazel query output...
Read 93000 lines from bazel query output...
Read 94000 lines from bazel query output...
Read 95000 lines from bazel query output...
Read 96000 lines from bazel query output...
Read 97000 lines from bazel query output...
Read 98000 lines from bazel query output...
Read 99000 lines from bazel query output...
Read 100000 lines from bazel query output...
Read 101000 lines from bazel query output...
Read 102000 lines from bazel query output...
Read 103000 lines from bazel query output...
Read 104000 lines from bazel query output...
Read 105000 lines from bazel query output...
Read 106000 lines from bazel query output...
Read 107000 lines from bazel query output...
Read 108000 lines from bazel query output...
Read 109000 lines from bazel query output...
Read 110000 lines from bazel query output...
Read 111000 lines from bazel query output...
Read 112000 lines from bazel query output...
Read 113000 lines from bazel query output...
Read 114000 lines from bazel query output...
Read 115000 lines from bazel query output...
Read 116000 lines from bazel query output...
Read 117000 lines from bazel query output...
Read 118000 lines from bazel query output...
Read 119000 lines from bazel query output...
Read 120000 lines from bazel query output...
Read 121000 lines from bazel query output...
Read 122000 lines from bazel query output...
Read 123000 lines from bazel query output...
Read 124000 lines from bazel query output...
Read 125000 lines from bazel query output...
Read 126000 lines from bazel query output...
Read 127000 lines from bazel query output...
Read 128000 lines from bazel query output...
Read 129000 lines from bazel query output...
Read 130000 lines from bazel query output...
Read 131000 lines from bazel query output...
Read 132000 lines from bazel query output...
Read 133000 lines from bazel query output...
Read 134000 lines from bazel query output...
Read 135000 lines from bazel query output...
Read 136000 lines from bazel query output...
Read 137000 lines from bazel query output...
Read 138000 lines from bazel query output...
Read 139000 lines from bazel query output...
Read 140000 lines from bazel query output...
Read 141000 lines from bazel query output...
Read 142000 lines from bazel query output...
Read 143000 lines from bazel query output...
Read 144000 lines from bazel query output...
Read 145000 lines from bazel query output...
Read 146000 lines from bazel query output...
Read 147000 lines from bazel query output...
Read 148000 lines from bazel query output...
Read 149000 lines from bazel query output...
Read 150000 lines from bazel query output...
Read 151000 lines from bazel query output...
Read 152000 lines from bazel query output...
Read 153000 lines from bazel query output...
Read 154000 lines from bazel query output...
Read 155000 lines from bazel query output...
Read 156000 lines from bazel query output...
Read 157000 lines from bazel query output...
Read 158000 lines from bazel query output...
Read 159000 lines from bazel query output...
Read 160000 lines from bazel query output...
Read 161000 lines from bazel query output...
Read 162000 lines from bazel query output...
Read 163000 lines from bazel query output...
Read 164000 lines from bazel query output...
Read 165000 lines from bazel query output...
Read 166000 lines from bazel query output...
Read 167000 lines from bazel query output...
Read 168000 lines from bazel query output...
Read 169000 lines from bazel query output...
Read 170000 lines from bazel query output...
Read 171000 lines from bazel query output...
Read 172000 lines from bazel query output...
Read 173000 lines from bazel query output...
Read 174000 lines from bazel query output...
Read 175000 lines from bazel query output...
Read 176000 lines from bazel query output...
Read 177000 lines from bazel query output...
Read 178000 lines from bazel query output...
Read 179000 lines from bazel query output...
Read 180000 lines from bazel query output...
Read 181000 lines from bazel query output...
Read 182000 lines from bazel query output...
Read 183000 lines from bazel query output...
Read 184000 lines from bazel query output...
Read 185000 lines from bazel query output...
Read 186000 lines from bazel query output...
Read 187000 lines from bazel query output...
Read 188000 lines from bazel query output...
Read 189000 lines from bazel query output...
Read 190000 lines from bazel query output...
Read 191000 lines from bazel query output...
Read 192000 lines from bazel query output...
Read 193000 lines from bazel query output...
Read 194000 lines from bazel query output...
Read 195000 lines from bazel query output...
Read 196000 lines from bazel query output...
Read 197000 lines from bazel query output...
Read 198000 lines from bazel query output...
Read 199000 lines from bazel query output...
Read 200000 lines from bazel query output...
Read 201000 lines from bazel query output...
Read 202000 lines from bazel query output...
Read 203000 lines from bazel query output...
Read 204000 lines from bazel query output...
Read 205000 lines from bazel query output...
Read 206000 lines from bazel query output...
Read 207000 lines from bazel query output...
Read 208000 lines from bazel query output...
Read 209000 lines from bazel query output...
Loading: 3281 packages loaded
INFO: Streaming build results to: https://app.buildbuddy.io/invocation/ec06ce9c-44c3-4ff5-83a1-3e1f5b37c90d
