Starting local Bazel server (8.3.1) and connecting to it...
 no actions running
 no actions running
 no actions running
 no actions running
WARNING: For repository 'aspect_bazel_lib', the root module requires module version aspect_bazel_lib@2.9.4, but got aspect_bazel_lib@2.13.0 in the resolved dependency graph. Please update the version in your MODULE.bazel or set --check_direct_dependencies=off
WARNING: For repository 'aspect_rules_js', the root module requires module version aspect_rules_js@2.1.3, but got aspect_rules_js@2.2.0 in the resolved dependency graph. Please update the version in your MODULE.bazel or set --check_direct_dependencies=off
WARNING: For repository 'googleapis', the root module requires module version googleapis@0.0.0-20240819-fe8ba054a, but got googleapis@0.0.0-20241220-5e258e33 in the resolved dependency graph. Please update the version in your MODULE.bazel or set --check_direct_dependencies=off
WARNING: For repository 'rules_cc', the root module requires module version rules_cc@0.0.17, but got rules_cc@0.1.1 in the resolved dependency graph. Please update the version in your MODULE.bazel or set --check_direct_dependencies=off
WARNING: For repository 'rules_oci', the root module requires module version rules_oci@2.2.2, but got rules_oci@2.2.5 in the resolved dependency graph. Please update the version in your MODULE.bazel or set --check_direct_dependencies=off
WARNING: For repository 'grpc-java', the root module requires module version grpc-java@1.64.0, but got grpc-java@1.66.0 in the resolved dependency graph. Please update the version in your MODULE.bazel or set --check_direct_dependencies=off
Loading: 0 packages loaded
Loading: 0 packages loaded
    currently loading: tools/remote-toolchains ... (10 packages)
Loading: 9 packages loaded
    currently loading: 
Loading: 203 packages loaded
    currently loading: @@com_github_buildbarn_bb_remote_execution+//cmd/bb_scheduler ... (3 packages)
Loading: 322 packages loaded
    currently loading: @@com_github_buildbarn_bb_storage+//
Loading: 325 packages loaded
    currently loading: @@com_github_buildbarn_bb_storage+//
Loading: 325 packages loaded
    currently loading: @@com_github_buildbarn_bb_storage+//
Loading: 325 packages loaded
    currently loading: @@com_github_buildbarn_bb_storage+//
Loading: 325 packages loaded
    currently loading: @@com_github_buildbarn_bb_storage+//
Loading: 854 packages loaded
Loading: 912 packages loaded
Loading: 990 packages loaded
Loading: 990 packages loaded
Loading: 1058 packages loaded
Read 0 lines from bazel query output...
Read 1000 lines from bazel query output...
Read 2000 lines from bazel query output...
Read 3000 lines from bazel query output...
Read 4000 lines from bazel query output...
Read 5000 lines from bazel query output...
Read 6000 lines from bazel query output...
Read 7000 lines from bazel query output...
Read 8000 lines from bazel query output...
Read 9000 lines from bazel query output...
Read 10000 lines from bazel query output...
Read 11000 lines from bazel query output...
Read 12000 lines from bazel query output...
Read 13000 lines from bazel query output...
Read 14000 lines from bazel query output...
Read 15000 lines from bazel query output...
Read 16000 lines from bazel query output...
Read 17000 lines from bazel query output...
Read 18000 lines from bazel query output...
Read 19000 lines from bazel query output...
Read 20000 lines from bazel query output...
Read 21000 lines from bazel query output...
Read 22000 lines from bazel query output...
Read 23000 lines from bazel query output...
Read 24000 lines from bazel query output...
Read 25000 lines from bazel query output...
Read 26000 lines from bazel query output...
Read 27000 lines from bazel query output...
Read 28000 lines from bazel query output...
Read 29000 lines from bazel query output...
Read 30000 lines from bazel query output...
Read 31000 lines from bazel query output...
Read 32000 lines from bazel query output...
Read 33000 lines from bazel query output...
Read 34000 lines from bazel query output...
Read 35000 lines from bazel query output...
Read 36000 lines from bazel query output...
Read 37000 lines from bazel query output...
Read 38000 lines from bazel query output...
Read 39000 lines from bazel query output...
