Starting local Bazel server (8.3.1) and connecting to it...
 no actions running
 no actions running
 no actions running
 no actions running
WARNING: For repository 'rules_proto', the root module requires module version rules_proto@6.0.2, but got rules_proto@7.0.2 in the resolved dependency graph. Please update the version in your MODULE.bazel or set --check_direct_dependencies=off
 no actions running
Loading: 0 packages loaded
Loading: 0 packages loaded
Loading: 0 packages loaded
Loading: 0 packages loaded
    currently loading: src/main/java/build/buildfarm/common/services ... (51 packages)
Loading: 77 packages loaded
    currently loading: third_party/remote-apis ... (2 packages)
Loading: 190 packages loaded
    currently loading: @@bazel_remote_apis+//build/bazel/remote/asset/v1 ... (5 packages)
Loading: 202 packages loaded
    currently loading: @@grpc-java+//core
Loading: 267 packages loaded
Loading: 282 packages loaded
Loading: 284 packages loaded
Loading: 290 packages loaded
Loading: 305 packages loaded
Loading: 320 packages loaded
Loading: 323 packages loaded
Loading: 343 packages loaded
Loading: 369 packages loaded
Loading: 369 packages loaded
Loading: 370 packages loaded
Loading: 375 packages loaded
Loading: 375 packages loaded
Loading: 375 packages loaded
Loading: 377 packages loaded
Loading: 377 packages loaded
Loading: 377 packages loaded
Loading: 377 packages loaded
Loading: 377 packages loaded
Loading: 377 packages loaded
Loading: 378 packages loaded
Loading: 379 packages loaded
Read 0 lines from bazel query output...
Read 1000 lines from bazel query output...
Read 2000 lines from bazel query output...
Read 3000 lines from bazel query output...
Read 4000 lines from bazel query output...
Read 5000 lines from bazel query output...
Read 6000 lines from bazel query output...
Read 7000 lines from bazel query output...
Read 8000 lines from bazel query output...
Read 9000 lines from bazel query output...
Read 10000 lines from bazel query output...
Read 11000 lines from bazel query output...
Read 12000 lines from bazel query output...
Read 13000 lines from bazel query output...
Read 14000 lines from bazel query output...
Read 15000 lines from bazel query output...
Read 16000 lines from bazel query output...
Read 17000 lines from bazel query output...
Read 18000 lines from bazel query output...
Read 19000 lines from bazel query output...
Read 20000 lines from bazel query output...
Read 21000 lines from bazel query output...
Read 22000 lines from bazel query output...
Read 23000 lines from bazel query output...
