Starting local Bazel server (8.3.1) and connecting to it...
 no actions running
 no actions running
 no actions running
Loading: 0 packages loaded
Loading: 0 packages loaded
Loading: 53 packages loaded
DEBUG: Rule '+_repo_rules+cJSON' indicated that a canonical reproducible form can be obtained by modifying arguments commit = "8f2beb57ddad1f94bed899790b00f46df893ccac" and dropping ["branch"]
DEBUG: Repository +_repo_rules+cJSON instantiated at:
  <builtin>: in <toplevel>
Repository rule git_repository defined at:
  /data/h445xu/.cache/bazel/_bazel_hongxu/eab283b29d467ed1058ba69db790450f/external/bazel_tools/tools/build_defs/repo/git.bzl:208:33: in <toplevel>
DEBUG: Rule '+_repo_rules2+jsoncpp' indicated that a canonical reproducible form can be obtained by modifying arguments commit = "ca98c98457b1163cca1f7d8db62827c115fec6d1" and dropping ["branch"]
DEBUG: Repository +_repo_rules2+jsoncpp instantiated at:
  <builtin>: in <toplevel>
Repository rule git_repository defined at:
  /data/h445xu/.cache/bazel/_bazel_hongxu/eab283b29d467ed1058ba69db790450f/external/bazel_tools/tools/build_defs/repo/git.bzl:208:33: in <toplevel>
DEBUG: Rule '+_repo_rules+yyjson' indicated that a canonical reproducible form can be obtained by modifying arguments commit = "87a6128ff5bd4660083b9eae1f7319edf2a76aef" and dropping ["branch"]
DEBUG: Repository +_repo_rules+yyjson instantiated at:
  <builtin>: in <toplevel>
Repository rule git_repository defined at:
  /data/h445xu/.cache/bazel/_bazel_hongxu/eab283b29d467ed1058ba69db790450f/external/bazel_tools/tools/build_defs/repo/git.bzl:208:33: in <toplevel>
DEBUG: Rule '+_repo_rules+rapidjson' indicated that a canonical reproducible form can be obtained by modifying arguments commit = "24b5e7a8b27f42fa16b96fc70aade9106cf7102f" and dropping ["branch"]
DEBUG: Repository +_repo_rules+rapidjson instantiated at:
  <builtin>: in <toplevel>
Repository rule git_repository defined at:
  /data/h445xu/.cache/bazel/_bazel_hongxu/eab283b29d467ed1058ba69db790450f/external/bazel_tools/tools/build_defs/repo/git.bzl:208:33: in <toplevel>
DEBUG: Rule '+_repo_rules+simdjson' indicated that a canonical reproducible form can be obtained by modifying arguments commit = "3e00a431a059076babe7c7653e576ebfe0e6c6c2" and dropping ["branch"]
DEBUG: Repository +_repo_rules+simdjson instantiated at:
  <builtin>: in <toplevel>
Repository rule git_repository defined at:
  /data/h445xu/.cache/bazel/_bazel_hongxu/eab283b29d467ed1058ba69db790450f/external/bazel_tools/tools/build_defs/repo/git.bzl:208:33: in <toplevel>
Loading: 58 packages loaded
Read 0 lines from bazel query output...
Read 1000 lines from bazel query output...
Read 2000 lines from bazel query output...
Read 3000 lines from bazel query output...
Read 4000 lines from bazel query output...
Read 5000 lines from bazel query output...
Read 6000 lines from bazel query output...
Read 7000 lines from bazel query output...
Read 8000 lines from bazel query output...
Read 9000 lines from bazel query output...
Read 10000 lines from bazel query output...
Read 11000 lines from bazel query output...
Read 12000 lines from bazel query output...
Read 13000 lines from bazel query output...
Read 14000 lines from bazel query output...
Read 15000 lines from bazel query output...
Read 16000 lines from bazel query output...
Read 17000 lines from bazel query output...
Read 18000 lines from bazel query output...
Read 19000 lines from bazel query output...
Read 20000 lines from bazel query output...
Read 21000 lines from bazel query output...
