Starting local Bazel server (8.3.1) and connecting to it...
 no actions running
 no actions running
 no actions running
WARNING: For repository 'rules_cc', the root module requires module version rules_cc@0.0.17, but got rules_cc@0.1.1 in the resolved dependency graph. Please update the version in your MODULE.bazel or set --check_direct_dependencies=off
Loading: 0 packages loaded
Loading: 47 packages loaded
ERROR: /data/h445xu/repo/bazel-repos/cloned_repos/cgrindel__rules_swift_package_manager/config_settings/spm/platform_configuration/BUILD.bazel:9:33: no such target '//config_settings/spm/platform:driverkit': target 'driverkit' not declared in package 'config_settings/spm/platform' defined by /data/h445xu/repo/bazel-repos/cloned_repos/cgrindel__rules_swift_package_manager/config_settings/spm/platform/BUILD.bazel and referenced by '//config_settings/spm/platform_configuration:driverkit_release'
ERROR: /data/h445xu/repo/bazel-repos/cloned_repos/cgrindel__rules_swift_package_manager/config_settings/spm/platform_configuration/BUILD.bazel:9:33: no such target '//config_settings/spm/platform:driverkit': target 'driverkit' not declared in package 'config_settings/spm/platform' defined by /data/h445xu/repo/bazel-repos/cloned_repos/cgrindel__rules_swift_package_manager/config_settings/spm/platform/BUILD.bazel and referenced by '//config_settings/spm/platform_configuration:driverkit_debug'
DEBUG: /data/h445xu/.cache/bazel/_bazel_hongxu/d8156c8448d6a1b4de0f54c6e1444d9d/external/rules_swift+/swift/internal/swift_autoconfiguration.bzl:211:14: No 'swiftc' executable found in $PATH. Not auto-generating a Linux Swift toolchain.
ERROR: /data/h445xu/repo/bazel-repos/cloned_repos/cgrindel__rules_swift_package_manager/swiftpkg/tests/generate_modulemap_tests/Sources/FooSwift/BUILD.bazel:7:14: every rule of type swift_library implicitly depends upon the target '@@rules_swift++non_module_deps+build_bazel_rules_swift_local_config//:toolchain', but this target could not be found because of: no such target '@@rules_swift++non_module_deps+build_bazel_rules_swift_local_config//:toolchain': target 'toolchain' not declared in package '' defined by /data/h445xu/.cache/bazel/_bazel_hongxu/d8156c8448d6a1b4de0f54c6e1444d9d/external/rules_swift++non_module_deps+build_bazel_rules_swift_local_config/BUILD
ERROR: /data/h445xu/repo/bazel-repos/cloned_repos/cgrindel__rules_swift_package_manager/swiftpkg/tests/generate_modulemap_tests/Sources/PrintVersion/BUILD.bazel:6:13: every rule of type swift_binary implicitly depends upon the target '@@rules_swift++non_module_deps+build_bazel_rules_swift_local_config//:toolchain', but this target could not be found because of: no such target '@@rules_swift++non_module_deps+build_bazel_rules_swift_local_config//:toolchain': target 'toolchain' not declared in package '' defined by /data/h445xu/.cache/bazel/_bazel_hongxu/d8156c8448d6a1b4de0f54c6e1444d9d/external/rules_swift++non_module_deps+build_bazel_rules_swift_local_config/BUILD
ERROR: /data/h445xu/repo/bazel-repos/cloned_repos/cgrindel__rules_swift_package_manager/swiftpkg/tests/generate_modulemap_tests/PrintVersionObjc/BUILD.bazel:19:13: every rule of type swift_binary implicitly depends upon the target '@@rules_swift++non_module_deps+build_bazel_rules_swift_local_config//:toolchain', but this target could not be found because of: no such target '@@rules_swift++non_module_deps+build_bazel_rules_swift_local_config//:toolchain': target 'toolchain' not declared in package '' defined by /data/h445xu/.cache/bazel/_bazel_hongxu/d8156c8448d6a1b4de0f54c6e1444d9d/external/rules_swift++non_module_deps+build_bazel_rules_swift_local_config/BUILD
Loading: 216 packages loaded
Loading: 216 packages loaded
Loading: 216 packages loaded
Loading: 216 packages loaded
Loading: 248 packages loaded
ERROR: /data/h445xu/repo/bazel-repos/cloned_repos/cgrindel__rules_swift_package_manager/config_settings/spm/platform_configuration/BUILD.bazel:9:33: no such target '//config_settings/spm/platform:driverkit': target 'driverkit' not declared in package 'config_settings/spm/platform' defined by /data/h445xu/repo/bazel-repos/cloned_repos/cgrindel__rules_swift_package_manager/config_settings/spm/platform/BUILD.bazel and referenced by '//config_settings/spm/platform_configuration:driverkit_release'
ERROR: /data/h445xu/repo/bazel-repos/cloned_repos/cgrindel__rules_swift_package_manager/config_settings/spm/platform_configuration/BUILD.bazel:9:33: no such target '//config_settings/spm/platform:driverkit': target 'driverkit' not declared in package 'config_settings/spm/platform' defined by /data/h445xu/repo/bazel-repos/cloned_repos/cgrindel__rules_swift_package_manager/config_settings/spm/platform/BUILD.bazel and referenced by '//config_settings/spm/platform_configuration:driverkit_debug'
ERROR: Evaluation of query "deps(//...)" failed: errors were encountered while computing transitive closure
WARNING: --keep_going specified, ignoring errors. Results may be inaccurate
Loading: 259 packages loaded
Read 0 lines from bazel query output...
Read 1000 lines from bazel query output...
Read 2000 lines from bazel query output...
Read 3000 lines from bazel query output...
Read 4000 lines from bazel query output...
Read 5000 lines from bazel query output...
Read 6000 lines from bazel query output...
Read 7000 lines from bazel query output...
Read 8000 lines from bazel query output...
Read 9000 lines from bazel query output...
Read 10000 lines from bazel query output...
Read 11000 lines from bazel query output...
Read 12000 lines from bazel query output...
Read 13000 lines from bazel query output...
Read 14000 lines from bazel query output...
Read 15000 lines from bazel query output...
Read 16000 lines from bazel query output...
Read 17000 lines from bazel query output...
Read 18000 lines from bazel query output...
Read 19000 lines from bazel query output...
Read 20000 lines from bazel query output...
Read 21000 lines from bazel query output...
