Starting local Bazel server and connecting to it...
 checking cached actions
 checking cached actions
 checking cached actions
WARNING: Download from https://mirror.bazel.build/github.com/bazel-contrib/rules_go/releases/download/v0.54.0/rules_go-v0.54.0.zip failed: class java.io.FileNotFoundException GET returned 404 Not Found
 checking cached actions
Loading: 0 packages loaded
WARNING: Could not find the `$HOME/.docker/config.json` and `$XDG_RUNTIME_DIR/containers/auth.json` file. 
 Running one of `podman login`, `docker login`, `crane login` may help.
WARNING: fetching from https://registry.access.redhat.com/v2/ubi9/ubi-minimal/manifests/latest without an integrity hash. The result will not be cached.
WARNING: fetching from https://registry.access.redhat.com/v2/ubi9/ubi-minimal/manifests/latest without an integrity hash. The result will not be cached.
Loading: 135 packages loaded
    currently loading: @rules_license//licenses/spdx
Loading: 140 packages loaded
Loading: 141 packages loaded
    currently loading: @kustomize_darwin_arm//
Loading: 142 packages loaded
Loading: 142 packages loaded
Loading: 144 packages loaded
Loading: 146 packages loaded
Loading: 153 packages loaded
Loading: 157 packages loaded
Loading: 160 packages loaded
Loading: 163 packages loaded
Loading: 164 packages loaded
Loading: 166 packages loaded
Loading: 169 packages loaded
Loading: 171 packages loaded
Loading: 171 packages loaded
Loading: 171 packages loaded
Loading: 172 packages loaded
Loading: 172 packages loaded
Loading: 172 packages loaded
WARNING: registry responded with a manifest that has schemaVersion=1. Usually happens when fetching from a registry that requires `Docker-Distribution-API-Version` header to be set.
Falling back to using `curl`. See https://github.com/bazelbuild/bazel/issues/17829 for the context.
WARNING: registry responded with a manifest that has schemaVersion=1. Usually happens when fetching from a registry that requires `Docker-Distribution-API-Version` header to be set.
Falling back to using `curl`. See https://github.com/bazelbuild/bazel/issues/17829 for the context.
WARNING: fetching from https://registry.access.redhat.com/v2/ubi9/ubi-minimal/manifests/latest without an integrity hash. The result will not be cached.
WARNING: fetching from https://registry.access.redhat.com/v2/ubi9/ubi-minimal/manifests/latest without an integrity hash. The result will not be cached.
Loading: 175 packages loaded
Loading: 177 packages loaded
Loading: 180 packages loaded
Loading: 180 packages loaded
Loading: 184 packages loaded
Loading: 184 packages loaded
Loading: 365 packages loaded
    currently loading: @io_k8s_sigs_controller_runtime//pkg/manager ... (13 packages)
ERROR: /data/h445xu/repo/bazel-repos/cloned_repos/cockroachdb__cockroach-operator/hack/build/BUILD.bazel:3:5: no such target '@org_golang_x_tools//go/analysis/passes/unusedresult:go_tool_library': target 'go_tool_library' not declared in package 'go/analysis/passes/unusedresult' defined by /data/h445xu/.cache/bazel/_bazel_hongxu/2eebaa5df60a93b9798eed6fc7b6e53f/external/org_golang_x_tools/go/analysis/passes/unusedresult/BUILD.bazel (Tip: use `query "@org_golang_x_tools//go/analysis/passes/unusedresult:*"` to see all the targets in that package) and referenced by '//hack/build:nogo_vet_actual'
ERROR: /data/h445xu/repo/bazel-repos/cloned_repos/cockroachdb__cockroach-operator/hack/build/BUILD.bazel:3:5: no such target '@org_golang_x_tools//go/analysis/passes/unsafeptr:go_tool_library': target 'go_tool_library' not declared in package 'go/analysis/passes/unsafeptr' defined by /data/h445xu/.cache/bazel/_bazel_hongxu/2eebaa5df60a93b9798eed6fc7b6e53f/external/org_golang_x_tools/go/analysis/passes/unsafeptr/BUILD.bazel (Tip: use `query "@org_golang_x_tools//go/analysis/passes/unsafeptr:*"` to see all the targets in that package) and referenced by '//hack/build:nogo_vet_actual'
ERROR: /data/h445xu/repo/bazel-repos/cloned_repos/cockroachdb__cockroach-operator/hack/build/BUILD.bazel:3:5: no such target '@org_golang_x_tools//go/analysis/passes/unreachable:go_tool_library': target 'go_tool_library' not declared in package 'go/analysis/passes/unreachable' defined by /data/h445xu/.cache/bazel/_bazel_hongxu/2eebaa5df60a93b9798eed6fc7b6e53f/external/org_golang_x_tools/go/analysis/passes/unreachable/BUILD.bazel (Tip: use `query "@org_golang_x_tools//go/analysis/passes/unreachable:*"` to see all the targets in that package) and referenced by '//hack/build:nogo_vet_actual'
ERROR: /data/h445xu/repo/bazel-repos/cloned_repos/cockroachdb__cockroach-operator/hack/build/BUILD.bazel:3:5: no such target '@org_golang_x_tools//go/analysis/passes/unmarshal:go_tool_library': target 'go_tool_library' not declared in package 'go/analysis/passes/unmarshal' defined by /data/h445xu/.cache/bazel/_bazel_hongxu/2eebaa5df60a93b9798eed6fc7b6e53f/external/org_golang_x_tools/go/analysis/passes/unmarshal/BUILD.bazel (Tip: use `query "@org_golang_x_tools//go/analysis/passes/unmarshal:*"` to see all the targets in that package) and referenced by '//hack/build:nogo_vet_actual'
ERROR: /data/h445xu/repo/bazel-repos/cloned_repos/cockroachdb__cockroach-operator/hack/build/BUILD.bazel:3:5: no such target '@org_golang_x_tools//go/analysis/passes/tests:go_tool_library': target 'go_tool_library' not declared in package 'go/analysis/passes/tests' defined by /data/h445xu/.cache/bazel/_bazel_hongxu/2eebaa5df60a93b9798eed6fc7b6e53f/external/org_golang_x_tools/go/analysis/passes/tests/BUILD.bazel (Tip: use `query "@org_golang_x_tools//go/analysis/passes/tests:*"` to see all the targets in that package) and referenced by '//hack/build:nogo_vet_actual'
ERROR: /data/h445xu/repo/bazel-repos/cloned_repos/cockroachdb__cockroach-operator/hack/build/BUILD.bazel:3:5: no such target '@org_golang_x_tools//go/analysis/passes/structtag:go_tool_library': target 'go_tool_library' not declared in package 'go/analysis/passes/structtag' defined by /data/h445xu/.cache/bazel/_bazel_hongxu/2eebaa5df60a93b9798eed6fc7b6e53f/external/org_golang_x_tools/go/analysis/passes/structtag/BUILD.bazel (Tip: use `query "@org_golang_x_tools//go/analysis/passes/structtag:*"` to see all the targets in that package) and referenced by '//hack/build:nogo_vet_actual'
ERROR: /data/h445xu/repo/bazel-repos/cloned_repos/cockroachdb__cockroach-operator/hack/build/BUILD.bazel:3:5: no such target '@org_golang_x_tools//go/analysis/passes/stdmethods:go_tool_library': target 'go_tool_library' not declared in package 'go/analysis/passes/stdmethods' defined by /data/h445xu/.cache/bazel/_bazel_hongxu/2eebaa5df60a93b9798eed6fc7b6e53f/external/org_golang_x_tools/go/analysis/passes/stdmethods/BUILD.bazel (Tip: use `query "@org_golang_x_tools//go/analysis/passes/stdmethods:*"` to see all the targets in that package) and referenced by '//hack/build:nogo_vet_actual'
ERROR: /data/h445xu/repo/bazel-repos/cloned_repos/cockroachdb__cockroach-operator/hack/build/BUILD.bazel:3:5: no such target '@org_golang_x_tools//go/analysis/passes/shift:go_tool_library': target 'go_tool_library' not declared in package 'go/analysis/passes/shift' defined by /data/h445xu/.cache/bazel/_bazel_hongxu/2eebaa5df60a93b9798eed6fc7b6e53f/external/org_golang_x_tools/go/analysis/passes/shift/BUILD.bazel (Tip: use `query "@org_golang_x_tools//go/analysis/passes/shift:*"` to see all the targets in that package) and referenced by '//hack/build:nogo_vet_actual'
ERROR: /data/h445xu/repo/bazel-repos/cloned_repos/cockroachdb__cockroach-operator/hack/build/BUILD.bazel:3:5: no such target '@org_golang_x_tools//go/analysis/passes/printf:go_tool_library': target 'go_tool_library' not declared in package 'go/analysis/passes/printf' defined by /data/h445xu/.cache/bazel/_bazel_hongxu/2eebaa5df60a93b9798eed6fc7b6e53f/external/org_golang_x_tools/go/analysis/passes/printf/BUILD.bazel (Tip: use `query "@org_golang_x_tools//go/analysis/passes/printf:*"` to see all the targets in that package) and referenced by '//hack/build:nogo_vet_actual'
ERROR: /data/h445xu/repo/bazel-repos/cloned_repos/cockroachdb__cockroach-operator/hack/build/BUILD.bazel:3:5: no such target '@org_golang_x_tools//go/analysis/passes/pkgfact:go_tool_library': target 'go_tool_library' not declared in package 'go/analysis/passes/pkgfact' defined by /data/h445xu/.cache/bazel/_bazel_hongxu/2eebaa5df60a93b9798eed6fc7b6e53f/external/org_golang_x_tools/go/analysis/passes/pkgfact/BUILD.bazel (Tip: use `query "@org_golang_x_tools//go/analysis/passes/pkgfact:*"` to see all the targets in that package) and referenced by '//hack/build:nogo_vet_actual'
ERROR: /data/h445xu/repo/bazel-repos/cloned_repos/cockroachdb__cockroach-operator/hack/build/BUILD.bazel:3:5: no such target '@org_golang_x_tools//go/analysis/passes/nilness:go_tool_library': target 'go_tool_library' not declared in package 'go/analysis/passes/nilness' defined by /data/h445xu/.cache/bazel/_bazel_hongxu/2eebaa5df60a93b9798eed6fc7b6e53f/external/org_golang_x_tools/go/analysis/passes/nilness/BUILD.bazel (Tip: use `query "@org_golang_x_tools//go/analysis/passes/nilness:*"` to see all the targets in that package) and referenced by '//hack/build:nogo_vet_actual'
ERROR: /data/h445xu/repo/bazel-repos/cloned_repos/cockroachdb__cockroach-operator/hack/build/BUILD.bazel:3:5: no such target '@org_golang_x_tools//go/analysis/passes/nilfunc:go_tool_library': target 'go_tool_library' not declared in package 'go/analysis/passes/nilfunc' defined by /data/h445xu/.cache/bazel/_bazel_hongxu/2eebaa5df60a93b9798eed6fc7b6e53f/external/org_golang_x_tools/go/analysis/passes/nilfunc/BUILD.bazel (Tip: use `query "@org_golang_x_tools//go/analysis/passes/nilfunc:*"` to see all the targets in that package) and referenced by '//hack/build:nogo_vet_actual'
ERROR: /data/h445xu/repo/bazel-repos/cloned_repos/cockroachdb__cockroach-operator/hack/build/BUILD.bazel:3:5: no such target '@org_golang_x_tools//go/analysis/passes/lostcancel:go_tool_library': target 'go_tool_library' not declared in package 'go/analysis/passes/lostcancel' defined by /data/h445xu/.cache/bazel/_bazel_hongxu/2eebaa5df60a93b9798eed6fc7b6e53f/external/org_golang_x_tools/go/analysis/passes/lostcancel/BUILD.bazel (Tip: use `query "@org_golang_x_tools//go/analysis/passes/lostcancel:*"` to see all the targets in that package) and referenced by '//hack/build:nogo_vet_actual'
ERROR: /data/h445xu/repo/bazel-repos/cloned_repos/cockroachdb__cockroach-operator/hack/build/BUILD.bazel:3:5: no such target '@org_golang_x_tools//go/analysis/passes/loopclosure:go_tool_library': target 'go_tool_library' not declared in package 'go/analysis/passes/loopclosure' defined by /data/h445xu/.cache/bazel/_bazel_hongxu/2eebaa5df60a93b9798eed6fc7b6e53f/external/org_golang_x_tools/go/analysis/passes/loopclosure/BUILD.bazel (Tip: use `query "@org_golang_x_tools//go/analysis/passes/loopclosure:*"` to see all the targets in that package) and referenced by '//hack/build:nogo_vet_actual'
ERROR: /data/h445xu/repo/bazel-repos/cloned_repos/cockroachdb__cockroach-operator/hack/build/BUILD.bazel:3:5: no such target '@org_golang_x_tools//go/analysis/passes/httpresponse:go_tool_library': target 'go_tool_library' not declared in package 'go/analysis/passes/httpresponse' defined by /data/h445xu/.cache/bazel/_bazel_hongxu/2eebaa5df60a93b9798eed6fc7b6e53f/external/org_golang_x_tools/go/analysis/passes/httpresponse/BUILD.bazel (Tip: use `query "@org_golang_x_tools//go/analysis/passes/httpresponse:*"` to see all the targets in that package) and referenced by '//hack/build:nogo_vet_actual'
ERROR: /data/h445xu/repo/bazel-repos/cloned_repos/cockroachdb__cockroach-operator/hack/build/BUILD.bazel:3:5: no such target '@org_golang_x_tools//go/analysis/passes/findcall:go_tool_library': target 'go_tool_library' not declared in package 'go/analysis/passes/findcall' defined by /data/h445xu/.cache/bazel/_bazel_hongxu/2eebaa5df60a93b9798eed6fc7b6e53f/external/org_golang_x_tools/go/analysis/passes/findcall/BUILD.bazel (Tip: use `query "@org_golang_x_tools//go/analysis/passes/findcall:*"` to see all the targets in that package) and referenced by '//hack/build:nogo_vet_actual'
ERROR: /data/h445xu/repo/bazel-repos/cloned_repos/cockroachdb__cockroach-operator/hack/build/BUILD.bazel:3:5: no such target '@org_golang_x_tools//go/analysis/passes/deepequalerrors:go_tool_library': target 'go_tool_library' not declared in package 'go/analysis/passes/deepequalerrors' defined by /data/h445xu/.cache/bazel/_bazel_hongxu/2eebaa5df60a93b9798eed6fc7b6e53f/external/org_golang_x_tools/go/analysis/passes/deepequalerrors/BUILD.bazel (Tip: use `query "@org_golang_x_tools//go/analysis/passes/deepequalerrors:*"` to see all the targets in that package) and referenced by '//hack/build:nogo_vet_actual'
ERROR: /data/h445xu/repo/bazel-repos/cloned_repos/cockroachdb__cockroach-operator/hack/build/BUILD.bazel:3:5: no such target '@org_golang_x_tools//go/analysis/passes/ctrlflow:go_tool_library': target 'go_tool_library' not declared in package 'go/analysis/passes/ctrlflow' defined by /data/h445xu/.cache/bazel/_bazel_hongxu/2eebaa5df60a93b9798eed6fc7b6e53f/external/org_golang_x_tools/go/analysis/passes/ctrlflow/BUILD.bazel (Tip: use `query "@org_golang_x_tools//go/analysis/passes/ctrlflow:*"` to see all the targets in that package) and referenced by '//hack/build:nogo_vet_actual'
ERROR: /data/h445xu/repo/bazel-repos/cloned_repos/cockroachdb__cockroach-operator/hack/build/BUILD.bazel:3:5: no such target '@org_golang_x_tools//go/analysis/passes/copylock:go_tool_library': target 'go_tool_library' not declared in package 'go/analysis/passes/copylock' defined by /data/h445xu/.cache/bazel/_bazel_hongxu/2eebaa5df60a93b9798eed6fc7b6e53f/external/org_golang_x_tools/go/analysis/passes/copylock/BUILD.bazel (Tip: use `query "@org_golang_x_tools//go/analysis/passes/copylock:*"` to see all the targets in that package) and referenced by '//hack/build:nogo_vet_actual'
ERROR: /data/h445xu/repo/bazel-repos/cloned_repos/cockroachdb__cockroach-operator/hack/build/BUILD.bazel:3:5: no such target '@org_golang_x_tools//go/analysis/passes/composite:go_tool_library': target 'go_tool_library' not declared in package 'go/analysis/passes/composite' defined by /data/h445xu/.cache/bazel/_bazel_hongxu/2eebaa5df60a93b9798eed6fc7b6e53f/external/org_golang_x_tools/go/analysis/passes/composite/BUILD.bazel (Tip: use `query "@org_golang_x_tools//go/analysis/passes/composite:*"` to see all the targets in that package) and referenced by '//hack/build:nogo_vet_actual'
ERROR: /data/h445xu/repo/bazel-repos/cloned_repos/cockroachdb__cockroach-operator/hack/build/BUILD.bazel:3:5: no such target '@org_golang_x_tools//go/analysis/passes/cgocall:go_tool_library': target 'go_tool_library' not declared in package 'go/analysis/passes/cgocall' defined by /data/h445xu/.cache/bazel/_bazel_hongxu/2eebaa5df60a93b9798eed6fc7b6e53f/external/org_golang_x_tools/go/analysis/passes/cgocall/BUILD.bazel (Tip: use `query "@org_golang_x_tools//go/analysis/passes/cgocall:*"` to see all the targets in that package) and referenced by '//hack/build:nogo_vet_actual'
ERROR: /data/h445xu/repo/bazel-repos/cloned_repos/cockroachdb__cockroach-operator/hack/build/BUILD.bazel:3:5: no such target '@org_golang_x_tools//go/analysis/passes/buildtag:go_tool_library': target 'go_tool_library' not declared in package 'go/analysis/passes/buildtag' defined by /data/h445xu/.cache/bazel/_bazel_hongxu/2eebaa5df60a93b9798eed6fc7b6e53f/external/org_golang_x_tools/go/analysis/passes/buildtag/BUILD.bazel (Tip: use `query "@org_golang_x_tools//go/analysis/passes/buildtag:*"` to see all the targets in that package) and referenced by '//hack/build:nogo_vet_actual'
ERROR: /data/h445xu/repo/bazel-repos/cloned_repos/cockroachdb__cockroach-operator/hack/build/BUILD.bazel:3:5: no such target '@org_golang_x_tools//go/analysis/passes/buildssa:go_tool_library': target 'go_tool_library' not declared in package 'go/analysis/passes/buildssa' defined by /data/h445xu/.cache/bazel/_bazel_hongxu/2eebaa5df60a93b9798eed6fc7b6e53f/external/org_golang_x_tools/go/analysis/passes/buildssa/BUILD.bazel (Tip: use `query "@org_golang_x_tools//go/analysis/passes/buildssa:*"` to see all the targets in that package) and referenced by '//hack/build:nogo_vet_actual'
ERROR: /data/h445xu/repo/bazel-repos/cloned_repos/cockroachdb__cockroach-operator/hack/build/BUILD.bazel:3:5: no such target '@org_golang_x_tools//go/analysis/passes/bools:go_tool_library': target 'go_tool_library' not declared in package 'go/analysis/passes/bools' defined by /data/h445xu/.cache/bazel/_bazel_hongxu/2eebaa5df60a93b9798eed6fc7b6e53f/external/org_golang_x_tools/go/analysis/passes/bools/BUILD.bazel (Tip: use `query "@org_golang_x_tools//go/analysis/passes/bools:*"` to see all the targets in that package) and referenced by '//hack/build:nogo_vet_actual'
ERROR: /data/h445xu/repo/bazel-repos/cloned_repos/cockroachdb__cockroach-operator/hack/build/BUILD.bazel:3:5: no such target '@org_golang_x_tools//go/analysis/passes/atomic:go_tool_library': target 'go_tool_library' not declared in package 'go/analysis/passes/atomic' defined by /data/h445xu/.cache/bazel/_bazel_hongxu/2eebaa5df60a93b9798eed6fc7b6e53f/external/org_golang_x_tools/go/analysis/passes/atomic/BUILD.bazel (Tip: use `query "@org_golang_x_tools//go/analysis/passes/atomic:*"` to see all the targets in that package) and referenced by '//hack/build:nogo_vet_actual'
ERROR: /data/h445xu/repo/bazel-repos/cloned_repos/cockroachdb__cockroach-operator/hack/build/BUILD.bazel:3:5: no such target '@org_golang_x_tools//go/analysis/passes/assign:go_tool_library': target 'go_tool_library' not declared in package 'go/analysis/passes/assign' defined by /data/h445xu/.cache/bazel/_bazel_hongxu/2eebaa5df60a93b9798eed6fc7b6e53f/external/org_golang_x_tools/go/analysis/passes/assign/BUILD.bazel (Tip: use `query "@org_golang_x_tools//go/analysis/passes/assign:*"` to see all the targets in that package) and referenced by '//hack/build:nogo_vet_actual'
ERROR: /data/h445xu/repo/bazel-repos/cloned_repos/cockroachdb__cockroach-operator/hack/build/BUILD.bazel:3:5: no such target '@org_golang_x_tools//go/analysis/passes/inspect:go_tool_library': target 'go_tool_library' not declared in package 'go/analysis/passes/inspect' defined by /data/h445xu/.cache/bazel/_bazel_hongxu/2eebaa5df60a93b9798eed6fc7b6e53f/external/org_golang_x_tools/go/analysis/passes/inspect/BUILD.bazel (Tip: use `query "@org_golang_x_tools//go/analysis/passes/inspect:*"` to see all the targets in that package) and referenced by '//hack/build:nogo_vet_actual'
ERROR: /data/h445xu/repo/bazel-repos/cloned_repos/cockroachdb__cockroach-operator/hack/build/BUILD.bazel:3:5: no such target '@org_golang_x_tools//go/analysis/passes/asmdecl:go_tool_library': target 'go_tool_library' not declared in package 'go/analysis/passes/asmdecl' defined by /data/h445xu/.cache/bazel/_bazel_hongxu/2eebaa5df60a93b9798eed6fc7b6e53f/external/org_golang_x_tools/go/analysis/passes/asmdecl/BUILD.bazel (Tip: use `query "@org_golang_x_tools//go/analysis/passes/asmdecl:*"` to see all the targets in that package) and referenced by '//hack/build:nogo_vet_actual'
Loading: 848 packages loaded
    currently loading: @com_github_mxk_go_flowrate//flowrate
ERROR: /data/h445xu/repo/bazel-repos/cloned_repos/cockroachdb__cockroach-operator/hack/build/BUILD.bazel:3:5: no such target '@org_golang_x_tools//go/analysis/passes/inspect:go_tool_library': target 'go_tool_library' not declared in package 'go/analysis/passes/inspect' defined by /data/h445xu/.cache/bazel/_bazel_hongxu/2eebaa5df60a93b9798eed6fc7b6e53f/external/org_golang_x_tools/go/analysis/passes/inspect/BUILD.bazel (Tip: use `query "@org_golang_x_tools//go/analysis/passes/inspect:*"` to see all the targets in that package) and referenced by '//hack/build:nogo_vet_actual'
ERROR: /data/h445xu/repo/bazel-repos/cloned_repos/cockroachdb__cockroach-operator/hack/build/BUILD.bazel:3:5: no such target '@org_golang_x_tools//go/analysis/passes/nilness:go_tool_library': target 'go_tool_library' not declared in package 'go/analysis/passes/nilness' defined by /data/h445xu/.cache/bazel/_bazel_hongxu/2eebaa5df60a93b9798eed6fc7b6e53f/external/org_golang_x_tools/go/analysis/passes/nilness/BUILD.bazel (Tip: use `query "@org_golang_x_tools//go/analysis/passes/nilness:*"` to see all the targets in that package) and referenced by '//hack/build:nogo_vet_actual'
ERROR: /data/h445xu/repo/bazel-repos/cloned_repos/cockroachdb__cockroach-operator/hack/build/BUILD.bazel:3:5: no such target '@org_golang_x_tools//go/analysis/passes/copylock:go_tool_library': target 'go_tool_library' not declared in package 'go/analysis/passes/copylock' defined by /data/h445xu/.cache/bazel/_bazel_hongxu/2eebaa5df60a93b9798eed6fc7b6e53f/external/org_golang_x_tools/go/analysis/passes/copylock/BUILD.bazel (Tip: use `query "@org_golang_x_tools//go/analysis/passes/copylock:*"` to see all the targets in that package) and referenced by '//hack/build:nogo_vet_actual'
ERROR: /data/h445xu/repo/bazel-repos/cloned_repos/cockroachdb__cockroach-operator/hack/build/BUILD.bazel:3:5: no such target '@org_golang_x_tools//go/analysis/passes/assign:go_tool_library': target 'go_tool_library' not declared in package 'go/analysis/passes/assign' defined by /data/h445xu/.cache/bazel/_bazel_hongxu/2eebaa5df60a93b9798eed6fc7b6e53f/external/org_golang_x_tools/go/analysis/passes/assign/BUILD.bazel (Tip: use `query "@org_golang_x_tools//go/analysis/passes/assign:*"` to see all the targets in that package) and referenced by '//hack/build:nogo_vet_actual'
ERROR: /data/h445xu/repo/bazel-repos/cloned_repos/cockroachdb__cockroach-operator/hack/build/BUILD.bazel:3:5: no such target '@org_golang_x_tools//go/analysis/passes/ctrlflow:go_tool_library': target 'go_tool_library' not declared in package 'go/analysis/passes/ctrlflow' defined by /data/h445xu/.cache/bazel/_bazel_hongxu/2eebaa5df60a93b9798eed6fc7b6e53f/external/org_golang_x_tools/go/analysis/passes/ctrlflow/BUILD.bazel (Tip: use `query "@org_golang_x_tools//go/analysis/passes/ctrlflow:*"` to see all the targets in that package) and referenced by '//hack/build:nogo_vet_actual'
ERROR: /data/h445xu/repo/bazel-repos/cloned_repos/cockroachdb__cockroach-operator/hack/build/BUILD.bazel:3:5: no such target '@org_golang_x_tools//go/analysis/passes/cgocall:go_tool_library': target 'go_tool_library' not declared in package 'go/analysis/passes/cgocall' defined by /data/h445xu/.cache/bazel/_bazel_hongxu/2eebaa5df60a93b9798eed6fc7b6e53f/external/org_golang_x_tools/go/analysis/passes/cgocall/BUILD.bazel (Tip: use `query "@org_golang_x_tools//go/analysis/passes/cgocall:*"` to see all the targets in that package) and referenced by '//hack/build:nogo_vet_actual'
ERROR: /data/h445xu/repo/bazel-repos/cloned_repos/cockroachdb__cockroach-operator/hack/build/BUILD.bazel:3:5: no such target '@org_golang_x_tools//go/analysis/passes/structtag:go_tool_library': target 'go_tool_library' not declared in package 'go/analysis/passes/structtag' defined by /data/h445xu/.cache/bazel/_bazel_hongxu/2eebaa5df60a93b9798eed6fc7b6e53f/external/org_golang_x_tools/go/analysis/passes/structtag/BUILD.bazel (Tip: use `query "@org_golang_x_tools//go/analysis/passes/structtag:*"` to see all the targets in that package) and referenced by '//hack/build:nogo_vet_actual'
ERROR: /data/h445xu/repo/bazel-repos/cloned_repos/cockroachdb__cockroach-operator/hack/build/BUILD.bazel:3:5: no such target '@org_golang_x_tools//go/analysis/passes/unreachable:go_tool_library': target 'go_tool_library' not declared in package 'go/analysis/passes/unreachable' defined by /data/h445xu/.cache/bazel/_bazel_hongxu/2eebaa5df60a93b9798eed6fc7b6e53f/external/org_golang_x_tools/go/analysis/passes/unreachable/BUILD.bazel (Tip: use `query "@org_golang_x_tools//go/analysis/passes/unreachable:*"` to see all the targets in that package) and referenced by '//hack/build:nogo_vet_actual'
ERROR: /data/h445xu/repo/bazel-repos/cloned_repos/cockroachdb__cockroach-operator/hack/build/BUILD.bazel:3:5: no such target '@org_golang_x_tools//go/analysis/passes/buildssa:go_tool_library': target 'go_tool_library' not declared in package 'go/analysis/passes/buildssa' defined by /data/h445xu/.cache/bazel/_bazel_hongxu/2eebaa5df60a93b9798eed6fc7b6e53f/external/org_golang_x_tools/go/analysis/passes/buildssa/BUILD.bazel (Tip: use `query "@org_golang_x_tools//go/analysis/passes/buildssa:*"` to see all the targets in that package) and referenced by '//hack/build:nogo_vet_actual'
ERROR: /data/h445xu/repo/bazel-repos/cloned_repos/cockroachdb__cockroach-operator/hack/build/BUILD.bazel:3:5: no such target '@org_golang_x_tools//go/analysis/passes/lostcancel:go_tool_library': target 'go_tool_library' not declared in package 'go/analysis/passes/lostcancel' defined by /data/h445xu/.cache/bazel/_bazel_hongxu/2eebaa5df60a93b9798eed6fc7b6e53f/external/org_golang_x_tools/go/analysis/passes/lostcancel/BUILD.bazel (Tip: use `query "@org_golang_x_tools//go/analysis/passes/lostcancel:*"` to see all the targets in that package) and referenced by '//hack/build:nogo_vet_actual'
ERROR: /data/h445xu/repo/bazel-repos/cloned_repos/cockroachdb__cockroach-operator/hack/build/BUILD.bazel:3:5: no such target '@org_golang_x_tools//go/analysis/passes/stdmethods:go_tool_library': target 'go_tool_library' not declared in package 'go/analysis/passes/stdmethods' defined by /data/h445xu/.cache/bazel/_bazel_hongxu/2eebaa5df60a93b9798eed6fc7b6e53f/external/org_golang_x_tools/go/analysis/passes/stdmethods/BUILD.bazel (Tip: use `query "@org_golang_x_tools//go/analysis/passes/stdmethods:*"` to see all the targets in that package) and referenced by '//hack/build:nogo_vet_actual'
ERROR: /data/h445xu/repo/bazel-repos/cloned_repos/cockroachdb__cockroach-operator/hack/build/BUILD.bazel:3:5: no such target '@org_golang_x_tools//go/analysis/passes/nilfunc:go_tool_library': target 'go_tool_library' not declared in package 'go/analysis/passes/nilfunc' defined by /data/h445xu/.cache/bazel/_bazel_hongxu/2eebaa5df60a93b9798eed6fc7b6e53f/external/org_golang_x_tools/go/analysis/passes/nilfunc/BUILD.bazel (Tip: use `query "@org_golang_x_tools//go/analysis/passes/nilfunc:*"` to see all the targets in that package) and referenced by '//hack/build:nogo_vet_actual'
ERROR: /data/h445xu/repo/bazel-repos/cloned_repos/cockroachdb__cockroach-operator/hack/build/BUILD.bazel:3:5: no such target '@org_golang_x_tools//go/analysis/passes/atomic:go_tool_library': target 'go_tool_library' not declared in package 'go/analysis/passes/atomic' defined by /data/h445xu/.cache/bazel/_bazel_hongxu/2eebaa5df60a93b9798eed6fc7b6e53f/external/org_golang_x_tools/go/analysis/passes/atomic/BUILD.bazel (Tip: use `query "@org_golang_x_tools//go/analysis/passes/atomic:*"` to see all the targets in that package) and referenced by '//hack/build:nogo_vet_actual'
ERROR: /data/h445xu/repo/bazel-repos/cloned_repos/cockroachdb__cockroach-operator/hack/build/BUILD.bazel:3:5: no such target '@org_golang_x_tools//go/analysis/passes/pkgfact:go_tool_library': target 'go_tool_library' not declared in package 'go/analysis/passes/pkgfact' defined by /data/h445xu/.cache/bazel/_bazel_hongxu/2eebaa5df60a93b9798eed6fc7b6e53f/external/org_golang_x_tools/go/analysis/passes/pkgfact/BUILD.bazel (Tip: use `query "@org_golang_x_tools//go/analysis/passes/pkgfact:*"` to see all the targets in that package) and referenced by '//hack/build:nogo_vet_actual'
ERROR: /data/h445xu/repo/bazel-repos/cloned_repos/cockroachdb__cockroach-operator/hack/build/BUILD.bazel:3:5: no such target '@org_golang_x_tools//go/analysis/passes/composite:go_tool_library': target 'go_tool_library' not declared in package 'go/analysis/passes/composite' defined by /data/h445xu/.cache/bazel/_bazel_hongxu/2eebaa5df60a93b9798eed6fc7b6e53f/external/org_golang_x_tools/go/analysis/passes/composite/BUILD.bazel (Tip: use `query "@org_golang_x_tools//go/analysis/passes/composite:*"` to see all the targets in that package) and referenced by '//hack/build:nogo_vet_actual'
ERROR: /data/h445xu/repo/bazel-repos/cloned_repos/cockroachdb__cockroach-operator/hack/build/BUILD.bazel:3:5: no such target '@org_golang_x_tools//go/analysis/passes/unsafeptr:go_tool_library': target 'go_tool_library' not declared in package 'go/analysis/passes/unsafeptr' defined by /data/h445xu/.cache/bazel/_bazel_hongxu/2eebaa5df60a93b9798eed6fc7b6e53f/external/org_golang_x_tools/go/analysis/passes/unsafeptr/BUILD.bazel (Tip: use `query "@org_golang_x_tools//go/analysis/passes/unsafeptr:*"` to see all the targets in that package) and referenced by '//hack/build:nogo_vet_actual'
ERROR: /data/h445xu/repo/bazel-repos/cloned_repos/cockroachdb__cockroach-operator/hack/build/BUILD.bazel:3:5: no such target '@org_golang_x_tools//go/analysis/passes/deepequalerrors:go_tool_library': target 'go_tool_library' not declared in package 'go/analysis/passes/deepequalerrors' defined by /data/h445xu/.cache/bazel/_bazel_hongxu/2eebaa5df60a93b9798eed6fc7b6e53f/external/org_golang_x_tools/go/analysis/passes/deepequalerrors/BUILD.bazel (Tip: use `query "@org_golang_x_tools//go/analysis/passes/deepequalerrors:*"` to see all the targets in that package) and referenced by '//hack/build:nogo_vet_actual'
ERROR: /data/h445xu/repo/bazel-repos/cloned_repos/cockroachdb__cockroach-operator/hack/build/BUILD.bazel:3:5: no such target '@org_golang_x_tools//go/analysis/passes/bools:go_tool_library': target 'go_tool_library' not declared in package 'go/analysis/passes/bools' defined by /data/h445xu/.cache/bazel/_bazel_hongxu/2eebaa5df60a93b9798eed6fc7b6e53f/external/org_golang_x_tools/go/analysis/passes/bools/BUILD.bazel (Tip: use `query "@org_golang_x_tools//go/analysis/passes/bools:*"` to see all the targets in that package) and referenced by '//hack/build:nogo_vet_actual'
ERROR: /data/h445xu/repo/bazel-repos/cloned_repos/cockroachdb__cockroach-operator/hack/build/BUILD.bazel:3:5: no such target '@org_golang_x_tools//go/analysis/passes/unmarshal:go_tool_library': target 'go_tool_library' not declared in package 'go/analysis/passes/unmarshal' defined by /data/h445xu/.cache/bazel/_bazel_hongxu/2eebaa5df60a93b9798eed6fc7b6e53f/external/org_golang_x_tools/go/analysis/passes/unmarshal/BUILD.bazel (Tip: use `query "@org_golang_x_tools//go/analysis/passes/unmarshal:*"` to see all the targets in that package) and referenced by '//hack/build:nogo_vet_actual'
ERROR: /data/h445xu/repo/bazel-repos/cloned_repos/cockroachdb__cockroach-operator/hack/build/BUILD.bazel:3:5: no such target '@org_golang_x_tools//go/analysis/passes/printf:go_tool_library': target 'go_tool_library' not declared in package 'go/analysis/passes/printf' defined by /data/h445xu/.cache/bazel/_bazel_hongxu/2eebaa5df60a93b9798eed6fc7b6e53f/external/org_golang_x_tools/go/analysis/passes/printf/BUILD.bazel (Tip: use `query "@org_golang_x_tools//go/analysis/passes/printf:*"` to see all the targets in that package) and referenced by '//hack/build:nogo_vet_actual'
ERROR: /data/h445xu/repo/bazel-repos/cloned_repos/cockroachdb__cockroach-operator/hack/build/BUILD.bazel:3:5: no such target '@org_golang_x_tools//go/analysis/passes/shift:go_tool_library': target 'go_tool_library' not declared in package 'go/analysis/passes/shift' defined by /data/h445xu/.cache/bazel/_bazel_hongxu/2eebaa5df60a93b9798eed6fc7b6e53f/external/org_golang_x_tools/go/analysis/passes/shift/BUILD.bazel (Tip: use `query "@org_golang_x_tools//go/analysis/passes/shift:*"` to see all the targets in that package) and referenced by '//hack/build:nogo_vet_actual'
ERROR: /data/h445xu/repo/bazel-repos/cloned_repos/cockroachdb__cockroach-operator/hack/build/BUILD.bazel:3:5: no such target '@org_golang_x_tools//go/analysis/passes/findcall:go_tool_library': target 'go_tool_library' not declared in package 'go/analysis/passes/findcall' defined by /data/h445xu/.cache/bazel/_bazel_hongxu/2eebaa5df60a93b9798eed6fc7b6e53f/external/org_golang_x_tools/go/analysis/passes/findcall/BUILD.bazel (Tip: use `query "@org_golang_x_tools//go/analysis/passes/findcall:*"` to see all the targets in that package) and referenced by '//hack/build:nogo_vet_actual'
ERROR: /data/h445xu/repo/bazel-repos/cloned_repos/cockroachdb__cockroach-operator/hack/build/BUILD.bazel:3:5: no such target '@org_golang_x_tools//go/analysis/passes/tests:go_tool_library': target 'go_tool_library' not declared in package 'go/analysis/passes/tests' defined by /data/h445xu/.cache/bazel/_bazel_hongxu/2eebaa5df60a93b9798eed6fc7b6e53f/external/org_golang_x_tools/go/analysis/passes/tests/BUILD.bazel (Tip: use `query "@org_golang_x_tools//go/analysis/passes/tests:*"` to see all the targets in that package) and referenced by '//hack/build:nogo_vet_actual'
ERROR: /data/h445xu/repo/bazel-repos/cloned_repos/cockroachdb__cockroach-operator/hack/build/BUILD.bazel:3:5: no such target '@org_golang_x_tools//go/analysis/passes/buildtag:go_tool_library': target 'go_tool_library' not declared in package 'go/analysis/passes/buildtag' defined by /data/h445xu/.cache/bazel/_bazel_hongxu/2eebaa5df60a93b9798eed6fc7b6e53f/external/org_golang_x_tools/go/analysis/passes/buildtag/BUILD.bazel (Tip: use `query "@org_golang_x_tools//go/analysis/passes/buildtag:*"` to see all the targets in that package) and referenced by '//hack/build:nogo_vet_actual'
ERROR: /data/h445xu/repo/bazel-repos/cloned_repos/cockroachdb__cockroach-operator/hack/build/BUILD.bazel:3:5: no such target '@org_golang_x_tools//go/analysis/passes/httpresponse:go_tool_library': target 'go_tool_library' not declared in package 'go/analysis/passes/httpresponse' defined by /data/h445xu/.cache/bazel/_bazel_hongxu/2eebaa5df60a93b9798eed6fc7b6e53f/external/org_golang_x_tools/go/analysis/passes/httpresponse/BUILD.bazel (Tip: use `query "@org_golang_x_tools//go/analysis/passes/httpresponse:*"` to see all the targets in that package) and referenced by '//hack/build:nogo_vet_actual'
ERROR: /data/h445xu/repo/bazel-repos/cloned_repos/cockroachdb__cockroach-operator/hack/build/BUILD.bazel:3:5: no such target '@org_golang_x_tools//go/analysis/passes/asmdecl:go_tool_library': target 'go_tool_library' not declared in package 'go/analysis/passes/asmdecl' defined by /data/h445xu/.cache/bazel/_bazel_hongxu/2eebaa5df60a93b9798eed6fc7b6e53f/external/org_golang_x_tools/go/analysis/passes/asmdecl/BUILD.bazel (Tip: use `query "@org_golang_x_tools//go/analysis/passes/asmdecl:*"` to see all the targets in that package) and referenced by '//hack/build:nogo_vet_actual'
ERROR: /data/h445xu/repo/bazel-repos/cloned_repos/cockroachdb__cockroach-operator/hack/build/BUILD.bazel:3:5: no such target '@org_golang_x_tools//go/analysis/passes/unusedresult:go_tool_library': target 'go_tool_library' not declared in package 'go/analysis/passes/unusedresult' defined by /data/h445xu/.cache/bazel/_bazel_hongxu/2eebaa5df60a93b9798eed6fc7b6e53f/external/org_golang_x_tools/go/analysis/passes/unusedresult/BUILD.bazel (Tip: use `query "@org_golang_x_tools//go/analysis/passes/unusedresult:*"` to see all the targets in that package) and referenced by '//hack/build:nogo_vet_actual'
ERROR: /data/h445xu/repo/bazel-repos/cloned_repos/cockroachdb__cockroach-operator/hack/build/BUILD.bazel:3:5: no such target '@org_golang_x_tools//go/analysis/passes/loopclosure:go_tool_library': target 'go_tool_library' not declared in package 'go/analysis/passes/loopclosure' defined by /data/h445xu/.cache/bazel/_bazel_hongxu/2eebaa5df60a93b9798eed6fc7b6e53f/external/org_golang_x_tools/go/analysis/passes/loopclosure/BUILD.bazel (Tip: use `query "@org_golang_x_tools//go/analysis/passes/loopclosure:*"` to see all the targets in that package) and referenced by '//hack/build:nogo_vet_actual'
ERROR: Evaluation of query "deps(//...)" failed: errors were encountered while computing transitive closure
WARNING: --keep_going specified, ignoring errors. Results may be inaccurate
Read 0 lines from bazel query output...
Read 1000 lines from bazel query output...
Read 2000 lines from bazel query output...
Read 3000 lines from bazel query output...
Read 4000 lines from bazel query output...
Read 5000 lines from bazel query output...
Read 6000 lines from bazel query output...
Read 7000 lines from bazel query output...
Read 8000 lines from bazel query output...
Read 9000 lines from bazel query output...
Read 10000 lines from bazel query output...
Read 11000 lines from bazel query output...
Read 12000 lines from bazel query output...
Loading: 918 packages loaded
Read 13000 lines from bazel query output...
Read 14000 lines from bazel query output...
Read 15000 lines from bazel query output...
Read 16000 lines from bazel query output...
Read 17000 lines from bazel query output...
Read 18000 lines from bazel query output...
Read 19000 lines from bazel query output...
Read 20000 lines from bazel query output...
Read 21000 lines from bazel query output...
Read 22000 lines from bazel query output...
Read 23000 lines from bazel query output...
Read 24000 lines from bazel query output...
Read 25000 lines from bazel query output...
Read 26000 lines from bazel query output...
Read 27000 lines from bazel query output...
Read 28000 lines from bazel query output...
Read 29000 lines from bazel query output...
Read 30000 lines from bazel query output...
Read 31000 lines from bazel query output...
Read 32000 lines from bazel query output...
Read 33000 lines from bazel query output...
Read 34000 lines from bazel query output...
Read 35000 lines from bazel query output...
Read 36000 lines from bazel query output...
Read 37000 lines from bazel query output...
Read 38000 lines from bazel query output...
Read 39000 lines from bazel query output...
Read 40000 lines from bazel query output...
Read 41000 lines from bazel query output...
Read 42000 lines from bazel query output...
Read 43000 lines from bazel query output...
Read 44000 lines from bazel query output...
Read 45000 lines from bazel query output...
Read 46000 lines from bazel query output...
Read 47000 lines from bazel query output...
Read 48000 lines from bazel query output...
Read 49000 lines from bazel query output...
Read 50000 lines from bazel query output...
Read 51000 lines from bazel query output...
Read 52000 lines from bazel query output...
Read 53000 lines from bazel query output...
Read 54000 lines from bazel query output...
Read 55000 lines from bazel query output...
Read 56000 lines from bazel query output...
Read 57000 lines from bazel query output...
Read 58000 lines from bazel query output...
Read 59000 lines from bazel query output...
Read 60000 lines from bazel query output...
Read 61000 lines from bazel query output...
Read 62000 lines from bazel query output...
Read 63000 lines from bazel query output...
Read 64000 lines from bazel query output...
Read 65000 lines from bazel query output...
Read 66000 lines from bazel query output...
Read 67000 lines from bazel query output...
Read 68000 lines from bazel query output...
Read 69000 lines from bazel query output...
Read 70000 lines from bazel query output...
Read 71000 lines from bazel query output...
Read 72000 lines from bazel query output...
Read 73000 lines from bazel query output...
Read 74000 lines from bazel query output...
Read 75000 lines from bazel query output...
Read 76000 lines from bazel query output...
Read 77000 lines from bazel query output...
Read 78000 lines from bazel query output...
Read 79000 lines from bazel query output...
Read 80000 lines from bazel query output...
Read 81000 lines from bazel query output...
Read 82000 lines from bazel query output...
Read 83000 lines from bazel query output...
Read 84000 lines from bazel query output...
Read 85000 lines from bazel query output...
Read 86000 lines from bazel query output...
Read 87000 lines from bazel query output...
Read 88000 lines from bazel query output...
Read 89000 lines from bazel query output...
Read 90000 lines from bazel query output...
Read 91000 lines from bazel query output...
Read 92000 lines from bazel query output...
Read 93000 lines from bazel query output...
Read 94000 lines from bazel query output...
Read 95000 lines from bazel query output...
Read 96000 lines from bazel query output...
Read 97000 lines from bazel query output...
Read 98000 lines from bazel query output...
Read 99000 lines from bazel query output...
Read 100000 lines from bazel query output...
Read 101000 lines from bazel query output...
Read 102000 lines from bazel query output...
Read 103000 lines from bazel query output...
Loading: 918 packages loaded
