Starting local Bazel server (8.3.1) and connecting to it...
 no actions running
 no actions running
 no actions running
 no actions running
Loading: 0 packages loaded
Loading: 0 packages loaded
Loading: 3 packages loaded
    currently loading: @@bazel_tools//tools/def_parser ... (2 packages)
Loading: 25 packages loaded
Loading: 25 packages loaded
Loading: 27 packages loaded
Loading: 27 packages loaded
Loading: 27 packages loaded
Loading: 28 packages loaded
Read 0 lines from bazel query output...
Read 1000 lines from bazel query output...
Read 2000 lines from bazel query output...
Read 3000 lines from bazel query output...
Read 4000 lines from bazel query output...
Read 5000 lines from bazel query output...
Read 6000 lines from bazel query output...
Read 7000 lines from bazel query output...
Read 8000 lines from bazel query output...
Read 9000 lines from bazel query output...
