Starting local Bazel server (8.3.1) and connecting to it...
 no actions running
Loading: 0 packages loaded
ERROR: /data/h445xu/repo/bazel-repos/cloned_repos/dtolnay__cxx/third-party/bazel/BUILD.bazel:82:6: no such package '@@[unknown repo 'vendor__indexmap-2.10.0' requested from @@]//': The repository '@@[unknown repo 'vendor__indexmap-2.10.0' requested from @@]' could not be resolved: No repository visible as '@vendor__indexmap-2.10.0' from main repository and referenced by '//third-party/bazel:indexmap-2.10.0'
ERROR: /data/h445xu/repo/bazel-repos/cloned_repos/dtolnay__cxx/third-party/bazel/BUILD.bazel:100:6: no such package '@@[unknown repo 'vendor__proc-macro2-1.0.95' requested from @@]//': The repository '@@[unknown repo 'vendor__proc-macro2-1.0.95' requested from @@]' could not be resolved: No repository visible as '@vendor__proc-macro2-1.0.95' from main repository and referenced by '//third-party/bazel:proc-macro2'
ERROR: /data/h445xu/repo/bazel-repos/cloned_repos/dtolnay__cxx/third-party/bazel/BUILD.bazel:40:6: no such package '@@[unknown repo 'vendor__cc-1.2.31' requested from @@]//': The repository '@@[unknown repo 'vendor__cc-1.2.31' requested from @@]' could not be resolved: No repository visible as '@vendor__cc-1.2.31' from main repository and referenced by '//third-party/bazel:cc'
ERROR: /data/h445xu/repo/bazel-repos/cloned_repos/dtolnay__cxx/third-party/bazel/BUILD.bazel:58:6: no such package '@@[unknown repo 'vendor__codespan-reporting-0.12.0' requested from @@]//': The repository '@@[unknown repo 'vendor__codespan-reporting-0.12.0' requested from @@]' could not be resolved: No repository visible as '@vendor__codespan-reporting-0.12.0' from main repository and referenced by '//third-party/bazel:codespan-reporting-0.12.0'
ERROR: /data/h445xu/repo/bazel-repos/cloned_repos/dtolnay__cxx/third-party/bazel/BUILD.bazel:46:6: no such package '@@[unknown repo 'vendor__clap-4.5.43' requested from @@]//': The repository '@@[unknown repo 'vendor__clap-4.5.43' requested from @@]' could not be resolved: No repository visible as '@vendor__clap-4.5.43' from main repository and referenced by '//third-party/bazel:clap-4.5.43'
ERROR: /data/h445xu/repo/bazel-repos/cloned_repos/dtolnay__cxx/third-party/bazel/BUILD.bazel:34:6: no such package '@@[unknown repo 'vendor__cc-1.2.31' requested from @@]//': The repository '@@[unknown repo 'vendor__cc-1.2.31' requested from @@]' could not be resolved: No repository visible as '@vendor__cc-1.2.31' from main repository and referenced by '//third-party/bazel:cc-1.2.31'
ERROR: /data/h445xu/repo/bazel-repos/cloned_repos/dtolnay__cxx/third-party/bazel/BUILD.bazel:136:6: no such package '@@[unknown repo 'vendor__scratch-1.0.9' requested from @@]//': The repository '@@[unknown repo 'vendor__scratch-1.0.9' requested from @@]' could not be resolved: No repository visible as '@vendor__scratch-1.0.9' from main repository and referenced by '//third-party/bazel:scratch'
ERROR: /data/h445xu/repo/bazel-repos/cloned_repos/dtolnay__cxx/third-party/bazel/BUILD.bazel:118:6: no such package '@@[unknown repo 'vendor__rustversion-1.0.21' requested from @@]//': The repository '@@[unknown repo 'vendor__rustversion-1.0.21' requested from @@]' could not be resolved: No repository visible as '@vendor__rustversion-1.0.21' from main repository and referenced by '//third-party/bazel:rustversion-1.0.21'
ERROR: /data/h445xu/repo/bazel-repos/cloned_repos/dtolnay__cxx/third-party/bazel/BUILD.bazel:64:6: no such package '@@[unknown repo 'vendor__codespan-reporting-0.12.0' requested from @@]//': The repository '@@[unknown repo 'vendor__codespan-reporting-0.12.0' requested from @@]' could not be resolved: No repository visible as '@vendor__codespan-reporting-0.12.0' from main repository and referenced by '//third-party/bazel:codespan-reporting'
ERROR: /data/h445xu/repo/bazel-repos/cloned_repos/dtolnay__cxx/third-party/bazel/BUILD.bazel:148:6: no such package '@@[unknown repo 'vendor__syn-2.0.104' requested from @@]//': The repository '@@[unknown repo 'vendor__syn-2.0.104' requested from @@]' could not be resolved: No repository visible as '@vendor__syn-2.0.104' from main repository and referenced by '//third-party/bazel:syn'
ERROR: /data/h445xu/repo/bazel-repos/cloned_repos/dtolnay__cxx/third-party/bazel/BUILD.bazel:52:6: no such package '@@[unknown repo 'vendor__clap-4.5.43' requested from @@]//': The repository '@@[unknown repo 'vendor__clap-4.5.43' requested from @@]' could not be resolved: No repository visible as '@vendor__clap-4.5.43' from main repository and referenced by '//third-party/bazel:clap'
ERROR: /data/h445xu/repo/bazel-repos/cloned_repos/dtolnay__cxx/third-party/bazel/BUILD.bazel:124:6: no such package '@@[unknown repo 'vendor__rustversion-1.0.21' requested from @@]//': The repository '@@[unknown repo 'vendor__rustversion-1.0.21' requested from @@]' could not be resolved: No repository visible as '@vendor__rustversion-1.0.21' from main repository and referenced by '//third-party/bazel:rustversion'
ERROR: /data/h445xu/repo/bazel-repos/cloned_repos/dtolnay__cxx/third-party/bazel/BUILD.bazel:112:6: no such package '@@[unknown repo 'vendor__quote-1.0.40' requested from @@]//': The repository '@@[unknown repo 'vendor__quote-1.0.40' requested from @@]' could not be resolved: No repository visible as '@vendor__quote-1.0.40' from main repository and referenced by '//third-party/bazel:quote'
ERROR: /data/h445xu/repo/bazel-repos/cloned_repos/dtolnay__cxx/third-party/bazel/BUILD.bazel:94:6: no such package '@@[unknown repo 'vendor__proc-macro2-1.0.95' requested from @@]//': The repository '@@[unknown repo 'vendor__proc-macro2-1.0.95' requested from @@]' could not be resolved: No repository visible as '@vendor__proc-macro2-1.0.95' from main repository and referenced by '//third-party/bazel:proc-macro2-1.0.95'
ERROR: /data/h445xu/repo/bazel-repos/cloned_repos/dtolnay__cxx/third-party/bazel/BUILD.bazel:142:6: no such package '@@[unknown repo 'vendor__syn-2.0.104' requested from @@]//': The repository '@@[unknown repo 'vendor__syn-2.0.104' requested from @@]' could not be resolved: No repository visible as '@vendor__syn-2.0.104' from main repository and referenced by '//third-party/bazel:syn-2.0.104'
ERROR: /data/h445xu/repo/bazel-repos/cloned_repos/dtolnay__cxx/third-party/bazel/BUILD.bazel:88:6: no such package '@@[unknown repo 'vendor__indexmap-2.10.0' requested from @@]//': The repository '@@[unknown repo 'vendor__indexmap-2.10.0' requested from @@]' could not be resolved: No repository visible as '@vendor__indexmap-2.10.0' from main repository and referenced by '//third-party/bazel:indexmap'
ERROR: /data/h445xu/repo/bazel-repos/cloned_repos/dtolnay__cxx/third-party/bazel/BUILD.bazel:70:6: no such package '@@[unknown repo 'vendor__foldhash-0.1.5' requested from @@]//': The repository '@@[unknown repo 'vendor__foldhash-0.1.5' requested from @@]' could not be resolved: No repository visible as '@vendor__foldhash-0.1.5' from main repository and referenced by '//third-party/bazel:foldhash-0.1.5'
ERROR: /data/h445xu/repo/bazel-repos/cloned_repos/dtolnay__cxx/third-party/bazel/BUILD.bazel:106:6: no such package '@@[unknown repo 'vendor__quote-1.0.40' requested from @@]//': The repository '@@[unknown repo 'vendor__quote-1.0.40' requested from @@]' could not be resolved: No repository visible as '@vendor__quote-1.0.40' from main repository and referenced by '//third-party/bazel:quote-1.0.40'
ERROR: /data/h445xu/repo/bazel-repos/cloned_repos/dtolnay__cxx/third-party/bazel/BUILD.bazel:130:6: no such package '@@[unknown repo 'vendor__scratch-1.0.9' requested from @@]//': The repository '@@[unknown repo 'vendor__scratch-1.0.9' requested from @@]' could not be resolved: No repository visible as '@vendor__scratch-1.0.9' from main repository and referenced by '//third-party/bazel:scratch-1.0.9'
ERROR: /data/h445xu/repo/bazel-repos/cloned_repos/dtolnay__cxx/third-party/bazel/BUILD.bazel:76:6: no such package '@@[unknown repo 'vendor__foldhash-0.1.5' requested from @@]//': The repository '@@[unknown repo 'vendor__foldhash-0.1.5' requested from @@]' could not be resolved: No repository visible as '@vendor__foldhash-0.1.5' from main repository and referenced by '//third-party/bazel:foldhash'
Loading: 387 packages loaded
    currently loading: @@rules_rust++cu+cui__windows_i686_msvc-0.48.0// ... (5 packages)
ERROR: /data/h445xu/repo/bazel-repos/cloned_repos/dtolnay__cxx/third-party/bazel/BUILD.bazel:34:6: no such package '@@[unknown repo 'vendor__cc-1.2.31' requested from @@]//': The repository '@@[unknown repo 'vendor__cc-1.2.31' requested from @@]' could not be resolved: No repository visible as '@vendor__cc-1.2.31' from main repository and referenced by '//third-party/bazel:cc-1.2.31'
ERROR: /data/h445xu/repo/bazel-repos/cloned_repos/dtolnay__cxx/third-party/bazel/BUILD.bazel:148:6: no such package '@@[unknown repo 'vendor__syn-2.0.104' requested from @@]//': The repository '@@[unknown repo 'vendor__syn-2.0.104' requested from @@]' could not be resolved: No repository visible as '@vendor__syn-2.0.104' from main repository and referenced by '//third-party/bazel:syn'
ERROR: /data/h445xu/repo/bazel-repos/cloned_repos/dtolnay__cxx/third-party/bazel/BUILD.bazel:142:6: no such package '@@[unknown repo 'vendor__syn-2.0.104' requested from @@]//': The repository '@@[unknown repo 'vendor__syn-2.0.104' requested from @@]' could not be resolved: No repository visible as '@vendor__syn-2.0.104' from main repository and referenced by '//third-party/bazel:syn-2.0.104'
ERROR: /data/h445xu/repo/bazel-repos/cloned_repos/dtolnay__cxx/third-party/bazel/BUILD.bazel:136:6: no such package '@@[unknown repo 'vendor__scratch-1.0.9' requested from @@]//': The repository '@@[unknown repo 'vendor__scratch-1.0.9' requested from @@]' could not be resolved: No repository visible as '@vendor__scratch-1.0.9' from main repository and referenced by '//third-party/bazel:scratch'
ERROR: /data/h445xu/repo/bazel-repos/cloned_repos/dtolnay__cxx/third-party/bazel/BUILD.bazel:130:6: no such package '@@[unknown repo 'vendor__scratch-1.0.9' requested from @@]//': The repository '@@[unknown repo 'vendor__scratch-1.0.9' requested from @@]' could not be resolved: No repository visible as '@vendor__scratch-1.0.9' from main repository and referenced by '//third-party/bazel:scratch-1.0.9'
ERROR: /data/h445xu/repo/bazel-repos/cloned_repos/dtolnay__cxx/third-party/bazel/BUILD.bazel:118:6: no such package '@@[unknown repo 'vendor__rustversion-1.0.21' requested from @@]//': The repository '@@[unknown repo 'vendor__rustversion-1.0.21' requested from @@]' could not be resolved: No repository visible as '@vendor__rustversion-1.0.21' from main repository and referenced by '//third-party/bazel:rustversion-1.0.21'
ERROR: /data/h445xu/repo/bazel-repos/cloned_repos/dtolnay__cxx/third-party/bazel/BUILD.bazel:124:6: no such package '@@[unknown repo 'vendor__rustversion-1.0.21' requested from @@]//': The repository '@@[unknown repo 'vendor__rustversion-1.0.21' requested from @@]' could not be resolved: No repository visible as '@vendor__rustversion-1.0.21' from main repository and referenced by '//third-party/bazel:rustversion'
ERROR: /data/h445xu/repo/bazel-repos/cloned_repos/dtolnay__cxx/third-party/bazel/BUILD.bazel:106:6: no such package '@@[unknown repo 'vendor__quote-1.0.40' requested from @@]//': The repository '@@[unknown repo 'vendor__quote-1.0.40' requested from @@]' could not be resolved: No repository visible as '@vendor__quote-1.0.40' from main repository and referenced by '//third-party/bazel:quote-1.0.40'
ERROR: /data/h445xu/repo/bazel-repos/cloned_repos/dtolnay__cxx/third-party/bazel/BUILD.bazel:112:6: no such package '@@[unknown repo 'vendor__quote-1.0.40' requested from @@]//': The repository '@@[unknown repo 'vendor__quote-1.0.40' requested from @@]' could not be resolved: No repository visible as '@vendor__quote-1.0.40' from main repository and referenced by '//third-party/bazel:quote'
ERROR: /data/h445xu/repo/bazel-repos/cloned_repos/dtolnay__cxx/third-party/bazel/BUILD.bazel:94:6: no such package '@@[unknown repo 'vendor__proc-macro2-1.0.95' requested from @@]//': The repository '@@[unknown repo 'vendor__proc-macro2-1.0.95' requested from @@]' could not be resolved: No repository visible as '@vendor__proc-macro2-1.0.95' from main repository and referenced by '//third-party/bazel:proc-macro2-1.0.95'
ERROR: /data/h445xu/repo/bazel-repos/cloned_repos/dtolnay__cxx/third-party/bazel/BUILD.bazel:82:6: no such package '@@[unknown repo 'vendor__indexmap-2.10.0' requested from @@]//': The repository '@@[unknown repo 'vendor__indexmap-2.10.0' requested from @@]' could not be resolved: No repository visible as '@vendor__indexmap-2.10.0' from main repository and referenced by '//third-party/bazel:indexmap-2.10.0'
ERROR: /data/h445xu/repo/bazel-repos/cloned_repos/dtolnay__cxx/third-party/bazel/BUILD.bazel:100:6: no such package '@@[unknown repo 'vendor__proc-macro2-1.0.95' requested from @@]//': The repository '@@[unknown repo 'vendor__proc-macro2-1.0.95' requested from @@]' could not be resolved: No repository visible as '@vendor__proc-macro2-1.0.95' from main repository and referenced by '//third-party/bazel:proc-macro2'
ERROR: /data/h445xu/repo/bazel-repos/cloned_repos/dtolnay__cxx/third-party/bazel/BUILD.bazel:76:6: no such package '@@[unknown repo 'vendor__foldhash-0.1.5' requested from @@]//': The repository '@@[unknown repo 'vendor__foldhash-0.1.5' requested from @@]' could not be resolved: No repository visible as '@vendor__foldhash-0.1.5' from main repository and referenced by '//third-party/bazel:foldhash'
ERROR: /data/h445xu/repo/bazel-repos/cloned_repos/dtolnay__cxx/third-party/bazel/BUILD.bazel:88:6: no such package '@@[unknown repo 'vendor__indexmap-2.10.0' requested from @@]//': The repository '@@[unknown repo 'vendor__indexmap-2.10.0' requested from @@]' could not be resolved: No repository visible as '@vendor__indexmap-2.10.0' from main repository and referenced by '//third-party/bazel:indexmap'
ERROR: /data/h445xu/repo/bazel-repos/cloned_repos/dtolnay__cxx/third-party/bazel/BUILD.bazel:70:6: no such package '@@[unknown repo 'vendor__foldhash-0.1.5' requested from @@]//': The repository '@@[unknown repo 'vendor__foldhash-0.1.5' requested from @@]' could not be resolved: No repository visible as '@vendor__foldhash-0.1.5' from main repository and referenced by '//third-party/bazel:foldhash-0.1.5'
ERROR: /data/h445xu/repo/bazel-repos/cloned_repos/dtolnay__cxx/third-party/bazel/BUILD.bazel:40:6: no such package '@@[unknown repo 'vendor__cc-1.2.31' requested from @@]//': The repository '@@[unknown repo 'vendor__cc-1.2.31' requested from @@]' could not be resolved: No repository visible as '@vendor__cc-1.2.31' from main repository and referenced by '//third-party/bazel:cc'
ERROR: /data/h445xu/repo/bazel-repos/cloned_repos/dtolnay__cxx/third-party/bazel/BUILD.bazel:58:6: no such package '@@[unknown repo 'vendor__codespan-reporting-0.12.0' requested from @@]//': The repository '@@[unknown repo 'vendor__codespan-reporting-0.12.0' requested from @@]' could not be resolved: No repository visible as '@vendor__codespan-reporting-0.12.0' from main repository and referenced by '//third-party/bazel:codespan-reporting-0.12.0'
ERROR: /data/h445xu/repo/bazel-repos/cloned_repos/dtolnay__cxx/third-party/bazel/BUILD.bazel:64:6: no such package '@@[unknown repo 'vendor__codespan-reporting-0.12.0' requested from @@]//': The repository '@@[unknown repo 'vendor__codespan-reporting-0.12.0' requested from @@]' could not be resolved: No repository visible as '@vendor__codespan-reporting-0.12.0' from main repository and referenced by '//third-party/bazel:codespan-reporting'
ERROR: /data/h445xu/repo/bazel-repos/cloned_repos/dtolnay__cxx/third-party/bazel/BUILD.bazel:46:6: no such package '@@[unknown repo 'vendor__clap-4.5.43' requested from @@]//': The repository '@@[unknown repo 'vendor__clap-4.5.43' requested from @@]' could not be resolved: No repository visible as '@vendor__clap-4.5.43' from main repository and referenced by '//third-party/bazel:clap-4.5.43'
ERROR: /data/h445xu/repo/bazel-repos/cloned_repos/dtolnay__cxx/third-party/bazel/BUILD.bazel:52:6: no such package '@@[unknown repo 'vendor__clap-4.5.43' requested from @@]//': The repository '@@[unknown repo 'vendor__clap-4.5.43' requested from @@]' could not be resolved: No repository visible as '@vendor__clap-4.5.43' from main repository and referenced by '//third-party/bazel:clap'
ERROR: Evaluation of query "deps(//...)" failed: errors were encountered while computing transitive closure
WARNING: --keep_going specified, ignoring errors. Results may be inaccurate
Read 0 lines from bazel query output...
Read 1000 lines from bazel query output...
Read 2000 lines from bazel query output...
Read 3000 lines from bazel query output...
Read 4000 lines from bazel query output...
Read 5000 lines from bazel query output...
Read 6000 lines from bazel query output...
Read 7000 lines from bazel query output...
Read 8000 lines from bazel query output...
Read 9000 lines from bazel query output...
