Starting local Bazel server (8.3.1) and connecting to it...
 no actions running
 no actions running
Loading: 0 packages loaded
Loading: 0 packages loaded
    currently loading: pkg/commentThread ... (49 packages)
Loading: 107 packages loaded
Loading: 107 packages loaded
Loading: 107 packages loaded
Loading: 107 packages loaded
Loading: 178 packages loaded
Loading: 224 packages loaded
Loading: 224 packages loaded
Loading: 240 packages loaded
    currently loading: @@gazelle++go_deps+com_github_googleapis_gax_go_v2//internal
Loading: 425 packages loaded
Read 0 lines from bazel query output...
Read 1000 lines from bazel query output...
Read 2000 lines from bazel query output...
Read 3000 lines from bazel query output...
Read 4000 lines from bazel query output...
Read 5000 lines from bazel query output...
Read 6000 lines from bazel query output...
Read 7000 lines from bazel query output...
Read 8000 lines from bazel query output...
Read 9000 lines from bazel query output...
Read 10000 lines from bazel query output...
Read 11000 lines from bazel query output...
Read 12000 lines from bazel query output...
Read 13000 lines from bazel query output...
Read 14000 lines from bazel query output...
