Starting local Bazel server (8.3.1) and connecting to it...
 no actions running
 no actions running
 no actions running
Loading: 0 packages loaded
Loading: 0 packages loaded
ERROR: Traceback (most recent call last):
	File "/data/h445xu/repo/bazel-repos/cloned_repos/eclipse-iceoryx__iceoryx/iceoryx_hoofs/test/stresstests/BUILD.bazel", line 49, column 16, in <toplevel>
		srcs = glob([
Error in glob: glob pattern '*.hpp' didn't match anything, but allow_empty is set to False (the default value of allow_empty can be set with --incompatible_disallow_empty_glob).
ERROR: Traceback (most recent call last):
	File "/data/h445xu/repo/bazel-repos/cloned_repos/eclipse-iceoryx__iceoryx/iceoryx_binding_c/test/BUILD.bazel", line 53, column 16, in <toplevel>
		srcs = glob([
Error in glob: glob pattern 'integrationtests/*.hpp' didn't match anything, but allow_empty is set to False (the default value of allow_empty can be set with --incompatible_disallow_empty_glob).
ERROR: package contains errors: iceoryx_binding_c/test
ERROR: package contains errors: iceoryx_hoofs/test/stresstests
ERROR: Traceback (most recent call last):
	File "/data/h445xu/repo/bazel-repos/cloned_repos/eclipse-iceoryx__iceoryx/iceoryx_platform/test/BUILD.bazel", line 21, column 16, in <toplevel>
		srcs = glob([
Error in glob: glob pattern 'moduletests/*.hpp' didn't match anything, but allow_empty is set to False (the default value of allow_empty can be set with --incompatible_disallow_empty_glob).
ERROR: Traceback (most recent call last):
	File "/data/h445xu/repo/bazel-repos/cloned_repos/eclipse-iceoryx__iceoryx/iceoryx_hoofs/test/BUILD.bazel", line 48, column 16, in <toplevel>
		srcs = glob([
Error in glob: glob pattern 'integrationtests/*.hpp' didn't match anything, but allow_empty is set to False (the default value of allow_empty can be set with --incompatible_disallow_empty_glob).
ERROR: package contains errors: iceoryx_hoofs/test
ERROR: package contains errors: iceoryx_platform/test
ERROR: Traceback (most recent call last):
	File "/data/h445xu/repo/bazel-repos/cloned_repos/eclipse-iceoryx__iceoryx/iceoryx_hoofs/BUILD.bazel", line 34, column 16, in <toplevel>
		srcs = glob([
Error in glob: glob pattern 'design/source/*.cpp' didn't match anything, but allow_empty is set to False (the default value of allow_empty can be set with --incompatible_disallow_empty_glob).
ERROR: Traceback (most recent call last):
	File "/data/h445xu/repo/bazel-repos/cloned_repos/eclipse-iceoryx__iceoryx/iceoryx_posh/test/BUILD.bazel", line 28, column 16, in <toplevel>
		data = glob(["input/**"]),
Error in glob: glob pattern 'input/**' didn't match anything, but allow_empty is set to False (the default value of allow_empty can be set with --incompatible_disallow_empty_glob).
Loading: 34 packages loaded
    currently loading:  ... (2 packages)
ERROR: package contains errors: iceoryx_hoofs
ERROR: package contains errors: iceoryx_posh/test
ERROR: Traceback (most recent call last):
	File "/data/h445xu/repo/bazel-repos/cloned_repos/eclipse-iceoryx__iceoryx/iceoryx_posh/BUILD.bazel", line 120, column 16, in <toplevel>
		srcs = glob(
Error in glob: glob pattern 'source/log/**' didn't match anything, but allow_empty is set to False (the default value of allow_empty can be set with --incompatible_disallow_empty_glob).
ERROR: package contains errors: iceoryx_posh
ERROR: package contains errors: iceoryx_binding_c/test: Traceback (most recent call last):
	File "/data/h445xu/repo/bazel-repos/cloned_repos/eclipse-iceoryx__iceoryx/iceoryx_binding_c/test/BUILD.bazel", line 53, column 16, in <toplevel>
		srcs = glob([
Error in glob: glob pattern 'integrationtests/*.hpp' didn't match anything, but allow_empty is set to False (the default value of allow_empty can be set with --incompatible_disallow_empty_glob).
ERROR: package contains errors: iceoryx_hoofs/test/stresstests: Traceback (most recent call last):
	File "/data/h445xu/repo/bazel-repos/cloned_repos/eclipse-iceoryx__iceoryx/iceoryx_hoofs/test/stresstests/BUILD.bazel", line 49, column 16, in <toplevel>
		srcs = glob([
Error in glob: glob pattern '*.hpp' didn't match anything, but allow_empty is set to False (the default value of allow_empty can be set with --incompatible_disallow_empty_glob).
ERROR: package contains errors: iceoryx_hoofs/test: Traceback (most recent call last):
	File "/data/h445xu/repo/bazel-repos/cloned_repos/eclipse-iceoryx__iceoryx/iceoryx_hoofs/test/BUILD.bazel", line 48, column 16, in <toplevel>
		srcs = glob([
Error in glob: glob pattern 'integrationtests/*.hpp' didn't match anything, but allow_empty is set to False (the default value of allow_empty can be set with --incompatible_disallow_empty_glob).
ERROR: package contains errors: iceoryx_hoofs: Traceback (most recent call last):
	File "/data/h445xu/repo/bazel-repos/cloned_repos/eclipse-iceoryx__iceoryx/iceoryx_hoofs/BUILD.bazel", line 34, column 16, in <toplevel>
		srcs = glob([
Error in glob: glob pattern 'design/source/*.cpp' didn't match anything, but allow_empty is set to False (the default value of allow_empty can be set with --incompatible_disallow_empty_glob).
ERROR: package contains errors: iceoryx_platform/test: Traceback (most recent call last):
	File "/data/h445xu/repo/bazel-repos/cloned_repos/eclipse-iceoryx__iceoryx/iceoryx_platform/test/BUILD.bazel", line 21, column 16, in <toplevel>
		srcs = glob([
Error in glob: glob pattern 'moduletests/*.hpp' didn't match anything, but allow_empty is set to False (the default value of allow_empty can be set with --incompatible_disallow_empty_glob).
ERROR: package contains errors: iceoryx_posh/test: Traceback (most recent call last):
	File "/data/h445xu/repo/bazel-repos/cloned_repos/eclipse-iceoryx__iceoryx/iceoryx_posh/test/BUILD.bazel", line 28, column 16, in <toplevel>
		data = glob(["input/**"]),
Error in glob: glob pattern 'input/**' didn't match anything, but allow_empty is set to False (the default value of allow_empty can be set with --incompatible_disallow_empty_glob).
ERROR: package contains errors: iceoryx_posh: Traceback (most recent call last):
	File "/data/h445xu/repo/bazel-repos/cloned_repos/eclipse-iceoryx__iceoryx/iceoryx_posh/BUILD.bazel", line 120, column 16, in <toplevel>
		srcs = glob(
Error in glob: glob pattern 'source/log/**' didn't match anything, but allow_empty is set to False (the default value of allow_empty can be set with --incompatible_disallow_empty_glob).
ERROR: /data/h445xu/repo/bazel-repos/cloned_repos/eclipse-iceoryx__iceoryx/BUILD.bazel:55:6: no such target '//iceoryx_posh:iox-roudi': target 'iox-roudi' not declared in package 'iceoryx_posh' defined by /data/h445xu/repo/bazel-repos/cloned_repos/eclipse-iceoryx__iceoryx/iceoryx_posh/BUILD.bazel and referenced by '//:roudi'
ERROR: /data/h445xu/repo/bazel-repos/cloned_repos/eclipse-iceoryx__iceoryx/BUILD.bazel:37:6: no such target '//iceoryx_hoofs:iceoryx_hoofs': target 'iceoryx_hoofs' not declared in package 'iceoryx_hoofs' defined by /data/h445xu/repo/bazel-repos/cloned_repos/eclipse-iceoryx__iceoryx/iceoryx_hoofs/BUILD.bazel and referenced by '//:iceoryx_hoofs'
ERROR: /data/h445xu/repo/bazel-repos/cloned_repos/eclipse-iceoryx__iceoryx/BUILD.bazel:43:6: no such target '//iceoryx_posh:iceoryx_posh': target 'iceoryx_posh' not declared in package 'iceoryx_posh' defined by /data/h445xu/repo/bazel-repos/cloned_repos/eclipse-iceoryx__iceoryx/iceoryx_posh/BUILD.bazel and referenced by '//:iceoryx_posh'
ERROR: /data/h445xu/repo/bazel-repos/cloned_repos/eclipse-iceoryx__iceoryx/iceoryx_hoofs/BUILD.bazel:20:15: Target '//iceoryx_hoofs:cmake/iceoryx_hoofs_deployment.hpp.in' contains an error and its package is in error and referenced by '//iceoryx_hoofs:iceoryx_hoofs_deployment_hpp'
ERROR: /data/h445xu/repo/bazel-repos/cloned_repos/eclipse-iceoryx__iceoryx/iceoryx_posh/BUILD.bazel:24:15: Target '//iceoryx_posh:cmake/iceoryx_posh_deployment.hpp.in' contains an error and its package is in error and referenced by '//iceoryx_posh:iceoryx_posh_deployment_hpp'
ERROR: /data/h445xu/repo/bazel-repos/cloned_repos/eclipse-iceoryx__iceoryx/iceoryx_binding_c/BUILD.bazel:19:11: no such target '//iceoryx_posh:iceoryx_posh': target 'iceoryx_posh' not declared in package 'iceoryx_posh' defined by /data/h445xu/repo/bazel-repos/cloned_repos/eclipse-iceoryx__iceoryx/iceoryx_posh/BUILD.bazel and referenced by '//iceoryx_binding_c:iceoryx_binding_c'
ERROR: /data/h445xu/repo/bazel-repos/cloned_repos/eclipse-iceoryx__iceoryx/iceoryx_examples/waitset/BUILD.bazel:35:14: no such target '//iceoryx_posh:iceoryx_posh': target 'iceoryx_posh' not declared in package 'iceoryx_posh' defined by /data/h445xu/repo/bazel-repos/cloned_repos/eclipse-iceoryx__iceoryx/iceoryx_posh/BUILD.bazel and referenced by '//iceoryx_examples/waitset:iox-cpp-waitset-publisher'
ERROR: /data/h445xu/repo/bazel-repos/cloned_repos/eclipse-iceoryx__iceoryx/iceoryx_examples/ice_access_control/BUILD.bazel:24:10: no such target '//iceoryx_posh:iceoryx_posh': target 'iceoryx_posh' not declared in package 'iceoryx_posh' defined by /data/h445xu/repo/bazel-repos/cloned_repos/eclipse-iceoryx__iceoryx/iceoryx_posh/BUILD.bazel and referenced by '//iceoryx_examples/ice_access_control:iox-cpp-radar'
ERROR: /data/h445xu/repo/bazel-repos/cloned_repos/eclipse-iceoryx__iceoryx/iceoryx_examples/experimental/node/BUILD.bazel:25:10: no such target '//iceoryx_posh:iceoryx_posh': target 'iceoryx_posh' not declared in package 'iceoryx_posh' defined by /data/h445xu/repo/bazel-repos/cloned_repos/eclipse-iceoryx__iceoryx/iceoryx_posh/BUILD.bazel and referenced by '//iceoryx_examples/experimental/node:iox-cpp-node-publisher'
ERROR: /data/h445xu/repo/bazel-repos/cloned_repos/eclipse-iceoryx__iceoryx/iceoryx_examples/singleprocess/BUILD.bazel:19:10: no such target '//iceoryx_posh:iceoryx_posh': target 'iceoryx_posh' not declared in package 'iceoryx_posh' defined by /data/h445xu/repo/bazel-repos/cloned_repos/eclipse-iceoryx__iceoryx/iceoryx_posh/BUILD.bazel and referenced by '//iceoryx_examples/singleprocess:single_process'
ERROR: /data/h445xu/repo/bazel-repos/cloned_repos/eclipse-iceoryx__iceoryx/iceoryx_examples/singleprocess/BUILD.bazel:19:10: no such target '//iceoryx_posh:iceoryx_posh_roudi': target 'iceoryx_posh_roudi' not declared in package 'iceoryx_posh' defined by /data/h445xu/repo/bazel-repos/cloned_repos/eclipse-iceoryx__iceoryx/iceoryx_posh/BUILD.bazel and referenced by '//iceoryx_examples/singleprocess:single_process'
ERROR: /data/h445xu/repo/bazel-repos/cloned_repos/eclipse-iceoryx__iceoryx/iceoryx_examples/request_response/BUILD.bazel:73:10: no such target '//iceoryx_posh:iceoryx_posh': target 'iceoryx_posh' not declared in package 'iceoryx_posh' defined by /data/h445xu/repo/bazel-repos/cloned_repos/eclipse-iceoryx__iceoryx/iceoryx_posh/BUILD.bazel and referenced by '//iceoryx_examples/request_response:iox-cpp-request-response-basic-server'
ERROR: /data/h445xu/repo/bazel-repos/cloned_repos/eclipse-iceoryx__iceoryx/iceoryx_examples/request_response/BUILD.bazel:61:10: no such target '//iceoryx_posh:iceoryx_posh': target 'iceoryx_posh' not declared in package 'iceoryx_posh' defined by /data/h445xu/repo/bazel-repos/cloned_repos/eclipse-iceoryx__iceoryx/iceoryx_posh/BUILD.bazel and referenced by '//iceoryx_examples/request_response:iox-cpp-request-response-waitset-client'
ERROR: /data/h445xu/repo/bazel-repos/cloned_repos/eclipse-iceoryx__iceoryx/iceoryx_examples/user_header/BUILD.bazel:30:10: no such target '//iceoryx_posh:iceoryx_posh': target 'iceoryx_posh' not declared in package 'iceoryx_posh' defined by /data/h445xu/repo/bazel-repos/cloned_repos/eclipse-iceoryx__iceoryx/iceoryx_posh/BUILD.bazel and referenced by '//iceoryx_examples/user_header:iox-cpp-user-header-untyped-publisher'
Loading: 54 packages loaded
    currently loading: @@rules_java+//toolchains ... (3 packages)
ERROR: /data/h445xu/repo/bazel-repos/cloned_repos/eclipse-iceoryx__iceoryx/iceoryx_examples/user_header/BUILD.bazel:41:10: no such target '//iceoryx_posh:iceoryx_posh': target 'iceoryx_posh' not declared in package 'iceoryx_posh' defined by /data/h445xu/repo/bazel-repos/cloned_repos/eclipse-iceoryx__iceoryx/iceoryx_posh/BUILD.bazel and referenced by '//iceoryx_examples/user_header:iox-cpp-user-header-subscriber'
ERROR: /data/h445xu/repo/bazel-repos/cloned_repos/eclipse-iceoryx__iceoryx/iceoryx_examples/iceperf/BUILD.bazel:71:10: no such target '//iceoryx_posh:iceoryx_posh_roudi': target 'iceoryx_posh_roudi' not declared in package 'iceoryx_posh' defined by /data/h445xu/repo/bazel-repos/cloned_repos/eclipse-iceoryx__iceoryx/iceoryx_posh/BUILD.bazel and referenced by '//iceoryx_examples/iceperf:iceperf-roudi'
ERROR: /data/h445xu/repo/bazel-repos/cloned_repos/eclipse-iceoryx__iceoryx/iceoryx_examples/icehello/BUILD.bazel:24:10: no such target '//iceoryx_posh:iceoryx_posh': target 'iceoryx_posh' not declared in package 'iceoryx_posh' defined by /data/h445xu/repo/bazel-repos/cloned_repos/eclipse-iceoryx__iceoryx/iceoryx_posh/BUILD.bazel and referenced by '//iceoryx_examples/icehello:iox-cpp-publisher-helloworld'
ERROR: /data/h445xu/repo/bazel-repos/cloned_repos/eclipse-iceoryx__iceoryx/iceoryx_examples/waitset/BUILD.bazel:35:14: no such target '//iceoryx_posh:iceoryx_posh': target 'iceoryx_posh' not declared in package 'iceoryx_posh' defined by /data/h445xu/repo/bazel-repos/cloned_repos/eclipse-iceoryx__iceoryx/iceoryx_posh/BUILD.bazel and referenced by '//iceoryx_examples/waitset:iox-cpp-waitset-individual'
ERROR: /data/h445xu/repo/bazel-repos/cloned_repos/eclipse-iceoryx__iceoryx/iceoryx_examples/user_header/BUILD.bazel:52:10: no such target '//iceoryx_posh:iceoryx_posh': target 'iceoryx_posh' not declared in package 'iceoryx_posh' defined by /data/h445xu/repo/bazel-repos/cloned_repos/eclipse-iceoryx__iceoryx/iceoryx_posh/BUILD.bazel and referenced by '//iceoryx_examples/user_header:iox-cpp-user-header-untyped-subscriber'
ERROR: /data/h445xu/repo/bazel-repos/cloned_repos/eclipse-iceoryx__iceoryx/iceoryx_examples/complexdata/BUILD.bazel:46:10: no such target '//iceoryx_posh:iceoryx_posh': target 'iceoryx_posh' not declared in package 'iceoryx_posh' defined by /data/h445xu/repo/bazel-repos/cloned_repos/eclipse-iceoryx__iceoryx/iceoryx_posh/BUILD.bazel and referenced by '//iceoryx_examples/complexdata:iox-cpp-publisher-complexdata'
ERROR: /data/h445xu/repo/bazel-repos/cloned_repos/eclipse-iceoryx__iceoryx/iceoryx_examples/icediscovery/BUILD.bazel:19:10: no such target '//iceoryx_posh:iceoryx_posh': target 'iceoryx_posh' not declared in package 'iceoryx_posh' defined by /data/h445xu/repo/bazel-repos/cloned_repos/eclipse-iceoryx__iceoryx/iceoryx_posh/BUILD.bazel and referenced by '//iceoryx_examples/icediscovery:iox-cpp-offer-service'
ERROR: /data/h445xu/repo/bazel-repos/cloned_repos/eclipse-iceoryx__iceoryx/iceoryx_examples/request_response/BUILD.bazel:85:10: no such target '//iceoryx_posh:iceoryx_posh': target 'iceoryx_posh' not declared in package 'iceoryx_posh' defined by /data/h445xu/repo/bazel-repos/cloned_repos/eclipse-iceoryx__iceoryx/iceoryx_posh/BUILD.bazel and referenced by '//iceoryx_examples/request_response:iox-cpp-request-response-listener-server'
ERROR: /data/h445xu/repo/bazel-repos/cloned_repos/eclipse-iceoryx__iceoryx/iceoryx_examples/callbacks/BUILD.bazel:46:10: no such target '//iceoryx_posh:iceoryx_posh': target 'iceoryx_posh' not declared in package 'iceoryx_posh' defined by /data/h445xu/repo/bazel-repos/cloned_repos/eclipse-iceoryx__iceoryx/iceoryx_posh/BUILD.bazel and referenced by '//iceoryx_examples/callbacks:iox-cpp-callbacks-listener-as-class-member'
ERROR: /data/h445xu/repo/bazel-repos/cloned_repos/eclipse-iceoryx__iceoryx/iceoryx_examples/icedelivery/BUILD.bazel:35:10: no such target '//iceoryx_posh:iceoryx_posh': target 'iceoryx_posh' not declared in package 'iceoryx_posh' defined by /data/h445xu/repo/bazel-repos/cloned_repos/eclipse-iceoryx__iceoryx/iceoryx_posh/BUILD.bazel and referenced by '//iceoryx_examples/icedelivery:iox-cpp-publisher-untyped'
ERROR: /data/h445xu/repo/bazel-repos/cloned_repos/eclipse-iceoryx__iceoryx/iceoryx_examples/ice_access_control/BUILD.bazel:46:10: no such target '//iceoryx_posh:iceoryx_posh': target 'iceoryx_posh' not declared in package 'iceoryx_posh' defined by /data/h445xu/repo/bazel-repos/cloned_repos/eclipse-iceoryx__iceoryx/iceoryx_posh/BUILD.bazel and referenced by '//iceoryx_examples/ice_access_control:iox-cpp-cheeky'
ERROR: /data/h445xu/repo/bazel-repos/cloned_repos/eclipse-iceoryx__iceoryx/iceoryx_examples/icediscovery/BUILD.bazel:39:11: no such target '//iceoryx_posh:iceoryx_posh': target 'iceoryx_posh' not declared in package 'iceoryx_posh' defined by /data/h445xu/repo/bazel-repos/cloned_repos/eclipse-iceoryx__iceoryx/iceoryx_posh/BUILD.bazel and referenced by '//iceoryx_examples/icediscovery:discovery_blocking'
ERROR: /data/h445xu/repo/bazel-repos/cloned_repos/eclipse-iceoryx__iceoryx/iceoryx_examples/iceoptions/BUILD.bazel:35:10: no such target '//iceoryx_posh:iceoryx_posh': target 'iceoryx_posh' not declared in package 'iceoryx_posh' defined by /data/h445xu/repo/bazel-repos/cloned_repos/eclipse-iceoryx__iceoryx/iceoryx_posh/BUILD.bazel and referenced by '//iceoryx_examples/iceoptions:iox-cpp-subscriber-with-options'
ERROR: /data/h445xu/repo/bazel-repos/cloned_repos/eclipse-iceoryx__iceoryx/iceoryx_examples/experimental/node/BUILD.bazel:36:10: no such target '//iceoryx_posh:iceoryx_posh': target 'iceoryx_posh' not declared in package 'iceoryx_posh' defined by /data/h445xu/repo/bazel-repos/cloned_repos/eclipse-iceoryx__iceoryx/iceoryx_posh/BUILD.bazel and referenced by '//iceoryx_examples/experimental/node:iox-cpp-node-subscriber'
ERROR: /data/h445xu/repo/bazel-repos/cloned_repos/eclipse-iceoryx__iceoryx/iceoryx_examples/icedelivery/BUILD.bazel:57:10: no such target '//iceoryx_posh:iceoryx_posh': target 'iceoryx_posh' not declared in package 'iceoryx_posh' defined by /data/h445xu/repo/bazel-repos/cloned_repos/eclipse-iceoryx__iceoryx/iceoryx_posh/BUILD.bazel and referenced by '//iceoryx_examples/icedelivery:iox-cpp-subscriber-untyped'
ERROR: /data/h445xu/repo/bazel-repos/cloned_repos/eclipse-iceoryx__iceoryx/iceoryx_examples/icedelivery/BUILD.bazel:46:10: no such target '//iceoryx_posh:iceoryx_posh': target 'iceoryx_posh' not declared in package 'iceoryx_posh' defined by /data/h445xu/repo/bazel-repos/cloned_repos/eclipse-iceoryx__iceoryx/iceoryx_posh/BUILD.bazel and referenced by '//iceoryx_examples/icedelivery:iox-cpp-subscriber'
ERROR: /data/h445xu/repo/bazel-repos/cloned_repos/eclipse-iceoryx__iceoryx/iceoryx_examples/ice_access_control/BUILD.bazel:35:10: no such target '//iceoryx_posh:iceoryx_posh': target 'iceoryx_posh' not declared in package 'iceoryx_posh' defined by /data/h445xu/repo/bazel-repos/cloned_repos/eclipse-iceoryx__iceoryx/iceoryx_posh/BUILD.bazel and referenced by '//iceoryx_examples/ice_access_control:iox-cpp-display'
ERROR: /data/h445xu/repo/bazel-repos/cloned_repos/eclipse-iceoryx__iceoryx/iceoryx_examples/icedelivery/BUILD.bazel:24:10: no such target '//iceoryx_posh:iceoryx_posh': target 'iceoryx_posh' not declared in package 'iceoryx_posh' defined by /data/h445xu/repo/bazel-repos/cloned_repos/eclipse-iceoryx__iceoryx/iceoryx_posh/BUILD.bazel and referenced by '//iceoryx_examples/icedelivery:iox-cpp-publisher'
ERROR: /data/h445xu/repo/bazel-repos/cloned_repos/eclipse-iceoryx__iceoryx/iceoryx_examples/icediscovery/BUILD.bazel:60:11: no such target '//iceoryx_posh:iceoryx_posh': target 'iceoryx_posh' not declared in package 'iceoryx_posh' defined by /data/h445xu/repo/bazel-repos/cloned_repos/eclipse-iceoryx__iceoryx/iceoryx_posh/BUILD.bazel and referenced by '//iceoryx_examples/icediscovery:discovery_monitor'
ERROR: /data/h445xu/repo/bazel-repos/cloned_repos/eclipse-iceoryx__iceoryx/iceoryx_examples/ice_access_control/BUILD.bazel:57:10: no such target '//iceoryx_posh:iceoryx_posh_roudi': target 'iceoryx_posh_roudi' not declared in package 'iceoryx_posh' defined by /data/h445xu/repo/bazel-repos/cloned_repos/eclipse-iceoryx__iceoryx/iceoryx_posh/BUILD.bazel and referenced by '//iceoryx_examples/ice_access_control:iox-cpp-roudi-static-segments'
ERROR: /data/h445xu/repo/bazel-repos/cloned_repos/eclipse-iceoryx__iceoryx/iceoryx_examples/icediscovery/BUILD.bazel:70:10: no such target '//iceoryx_posh:iceoryx_posh': target 'iceoryx_posh' not declared in package 'iceoryx_posh' defined by /data/h445xu/repo/bazel-repos/cloned_repos/eclipse-iceoryx__iceoryx/iceoryx_posh/BUILD.bazel and referenced by '//iceoryx_examples/icediscovery:iox-cpp-discovery-monitor'
ERROR: /data/h445xu/repo/bazel-repos/cloned_repos/eclipse-iceoryx__iceoryx/iceoryx_examples/icediscovery/BUILD.bazel:49:10: no such target '//iceoryx_posh:iceoryx_posh': target 'iceoryx_posh' not declared in package 'iceoryx_posh' defined by /data/h445xu/repo/bazel-repos/cloned_repos/eclipse-iceoryx__iceoryx/iceoryx_posh/BUILD.bazel and referenced by '//iceoryx_examples/icediscovery:iox-cpp-wait-for-service'
ERROR: /data/h445xu/repo/bazel-repos/cloned_repos/eclipse-iceoryx__iceoryx/iceoryx_examples/complexdata/BUILD.bazel:57:10: no such target '//iceoryx_posh:iceoryx_posh': target 'iceoryx_posh' not declared in package 'iceoryx_posh' defined by /data/h445xu/repo/bazel-repos/cloned_repos/eclipse-iceoryx__iceoryx/iceoryx_posh/BUILD.bazel and referenced by '//iceoryx_examples/complexdata:iox-cpp-subscriber-complexdata'
ERROR: /data/h445xu/repo/bazel-repos/cloned_repos/eclipse-iceoryx__iceoryx/iceoryx_examples/waitset/BUILD.bazel:35:14: no such target '//iceoryx_posh:iceoryx_posh': target 'iceoryx_posh' not declared in package 'iceoryx_posh' defined by /data/h445xu/repo/bazel-repos/cloned_repos/eclipse-iceoryx__iceoryx/iceoryx_posh/BUILD.bazel and referenced by '//iceoryx_examples/waitset:iox-cpp-waitset-trigger'
ERROR: /data/h445xu/repo/bazel-repos/cloned_repos/eclipse-iceoryx__iceoryx/iceoryx_examples/complexdata/BUILD.bazel:24:10: no such target '//iceoryx_posh:iceoryx_posh': target 'iceoryx_posh' not declared in package 'iceoryx_posh' defined by /data/h445xu/repo/bazel-repos/cloned_repos/eclipse-iceoryx__iceoryx/iceoryx_posh/BUILD.bazel and referenced by '//iceoryx_examples/complexdata:iox-cpp-publisher-vector'
ERROR: /data/h445xu/repo/bazel-repos/cloned_repos/eclipse-iceoryx__iceoryx/iceoryx_examples/callbacks/BUILD.bazel:35:10: no such target '//iceoryx_posh:iceoryx_posh': target 'iceoryx_posh' not declared in package 'iceoryx_posh' defined by /data/h445xu/repo/bazel-repos/cloned_repos/eclipse-iceoryx__iceoryx/iceoryx_posh/BUILD.bazel and referenced by '//iceoryx_examples/callbacks:iox-cpp-callbacks-subscriber'
ERROR: /data/h445xu/repo/bazel-repos/cloned_repos/eclipse-iceoryx__iceoryx/iceoryx_examples/request_response/BUILD.bazel:37:10: no such target '//iceoryx_posh:iceoryx_posh': target 'iceoryx_posh' not declared in package 'iceoryx_posh' defined by /data/h445xu/repo/bazel-repos/cloned_repos/eclipse-iceoryx__iceoryx/iceoryx_posh/BUILD.bazel and referenced by '//iceoryx_examples/request_response:iox-cpp-request-response-untyped-server'
ERROR: /data/h445xu/repo/bazel-repos/cloned_repos/eclipse-iceoryx__iceoryx/iceoryx_examples/waitset/BUILD.bazel:35:14: no such target '//iceoryx_posh:iceoryx_posh': target 'iceoryx_posh' not declared in package 'iceoryx_posh' defined by /data/h445xu/repo/bazel-repos/cloned_repos/eclipse-iceoryx__iceoryx/iceoryx_posh/BUILD.bazel and referenced by '//iceoryx_examples/waitset:iox-cpp-waitset-timer_driven_execution'
ERROR: /data/h445xu/repo/bazel-repos/cloned_repos/eclipse-iceoryx__iceoryx/iceoryx_examples/waitset/BUILD.bazel:35:14: no such target '//iceoryx_posh:iceoryx_posh': target 'iceoryx_posh' not declared in package 'iceoryx_posh' defined by /data/h445xu/repo/bazel-repos/cloned_repos/eclipse-iceoryx__iceoryx/iceoryx_posh/BUILD.bazel and referenced by '//iceoryx_examples/waitset:iox-cpp-waitset-gateway'
ERROR: /data/h445xu/repo/bazel-repos/cloned_repos/eclipse-iceoryx__iceoryx/iceoryx_examples/waitset/BUILD.bazel:35:14: no such target '//iceoryx_posh:iceoryx_posh': target 'iceoryx_posh' not declared in package 'iceoryx_posh' defined by /data/h445xu/repo/bazel-repos/cloned_repos/eclipse-iceoryx__iceoryx/iceoryx_posh/BUILD.bazel and referenced by '//iceoryx_examples/waitset:iox-cpp-waitset-grouping'
ERROR: /data/h445xu/repo/bazel-repos/cloned_repos/eclipse-iceoryx__iceoryx/iceoryx_examples/complexdata/BUILD.bazel:35:10: no such target '//iceoryx_posh:iceoryx_posh': target 'iceoryx_posh' not declared in package 'iceoryx_posh' defined by /data/h445xu/repo/bazel-repos/cloned_repos/eclipse-iceoryx__iceoryx/iceoryx_posh/BUILD.bazel and referenced by '//iceoryx_examples/complexdata:iox-cpp-subscriber-vector'
ERROR: /data/h445xu/repo/bazel-repos/cloned_repos/eclipse-iceoryx__iceoryx/iceoryx_examples/user_header/BUILD.bazel:19:10: no such target '//iceoryx_posh:iceoryx_posh': target 'iceoryx_posh' not declared in package 'iceoryx_posh' defined by /data/h445xu/repo/bazel-repos/cloned_repos/eclipse-iceoryx__iceoryx/iceoryx_posh/BUILD.bazel and referenced by '//iceoryx_examples/user_header:iox-cpp-user-header-publisher'
ERROR: /data/h445xu/repo/bazel-repos/cloned_repos/eclipse-iceoryx__iceoryx/iceoryx_examples/waitset/BUILD.bazel:35:14: no such target '//iceoryx_posh:iceoryx_posh': target 'iceoryx_posh' not declared in package 'iceoryx_posh' defined by /data/h445xu/repo/bazel-repos/cloned_repos/eclipse-iceoryx__iceoryx/iceoryx_posh/BUILD.bazel and referenced by '//iceoryx_examples/waitset:iox-cpp-waitset-basic'
ERROR: /data/h445xu/repo/bazel-repos/cloned_repos/eclipse-iceoryx__iceoryx/iceoryx_examples/icehello/BUILD.bazel:35:10: no such target '//iceoryx_posh:iceoryx_posh': target 'iceoryx_posh' not declared in package 'iceoryx_posh' defined by /data/h445xu/repo/bazel-repos/cloned_repos/eclipse-iceoryx__iceoryx/iceoryx_posh/BUILD.bazel and referenced by '//iceoryx_examples/icehello:iox-cpp-subscriber-helloworld'
ERROR: /data/h445xu/repo/bazel-repos/cloned_repos/eclipse-iceoryx__iceoryx/iceoryx_examples/callbacks/BUILD.bazel:24:10: no such target '//iceoryx_posh:iceoryx_posh': target 'iceoryx_posh' not declared in package 'iceoryx_posh' defined by /data/h445xu/repo/bazel-repos/cloned_repos/eclipse-iceoryx__iceoryx/iceoryx_posh/BUILD.bazel and referenced by '//iceoryx_examples/callbacks:iox-cpp-callbacks-publisher'
ERROR: /data/h445xu/repo/bazel-repos/cloned_repos/eclipse-iceoryx__iceoryx/iceoryx_hoofs/test/stresstests/BUILD.bazel:19:10: Target '//iceoryx_hoofs/test/stresstests:benchmark_optional_and_expected/benchmark.hpp' contains an error and its package is in error and referenced by '//iceoryx_hoofs/test/stresstests:iox-bm-optional-and-expected'
ERROR: /data/h445xu/repo/bazel-repos/cloned_repos/eclipse-iceoryx__iceoryx/iceoryx_examples/icediscovery/BUILD.bazel:29:10: no such target '//iceoryx_posh:iceoryx_posh': target 'iceoryx_posh' not declared in package 'iceoryx_posh' defined by /data/h445xu/repo/bazel-repos/cloned_repos/eclipse-iceoryx__iceoryx/iceoryx_posh/BUILD.bazel and referenced by '//iceoryx_examples/icediscovery:iox-cpp-find-service'
ERROR: /data/h445xu/repo/bazel-repos/cloned_repos/eclipse-iceoryx__iceoryx/iceoryx_examples/iceoptions/BUILD.bazel:24:10: no such target '//iceoryx_posh:iceoryx_posh': target 'iceoryx_posh' not declared in package 'iceoryx_posh' defined by /data/h445xu/repo/bazel-repos/cloned_repos/eclipse-iceoryx__iceoryx/iceoryx_posh/BUILD.bazel and referenced by '//iceoryx_examples/iceoptions:iox-cpp-publisher-with-options'
ERROR: /data/h445xu/repo/bazel-repos/cloned_repos/eclipse-iceoryx__iceoryx/iceoryx_examples/request_response/BUILD.bazel:25:10: no such target '//iceoryx_posh:iceoryx_posh': target 'iceoryx_posh' not declared in package 'iceoryx_posh' defined by /data/h445xu/repo/bazel-repos/cloned_repos/eclipse-iceoryx__iceoryx/iceoryx_posh/BUILD.bazel and referenced by '//iceoryx_examples/request_response:iox-cpp-request-response-untyped-client'
ERROR: /data/h445xu/repo/bazel-repos/cloned_repos/eclipse-iceoryx__iceoryx/iceoryx_examples/request_response/BUILD.bazel:49:10: no such target '//iceoryx_posh:iceoryx_posh': target 'iceoryx_posh' not declared in package 'iceoryx_posh' defined by /data/h445xu/repo/bazel-repos/cloned_repos/eclipse-iceoryx__iceoryx/iceoryx_posh/BUILD.bazel and referenced by '//iceoryx_examples/request_response:iox-cpp-request-response-basic-client'
ERROR: /data/h445xu/repo/bazel-repos/cloned_repos/eclipse-iceoryx__iceoryx/iceoryx_hoofs/test/stresstests/BUILD.bazel:19:10: Target '//iceoryx_hoofs/test/stresstests:benchmark_optional_and_expected/benchmark_optional_and_expected.cpp' contains an error and its package is in error and referenced by '//iceoryx_hoofs/test/stresstests:iox-bm-optional-and-expected'
ERROR: /data/h445xu/repo/bazel-repos/cloned_repos/eclipse-iceoryx__iceoryx/iceoryx_hoofs/test/stresstests/BUILD.bazel:19:10: no such target '//iceoryx_hoofs:iceoryx_hoofs_testing': target 'iceoryx_hoofs_testing' not declared in package 'iceoryx_hoofs' defined by /data/h445xu/repo/bazel-repos/cloned_repos/eclipse-iceoryx__iceoryx/iceoryx_hoofs/BUILD.bazel and referenced by '//iceoryx_hoofs/test/stresstests:iox-bm-optional-and-expected'
ERROR: /data/h445xu/repo/bazel-repos/cloned_repos/eclipse-iceoryx__iceoryx/iceoryx_hoofs/test/stresstests/BUILD.bazel:31:8: Target '//iceoryx_hoofs/test/stresstests:sofi/test_stress_spsc_sofi.cpp' contains an error and its package is in error and referenced by '//iceoryx_hoofs/test/stresstests:test_stress_spsc_sofi'
ERROR: /data/h445xu/repo/bazel-repos/cloned_repos/eclipse-iceoryx__iceoryx/iceoryx_hoofs/test/stresstests/BUILD.bazel:31:8: no such target '//iceoryx_hoofs:iceoryx_hoofs_testing': target 'iceoryx_hoofs_testing' not declared in package 'iceoryx_hoofs' defined by /data/h445xu/repo/bazel-repos/cloned_repos/eclipse-iceoryx__iceoryx/iceoryx_hoofs/BUILD.bazel and referenced by '//iceoryx_hoofs/test/stresstests:test_stress_spsc_sofi'
ERROR: /data/h445xu/repo/bazel-repos/cloned_repos/eclipse-iceoryx__iceoryx/iceoryx_binding_c/test/BUILD.bazel:19:8: Target '//iceoryx_binding_c/test:mocks/wait_set_mock.hpp' contains an error and its package is in error and referenced by '//iceoryx_binding_c/test:binding_c_moduletests'
ERROR: /data/h445xu/repo/bazel-repos/cloned_repos/eclipse-iceoryx__iceoryx/iceoryx_binding_c/test/BUILD.bazel:19:8: Target '//iceoryx_binding_c/test:moduletests/main_test_binding_c_modules.cpp' contains an error and its package is in error and referenced by '//iceoryx_binding_c/test:binding_c_moduletests'
ERROR: /data/h445xu/repo/bazel-repos/cloned_repos/eclipse-iceoryx__iceoryx/iceoryx_binding_c/test/BUILD.bazel:19:8: Target '//iceoryx_binding_c/test:moduletests/test_c2cpp_enum_translation.cpp' contains an error and its package is in error and referenced by '//iceoryx_binding_c/test:binding_c_moduletests'
ERROR: /data/h445xu/repo/bazel-repos/cloned_repos/eclipse-iceoryx__iceoryx/iceoryx_binding_c/test/BUILD.bazel:19:8: Target '//iceoryx_binding_c/test:moduletests/test_chunk.cpp' contains an error and its package is in error and referenced by '//iceoryx_binding_c/test:binding_c_moduletests'
ERROR: /data/h445xu/repo/bazel-repos/cloned_repos/eclipse-iceoryx__iceoryx/iceoryx_binding_c/test/BUILD.bazel:19:8: Target '//iceoryx_binding_c/test:moduletests/test_client.cpp' contains an error and its package is in error and referenced by '//iceoryx_binding_c/test:binding_c_moduletests'
ERROR: /data/h445xu/repo/bazel-repos/cloned_repos/eclipse-iceoryx__iceoryx/iceoryx_binding_c/test/BUILD.bazel:19:8: Target '//iceoryx_binding_c/test:moduletests/test_config.cpp' contains an error and its package is in error and referenced by '//iceoryx_binding_c/test:binding_c_moduletests'
ERROR: /data/h445xu/repo/bazel-repos/cloned_repos/eclipse-iceoryx__iceoryx/iceoryx_binding_c/test/BUILD.bazel:19:8: Target '//iceoryx_binding_c/test:moduletests/test_cpp2c_enum_translation.cpp' contains an error and its package is in error and referenced by '//iceoryx_binding_c/test:binding_c_moduletests'
ERROR: /data/h445xu/repo/bazel-repos/cloned_repos/eclipse-iceoryx__iceoryx/iceoryx_binding_c/test/BUILD.bazel:19:8: Target '//iceoryx_binding_c/test:moduletests/test_cpp2c_service_description_translation.cpp' contains an error and its package is in error and referenced by '//iceoryx_binding_c/test:binding_c_moduletests'
ERROR: /data/h445xu/repo/bazel-repos/cloned_repos/eclipse-iceoryx__iceoryx/iceoryx_binding_c/test/BUILD.bazel:19:8: Target '//iceoryx_binding_c/test:moduletests/test_listener.cpp' contains an error and its package is in error and referenced by '//iceoryx_binding_c/test:binding_c_moduletests'
ERROR: /data/h445xu/repo/bazel-repos/cloned_repos/eclipse-iceoryx__iceoryx/iceoryx_binding_c/test/BUILD.bazel:19:8: Target '//iceoryx_binding_c/test:moduletests/test_log.cpp' contains an error and its package is in error and referenced by '//iceoryx_binding_c/test:binding_c_moduletests'
ERROR: /data/h445xu/repo/bazel-repos/cloned_repos/eclipse-iceoryx__iceoryx/iceoryx_binding_c/test/BUILD.bazel:19:8: Target '//iceoryx_binding_c/test:moduletests/test_notification_info.cpp' contains an error and its package is in error and referenced by '//iceoryx_binding_c/test:binding_c_moduletests'
ERROR: /data/h445xu/repo/bazel-repos/cloned_repos/eclipse-iceoryx__iceoryx/iceoryx_binding_c/test/BUILD.bazel:19:8: Target '//iceoryx_binding_c/test:moduletests/test_publisher.cpp' contains an error and its package is in error and referenced by '//iceoryx_binding_c/test:binding_c_moduletests'
ERROR: /data/h445xu/repo/bazel-repos/cloned_repos/eclipse-iceoryx__iceoryx/iceoryx_binding_c/test/BUILD.bazel:19:8: Target '//iceoryx_binding_c/test:moduletests/test_request_header.cpp' contains an error and its package is in error and referenced by '//iceoryx_binding_c/test:binding_c_moduletests'
ERROR: /data/h445xu/repo/bazel-repos/cloned_repos/eclipse-iceoryx__iceoryx/iceoryx_binding_c/test/BUILD.bazel:19:8: Target '//iceoryx_binding_c/test:moduletests/test_response_header.cpp' contains an error and its package is in error and referenced by '//iceoryx_binding_c/test:binding_c_moduletests'
ERROR: /data/h445xu/repo/bazel-repos/cloned_repos/eclipse-iceoryx__iceoryx/iceoryx_binding_c/test/BUILD.bazel:19:8: Target '//iceoryx_binding_c/test:moduletests/test_runtime.cpp' contains an error and its package is in error and referenced by '//iceoryx_binding_c/test:binding_c_moduletests'
ERROR: /data/h445xu/repo/bazel-repos/cloned_repos/eclipse-iceoryx__iceoryx/iceoryx_binding_c/test/BUILD.bazel:19:8: Target '//iceoryx_binding_c/test:moduletests/test_server.cpp' contains an error and its package is in error and referenced by '//iceoryx_binding_c/test:binding_c_moduletests'
ERROR: /data/h445xu/repo/bazel-repos/cloned_repos/eclipse-iceoryx__iceoryx/iceoryx_binding_c/test/BUILD.bazel:19:8: Target '//iceoryx_binding_c/test:moduletests/test_service_description.cpp' contains an error and its package is in error and referenced by '//iceoryx_binding_c/test:binding_c_moduletests'
ERROR: /data/h445xu/repo/bazel-repos/cloned_repos/eclipse-iceoryx__iceoryx/iceoryx_binding_c/test/BUILD.bazel:19:8: Target '//iceoryx_binding_c/test:moduletests/test_service_discovery.cpp' contains an error and its package is in error and referenced by '//iceoryx_binding_c/test:binding_c_moduletests'
ERROR: /data/h445xu/repo/bazel-repos/cloned_repos/eclipse-iceoryx__iceoryx/iceoryx_binding_c/test/BUILD.bazel:19:8: Target '//iceoryx_binding_c/test:moduletests/test_subscriber.cpp' contains an error and its package is in error and referenced by '//iceoryx_binding_c/test:binding_c_moduletests'
ERROR: /data/h445xu/repo/bazel-repos/cloned_repos/eclipse-iceoryx__iceoryx/iceoryx_binding_c/test/BUILD.bazel:19:8: Target '//iceoryx_binding_c/test:moduletests/test_types_storage_size.hpp' contains an error and its package is in error and referenced by '//iceoryx_binding_c/test:binding_c_moduletests'
ERROR: /data/h445xu/repo/bazel-repos/cloned_repos/eclipse-iceoryx__iceoryx/iceoryx_binding_c/test/BUILD.bazel:19:8: Target '//iceoryx_binding_c/test:moduletests/test_user_trigger.cpp' contains an error and its package is in error and referenced by '//iceoryx_binding_c/test:binding_c_moduletests'
ERROR: /data/h445xu/repo/bazel-repos/cloned_repos/eclipse-iceoryx__iceoryx/iceoryx_binding_c/test/BUILD.bazel:19:8: Target '//iceoryx_binding_c/test:moduletests/test_wait_set.cpp' contains an error and its package is in error and referenced by '//iceoryx_binding_c/test:binding_c_moduletests'
ERROR: /data/h445xu/repo/bazel-repos/cloned_repos/eclipse-iceoryx__iceoryx/iceoryx_binding_c/test/BUILD.bazel:19:8: Target '//iceoryx_binding_c/test:test.hpp' contains an error and its package is in error and referenced by '//iceoryx_binding_c/test:binding_c_moduletests'
ERROR: /data/h445xu/repo/bazel-repos/cloned_repos/eclipse-iceoryx__iceoryx/iceoryx_binding_c/test/BUILD.bazel:19:8: no such target '//iceoryx_hoofs:iceoryx_hoofs_testing': target 'iceoryx_hoofs_testing' not declared in package 'iceoryx_hoofs' defined by /data/h445xu/repo/bazel-repos/cloned_repos/eclipse-iceoryx__iceoryx/iceoryx_hoofs/BUILD.bazel and referenced by '//iceoryx_binding_c/test:binding_c_moduletests'
ERROR: /data/h445xu/repo/bazel-repos/cloned_repos/eclipse-iceoryx__iceoryx/iceoryx_binding_c/test/BUILD.bazel:19:8: no such target '//iceoryx_posh:iceoryx_posh': target 'iceoryx_posh' not declared in package 'iceoryx_posh' defined by /data/h445xu/repo/bazel-repos/cloned_repos/eclipse-iceoryx__iceoryx/iceoryx_posh/BUILD.bazel and referenced by '//iceoryx_binding_c/test:binding_c_moduletests'
ERROR: /data/h445xu/repo/bazel-repos/cloned_repos/eclipse-iceoryx__iceoryx/iceoryx_binding_c/test/BUILD.bazel:19:8: no such target '//iceoryx_posh:iceoryx_posh_roudi_env': target 'iceoryx_posh_roudi_env' not declared in package 'iceoryx_posh' defined by /data/h445xu/repo/bazel-repos/cloned_repos/eclipse-iceoryx__iceoryx/iceoryx_posh/BUILD.bazel and referenced by '//iceoryx_binding_c/test:binding_c_moduletests'
ERROR: /data/h445xu/repo/bazel-repos/cloned_repos/eclipse-iceoryx__iceoryx/iceoryx_binding_c/test/BUILD.bazel:19:8: no such target '//iceoryx_posh:iceoryx_posh_testing': target 'iceoryx_posh_testing' not declared in package 'iceoryx_posh' defined by /data/h445xu/repo/bazel-repos/cloned_repos/eclipse-iceoryx__iceoryx/iceoryx_posh/BUILD.bazel and referenced by '//iceoryx_binding_c/test:binding_c_moduletests'
ERROR: /data/h445xu/repo/bazel-repos/cloned_repos/eclipse-iceoryx__iceoryx/iceoryx_hoofs/test/BUILD.bazel:19:8: Target '//iceoryx_hoofs/test:moduletests/main_test_hoofs_modules.cpp' contains an error and its package is in error and referenced by '//iceoryx_hoofs/test:hoofs_moduletests'
ERROR: /data/h445xu/repo/bazel-repos/cloned_repos/eclipse-iceoryx__iceoryx/iceoryx_hoofs/test/BUILD.bazel:19:8: Target '//iceoryx_hoofs/test:moduletests/test_buffer_stack.cpp' contains an error and its package is in error and referenced by '//iceoryx_hoofs/test:hoofs_moduletests'
ERROR: /data/h445xu/repo/bazel-repos/cloned_repos/eclipse-iceoryx__iceoryx/iceoryx_hoofs/test/BUILD.bazel:19:8: Target '//iceoryx_hoofs/test:moduletests/test_cli_cli_definition.cpp' contains an error and its package is in error and referenced by '//iceoryx_hoofs/test:hoofs_moduletests'
ERROR: /data/h445xu/repo/bazel-repos/cloned_repos/eclipse-iceoryx__iceoryx/iceoryx_hoofs/test/BUILD.bazel:19:8: Target '//iceoryx_hoofs/test:moduletests/test_cli_command_line_common.hpp' contains an error and its package is in error and referenced by '//iceoryx_hoofs/test:hoofs_moduletests'
ERROR: /data/h445xu/repo/bazel-repos/cloned_repos/eclipse-iceoryx__iceoryx/iceoryx_hoofs/test/BUILD.bazel:19:8: Target '//iceoryx_hoofs/test:moduletests/test_cli_command_line_parser.cpp' contains an error and its package is in error and referenced by '//iceoryx_hoofs/test:hoofs_moduletests'
ERROR: /data/h445xu/repo/bazel-repos/cloned_repos/eclipse-iceoryx__iceoryx/iceoryx_hoofs/test/BUILD.bazel:19:8: Target '//iceoryx_hoofs/test:moduletests/test_cli_option.cpp' contains an error and its package is in error and referenced by '//iceoryx_hoofs/test:hoofs_moduletests'
ERROR: /data/h445xu/repo/bazel-repos/cloned_repos/eclipse-iceoryx__iceoryx/iceoryx_hoofs/test/BUILD.bazel:19:8: Target '//iceoryx_hoofs/test:moduletests/test_cli_option_definition.cpp' contains an error and its package is in error and referenced by '//iceoryx_hoofs/test:hoofs_moduletests'
ERROR: /data/h445xu/repo/bazel-repos/cloned_repos/eclipse-iceoryx__iceoryx/iceoryx_hoofs/test/BUILD.bazel:19:8: Target '//iceoryx_hoofs/test:moduletests/test_concurrent_mpmc_index_queue.cpp' contains an error and its package is in error and referenced by '//iceoryx_hoofs/test:hoofs_moduletests'
ERROR: /data/h445xu/repo/bazel-repos/cloned_repos/eclipse-iceoryx__iceoryx/iceoryx_hoofs/test/BUILD.bazel:19:8: Target '//iceoryx_hoofs/test:moduletests/test_concurrent_mpmc_lockfree_queue.cpp' contains an error and its package is in error and referenced by '//iceoryx_hoofs/test:hoofs_moduletests'
ERROR: /data/h445xu/repo/bazel-repos/cloned_repos/eclipse-iceoryx__iceoryx/iceoryx_hoofs/test/BUILD.bazel:19:8: Target '//iceoryx_hoofs/test:moduletests/test_concurrent_mpmc_lockfree_queue_cyclic_index.cpp' contains an error and its package is in error and referenced by '//iceoryx_hoofs/test:hoofs_moduletests'
ERROR: /data/h445xu/repo/bazel-repos/cloned_repos/eclipse-iceoryx__iceoryx/iceoryx_hoofs/test/BUILD.bazel:19:8: Target '//iceoryx_hoofs/test:moduletests/test_concurrent_mpmc_loffli.cpp' contains an error and its package is in error and referenced by '//iceoryx_hoofs/test:hoofs_moduletests'
ERROR: /data/h445xu/repo/bazel-repos/cloned_repos/eclipse-iceoryx__iceoryx/iceoryx_hoofs/test/BUILD.bazel:19:8: Target '//iceoryx_hoofs/test:moduletests/test_concurrent_mpmc_resizeable_lockfree_queue.cpp' contains an error and its package is in error and referenced by '//iceoryx_hoofs/test:hoofs_moduletests'
ERROR: /data/h445xu/repo/bazel-repos/cloned_repos/eclipse-iceoryx__iceoryx/iceoryx_hoofs/test/BUILD.bazel:19:8: Target '//iceoryx_hoofs/test:moduletests/test_concurrent_periodic_task.cpp' contains an error and its package is in error and referenced by '//iceoryx_hoofs/test:hoofs_moduletests'
ERROR: /data/h445xu/repo/bazel-repos/cloned_repos/eclipse-iceoryx__iceoryx/iceoryx_hoofs/test/BUILD.bazel:19:8: Target '//iceoryx_hoofs/test:moduletests/test_concurrent_smart_lock.cpp' contains an error and its package is in error and referenced by '//iceoryx_hoofs/test:hoofs_moduletests'
ERROR: /data/h445xu/repo/bazel-repos/cloned_repos/eclipse-iceoryx__iceoryx/iceoryx_hoofs/test/BUILD.bazel:19:8: Target '//iceoryx_hoofs/test:moduletests/test_concurrent_spsc_fifo.cpp' contains an error and its package is in error and referenced by '//iceoryx_hoofs/test:hoofs_moduletests'
ERROR: /data/h445xu/repo/bazel-repos/cloned_repos/eclipse-iceoryx__iceoryx/iceoryx_hoofs/test/BUILD.bazel:19:8: Target '//iceoryx_hoofs/test:moduletests/test_concurrent_spsc_sofi.cpp' contains an error and its package is in error and referenced by '//iceoryx_hoofs/test:hoofs_moduletests'
ERROR: /data/h445xu/repo/bazel-repos/cloned_repos/eclipse-iceoryx__iceoryx/iceoryx_hoofs/test/BUILD.bazel:19:8: Target '//iceoryx_hoofs/test:moduletests/test_container_fixed_position_container.cpp' contains an error and its package is in error and referenced by '//iceoryx_hoofs/test:hoofs_moduletests'
ERROR: /data/h445xu/repo/bazel-repos/cloned_repos/eclipse-iceoryx__iceoryx/iceoryx_hoofs/test/BUILD.bazel:19:8: Target '//iceoryx_hoofs/test:moduletests/test_container_forward_list.cpp' contains an error and its package is in error and referenced by '//iceoryx_hoofs/test:hoofs_moduletests'
ERROR: /data/h445xu/repo/bazel-repos/cloned_repos/eclipse-iceoryx__iceoryx/iceoryx_hoofs/test/BUILD.bazel:19:8: Target '//iceoryx_hoofs/test:moduletests/test_container_list.cpp' contains an error and its package is in error and referenced by '//iceoryx_hoofs/test:hoofs_moduletests'
ERROR: /data/h445xu/repo/bazel-repos/cloned_repos/eclipse-iceoryx__iceoryx/iceoryx_hoofs/test/BUILD.bazel:19:8: Target '//iceoryx_hoofs/test:moduletests/test_container_uninitialized_array.cpp' contains an error and its package is in error and referenced by '//iceoryx_hoofs/test:hoofs_moduletests'
ERROR: /data/h445xu/repo/bazel-repos/cloned_repos/eclipse-iceoryx__iceoryx/iceoryx_hoofs/test/BUILD.bazel:19:8: Target '//iceoryx_hoofs/test:moduletests/test_container_vector.cpp' contains an error and its package is in error and referenced by '//iceoryx_hoofs/test:hoofs_moduletests'
ERROR: /data/h445xu/repo/bazel-repos/cloned_repos/eclipse-iceoryx__iceoryx/iceoryx_hoofs/test/BUILD.bazel:19:8: Target '//iceoryx_hoofs/test:moduletests/test_design_functional_interface_and_then.cpp' contains an error and its package is in error and referenced by '//iceoryx_hoofs/test:hoofs_moduletests'
ERROR: /data/h445xu/repo/bazel-repos/cloned_repos/eclipse-iceoryx__iceoryx/iceoryx_hoofs/test/BUILD.bazel:19:8: Target '//iceoryx_hoofs/test:moduletests/test_design_functional_interface_common.cpp' contains an error and its package is in error and referenced by '//iceoryx_hoofs/test:hoofs_moduletests'
ERROR: /data/h445xu/repo/bazel-repos/cloned_repos/eclipse-iceoryx__iceoryx/iceoryx_hoofs/test/BUILD.bazel:19:8: Target '//iceoryx_hoofs/test:moduletests/test_design_functional_interface_common.hpp' contains an error and its package is in error and referenced by '//iceoryx_hoofs/test:hoofs_moduletests'
ERROR: /data/h445xu/repo/bazel-repos/cloned_repos/eclipse-iceoryx__iceoryx/iceoryx_hoofs/test/BUILD.bazel:19:8: Target '//iceoryx_hoofs/test:moduletests/test_design_functional_interface_concat_multiple_calls.cpp' contains an error and its package is in error and referenced by '//iceoryx_hoofs/test:hoofs_moduletests'
ERROR: /data/h445xu/repo/bazel-repos/cloned_repos/eclipse-iceoryx__iceoryx/iceoryx_hoofs/test/BUILD.bazel:19:8: Target '//iceoryx_hoofs/test:moduletests/test_design_functional_interface_expect.cpp' contains an error and its package is in error and referenced by '//iceoryx_hoofs/test:hoofs_moduletests'
ERROR: /data/h445xu/repo/bazel-repos/cloned_repos/eclipse-iceoryx__iceoryx/iceoryx_hoofs/test/BUILD.bazel:19:8: Target '//iceoryx_hoofs/test:moduletests/test_design_functional_interface_or_else.cpp' contains an error and its package is in error and referenced by '//iceoryx_hoofs/test:hoofs_moduletests'
ERROR: /data/h445xu/repo/bazel-repos/cloned_repos/eclipse-iceoryx__iceoryx/iceoryx_hoofs/test/BUILD.bazel:19:8: Target '//iceoryx_hoofs/test:moduletests/test_design_functional_interface_types.cpp' contains an error and its package is in error and referenced by '//iceoryx_hoofs/test:hoofs_moduletests'
ERROR: /data/h445xu/repo/bazel-repos/cloned_repos/eclipse-iceoryx__iceoryx/iceoryx_hoofs/test/BUILD.bazel:19:8: Target '//iceoryx_hoofs/test:moduletests/test_design_functional_interface_types.hpp' contains an error and its package is in error and referenced by '//iceoryx_hoofs/test:hoofs_moduletests'
ERROR: /data/h445xu/repo/bazel-repos/cloned_repos/eclipse-iceoryx__iceoryx/iceoryx_hoofs/test/BUILD.bazel:19:8: Target '//iceoryx_hoofs/test:moduletests/test_design_functional_interface_value_or.cpp' contains an error and its package is in error and referenced by '//iceoryx_hoofs/test:hoofs_moduletests'
ERROR: /data/h445xu/repo/bazel-repos/cloned_repos/eclipse-iceoryx__iceoryx/iceoryx_hoofs/test/BUILD.bazel:19:8: Target '//iceoryx_hoofs/test:moduletests/test_design_move_and_copy_helper.cpp' contains an error and its package is in error and referenced by '//iceoryx_hoofs/test:hoofs_moduletests'
ERROR: /data/h445xu/repo/bazel-repos/cloned_repos/eclipse-iceoryx__iceoryx/iceoryx_hoofs/test/BUILD.bazel:19:8: Target '//iceoryx_hoofs/test:moduletests/test_design_newtype.cpp' contains an error and its package is in error and referenced by '//iceoryx_hoofs/test:hoofs_moduletests'
ERROR: /data/h445xu/repo/bazel-repos/cloned_repos/eclipse-iceoryx__iceoryx/iceoryx_hoofs/test/BUILD.bazel:19:8: Target '//iceoryx_hoofs/test:moduletests/test_design_polymorphic_handler.cpp' contains an error and its package is in error and referenced by '//iceoryx_hoofs/test:hoofs_moduletests'
ERROR: /data/h445xu/repo/bazel-repos/cloned_repos/eclipse-iceoryx__iceoryx/iceoryx_hoofs/test/BUILD.bazel:19:8: Target '//iceoryx_hoofs/test:moduletests/test_design_static_lifetime_guard.cpp' contains an error and its package is in error and referenced by '//iceoryx_hoofs/test:hoofs_moduletests'
ERROR: /data/h445xu/repo/bazel-repos/cloned_repos/eclipse-iceoryx__iceoryx/iceoryx_hoofs/test/BUILD.bazel:19:8: Target '//iceoryx_hoofs/test:moduletests/test_filesystem_file_reader.cpp' contains an error and its package is in error and referenced by '//iceoryx_hoofs/test:hoofs_moduletests'
ERROR: /data/h445xu/repo/bazel-repos/cloned_repos/eclipse-iceoryx__iceoryx/iceoryx_hoofs/test/BUILD.bazel:19:8: Target '//iceoryx_hoofs/test:moduletests/test_filesystem_filesystem.cpp' contains an error and its package is in error and referenced by '//iceoryx_hoofs/test:hoofs_moduletests'
ERROR: /data/h445xu/repo/bazel-repos/cloned_repos/eclipse-iceoryx__iceoryx/iceoryx_hoofs/test/BUILD.bazel:19:8: Target '//iceoryx_hoofs/test:moduletests/test_functional_function.cpp' contains an error and its package is in error and referenced by '//iceoryx_hoofs/test:hoofs_moduletests'
ERROR: /data/h445xu/repo/bazel-repos/cloned_repos/eclipse-iceoryx__iceoryx/iceoryx_hoofs/test/BUILD.bazel:19:8: Target '//iceoryx_hoofs/test:moduletests/test_functional_function_ref.cpp' contains an error and its package is in error and referenced by '//iceoryx_hoofs/test:hoofs_moduletests'
ERROR: /data/h445xu/repo/bazel-repos/cloned_repos/eclipse-iceoryx__iceoryx/iceoryx_hoofs/test/BUILD.bazel:19:8: Target '//iceoryx_hoofs/test:moduletests/test_memory_bump_allocator.cpp' contains an error and its package is in error and referenced by '//iceoryx_hoofs/test:hoofs_moduletests'
ERROR: /data/h445xu/repo/bazel-repos/cloned_repos/eclipse-iceoryx__iceoryx/iceoryx_hoofs/test/BUILD.bazel:19:8: Target '//iceoryx_hoofs/test:moduletests/test_memory_memory.cpp' contains an error and its package is in error and referenced by '//iceoryx_hoofs/test:hoofs_moduletests'
ERROR: /data/h445xu/repo/bazel-repos/cloned_repos/eclipse-iceoryx__iceoryx/iceoryx_hoofs/test/BUILD.bazel:19:8: Target '//iceoryx_hoofs/test:moduletests/test_memory_relative_pointer.cpp' contains an error and its package is in error and referenced by '//iceoryx_hoofs/test:hoofs_moduletests'
ERROR: /data/h445xu/repo/bazel-repos/cloned_repos/eclipse-iceoryx__iceoryx/iceoryx_hoofs/test/BUILD.bazel:19:8: Target '//iceoryx_hoofs/test:moduletests/test_memory_relative_pointer_data.cpp' contains an error and its package is in error and referenced by '//iceoryx_hoofs/test:hoofs_moduletests'
ERROR: /data/h445xu/repo/bazel-repos/cloned_repos/eclipse-iceoryx__iceoryx/iceoryx_hoofs/test/BUILD.bazel:19:8: Target '//iceoryx_hoofs/test:moduletests/test_memory_relocatable_ptr.cpp' contains an error and its package is in error and referenced by '//iceoryx_hoofs/test:hoofs_moduletests'
ERROR: /data/h445xu/repo/bazel-repos/cloned_repos/eclipse-iceoryx__iceoryx/iceoryx_hoofs/test/BUILD.bazel:19:8: Target '//iceoryx_hoofs/test:moduletests/test_memory_scope_guard.cpp' contains an error and its package is in error and referenced by '//iceoryx_hoofs/test:hoofs_moduletests'
ERROR: /data/h445xu/repo/bazel-repos/cloned_repos/eclipse-iceoryx__iceoryx/iceoryx_hoofs/test/BUILD.bazel:19:8: Target '//iceoryx_hoofs/test:moduletests/test_memory_static_storage.cpp' contains an error and its package is in error and referenced by '//iceoryx_hoofs/test:hoofs_moduletests'
ERROR: /data/h445xu/repo/bazel-repos/cloned_repos/eclipse-iceoryx__iceoryx/iceoryx_hoofs/test/BUILD.bazel:19:8: Target '//iceoryx_hoofs/test:moduletests/test_memory_unique_ptr.cpp' contains an error and its package is in error and referenced by '//iceoryx_hoofs/test:hoofs_moduletests'
ERROR: /data/h445xu/repo/bazel-repos/cloned_repos/eclipse-iceoryx__iceoryx/iceoryx_hoofs/test/BUILD.bazel:19:8: Target '//iceoryx_hoofs/test:moduletests/test_posix_access_rights.cpp' contains an error and its package is in error and referenced by '//iceoryx_hoofs/test:hoofs_moduletests'
ERROR: /data/h445xu/repo/bazel-repos/cloned_repos/eclipse-iceoryx__iceoryx/iceoryx_hoofs/test/BUILD.bazel:19:8: Target '//iceoryx_hoofs/test:moduletests/test_posix_file.cpp' contains an error and its package is in error and referenced by '//iceoryx_hoofs/test:hoofs_moduletests'
ERROR: /data/h445xu/repo/bazel-repos/cloned_repos/eclipse-iceoryx__iceoryx/iceoryx_hoofs/test/BUILD.bazel:19:8: Target '//iceoryx_hoofs/test:moduletests/test_posix_file_lock.cpp' contains an error and its package is in error and referenced by '//iceoryx_hoofs/test:hoofs_moduletests'
ERROR: /data/h445xu/repo/bazel-repos/cloned_repos/eclipse-iceoryx__iceoryx/iceoryx_hoofs/test/BUILD.bazel:19:8: Target '//iceoryx_hoofs/test:moduletests/test_posix_filesystem_posix_acl.cpp' contains an error and its package is in error and referenced by '//iceoryx_hoofs/test:hoofs_moduletests'
ERROR: /data/h445xu/repo/bazel-repos/cloned_repos/eclipse-iceoryx__iceoryx/iceoryx_hoofs/test/BUILD.bazel:19:8: Target '//iceoryx_hoofs/test:moduletests/test_posix_ipc_unix_domain_sockets.cpp' contains an error and its package is in error and referenced by '//iceoryx_hoofs/test:hoofs_moduletests'
ERROR: /data/h445xu/repo/bazel-repos/cloned_repos/eclipse-iceoryx__iceoryx/iceoryx_hoofs/test/BUILD.bazel:19:8: Target '//iceoryx_hoofs/test:moduletests/test_posix_mutex.cpp' contains an error and its package is in error and referenced by '//iceoryx_hoofs/test:hoofs_moduletests'
ERROR: /data/h445xu/repo/bazel-repos/cloned_repos/eclipse-iceoryx__iceoryx/iceoryx_hoofs/test/BUILD.bazel:19:8: Target '//iceoryx_hoofs/test:moduletests/test_posix_named_semaphore.cpp' contains an error and its package is in error and referenced by '//iceoryx_hoofs/test:hoofs_moduletests'
ERROR: /data/h445xu/repo/bazel-repos/cloned_repos/eclipse-iceoryx__iceoryx/iceoryx_hoofs/test/BUILD.bazel:19:8: Target '//iceoryx_hoofs/test:moduletests/test_posix_path_and_file_verifier.cpp' contains an error and its package is in error and referenced by '//iceoryx_hoofs/test:hoofs_moduletests'
ERROR: /data/h445xu/repo/bazel-repos/cloned_repos/eclipse-iceoryx__iceoryx/iceoryx_hoofs/test/BUILD.bazel:19:8: Target '//iceoryx_hoofs/test:moduletests/test_posix_posix_call.cpp' contains an error and its package is in error and referenced by '//iceoryx_hoofs/test:hoofs_moduletests'
ERROR: /data/h445xu/repo/bazel-repos/cloned_repos/eclipse-iceoryx__iceoryx/iceoryx_hoofs/test/BUILD.bazel:19:8: Target '//iceoryx_hoofs/test:moduletests/test_posix_semaphore_common.hpp' contains an error and its package is in error and referenced by '//iceoryx_hoofs/test:hoofs_moduletests'
ERROR: /data/h445xu/repo/bazel-repos/cloned_repos/eclipse-iceoryx__iceoryx/iceoryx_hoofs/test/BUILD.bazel:19:8: Target '//iceoryx_hoofs/test:moduletests/test_posix_semaphore_interface.cpp' contains an error and its package is in error and referenced by '//iceoryx_hoofs/test:hoofs_moduletests'
ERROR: /data/h445xu/repo/bazel-repos/cloned_repos/eclipse-iceoryx__iceoryx/iceoryx_hoofs/test/BUILD.bazel:19:8: Target '//iceoryx_hoofs/test:moduletests/test_posix_shared_memory.cpp' contains an error and its package is in error and referenced by '//iceoryx_hoofs/test:hoofs_moduletests'
ERROR: /data/h445xu/repo/bazel-repos/cloned_repos/eclipse-iceoryx__iceoryx/iceoryx_hoofs/test/BUILD.bazel:19:8: Target '//iceoryx_hoofs/test:moduletests/test_posix_shared_memory_object.cpp' contains an error and its package is in error and referenced by '//iceoryx_hoofs/test:hoofs_moduletests'
ERROR: /data/h445xu/repo/bazel-repos/cloned_repos/eclipse-iceoryx__iceoryx/iceoryx_hoofs/test/BUILD.bazel:19:8: Target '//iceoryx_hoofs/test:moduletests/test_posix_signal_handler.cpp' contains an error and its package is in error and referenced by '//iceoryx_hoofs/test:hoofs_moduletests'
ERROR: /data/h445xu/repo/bazel-repos/cloned_repos/eclipse-iceoryx__iceoryx/iceoryx_hoofs/test/BUILD.bazel:19:8: Target '//iceoryx_hoofs/test:moduletests/test_posix_sync_signal_watcher.cpp' contains an error and its package is in error and referenced by '//iceoryx_hoofs/test:hoofs_moduletests'
ERROR: /data/h445xu/repo/bazel-repos/cloned_repos/eclipse-iceoryx__iceoryx/iceoryx_hoofs/test/BUILD.bazel:19:8: Target '//iceoryx_hoofs/test:moduletests/test_posix_thread.cpp' contains an error and its package is in error and referenced by '//iceoryx_hoofs/test:hoofs_moduletests'
ERROR: /data/h445xu/repo/bazel-repos/cloned_repos/eclipse-iceoryx__iceoryx/iceoryx_hoofs/test/BUILD.bazel:19:8: Target '//iceoryx_hoofs/test:moduletests/test_posix_unnamed_semaphore.cpp' contains an error and its package is in error and referenced by '//iceoryx_hoofs/test:hoofs_moduletests'
ERROR: /data/h445xu/repo/bazel-repos/cloned_repos/eclipse-iceoryx__iceoryx/iceoryx_hoofs/test/BUILD.bazel:19:8: Target '//iceoryx_hoofs/test:moduletests/test_primitives_algorithm.cpp' contains an error and its package is in error and referenced by '//iceoryx_hoofs/test:hoofs_moduletests'
ERROR: /data/h445xu/repo/bazel-repos/cloned_repos/eclipse-iceoryx__iceoryx/iceoryx_hoofs/test/BUILD.bazel:19:8: Target '//iceoryx_hoofs/test:moduletests/test_primitives_size.cpp' contains an error and its package is in error and referenced by '//iceoryx_hoofs/test:hoofs_moduletests'
ERROR: /data/h445xu/repo/bazel-repos/cloned_repos/eclipse-iceoryx__iceoryx/iceoryx_hoofs/test/BUILD.bazel:19:8: Target '//iceoryx_hoofs/test:moduletests/test_primitives_type_traits.cpp' contains an error and its package is in error and referenced by '//iceoryx_hoofs/test:hoofs_moduletests'
ERROR: /data/h445xu/repo/bazel-repos/cloned_repos/eclipse-iceoryx__iceoryx/iceoryx_hoofs/test/BUILD.bazel:19:8: Target '//iceoryx_hoofs/test:moduletests/test_reporting_console_logger.cpp' contains an error and its package is in error and referenced by '//iceoryx_hoofs/test:hoofs_moduletests'
ERROR: /data/h445xu/repo/bazel-repos/cloned_repos/eclipse-iceoryx__iceoryx/iceoryx_hoofs/test/BUILD.bazel:19:8: Target '//iceoryx_hoofs/test:moduletests/test_reporting_logging.cpp' contains an error and its package is in error and referenced by '//iceoryx_hoofs/test:hoofs_moduletests'
ERROR: /data/h445xu/repo/bazel-repos/cloned_repos/eclipse-iceoryx__iceoryx/iceoryx_hoofs/test/BUILD.bazel:19:8: Target '//iceoryx_hoofs/test:moduletests/test_reporting_logstream.cpp' contains an error and its package is in error and referenced by '//iceoryx_hoofs/test:hoofs_moduletests'
ERROR: /data/h445xu/repo/bazel-repos/cloned_repos/eclipse-iceoryx__iceoryx/iceoryx_hoofs/test/BUILD.bazel:19:8: Target '//iceoryx_hoofs/test:moduletests/test_reporting_logstream.hpp' contains an error and its package is in error and referenced by '//iceoryx_hoofs/test:hoofs_moduletests'
ERROR: /data/h445xu/repo/bazel-repos/cloned_repos/eclipse-iceoryx__iceoryx/iceoryx_hoofs/test/BUILD.bazel:19:8: Target '//iceoryx_hoofs/test:moduletests/test_reporting_logstream_arithmetic.cpp' contains an error and its package is in error and referenced by '//iceoryx_hoofs/test:hoofs_moduletests'
ERROR: /data/h445xu/repo/bazel-repos/cloned_repos/eclipse-iceoryx__iceoryx/iceoryx_hoofs/test/BUILD.bazel:19:8: Target '//iceoryx_hoofs/test:moduletests/test_reporting_logstream_hex_oct_bin.cpp' contains an error and its package is in error and referenced by '//iceoryx_hoofs/test:hoofs_moduletests'
ERROR: /data/h445xu/repo/bazel-repos/cloned_repos/eclipse-iceoryx__iceoryx/iceoryx_hoofs/test/BUILD.bazel:19:8: Target '//iceoryx_hoofs/test:moduletests/test_time_adaptive_wait.cpp' contains an error and its package is in error and referenced by '//iceoryx_hoofs/test:hoofs_moduletests'
ERROR: /data/h445xu/repo/bazel-repos/cloned_repos/eclipse-iceoryx__iceoryx/iceoryx_hoofs/test/BUILD.bazel:19:8: Target '//iceoryx_hoofs/test:moduletests/test_time_deadline_timer.cpp' contains an error and its package is in error and referenced by '//iceoryx_hoofs/test:hoofs_moduletests'
ERROR: /data/h445xu/repo/bazel-repos/cloned_repos/eclipse-iceoryx__iceoryx/iceoryx_hoofs/test/BUILD.bazel:19:8: Target '//iceoryx_hoofs/test:moduletests/test_time_unit_duration.cpp' contains an error and its package is in error and referenced by '//iceoryx_hoofs/test:hoofs_moduletests'
ERROR: /data/h445xu/repo/bazel-repos/cloned_repos/eclipse-iceoryx__iceoryx/iceoryx_hoofs/test/BUILD.bazel:19:8: Target '//iceoryx_hoofs/test:moduletests/test_utility_convert.cpp' contains an error and its package is in error and referenced by '//iceoryx_hoofs/test:hoofs_moduletests'
ERROR: /data/h445xu/repo/bazel-repos/cloned_repos/eclipse-iceoryx__iceoryx/iceoryx_hoofs/test/BUILD.bazel:19:8: Target '//iceoryx_hoofs/test:moduletests/test_utility_deprecation_marker.cpp' contains an error and its package is in error and referenced by '//iceoryx_hoofs/test:hoofs_moduletests'
ERROR: /data/h445xu/repo/bazel-repos/cloned_repos/eclipse-iceoryx__iceoryx/iceoryx_hoofs/test/BUILD.bazel:19:8: Target '//iceoryx_hoofs/test:moduletests/test_utility_into.cpp' contains an error and its package is in error and referenced by '//iceoryx_hoofs/test:hoofs_moduletests'
ERROR: /data/h445xu/repo/bazel-repos/cloned_repos/eclipse-iceoryx__iceoryx/iceoryx_hoofs/test/BUILD.bazel:19:8: Target '//iceoryx_hoofs/test:moduletests/test_utility_serialization.cpp' contains an error and its package is in error and referenced by '//iceoryx_hoofs/test:hoofs_moduletests'
ERROR: /data/h445xu/repo/bazel-repos/cloned_repos/eclipse-iceoryx__iceoryx/iceoryx_hoofs/test/BUILD.bazel:19:8: Target '//iceoryx_hoofs/test:moduletests/test_utility_std_chrono_support.cpp' contains an error and its package is in error and referenced by '//iceoryx_hoofs/test:hoofs_moduletests'
ERROR: /data/h445xu/repo/bazel-repos/cloned_repos/eclipse-iceoryx__iceoryx/iceoryx_hoofs/test/BUILD.bazel:19:8: Target '//iceoryx_hoofs/test:moduletests/test_utility_std_string_support.cpp' contains an error and its package is in error and referenced by '//iceoryx_hoofs/test:hoofs_moduletests'
ERROR: /data/h445xu/repo/bazel-repos/cloned_repos/eclipse-iceoryx__iceoryx/iceoryx_hoofs/test/BUILD.bazel:19:8: Target '//iceoryx_hoofs/test:moduletests/test_utility_unique_id.cpp' contains an error and its package is in error and referenced by '//iceoryx_hoofs/test:hoofs_moduletests'
ERROR: /data/h445xu/repo/bazel-repos/cloned_repos/eclipse-iceoryx__iceoryx/iceoryx_hoofs/test/BUILD.bazel:19:8: Target '//iceoryx_hoofs/test:moduletests/test_vocabulary_expected.cpp' contains an error and its package is in error and referenced by '//iceoryx_hoofs/test:hoofs_moduletests'
ERROR: /data/h445xu/repo/bazel-repos/cloned_repos/eclipse-iceoryx__iceoryx/iceoryx_hoofs/test/BUILD.bazel:19:8: Target '//iceoryx_hoofs/test:moduletests/test_vocabulary_optional.cpp' contains an error and its package is in error and referenced by '//iceoryx_hoofs/test:hoofs_moduletests'
ERROR: /data/h445xu/repo/bazel-repos/cloned_repos/eclipse-iceoryx__iceoryx/iceoryx_hoofs/test/BUILD.bazel:19:8: Target '//iceoryx_hoofs/test:moduletests/test_vocabulary_semantic_string.cpp' contains an error and its package is in error and referenced by '//iceoryx_hoofs/test:hoofs_moduletests'
ERROR: /data/h445xu/repo/bazel-repos/cloned_repos/eclipse-iceoryx__iceoryx/iceoryx_hoofs/test/BUILD.bazel:19:8: Target '//iceoryx_hoofs/test:moduletests/test_vocabulary_span.cpp' contains an error and its package is in error and referenced by '//iceoryx_hoofs/test:hoofs_moduletests'
ERROR: /data/h445xu/repo/bazel-repos/cloned_repos/eclipse-iceoryx__iceoryx/iceoryx_hoofs/test/BUILD.bazel:19:8: Target '//iceoryx_hoofs/test:moduletests/test_vocabulary_string.cpp' contains an error and its package is in error and referenced by '//iceoryx_hoofs/test:hoofs_moduletests'
ERROR: /data/h445xu/repo/bazel-repos/cloned_repos/eclipse-iceoryx__iceoryx/iceoryx_hoofs/test/BUILD.bazel:19:8: Target '//iceoryx_hoofs/test:moduletests/test_vocabulary_string.hpp' contains an error and its package is in error and referenced by '//iceoryx_hoofs/test:hoofs_moduletests'
ERROR: /data/h445xu/repo/bazel-repos/cloned_repos/eclipse-iceoryx__iceoryx/iceoryx_hoofs/test/BUILD.bazel:19:8: Target '//iceoryx_hoofs/test:moduletests/test_vocabulary_string_comparison.cpp' contains an error and its package is in error and referenced by '//iceoryx_hoofs/test:hoofs_moduletests'
ERROR: /data/h445xu/repo/bazel-repos/cloned_repos/eclipse-iceoryx__iceoryx/iceoryx_hoofs/test/BUILD.bazel:19:8: Target '//iceoryx_hoofs/test:moduletests/test_vocabulary_string_concatenate_append_and_insert.cpp' contains an error and its package is in error and referenced by '//iceoryx_hoofs/test:hoofs_moduletests'
ERROR: /data/h445xu/repo/bazel-repos/cloned_repos/eclipse-iceoryx__iceoryx/iceoryx_hoofs/test/BUILD.bazel:19:8: Target '//iceoryx_hoofs/test:moduletests/test_vocabulary_string_ctor_and_assign.cpp' contains an error and its package is in error and referenced by '//iceoryx_hoofs/test:hoofs_moduletests'
ERROR: /data/h445xu/repo/bazel-repos/cloned_repos/eclipse-iceoryx__iceoryx/iceoryx_hoofs/test/BUILD.bazel:19:8: Target '//iceoryx_hoofs/test:moduletests/test_vocabulary_variant.cpp' contains an error and its package is in error and referenced by '//iceoryx_hoofs/test:hoofs_moduletests'
ERROR: /data/h445xu/repo/bazel-repos/cloned_repos/eclipse-iceoryx__iceoryx/iceoryx_hoofs/test/BUILD.bazel:19:8: Target '//iceoryx_hoofs/test:test.hpp' contains an error and its package is in error and referenced by '//iceoryx_hoofs/test:hoofs_moduletests'
ERROR: /data/h445xu/repo/bazel-repos/cloned_repos/eclipse-iceoryx__iceoryx/iceoryx_hoofs/test/BUILD.bazel:19:8: no such target '//iceoryx_hoofs:iceoryx_hoofs_testing': target 'iceoryx_hoofs_testing' not declared in package 'iceoryx_hoofs' defined by /data/h445xu/repo/bazel-repos/cloned_repos/eclipse-iceoryx__iceoryx/iceoryx_hoofs/BUILD.bazel and referenced by '//iceoryx_hoofs/test:hoofs_moduletests'
Loading: 59 packages loaded
ERROR: /data/h445xu/repo/bazel-repos/cloned_repos/eclipse-iceoryx__iceoryx/tools/introspection/BUILD.bazel:19:11: no such target '//iceoryx_posh:iceoryx_posh': target 'iceoryx_posh' not declared in package 'iceoryx_posh' defined by /data/h445xu/repo/bazel-repos/cloned_repos/eclipse-iceoryx__iceoryx/iceoryx_posh/BUILD.bazel and referenced by '//tools/introspection:iceoryx_introspection'
ERROR: /data/h445xu/repo/bazel-repos/cloned_repos/eclipse-iceoryx__iceoryx/tools/introspection/BUILD.bazel:39:10: no such target '//iceoryx_posh:iceoryx_posh': target 'iceoryx_posh' not declared in package 'iceoryx_posh' defined by /data/h445xu/repo/bazel-repos/cloned_repos/eclipse-iceoryx__iceoryx/iceoryx_posh/BUILD.bazel and referenced by '//tools/introspection:iox-introspection-client'
Loading: 61 packages loaded
ERROR: /data/h445xu/repo/bazel-repos/cloned_repos/eclipse-iceoryx__iceoryx/iceoryx_binding_c/BUILD.bazel:19:11: no such target '//iceoryx_posh:iceoryx_posh': target 'iceoryx_posh' not declared in package 'iceoryx_posh' defined by /data/h445xu/repo/bazel-repos/cloned_repos/eclipse-iceoryx__iceoryx/iceoryx_posh/BUILD.bazel and referenced by '//iceoryx_binding_c:iceoryx_binding_c'
ERROR: /data/h445xu/repo/bazel-repos/cloned_repos/eclipse-iceoryx__iceoryx/iceoryx_binding_c/test/BUILD.bazel:19:8: no such target '//iceoryx_posh:iceoryx_posh_testing': target 'iceoryx_posh_testing' not declared in package 'iceoryx_posh' defined by /data/h445xu/repo/bazel-repos/cloned_repos/eclipse-iceoryx__iceoryx/iceoryx_posh/BUILD.bazel and referenced by '//iceoryx_binding_c/test:binding_c_moduletests'
ERROR: /data/h445xu/repo/bazel-repos/cloned_repos/eclipse-iceoryx__iceoryx/iceoryx_binding_c/test/BUILD.bazel:19:8: no such target '//iceoryx_posh:iceoryx_posh': target 'iceoryx_posh' not declared in package 'iceoryx_posh' defined by /data/h445xu/repo/bazel-repos/cloned_repos/eclipse-iceoryx__iceoryx/iceoryx_posh/BUILD.bazel and referenced by '//iceoryx_binding_c/test:binding_c_moduletests'
ERROR: /data/h445xu/repo/bazel-repos/cloned_repos/eclipse-iceoryx__iceoryx/iceoryx_binding_c/test/BUILD.bazel:19:8: no such target '//iceoryx_posh:iceoryx_posh_roudi_env': target 'iceoryx_posh_roudi_env' not declared in package 'iceoryx_posh' defined by /data/h445xu/repo/bazel-repos/cloned_repos/eclipse-iceoryx__iceoryx/iceoryx_posh/BUILD.bazel and referenced by '//iceoryx_binding_c/test:binding_c_moduletests'
ERROR: /data/h445xu/repo/bazel-repos/cloned_repos/eclipse-iceoryx__iceoryx/iceoryx_binding_c/test/BUILD.bazel:19:8: no such target '//iceoryx_hoofs:iceoryx_hoofs_testing': target 'iceoryx_hoofs_testing' not declared in package 'iceoryx_hoofs' defined by /data/h445xu/repo/bazel-repos/cloned_repos/eclipse-iceoryx__iceoryx/iceoryx_hoofs/BUILD.bazel and referenced by '//iceoryx_binding_c/test:binding_c_moduletests'
ERROR: /data/h445xu/repo/bazel-repos/cloned_repos/eclipse-iceoryx__iceoryx/iceoryx_examples/callbacks/BUILD.bazel:46:10: no such target '//iceoryx_posh:iceoryx_posh': target 'iceoryx_posh' not declared in package 'iceoryx_posh' defined by /data/h445xu/repo/bazel-repos/cloned_repos/eclipse-iceoryx__iceoryx/iceoryx_posh/BUILD.bazel and referenced by '//iceoryx_examples/callbacks:iox-cpp-callbacks-listener-as-class-member'
ERROR: /data/h445xu/repo/bazel-repos/cloned_repos/eclipse-iceoryx__iceoryx/iceoryx_examples/callbacks/BUILD.bazel:24:10: no such target '//iceoryx_posh:iceoryx_posh': target 'iceoryx_posh' not declared in package 'iceoryx_posh' defined by /data/h445xu/repo/bazel-repos/cloned_repos/eclipse-iceoryx__iceoryx/iceoryx_posh/BUILD.bazel and referenced by '//iceoryx_examples/callbacks:iox-cpp-callbacks-publisher'
ERROR: /data/h445xu/repo/bazel-repos/cloned_repos/eclipse-iceoryx__iceoryx/iceoryx_examples/callbacks/BUILD.bazel:35:10: no such target '//iceoryx_posh:iceoryx_posh': target 'iceoryx_posh' not declared in package 'iceoryx_posh' defined by /data/h445xu/repo/bazel-repos/cloned_repos/eclipse-iceoryx__iceoryx/iceoryx_posh/BUILD.bazel and referenced by '//iceoryx_examples/callbacks:iox-cpp-callbacks-subscriber'
ERROR: /data/h445xu/repo/bazel-repos/cloned_repos/eclipse-iceoryx__iceoryx/iceoryx_examples/complexdata/BUILD.bazel:35:10: no such target '//iceoryx_posh:iceoryx_posh': target 'iceoryx_posh' not declared in package 'iceoryx_posh' defined by /data/h445xu/repo/bazel-repos/cloned_repos/eclipse-iceoryx__iceoryx/iceoryx_posh/BUILD.bazel and referenced by '//iceoryx_examples/complexdata:iox-cpp-subscriber-vector'
ERROR: /data/h445xu/repo/bazel-repos/cloned_repos/eclipse-iceoryx__iceoryx/iceoryx_examples/ice_access_control/BUILD.bazel:35:10: no such target '//iceoryx_posh:iceoryx_posh': target 'iceoryx_posh' not declared in package 'iceoryx_posh' defined by /data/h445xu/repo/bazel-repos/cloned_repos/eclipse-iceoryx__iceoryx/iceoryx_posh/BUILD.bazel and referenced by '//iceoryx_examples/ice_access_control:iox-cpp-display'
ERROR: /data/h445xu/repo/bazel-repos/cloned_repos/eclipse-iceoryx__iceoryx/iceoryx_examples/complexdata/BUILD.bazel:46:10: no such target '//iceoryx_posh:iceoryx_posh': target 'iceoryx_posh' not declared in package 'iceoryx_posh' defined by /data/h445xu/repo/bazel-repos/cloned_repos/eclipse-iceoryx__iceoryx/iceoryx_posh/BUILD.bazel and referenced by '//iceoryx_examples/complexdata:iox-cpp-publisher-complexdata'
ERROR: /data/h445xu/repo/bazel-repos/cloned_repos/eclipse-iceoryx__iceoryx/iceoryx_examples/complexdata/BUILD.bazel:24:10: no such target '//iceoryx_posh:iceoryx_posh': target 'iceoryx_posh' not declared in package 'iceoryx_posh' defined by /data/h445xu/repo/bazel-repos/cloned_repos/eclipse-iceoryx__iceoryx/iceoryx_posh/BUILD.bazel and referenced by '//iceoryx_examples/complexdata:iox-cpp-publisher-vector'
ERROR: /data/h445xu/repo/bazel-repos/cloned_repos/eclipse-iceoryx__iceoryx/iceoryx_examples/icediscovery/BUILD.bazel:70:10: no such target '//iceoryx_posh:iceoryx_posh': target 'iceoryx_posh' not declared in package 'iceoryx_posh' defined by /data/h445xu/repo/bazel-repos/cloned_repos/eclipse-iceoryx__iceoryx/iceoryx_posh/BUILD.bazel and referenced by '//iceoryx_examples/icediscovery:iox-cpp-discovery-monitor'
ERROR: /data/h445xu/repo/bazel-repos/cloned_repos/eclipse-iceoryx__iceoryx/iceoryx_examples/complexdata/BUILD.bazel:57:10: no such target '//iceoryx_posh:iceoryx_posh': target 'iceoryx_posh' not declared in package 'iceoryx_posh' defined by /data/h445xu/repo/bazel-repos/cloned_repos/eclipse-iceoryx__iceoryx/iceoryx_posh/BUILD.bazel and referenced by '//iceoryx_examples/complexdata:iox-cpp-subscriber-complexdata'
ERROR: /data/h445xu/repo/bazel-repos/cloned_repos/eclipse-iceoryx__iceoryx/iceoryx_examples/icediscovery/BUILD.bazel:49:10: no such target '//iceoryx_posh:iceoryx_posh': target 'iceoryx_posh' not declared in package 'iceoryx_posh' defined by /data/h445xu/repo/bazel-repos/cloned_repos/eclipse-iceoryx__iceoryx/iceoryx_posh/BUILD.bazel and referenced by '//iceoryx_examples/icediscovery:iox-cpp-wait-for-service'
ERROR: /data/h445xu/repo/bazel-repos/cloned_repos/eclipse-iceoryx__iceoryx/iceoryx_examples/experimental/node/BUILD.bazel:25:10: no such target '//iceoryx_posh:iceoryx_posh': target 'iceoryx_posh' not declared in package 'iceoryx_posh' defined by /data/h445xu/repo/bazel-repos/cloned_repos/eclipse-iceoryx__iceoryx/iceoryx_posh/BUILD.bazel and referenced by '//iceoryx_examples/experimental/node:iox-cpp-node-publisher'
ERROR: /data/h445xu/repo/bazel-repos/cloned_repos/eclipse-iceoryx__iceoryx/iceoryx_examples/iceoptions/BUILD.bazel:24:10: no such target '//iceoryx_posh:iceoryx_posh': target 'iceoryx_posh' not declared in package 'iceoryx_posh' defined by /data/h445xu/repo/bazel-repos/cloned_repos/eclipse-iceoryx__iceoryx/iceoryx_posh/BUILD.bazel and referenced by '//iceoryx_examples/iceoptions:iox-cpp-publisher-with-options'
ERROR: /data/h445xu/repo/bazel-repos/cloned_repos/eclipse-iceoryx__iceoryx/iceoryx_examples/iceoptions/BUILD.bazel:35:10: no such target '//iceoryx_posh:iceoryx_posh': target 'iceoryx_posh' not declared in package 'iceoryx_posh' defined by /data/h445xu/repo/bazel-repos/cloned_repos/eclipse-iceoryx__iceoryx/iceoryx_posh/BUILD.bazel and referenced by '//iceoryx_examples/iceoptions:iox-cpp-subscriber-with-options'
ERROR: /data/h445xu/repo/bazel-repos/cloned_repos/eclipse-iceoryx__iceoryx/iceoryx_examples/iceperf/BUILD.bazel:71:10: no such target '//iceoryx_posh:iceoryx_posh_roudi': target 'iceoryx_posh_roudi' not declared in package 'iceoryx_posh' defined by /data/h445xu/repo/bazel-repos/cloned_repos/eclipse-iceoryx__iceoryx/iceoryx_posh/BUILD.bazel and referenced by '//iceoryx_examples/iceperf:iceperf-roudi'
ERROR: /data/h445xu/repo/bazel-repos/cloned_repos/eclipse-iceoryx__iceoryx/iceoryx_examples/request_response/BUILD.bazel:49:10: no such target '//iceoryx_posh:iceoryx_posh': target 'iceoryx_posh' not declared in package 'iceoryx_posh' defined by /data/h445xu/repo/bazel-repos/cloned_repos/eclipse-iceoryx__iceoryx/iceoryx_posh/BUILD.bazel and referenced by '//iceoryx_examples/request_response:iox-cpp-request-response-basic-client'
ERROR: /data/h445xu/repo/bazel-repos/cloned_repos/eclipse-iceoryx__iceoryx/iceoryx_examples/icedelivery/BUILD.bazel:24:10: no such target '//iceoryx_posh:iceoryx_posh': target 'iceoryx_posh' not declared in package 'iceoryx_posh' defined by /data/h445xu/repo/bazel-repos/cloned_repos/eclipse-iceoryx__iceoryx/iceoryx_posh/BUILD.bazel and referenced by '//iceoryx_examples/icedelivery:iox-cpp-publisher'
ERROR: /data/h445xu/repo/bazel-repos/cloned_repos/eclipse-iceoryx__iceoryx/iceoryx_examples/ice_access_control/BUILD.bazel:57:10: no such target '//iceoryx_posh:iceoryx_posh_roudi': target 'iceoryx_posh_roudi' not declared in package 'iceoryx_posh' defined by /data/h445xu/repo/bazel-repos/cloned_repos/eclipse-iceoryx__iceoryx/iceoryx_posh/BUILD.bazel and referenced by '//iceoryx_examples/ice_access_control:iox-cpp-roudi-static-segments'
ERROR: /data/h445xu/repo/bazel-repos/cloned_repos/eclipse-iceoryx__iceoryx/iceoryx_examples/waitset/BUILD.bazel:35:14: no such target '//iceoryx_posh:iceoryx_posh': target 'iceoryx_posh' not declared in package 'iceoryx_posh' defined by /data/h445xu/repo/bazel-repos/cloned_repos/eclipse-iceoryx__iceoryx/iceoryx_posh/BUILD.bazel and referenced by '//iceoryx_examples/waitset:iox-cpp-waitset-trigger'
ERROR: /data/h445xu/repo/bazel-repos/cloned_repos/eclipse-iceoryx__iceoryx/iceoryx_examples/waitset/BUILD.bazel:35:14: no such target '//iceoryx_posh:iceoryx_posh': target 'iceoryx_posh' not declared in package 'iceoryx_posh' defined by /data/h445xu/repo/bazel-repos/cloned_repos/eclipse-iceoryx__iceoryx/iceoryx_posh/BUILD.bazel and referenced by '//iceoryx_examples/waitset:iox-cpp-waitset-timer_driven_execution'
ERROR: /data/h445xu/repo/bazel-repos/cloned_repos/eclipse-iceoryx__iceoryx/iceoryx_examples/waitset/BUILD.bazel:35:14: no such target '//iceoryx_posh:iceoryx_posh': target 'iceoryx_posh' not declared in package 'iceoryx_posh' defined by /data/h445xu/repo/bazel-repos/cloned_repos/eclipse-iceoryx__iceoryx/iceoryx_posh/BUILD.bazel and referenced by '//iceoryx_examples/waitset:iox-cpp-waitset-individual'
ERROR: /data/h445xu/repo/bazel-repos/cloned_repos/eclipse-iceoryx__iceoryx/iceoryx_examples/icediscovery/BUILD.bazel:60:11: no such target '//iceoryx_posh:iceoryx_posh': target 'iceoryx_posh' not declared in package 'iceoryx_posh' defined by /data/h445xu/repo/bazel-repos/cloned_repos/eclipse-iceoryx__iceoryx/iceoryx_posh/BUILD.bazel and referenced by '//iceoryx_examples/icediscovery:discovery_monitor'
ERROR: /data/h445xu/repo/bazel-repos/cloned_repos/eclipse-iceoryx__iceoryx/iceoryx_examples/icediscovery/BUILD.bazel:39:11: no such target '//iceoryx_posh:iceoryx_posh': target 'iceoryx_posh' not declared in package 'iceoryx_posh' defined by /data/h445xu/repo/bazel-repos/cloned_repos/eclipse-iceoryx__iceoryx/iceoryx_posh/BUILD.bazel and referenced by '//iceoryx_examples/icediscovery:discovery_blocking'
ERROR: /data/h445xu/repo/bazel-repos/cloned_repos/eclipse-iceoryx__iceoryx/iceoryx_examples/waitset/BUILD.bazel:35:14: no such target '//iceoryx_posh:iceoryx_posh': target 'iceoryx_posh' not declared in package 'iceoryx_posh' defined by /data/h445xu/repo/bazel-repos/cloned_repos/eclipse-iceoryx__iceoryx/iceoryx_posh/BUILD.bazel and referenced by '//iceoryx_examples/waitset:iox-cpp-waitset-grouping'
ERROR: /data/h445xu/repo/bazel-repos/cloned_repos/eclipse-iceoryx__iceoryx/iceoryx_examples/waitset/BUILD.bazel:35:14: no such target '//iceoryx_posh:iceoryx_posh': target 'iceoryx_posh' not declared in package 'iceoryx_posh' defined by /data/h445xu/repo/bazel-repos/cloned_repos/eclipse-iceoryx__iceoryx/iceoryx_posh/BUILD.bazel and referenced by '//iceoryx_examples/waitset:iox-cpp-waitset-gateway'
ERROR: /data/h445xu/repo/bazel-repos/cloned_repos/eclipse-iceoryx__iceoryx/iceoryx_examples/waitset/BUILD.bazel:35:14: no such target '//iceoryx_posh:iceoryx_posh': target 'iceoryx_posh' not declared in package 'iceoryx_posh' defined by /data/h445xu/repo/bazel-repos/cloned_repos/eclipse-iceoryx__iceoryx/iceoryx_posh/BUILD.bazel and referenced by '//iceoryx_examples/waitset:iox-cpp-waitset-basic'
ERROR: /data/h445xu/repo/bazel-repos/cloned_repos/eclipse-iceoryx__iceoryx/iceoryx_examples/user_header/BUILD.bazel:52:10: no such target '//iceoryx_posh:iceoryx_posh': target 'iceoryx_posh' not declared in package 'iceoryx_posh' defined by /data/h445xu/repo/bazel-repos/cloned_repos/eclipse-iceoryx__iceoryx/iceoryx_posh/BUILD.bazel and referenced by '//iceoryx_examples/user_header:iox-cpp-user-header-untyped-subscriber'
ERROR: /data/h445xu/repo/bazel-repos/cloned_repos/eclipse-iceoryx__iceoryx/iceoryx_examples/user_header/BUILD.bazel:30:10: no such target '//iceoryx_posh:iceoryx_posh': target 'iceoryx_posh' not declared in package 'iceoryx_posh' defined by /data/h445xu/repo/bazel-repos/cloned_repos/eclipse-iceoryx__iceoryx/iceoryx_posh/BUILD.bazel and referenced by '//iceoryx_examples/user_header:iox-cpp-user-header-untyped-publisher'
ERROR: /data/h445xu/repo/bazel-repos/cloned_repos/eclipse-iceoryx__iceoryx/iceoryx_examples/user_header/BUILD.bazel:41:10: no such target '//iceoryx_posh:iceoryx_posh': target 'iceoryx_posh' not declared in package 'iceoryx_posh' defined by /data/h445xu/repo/bazel-repos/cloned_repos/eclipse-iceoryx__iceoryx/iceoryx_posh/BUILD.bazel and referenced by '//iceoryx_examples/user_header:iox-cpp-user-header-subscriber'
ERROR: /data/h445xu/repo/bazel-repos/cloned_repos/eclipse-iceoryx__iceoryx/iceoryx_examples/user_header/BUILD.bazel:19:10: no such target '//iceoryx_posh:iceoryx_posh': target 'iceoryx_posh' not declared in package 'iceoryx_posh' defined by /data/h445xu/repo/bazel-repos/cloned_repos/eclipse-iceoryx__iceoryx/iceoryx_posh/BUILD.bazel and referenced by '//iceoryx_examples/user_header:iox-cpp-user-header-publisher'
ERROR: /data/h445xu/repo/bazel-repos/cloned_repos/eclipse-iceoryx__iceoryx/iceoryx_examples/singleprocess/BUILD.bazel:19:10: no such target '//iceoryx_posh:iceoryx_posh': target 'iceoryx_posh' not declared in package 'iceoryx_posh' defined by /data/h445xu/repo/bazel-repos/cloned_repos/eclipse-iceoryx__iceoryx/iceoryx_posh/BUILD.bazel and referenced by '//iceoryx_examples/singleprocess:single_process'
ERROR: /data/h445xu/repo/bazel-repos/cloned_repos/eclipse-iceoryx__iceoryx/iceoryx_examples/icedelivery/BUILD.bazel:57:10: no such target '//iceoryx_posh:iceoryx_posh': target 'iceoryx_posh' not declared in package 'iceoryx_posh' defined by /data/h445xu/repo/bazel-repos/cloned_repos/eclipse-iceoryx__iceoryx/iceoryx_posh/BUILD.bazel and referenced by '//iceoryx_examples/icedelivery:iox-cpp-subscriber-untyped'
ERROR: /data/h445xu/repo/bazel-repos/cloned_repos/eclipse-iceoryx__iceoryx/iceoryx_examples/request_response/BUILD.bazel:37:10: no such target '//iceoryx_posh:iceoryx_posh': target 'iceoryx_posh' not declared in package 'iceoryx_posh' defined by /data/h445xu/repo/bazel-repos/cloned_repos/eclipse-iceoryx__iceoryx/iceoryx_posh/BUILD.bazel and referenced by '//iceoryx_examples/request_response:iox-cpp-request-response-untyped-server'
ERROR: /data/h445xu/repo/bazel-repos/cloned_repos/eclipse-iceoryx__iceoryx/iceoryx_examples/icehello/BUILD.bazel:35:10: no such target '//iceoryx_posh:iceoryx_posh': target 'iceoryx_posh' not declared in package 'iceoryx_posh' defined by /data/h445xu/repo/bazel-repos/cloned_repos/eclipse-iceoryx__iceoryx/iceoryx_posh/BUILD.bazel and referenced by '//iceoryx_examples/icehello:iox-cpp-subscriber-helloworld'
ERROR: /data/h445xu/repo/bazel-repos/cloned_repos/eclipse-iceoryx__iceoryx/iceoryx_examples/icehello/BUILD.bazel:24:10: no such target '//iceoryx_posh:iceoryx_posh': target 'iceoryx_posh' not declared in package 'iceoryx_posh' defined by /data/h445xu/repo/bazel-repos/cloned_repos/eclipse-iceoryx__iceoryx/iceoryx_posh/BUILD.bazel and referenced by '//iceoryx_examples/icehello:iox-cpp-publisher-helloworld'
ERROR: /data/h445xu/repo/bazel-repos/cloned_repos/eclipse-iceoryx__iceoryx/BUILD.bazel:43:6: no such target '//iceoryx_posh:iceoryx_posh': target 'iceoryx_posh' not declared in package 'iceoryx_posh' defined by /data/h445xu/repo/bazel-repos/cloned_repos/eclipse-iceoryx__iceoryx/iceoryx_posh/BUILD.bazel and referenced by '//:iceoryx_posh'
ERROR: /data/h445xu/repo/bazel-repos/cloned_repos/eclipse-iceoryx__iceoryx/iceoryx_examples/icediscovery/BUILD.bazel:19:10: no such target '//iceoryx_posh:iceoryx_posh': target 'iceoryx_posh' not declared in package 'iceoryx_posh' defined by /data/h445xu/repo/bazel-repos/cloned_repos/eclipse-iceoryx__iceoryx/iceoryx_posh/BUILD.bazel and referenced by '//iceoryx_examples/icediscovery:iox-cpp-offer-service'
ERROR: /data/h445xu/repo/bazel-repos/cloned_repos/eclipse-iceoryx__iceoryx/BUILD.bazel:55:6: no such target '//iceoryx_posh:iox-roudi': target 'iox-roudi' not declared in package 'iceoryx_posh' defined by /data/h445xu/repo/bazel-repos/cloned_repos/eclipse-iceoryx__iceoryx/iceoryx_posh/BUILD.bazel and referenced by '//:roudi'
ERROR: /data/h445xu/repo/bazel-repos/cloned_repos/eclipse-iceoryx__iceoryx/BUILD.bazel:37:6: no such target '//iceoryx_hoofs:iceoryx_hoofs': target 'iceoryx_hoofs' not declared in package 'iceoryx_hoofs' defined by /data/h445xu/repo/bazel-repos/cloned_repos/eclipse-iceoryx__iceoryx/iceoryx_hoofs/BUILD.bazel and referenced by '//:iceoryx_hoofs'
ERROR: /data/h445xu/repo/bazel-repos/cloned_repos/eclipse-iceoryx__iceoryx/tools/introspection/BUILD.bazel:39:10: no such target '//iceoryx_posh:iceoryx_posh': target 'iceoryx_posh' not declared in package 'iceoryx_posh' defined by /data/h445xu/repo/bazel-repos/cloned_repos/eclipse-iceoryx__iceoryx/iceoryx_posh/BUILD.bazel and referenced by '//tools/introspection:iox-introspection-client'
ERROR: /data/h445xu/repo/bazel-repos/cloned_repos/eclipse-iceoryx__iceoryx/tools/introspection/BUILD.bazel:19:11: no such target '//iceoryx_posh:iceoryx_posh': target 'iceoryx_posh' not declared in package 'iceoryx_posh' defined by /data/h445xu/repo/bazel-repos/cloned_repos/eclipse-iceoryx__iceoryx/iceoryx_posh/BUILD.bazel and referenced by '//tools/introspection:iceoryx_introspection'
ERROR: /data/h445xu/repo/bazel-repos/cloned_repos/eclipse-iceoryx__iceoryx/iceoryx_hoofs/test/stresstests/BUILD.bazel:19:10: no such target '//iceoryx_hoofs:iceoryx_hoofs_testing': target 'iceoryx_hoofs_testing' not declared in package 'iceoryx_hoofs' defined by /data/h445xu/repo/bazel-repos/cloned_repos/eclipse-iceoryx__iceoryx/iceoryx_hoofs/BUILD.bazel and referenced by '//iceoryx_hoofs/test/stresstests:iox-bm-optional-and-expected'
ERROR: /data/h445xu/repo/bazel-repos/cloned_repos/eclipse-iceoryx__iceoryx/iceoryx_examples/waitset/BUILD.bazel:35:14: no such target '//iceoryx_posh:iceoryx_posh': target 'iceoryx_posh' not declared in package 'iceoryx_posh' defined by /data/h445xu/repo/bazel-repos/cloned_repos/eclipse-iceoryx__iceoryx/iceoryx_posh/BUILD.bazel and referenced by '//iceoryx_examples/waitset:iox-cpp-waitset-publisher'
ERROR: /data/h445xu/repo/bazel-repos/cloned_repos/eclipse-iceoryx__iceoryx/iceoryx_examples/icediscovery/BUILD.bazel:29:10: no such target '//iceoryx_posh:iceoryx_posh': target 'iceoryx_posh' not declared in package 'iceoryx_posh' defined by /data/h445xu/repo/bazel-repos/cloned_repos/eclipse-iceoryx__iceoryx/iceoryx_posh/BUILD.bazel and referenced by '//iceoryx_examples/icediscovery:iox-cpp-find-service'
ERROR: /data/h445xu/repo/bazel-repos/cloned_repos/eclipse-iceoryx__iceoryx/iceoryx_hoofs/test/BUILD.bazel:19:8: no such target '//iceoryx_hoofs:iceoryx_hoofs_testing': target 'iceoryx_hoofs_testing' not declared in package 'iceoryx_hoofs' defined by /data/h445xu/repo/bazel-repos/cloned_repos/eclipse-iceoryx__iceoryx/iceoryx_hoofs/BUILD.bazel and referenced by '//iceoryx_hoofs/test:hoofs_moduletests'
ERROR: /data/h445xu/repo/bazel-repos/cloned_repos/eclipse-iceoryx__iceoryx/iceoryx_hoofs/test/stresstests/BUILD.bazel:31:8: no such target '//iceoryx_hoofs:iceoryx_hoofs_testing': target 'iceoryx_hoofs_testing' not declared in package 'iceoryx_hoofs' defined by /data/h445xu/repo/bazel-repos/cloned_repos/eclipse-iceoryx__iceoryx/iceoryx_hoofs/BUILD.bazel and referenced by '//iceoryx_hoofs/test/stresstests:test_stress_spsc_sofi'
ERROR: /data/h445xu/repo/bazel-repos/cloned_repos/eclipse-iceoryx__iceoryx/iceoryx_examples/ice_access_control/BUILD.bazel:46:10: no such target '//iceoryx_posh:iceoryx_posh': target 'iceoryx_posh' not declared in package 'iceoryx_posh' defined by /data/h445xu/repo/bazel-repos/cloned_repos/eclipse-iceoryx__iceoryx/iceoryx_posh/BUILD.bazel and referenced by '//iceoryx_examples/ice_access_control:iox-cpp-cheeky'
ERROR: /data/h445xu/repo/bazel-repos/cloned_repos/eclipse-iceoryx__iceoryx/iceoryx_examples/experimental/node/BUILD.bazel:36:10: no such target '//iceoryx_posh:iceoryx_posh': target 'iceoryx_posh' not declared in package 'iceoryx_posh' defined by /data/h445xu/repo/bazel-repos/cloned_repos/eclipse-iceoryx__iceoryx/iceoryx_posh/BUILD.bazel and referenced by '//iceoryx_examples/experimental/node:iox-cpp-node-subscriber'
ERROR: /data/h445xu/repo/bazel-repos/cloned_repos/eclipse-iceoryx__iceoryx/iceoryx_examples/ice_access_control/BUILD.bazel:24:10: no such target '//iceoryx_posh:iceoryx_posh': target 'iceoryx_posh' not declared in package 'iceoryx_posh' defined by /data/h445xu/repo/bazel-repos/cloned_repos/eclipse-iceoryx__iceoryx/iceoryx_posh/BUILD.bazel and referenced by '//iceoryx_examples/ice_access_control:iox-cpp-radar'
ERROR: /data/h445xu/repo/bazel-repos/cloned_repos/eclipse-iceoryx__iceoryx/iceoryx_examples/request_response/BUILD.bazel:73:10: no such target '//iceoryx_posh:iceoryx_posh': target 'iceoryx_posh' not declared in package 'iceoryx_posh' defined by /data/h445xu/repo/bazel-repos/cloned_repos/eclipse-iceoryx__iceoryx/iceoryx_posh/BUILD.bazel and referenced by '//iceoryx_examples/request_response:iox-cpp-request-response-basic-server'
ERROR: /data/h445xu/repo/bazel-repos/cloned_repos/eclipse-iceoryx__iceoryx/iceoryx_examples/request_response/BUILD.bazel:85:10: no such target '//iceoryx_posh:iceoryx_posh': target 'iceoryx_posh' not declared in package 'iceoryx_posh' defined by /data/h445xu/repo/bazel-repos/cloned_repos/eclipse-iceoryx__iceoryx/iceoryx_posh/BUILD.bazel and referenced by '//iceoryx_examples/request_response:iox-cpp-request-response-listener-server'
ERROR: /data/h445xu/repo/bazel-repos/cloned_repos/eclipse-iceoryx__iceoryx/iceoryx_examples/request_response/BUILD.bazel:25:10: no such target '//iceoryx_posh:iceoryx_posh': target 'iceoryx_posh' not declared in package 'iceoryx_posh' defined by /data/h445xu/repo/bazel-repos/cloned_repos/eclipse-iceoryx__iceoryx/iceoryx_posh/BUILD.bazel and referenced by '//iceoryx_examples/request_response:iox-cpp-request-response-untyped-client'
ERROR: /data/h445xu/repo/bazel-repos/cloned_repos/eclipse-iceoryx__iceoryx/iceoryx_examples/icedelivery/BUILD.bazel:35:10: no such target '//iceoryx_posh:iceoryx_posh': target 'iceoryx_posh' not declared in package 'iceoryx_posh' defined by /data/h445xu/repo/bazel-repos/cloned_repos/eclipse-iceoryx__iceoryx/iceoryx_posh/BUILD.bazel and referenced by '//iceoryx_examples/icedelivery:iox-cpp-publisher-untyped'
ERROR: /data/h445xu/repo/bazel-repos/cloned_repos/eclipse-iceoryx__iceoryx/iceoryx_examples/icedelivery/BUILD.bazel:46:10: no such target '//iceoryx_posh:iceoryx_posh': target 'iceoryx_posh' not declared in package 'iceoryx_posh' defined by /data/h445xu/repo/bazel-repos/cloned_repos/eclipse-iceoryx__iceoryx/iceoryx_posh/BUILD.bazel and referenced by '//iceoryx_examples/icedelivery:iox-cpp-subscriber'
ERROR: /data/h445xu/repo/bazel-repos/cloned_repos/eclipse-iceoryx__iceoryx/iceoryx_examples/request_response/BUILD.bazel:61:10: no such target '//iceoryx_posh:iceoryx_posh': target 'iceoryx_posh' not declared in package 'iceoryx_posh' defined by /data/h445xu/repo/bazel-repos/cloned_repos/eclipse-iceoryx__iceoryx/iceoryx_posh/BUILD.bazel and referenced by '//iceoryx_examples/request_response:iox-cpp-request-response-waitset-client'
ERROR: /data/h445xu/repo/bazel-repos/cloned_repos/eclipse-iceoryx__iceoryx/iceoryx_examples/singleprocess/BUILD.bazel:19:10: no such target '//iceoryx_posh:iceoryx_posh_roudi': target 'iceoryx_posh_roudi' not declared in package 'iceoryx_posh' defined by /data/h445xu/repo/bazel-repos/cloned_repos/eclipse-iceoryx__iceoryx/iceoryx_posh/BUILD.bazel and referenced by '//iceoryx_examples/singleprocess:single_process'
ERROR: Evaluation of query "deps(//...)" failed: errors were encountered while computing transitive closure
WARNING: --keep_going specified, ignoring errors. Results may be inaccurate
Read 0 lines from bazel query output...
Read 1000 lines from bazel query output...
Read 2000 lines from bazel query output...
Read 3000 lines from bazel query output...
Read 4000 lines from bazel query output...
Read 5000 lines from bazel query output...
