Starting local Bazel server (8.3.1) and connecting to it...
 no actions running
Loading: 0 packages loaded
Loading: 8 packages loaded
    currently loading: performance ... (2 packages)
Loading: 140 packages loaded
Loading: 142 packages loaded
Loading: 147 packages loaded
Loading: 148 packages loaded
Loading: 148 packages loaded
Loading: 150 packages loaded
Loading: 150 packages loaded
Loading: 160 packages loaded
Loading: 161 packages loaded
Loading: 167 packages loaded
Loading: 170 packages loaded
Loading: 171 packages loaded
Loading: 171 packages loaded
Loading: 261 packages loaded
Read 0 lines from bazel query output...
Read 1000 lines from bazel query output...
Read 2000 lines from bazel query output...
Read 3000 lines from bazel query output...
Read 4000 lines from bazel query output...
Read 5000 lines from bazel query output...
Read 6000 lines from bazel query output...
Read 7000 lines from bazel query output...
Read 8000 lines from bazel query output...
Read 9000 lines from bazel query output...
Read 10000 lines from bazel query output...
Read 11000 lines from bazel query output...
Read 12000 lines from bazel query output...
Read 13000 lines from bazel query output...
Read 14000 lines from bazel query output...
Read 15000 lines from bazel query output...
Read 16000 lines from bazel query output...
Read 17000 lines from bazel query output...
Read 18000 lines from bazel query output...
Read 19000 lines from bazel query output...
Read 20000 lines from bazel query output...
Read 21000 lines from bazel query output...
Read 22000 lines from bazel query output...
