Starting local Bazel server (8.3.1) and connecting to it...
 no actions running
 no actions running
DEBUG: Rule 'gz-plugin+' indicated that a canonical reproducible form can be obtained by modifying arguments integrity = "sha256-G7uKPd1CU7bz5JrfNHmADndUnRa1KUk0Sm0HkJntPXw="
DEBUG: Repository gz-plugin+ instantiated at:
  <builtin>: in <toplevel>
Repository rule http_archive defined at:
  /data/h445xu/.cache/bazel/_bazel_hongxu/0ce4e02ad4352b169b8b8dab0ff2b039/external/bazel_tools/tools/build_defs/repo/http.bzl:394:31: in <toplevel>
DEBUG: Rule 'gz-math+' indicated that a canonical reproducible form can be obtained by modifying arguments integrity = "sha256-y/JGkZAKkMHo6CgtOE9VmROCGAaWipK6SqnC90P+UY4="
DEBUG: Repository gz-math+ instantiated at:
  <builtin>: in <toplevel>
Repository rule http_archive defined at:
  /data/h445xu/.cache/bazel/_bazel_hongxu/0ce4e02ad4352b169b8b8dab0ff2b039/external/bazel_tools/tools/build_defs/repo/http.bzl:394:31: in <toplevel>
DEBUG: Rule 'gz-utils+' indicated that a canonical reproducible form can be obtained by modifying arguments integrity = "sha256-RC31v6+C762cC6TBKq1ZDIsaF7odfPZVWth2C0boA7A="
DEBUG: Repository gz-utils+ instantiated at:
  <builtin>: in <toplevel>
Repository rule http_archive defined at:
  /data/h445xu/.cache/bazel/_bazel_hongxu/0ce4e02ad4352b169b8b8dab0ff2b039/external/bazel_tools/tools/build_defs/repo/http.bzl:394:31: in <toplevel>
DEBUG: Rule 'sdformat+' indicated that a canonical reproducible form can be obtained by modifying arguments integrity = "sha256-G9kTGHKKrUx8wbh6q01KnoVM4og/VkCT6lmMkdsLiLg="
DEBUG: Repository sdformat+ instantiated at:
  <builtin>: in <toplevel>
Repository rule http_archive defined at:
  /data/h445xu/.cache/bazel/_bazel_hongxu/0ce4e02ad4352b169b8b8dab0ff2b039/external/bazel_tools/tools/build_defs/repo/http.bzl:394:31: in <toplevel>
 no actions running
DEBUG: Rule 'gz-common+' indicated that a canonical reproducible form can be obtained by modifying arguments integrity = "sha256-05xYSG3xjc9uOVMFz4uHEA1TcoLzVgeltM9tYGAgRuU="
DEBUG: Repository gz-common+ instantiated at:
  <builtin>: in <toplevel>
Repository rule http_archive defined at:
  /data/h445xu/.cache/bazel/_bazel_hongxu/0ce4e02ad4352b169b8b8dab0ff2b039/external/bazel_tools/tools/build_defs/repo/http.bzl:394:31: in <toplevel>
 no actions running
 no actions running
WARNING: For repository 'googletest', the root module requires module version googletest@1.14.0, but got googletest@1.15.2 in the resolved dependency graph. Please update the version in your MODULE.bazel or set --check_direct_dependencies=off
Loading: 0 packages loaded
Read 0 lines from bazel query output...
Read 1000 lines from bazel query output...
Read 2000 lines from bazel query output...
Read 3000 lines from bazel query output...
Read 4000 lines from bazel query output...
Read 5000 lines from bazel query output...
Read 6000 lines from bazel query output...
Read 7000 lines from bazel query output...
Read 8000 lines from bazel query output...
Read 9000 lines from bazel query output...
Read 10000 lines from bazel query output...
Read 11000 lines from bazel query output...
Read 12000 lines from bazel query output...
Read 13000 lines from bazel query output...
Read 14000 lines from bazel query output...
Read 15000 lines from bazel query output...
Read 16000 lines from bazel query output...
Read 17000 lines from bazel query output...
Read 18000 lines from bazel query output...
Read 19000 lines from bazel query output...
Read 20000 lines from bazel query output...
Read 21000 lines from bazel query output...
Read 22000 lines from bazel query output...
Read 23000 lines from bazel query output...
Read 24000 lines from bazel query output...
Read 25000 lines from bazel query output...
Read 26000 lines from bazel query output...
Read 27000 lines from bazel query output...
Read 28000 lines from bazel query output...
Read 29000 lines from bazel query output...
Read 30000 lines from bazel query output...
Read 31000 lines from bazel query output...
Read 32000 lines from bazel query output...
Read 33000 lines from bazel query output...
Read 34000 lines from bazel query output...
Read 35000 lines from bazel query output...
Read 36000 lines from bazel query output...
Read 37000 lines from bazel query output...
Read 38000 lines from bazel query output...
Read 39000 lines from bazel query output...
Read 40000 lines from bazel query output...
Read 41000 lines from bazel query output...
Read 42000 lines from bazel query output...
Read 43000 lines from bazel query output...
Read 44000 lines from bazel query output...
Read 45000 lines from bazel query output...
Read 46000 lines from bazel query output...
Read 47000 lines from bazel query output...
Read 48000 lines from bazel query output...
Read 49000 lines from bazel query output...
Read 50000 lines from bazel query output...
Read 51000 lines from bazel query output...
Read 52000 lines from bazel query output...
Read 53000 lines from bazel query output...
Read 54000 lines from bazel query output...
Read 55000 lines from bazel query output...
