Starting local Bazel server (8.3.1) and connecting to it...
 no actions running
 no actions running
DEBUG: Rule 'gz-utils+' indicated that a canonical reproducible form can be obtained by modifying arguments integrity = "sha256-RC31v6+C762cC6TBKq1ZDIsaF7odfPZVWth2C0boA7A="
DEBUG: Repository gz-utils+ instantiated at:
  <builtin>: in <toplevel>
Repository rule http_archive defined at:
  /data/h445xu/.cache/bazel/_bazel_hongxu/be5ce3bec238a56ab12e89921f72a01a/external/bazel_tools/tools/build_defs/repo/http.bzl:394:31: in <toplevel>
DEBUG: Rule 'gz-math+' indicated that a canonical reproducible form can be obtained by modifying arguments integrity = "sha256-y/JGkZAKkMHo6CgtOE9VmROCGAaWipK6SqnC90P+UY4="
DEBUG: Repository gz-math+ instantiated at:
  <builtin>: in <toplevel>
Repository rule http_archive defined at:
  /data/h445xu/.cache/bazel/_bazel_hongxu/be5ce3bec238a56ab12e89921f72a01a/external/bazel_tools/tools/build_defs/repo/http.bzl:394:31: in <toplevel>
 no actions running
Loading: 0 packages loaded
Read 0 lines from bazel query output...
Read 1000 lines from bazel query output...
Read 2000 lines from bazel query output...
Read 3000 lines from bazel query output...
Read 4000 lines from bazel query output...
Read 5000 lines from bazel query output...
Read 6000 lines from bazel query output...
Read 7000 lines from bazel query output...
Read 8000 lines from bazel query output...
Read 9000 lines from bazel query output...
Read 10000 lines from bazel query output...
Read 11000 lines from bazel query output...
Read 12000 lines from bazel query output...
Read 13000 lines from bazel query output...
Read 14000 lines from bazel query output...
Read 15000 lines from bazel query output...
Read 16000 lines from bazel query output...
Read 17000 lines from bazel query output...
Read 18000 lines from bazel query output...
Read 19000 lines from bazel query output...
Loading: 59 packages loaded
Read 20000 lines from bazel query output...
Read 21000 lines from bazel query output...
Read 22000 lines from bazel query output...
Read 23000 lines from bazel query output...
Read 24000 lines from bazel query output...
Read 25000 lines from bazel query output...
Read 26000 lines from bazel query output...
