Starting local Bazel server (8.3.1) and connecting to it...
 no actions running
 no actions running
 no actions running
Loading: 0 packages loaded
Loading: 0 packages loaded
Loading: 0 packages loaded
Loading: 0 packages loaded
Loading: 0 packages loaded
    currently loading: misc/codegen/templates ... (110 packages)
ERROR: error loading package 'javascript/extractor': Every .bzl file must have a corresponding package, but '@@semmle_code+//:common.bzl' does not have one. Please create a BUILD file in the same or any parent directory. Note that this BUILD file does not need to do anything except exist.
Loading: 53 packages loaded
    currently loading: javascript/externs ... (76 packages)
Loading: 101 packages loaded
    currently loading: java/kotlin-extractor ... (28 packages)
Loading: 126 packages loaded
    currently loading: java/kotlin-extractor/defaults ... (3 packages)
ERROR: /data/h445xu/repo/bazel-repos/cloned_repos/github__codeql/csharp/BUILD.bazel:25:10: no such package '@@semmle_code+//extractor-asp': BUILD file not found in directory 'extractor-asp' of external repository @@semmle_code+. Add a BUILD file to a directory to mark it as a package. and referenced by '//csharp:extractor-asp'
ERROR: /data/h445xu/repo/bazel-repos/cloned_repos/github__codeql/javascript/BUILD.bazel:27:12: error loading package 'javascript/extractor': Every .bzl file must have a corresponding package, but '@@semmle_code+//:common.bzl' does not have one. Please create a BUILD file in the same or any parent directory. Note that this BUILD file does not need to do anything except exist. and referenced by '//javascript:javascript-all'
ERROR: /data/h445xu/repo/bazel-repos/cloned_repos/github__codeql/misc/bazel/3rdparty/py_deps/BUILD.bazel:106:6: no such package '@@[unknown repo 'vendor_py__tsp-0.19.0' requested from @@]//': The repository '@@[unknown repo 'vendor_py__tsp-0.19.0' requested from @@]' could not be resolved: No repository visible as '@vendor_py__tsp-0.19.0' from main repository and referenced by '//misc/bazel/3rdparty/py_deps:tsp-0.19.0'
ERROR: /data/h445xu/repo/bazel-repos/cloned_repos/github__codeql/misc/bazel/3rdparty/py_deps/BUILD.bazel:112:6: no such package '@@[unknown repo 'vendor_py__tsp-0.19.0' requested from @@]//': The repository '@@[unknown repo 'vendor_py__tsp-0.19.0' requested from @@]' could not be resolved: No repository visible as '@vendor_py__tsp-0.19.0' from main repository and referenced by '//misc/bazel/3rdparty/py_deps:tsp'
Loading: 230 packages loaded
    currently loading: javascript/extractor ... (6 packages)
ERROR: /data/h445xu/repo/bazel-repos/cloned_repos/github__codeql/csharp/scripts/BUILD.bazel:16:8: no such package '@@semmle_code+//': BUILD file not found in directory '' of external repository @@semmle_code+. Add a BUILD file to a directory to mark it as a package. and referenced by '//csharp/scripts:git-assembly-info-src'
Loading: 263 packages loaded
    currently loading: javascript/extractor ... (3 packages)
Loading: 290 packages loaded
    currently loading: javascript/extractor ... (6 packages)
Loading: 376 packages loaded
    currently loading: javascript/extractor ... (4 packages)
Loading: 491 packages loaded
    currently loading: javascript/extractor ... (2 packages)
Loading: 508 packages loaded
    currently loading: javascript/extractor ... (2 packages)
Loading: 509 packages loaded
    currently loading: javascript/extractor
Loading: 514 packages loaded
    currently loading: javascript/extractor
Loading: 534 packages loaded
    currently loading: javascript/extractor
Loading: 598 packages loaded
    currently loading: javascript/extractor
Loading: 644 packages loaded
    currently loading: javascript/extractor
Loading: 647 packages loaded
    currently loading: javascript/extractor
Loading: 649 packages loaded
    currently loading: javascript/extractor
ERROR: /data/h445xu/repo/bazel-repos/cloned_repos/github__codeql/javascript/extractor/test/com/semmle/js/extractor/test/BUILD.bazel:1:10: error loading package 'javascript/extractor': Every .bzl file must have a corresponding package, but '@@semmle_code+//:common.bzl' does not have one. Please create a BUILD file in the same or any parent directory. Note that this BUILD file does not need to do anything except exist. and referenced by '//javascript/extractor/test/com/semmle/js/extractor/test:test'
ERROR: /data/h445xu/repo/bazel-repos/cloned_repos/github__codeql/javascript/extractor/test/com/semmle/js/extractor/test/BUILD.bazel:1:10: no such package '@@semmle_code+//resources/lib/java/DO_NOT_DISTRIBUTE': BUILD file not found in directory 'resources/lib/java/DO_NOT_DISTRIBUTE' of external repository @@semmle_code+. Add a BUILD file to a directory to mark it as a package. and referenced by '//javascript/extractor/test/com/semmle/js/extractor/test:test'
Loading: 683 packages loaded
    currently loading: javascript/extractor
Loading: 686 packages loaded
    currently loading: javascript/extractor
Loading: 690 packages loaded
    currently loading: javascript/extractor
Loading: 690 packages loaded
    currently loading: javascript/extractor
Loading: 691 packages loaded
    currently loading: javascript/extractor
Loading: 695 packages loaded
    currently loading: javascript/extractor
Loading: 697 packages loaded
    currently loading: javascript/extractor
Loading: 699 packages loaded
    currently loading: javascript/extractor
Loading: 715 packages loaded
    currently loading: javascript/extractor
Loading: 772 packages loaded
    currently loading: javascript/extractor
Loading: 871 packages loaded
    currently loading: javascript/extractor
Loading: 897 packages loaded
    currently loading: javascript/extractor
Loading: 909 packages loaded
    currently loading: javascript/extractor
Loading: 922 packages loaded
    currently loading: javascript/extractor
Loading: 936 packages loaded
    currently loading: javascript/extractor
Loading: 960 packages loaded
    currently loading: javascript/extractor
Loading: 996 packages loaded
    currently loading: javascript/extractor
Loading: 1066 packages loaded
    currently loading: javascript/extractor ... (2 packages)
Loading: 1139 packages loaded
    currently loading: javascript/extractor
Loading: 1139 packages loaded
    currently loading: javascript/extractor
Loading: 1139 packages loaded
    currently loading: javascript/extractor
Loading: 1141 packages loaded
    currently loading: javascript/extractor
Loading: 1141 packages loaded
    currently loading: javascript/extractor
Loading: 1155 packages loaded
    currently loading: javascript/extractor
Loading: 1178 packages loaded
    currently loading: javascript/extractor
INFO: Repository +kotlin_extractor_deps+kotlin-compiler-embeddable-2.1.20-Beta1 instantiated at:
  <builtin>: in <toplevel>
Repository rule _kotlin_dep defined at:
  /data/h445xu/repo/bazel-repos/cloned_repos/github__codeql/java/kotlin-extractor/deps.bzl:35:30: in <toplevel>
ERROR: /data/h445xu/repo/bazel-repos/cloned_repos/github__codeql/misc/bazel/lfs.bzl:15:17: An error occurred during the fetch of repository '+kotlin_extractor_deps+kotlin-compiler-embeddable-2.1.20-Beta1':
   Traceback (most recent call last):
	File "/data/h445xu/repo/bazel-repos/cloned_repos/github__codeql/java/kotlin-extractor/deps.bzl", line 21, column 15, in _kotlin_dep_impl
		lfs_smudge(repository_ctx, [_get_dep(repository_ctx, name + ".jar")])
	File "/data/h445xu/repo/bazel-repos/cloned_repos/github__codeql/misc/bazel/lfs.bzl", line 32, column 26, in lfs_smudge
		infos = probe(remote)
	File "/data/h445xu/repo/bazel-repos/cloned_repos/github__codeql/misc/bazel/lfs.bzl", line 15, column 17, in probe
		fail("git LFS probing failed while instantiating @%s:\n%s" % (repository_ctx.name, res.stderr))
Error in fail: git LFS probing failed while instantiating @+kotlin_extractor_deps+kotlin-compiler-embeddable-2.1.20-Beta1:
ERROR: /data/h445xu/.cache/bazel/_bazel_hongxu/52abf80cc561cd3d85b4e67491009987/external/+kotlin_extractor_deps+codeql_kotlin_embeddable/BUILD.bazel:108:23: no such package '@@+kotlin_extractor_deps+kotlin-compiler-embeddable-2.1.20-Beta1//': git LFS probing failed while instantiating @+kotlin_extractor_deps+kotlin-compiler-embeddable-2.1.20-Beta1:
 and referenced by '@@+kotlin_extractor_deps+codeql_kotlin_embeddable//:codeql-extractor-kotlin-embeddable-2.1.20-Beta1'
ERROR: /data/h445xu/repo/bazel-repos/cloned_repos/github__codeql/csharp/scripts/BUILD.bazel:16:8: no such package '@@semmle_code+//': BUILD file not found in directory '' of external repository @@semmle_code+. Add a BUILD file to a directory to mark it as a package. and referenced by '//csharp/scripts:git-assembly-info-src'
ERROR: /data/h445xu/repo/bazel-repos/cloned_repos/github__codeql/csharp/BUILD.bazel:25:10: no such package '@@semmle_code+//extractor-asp': BUILD file not found in directory 'extractor-asp' of external repository @@semmle_code+. Add a BUILD file to a directory to mark it as a package. and referenced by '//csharp:extractor-asp'
Loading: 1178 packages loaded
    currently loading: javascript/extractor
ERROR: /data/h445xu/repo/bazel-repos/cloned_repos/github__codeql/csharp/BUILD.bazel:25:10: no such package '@@semmle_code+//extractor-asp': BUILD file not found in directory 'extractor-asp' of external repository @@semmle_code+. Add a BUILD file to a directory to mark it as a package. and referenced by '//csharp:extractor-asp'
ERROR: /data/h445xu/.cache/bazel/_bazel_hongxu/52abf80cc561cd3d85b4e67491009987/external/+kotlin_extractor_deps+codeql_kotlin_embeddable/BUILD.bazel:108:23: no such package '@@+kotlin_extractor_deps+kotlin-compiler-embeddable-2.1.20-Beta1//': git LFS probing failed while instantiating @+kotlin_extractor_deps+kotlin-compiler-embeddable-2.1.20-Beta1:
 and referenced by '@@+kotlin_extractor_deps+codeql_kotlin_embeddable//:codeql-extractor-kotlin-embeddable-2.1.20-Beta1'
ERROR: /data/h445xu/repo/bazel-repos/cloned_repos/github__codeql/javascript/extractor/test/com/semmle/js/extractor/test/BUILD.bazel:1:10: error loading package 'javascript/extractor': Every .bzl file must have a corresponding package, but '@@semmle_code+//:common.bzl' does not have one. Please create a BUILD file in the same or any parent directory. Note that this BUILD file does not need to do anything except exist. and referenced by '//javascript/extractor/test/com/semmle/js/extractor/test:test'
ERROR: /data/h445xu/repo/bazel-repos/cloned_repos/github__codeql/javascript/BUILD.bazel:27:12: error loading package 'javascript/extractor': Every .bzl file must have a corresponding package, but '@@semmle_code+//:common.bzl' does not have one. Please create a BUILD file in the same or any parent directory. Note that this BUILD file does not need to do anything except exist. and referenced by '//javascript:javascript-all'
ERROR: /data/h445xu/repo/bazel-repos/cloned_repos/github__codeql/javascript/extractor/test/com/semmle/js/extractor/test/BUILD.bazel:1:10: error loading package 'javascript/extractor': Every .bzl file must have a corresponding package, but '@@semmle_code+//:common.bzl' does not have one. Please create a BUILD file in the same or any parent directory. Note that this BUILD file does not need to do anything except exist. and referenced by '//javascript/extractor/test/com/semmle/js/extractor/test:test'
ERROR: /data/h445xu/repo/bazel-repos/cloned_repos/github__codeql/javascript/extractor/test/com/semmle/js/extractor/test/BUILD.bazel:1:10: no such package '@@semmle_code+//resources/lib/java/DO_NOT_DISTRIBUTE': BUILD file not found in directory 'resources/lib/java/DO_NOT_DISTRIBUTE' of external repository @@semmle_code+. Add a BUILD file to a directory to mark it as a package. and referenced by '//javascript/extractor/test/com/semmle/js/extractor/test:test'
ERROR: /data/h445xu/repo/bazel-repos/cloned_repos/github__codeql/misc/bazel/3rdparty/py_deps/BUILD.bazel:112:6: no such package '@@[unknown repo 'vendor_py__tsp-0.19.0' requested from @@]//': The repository '@@[unknown repo 'vendor_py__tsp-0.19.0' requested from @@]' could not be resolved: No repository visible as '@vendor_py__tsp-0.19.0' from main repository and referenced by '//misc/bazel/3rdparty/py_deps:tsp'
ERROR: /data/h445xu/repo/bazel-repos/cloned_repos/github__codeql/misc/bazel/3rdparty/py_deps/BUILD.bazel:106:6: no such package '@@[unknown repo 'vendor_py__tsp-0.19.0' requested from @@]//': The repository '@@[unknown repo 'vendor_py__tsp-0.19.0' requested from @@]' could not be resolved: No repository visible as '@vendor_py__tsp-0.19.0' from main repository and referenced by '//misc/bazel/3rdparty/py_deps:tsp-0.19.0'
ERROR: Evaluation of query "deps(//...)" failed: errors were encountered while computing transitive closure
WARNING: --keep_going specified, ignoring errors. Results may be inaccurate
Read 0 lines from bazel query output...
Read 1000 lines from bazel query output...
Read 2000 lines from bazel query output...
Read 3000 lines from bazel query output...
Read 4000 lines from bazel query output...
Read 5000 lines from bazel query output...
Read 6000 lines from bazel query output...
Read 7000 lines from bazel query output...
Read 8000 lines from bazel query output...
Read 9000 lines from bazel query output...
Read 10000 lines from bazel query output...
Read 11000 lines from bazel query output...
Read 12000 lines from bazel query output...
Read 13000 lines from bazel query output...
Read 14000 lines from bazel query output...
Read 15000 lines from bazel query output...
Read 16000 lines from bazel query output...
Read 17000 lines from bazel query output...
Read 18000 lines from bazel query output...
Read 19000 lines from bazel query output...
Read 20000 lines from bazel query output...
Read 21000 lines from bazel query output...
Read 22000 lines from bazel query output...
Read 23000 lines from bazel query output...
Read 24000 lines from bazel query output...
Read 25000 lines from bazel query output...
Read 26000 lines from bazel query output...
Read 27000 lines from bazel query output...
Read 28000 lines from bazel query output...
Read 29000 lines from bazel query output...
Read 30000 lines from bazel query output...
Read 31000 lines from bazel query output...
Read 32000 lines from bazel query output...
Read 33000 lines from bazel query output...
Read 34000 lines from bazel query output...
Read 35000 lines from bazel query output...
Read 36000 lines from bazel query output...
Read 37000 lines from bazel query output...
Read 38000 lines from bazel query output...
Read 39000 lines from bazel query output...
Read 40000 lines from bazel query output...
Read 41000 lines from bazel query output...
Read 42000 lines from bazel query output...
Read 43000 lines from bazel query output...
Read 44000 lines from bazel query output...
Read 45000 lines from bazel query output...
Read 46000 lines from bazel query output...
Read 47000 lines from bazel query output...
Read 48000 lines from bazel query output...
Read 49000 lines from bazel query output...
Read 50000 lines from bazel query output...
Read 51000 lines from bazel query output...
Read 52000 lines from bazel query output...
Read 53000 lines from bazel query output...
Read 54000 lines from bazel query output...
Read 55000 lines from bazel query output...
Read 56000 lines from bazel query output...
Read 57000 lines from bazel query output...
Read 58000 lines from bazel query output...
Read 59000 lines from bazel query output...
Read 60000 lines from bazel query output...
Read 61000 lines from bazel query output...
Read 62000 lines from bazel query output...
Read 63000 lines from bazel query output...
Read 64000 lines from bazel query output...
Read 65000 lines from bazel query output...
Read 66000 lines from bazel query output...
Read 67000 lines from bazel query output...
Read 68000 lines from bazel query output...
Read 69000 lines from bazel query output...
Read 70000 lines from bazel query output...
Read 71000 lines from bazel query output...
Read 72000 lines from bazel query output...
Read 73000 lines from bazel query output...
Read 74000 lines from bazel query output...
Read 75000 lines from bazel query output...
Read 76000 lines from bazel query output...
Read 77000 lines from bazel query output...
Read 78000 lines from bazel query output...
Read 79000 lines from bazel query output...
Read 80000 lines from bazel query output...
Read 81000 lines from bazel query output...
Read 82000 lines from bazel query output...
Read 83000 lines from bazel query output...
Read 84000 lines from bazel query output...
Read 85000 lines from bazel query output...
Read 86000 lines from bazel query output...
Read 87000 lines from bazel query output...
Read 88000 lines from bazel query output...
Read 89000 lines from bazel query output...
Read 90000 lines from bazel query output...
Read 91000 lines from bazel query output...
Read 92000 lines from bazel query output...
Read 93000 lines from bazel query output...
Read 94000 lines from bazel query output...
Read 95000 lines from bazel query output...
Read 96000 lines from bazel query output...
Read 97000 lines from bazel query output...
Read 98000 lines from bazel query output...
Read 99000 lines from bazel query output...
Read 100000 lines from bazel query output...
Read 101000 lines from bazel query output...
Read 102000 lines from bazel query output...
Read 103000 lines from bazel query output...
Read 104000 lines from bazel query output...
Read 105000 lines from bazel query output...
Read 106000 lines from bazel query output...
Read 107000 lines from bazel query output...
Read 108000 lines from bazel query output...
Read 109000 lines from bazel query output...
Read 110000 lines from bazel query output...
Read 111000 lines from bazel query output...
Read 112000 lines from bazel query output...
Read 113000 lines from bazel query output...
Read 114000 lines from bazel query output...
Read 115000 lines from bazel query output...
Read 116000 lines from bazel query output...
Read 117000 lines from bazel query output...
Read 118000 lines from bazel query output...
Read 119000 lines from bazel query output...
Read 120000 lines from bazel query output...
Read 121000 lines from bazel query output...
Read 122000 lines from bazel query output...
Read 123000 lines from bazel query output...
Read 124000 lines from bazel query output...
Read 125000 lines from bazel query output...
Read 126000 lines from bazel query output...
Read 127000 lines from bazel query output...
Read 128000 lines from bazel query output...
Read 129000 lines from bazel query output...
Read 130000 lines from bazel query output...
Read 131000 lines from bazel query output...
Read 132000 lines from bazel query output...
Read 133000 lines from bazel query output...
Read 134000 lines from bazel query output...
Read 135000 lines from bazel query output...
Read 136000 lines from bazel query output...
Read 137000 lines from bazel query output...
Read 138000 lines from bazel query output...
Read 139000 lines from bazel query output...
Read 140000 lines from bazel query output...
Read 141000 lines from bazel query output...
Read 142000 lines from bazel query output...
Read 143000 lines from bazel query output...
Read 144000 lines from bazel query output...
Read 145000 lines from bazel query output...
Read 146000 lines from bazel query output...
Read 147000 lines from bazel query output...
Read 148000 lines from bazel query output...
Read 149000 lines from bazel query output...
Read 150000 lines from bazel query output...
Read 151000 lines from bazel query output...
Read 152000 lines from bazel query output...
Read 153000 lines from bazel query output...
Read 154000 lines from bazel query output...
Read 155000 lines from bazel query output...
Read 156000 lines from bazel query output...
Read 157000 lines from bazel query output...
Read 158000 lines from bazel query output...
Read 159000 lines from bazel query output...
Read 160000 lines from bazel query output...
Read 161000 lines from bazel query output...
Read 162000 lines from bazel query output...
Read 163000 lines from bazel query output...
Read 164000 lines from bazel query output...
Read 165000 lines from bazel query output...
Read 166000 lines from bazel query output...
Read 167000 lines from bazel query output...
Read 168000 lines from bazel query output...
Read 169000 lines from bazel query output...
Read 170000 lines from bazel query output...
Read 171000 lines from bazel query output...
Read 172000 lines from bazel query output...
Read 173000 lines from bazel query output...
Read 174000 lines from bazel query output...
Read 175000 lines from bazel query output...
Read 176000 lines from bazel query output...
Read 177000 lines from bazel query output...
Read 178000 lines from bazel query output...
Read 179000 lines from bazel query output...
Read 180000 lines from bazel query output...
Read 181000 lines from bazel query output...
Read 182000 lines from bazel query output...
Read 183000 lines from bazel query output...
Read 184000 lines from bazel query output...
Read 185000 lines from bazel query output...
Read 186000 lines from bazel query output...
Read 187000 lines from bazel query output...
Read 188000 lines from bazel query output...
Read 189000 lines from bazel query output...
Read 190000 lines from bazel query output...
Read 191000 lines from bazel query output...
Read 192000 lines from bazel query output...
Read 193000 lines from bazel query output...
Read 194000 lines from bazel query output...
Read 195000 lines from bazel query output...
Read 196000 lines from bazel query output...
Read 197000 lines from bazel query output...
Read 198000 lines from bazel query output...
Read 199000 lines from bazel query output...
Read 200000 lines from bazel query output...
Read 201000 lines from bazel query output...
Read 202000 lines from bazel query output...
Read 203000 lines from bazel query output...
Read 204000 lines from bazel query output...
Read 205000 lines from bazel query output...
