2025/08/08 20:14:30 Downloading https://releases.bazel.build/7.4.0/release/bazel-7.4.0-linux-x86_64...
Extracting Bazel installation...
Starting local Bazel server and connecting to it...
 no actions running
 no actions running
 no actions running
 no actions running
 no actions running
Loading: 0 packages loaded
Loading: 8 packages loaded
    currently loading: python3 ... (17 packages)
Loading: 16 packages loaded
    currently loading:  ... (9 packages)
Loading: 35 packages loaded
    currently loading: @@rules_pkg~//pkg/private/tar ... (10 packages)
Loading: 146 packages loaded
    currently loading: @@rules_pkg~//pkg/private/tar ... (112 packages)
Loading: 148 packages loaded
    currently loading: @@rules_pkg~//pkg/private/tar ... (111 packages)
Loading: 153 packages loaded
    currently loading: @@rules_pkg~//pkg/private/tar ... (110 packages)
Loading: 153 packages loaded
    currently loading: @@rules_pkg~//pkg/private/tar ... (110 packages)
Loading: 153 packages loaded
    currently loading: @@rules_pkg~//pkg/private/tar ... (110 packages)
Loading: 156 packages loaded
    currently loading: @@rules_pkg~//pkg/private/tar ... (109 packages)
Loading: 158 packages loaded
    currently loading: @@rules_pkg~//pkg/private/tar ... (108 packages)
Loading: 160 packages loaded
    currently loading: @@rules_pkg~//pkg/private/tar ... (107 packages)
Loading: 164 packages loaded
    currently loading: @@rules_pkg~//pkg/private/tar ... (105 packages)
Loading: 168 packages loaded
    currently loading: @@rules_pkg~//pkg/private/tar ... (103 packages)
Loading: 172 packages loaded
    currently loading: @@rules_pkg~//pkg/private/tar ... (101 packages)
Loading: 176 packages loaded
    currently loading: @@rules_pkg~//pkg/private/tar ... (99 packages)
Loading: 178 packages loaded
    currently loading: @@rules_pkg~//pkg/private/tar ... (98 packages)
Loading: 187 packages loaded
    currently loading: @@rules_pkg~//pkg/private/tar ... (94 packages)
Loading: 197 packages loaded
    currently loading: @@rules_pkg~//pkg/private/tar ... (89 packages)
Loading: 201 packages loaded
    currently loading: @@rules_pkg~//pkg/private/tar ... (87 packages)
Loading: 211 packages loaded
    currently loading: @@rules_pkg~//pkg/private/tar ... (82 packages)
Loading: 227 packages loaded
    currently loading: @@rules_pkg~//pkg/private/tar ... (74 packages)
Loading: 243 packages loaded
    currently loading: @@rules_pkg~//pkg/private/tar ... (66 packages)
Loading: 259 packages loaded
    currently loading: @@rules_pkg~//pkg/private/tar ... (58 packages)
Loading: 281 packages loaded
    currently loading: @@rules_pkg~//pkg/private/tar ... (47 packages)
Loading: 303 packages loaded
    currently loading: @@rules_pkg~//pkg/private/tar ... (36 packages)
Loading: 325 packages loaded
    currently loading: @@rules_pkg~//pkg/private/tar ... (25 packages)
Loading: 353 packages loaded
    currently loading: @@rules_pkg~//pkg/private/tar ... (11 packages)
Loading: 382 packages loaded
    currently loading: @@rules_pkg~// ... (2 packages)
Loading: 395 packages loaded
    currently loading: @@rules_pkg~// ... (2 packages)
Loading: 416 packages loaded
    currently loading: @@rules_pkg~// ... (2 packages)
Loading: 432 packages loaded
    currently loading: @@rules_pkg~// ... (2 packages)
Loading: 445 packages loaded
    currently loading: @@rules_pkg~// ... (2 packages)
Loading: 457 packages loaded
    currently loading: @@rules_pkg~// ... (2 packages)
Loading: 467 packages loaded
    currently loading: @@rules_pkg~// ... (2 packages)
Loading: 477 packages loaded
    currently loading: @@rules_pkg~// ... (2 packages)
Loading: 484 packages loaded
Loading: 487 packages loaded
Loading: 488 packages loaded
Loading: 488 packages loaded
Loading: 491 packages loaded
Loading: 491 packages loaded
Loading: 491 packages loaded
Loading: 491 packages loaded
Loading: 495 packages loaded
Read 0 lines from bazel query output...
Read 1000 lines from bazel query output...
Read 2000 lines from bazel query output...
Read 3000 lines from bazel query output...
Read 4000 lines from bazel query output...
Read 5000 lines from bazel query output...
Read 6000 lines from bazel query output...
Read 7000 lines from bazel query output...
Read 8000 lines from bazel query output...
Read 9000 lines from bazel query output...
Read 10000 lines from bazel query output...
Read 11000 lines from bazel query output...
Read 12000 lines from bazel query output...
Read 13000 lines from bazel query output...
Read 14000 lines from bazel query output...
Read 15000 lines from bazel query output...
Read 16000 lines from bazel query output...
Read 17000 lines from bazel query output...
Read 18000 lines from bazel query output...
Read 19000 lines from bazel query output...
Read 20000 lines from bazel query output...
Read 21000 lines from bazel query output...
Read 22000 lines from bazel query output...
Read 23000 lines from bazel query output...
Read 24000 lines from bazel query output...
Read 25000 lines from bazel query output...
Read 26000 lines from bazel query output...
Read 27000 lines from bazel query output...
Read 28000 lines from bazel query output...
Read 29000 lines from bazel query output...
Read 30000 lines from bazel query output...
Read 31000 lines from bazel query output...
Read 32000 lines from bazel query output...
Read 33000 lines from bazel query output...
Read 34000 lines from bazel query output...
Read 35000 lines from bazel query output...
Read 36000 lines from bazel query output...
Read 37000 lines from bazel query output...
Read 38000 lines from bazel query output...
Read 39000 lines from bazel query output...
Read 40000 lines from bazel query output...
Read 41000 lines from bazel query output...
Read 42000 lines from bazel query output...
Read 43000 lines from bazel query output...
Read 44000 lines from bazel query output...
Read 45000 lines from bazel query output...
Read 46000 lines from bazel query output...
Read 47000 lines from bazel query output...
Read 48000 lines from bazel query output...
Read 49000 lines from bazel query output...
Read 50000 lines from bazel query output...
Read 51000 lines from bazel query output...
Read 52000 lines from bazel query output...
Read 53000 lines from bazel query output...
Read 54000 lines from bazel query output...
Read 55000 lines from bazel query output...
Read 56000 lines from bazel query output...
Read 57000 lines from bazel query output...
Read 58000 lines from bazel query output...
Read 59000 lines from bazel query output...
Read 60000 lines from bazel query output...
Read 61000 lines from bazel query output...
Read 62000 lines from bazel query output...
Read 63000 lines from bazel query output...
Read 64000 lines from bazel query output...
Read 65000 lines from bazel query output...
Read 66000 lines from bazel query output...
Read 67000 lines from bazel query output...
Read 68000 lines from bazel query output...
Read 69000 lines from bazel query output...
Read 70000 lines from bazel query output...
Read 71000 lines from bazel query output...
Read 72000 lines from bazel query output...
Read 73000 lines from bazel query output...
Read 74000 lines from bazel query output...
Read 75000 lines from bazel query output...
Read 76000 lines from bazel query output...
Read 77000 lines from bazel query output...
Read 78000 lines from bazel query output...
Read 79000 lines from bazel query output...
Read 80000 lines from bazel query output...
Read 81000 lines from bazel query output...
Read 82000 lines from bazel query output...

thread 'main' panicked at depstat/src/main.rs:23:43:
called `Result::unwrap()` on an `Err` value: Custom("missing field `@name`")
note: run with `RUST_BACKTRACE=1` environment variable to display a backtrace
