Starting local Bazel server (8.3.1) and connecting to it...
 no actions running
 no actions running
 no actions running
 no actions running
WARNING: For repository 'platforms', the root module requires module version platforms@0.0.10, but got platforms@0.0.11 in the resolved dependency graph. Please update the version in your MODULE.bazel or set --check_direct_dependencies=off
WARNING: For repository 'com_google_protobuf', the root module requires module version protobuf@29.0, but got protobuf@30.0 in the resolved dependency graph. Please update the version in your MODULE.bazel or set --check_direct_dependencies=off
WARNING: For repository 'rules_java', the root module requires module version rules_java@8.11.0, but got rules_java@8.12.0 in the resolved dependency graph. Please update the version in your MODULE.bazel or set --check_direct_dependencies=off
WARNING: For repository 'rules_python', the root module requires module version rules_python@0.40.0, but got rules_python@1.0.0 in the resolved dependency graph. Please update the version in your MODULE.bazel or set --check_direct_dependencies=off
 no actions running
Loading: 0 packages loaded
Loading: 0 packages loaded
Loading: 0 packages loaded
Loading: 100 packages loaded
    currently loading: javatests/com/google/copybara/credentials ... (16 packages)
DEBUG: /data/h445xu/.cache/bazel/_bazel_hongxu/77e392b74c124a5c35acac2cacfa9c22/external/rules_jvm_external+/private/extensions/maven.bzl:155:14: The maven repository 'maven' is used in two different bazel modules, originally in 'copybara' and now in 'grpc-java'
DEBUG: /data/h445xu/.cache/bazel/_bazel_hongxu/77e392b74c124a5c35acac2cacfa9c22/external/rules_jvm_external+/private/extensions/maven.bzl:155:14: The maven repository 'maven' is used in two different bazel modules, originally in 'copybara' and now in 'protobuf'
Loading: 175 packages loaded
Loading: 175 packages loaded
Loading: 175 packages loaded
DEBUG: /data/h445xu/.cache/bazel/_bazel_hongxu/77e392b74c124a5c35acac2cacfa9c22/external/rules_jvm_external+/private/rules/coursier.bzl:766:18: Found duplicate artifact versions
    com.google.auth:google-auth-library-oauth2-http has multiple versions 1.6.0, 1.24.1
    com.google.guava:failureaccess has multiple versions 1.0.3, 1.0.1
    com.google.guava:guava has multiple versions 33.4.6-jre, 33.3.1-android, 32.0.1-jre
    io.netty:netty-tcnative-classes has multiple versions 2.0.56.Final, 2.0.70.Final
    io.netty:netty-transport-native-epoll:linux-x86_64 has multiple versions 4.1.93.Final, 4.1.110.Final
    io.netty:netty-transport-native-unix-common has multiple versions 4.1.93.Final, 4.1.110.Final
    org.checkerframework:checker-qual has multiple versions 3.19.0, 3.12.0
    com.google.code.gson:gson has multiple versions 2.11.0, 2.8.9
    com.google.errorprone:error_prone_annotations has multiple versions 2.30.0, 2.5.1
    com.google.j2objc:j2objc-annotations has multiple versions 1.3, 2.8
Please remove duplicate artifacts from the artifact list so you do not get unexpected artifact versions
Loading: 175 packages loaded
Loading: 204 packages loaded
    currently loading: @@+non_module_deps+io_bazel// ... (15 packages)
Loading: 284 packages loaded
    currently loading: @@+non_module_deps+io_bazel//src/main/protobuf
Loading: 285 packages loaded
Loading: 285 packages loaded
Loading: 285 packages loaded
Loading: 285 packages loaded
Loading: 292 packages loaded
Loading: 292 packages loaded
Loading: 293 packages loaded
Read 0 lines from bazel query output...
Read 1000 lines from bazel query output...
Read 2000 lines from bazel query output...
Read 3000 lines from bazel query output...
Read 4000 lines from bazel query output...
Read 5000 lines from bazel query output...
Read 6000 lines from bazel query output...
Read 7000 lines from bazel query output...
Read 8000 lines from bazel query output...
Read 9000 lines from bazel query output...
Read 10000 lines from bazel query output...
Read 11000 lines from bazel query output...
Read 12000 lines from bazel query output...
Read 13000 lines from bazel query output...
Read 14000 lines from bazel query output...
Read 15000 lines from bazel query output...
Read 16000 lines from bazel query output...
Read 17000 lines from bazel query output...
Read 18000 lines from bazel query output...
Read 19000 lines from bazel query output...
Read 20000 lines from bazel query output...
Read 21000 lines from bazel query output...
Read 22000 lines from bazel query output...
Read 23000 lines from bazel query output...
Read 24000 lines from bazel query output...
Read 25000 lines from bazel query output...
Read 26000 lines from bazel query output...
Read 27000 lines from bazel query output...
Read 28000 lines from bazel query output...
Read 29000 lines from bazel query output...
Read 30000 lines from bazel query output...
Read 31000 lines from bazel query output...
Read 32000 lines from bazel query output...
Read 33000 lines from bazel query output...
Read 34000 lines from bazel query output...
Read 35000 lines from bazel query output...
Read 36000 lines from bazel query output...
Read 37000 lines from bazel query output...
Read 38000 lines from bazel query output...
Read 39000 lines from bazel query output...
Read 40000 lines from bazel query output...
Read 41000 lines from bazel query output...
Read 42000 lines from bazel query output...
Read 43000 lines from bazel query output...
Read 44000 lines from bazel query output...
Read 45000 lines from bazel query output...
