Starting local Bazel server (8.3.1) and connecting to it...
 no actions running
WARNING: For repository 'bazel_skylib', the root module requires module version bazel_skylib@1.6.1, but got bazel_skylib@1.7.1 in the resolved dependency graph. Please update the version in your MODULE.bazel or set --check_direct_dependencies=off
WARNING: For repository 'rules_cc', the root module requires module version rules_cc@0.0.9, but got rules_cc@0.1.1 in the resolved dependency graph. Please update the version in your MODULE.bazel or set --check_direct_dependencies=off
WARNING: For repository 'rules_license', the root module requires module version rules_license@0.0.7, but got rules_license@1.0.0 in the resolved dependency graph. Please update the version in your MODULE.bazel or set --check_direct_dependencies=off
WARNING: For repository 'platforms', the root module requires module version platforms@0.0.10, but got platforms@0.0.11 in the resolved dependency graph. Please update the version in your MODULE.bazel or set --check_direct_dependencies=off
Loading: 0 packages loaded
Read 0 lines from bazel query output...
Read 1000 lines from bazel query output...
Read 2000 lines from bazel query output...
Read 3000 lines from bazel query output...
Read 4000 lines from bazel query output...
Read 5000 lines from bazel query output...
Read 6000 lines from bazel query output...
Read 7000 lines from bazel query output...
Read 8000 lines from bazel query output...
Read 9000 lines from bazel query output...
Read 10000 lines from bazel query output...
Read 11000 lines from bazel query output...
Read 12000 lines from bazel query output...
Read 13000 lines from bazel query output...
Read 14000 lines from bazel query output...
Read 15000 lines from bazel query output...
Read 16000 lines from bazel query output...
Read 17000 lines from bazel query output...
Read 18000 lines from bazel query output...
Read 19000 lines from bazel query output...
Read 20000 lines from bazel query output...
Read 21000 lines from bazel query output...
Read 22000 lines from bazel query output...
Read 23000 lines from bazel query output...
Read 24000 lines from bazel query output...
Read 25000 lines from bazel query output...
Read 26000 lines from bazel query output...
Read 27000 lines from bazel query output...
Read 28000 lines from bazel query output...
Read 29000 lines from bazel query output...
