Starting local Bazel server and connecting to it...
 checking cached actions
DEBUG: /data/h445xu/.cache/bazel/_bazel_hongxu/287e11bfb019f197a474a7fd896c3e81/external/org_tensorflow/third_party/repo.bzl:132:14: 
Warning: skipping import of repository 'com_google_absl' because it already exists.
DEBUG: /data/h445xu/.cache/bazel/_bazel_hongxu/287e11bfb019f197a474a7fd896c3e81/external/org_tensorflow/third_party/repo.bzl:132:14: 
Warning: skipping import of repository 'XNNPACK' because it already exists.
Loading: 0 packages loaded
ERROR: /data/h445xu/.cache/bazel/_bazel_hongxu/287e11bfb019f197a474a7fd896c3e81/external/XNNPACK/BUILD.bazel:816:31: no such package '@@KleidiAI//kai/ukernels/matmul': The repository '@@KleidiAI' could not be resolved: Repository '@@KleidiAI' is not defined and referenced by '@@XNNPACK//:fp16arith_prod_microkernels'
ERROR: /data/h445xu/.cache/bazel/_bazel_hongxu/287e11bfb019f197a474a7fd896c3e81/external/XNNPACK/BUILD.bazel:986:31: no such package '@@KleidiAI//kai/ukernels/matmul': The repository '@@KleidiAI' could not be resolved: Repository '@@KleidiAI' is not defined and referenced by '@@XNNPACK//:neoni8mm_prod_microkernels'
ERROR: /data/h445xu/.cache/bazel/_bazel_hongxu/287e11bfb019f197a474a7fd896c3e81/external/XNNPACK/BUILD.bazel:1783:19: no such package '@@KleidiAI//kai/ukernels/matmul': The repository '@@KleidiAI' could not be resolved: Repository '@@KleidiAI' is not defined and referenced by '@@XNNPACK//:packing'
ERROR: /data/h445xu/.cache/bazel/_bazel_hongxu/287e11bfb019f197a474a7fd896c3e81/external/XNNPACK/BUILD.bazel:962:31: no such package '@@KleidiAI//kai/ukernels/matmul': The repository '@@KleidiAI' could not be resolved: Repository '@@KleidiAI' is not defined and referenced by '@@XNNPACK//:neondot_prod_microkernels'
ERROR: /data/h445xu/.cache/bazel/_bazel_hongxu/287e11bfb019f197a474a7fd896c3e81/external/XNNPACK/BUILD.bazel:840:31: no such package '@@KleidiAI//kai/ukernels/matmul': The repository '@@KleidiAI' could not be resolved: Repository '@@KleidiAI' is not defined and referenced by '@@XNNPACK//:neon_prod_microkernels'
ERROR: /data/h445xu/.cache/bazel/_bazel_hongxu/287e11bfb019f197a474a7fd896c3e81/external/XNNPACK/BUILD.bazel:962:31: no such package '@@KleidiAI//kai/ukernels/matmul': The repository '@@KleidiAI' could not be resolved: Repository '@@KleidiAI' is not defined and referenced by '@@XNNPACK//:neondot_prod_microkernels'
ERROR: /data/h445xu/.cache/bazel/_bazel_hongxu/287e11bfb019f197a474a7fd896c3e81/external/XNNPACK/BUILD.bazel:840:31: no such package '@@KleidiAI//kai/ukernels/matmul': The repository '@@KleidiAI' could not be resolved: Repository '@@KleidiAI' is not defined and referenced by '@@XNNPACK//:neon_prod_microkernels'
ERROR: /data/h445xu/.cache/bazel/_bazel_hongxu/287e11bfb019f197a474a7fd896c3e81/external/XNNPACK/BUILD.bazel:840:31: no such package '@@KleidiAI//kai/ukernels/matmul': The repository '@@KleidiAI' could not be resolved: Repository '@@KleidiAI' is not defined and referenced by '@@XNNPACK//:neon_prod_microkernels'
ERROR: /data/h445xu/.cache/bazel/_bazel_hongxu/287e11bfb019f197a474a7fd896c3e81/external/XNNPACK/BUILD.bazel:816:31: no such package '@@KleidiAI//kai/ukernels/matmul': The repository '@@KleidiAI' could not be resolved: Repository '@@KleidiAI' is not defined and referenced by '@@XNNPACK//:fp16arith_prod_microkernels'
ERROR: /data/h445xu/.cache/bazel/_bazel_hongxu/287e11bfb019f197a474a7fd896c3e81/external/XNNPACK/BUILD.bazel:962:31: no such package '@@KleidiAI//kai/ukernels/matmul': The repository '@@KleidiAI' could not be resolved: Repository '@@KleidiAI' is not defined and referenced by '@@XNNPACK//:neondot_prod_microkernels'
ERROR: /data/h445xu/.cache/bazel/_bazel_hongxu/287e11bfb019f197a474a7fd896c3e81/external/XNNPACK/BUILD.bazel:986:31: no such package '@@KleidiAI//kai/ukernels/matmul': The repository '@@KleidiAI' could not be resolved: Repository '@@KleidiAI' is not defined and referenced by '@@XNNPACK//:neoni8mm_prod_microkernels'
ERROR: /data/h445xu/.cache/bazel/_bazel_hongxu/287e11bfb019f197a474a7fd896c3e81/external/XNNPACK/BUILD.bazel:986:31: no such package '@@KleidiAI//kai/ukernels/matmul': The repository '@@KleidiAI' could not be resolved: Repository '@@KleidiAI' is not defined and referenced by '@@XNNPACK//:neoni8mm_prod_microkernels'
ERROR: /data/h445xu/.cache/bazel/_bazel_hongxu/287e11bfb019f197a474a7fd896c3e81/external/XNNPACK/BUILD.bazel:986:31: no such package '@@KleidiAI//kai/ukernels/matmul': The repository '@@KleidiAI' could not be resolved: Repository '@@KleidiAI' is not defined and referenced by '@@XNNPACK//:neoni8mm_prod_microkernels'
ERROR: /data/h445xu/.cache/bazel/_bazel_hongxu/287e11bfb019f197a474a7fd896c3e81/external/XNNPACK/BUILD.bazel:986:31: no such package '@@KleidiAI//kai/ukernels/matmul': The repository '@@KleidiAI' could not be resolved: Repository '@@KleidiAI' is not defined and referenced by '@@XNNPACK//:neoni8mm_prod_microkernels'
ERROR: /data/h445xu/.cache/bazel/_bazel_hongxu/287e11bfb019f197a474a7fd896c3e81/external/XNNPACK/BUILD.bazel:1783:19: no such package '@@KleidiAI//kai/ukernels/matmul': The repository '@@KleidiAI' could not be resolved: Repository '@@KleidiAI' is not defined and referenced by '@@XNNPACK//:packing'
ERROR: /data/h445xu/.cache/bazel/_bazel_hongxu/287e11bfb019f197a474a7fd896c3e81/external/XNNPACK/BUILD.bazel:1783:19: no such package '@@KleidiAI//kai/ukernels/matmul': The repository '@@KleidiAI' could not be resolved: Repository '@@KleidiAI' is not defined and referenced by '@@XNNPACK//:packing'
ERROR: /data/h445xu/.cache/bazel/_bazel_hongxu/287e11bfb019f197a474a7fd896c3e81/external/XNNPACK/BUILD.bazel:1783:19: no such package '@@KleidiAI//kai/ukernels/matmul': The repository '@@KleidiAI' could not be resolved: Repository '@@KleidiAI' is not defined and referenced by '@@XNNPACK//:packing'
ERROR: Evaluation of query "deps(//...)" failed: errors were encountered while computing transitive closure
WARNING: --keep_going specified, ignoring errors. Results may be inaccurate
Loading: 107 packages loaded
Read 0 lines from bazel query output...
Read 1000 lines from bazel query output...
Read 2000 lines from bazel query output...
Read 3000 lines from bazel query output...
Read 4000 lines from bazel query output...
Read 5000 lines from bazel query output...
Read 6000 lines from bazel query output...
Read 7000 lines from bazel query output...
Read 8000 lines from bazel query output...
Read 9000 lines from bazel query output...
Read 10000 lines from bazel query output...
Read 11000 lines from bazel query output...
Read 12000 lines from bazel query output...
Read 13000 lines from bazel query output...
Read 14000 lines from bazel query output...
Read 15000 lines from bazel query output...
Read 16000 lines from bazel query output...
Read 17000 lines from bazel query output...
Read 18000 lines from bazel query output...
Read 19000 lines from bazel query output...
Read 20000 lines from bazel query output...
Read 21000 lines from bazel query output...
Read 22000 lines from bazel query output...
Read 23000 lines from bazel query output...
Read 24000 lines from bazel query output...
Read 25000 lines from bazel query output...
Read 26000 lines from bazel query output...
Read 27000 lines from bazel query output...
Read 28000 lines from bazel query output...
Read 29000 lines from bazel query output...
Read 30000 lines from bazel query output...
Read 31000 lines from bazel query output...
Read 32000 lines from bazel query output...
Read 33000 lines from bazel query output...
Read 34000 lines from bazel query output...
Read 35000 lines from bazel query output...
Read 36000 lines from bazel query output...
Read 37000 lines from bazel query output...
Read 38000 lines from bazel query output...
Read 39000 lines from bazel query output...
Read 40000 lines from bazel query output...
Read 41000 lines from bazel query output...
Read 42000 lines from bazel query output...
Read 43000 lines from bazel query output...
Read 44000 lines from bazel query output...
