Starting local Bazel server (8.3.1) and connecting to it...
 no actions running
Loading: 0 packages loaded
INFO: Repository +llvm+llvm-project instantiated at:
  <builtin>: in <toplevel>
Repository rule llvm_configure defined at:
  /data/h445xu/repo/bazel-repos/cloned_repos/google__sandboxed-api/sandboxed_api/bazel/llvm_config.bzl:247:33: in <toplevel>
ERROR: /data/h445xu/repo/bazel-repos/cloned_repos/google__sandboxed-api/sandboxed_api/bazel/llvm_config.bzl:84:13: An error occurred during the fetch of repository '+llvm+llvm-project':
   Traceback (most recent call last):
	File "/data/h445xu/repo/bazel-repos/cloned_repos/google__sandboxed-api/sandboxed_api/bazel/llvm_config.bzl", line 200, column 24, in _llvm_configure_impl
		if _use_system_llvm(ctx):
	File "/data/h445xu/repo/bazel-repos/cloned_repos/google__sandboxed-api/sandboxed_api/bazel/llvm_config.bzl", line 190, column 48, in _use_system_llvm
		llvm_config_tool = _locate_llvm_config_tool(repository_ctx)
	File "/data/h445xu/repo/bazel-repos/cloned_repos/google__sandboxed-api/sandboxed_api/bazel/llvm_config.bzl", line 84, column 13, in _locate_llvm_config_tool
		fail("Local llvm-config lookup failed")
Error in fail: Local llvm-config lookup failed
ERROR: /data/h445xu/repo/bazel-repos/cloned_repos/google__sandboxed-api/sandboxed_api/tools/clang_generator/BUILD:27:11: no such package '@@+llvm+llvm-project//clang': Local llvm-config lookup failed and referenced by '//sandboxed_api/tools/clang_generator:generator'
ERROR: /data/h445xu/repo/bazel-repos/cloned_repos/google__sandboxed-api/sandboxed_api/tools/clang_generator/BUILD:27:11: no such package '@@+llvm+llvm-project//llvm': Local llvm-config lookup failed and referenced by '//sandboxed_api/tools/clang_generator:generator'
ERROR: /data/h445xu/repo/bazel-repos/cloned_repos/google__sandboxed-api/sandboxed_api/tools/clang_generator/BUILD:111:10: no such package '@@+llvm+llvm-project//clang': Local llvm-config lookup failed and referenced by '//sandboxed_api/tools/clang_generator:generator_tool'
ERROR: /data/h445xu/repo/bazel-repos/cloned_repos/google__sandboxed-api/sandboxed_api/tools/clang_generator/BUILD:78:8: no such package '@@+llvm+llvm-project//clang': Local llvm-config lookup failed and referenced by '//sandboxed_api/tools/clang_generator:generator_test'
ERROR: /data/h445xu/repo/bazel-repos/cloned_repos/google__sandboxed-api/sandboxed_api/tools/clang_generator/BUILD:111:10: no such package '@@+llvm+llvm-project//llvm': Local llvm-config lookup failed and referenced by '//sandboxed_api/tools/clang_generator:generator_tool'
ERROR: /data/h445xu/repo/bazel-repos/cloned_repos/google__sandboxed-api/sandboxed_api/tools/clang_generator/BUILD:78:8: no such package '@@+llvm+llvm-project//llvm': Local llvm-config lookup failed and referenced by '//sandboxed_api/tools/clang_generator:generator_test'
ERROR: /data/h445xu/repo/bazel-repos/cloned_repos/google__sandboxed-api/sandboxed_api/tools/clang_generator/BUILD:27:11: no such package '@@+llvm+llvm-project//clang': Local llvm-config lookup failed and referenced by '//sandboxed_api/tools/clang_generator:generator'
ERROR: /data/h445xu/repo/bazel-repos/cloned_repos/google__sandboxed-api/sandboxed_api/tools/clang_generator/BUILD:78:8: no such package '@@+llvm+llvm-project//clang': Local llvm-config lookup failed and referenced by '//sandboxed_api/tools/clang_generator:generator_test'
ERROR: /data/h445xu/repo/bazel-repos/cloned_repos/google__sandboxed-api/sandboxed_api/tools/clang_generator/BUILD:78:8: no such package '@@+llvm+llvm-project//llvm': Local llvm-config lookup failed and referenced by '//sandboxed_api/tools/clang_generator:generator_test'
ERROR: /data/h445xu/repo/bazel-repos/cloned_repos/google__sandboxed-api/sandboxed_api/tools/clang_generator/BUILD:78:8: no such package '@@+llvm+llvm-project//clang': Local llvm-config lookup failed and referenced by '//sandboxed_api/tools/clang_generator:generator_test'
ERROR: /data/h445xu/repo/bazel-repos/cloned_repos/google__sandboxed-api/sandboxed_api/tools/clang_generator/BUILD:78:8: no such package '@@+llvm+llvm-project//llvm': Local llvm-config lookup failed and referenced by '//sandboxed_api/tools/clang_generator:generator_test'
ERROR: /data/h445xu/repo/bazel-repos/cloned_repos/google__sandboxed-api/sandboxed_api/tools/clang_generator/BUILD:111:10: no such package '@@+llvm+llvm-project//clang': Local llvm-config lookup failed and referenced by '//sandboxed_api/tools/clang_generator:generator_tool'
ERROR: /data/h445xu/repo/bazel-repos/cloned_repos/google__sandboxed-api/sandboxed_api/tools/clang_generator/BUILD:27:11: no such package '@@+llvm+llvm-project//clang': Local llvm-config lookup failed and referenced by '//sandboxed_api/tools/clang_generator:generator'
ERROR: /data/h445xu/repo/bazel-repos/cloned_repos/google__sandboxed-api/sandboxed_api/tools/clang_generator/BUILD:27:11: no such package '@@+llvm+llvm-project//clang': Local llvm-config lookup failed and referenced by '//sandboxed_api/tools/clang_generator:generator'
ERROR: /data/h445xu/repo/bazel-repos/cloned_repos/google__sandboxed-api/sandboxed_api/tools/clang_generator/BUILD:27:11: no such package '@@+llvm+llvm-project//clang': Local llvm-config lookup failed and referenced by '//sandboxed_api/tools/clang_generator:generator'
ERROR: /data/h445xu/repo/bazel-repos/cloned_repos/google__sandboxed-api/sandboxed_api/tools/clang_generator/BUILD:111:10: no such package '@@+llvm+llvm-project//llvm': Local llvm-config lookup failed and referenced by '//sandboxed_api/tools/clang_generator:generator_tool'
ERROR: /data/h445xu/repo/bazel-repos/cloned_repos/google__sandboxed-api/sandboxed_api/tools/clang_generator/BUILD:111:10: no such package '@@+llvm+llvm-project//clang': Local llvm-config lookup failed and referenced by '//sandboxed_api/tools/clang_generator:generator_tool'
ERROR: /data/h445xu/repo/bazel-repos/cloned_repos/google__sandboxed-api/sandboxed_api/tools/clang_generator/BUILD:78:8: no such package '@@+llvm+llvm-project//clang': Local llvm-config lookup failed and referenced by '//sandboxed_api/tools/clang_generator:generator_test'
ERROR: /data/h445xu/repo/bazel-repos/cloned_repos/google__sandboxed-api/sandboxed_api/tools/clang_generator/BUILD:27:11: no such package '@@+llvm+llvm-project//clang': Local llvm-config lookup failed and referenced by '//sandboxed_api/tools/clang_generator:generator'
ERROR: /data/h445xu/repo/bazel-repos/cloned_repos/google__sandboxed-api/sandboxed_api/tools/clang_generator/BUILD:27:11: no such package '@@+llvm+llvm-project//clang': Local llvm-config lookup failed and referenced by '//sandboxed_api/tools/clang_generator:generator'
ERROR: /data/h445xu/repo/bazel-repos/cloned_repos/google__sandboxed-api/sandboxed_api/tools/clang_generator/BUILD:27:11: no such package '@@+llvm+llvm-project//clang': Local llvm-config lookup failed and referenced by '//sandboxed_api/tools/clang_generator:generator'
ERROR: /data/h445xu/repo/bazel-repos/cloned_repos/google__sandboxed-api/sandboxed_api/tools/clang_generator/BUILD:27:11: no such package '@@+llvm+llvm-project//llvm': Local llvm-config lookup failed and referenced by '//sandboxed_api/tools/clang_generator:generator'
ERROR: /data/h445xu/repo/bazel-repos/cloned_repos/google__sandboxed-api/sandboxed_api/tools/clang_generator/BUILD:27:11: no such package '@@+llvm+llvm-project//clang': Local llvm-config lookup failed and referenced by '//sandboxed_api/tools/clang_generator:generator'
ERROR: /data/h445xu/repo/bazel-repos/cloned_repos/google__sandboxed-api/sandboxed_api/tools/clang_generator/BUILD:111:10: no such package '@@+llvm+llvm-project//llvm': Local llvm-config lookup failed and referenced by '//sandboxed_api/tools/clang_generator:generator_tool'
ERROR: /data/h445xu/repo/bazel-repos/cloned_repos/google__sandboxed-api/sandboxed_api/tools/clang_generator/BUILD:27:11: no such package '@@+llvm+llvm-project//llvm': Local llvm-config lookup failed and referenced by '//sandboxed_api/tools/clang_generator:generator'
ERROR: Evaluation of query "deps(//...)" failed: errors were encountered while computing transitive closure
WARNING: --keep_going specified, ignoring errors. Results may be inaccurate
Read 0 lines from bazel query output...
Read 1000 lines from bazel query output...
Read 2000 lines from bazel query output...
Read 3000 lines from bazel query output...
Read 4000 lines from bazel query output...
Read 5000 lines from bazel query output...
Read 6000 lines from bazel query output...
Read 7000 lines from bazel query output...
Read 8000 lines from bazel query output...
Read 9000 lines from bazel query output...
Read 10000 lines from bazel query output...
Read 11000 lines from bazel query output...
Read 12000 lines from bazel query output...
Read 13000 lines from bazel query output...
Read 14000 lines from bazel query output...
Read 15000 lines from bazel query output...
Read 16000 lines from bazel query output...
Read 17000 lines from bazel query output...
Read 18000 lines from bazel query output...
Read 19000 lines from bazel query output...
Read 20000 lines from bazel query output...
Read 21000 lines from bazel query output...
Read 22000 lines from bazel query output...
Read 23000 lines from bazel query output...
Read 24000 lines from bazel query output...
Read 25000 lines from bazel query output...
Read 26000 lines from bazel query output...
Read 27000 lines from bazel query output...
Read 28000 lines from bazel query output...
Read 29000 lines from bazel query output...
Read 30000 lines from bazel query output...
Read 31000 lines from bazel query output...
Read 32000 lines from bazel query output...
Read 33000 lines from bazel query output...
Read 34000 lines from bazel query output...
Read 35000 lines from bazel query output...
Read 36000 lines from bazel query output...
Read 37000 lines from bazel query output...
Read 38000 lines from bazel query output...
Read 39000 lines from bazel query output...
Read 40000 lines from bazel query output...
Read 41000 lines from bazel query output...
Read 42000 lines from bazel query output...
Read 43000 lines from bazel query output...
