2025/08/08 21:14:56 Downloading https://releases.bazel.build/6.3.0/release/bazel-6.3.0-linux-x86_64...
Extracting Bazel installation...
Starting local Bazel server and connecting to it...
 checking cached actions
 checking cached actions
 checking cached actions
 checking cached actions
 checking cached actions
 checking cached actions
 checking cached actions
 checking cached actions
 checking cached actions
 checking cached actions
 checking cached actions
DEBUG: Rule 'com_googleapis_gapic_generator_go' indicated that a canonical reproducible form can be obtained by modifying arguments sha256 = "ee7c86c37563d8e9a3e6064f298f02a5c3ba30e3aced5b2e3461872f3073ae65"
DEBUG: Repository com_googleapis_gapic_generator_go instantiated at:
  /data/h445xu/repo/bazel-repos/cloned_repos/googleapis__googleapis/WORKSPACE:238:13: in <toplevel>
Repository rule http_archive defined at:
  /data/h445xu/.cache/bazel/_bazel_hongxu/19ee6548ec2ebfc74c23084063daa841/external/bazel_tools/tools/build_defs/repo/http.bzl:372:31: in <toplevel>
 checking cached actions
 checking cached actions
 checking cached actions
 checking cached actions
DEBUG: Rule 'rules_gapic' indicated that a canonical reproducible form can be obtained by modifying arguments sha256 = "c21e78a42f69898e7c3142fa837e3a637b1993d27c08a64723262611971d2b96"
DEBUG: Repository rules_gapic instantiated at:
  /data/h445xu/repo/bazel-repos/cloned_repos/googleapis__googleapis/WORKSPACE:226:13: in <toplevel>
Repository rule http_archive defined at:
  /data/h445xu/.cache/bazel/_bazel_hongxu/19ee6548ec2ebfc74c23084063daa841/external/bazel_tools/tools/build_defs/repo/http.bzl:372:31: in <toplevel>
 checking cached actions
 checking cached actions
DEBUG: Rule 'com_google_api_gax_java' indicated that a canonical reproducible form can be obtained by modifying arguments sha256 = "ffbfcc56ed0d190b1670d073315920728b1796bf4d2f2f4121eed104c3c374be"
DEBUG: Repository com_google_api_gax_java instantiated at:
  /data/h445xu/repo/bazel-repos/cloned_repos/googleapis__googleapis/WORKSPACE:291:13: in <toplevel>
Repository rule http_archive defined at:
  /data/h445xu/.cache/bazel/_bazel_hongxu/19ee6548ec2ebfc74c23084063daa841/external/bazel_tools/tools/build_defs/repo/http.bzl:372:31: in <toplevel>
 checking cached actions
DEBUG: Rule 'io_grpc_grpc_java' indicated that a canonical reproducible form can be obtained by modifying arguments sha256 = "795d310aa2150de5e4df81ca65bc740e2d91b1ab66827953d1a3c7eac6ed9332"
DEBUG: Repository io_grpc_grpc_java instantiated at:
  /data/h445xu/repo/bazel-repos/cloned_repos/googleapis__googleapis/WORKSPACE:307:37: in <toplevel>
  /data/h445xu/.cache/bazel/_bazel_hongxu/19ee6548ec2ebfc74c23084063daa841/external/com_google_api_gax_java/repositories.bzl:60:11: in com_google_api_gax_java_repositories
  /data/h445xu/.cache/bazel/_bazel_hongxu/19ee6548ec2ebfc74c23084063daa841/external/com_google_api_gax_java/repositories.bzl:139:14: in _maybe
Repository rule http_archive defined at:
  /data/h445xu/.cache/bazel/_bazel_hongxu/19ee6548ec2ebfc74c23084063daa841/external/bazel_tools/tools/build_defs/repo/http.bzl:372:31: in <toplevel>
 checking cached actions
 checking cached actions
DEBUG: /data/h445xu/.cache/bazel/_bazel_hongxu/19ee6548ec2ebfc74c23084063daa841/external/rules_jvm_external/coursier.bzl:713:18: Found duplicate artifact versions
    com.google.code.gson:gson has multiple versions 2.8.9, 2.11.0
    com.google.errorprone:error_prone_annotations has multiple versions 2.5.1, 2.30.0
    com.google.guava:guava has multiple versions 32.0.1-jre, 33.3.1-android
    com.google.truth:truth has multiple versions 1.1.2, 1.4.2
Please remove duplicate artifacts from the artifact list so you do not get unexpected artifact versions
 checking cached actions
DEBUG: /data/h445xu/.cache/bazel/_bazel_hongxu/19ee6548ec2ebfc74c23084063daa841/external/rules_jvm_external/coursier.bzl:1007:18: Assuming maven local for artifact: com.google.code.findbugs:jsr305:3.0.2
DEBUG: /data/h445xu/.cache/bazel/_bazel_hongxu/19ee6548ec2ebfc74c23084063daa841/external/rules_jvm_external/coursier.bzl:1007:18: Assuming maven local for artifact: com.google.guava:failureaccess:1.0.2
DEBUG: /data/h445xu/.cache/bazel/_bazel_hongxu/19ee6548ec2ebfc74c23084063daa841/external/rules_jvm_external/coursier.bzl:1007:18: Assuming maven local for artifact: com.google.guava:listenablefuture:9999.0-empty-to-avoid-conflict-with-guava
DEBUG: /data/h445xu/.cache/bazel/_bazel_hongxu/19ee6548ec2ebfc74c23084063daa841/external/rules_jvm_external/coursier.bzl:1007:18: Assuming maven local for artifact: com.google.j2objc:j2objc-annotations:3.0.0
DEBUG: /data/h445xu/.cache/bazel/_bazel_hongxu/19ee6548ec2ebfc74c23084063daa841/external/rules_jvm_external/coursier.bzl:1007:18: Assuming maven local for artifact: javax.inject:javax.inject:1
DEBUG: /data/h445xu/.cache/bazel/_bazel_hongxu/19ee6548ec2ebfc74c23084063daa841/external/rules_jvm_external/coursier.bzl:1007:18: Assuming maven local for artifact: junit:junit:4.13.2
DEBUG: /data/h445xu/.cache/bazel/_bazel_hongxu/19ee6548ec2ebfc74c23084063daa841/external/rules_jvm_external/coursier.bzl:1007:18: Assuming maven local for artifact: net.bytebuddy:byte-buddy-agent:1.12.7
DEBUG: /data/h445xu/.cache/bazel/_bazel_hongxu/19ee6548ec2ebfc74c23084063daa841/external/rules_jvm_external/coursier.bzl:1007:18: Assuming maven local for artifact: net.bytebuddy:byte-buddy:1.12.7
DEBUG: /data/h445xu/.cache/bazel/_bazel_hongxu/19ee6548ec2ebfc74c23084063daa841/external/rules_jvm_external/coursier.bzl:1007:18: Assuming maven local for artifact: org.hamcrest:hamcrest-core:1.3
DEBUG: /data/h445xu/.cache/bazel/_bazel_hongxu/19ee6548ec2ebfc74c23084063daa841/external/rules_jvm_external/coursier.bzl:1007:18: Assuming maven local for artifact: org.jetbrains:annotations:13.0
DEBUG: /data/h445xu/.cache/bazel/_bazel_hongxu/19ee6548ec2ebfc74c23084063daa841/external/rules_jvm_external/coursier.bzl:1007:18: Assuming maven local for artifact: org.mockito:mockito-core:4.3.1
DEBUG: /data/h445xu/.cache/bazel/_bazel_hongxu/19ee6548ec2ebfc74c23084063daa841/external/rules_jvm_external/coursier.bzl:1007:18: Assuming maven local for artifact: org.objenesis:objenesis:3.2
DEBUG: /data/h445xu/.cache/bazel/_bazel_hongxu/19ee6548ec2ebfc74c23084063daa841/external/rules_jvm_external/coursier.bzl:1007:18: Assuming maven local for artifact: org.ow2.asm:asm:9.6
 checking cached actions
 checking cached actions
 checking cached actions
 checking cached actions
 checking cached actions
 checking cached actions
 checking cached actions
 checking cached actions
 checking cached actions
 checking cached actions
 checking cached actions
 checking cached actions
 checking cached actions
 checking cached actions
 checking cached actions
 checking cached actions
 checking cached actions
DEBUG: Rule 'gapic_generator_php' indicated that a canonical reproducible form can be obtained by modifying arguments sha256 = "84b5e4c50ddc4476914791ab064fc1db6579ddc8c8b6f88e0eab263990e44678"
DEBUG: Repository gapic_generator_php instantiated at:
  /data/h445xu/repo/bazel-repos/cloned_repos/googleapis__googleapis/WORKSPACE:440:13: in <toplevel>
Repository rule http_archive defined at:
  /data/h445xu/.cache/bazel/_bazel_hongxu/19ee6548ec2ebfc74c23084063daa841/external/bazel_tools/tools/build_defs/repo/http.bzl:372:31: in <toplevel>
 checking cached actions
 checking cached actions
 checking cached actions
 checking cached actions
 checking cached actions
 checking cached actions
 checking cached actions
 checking cached actions
DEBUG: Rule 'com_google_disco_to_proto3_converter' indicated that a canonical reproducible form can be obtained by modifying arguments sha256 = "67bff0824940565df3be4a0f5d8bbcb034a0add4914359387ce654e5a8f59529"
DEBUG: Repository com_google_disco_to_proto3_converter instantiated at:
  /data/h445xu/repo/bazel-repos/cloned_repos/googleapis__googleapis/WORKSPACE:516:13: in <toplevel>
Repository rule http_archive defined at:
  /data/h445xu/.cache/bazel/_bazel_hongxu/19ee6548ec2ebfc74c23084063daa841/external/bazel_tools/tools/build_defs/repo/http.bzl:372:31: in <toplevel>
Loading: 0 packages loaded
Loading: 30 packages loaded
    currently loading: grafeas ... (776 packages)
Loading: 30 packages loaded
    currently loading: grafeas ... (776 packages)
DEBUG: Rule 'gapic_generator_java' indicated that a canonical reproducible form can be obtained by modifying arguments sha256 = "ffbfcc56ed0d190b1670d073315920728b1796bf4d2f2f4121eed104c3c374be"
DEBUG: Repository gapic_generator_java instantiated at:
  /data/h445xu/repo/bazel-repos/cloned_repos/googleapis__googleapis/WORKSPACE:283:13: in <toplevel>
Repository rule http_archive defined at:
  /data/h445xu/.cache/bazel/_bazel_hongxu/19ee6548ec2ebfc74c23084063daa841/external/bazel_tools/tools/build_defs/repo/http.bzl:372:31: in <toplevel>
DEBUG: /data/h445xu/.cache/bazel/_bazel_hongxu/19ee6548ec2ebfc74c23084063daa841/external/io_grpc_grpc_java/java_grpc_library.bzl:201:14: Multiple values in 'deps' is deprecated in aiplatform_java_grpc
DEBUG: /data/h445xu/.cache/bazel/_bazel_hongxu/19ee6548ec2ebfc74c23084063daa841/external/io_grpc_grpc_java/java_grpc_library.bzl:201:14: Multiple values in 'deps' is deprecated in aiplatform_java_grpc
Loading: 483 packages loaded
    currently loading: google/cloud/apigateway/v1 ... (323 packages)
DEBUG: /data/h445xu/.cache/bazel/_bazel_hongxu/19ee6548ec2ebfc74c23084063daa841/external/io_grpc_grpc_java/java_grpc_library.bzl:201:14: Multiple values in 'deps' is deprecated in gkehub_java_grpc
DEBUG: /data/h445xu/.cache/bazel/_bazel_hongxu/19ee6548ec2ebfc74c23084063daa841/external/io_grpc_grpc_java/java_grpc_library.bzl:201:14: Multiple values in 'deps' is deprecated in oslogin_java_grpc
DEBUG: /data/h445xu/.cache/bazel/_bazel_hongxu/19ee6548ec2ebfc74c23084063daa841/external/io_grpc_grpc_java/java_grpc_library.bzl:201:14: Multiple values in 'deps' is deprecated in gkehub_java_grpc
DEBUG: /data/h445xu/.cache/bazel/_bazel_hongxu/19ee6548ec2ebfc74c23084063daa841/external/io_grpc_grpc_java/java_grpc_library.bzl:201:14: Multiple values in 'deps' is deprecated in oslogin_java_grpc
Loading: 806 packages loaded
    currently loading: @io_bazel_rules_go//proto ... (4 packages)
Loading: 886 packages loaded
    currently loading: @gapic_generator_typescript// ... (7 packages)
Loading: 942 packages loaded
    currently loading: @gapic_generator_typescript// ... (3 packages)
Loading: 1084 packages loaded
    currently loading: @local_config_cc//
Loading: 1117 packages loaded
Loading: 1159 packages loaded
Loading: 1192 packages loaded
Loading: 1215 packages loaded
Loading: 1285 packages loaded
Loading: 1306 packages loaded
Loading: 1362 packages loaded
Loading: 1391 packages loaded
Loading: 1421 packages loaded
Loading: 1477 packages loaded
Loading: 1483 packages loaded
configure: WARNING: unrecognized options: --enable-json
checking for grep that handles long lines and -e... /usr/bin/grep
checking for egrep... /usr/bin/grep -E
checking for a sed that does not truncate output... /usr/bin/sed
Loading: 1486 packages loaded
    currently loading: @gapic_generator_cloud_ruby_runtime//
checking build system type... x86_64-pc-linux-gnu
checking host system type... x86_64-pc-linux-gnu
checking target system type... x86_64-pc-linux-gnu
Loading: 1490 packages loaded
checking for pkg-config... /usr/bin/pkg-config
checking pkg-config is at least version 0.9.0... yes
checking for cc... cc
checking whether the C compiler works... yes
checking for C compiler default output file name... a.out
checking for suffix of executables... 
checking whether we are cross compiling... no
checking for suffix of object files... o
checking whether the compiler supports GNU C... yes
checking whether cc accepts -g... yes
checking for cc option to enable C11 features... none needed
checking how to run the C preprocessor... cc -E
checking for icc... no
checking for suncc... no
checking how to run the C preprocessor... cc -E
checking for stdio.h... yes
checking for stdlib.h... yes
Loading: 1492 packages loaded
checking for string.h... yes
checking for inttypes.h... yes
checking for stdint.h... yes
checking for strings.h... yes
checking for sys/stat.h... yes
checking for sys/types.h... yes
checking for unistd.h... yes
checking for wchar.h... yes
checking for minix/config.h... no
checking whether it is safe to define __EXTENSIONS__... yes
Loading: 1509 packages loaded
    currently loading: @csharp_compiler//
checking whether _XOPEN_SOURCE should be defined... no
checking whether ln -s works... yes
checking for system library directory... lib
checking whether to enable runpaths... yes
checking if compiler supports -Wl,-rpath,... yes
checking for gawk... gawk
checking for bison... bison
checking for bison version... 3.8.2 (ok)
checking for re2c... re2c
checking for re2c version... 3.0 (ok)
checking for php... no
checking whether to enable computed goto gcc extension with re2c... no
checking whether C compiler accepts -fvisibility=hidden... yes
checking whether to force non-PIC code in shared modules... no
checking whether we are using musl libc... no
checking whether /dev/urandom exists... yes
checking for global register variables support... yes
checking whether __cpuid_count is available... yes
checking for pthreads_cflags... -pthread
checking for pthreads_lib... pthread

Configuring SAPI modules
checking for Apache 2 handler module support via DSO through APXS... no
checking for setproctitle... no
checking for sys/pstat.h... no
checking for PS_STRINGS... no
checking for CLI build... yes
checking for embedded SAPI library support... no
checking for FPM build... no
checking for clang fuzzer SAPI... no
checking for LiteSpeed support... no
checking for phpdbg support... yes
checking for phpdbg debug build... no
checking for phpdbg readline support... no
checking whether termios.h defines TIOCGWINSZ... no
Loading: 1512 packages loaded
checking whether sys/ioctl.h defines TIOCGWINSZ... yes
checking for phpdbg and readline integration... disabled
checking for CGI build... yes
checking for sun_len in sys/un.h... no
checking whether cross-process locking is required by accept()... no
checking for chosen SAPI module... none
checking for executable SAPI binaries...  cli phpdbg cgi

Running system checks
checking for sendmail... /usr/sbin/sendmail
checking whether system uses EBCDIC... no
checking whether byte ordering is bigendian... no
checking whether writing to stdout works... This is the test message -- yes
checking for socket... yes
checking for socketpair... yes
checking for htonl... yes
checking for gethostname... yes
checking for gethostbyaddr... yes
checking for dlopen... yes
checking for dlsym... yes
checking for sin in -lm... yes
Loading: 1514 packages loaded
checking for inet_aton... yes
checking for stdint.h... (cached) yes
checking for dirent.h... yes
checking for sys/param.h... yes
checking for sys/types.h... (cached) yes
checking for sys/time.h... yes
checking for netinet/in.h... yes
checking for alloca.h... yes
checking for arpa/inet.h... yes
checking for arpa/nameser.h... yes
checking for crypt.h... yes
checking for dns.h... no
checking for fcntl.h... yes
checking for grp.h... yes
checking for ieeefp.h... no
checking for langinfo.h... yes
Loading: 1515 packages loaded
checking for malloc.h... yes
checking for poll.h... yes
checking for pty.h... yes
checking for pwd.h... yes
checking for resolv.h... yes
checking for strings.h... (cached) yes
checking for syslog.h... yes
checking for sysexits.h... yes
checking for sys/ioctl.h... yes
checking for sys/file.h... yes
checking for sys/mman.h... yes
checking for sys/mount.h... yes
checking for sys/poll.h... yes
checking for sys/resource.h... yes
checking for sys/select.h... yes
checking for sys/socket.h... yes
checking for sys/stat.h... (cached) yes
checking for sys/statfs.h... yes
checking for sys/statvfs.h... yes
checking for sys/vfs.h... yes
checking for sys/sysexits.h... no
checking for sys/uio.h... yes
checking for sys/wait.h... yes
checking for sys/loadavg.h... no
checking for unistd.h... (cached) yes
checking for unix.h... no
checking for utime.h... yes
checking for sys/utsname.h... yes
checking for sys/ipc.h... yes
checking for dlfcn.h... yes
checking for tmmintrin.h... yes
checking for nmmintrin.h... yes
checking for wmmintrin.h... yes
checking for immintrin.h... yes
checking for fopencookie... yes
checking for broken getcwd... no
checking for broken gcc optimize-strlen... no
checking whether struct tm is in sys/time.h or time.h... time.h
checking for cc options needed to detect all undeclared functions... none needed
checking for struct tm.tm_zone... yes
Loading: 1516 packages loaded
checking for missing declarations of reentrant functions... done
checking for fclose declaration... ok
checking for struct flock... yes
checking for socklen_t... yes
checking size of intmax_t... 8
checking size of ssize_t... 8
checking size of ptrdiff_t... 8
checking size of short... 2
checking size of int... 4
checking size of long... 8
checking size of long long... 8
checking size of size_t... 8
checking size of off_t... 8
checking for int8_t... yes
checking for int16_t... yes
checking for int32_t... yes
checking for int64_t... yes
checking for uint8_t... yes
checking for uint16_t... yes
checking for uint32_t... yes
checking for uint64_t... yes
checking for __builtin_expect... yes
checking for __builtin_clz... yes
checking for __builtin_clzl... yes
checking for __builtin_clzll... yes
checking for __builtin_ctzl... yes
checking for __builtin_ctzll... yes
checking for __builtin_smull_overflow... yes
checking for __builtin_smulll_overflow... yes
checking for __builtin_saddl_overflow... yes
checking for __builtin_saddll_overflow... yes
checking for __builtin_ssubl_overflow... yes
checking for __builtin_ssubll_overflow... yes
checking for __builtin_cpu_init... yes
checking for __builtin_cpu_supports... yes
checking whether the compiler supports __alignof__... yes
checking for struct tm.tm_gmtoff... yes
checking for struct stat.st_blksize... yes
checking for struct stat.st_rdev... yes
checking for struct stat.st_blocks... yes
checking for size_t... yes
checking for uid_t in sys/types.h... yes
checking for struct sockaddr_storage... yes
checking for field sa_len in struct sockaddr... no
checking for __attribute__((ifunc))... yes
checking for __attribute__((target))... yes
checking for IPv6 support... yes
checking for alphasort... yes
checking for asctime_r... yes
checking for chroot... yes
checking for ctime_r... yes
checking for explicit_memset... no
checking for fdatasync... yes
checking for flock... yes
checking for ftok... yes
checking for funopen... no
checking for gai_strerror... yes
checking for getcwd... yes
checking for getloadavg... yes
checking for getlogin... yes
checking for getprotobyname... yes
checking for getprotobynumber... yes
checking for getservbyname... yes
checking for getservbyport... yes
checking for getrusage... yes
checking for gettimeofday... yes
checking for gmtime_r... yes
checking for getpwnam_r... yes
checking for getgrnam_r... yes
checking for getpwuid_r... yes
checking for getwd... yes
checking for glob... yes
checking for inet_ntoa... yes
checking for inet_ntop... yes
checking for inet_pton... yes
checking for localtime_r... yes
checking for lchown... yes
checking for memmove... yes
Loading: 1516 packages loaded
checking for mkstemp... yes
checking for mmap... yes
checking for nice... yes
checking for nl_langinfo... yes
checking for poll... yes
checking for putenv... yes
checking for scandir... yes
checking for setitimer... yes
checking for setenv... yes
Loading: 1560 packages loaded
checking for shutdown... yes
checking for sigprocmask... yes
checking for statfs... yes
checking for statvfs... yes
checking for std_syslog... no
checking for strcasecmp... yes
checking for strnlen... yes
checking for strptime... yes
checking for strtok_r... yes
checking for symlink... yes
checking for tzset... yes
checking for unsetenv... yes
checking for usleep... yes
checking for utime... yes
checking for vasprintf... yes
checking for asprintf... yes
Loading: 1702 packages loaded
checking for nanosleep... yes
checking for memmem... yes
checking how many arguments gethostbyname_r() takes... six
checking for nanosleep in -lrt... yes
checking for setsockopt in -lnetwork... no
checking for __setsockopt in -lnetwork... no
Loading: 1713 packages loaded
checking for getaddrinfo... yes
checking for strlcat... no
checking for strlcpy... no
checking for explicit_bzero... yes
checking for getopt... yes
checking for working alloca.h... yes
checking for alloca... yes
checking for type of reentrant time-related functions... POSIX
checking for in_addr_t... yes
checking for aarch64 CRC32 API... no
checking for asm goto... yes
checking whether to enable valgrind support... yes
checking for valgrind... yes
checking for openpty... yes

General settings
checking whether to include gcov symbols... no
checking whether to include debugging symbols... no
checking whether to enable debug assertions in release mode... no
checking whether to dlopen extensions with RTLD_NOW instead of RTLD_LAZY... no
checking layout of installed files... PHP
checking path to configuration file... DEFAULT
checking where to scan for configuration files... 
checking whether to enable PHP's own SIGCHLD handler... no
checking whether to explicitly link against libgcc... no
checking whether to enable short tags by default... yes
checking whether to enable dmalloc... no
checking whether to enable IPv6 support... yes
checking whether to enable DTrace support... no
checking how big to make fd sets... using system default

Configuring extensions
checking for io.h... no
checking for strtoll... yes
checking for atoll... yes
checking whether to build with LIBXML support... yes
checking for libxml-2.0 >= 2.9.0... yes
checking for OpenSSL support... yes
checking for Kerberos support... no
checking whether to use system default cipher list instead of hardcoded value... no
checking for openssl >= 1.0.2... no
configure: error: Package requirements (openssl >= 1.0.2) were not met:

No package 'openssl' found

Consider adjusting the PKG_CONFIG_PATH environment variable if you
installed software in a non-standard prefix.

Alternatively, you may set the environment variables OPENSSL_CFLAGS
and OPENSSL_LIBS to avoid the need to call pkg-config.
See the pkg-config man page for more details.
Loading: 1713 packages loaded
make: *** No targets specified and no makefile found.  Stop.
make: *** No rule to make target 'install'.  Stop.
Loading: 1713 packages loaded
INFO: Repository php_gapic_generator_composer_install instantiated at:
  /data/h445xu/repo/bazel-repos/cloned_repos/googleapis__googleapis/WORKSPACE:453:33: in <toplevel>
  /data/h445xu/.cache/bazel/_bazel_hongxu/19ee6548ec2ebfc74c23084063daa841/external/gapic_generator_php/repositories.bzl:38:10: in gapic_generator_php_repositories
  /data/h445xu/.cache/bazel/_bazel_hongxu/19ee6548ec2ebfc74c23084063daa841/external/bazel_tools/tools/build_defs/repo/utils.bzl:233:18: in maybe
Repository rule php_composer_install defined at:
  /data/h445xu/.cache/bazel/_bazel_hongxu/19ee6548ec2ebfc74c23084063daa841/external/gapic_generator_php/rules_php_gapic/php_repo.bzl:130:39: in <toplevel>
ERROR: An error occurred during the fetch of repository 'php_gapic_generator_composer_install':
   Traceback (most recent call last):
	File "/data/h445xu/.cache/bazel/_bazel_hongxu/19ee6548ec2ebfc74c23084063daa841/external/gapic_generator_php/rules_php_gapic/php_repo.bzl", line 125, column 24, in _php_composer_install_impl
		php_path = ctx.path(ctx.attr.php)
Error in path: Not a regular file: /data/h445xu/.cache/bazel/_bazel_hongxu/19ee6548ec2ebfc74c23084063daa841/external/php_micro/bin/php
ERROR: /data/h445xu/repo/bazel-repos/cloned_repos/googleapis__googleapis/WORKSPACE:453:33: fetching php_composer_install rule //external:php_gapic_generator_composer_install: Traceback (most recent call last):
	File "/data/h445xu/.cache/bazel/_bazel_hongxu/19ee6548ec2ebfc74c23084063daa841/external/gapic_generator_php/rules_php_gapic/php_repo.bzl", line 125, column 24, in _php_composer_install_impl
		php_path = ctx.path(ctx.attr.php)
Error in path: Not a regular file: /data/h445xu/.cache/bazel/_bazel_hongxu/19ee6548ec2ebfc74c23084063daa841/external/php_micro/bin/php
ERROR: /data/h445xu/.cache/bazel/_bazel_hongxu/19ee6548ec2ebfc74c23084063daa841/external/gapic_generator_php/rules_php_gapic/BUILD.bazel:25:11: every rule of type php_binary implicitly depends upon the target '@php_micro//:bin/php', but this target could not be found because of: no such target '@php_micro//:bin/php': target 'bin/php' not declared in package '' defined by /data/h445xu/.cache/bazel/_bazel_hongxu/19ee6548ec2ebfc74c23084063daa841/external/php_micro/BUILD.bazel (Tip: use `query "@php_micro//:*"` to see all the targets in that package)
ERROR: /data/h445xu/.cache/bazel/_bazel_hongxu/19ee6548ec2ebfc74c23084063daa841/external/gapic_generator_php/rules_php_gapic/BUILD.bazel:17:11: every rule of type php_binary implicitly depends upon the target '@php_micro//:bin/php', but this target could not be found because of: no such target '@php_micro//:bin/php': target 'bin/php' not declared in package '' defined by /data/h445xu/.cache/bazel/_bazel_hongxu/19ee6548ec2ebfc74c23084063daa841/external/php_micro/BUILD.bazel (Tip: use `query "@php_micro//:*"` to see all the targets in that package)
ERROR: /data/h445xu/.cache/bazel/_bazel_hongxu/19ee6548ec2ebfc74c23084063daa841/external/gapic_generator_php/rules_php_gapic/BUILD.bazel:17:11: no such package '@php_gapic_generator_composer_install//': Not a regular file: /data/h445xu/.cache/bazel/_bazel_hongxu/19ee6548ec2ebfc74c23084063daa841/external/php_micro/bin/php and referenced by '@gapic_generator_php//rules_php_gapic:php_gapic_generator_binary'
ERROR: /data/h445xu/.cache/bazel/_bazel_hongxu/19ee6548ec2ebfc74c23084063daa841/external/gapic_generator_php/rules_php_gapic/BUILD.bazel:25:11: no such package '@php_gapic_generator_composer_install//': Not a regular file: /data/h445xu/.cache/bazel/_bazel_hongxu/19ee6548ec2ebfc74c23084063daa841/external/php_micro/bin/php and referenced by '@gapic_generator_php//rules_php_gapic:php_post_processor_binary'
Loading: 1720 packages loaded
    currently loading: @org_golang_google_api//internal
Loading: 1792 packages loaded
Loading: 1800 packages loaded
Loading: 1800 packages loaded
Loading: 1802 packages loaded
WARNING: --keep_going specified, ignoring errors. Results may be inaccurate
Read 0 lines from bazel query output...
Read 1000 lines from bazel query output...
Read 2000 lines from bazel query output...
Read 3000 lines from bazel query output...
Read 4000 lines from bazel query output...
Read 5000 lines from bazel query output...
Read 6000 lines from bazel query output...
Read 7000 lines from bazel query output...
Read 8000 lines from bazel query output...
Read 9000 lines from bazel query output...
Read 10000 lines from bazel query output...
Read 11000 lines from bazel query output...
Read 12000 lines from bazel query output...
Read 13000 lines from bazel query output...
Read 14000 lines from bazel query output...
Read 15000 lines from bazel query output...
Read 16000 lines from bazel query output...
Read 17000 lines from bazel query output...
Read 18000 lines from bazel query output...
Read 19000 lines from bazel query output...
Read 20000 lines from bazel query output...
Read 21000 lines from bazel query output...
Read 22000 lines from bazel query output...
Read 23000 lines from bazel query output...
Read 24000 lines from bazel query output...
Read 25000 lines from bazel query output...
Read 26000 lines from bazel query output...
Read 27000 lines from bazel query output...
Read 28000 lines from bazel query output...
Read 29000 lines from bazel query output...
Read 30000 lines from bazel query output...
Read 31000 lines from bazel query output...
Read 32000 lines from bazel query output...
Read 33000 lines from bazel query output...
Read 34000 lines from bazel query output...
Read 35000 lines from bazel query output...
Read 36000 lines from bazel query output...
Read 37000 lines from bazel query output...
Read 38000 lines from bazel query output...
Read 39000 lines from bazel query output...
Read 40000 lines from bazel query output...
Read 41000 lines from bazel query output...
Read 42000 lines from bazel query output...
Read 43000 lines from bazel query output...
Read 44000 lines from bazel query output...
Read 45000 lines from bazel query output...
Read 46000 lines from bazel query output...
Read 47000 lines from bazel query output...
Read 48000 lines from bazel query output...
Read 49000 lines from bazel query output...
Read 50000 lines from bazel query output...
Read 51000 lines from bazel query output...
Read 52000 lines from bazel query output...
Read 53000 lines from bazel query output...
Read 54000 lines from bazel query output...
Read 55000 lines from bazel query output...
Read 56000 lines from bazel query output...
Read 57000 lines from bazel query output...
Read 58000 lines from bazel query output...
Read 59000 lines from bazel query output...
Read 60000 lines from bazel query output...
Read 61000 lines from bazel query output...
Read 62000 lines from bazel query output...
Read 63000 lines from bazel query output...
Read 64000 lines from bazel query output...
Read 65000 lines from bazel query output...
Read 66000 lines from bazel query output...
Read 67000 lines from bazel query output...
Read 68000 lines from bazel query output...
Read 69000 lines from bazel query output...
Read 70000 lines from bazel query output...
Read 71000 lines from bazel query output...
Read 72000 lines from bazel query output...
Read 73000 lines from bazel query output...
Read 74000 lines from bazel query output...
Read 75000 lines from bazel query output...
Read 76000 lines from bazel query output...
Read 77000 lines from bazel query output...
Read 78000 lines from bazel query output...
Read 79000 lines from bazel query output...
Read 80000 lines from bazel query output...
Read 81000 lines from bazel query output...
Read 82000 lines from bazel query output...
Read 83000 lines from bazel query output...
Read 84000 lines from bazel query output...
Read 85000 lines from bazel query output...
Read 86000 lines from bazel query output...
Read 87000 lines from bazel query output...
Read 88000 lines from bazel query output...
Read 89000 lines from bazel query output...
Read 90000 lines from bazel query output...
Read 91000 lines from bazel query output...
Read 92000 lines from bazel query output...
Read 93000 lines from bazel query output...
Read 94000 lines from bazel query output...
Read 95000 lines from bazel query output...
Read 96000 lines from bazel query output...
Read 97000 lines from bazel query output...
Read 98000 lines from bazel query output...
Read 99000 lines from bazel query output...
Read 100000 lines from bazel query output...
Read 101000 lines from bazel query output...
Read 102000 lines from bazel query output...
Read 103000 lines from bazel query output...
Read 104000 lines from bazel query output...
Read 105000 lines from bazel query output...
Read 106000 lines from bazel query output...
Read 107000 lines from bazel query output...
Read 108000 lines from bazel query output...
Read 109000 lines from bazel query output...
Read 110000 lines from bazel query output...
Read 111000 lines from bazel query output...
Read 112000 lines from bazel query output...
Read 113000 lines from bazel query output...
Read 114000 lines from bazel query output...
Read 115000 lines from bazel query output...
Read 116000 lines from bazel query output...
Read 117000 lines from bazel query output...
Read 118000 lines from bazel query output...
Read 119000 lines from bazel query output...
Read 120000 lines from bazel query output...
Read 121000 lines from bazel query output...
Read 122000 lines from bazel query output...
Read 123000 lines from bazel query output...
Read 124000 lines from bazel query output...
Read 125000 lines from bazel query output...
Read 126000 lines from bazel query output...
Read 127000 lines from bazel query output...
Read 128000 lines from bazel query output...
Read 129000 lines from bazel query output...
Read 130000 lines from bazel query output...
Read 131000 lines from bazel query output...
Read 132000 lines from bazel query output...
Read 133000 lines from bazel query output...
Read 134000 lines from bazel query output...
Read 135000 lines from bazel query output...
Read 136000 lines from bazel query output...
Read 137000 lines from bazel query output...
Read 138000 lines from bazel query output...
Read 139000 lines from bazel query output...
Read 140000 lines from bazel query output...
Read 141000 lines from bazel query output...
Read 142000 lines from bazel query output...
Read 143000 lines from bazel query output...
Read 144000 lines from bazel query output...
Read 145000 lines from bazel query output...
Read 146000 lines from bazel query output...
Read 147000 lines from bazel query output...
Read 148000 lines from bazel query output...
Read 149000 lines from bazel query output...
Read 150000 lines from bazel query output...
Read 151000 lines from bazel query output...
Read 152000 lines from bazel query output...
Read 153000 lines from bazel query output...
Read 154000 lines from bazel query output...
Read 155000 lines from bazel query output...
Read 156000 lines from bazel query output...
Read 157000 lines from bazel query output...
Read 158000 lines from bazel query output...
Read 159000 lines from bazel query output...
Read 160000 lines from bazel query output...
Read 161000 lines from bazel query output...
Read 162000 lines from bazel query output...
Read 163000 lines from bazel query output...
Read 164000 lines from bazel query output...
Read 165000 lines from bazel query output...
Read 166000 lines from bazel query output...
Read 167000 lines from bazel query output...
Read 168000 lines from bazel query output...
Read 169000 lines from bazel query output...
Read 170000 lines from bazel query output...
Read 171000 lines from bazel query output...
Read 172000 lines from bazel query output...
Read 173000 lines from bazel query output...
Read 174000 lines from bazel query output...
Read 175000 lines from bazel query output...
Read 176000 lines from bazel query output...
Read 177000 lines from bazel query output...
Read 178000 lines from bazel query output...
Read 179000 lines from bazel query output...
Read 180000 lines from bazel query output...
Read 181000 lines from bazel query output...
Read 182000 lines from bazel query output...
Read 183000 lines from bazel query output...
Read 184000 lines from bazel query output...
Read 185000 lines from bazel query output...
Read 186000 lines from bazel query output...
Read 187000 lines from bazel query output...
Read 188000 lines from bazel query output...
Read 189000 lines from bazel query output...
Read 190000 lines from bazel query output...
Read 191000 lines from bazel query output...
Read 192000 lines from bazel query output...
Read 193000 lines from bazel query output...
Read 194000 lines from bazel query output...
Read 195000 lines from bazel query output...
Read 196000 lines from bazel query output...
Read 197000 lines from bazel query output...
Read 198000 lines from bazel query output...
Read 199000 lines from bazel query output...
Read 200000 lines from bazel query output...
Read 201000 lines from bazel query output...
Read 202000 lines from bazel query output...
Read 203000 lines from bazel query output...
Read 204000 lines from bazel query output...
Read 205000 lines from bazel query output...
Read 206000 lines from bazel query output...
Read 207000 lines from bazel query output...
Read 208000 lines from bazel query output...
Read 209000 lines from bazel query output...
Read 210000 lines from bazel query output...
Read 211000 lines from bazel query output...
Read 212000 lines from bazel query output...
Read 213000 lines from bazel query output...
Read 214000 lines from bazel query output...
Read 215000 lines from bazel query output...
Read 216000 lines from bazel query output...
Read 217000 lines from bazel query output...
Read 218000 lines from bazel query output...
Read 219000 lines from bazel query output...
Read 220000 lines from bazel query output...
Read 221000 lines from bazel query output...
Read 222000 lines from bazel query output...
Read 223000 lines from bazel query output...
Read 224000 lines from bazel query output...
Read 225000 lines from bazel query output...
Read 226000 lines from bazel query output...
Read 227000 lines from bazel query output...
Read 228000 lines from bazel query output...
Read 229000 lines from bazel query output...
Read 230000 lines from bazel query output...
Read 231000 lines from bazel query output...
Read 232000 lines from bazel query output...
Read 233000 lines from bazel query output...
Read 234000 lines from bazel query output...
Read 235000 lines from bazel query output...
Read 236000 lines from bazel query output...
Read 237000 lines from bazel query output...
Read 238000 lines from bazel query output...
Read 239000 lines from bazel query output...
Read 240000 lines from bazel query output...
Read 241000 lines from bazel query output...
Read 242000 lines from bazel query output...
Read 243000 lines from bazel query output...
Read 244000 lines from bazel query output...
Read 245000 lines from bazel query output...
Read 246000 lines from bazel query output...
Read 247000 lines from bazel query output...
Read 248000 lines from bazel query output...
Read 249000 lines from bazel query output...
Read 250000 lines from bazel query output...
Read 251000 lines from bazel query output...
Read 252000 lines from bazel query output...
Read 253000 lines from bazel query output...
Read 254000 lines from bazel query output...
Read 255000 lines from bazel query output...
Read 256000 lines from bazel query output...
Read 257000 lines from bazel query output...
Read 258000 lines from bazel query output...
Read 259000 lines from bazel query output...
Read 260000 lines from bazel query output...
Read 261000 lines from bazel query output...
Read 262000 lines from bazel query output...
Read 263000 lines from bazel query output...
Read 264000 lines from bazel query output...
Read 265000 lines from bazel query output...
Read 266000 lines from bazel query output...
Read 267000 lines from bazel query output...
Read 268000 lines from bazel query output...
Read 269000 lines from bazel query output...
Read 270000 lines from bazel query output...
Read 271000 lines from bazel query output...
Read 272000 lines from bazel query output...
Read 273000 lines from bazel query output...
Read 274000 lines from bazel query output...
Read 275000 lines from bazel query output...
Read 276000 lines from bazel query output...
Read 277000 lines from bazel query output...
Read 278000 lines from bazel query output...
Read 279000 lines from bazel query output...
Read 280000 lines from bazel query output...
Read 281000 lines from bazel query output...
Read 282000 lines from bazel query output...
Read 283000 lines from bazel query output...
Read 284000 lines from bazel query output...
Read 285000 lines from bazel query output...
Read 286000 lines from bazel query output...
Read 287000 lines from bazel query output...
Read 288000 lines from bazel query output...
Read 289000 lines from bazel query output...
Read 290000 lines from bazel query output...
Read 291000 lines from bazel query output...
Read 292000 lines from bazel query output...
Read 293000 lines from bazel query output...
Read 294000 lines from bazel query output...
Read 295000 lines from bazel query output...
Read 296000 lines from bazel query output...
Read 297000 lines from bazel query output...
Read 298000 lines from bazel query output...
Read 299000 lines from bazel query output...
Read 300000 lines from bazel query output...
Read 301000 lines from bazel query output...
Read 302000 lines from bazel query output...
Read 303000 lines from bazel query output...
Read 304000 lines from bazel query output...
Read 305000 lines from bazel query output...
Read 306000 lines from bazel query output...
Read 307000 lines from bazel query output...
Read 308000 lines from bazel query output...
Read 309000 lines from bazel query output...
Read 310000 lines from bazel query output...
Read 311000 lines from bazel query output...
Read 312000 lines from bazel query output...
Read 313000 lines from bazel query output...
Read 314000 lines from bazel query output...
Read 315000 lines from bazel query output...
Read 316000 lines from bazel query output...
Read 317000 lines from bazel query output...
Read 318000 lines from bazel query output...
Read 319000 lines from bazel query output...
Read 320000 lines from bazel query output...
Read 321000 lines from bazel query output...
Read 322000 lines from bazel query output...
Read 323000 lines from bazel query output...
Read 324000 lines from bazel query output...
Read 325000 lines from bazel query output...
Read 326000 lines from bazel query output...
Read 327000 lines from bazel query output...
Read 328000 lines from bazel query output...
Read 329000 lines from bazel query output...
Read 330000 lines from bazel query output...
Read 331000 lines from bazel query output...
Read 332000 lines from bazel query output...
Read 333000 lines from bazel query output...
Read 334000 lines from bazel query output...
Read 335000 lines from bazel query output...
Read 336000 lines from bazel query output...
Read 337000 lines from bazel query output...
Read 338000 lines from bazel query output...
Read 339000 lines from bazel query output...
Read 340000 lines from bazel query output...
Read 341000 lines from bazel query output...
Read 342000 lines from bazel query output...
Read 343000 lines from bazel query output...
Read 344000 lines from bazel query output...
Read 345000 lines from bazel query output...
Read 346000 lines from bazel query output...
Read 347000 lines from bazel query output...
Read 348000 lines from bazel query output...
Read 349000 lines from bazel query output...
Read 350000 lines from bazel query output...
Read 351000 lines from bazel query output...
Read 352000 lines from bazel query output...
Read 353000 lines from bazel query output...
Read 354000 lines from bazel query output...
Read 355000 lines from bazel query output...
Read 356000 lines from bazel query output...
Read 357000 lines from bazel query output...
Read 358000 lines from bazel query output...
Read 359000 lines from bazel query output...
Read 360000 lines from bazel query output...
Read 361000 lines from bazel query output...
Read 362000 lines from bazel query output...
Read 363000 lines from bazel query output...
Read 364000 lines from bazel query output...
Read 365000 lines from bazel query output...
Read 366000 lines from bazel query output...
Read 367000 lines from bazel query output...
Read 368000 lines from bazel query output...
Read 369000 lines from bazel query output...
Read 370000 lines from bazel query output...
Read 371000 lines from bazel query output...
Read 372000 lines from bazel query output...
Read 373000 lines from bazel query output...
Read 374000 lines from bazel query output...
Read 375000 lines from bazel query output...
Read 376000 lines from bazel query output...
Read 377000 lines from bazel query output...
Read 378000 lines from bazel query output...
Read 379000 lines from bazel query output...
Read 380000 lines from bazel query output...
Read 381000 lines from bazel query output...
Read 382000 lines from bazel query output...
Read 383000 lines from bazel query output...
Read 384000 lines from bazel query output...
Read 385000 lines from bazel query output...
Read 386000 lines from bazel query output...
Read 387000 lines from bazel query output...
Read 388000 lines from bazel query output...
Read 389000 lines from bazel query output...
Read 390000 lines from bazel query output...
Read 391000 lines from bazel query output...
Read 392000 lines from bazel query output...
Read 393000 lines from bazel query output...
Read 394000 lines from bazel query output...
Read 395000 lines from bazel query output...
Read 396000 lines from bazel query output...
Read 397000 lines from bazel query output...
Read 398000 lines from bazel query output...
Read 399000 lines from bazel query output...
Read 400000 lines from bazel query output...
Read 401000 lines from bazel query output...
Read 402000 lines from bazel query output...
Read 403000 lines from bazel query output...
Read 404000 lines from bazel query output...
Read 405000 lines from bazel query output...
Read 406000 lines from bazel query output...
Read 407000 lines from bazel query output...
Read 408000 lines from bazel query output...
Read 409000 lines from bazel query output...
Read 410000 lines from bazel query output...
Read 411000 lines from bazel query output...
Read 412000 lines from bazel query output...
Read 413000 lines from bazel query output...
Read 414000 lines from bazel query output...
Read 415000 lines from bazel query output...
Read 416000 lines from bazel query output...
Read 417000 lines from bazel query output...
Read 418000 lines from bazel query output...
Read 419000 lines from bazel query output...
Read 420000 lines from bazel query output...
Read 421000 lines from bazel query output...
Read 422000 lines from bazel query output...
Read 423000 lines from bazel query output...
Read 424000 lines from bazel query output...
Read 425000 lines from bazel query output...
Read 426000 lines from bazel query output...
Read 427000 lines from bazel query output...
Read 428000 lines from bazel query output...
Read 429000 lines from bazel query output...
Read 430000 lines from bazel query output...
Read 431000 lines from bazel query output...
Read 432000 lines from bazel query output...
Read 433000 lines from bazel query output...
Read 434000 lines from bazel query output...
Read 435000 lines from bazel query output...
Read 436000 lines from bazel query output...
Read 437000 lines from bazel query output...
Read 438000 lines from bazel query output...
Read 439000 lines from bazel query output...
Read 440000 lines from bazel query output...
Read 441000 lines from bazel query output...
Read 442000 lines from bazel query output...
Read 443000 lines from bazel query output...
Read 444000 lines from bazel query output...
Read 445000 lines from bazel query output...
Read 446000 lines from bazel query output...
Read 447000 lines from bazel query output...
Read 448000 lines from bazel query output...
Read 449000 lines from bazel query output...
Read 450000 lines from bazel query output...
Read 451000 lines from bazel query output...
Read 452000 lines from bazel query output...
Read 453000 lines from bazel query output...
Read 454000 lines from bazel query output...
Read 455000 lines from bazel query output...
Read 456000 lines from bazel query output...
Read 457000 lines from bazel query output...
Read 458000 lines from bazel query output...
Read 459000 lines from bazel query output...
Read 460000 lines from bazel query output...
Read 461000 lines from bazel query output...
Read 462000 lines from bazel query output...
Read 463000 lines from bazel query output...
Read 464000 lines from bazel query output...
Read 465000 lines from bazel query output...
Read 466000 lines from bazel query output...
Read 467000 lines from bazel query output...
Read 468000 lines from bazel query output...
Read 469000 lines from bazel query output...
Read 470000 lines from bazel query output...
Read 471000 lines from bazel query output...
Read 472000 lines from bazel query output...
Read 473000 lines from bazel query output...
Read 474000 lines from bazel query output...
Read 475000 lines from bazel query output...
Read 476000 lines from bazel query output...
Read 477000 lines from bazel query output...
Read 478000 lines from bazel query output...
Read 479000 lines from bazel query output...
Read 480000 lines from bazel query output...
Read 481000 lines from bazel query output...
Read 482000 lines from bazel query output...
Read 483000 lines from bazel query output...
Read 484000 lines from bazel query output...
Read 485000 lines from bazel query output...
Read 486000 lines from bazel query output...
Read 487000 lines from bazel query output...
Read 488000 lines from bazel query output...
Read 489000 lines from bazel query output...
Read 490000 lines from bazel query output...
Read 491000 lines from bazel query output...
Read 492000 lines from bazel query output...
Read 493000 lines from bazel query output...
Read 494000 lines from bazel query output...
Read 495000 lines from bazel query output...
Read 496000 lines from bazel query output...
Read 497000 lines from bazel query output...
Read 498000 lines from bazel query output...
Read 499000 lines from bazel query output...
Read 500000 lines from bazel query output...
Read 501000 lines from bazel query output...
Read 502000 lines from bazel query output...
Read 503000 lines from bazel query output...
Read 504000 lines from bazel query output...
Read 505000 lines from bazel query output...
Read 506000 lines from bazel query output...
Read 507000 lines from bazel query output...
Read 508000 lines from bazel query output...
Read 509000 lines from bazel query output...
Read 510000 lines from bazel query output...
Read 511000 lines from bazel query output...
Read 512000 lines from bazel query output...
Read 513000 lines from bazel query output...
Read 514000 lines from bazel query output...
Read 515000 lines from bazel query output...
Read 516000 lines from bazel query output...
Read 517000 lines from bazel query output...
Read 518000 lines from bazel query output...
Read 519000 lines from bazel query output...
Read 520000 lines from bazel query output...
Read 521000 lines from bazel query output...
Read 522000 lines from bazel query output...
Read 523000 lines from bazel query output...
Read 524000 lines from bazel query output...
Read 525000 lines from bazel query output...
Read 526000 lines from bazel query output...
Read 527000 lines from bazel query output...
Read 528000 lines from bazel query output...
Read 529000 lines from bazel query output...
Read 530000 lines from bazel query output...
Read 531000 lines from bazel query output...
Read 532000 lines from bazel query output...
Read 533000 lines from bazel query output...
Read 534000 lines from bazel query output...
Read 535000 lines from bazel query output...
Read 536000 lines from bazel query output...
Read 537000 lines from bazel query output...
Read 538000 lines from bazel query output...
Read 539000 lines from bazel query output...
Read 540000 lines from bazel query output...
Read 541000 lines from bazel query output...
Read 542000 lines from bazel query output...
Read 543000 lines from bazel query output...
Read 544000 lines from bazel query output...
Read 545000 lines from bazel query output...
Read 546000 lines from bazel query output...
Read 547000 lines from bazel query output...
Read 548000 lines from bazel query output...
Read 549000 lines from bazel query output...
Read 550000 lines from bazel query output...
Read 551000 lines from bazel query output...
Read 552000 lines from bazel query output...
Read 553000 lines from bazel query output...
Read 554000 lines from bazel query output...
Read 555000 lines from bazel query output...
Read 556000 lines from bazel query output...
Read 557000 lines from bazel query output...
Read 558000 lines from bazel query output...
Read 559000 lines from bazel query output...
Read 560000 lines from bazel query output...
Read 561000 lines from bazel query output...
Read 562000 lines from bazel query output...
Read 563000 lines from bazel query output...
Read 564000 lines from bazel query output...
Read 565000 lines from bazel query output...
Read 566000 lines from bazel query output...
Read 567000 lines from bazel query output...
Read 568000 lines from bazel query output...
Read 569000 lines from bazel query output...
Read 570000 lines from bazel query output...
Read 571000 lines from bazel query output...
Read 572000 lines from bazel query output...
Read 573000 lines from bazel query output...
Read 574000 lines from bazel query output...
Read 575000 lines from bazel query output...
Read 576000 lines from bazel query output...
Read 577000 lines from bazel query output...
Read 578000 lines from bazel query output...
Read 579000 lines from bazel query output...
Read 580000 lines from bazel query output...
Read 581000 lines from bazel query output...
Read 582000 lines from bazel query output...
Read 583000 lines from bazel query output...
Read 584000 lines from bazel query output...
Read 585000 lines from bazel query output...
Read 586000 lines from bazel query output...
Read 587000 lines from bazel query output...
Read 588000 lines from bazel query output...
Read 589000 lines from bazel query output...
Read 590000 lines from bazel query output...
Read 591000 lines from bazel query output...
Read 592000 lines from bazel query output...
Read 593000 lines from bazel query output...
Read 594000 lines from bazel query output...
Read 595000 lines from bazel query output...
Read 596000 lines from bazel query output...
Read 597000 lines from bazel query output...
Read 598000 lines from bazel query output...
Read 599000 lines from bazel query output...
Read 600000 lines from bazel query output...
Read 601000 lines from bazel query output...
Read 602000 lines from bazel query output...
Read 603000 lines from bazel query output...
Read 604000 lines from bazel query output...
Read 605000 lines from bazel query output...
Read 606000 lines from bazel query output...
Read 607000 lines from bazel query output...
Read 608000 lines from bazel query output...
Read 609000 lines from bazel query output...
Read 610000 lines from bazel query output...
Read 611000 lines from bazel query output...
Read 612000 lines from bazel query output...
Read 613000 lines from bazel query output...
Read 614000 lines from bazel query output...
Read 615000 lines from bazel query output...
Read 616000 lines from bazel query output...
Read 617000 lines from bazel query output...
Read 618000 lines from bazel query output...
Read 619000 lines from bazel query output...
Read 620000 lines from bazel query output...
Read 621000 lines from bazel query output...
Read 622000 lines from bazel query output...
Read 623000 lines from bazel query output...
Read 624000 lines from bazel query output...
Read 625000 lines from bazel query output...
Read 626000 lines from bazel query output...
Read 627000 lines from bazel query output...
Read 628000 lines from bazel query output...
Read 629000 lines from bazel query output...
Read 630000 lines from bazel query output...
Read 631000 lines from bazel query output...
Read 632000 lines from bazel query output...
Read 633000 lines from bazel query output...
Read 634000 lines from bazel query output...
Read 635000 lines from bazel query output...
Read 636000 lines from bazel query output...
Read 637000 lines from bazel query output...
Read 638000 lines from bazel query output...
Read 639000 lines from bazel query output...
Read 640000 lines from bazel query output...
Read 641000 lines from bazel query output...
Read 642000 lines from bazel query output...
Read 643000 lines from bazel query output...
Read 644000 lines from bazel query output...
Read 645000 lines from bazel query output...
Read 646000 lines from bazel query output...
Read 647000 lines from bazel query output...
Read 648000 lines from bazel query output...
Read 649000 lines from bazel query output...
Read 650000 lines from bazel query output...
Read 651000 lines from bazel query output...
Read 652000 lines from bazel query output...
Read 653000 lines from bazel query output...
Read 654000 lines from bazel query output...
Read 655000 lines from bazel query output...
Read 656000 lines from bazel query output...
Read 657000 lines from bazel query output...
Read 658000 lines from bazel query output...
Read 659000 lines from bazel query output...
Read 660000 lines from bazel query output...
Read 661000 lines from bazel query output...
Read 662000 lines from bazel query output...
Read 663000 lines from bazel query output...
Read 664000 lines from bazel query output...
Read 665000 lines from bazel query output...
Read 666000 lines from bazel query output...
Read 667000 lines from bazel query output...
Read 668000 lines from bazel query output...
Read 669000 lines from bazel query output...
Read 670000 lines from bazel query output...
Read 671000 lines from bazel query output...
Read 672000 lines from bazel query output...
Read 673000 lines from bazel query output...
Read 674000 lines from bazel query output...
Read 675000 lines from bazel query output...
Read 676000 lines from bazel query output...
Read 677000 lines from bazel query output...
Read 678000 lines from bazel query output...
Read 679000 lines from bazel query output...
Read 680000 lines from bazel query output...
Read 681000 lines from bazel query output...
Read 682000 lines from bazel query output...
Read 683000 lines from bazel query output...
Read 684000 lines from bazel query output...
Read 685000 lines from bazel query output...
Read 686000 lines from bazel query output...
Read 687000 lines from bazel query output...
Read 688000 lines from bazel query output...
Read 689000 lines from bazel query output...
Read 690000 lines from bazel query output...
Read 691000 lines from bazel query output...
Read 692000 lines from bazel query output...
Read 693000 lines from bazel query output...
Read 694000 lines from bazel query output...
Read 695000 lines from bazel query output...
Read 696000 lines from bazel query output...
Read 697000 lines from bazel query output...
Read 698000 lines from bazel query output...
Read 699000 lines from bazel query output...
Read 700000 lines from bazel query output...
Read 701000 lines from bazel query output...
Read 702000 lines from bazel query output...
Read 703000 lines from bazel query output...
Read 704000 lines from bazel query output...
Read 705000 lines from bazel query output...
Read 706000 lines from bazel query output...
Read 707000 lines from bazel query output...
Read 708000 lines from bazel query output...
Read 709000 lines from bazel query output...
Read 710000 lines from bazel query output...
Read 711000 lines from bazel query output...
Read 712000 lines from bazel query output...
Read 713000 lines from bazel query output...
Read 714000 lines from bazel query output...
Read 715000 lines from bazel query output...
Read 716000 lines from bazel query output...
Read 717000 lines from bazel query output...
Read 718000 lines from bazel query output...
Read 719000 lines from bazel query output...
Read 720000 lines from bazel query output...
Read 721000 lines from bazel query output...
Read 722000 lines from bazel query output...
Read 723000 lines from bazel query output...
Read 724000 lines from bazel query output...
Read 725000 lines from bazel query output...
Read 726000 lines from bazel query output...
Read 727000 lines from bazel query output...
Read 728000 lines from bazel query output...
Read 729000 lines from bazel query output...
Read 730000 lines from bazel query output...
Read 731000 lines from bazel query output...
Read 732000 lines from bazel query output...
Read 733000 lines from bazel query output...
Read 734000 lines from bazel query output...
Read 735000 lines from bazel query output...
Read 736000 lines from bazel query output...
Read 737000 lines from bazel query output...
Read 738000 lines from bazel query output...
Read 739000 lines from bazel query output...
Read 740000 lines from bazel query output...
Read 741000 lines from bazel query output...
Read 742000 lines from bazel query output...
Read 743000 lines from bazel query output...
Read 744000 lines from bazel query output...
Read 745000 lines from bazel query output...
Read 746000 lines from bazel query output...
Read 747000 lines from bazel query output...
Read 748000 lines from bazel query output...
Read 749000 lines from bazel query output...
Read 750000 lines from bazel query output...
Read 751000 lines from bazel query output...
Read 752000 lines from bazel query output...
Read 753000 lines from bazel query output...
Read 754000 lines from bazel query output...
Read 755000 lines from bazel query output...
Read 756000 lines from bazel query output...
Read 757000 lines from bazel query output...
Read 758000 lines from bazel query output...
Read 759000 lines from bazel query output...
Read 760000 lines from bazel query output...
Read 761000 lines from bazel query output...
Read 762000 lines from bazel query output...
Read 763000 lines from bazel query output...
Read 764000 lines from bazel query output...
Read 765000 lines from bazel query output...
Read 766000 lines from bazel query output...
Read 767000 lines from bazel query output...
Read 768000 lines from bazel query output...
Read 769000 lines from bazel query output...
Read 770000 lines from bazel query output...
Read 771000 lines from bazel query output...
Read 772000 lines from bazel query output...
Read 773000 lines from bazel query output...
Read 774000 lines from bazel query output...
Read 775000 lines from bazel query output...
Read 776000 lines from bazel query output...
Read 777000 lines from bazel query output...
Read 778000 lines from bazel query output...
Read 779000 lines from bazel query output...
Read 780000 lines from bazel query output...
Read 781000 lines from bazel query output...
Read 782000 lines from bazel query output...
Read 783000 lines from bazel query output...
Read 784000 lines from bazel query output...
Read 785000 lines from bazel query output...
Read 786000 lines from bazel query output...
Read 787000 lines from bazel query output...
Read 788000 lines from bazel query output...
Read 789000 lines from bazel query output...
Read 790000 lines from bazel query output...
Read 791000 lines from bazel query output...
Read 792000 lines from bazel query output...
Read 793000 lines from bazel query output...
Read 794000 lines from bazel query output...
Read 795000 lines from bazel query output...
Read 796000 lines from bazel query output...
Read 797000 lines from bazel query output...
Read 798000 lines from bazel query output...
Read 799000 lines from bazel query output...
Read 800000 lines from bazel query output...
Read 801000 lines from bazel query output...
Read 802000 lines from bazel query output...
Read 803000 lines from bazel query output...
Read 804000 lines from bazel query output...
Read 805000 lines from bazel query output...
Read 806000 lines from bazel query output...
Read 807000 lines from bazel query output...
Read 808000 lines from bazel query output...
Read 809000 lines from bazel query output...
Read 810000 lines from bazel query output...
Read 811000 lines from bazel query output...
Read 812000 lines from bazel query output...
Read 813000 lines from bazel query output...
Read 814000 lines from bazel query output...
Read 815000 lines from bazel query output...
Read 816000 lines from bazel query output...
Read 817000 lines from bazel query output...
Read 818000 lines from bazel query output...
Read 819000 lines from bazel query output...
Read 820000 lines from bazel query output...
Read 821000 lines from bazel query output...
Read 822000 lines from bazel query output...
Read 823000 lines from bazel query output...
Read 824000 lines from bazel query output...
Read 825000 lines from bazel query output...
Read 826000 lines from bazel query output...
Read 827000 lines from bazel query output...
Read 828000 lines from bazel query output...
Read 829000 lines from bazel query output...
Read 830000 lines from bazel query output...
Read 831000 lines from bazel query output...
Read 832000 lines from bazel query output...
Read 833000 lines from bazel query output...
Read 834000 lines from bazel query output...
Read 835000 lines from bazel query output...
Read 836000 lines from bazel query output...
Read 837000 lines from bazel query output...
Read 838000 lines from bazel query output...
Read 839000 lines from bazel query output...
Read 840000 lines from bazel query output...
Read 841000 lines from bazel query output...
Read 842000 lines from bazel query output...
Read 843000 lines from bazel query output...
Read 844000 lines from bazel query output...
Read 845000 lines from bazel query output...
Read 846000 lines from bazel query output...
Read 847000 lines from bazel query output...
Read 848000 lines from bazel query output...
Read 849000 lines from bazel query output...
Read 850000 lines from bazel query output...
Read 851000 lines from bazel query output...
Read 852000 lines from bazel query output...
Read 853000 lines from bazel query output...
Read 854000 lines from bazel query output...
Read 855000 lines from bazel query output...
Read 856000 lines from bazel query output...
Read 857000 lines from bazel query output...
Read 858000 lines from bazel query output...
Read 859000 lines from bazel query output...
Read 860000 lines from bazel query output...
Read 861000 lines from bazel query output...
Read 862000 lines from bazel query output...
Read 863000 lines from bazel query output...
Read 864000 lines from bazel query output...
Read 865000 lines from bazel query output...
Read 866000 lines from bazel query output...
Read 867000 lines from bazel query output...
Read 868000 lines from bazel query output...
Read 869000 lines from bazel query output...
Read 870000 lines from bazel query output...
Read 871000 lines from bazel query output...
Read 872000 lines from bazel query output...
Read 873000 lines from bazel query output...
Read 874000 lines from bazel query output...
Read 875000 lines from bazel query output...
Read 876000 lines from bazel query output...
Read 877000 lines from bazel query output...
Read 878000 lines from bazel query output...
Read 879000 lines from bazel query output...
Read 880000 lines from bazel query output...
Read 881000 lines from bazel query output...
Read 882000 lines from bazel query output...
Read 883000 lines from bazel query output...
Read 884000 lines from bazel query output...
Read 885000 lines from bazel query output...
Read 886000 lines from bazel query output...
Read 887000 lines from bazel query output...
Read 888000 lines from bazel query output...
Read 889000 lines from bazel query output...
Read 890000 lines from bazel query output...
Read 891000 lines from bazel query output...
Read 892000 lines from bazel query output...
Read 893000 lines from bazel query output...
Read 894000 lines from bazel query output...
Read 895000 lines from bazel query output...
Read 896000 lines from bazel query output...
Read 897000 lines from bazel query output...
Read 898000 lines from bazel query output...
Read 899000 lines from bazel query output...
Read 900000 lines from bazel query output...
Read 901000 lines from bazel query output...
Read 902000 lines from bazel query output...
Read 903000 lines from bazel query output...
Read 904000 lines from bazel query output...
Read 905000 lines from bazel query output...
Read 906000 lines from bazel query output...
Read 907000 lines from bazel query output...
Read 908000 lines from bazel query output...
Read 909000 lines from bazel query output...
Read 910000 lines from bazel query output...
Read 911000 lines from bazel query output...
Read 912000 lines from bazel query output...
Read 913000 lines from bazel query output...
Read 914000 lines from bazel query output...
Read 915000 lines from bazel query output...
Read 916000 lines from bazel query output...
Read 917000 lines from bazel query output...
Read 918000 lines from bazel query output...
Read 919000 lines from bazel query output...
Read 920000 lines from bazel query output...
Read 921000 lines from bazel query output...
Read 922000 lines from bazel query output...
Read 923000 lines from bazel query output...
Read 924000 lines from bazel query output...
Read 925000 lines from bazel query output...
Read 926000 lines from bazel query output...
Read 927000 lines from bazel query output...
Read 928000 lines from bazel query output...
Read 929000 lines from bazel query output...
Read 930000 lines from bazel query output...
Read 931000 lines from bazel query output...
Read 932000 lines from bazel query output...
Read 933000 lines from bazel query output...
Read 934000 lines from bazel query output...
Read 935000 lines from bazel query output...
Read 936000 lines from bazel query output...
Read 937000 lines from bazel query output...
Read 938000 lines from bazel query output...
Read 939000 lines from bazel query output...
Read 940000 lines from bazel query output...
Read 941000 lines from bazel query output...
Read 942000 lines from bazel query output...
Read 943000 lines from bazel query output...
Read 944000 lines from bazel query output...
Read 945000 lines from bazel query output...
Read 946000 lines from bazel query output...
Read 947000 lines from bazel query output...
Read 948000 lines from bazel query output...
Read 949000 lines from bazel query output...
Read 950000 lines from bazel query output...
Read 951000 lines from bazel query output...
Read 952000 lines from bazel query output...
Read 953000 lines from bazel query output...
Read 954000 lines from bazel query output...
Read 955000 lines from bazel query output...
Read 956000 lines from bazel query output...
Read 957000 lines from bazel query output...
Read 958000 lines from bazel query output...
Read 959000 lines from bazel query output...
Read 960000 lines from bazel query output...
Read 961000 lines from bazel query output...
Read 962000 lines from bazel query output...
Read 963000 lines from bazel query output...
Read 964000 lines from bazel query output...
Read 965000 lines from bazel query output...
Read 966000 lines from bazel query output...
Read 967000 lines from bazel query output...
Read 968000 lines from bazel query output...
Read 969000 lines from bazel query output...
Read 970000 lines from bazel query output...
Read 971000 lines from bazel query output...
Read 972000 lines from bazel query output...
Read 973000 lines from bazel query output...
Read 974000 lines from bazel query output...
Read 975000 lines from bazel query output...
Read 976000 lines from bazel query output...
Read 977000 lines from bazel query output...
Read 978000 lines from bazel query output...
Read 979000 lines from bazel query output...
Read 980000 lines from bazel query output...
Read 981000 lines from bazel query output...
Read 982000 lines from bazel query output...
Read 983000 lines from bazel query output...
Read 984000 lines from bazel query output...
Read 985000 lines from bazel query output...
Read 986000 lines from bazel query output...
Read 987000 lines from bazel query output...
Read 988000 lines from bazel query output...
Read 989000 lines from bazel query output...
Read 990000 lines from bazel query output...
Read 991000 lines from bazel query output...
Read 992000 lines from bazel query output...
Read 993000 lines from bazel query output...
Read 994000 lines from bazel query output...
Read 995000 lines from bazel query output...
Read 996000 lines from bazel query output...
Read 997000 lines from bazel query output...
Read 998000 lines from bazel query output...
Read 999000 lines from bazel query output...
Read 1000000 lines from bazel query output...
Read 1001000 lines from bazel query output...
Read 1002000 lines from bazel query output...
Read 1003000 lines from bazel query output...
Read 1004000 lines from bazel query output...
Read 1005000 lines from bazel query output...
Read 1006000 lines from bazel query output...
Read 1007000 lines from bazel query output...
Read 1008000 lines from bazel query output...
Read 1009000 lines from bazel query output...
Read 1010000 lines from bazel query output...
Read 1011000 lines from bazel query output...
Read 1012000 lines from bazel query output...
Read 1013000 lines from bazel query output...
Read 1014000 lines from bazel query output...
Read 1015000 lines from bazel query output...
Read 1016000 lines from bazel query output...
Read 1017000 lines from bazel query output...
Loading: 1802 packages loaded
