Starting local Bazel server (8.3.1) and connecting to it...
 no actions running
 no actions running
 no actions running
WARNING: For repository 'rules_java', the root module requires module version rules_java@8.6.1, but got rules_java@8.12.0 in the resolved dependency graph. Please update the version in your MODULE.bazel or set --check_direct_dependencies=off
WARNING: For repository 'rules_python', the root module requires module version rules_python@0.28.0, but got rules_python@1.0.0 in the resolved dependency graph. Please update the version in your MODULE.bazel or set --check_direct_dependencies=off
 no actions running
Loading: 0 packages loaded
Loading: 0 packages loaded
Loading: 0 packages loaded
Loading: 0 packages loaded
    currently loading: src/com/google/javascript/jscomp/instrumentation/reporter/proto ... (5 packages)
Loading: 5 packages loaded
    currently loading: @@rules_jvm_external+//private/tools/java/com/github/bazelbuild/rules_jvm_external/jar ... (10 packages)
Loading: 106 packages loaded
Loading: 179 packages loaded
WARNING: Download from https://bazel-mirror.storage.googleapis.com/repo1.maven.org/maven2/com/google/auth/google-auth-library-oauth2-http/1.23.0/google-auth-library-oauth2-http-1.23.0.jar failed: class java.io.FileNotFoundException GET returned 404 Not Found
WARNING: Download from https://bazel-mirror.storage.googleapis.com/repo1.maven.org/maven2/com/google/android/annotations/4.1.1.4/annotations-4.1.1.4.jar failed: class java.io.FileNotFoundException GET returned 404 Not Found
WARNING: Download from https://bazel-mirror.storage.googleapis.com/repo1.maven.org/maven2/com/google/auth/google-auth-library-credentials/1.23.0/google-auth-library-credentials-1.23.0.jar failed: class java.io.FileNotFoundException GET returned 404 Not Found
WARNING: Download from https://bazel-mirror.storage.googleapis.com/repo1.maven.org/maven2/org/apache/httpcomponents/httpcore/4.4.16/httpcore-4.4.16.jar failed: class java.io.FileNotFoundException GET returned 404 Not Found
WARNING: Download from https://bazel-mirror.storage.googleapis.com/repo1.maven.org/maven2/com/google/code/gson/gson/2.11.0/gson-2.11.0.jar failed: class java.io.FileNotFoundException GET returned 404 Not Found
WARNING: Download from https://bazel-mirror.storage.googleapis.com/repo1.maven.org/maven2/com/google/auto/value/auto-value/1.10.4/auto-value-1.10.4.jar failed: class java.io.FileNotFoundException GET returned 404 Not Found
WARNING: Download from https://bazel-mirror.storage.googleapis.com/repo1.maven.org/maven2/org/objenesis/objenesis/3.3/objenesis-3.3.jar failed: class java.io.FileNotFoundException GET returned 404 Not Found
WARNING: Download from https://bazel-mirror.storage.googleapis.com/repo1.maven.org/maven2/com/google/re2j/re2j/1.7/re2j-1.7.jar failed: class java.io.FileNotFoundException GET returned 404 Not Found
WARNING: Download from https://bazel-mirror.storage.googleapis.com/repo1.maven.org/maven2/com/google/protobuf/protobuf-java-util/3.25.3/protobuf-java-util-3.25.3.jar failed: class java.io.FileNotFoundException GET returned 404 Not Found
WARNING: Download from https://bazel-mirror.storage.googleapis.com/repo1.maven.org/maven2/com/google/guava/failureaccess/1.0.3/failureaccess-1.0.3.jar failed: class java.io.FileNotFoundException GET returned 404 Not Found
WARNING: Download from https://bazel-mirror.storage.googleapis.com/repo1.maven.org/maven2/com/google/guava/guava/33.4.8-jre/guava-33.4.8-jre.jar failed: class java.io.FileNotFoundException GET returned 404 Not Found
WARNING: Download from https://bazel-mirror.storage.googleapis.com/repo1.maven.org/maven2/com/fasterxml/jackson/core/jackson-core/2.17.1/jackson-core-2.17.1.jar failed: class java.io.FileNotFoundException GET returned 404 Not Found
WARNING: Download from https://bazel-mirror.storage.googleapis.com/repo1.maven.org/maven2/io/opencensus/opencensus-api/0.31.1/opencensus-api-0.31.1.jar failed: class java.io.FileNotFoundException GET returned 404 Not Found
WARNING: Download from https://bazel-mirror.storage.googleapis.com/repo1.maven.org/maven2/io/opencensus/opencensus-contrib-http-util/0.31.1/opencensus-contrib-http-util-0.31.1.jar failed: class java.io.FileNotFoundException GET returned 404 Not Found
WARNING: Download from https://bazel-mirror.storage.googleapis.com/repo1.maven.org/maven2/org/conscrypt/conscrypt-openjdk-uber/2.5.2/conscrypt-openjdk-uber-2.5.2.jar failed: class java.io.FileNotFoundException GET returned 404 Not Found
WARNING: Download from https://bazel-mirror.storage.googleapis.com/repo1.maven.org/maven2/com/google/api/grpc/proto-google-common-protos/2.41.0/proto-google-common-protos-2.41.0.jar failed: class java.io.FileNotFoundException GET returned 404 Not Found
WARNING: Download from https://bazel-mirror.storage.googleapis.com/repo1.maven.org/maven2/io/perfmark/perfmark-api/0.27.0/perfmark-api-0.27.0.jar failed: class java.io.FileNotFoundException GET returned 404 Not Found
WARNING: Download from https://bazel-mirror.storage.googleapis.com/repo1.maven.org/maven2/com/google/errorprone/error_prone_annotations/2.36.0/error_prone_annotations-2.36.0.jar failed: class java.io.FileNotFoundException GET returned 404 Not Found
WARNING: Download from https://bazel-mirror.storage.googleapis.com/repo1.maven.org/maven2/org/mockito/mockito-core/5.4.0/mockito-core-5.4.0.jar failed: class java.io.FileNotFoundException GET returned 404 Not Found
WARNING: Download from https://bazel-mirror.storage.googleapis.com/repo1.maven.org/maven2/org/apache/httpcomponents/httpclient/4.5.14/httpclient-4.5.14.jar failed: class java.io.FileNotFoundException GET returned 404 Not Found
Loading: 329 packages loaded
Loading: 344 packages loaded
Loading: 344 packages loaded
Loading: 344 packages loaded
Loading: 345 packages loaded
Read 0 lines from bazel query output...
Read 1000 lines from bazel query output...
Read 2000 lines from bazel query output...
Read 3000 lines from bazel query output...
Read 4000 lines from bazel query output...
Read 5000 lines from bazel query output...
Read 6000 lines from bazel query output...
Read 7000 lines from bazel query output...
Read 8000 lines from bazel query output...
Read 9000 lines from bazel query output...
Read 10000 lines from bazel query output...
Read 11000 lines from bazel query output...
Read 12000 lines from bazel query output...
Read 13000 lines from bazel query output...
Read 14000 lines from bazel query output...
Read 15000 lines from bazel query output...
Read 16000 lines from bazel query output...
Read 17000 lines from bazel query output...
Read 18000 lines from bazel query output...
Read 19000 lines from bazel query output...
Read 20000 lines from bazel query output...
Read 21000 lines from bazel query output...
Read 22000 lines from bazel query output...
Read 23000 lines from bazel query output...
Read 24000 lines from bazel query output...
Read 25000 lines from bazel query output...
Read 26000 lines from bazel query output...
Read 27000 lines from bazel query output...
Read 28000 lines from bazel query output...
Read 29000 lines from bazel query output...
Read 30000 lines from bazel query output...
Read 31000 lines from bazel query output...
Read 32000 lines from bazel query output...
Read 33000 lines from bazel query output...
Read 34000 lines from bazel query output...
Read 35000 lines from bazel query output...
Read 36000 lines from bazel query output...
Read 37000 lines from bazel query output...
Read 38000 lines from bazel query output...
Read 39000 lines from bazel query output...
Read 40000 lines from bazel query output...
Read 41000 lines from bazel query output...
