Starting local Bazel server and connecting to it...
 checking cached actions
 checking cached actions
 checking cached actions
 checking cached actions
 checking cached actions
 checking cached actions
DEBUG: Rule 'com_google_googleapis' indicated that a canonical reproducible form can be obtained by modifying arguments sha256 = "4f193c2dde4187b667781f44fa1e6c3966d2f9293b833714af3ee1c02e89bc16"
DEBUG: Repository com_google_googleapis instantiated at:
  /data/h445xu/repo/bazel-repos/cloned_repos/googleapis__gapic-generator-go/WORKSPACE:50:13: in <toplevel>
Repository rule http_archive defined at:
  /data/h445xu/.cache/bazel/_bazel_hongxu/f009f22f628ede57dabd9e3ea55f2191/external/bazel_tools/tools/build_defs/repo/http.bzl:372:31: in <toplevel>
 checking cached actions
Loading: 0 packages loaded
Loading: 86 packages loaded
Loading: 112 packages loaded
Loading: 112 packages loaded
Loading: 112 packages loaded
Loading: 112 packages loaded
Loading: 201 packages loaded
Loading: 213 packages loaded
Loading: 281 packages loaded
Read 0 lines from bazel query output...
Read 1000 lines from bazel query output...
Read 2000 lines from bazel query output...
Read 3000 lines from bazel query output...
Read 4000 lines from bazel query output...
Read 5000 lines from bazel query output...
Read 6000 lines from bazel query output...
Read 7000 lines from bazel query output...
Read 8000 lines from bazel query output...
Read 9000 lines from bazel query output...
Loading: 290 packages loaded
