OpenJDK 64-Bit Server VM warning: Options -Xverify:none and -noverify were deprecated in JDK 13 and will likely be removed in a future release.
 no actions running
 no actions running
Loading: 0 packages loaded
DEBUG: /data/h445xu/.cache/bazel/_bazel_hongxu/85d1988b584dfc4e90522bfdc0323c4e/external/rules_jvm_external/coursier.bzl:713:18: Found duplicate artifact versions
    com.google.code.gson:gson has multiple versions 2.8.9, 2.11.0
    com.google.errorprone:error_prone_annotations has multiple versions 2.5.1, 2.30.0
    com.google.guava:guava has multiple versions 32.0.1-jre, 33.3.1-android
    com.google.truth:truth has multiple versions 1.1.2, 1.4.2
Please remove duplicate artifacts from the artifact list so you do not get unexpected artifact versions
Loading: 204 packages loaded
INFO: Repository maven instantiated at:
  /data/h445xu/repo/bazel-repos/cloned_repos/googleapis__sdk-platform-java/WORKSPACE:63:14: in <toplevel>
  /data/h445xu/.cache/bazel/_bazel_hongxu/85d1988b584dfc4e90522bfdc0323c4e/external/rules_jvm_external/private/rules/maven_install.bzl:107:19: in maven_install
Repository rule coursier_fetch defined at:
  /data/h445xu/.cache/bazel/_bazel_hongxu/85d1988b584dfc4e90522bfdc0323c4e/external/rules_jvm_external/coursier.bzl:1306:33: in <toplevel>
INFO: repository @@maven' used the following cache hits instead of downloading the corresponding file.
 * Hash '5c0a0a3ea600f302ee458b30317425dd9632d1ad8882259fcaf4e9b868b2b1ef' for https://github.com/stedolan/jq/releases/download/jq-1.6/jq-osx-amd64
 * Hash 'af986793a515d500ab2d35f8d2aecd656e764504b789b66d7e1a0b727a124c44' for https://github.com/stedolan/jq/releases/download/jq-1.6/jq-linux64
 * Hash '076de041cbebc0a1272b84f1e69f6da5df4961847850b95cb3dfa3f776145225' for https://github.com/coursier/coursier/releases/download/v2.0.16/coursier.jar
 * Hash 'a51d36968dcbdeabb3142c6f5cf9b401a65dc3a095f3144bd0c118d5bb192753' for https://github.com/stedolan/jq/releases/download/jq-1.6/jq-win64.exe
If the definition of 'repository @@maven' was updated, verify that the hashes were also updated.
ERROR: /data/h445xu/.cache/bazel/_bazel_hongxu/85d1988b584dfc4e90522bfdc0323c4e/external/rules_jvm_external/coursier.bzl:863:13: An error occurred during the fetch of repository 'maven':
   Traceback (most recent call last):
	File "/data/h445xu/.cache/bazel/_bazel_hongxu/85d1988b584dfc4e90522bfdc0323c4e/external/rules_jvm_external/coursier.bzl", line 932, column 38, in _coursier_fetch_impl
		dep_tree = make_coursier_dep_tree(
	File "/data/h445xu/.cache/bazel/_bazel_hongxu/85d1988b584dfc4e90522bfdc0323c4e/external/rules_jvm_external/coursier.bzl", line 863, column 13, in make_coursier_dep_tree
		fail("Error while fetching artifact with coursier: " + exec_result.stderr)
Error in fail: Error while fetching artifact with coursier: Resolution error: Error downloading com.google.api:gapic-generator-java:2.61.1-SNAPSHOT
  not found: /home/hongxu/.m2/repository/com/google/api/gapic-generator-java/2.61.1-SNAPSHOT/gapic-generator-java-2.61.1-SNAPSHOT.pom
  not found: https://repo.maven.apache.org/maven2/com/google/api/gapic-generator-java/2.61.1-SNAPSHOT/gapic-generator-java-2.61.1-SNAPSHOT.pom
ERROR: /data/h445xu/.cache/bazel/_bazel_hongxu/85d1988b584dfc4e90522bfdc0323c4e/external/io_grpc_grpc_java/stub/BUILD.bazel:21:13: no such package '@@maven//': Error while fetching artifact with coursier: Resolution error: Error downloading com.google.api:gapic-generator-java:2.61.1-SNAPSHOT
  not found: /home/hongxu/.m2/repository/com/google/api/gapic-generator-java/2.61.1-SNAPSHOT/gapic-generator-java-2.61.1-SNAPSHOT.pom
  not found: https://repo.maven.apache.org/maven2/com/google/api/gapic-generator-java/2.61.1-SNAPSHOT/gapic-generator-java-2.61.1-SNAPSHOT.pom
 and referenced by '@@io_grpc_grpc_java//stub:javax_annotation'
ERROR: /data/h445xu/repo/bazel-repos/cloned_repos/googleapis__sdk-platform-java/BUILD.bazel:40:12: no such package '@@maven//': Error while fetching artifact with coursier: Resolution error: Error downloading com.google.api:gapic-generator-java:2.61.1-SNAPSHOT
  not found: /home/hongxu/.m2/repository/com/google/api/gapic-generator-java/2.61.1-SNAPSHOT/gapic-generator-java-2.61.1-SNAPSHOT.pom
  not found: https://repo.maven.apache.org/maven2/com/google/api/gapic-generator-java/2.61.1-SNAPSHOT/gapic-generator-java-2.61.1-SNAPSHOT.pom
 and referenced by '//:code_generator_request_file_to_gapic_main'
ERROR: /data/h445xu/.cache/bazel/_bazel_hongxu/85d1988b584dfc4e90522bfdc0323c4e/external/com_google_protobuf/java/util/BUILD.bazel:8:13: no such package '@@maven//': Error while fetching artifact with coursier: Resolution error: Error downloading com.google.api:gapic-generator-java:2.61.1-SNAPSHOT
  not found: /home/hongxu/.m2/repository/com/google/api/gapic-generator-java/2.61.1-SNAPSHOT/gapic-generator-java-2.61.1-SNAPSHOT.pom
  not found: https://repo.maven.apache.org/maven2/com/google/api/gapic-generator-java/2.61.1-SNAPSHOT/gapic-generator-java-2.61.1-SNAPSHOT.pom
 and referenced by '@@com_google_protobuf//java/util:util'
ERROR: /data/h445xu/repo/bazel-repos/cloned_repos/googleapis__sdk-platform-java/BUILD.bazel:27:12: no such package '@@maven//': Error while fetching artifact with coursier: Resolution error: Error downloading com.google.api:gapic-generator-java:2.61.1-SNAPSHOT
  not found: /home/hongxu/.m2/repository/com/google/api/gapic-generator-java/2.61.1-SNAPSHOT/gapic-generator-java-2.61.1-SNAPSHOT.pom
  not found: https://repo.maven.apache.org/maven2/com/google/api/gapic-generator-java/2.61.1-SNAPSHOT/gapic-generator-java-2.61.1-SNAPSHOT.pom
 and referenced by '//:protoc-gen-code_generator_request_dumper'
ERROR: /data/h445xu/repo/bazel-repos/cloned_repos/googleapis__sdk-platform-java/BUILD.bazel:5:12: no such package '@@maven//': Error while fetching artifact with coursier: Resolution error: Error downloading com.google.api:gapic-generator-java:2.61.1-SNAPSHOT
  not found: /home/hongxu/.m2/repository/com/google/api/gapic-generator-java/2.61.1-SNAPSHOT/gapic-generator-java-2.61.1-SNAPSHOT.pom
  not found: https://repo.maven.apache.org/maven2/com/google/api/gapic-generator-java/2.61.1-SNAPSHOT/gapic-generator-java-2.61.1-SNAPSHOT.pom
 and referenced by '//:protoc-gen-java_gapic'
ERROR: /data/h445xu/.cache/bazel/_bazel_hongxu/85d1988b584dfc4e90522bfdc0323c4e/external/io_grpc_grpc_java/api/BUILD.bazel:3:13: no such package '@@maven//': Error while fetching artifact with coursier: Resolution error: Error downloading com.google.api:gapic-generator-java:2.61.1-SNAPSHOT
  not found: /home/hongxu/.m2/repository/com/google/api/gapic-generator-java/2.61.1-SNAPSHOT/gapic-generator-java-2.61.1-SNAPSHOT.pom
  not found: https://repo.maven.apache.org/maven2/com/google/api/gapic-generator-java/2.61.1-SNAPSHOT/gapic-generator-java-2.61.1-SNAPSHOT.pom
 and referenced by '@@io_grpc_grpc_java//api:api'
ERROR: /data/h445xu/.cache/bazel/_bazel_hongxu/85d1988b584dfc4e90522bfdc0323c4e/external/io_grpc_grpc_java/protobuf-lite/BUILD.bazel:3:13: no such package '@@maven//': Error while fetching artifact with coursier: Resolution error: Error downloading com.google.api:gapic-generator-java:2.61.1-SNAPSHOT
  not found: /home/hongxu/.m2/repository/com/google/api/gapic-generator-java/2.61.1-SNAPSHOT/gapic-generator-java-2.61.1-SNAPSHOT.pom
  not found: https://repo.maven.apache.org/maven2/com/google/api/gapic-generator-java/2.61.1-SNAPSHOT/gapic-generator-java-2.61.1-SNAPSHOT.pom
 and referenced by '@@io_grpc_grpc_java//protobuf-lite:protobuf-lite'
ERROR: /data/h445xu/.cache/bazel/_bazel_hongxu/85d1988b584dfc4e90522bfdc0323c4e/external/io_grpc_grpc_java/auth/BUILD.bazel:3:13: no such package '@@maven//': Error while fetching artifact with coursier: Resolution error: Error downloading com.google.api:gapic-generator-java:2.61.1-SNAPSHOT
  not found: /home/hongxu/.m2/repository/com/google/api/gapic-generator-java/2.61.1-SNAPSHOT/gapic-generator-java-2.61.1-SNAPSHOT.pom
  not found: https://repo.maven.apache.org/maven2/com/google/api/gapic-generator-java/2.61.1-SNAPSHOT/gapic-generator-java-2.61.1-SNAPSHOT.pom
 and referenced by '@@io_grpc_grpc_java//auth:auth'
ERROR: /data/h445xu/.cache/bazel/_bazel_hongxu/85d1988b584dfc4e90522bfdc0323c4e/external/io_grpc_grpc_java/stub/BUILD.bazel:3:13: no such package '@@maven//': Error while fetching artifact with coursier: Resolution error: Error downloading com.google.api:gapic-generator-java:2.61.1-SNAPSHOT
  not found: /home/hongxu/.m2/repository/com/google/api/gapic-generator-java/2.61.1-SNAPSHOT/gapic-generator-java-2.61.1-SNAPSHOT.pom
  not found: https://repo.maven.apache.org/maven2/com/google/api/gapic-generator-java/2.61.1-SNAPSHOT/gapic-generator-java-2.61.1-SNAPSHOT.pom
 and referenced by '@@io_grpc_grpc_java//stub:stub'
ERROR: /data/h445xu/.cache/bazel/_bazel_hongxu/85d1988b584dfc4e90522bfdc0323c4e/external/io_grpc_grpc_java/core/BUILD.bazel:15:13: no such package '@@maven//': Error while fetching artifact with coursier: Resolution error: Error downloading com.google.api:gapic-generator-java:2.61.1-SNAPSHOT
  not found: /home/hongxu/.m2/repository/com/google/api/gapic-generator-java/2.61.1-SNAPSHOT/gapic-generator-java-2.61.1-SNAPSHOT.pom
  not found: https://repo.maven.apache.org/maven2/com/google/api/gapic-generator-java/2.61.1-SNAPSHOT/gapic-generator-java-2.61.1-SNAPSHOT.pom
 and referenced by '@@io_grpc_grpc_java//core:internal'
ERROR: /data/h445xu/.cache/bazel/_bazel_hongxu/85d1988b584dfc4e90522bfdc0323c4e/external/io_grpc_grpc_java/protobuf/BUILD.bazel:3:13: no such package '@@maven//': Error while fetching artifact with coursier: Resolution error: Error downloading com.google.api:gapic-generator-java:2.61.1-SNAPSHOT
  not found: /home/hongxu/.m2/repository/com/google/api/gapic-generator-java/2.61.1-SNAPSHOT/gapic-generator-java-2.61.1-SNAPSHOT.pom
  not found: https://repo.maven.apache.org/maven2/com/google/api/gapic-generator-java/2.61.1-SNAPSHOT/gapic-generator-java-2.61.1-SNAPSHOT.pom
 and referenced by '@@io_grpc_grpc_java//protobuf:protobuf'
ERROR: /data/h445xu/.cache/bazel/_bazel_hongxu/85d1988b584dfc4e90522bfdc0323c4e/external/io_grpc_grpc_java/util/BUILD.bazel:3:13: no such package '@@maven//': Error while fetching artifact with coursier: Resolution error: Error downloading com.google.api:gapic-generator-java:2.61.1-SNAPSHOT
  not found: /home/hongxu/.m2/repository/com/google/api/gapic-generator-java/2.61.1-SNAPSHOT/gapic-generator-java-2.61.1-SNAPSHOT.pom
  not found: https://repo.maven.apache.org/maven2/com/google/api/gapic-generator-java/2.61.1-SNAPSHOT/gapic-generator-java-2.61.1-SNAPSHOT.pom
 and referenced by '@@io_grpc_grpc_java//util:util'
ERROR: /data/h445xu/.cache/bazel/_bazel_hongxu/85d1988b584dfc4e90522bfdc0323c4e/external/io_grpc_grpc_java/compiler/BUILD.bazel:19:13: no such package '@@maven//': Error while fetching artifact with coursier: Resolution error: Error downloading com.google.api:gapic-generator-java:2.61.1-SNAPSHOT
  not found: /home/hongxu/.m2/repository/com/google/api/gapic-generator-java/2.61.1-SNAPSHOT/gapic-generator-java-2.61.1-SNAPSHOT.pom
  not found: https://repo.maven.apache.org/maven2/com/google/api/gapic-generator-java/2.61.1-SNAPSHOT/gapic-generator-java-2.61.1-SNAPSHOT.pom
 and referenced by '@@io_grpc_grpc_java//compiler:java_grpc_library_deps__do_not_reference'
ERROR: /data/h445xu/.cache/bazel/_bazel_hongxu/85d1988b584dfc4e90522bfdc0323c4e/external/io_grpc_grpc_java/inprocess/BUILD.bazel:3:13: no such package '@@maven//': Error while fetching artifact with coursier: Resolution error: Error downloading com.google.api:gapic-generator-java:2.61.1-SNAPSHOT
  not found: /home/hongxu/.m2/repository/com/google/api/gapic-generator-java/2.61.1-SNAPSHOT/gapic-generator-java-2.61.1-SNAPSHOT.pom
  not found: https://repo.maven.apache.org/maven2/com/google/api/gapic-generator-java/2.61.1-SNAPSHOT/gapic-generator-java-2.61.1-SNAPSHOT.pom
 and referenced by '@@io_grpc_grpc_java//inprocess:inprocess'
ERROR: /data/h445xu/.cache/bazel/_bazel_hongxu/85d1988b584dfc4e90522bfdc0323c4e/external/io_grpc_grpc_java/grpclb/BUILD.bazel:4:13: no such package '@@maven//': Error while fetching artifact with coursier: Resolution error: Error downloading com.google.api:gapic-generator-java:2.61.1-SNAPSHOT
  not found: /home/hongxu/.m2/repository/com/google/api/gapic-generator-java/2.61.1-SNAPSHOT/gapic-generator-java-2.61.1-SNAPSHOT.pom
  not found: https://repo.maven.apache.org/maven2/com/google/api/gapic-generator-java/2.61.1-SNAPSHOT/gapic-generator-java-2.61.1-SNAPSHOT.pom
 and referenced by '@@io_grpc_grpc_java//grpclb:grpclb'
ERROR: /data/h445xu/.cache/bazel/_bazel_hongxu/85d1988b584dfc4e90522bfdc0323c4e/external/io_grpc_grpc_java/netty/BUILD.bazel:3:13: no such package '@@maven//': Error while fetching artifact with coursier: Resolution error: Error downloading com.google.api:gapic-generator-java:2.61.1-SNAPSHOT
  not found: /home/hongxu/.m2/repository/com/google/api/gapic-generator-java/2.61.1-SNAPSHOT/gapic-generator-java-2.61.1-SNAPSHOT.pom
  not found: https://repo.maven.apache.org/maven2/com/google/api/gapic-generator-java/2.61.1-SNAPSHOT/gapic-generator-java-2.61.1-SNAPSHOT.pom
 and referenced by '@@io_grpc_grpc_java//netty:netty'
ERROR: /data/h445xu/.cache/bazel/_bazel_hongxu/85d1988b584dfc4e90522bfdc0323c4e/external/io_grpc_grpc_java/alts/BUILD.bazel:5:13: no such package '@@maven//': Error while fetching artifact with coursier: Resolution error: Error downloading com.google.api:gapic-generator-java:2.61.1-SNAPSHOT
  not found: /home/hongxu/.m2/repository/com/google/api/gapic-generator-java/2.61.1-SNAPSHOT/gapic-generator-java-2.61.1-SNAPSHOT.pom
  not found: https://repo.maven.apache.org/maven2/com/google/api/gapic-generator-java/2.61.1-SNAPSHOT/gapic-generator-java-2.61.1-SNAPSHOT.pom
 and referenced by '@@io_grpc_grpc_java//alts:alts_internal'
ERROR: /data/h445xu/.cache/bazel/_bazel_hongxu/85d1988b584dfc4e90522bfdc0323c4e/external/io_grpc_grpc_java/alts/BUILD.bazel:31:13: no such package '@@maven//': Error while fetching artifact with coursier: Resolution error: Error downloading com.google.api:gapic-generator-java:2.61.1-SNAPSHOT
  not found: /home/hongxu/.m2/repository/com/google/api/gapic-generator-java/2.61.1-SNAPSHOT/gapic-generator-java-2.61.1-SNAPSHOT.pom
  not found: https://repo.maven.apache.org/maven2/com/google/api/gapic-generator-java/2.61.1-SNAPSHOT/gapic-generator-java-2.61.1-SNAPSHOT.pom
 and referenced by '@@io_grpc_grpc_java//alts:alts'
ERROR: /data/h445xu/.cache/bazel/_bazel_hongxu/85d1988b584dfc4e90522bfdc0323c4e/external/io_grpc_grpc_java/protobuf/BUILD.bazel:3:13: no such package '@@maven//': Error while fetching artifact with coursier: Resolution error: Error downloading com.google.api:gapic-generator-java:2.61.1-SNAPSHOT
  not found: /home/hongxu/.m2/repository/com/google/api/gapic-generator-java/2.61.1-SNAPSHOT/gapic-generator-java-2.61.1-SNAPSHOT.pom
  not found: https://repo.maven.apache.org/maven2/com/google/api/gapic-generator-java/2.61.1-SNAPSHOT/gapic-generator-java-2.61.1-SNAPSHOT.pom
 and referenced by '@@io_grpc_grpc_java//protobuf:protobuf'
ERROR: /data/h445xu/.cache/bazel/_bazel_hongxu/85d1988b584dfc4e90522bfdc0323c4e/external/io_grpc_grpc_java/api/BUILD.bazel:3:13: no such package '@@maven//': Error while fetching artifact with coursier: Resolution error: Error downloading com.google.api:gapic-generator-java:2.61.1-SNAPSHOT
  not found: /home/hongxu/.m2/repository/com/google/api/gapic-generator-java/2.61.1-SNAPSHOT/gapic-generator-java-2.61.1-SNAPSHOT.pom
  not found: https://repo.maven.apache.org/maven2/com/google/api/gapic-generator-java/2.61.1-SNAPSHOT/gapic-generator-java-2.61.1-SNAPSHOT.pom
 and referenced by '@@io_grpc_grpc_java//api:api'
ERROR: /data/h445xu/.cache/bazel/_bazel_hongxu/85d1988b584dfc4e90522bfdc0323c4e/external/io_grpc_grpc_java/protobuf/BUILD.bazel:3:13: no such package '@@maven//': Error while fetching artifact with coursier: Resolution error: Error downloading com.google.api:gapic-generator-java:2.61.1-SNAPSHOT
  not found: /home/hongxu/.m2/repository/com/google/api/gapic-generator-java/2.61.1-SNAPSHOT/gapic-generator-java-2.61.1-SNAPSHOT.pom
  not found: https://repo.maven.apache.org/maven2/com/google/api/gapic-generator-java/2.61.1-SNAPSHOT/gapic-generator-java-2.61.1-SNAPSHOT.pom
 and referenced by '@@io_grpc_grpc_java//protobuf:protobuf'
ERROR: /data/h445xu/.cache/bazel/_bazel_hongxu/85d1988b584dfc4e90522bfdc0323c4e/external/io_grpc_grpc_java/protobuf/BUILD.bazel:3:13: no such package '@@maven//': Error while fetching artifact with coursier: Resolution error: Error downloading com.google.api:gapic-generator-java:2.61.1-SNAPSHOT
  not found: /home/hongxu/.m2/repository/com/google/api/gapic-generator-java/2.61.1-SNAPSHOT/gapic-generator-java-2.61.1-SNAPSHOT.pom
  not found: https://repo.maven.apache.org/maven2/com/google/api/gapic-generator-java/2.61.1-SNAPSHOT/gapic-generator-java-2.61.1-SNAPSHOT.pom
 and referenced by '@@io_grpc_grpc_java//protobuf:protobuf'
ERROR: /data/h445xu/.cache/bazel/_bazel_hongxu/85d1988b584dfc4e90522bfdc0323c4e/external/io_grpc_grpc_java/stub/BUILD.bazel:3:13: no such package '@@maven//': Error while fetching artifact with coursier: Resolution error: Error downloading com.google.api:gapic-generator-java:2.61.1-SNAPSHOT
  not found: /home/hongxu/.m2/repository/com/google/api/gapic-generator-java/2.61.1-SNAPSHOT/gapic-generator-java-2.61.1-SNAPSHOT.pom
  not found: https://repo.maven.apache.org/maven2/com/google/api/gapic-generator-java/2.61.1-SNAPSHOT/gapic-generator-java-2.61.1-SNAPSHOT.pom
 and referenced by '@@io_grpc_grpc_java//stub:stub'
ERROR: /data/h445xu/.cache/bazel/_bazel_hongxu/85d1988b584dfc4e90522bfdc0323c4e/external/io_grpc_grpc_java/stub/BUILD.bazel:3:13: no such package '@@maven//': Error while fetching artifact with coursier: Resolution error: Error downloading com.google.api:gapic-generator-java:2.61.1-SNAPSHOT
  not found: /home/hongxu/.m2/repository/com/google/api/gapic-generator-java/2.61.1-SNAPSHOT/gapic-generator-java-2.61.1-SNAPSHOT.pom
  not found: https://repo.maven.apache.org/maven2/com/google/api/gapic-generator-java/2.61.1-SNAPSHOT/gapic-generator-java-2.61.1-SNAPSHOT.pom
 and referenced by '@@io_grpc_grpc_java//stub:stub'
ERROR: /data/h445xu/.cache/bazel/_bazel_hongxu/85d1988b584dfc4e90522bfdc0323c4e/external/io_grpc_grpc_java/stub/BUILD.bazel:3:13: no such package '@@maven//': Error while fetching artifact with coursier: Resolution error: Error downloading com.google.api:gapic-generator-java:2.61.1-SNAPSHOT
  not found: /home/hongxu/.m2/repository/com/google/api/gapic-generator-java/2.61.1-SNAPSHOT/gapic-generator-java-2.61.1-SNAPSHOT.pom
  not found: https://repo.maven.apache.org/maven2/com/google/api/gapic-generator-java/2.61.1-SNAPSHOT/gapic-generator-java-2.61.1-SNAPSHOT.pom
 and referenced by '@@io_grpc_grpc_java//stub:stub'
ERROR: /data/h445xu/.cache/bazel/_bazel_hongxu/85d1988b584dfc4e90522bfdc0323c4e/external/io_grpc_grpc_java/stub/BUILD.bazel:3:13: no such package '@@maven//': Error while fetching artifact with coursier: Resolution error: Error downloading com.google.api:gapic-generator-java:2.61.1-SNAPSHOT
  not found: /home/hongxu/.m2/repository/com/google/api/gapic-generator-java/2.61.1-SNAPSHOT/gapic-generator-java-2.61.1-SNAPSHOT.pom
  not found: https://repo.maven.apache.org/maven2/com/google/api/gapic-generator-java/2.61.1-SNAPSHOT/gapic-generator-java-2.61.1-SNAPSHOT.pom
 and referenced by '@@io_grpc_grpc_java//stub:stub'
ERROR: /data/h445xu/.cache/bazel/_bazel_hongxu/85d1988b584dfc4e90522bfdc0323c4e/external/io_grpc_grpc_java/api/BUILD.bazel:3:13: no such package '@@maven//': Error while fetching artifact with coursier: Resolution error: Error downloading com.google.api:gapic-generator-java:2.61.1-SNAPSHOT
  not found: /home/hongxu/.m2/repository/com/google/api/gapic-generator-java/2.61.1-SNAPSHOT/gapic-generator-java-2.61.1-SNAPSHOT.pom
  not found: https://repo.maven.apache.org/maven2/com/google/api/gapic-generator-java/2.61.1-SNAPSHOT/gapic-generator-java-2.61.1-SNAPSHOT.pom
 and referenced by '@@io_grpc_grpc_java//api:api'
ERROR: /data/h445xu/.cache/bazel/_bazel_hongxu/85d1988b584dfc4e90522bfdc0323c4e/external/io_grpc_grpc_java/api/BUILD.bazel:3:13: no such package '@@maven//': Error while fetching artifact with coursier: Resolution error: Error downloading com.google.api:gapic-generator-java:2.61.1-SNAPSHOT
  not found: /home/hongxu/.m2/repository/com/google/api/gapic-generator-java/2.61.1-SNAPSHOT/gapic-generator-java-2.61.1-SNAPSHOT.pom
  not found: https://repo.maven.apache.org/maven2/com/google/api/gapic-generator-java/2.61.1-SNAPSHOT/gapic-generator-java-2.61.1-SNAPSHOT.pom
 and referenced by '@@io_grpc_grpc_java//api:api'
ERROR: /data/h445xu/.cache/bazel/_bazel_hongxu/85d1988b584dfc4e90522bfdc0323c4e/external/io_grpc_grpc_java/protobuf-lite/BUILD.bazel:3:13: no such package '@@maven//': Error while fetching artifact with coursier: Resolution error: Error downloading com.google.api:gapic-generator-java:2.61.1-SNAPSHOT
  not found: /home/hongxu/.m2/repository/com/google/api/gapic-generator-java/2.61.1-SNAPSHOT/gapic-generator-java-2.61.1-SNAPSHOT.pom
  not found: https://repo.maven.apache.org/maven2/com/google/api/gapic-generator-java/2.61.1-SNAPSHOT/gapic-generator-java-2.61.1-SNAPSHOT.pom
 and referenced by '@@io_grpc_grpc_java//protobuf-lite:protobuf-lite'
ERROR: /data/h445xu/.cache/bazel/_bazel_hongxu/85d1988b584dfc4e90522bfdc0323c4e/external/io_grpc_grpc_java/protobuf/BUILD.bazel:3:13: no such package '@@maven//': Error while fetching artifact with coursier: Resolution error: Error downloading com.google.api:gapic-generator-java:2.61.1-SNAPSHOT
  not found: /home/hongxu/.m2/repository/com/google/api/gapic-generator-java/2.61.1-SNAPSHOT/gapic-generator-java-2.61.1-SNAPSHOT.pom
  not found: https://repo.maven.apache.org/maven2/com/google/api/gapic-generator-java/2.61.1-SNAPSHOT/gapic-generator-java-2.61.1-SNAPSHOT.pom
 and referenced by '@@io_grpc_grpc_java//protobuf:protobuf'
ERROR: /data/h445xu/.cache/bazel/_bazel_hongxu/85d1988b584dfc4e90522bfdc0323c4e/external/io_grpc_grpc_java/api/BUILD.bazel:3:13: no such package '@@maven//': Error while fetching artifact with coursier: Resolution error: Error downloading com.google.api:gapic-generator-java:2.61.1-SNAPSHOT
  not found: /home/hongxu/.m2/repository/com/google/api/gapic-generator-java/2.61.1-SNAPSHOT/gapic-generator-java-2.61.1-SNAPSHOT.pom
  not found: https://repo.maven.apache.org/maven2/com/google/api/gapic-generator-java/2.61.1-SNAPSHOT/gapic-generator-java-2.61.1-SNAPSHOT.pom
 and referenced by '@@io_grpc_grpc_java//api:api'
ERROR: /data/h445xu/.cache/bazel/_bazel_hongxu/85d1988b584dfc4e90522bfdc0323c4e/external/io_grpc_grpc_java/protobuf-lite/BUILD.bazel:3:13: no such package '@@maven//': Error while fetching artifact with coursier: Resolution error: Error downloading com.google.api:gapic-generator-java:2.61.1-SNAPSHOT
  not found: /home/hongxu/.m2/repository/com/google/api/gapic-generator-java/2.61.1-SNAPSHOT/gapic-generator-java-2.61.1-SNAPSHOT.pom
  not found: https://repo.maven.apache.org/maven2/com/google/api/gapic-generator-java/2.61.1-SNAPSHOT/gapic-generator-java-2.61.1-SNAPSHOT.pom
 and referenced by '@@io_grpc_grpc_java//protobuf-lite:protobuf-lite'
ERROR: /data/h445xu/.cache/bazel/_bazel_hongxu/85d1988b584dfc4e90522bfdc0323c4e/external/io_grpc_grpc_java/alts/BUILD.bazel:5:13: no such package '@@maven//': Error while fetching artifact with coursier: Resolution error: Error downloading com.google.api:gapic-generator-java:2.61.1-SNAPSHOT
  not found: /home/hongxu/.m2/repository/com/google/api/gapic-generator-java/2.61.1-SNAPSHOT/gapic-generator-java-2.61.1-SNAPSHOT.pom
  not found: https://repo.maven.apache.org/maven2/com/google/api/gapic-generator-java/2.61.1-SNAPSHOT/gapic-generator-java-2.61.1-SNAPSHOT.pom
 and referenced by '@@io_grpc_grpc_java//alts:alts_internal'
ERROR: /data/h445xu/.cache/bazel/_bazel_hongxu/85d1988b584dfc4e90522bfdc0323c4e/external/io_grpc_grpc_java/alts/BUILD.bazel:5:13: no such package '@@maven//': Error while fetching artifact with coursier: Resolution error: Error downloading com.google.api:gapic-generator-java:2.61.1-SNAPSHOT
  not found: /home/hongxu/.m2/repository/com/google/api/gapic-generator-java/2.61.1-SNAPSHOT/gapic-generator-java-2.61.1-SNAPSHOT.pom
  not found: https://repo.maven.apache.org/maven2/com/google/api/gapic-generator-java/2.61.1-SNAPSHOT/gapic-generator-java-2.61.1-SNAPSHOT.pom
 and referenced by '@@io_grpc_grpc_java//alts:alts_internal'
ERROR: /data/h445xu/.cache/bazel/_bazel_hongxu/85d1988b584dfc4e90522bfdc0323c4e/external/io_grpc_grpc_java/alts/BUILD.bazel:31:13: no such package '@@maven//': Error while fetching artifact with coursier: Resolution error: Error downloading com.google.api:gapic-generator-java:2.61.1-SNAPSHOT
  not found: /home/hongxu/.m2/repository/com/google/api/gapic-generator-java/2.61.1-SNAPSHOT/gapic-generator-java-2.61.1-SNAPSHOT.pom
  not found: https://repo.maven.apache.org/maven2/com/google/api/gapic-generator-java/2.61.1-SNAPSHOT/gapic-generator-java-2.61.1-SNAPSHOT.pom
 and referenced by '@@io_grpc_grpc_java//alts:alts'
ERROR: /data/h445xu/.cache/bazel/_bazel_hongxu/85d1988b584dfc4e90522bfdc0323c4e/external/io_grpc_grpc_java/alts/BUILD.bazel:5:13: no such package '@@maven//': Error while fetching artifact with coursier: Resolution error: Error downloading com.google.api:gapic-generator-java:2.61.1-SNAPSHOT
  not found: /home/hongxu/.m2/repository/com/google/api/gapic-generator-java/2.61.1-SNAPSHOT/gapic-generator-java-2.61.1-SNAPSHOT.pom
  not found: https://repo.maven.apache.org/maven2/com/google/api/gapic-generator-java/2.61.1-SNAPSHOT/gapic-generator-java-2.61.1-SNAPSHOT.pom
 and referenced by '@@io_grpc_grpc_java//alts:alts_internal'
ERROR: /data/h445xu/.cache/bazel/_bazel_hongxu/85d1988b584dfc4e90522bfdc0323c4e/external/io_grpc_grpc_java/netty/BUILD.bazel:3:13: no such package '@@maven//': Error while fetching artifact with coursier: Resolution error: Error downloading com.google.api:gapic-generator-java:2.61.1-SNAPSHOT
  not found: /home/hongxu/.m2/repository/com/google/api/gapic-generator-java/2.61.1-SNAPSHOT/gapic-generator-java-2.61.1-SNAPSHOT.pom
  not found: https://repo.maven.apache.org/maven2/com/google/api/gapic-generator-java/2.61.1-SNAPSHOT/gapic-generator-java-2.61.1-SNAPSHOT.pom
 and referenced by '@@io_grpc_grpc_java//netty:netty'
ERROR: /data/h445xu/.cache/bazel/_bazel_hongxu/85d1988b584dfc4e90522bfdc0323c4e/external/io_grpc_grpc_java/alts/BUILD.bazel:31:13: no such package '@@maven//': Error while fetching artifact with coursier: Resolution error: Error downloading com.google.api:gapic-generator-java:2.61.1-SNAPSHOT
  not found: /home/hongxu/.m2/repository/com/google/api/gapic-generator-java/2.61.1-SNAPSHOT/gapic-generator-java-2.61.1-SNAPSHOT.pom
  not found: https://repo.maven.apache.org/maven2/com/google/api/gapic-generator-java/2.61.1-SNAPSHOT/gapic-generator-java-2.61.1-SNAPSHOT.pom
 and referenced by '@@io_grpc_grpc_java//alts:alts'
ERROR: /data/h445xu/.cache/bazel/_bazel_hongxu/85d1988b584dfc4e90522bfdc0323c4e/external/io_grpc_grpc_java/util/BUILD.bazel:3:13: no such package '@@maven//': Error while fetching artifact with coursier: Resolution error: Error downloading com.google.api:gapic-generator-java:2.61.1-SNAPSHOT
  not found: /home/hongxu/.m2/repository/com/google/api/gapic-generator-java/2.61.1-SNAPSHOT/gapic-generator-java-2.61.1-SNAPSHOT.pom
  not found: https://repo.maven.apache.org/maven2/com/google/api/gapic-generator-java/2.61.1-SNAPSHOT/gapic-generator-java-2.61.1-SNAPSHOT.pom
 and referenced by '@@io_grpc_grpc_java//util:util'
ERROR: /data/h445xu/.cache/bazel/_bazel_hongxu/85d1988b584dfc4e90522bfdc0323c4e/external/io_grpc_grpc_java/alts/BUILD.bazel:31:13: no such package '@@maven//': Error while fetching artifact with coursier: Resolution error: Error downloading com.google.api:gapic-generator-java:2.61.1-SNAPSHOT
  not found: /home/hongxu/.m2/repository/com/google/api/gapic-generator-java/2.61.1-SNAPSHOT/gapic-generator-java-2.61.1-SNAPSHOT.pom
  not found: https://repo.maven.apache.org/maven2/com/google/api/gapic-generator-java/2.61.1-SNAPSHOT/gapic-generator-java-2.61.1-SNAPSHOT.pom
 and referenced by '@@io_grpc_grpc_java//alts:alts'
ERROR: /data/h445xu/.cache/bazel/_bazel_hongxu/85d1988b584dfc4e90522bfdc0323c4e/external/io_grpc_grpc_java/alts/BUILD.bazel:5:13: no such package '@@maven//': Error while fetching artifact with coursier: Resolution error: Error downloading com.google.api:gapic-generator-java:2.61.1-SNAPSHOT
  not found: /home/hongxu/.m2/repository/com/google/api/gapic-generator-java/2.61.1-SNAPSHOT/gapic-generator-java-2.61.1-SNAPSHOT.pom
  not found: https://repo.maven.apache.org/maven2/com/google/api/gapic-generator-java/2.61.1-SNAPSHOT/gapic-generator-java-2.61.1-SNAPSHOT.pom
 and referenced by '@@io_grpc_grpc_java//alts:alts_internal'
ERROR: /data/h445xu/.cache/bazel/_bazel_hongxu/85d1988b584dfc4e90522bfdc0323c4e/external/io_grpc_grpc_java/alts/BUILD.bazel:31:13: no such package '@@maven//': Error while fetching artifact with coursier: Resolution error: Error downloading com.google.api:gapic-generator-java:2.61.1-SNAPSHOT
  not found: /home/hongxu/.m2/repository/com/google/api/gapic-generator-java/2.61.1-SNAPSHOT/gapic-generator-java-2.61.1-SNAPSHOT.pom
  not found: https://repo.maven.apache.org/maven2/com/google/api/gapic-generator-java/2.61.1-SNAPSHOT/gapic-generator-java-2.61.1-SNAPSHOT.pom
 and referenced by '@@io_grpc_grpc_java//alts:alts'
ERROR: /data/h445xu/.cache/bazel/_bazel_hongxu/85d1988b584dfc4e90522bfdc0323c4e/external/io_grpc_grpc_java/core/BUILD.bazel:15:13: no such package '@@maven//': Error while fetching artifact with coursier: Resolution error: Error downloading com.google.api:gapic-generator-java:2.61.1-SNAPSHOT
  not found: /home/hongxu/.m2/repository/com/google/api/gapic-generator-java/2.61.1-SNAPSHOT/gapic-generator-java-2.61.1-SNAPSHOT.pom
  not found: https://repo.maven.apache.org/maven2/com/google/api/gapic-generator-java/2.61.1-SNAPSHOT/gapic-generator-java-2.61.1-SNAPSHOT.pom
 and referenced by '@@io_grpc_grpc_java//core:internal'
ERROR: /data/h445xu/.cache/bazel/_bazel_hongxu/85d1988b584dfc4e90522bfdc0323c4e/external/io_grpc_grpc_java/alts/BUILD.bazel:5:13: no such package '@@maven//': Error while fetching artifact with coursier: Resolution error: Error downloading com.google.api:gapic-generator-java:2.61.1-SNAPSHOT
  not found: /home/hongxu/.m2/repository/com/google/api/gapic-generator-java/2.61.1-SNAPSHOT/gapic-generator-java-2.61.1-SNAPSHOT.pom
  not found: https://repo.maven.apache.org/maven2/com/google/api/gapic-generator-java/2.61.1-SNAPSHOT/gapic-generator-java-2.61.1-SNAPSHOT.pom
 and referenced by '@@io_grpc_grpc_java//alts:alts_internal'
ERROR: /data/h445xu/.cache/bazel/_bazel_hongxu/85d1988b584dfc4e90522bfdc0323c4e/external/io_grpc_grpc_java/alts/BUILD.bazel:5:13: no such package '@@maven//': Error while fetching artifact with coursier: Resolution error: Error downloading com.google.api:gapic-generator-java:2.61.1-SNAPSHOT
  not found: /home/hongxu/.m2/repository/com/google/api/gapic-generator-java/2.61.1-SNAPSHOT/gapic-generator-java-2.61.1-SNAPSHOT.pom
  not found: https://repo.maven.apache.org/maven2/com/google/api/gapic-generator-java/2.61.1-SNAPSHOT/gapic-generator-java-2.61.1-SNAPSHOT.pom
 and referenced by '@@io_grpc_grpc_java//alts:alts_internal'
ERROR: /data/h445xu/.cache/bazel/_bazel_hongxu/85d1988b584dfc4e90522bfdc0323c4e/external/io_grpc_grpc_java/alts/BUILD.bazel:31:13: no such package '@@maven//': Error while fetching artifact with coursier: Resolution error: Error downloading com.google.api:gapic-generator-java:2.61.1-SNAPSHOT
  not found: /home/hongxu/.m2/repository/com/google/api/gapic-generator-java/2.61.1-SNAPSHOT/gapic-generator-java-2.61.1-SNAPSHOT.pom
  not found: https://repo.maven.apache.org/maven2/com/google/api/gapic-generator-java/2.61.1-SNAPSHOT/gapic-generator-java-2.61.1-SNAPSHOT.pom
 and referenced by '@@io_grpc_grpc_java//alts:alts'
ERROR: /data/h445xu/.cache/bazel/_bazel_hongxu/85d1988b584dfc4e90522bfdc0323c4e/external/io_grpc_grpc_java/alts/BUILD.bazel:5:13: no such package '@@maven//': Error while fetching artifact with coursier: Resolution error: Error downloading com.google.api:gapic-generator-java:2.61.1-SNAPSHOT
  not found: /home/hongxu/.m2/repository/com/google/api/gapic-generator-java/2.61.1-SNAPSHOT/gapic-generator-java-2.61.1-SNAPSHOT.pom
  not found: https://repo.maven.apache.org/maven2/com/google/api/gapic-generator-java/2.61.1-SNAPSHOT/gapic-generator-java-2.61.1-SNAPSHOT.pom
 and referenced by '@@io_grpc_grpc_java//alts:alts_internal'
ERROR: /data/h445xu/.cache/bazel/_bazel_hongxu/85d1988b584dfc4e90522bfdc0323c4e/external/io_grpc_grpc_java/alts/BUILD.bazel:31:13: no such package '@@maven//': Error while fetching artifact with coursier: Resolution error: Error downloading com.google.api:gapic-generator-java:2.61.1-SNAPSHOT
  not found: /home/hongxu/.m2/repository/com/google/api/gapic-generator-java/2.61.1-SNAPSHOT/gapic-generator-java-2.61.1-SNAPSHOT.pom
  not found: https://repo.maven.apache.org/maven2/com/google/api/gapic-generator-java/2.61.1-SNAPSHOT/gapic-generator-java-2.61.1-SNAPSHOT.pom
 and referenced by '@@io_grpc_grpc_java//alts:alts'
ERROR: /data/h445xu/.cache/bazel/_bazel_hongxu/85d1988b584dfc4e90522bfdc0323c4e/external/io_grpc_grpc_java/alts/BUILD.bazel:5:13: no such package '@@maven//': Error while fetching artifact with coursier: Resolution error: Error downloading com.google.api:gapic-generator-java:2.61.1-SNAPSHOT
  not found: /home/hongxu/.m2/repository/com/google/api/gapic-generator-java/2.61.1-SNAPSHOT/gapic-generator-java-2.61.1-SNAPSHOT.pom
  not found: https://repo.maven.apache.org/maven2/com/google/api/gapic-generator-java/2.61.1-SNAPSHOT/gapic-generator-java-2.61.1-SNAPSHOT.pom
 and referenced by '@@io_grpc_grpc_java//alts:alts_internal'
ERROR: /data/h445xu/.cache/bazel/_bazel_hongxu/85d1988b584dfc4e90522bfdc0323c4e/external/io_grpc_grpc_java/core/BUILD.bazel:15:13: no such package '@@maven//': Error while fetching artifact with coursier: Resolution error: Error downloading com.google.api:gapic-generator-java:2.61.1-SNAPSHOT
  not found: /home/hongxu/.m2/repository/com/google/api/gapic-generator-java/2.61.1-SNAPSHOT/gapic-generator-java-2.61.1-SNAPSHOT.pom
  not found: https://repo.maven.apache.org/maven2/com/google/api/gapic-generator-java/2.61.1-SNAPSHOT/gapic-generator-java-2.61.1-SNAPSHOT.pom
 and referenced by '@@io_grpc_grpc_java//core:internal'
ERROR: /data/h445xu/.cache/bazel/_bazel_hongxu/85d1988b584dfc4e90522bfdc0323c4e/external/io_grpc_grpc_java/core/BUILD.bazel:15:13: no such package '@@maven//': Error while fetching artifact with coursier: Resolution error: Error downloading com.google.api:gapic-generator-java:2.61.1-SNAPSHOT
  not found: /home/hongxu/.m2/repository/com/google/api/gapic-generator-java/2.61.1-SNAPSHOT/gapic-generator-java-2.61.1-SNAPSHOT.pom
  not found: https://repo.maven.apache.org/maven2/com/google/api/gapic-generator-java/2.61.1-SNAPSHOT/gapic-generator-java-2.61.1-SNAPSHOT.pom
 and referenced by '@@io_grpc_grpc_java//core:internal'
ERROR: /data/h445xu/.cache/bazel/_bazel_hongxu/85d1988b584dfc4e90522bfdc0323c4e/external/io_grpc_grpc_java/core/BUILD.bazel:15:13: no such package '@@maven//': Error while fetching artifact with coursier: Resolution error: Error downloading com.google.api:gapic-generator-java:2.61.1-SNAPSHOT
  not found: /home/hongxu/.m2/repository/com/google/api/gapic-generator-java/2.61.1-SNAPSHOT/gapic-generator-java-2.61.1-SNAPSHOT.pom
  not found: https://repo.maven.apache.org/maven2/com/google/api/gapic-generator-java/2.61.1-SNAPSHOT/gapic-generator-java-2.61.1-SNAPSHOT.pom
 and referenced by '@@io_grpc_grpc_java//core:internal'
ERROR: /data/h445xu/.cache/bazel/_bazel_hongxu/85d1988b584dfc4e90522bfdc0323c4e/external/io_grpc_grpc_java/core/BUILD.bazel:15:13: no such package '@@maven//': Error while fetching artifact with coursier: Resolution error: Error downloading com.google.api:gapic-generator-java:2.61.1-SNAPSHOT
  not found: /home/hongxu/.m2/repository/com/google/api/gapic-generator-java/2.61.1-SNAPSHOT/gapic-generator-java-2.61.1-SNAPSHOT.pom
  not found: https://repo.maven.apache.org/maven2/com/google/api/gapic-generator-java/2.61.1-SNAPSHOT/gapic-generator-java-2.61.1-SNAPSHOT.pom
 and referenced by '@@io_grpc_grpc_java//core:internal'
ERROR: /data/h445xu/.cache/bazel/_bazel_hongxu/85d1988b584dfc4e90522bfdc0323c4e/external/io_grpc_grpc_java/core/BUILD.bazel:15:13: no such package '@@maven//': Error while fetching artifact with coursier: Resolution error: Error downloading com.google.api:gapic-generator-java:2.61.1-SNAPSHOT
  not found: /home/hongxu/.m2/repository/com/google/api/gapic-generator-java/2.61.1-SNAPSHOT/gapic-generator-java-2.61.1-SNAPSHOT.pom
  not found: https://repo.maven.apache.org/maven2/com/google/api/gapic-generator-java/2.61.1-SNAPSHOT/gapic-generator-java-2.61.1-SNAPSHOT.pom
 and referenced by '@@io_grpc_grpc_java//core:internal'
ERROR: /data/h445xu/.cache/bazel/_bazel_hongxu/85d1988b584dfc4e90522bfdc0323c4e/external/io_grpc_grpc_java/core/BUILD.bazel:15:13: no such package '@@maven//': Error while fetching artifact with coursier: Resolution error: Error downloading com.google.api:gapic-generator-java:2.61.1-SNAPSHOT
  not found: /home/hongxu/.m2/repository/com/google/api/gapic-generator-java/2.61.1-SNAPSHOT/gapic-generator-java-2.61.1-SNAPSHOT.pom
  not found: https://repo.maven.apache.org/maven2/com/google/api/gapic-generator-java/2.61.1-SNAPSHOT/gapic-generator-java-2.61.1-SNAPSHOT.pom
 and referenced by '@@io_grpc_grpc_java//core:internal'
ERROR: /data/h445xu/.cache/bazel/_bazel_hongxu/85d1988b584dfc4e90522bfdc0323c4e/external/io_grpc_grpc_java/netty/BUILD.bazel:3:13: no such package '@@maven//': Error while fetching artifact with coursier: Resolution error: Error downloading com.google.api:gapic-generator-java:2.61.1-SNAPSHOT
  not found: /home/hongxu/.m2/repository/com/google/api/gapic-generator-java/2.61.1-SNAPSHOT/gapic-generator-java-2.61.1-SNAPSHOT.pom
  not found: https://repo.maven.apache.org/maven2/com/google/api/gapic-generator-java/2.61.1-SNAPSHOT/gapic-generator-java-2.61.1-SNAPSHOT.pom
 and referenced by '@@io_grpc_grpc_java//netty:netty'
ERROR: /data/h445xu/.cache/bazel/_bazel_hongxu/85d1988b584dfc4e90522bfdc0323c4e/external/io_grpc_grpc_java/netty/BUILD.bazel:3:13: no such package '@@maven//': Error while fetching artifact with coursier: Resolution error: Error downloading com.google.api:gapic-generator-java:2.61.1-SNAPSHOT
  not found: /home/hongxu/.m2/repository/com/google/api/gapic-generator-java/2.61.1-SNAPSHOT/gapic-generator-java-2.61.1-SNAPSHOT.pom
  not found: https://repo.maven.apache.org/maven2/com/google/api/gapic-generator-java/2.61.1-SNAPSHOT/gapic-generator-java-2.61.1-SNAPSHOT.pom
 and referenced by '@@io_grpc_grpc_java//netty:netty'
ERROR: /data/h445xu/.cache/bazel/_bazel_hongxu/85d1988b584dfc4e90522bfdc0323c4e/external/io_grpc_grpc_java/util/BUILD.bazel:3:13: no such package '@@maven//': Error while fetching artifact with coursier: Resolution error: Error downloading com.google.api:gapic-generator-java:2.61.1-SNAPSHOT
  not found: /home/hongxu/.m2/repository/com/google/api/gapic-generator-java/2.61.1-SNAPSHOT/gapic-generator-java-2.61.1-SNAPSHOT.pom
  not found: https://repo.maven.apache.org/maven2/com/google/api/gapic-generator-java/2.61.1-SNAPSHOT/gapic-generator-java-2.61.1-SNAPSHOT.pom
 and referenced by '@@io_grpc_grpc_java//util:util'
ERROR: /data/h445xu/.cache/bazel/_bazel_hongxu/85d1988b584dfc4e90522bfdc0323c4e/external/io_grpc_grpc_java/util/BUILD.bazel:3:13: no such package '@@maven//': Error while fetching artifact with coursier: Resolution error: Error downloading com.google.api:gapic-generator-java:2.61.1-SNAPSHOT
  not found: /home/hongxu/.m2/repository/com/google/api/gapic-generator-java/2.61.1-SNAPSHOT/gapic-generator-java-2.61.1-SNAPSHOT.pom
  not found: https://repo.maven.apache.org/maven2/com/google/api/gapic-generator-java/2.61.1-SNAPSHOT/gapic-generator-java-2.61.1-SNAPSHOT.pom
 and referenced by '@@io_grpc_grpc_java//util:util'
ERROR: /data/h445xu/.cache/bazel/_bazel_hongxu/85d1988b584dfc4e90522bfdc0323c4e/external/io_grpc_grpc_java/util/BUILD.bazel:3:13: no such package '@@maven//': Error while fetching artifact with coursier: Resolution error: Error downloading com.google.api:gapic-generator-java:2.61.1-SNAPSHOT
  not found: /home/hongxu/.m2/repository/com/google/api/gapic-generator-java/2.61.1-SNAPSHOT/gapic-generator-java-2.61.1-SNAPSHOT.pom
  not found: https://repo.maven.apache.org/maven2/com/google/api/gapic-generator-java/2.61.1-SNAPSHOT/gapic-generator-java-2.61.1-SNAPSHOT.pom
 and referenced by '@@io_grpc_grpc_java//util:util'
ERROR: /data/h445xu/.cache/bazel/_bazel_hongxu/85d1988b584dfc4e90522bfdc0323c4e/external/io_grpc_grpc_java/netty/BUILD.bazel:3:13: no such package '@@maven//': Error while fetching artifact with coursier: Resolution error: Error downloading com.google.api:gapic-generator-java:2.61.1-SNAPSHOT
  not found: /home/hongxu/.m2/repository/com/google/api/gapic-generator-java/2.61.1-SNAPSHOT/gapic-generator-java-2.61.1-SNAPSHOT.pom
  not found: https://repo.maven.apache.org/maven2/com/google/api/gapic-generator-java/2.61.1-SNAPSHOT/gapic-generator-java-2.61.1-SNAPSHOT.pom
 and referenced by '@@io_grpc_grpc_java//netty:netty'
ERROR: /data/h445xu/.cache/bazel/_bazel_hongxu/85d1988b584dfc4e90522bfdc0323c4e/external/io_grpc_grpc_java/netty/BUILD.bazel:3:13: no such package '@@maven//': Error while fetching artifact with coursier: Resolution error: Error downloading com.google.api:gapic-generator-java:2.61.1-SNAPSHOT
  not found: /home/hongxu/.m2/repository/com/google/api/gapic-generator-java/2.61.1-SNAPSHOT/gapic-generator-java-2.61.1-SNAPSHOT.pom
  not found: https://repo.maven.apache.org/maven2/com/google/api/gapic-generator-java/2.61.1-SNAPSHOT/gapic-generator-java-2.61.1-SNAPSHOT.pom
 and referenced by '@@io_grpc_grpc_java//netty:netty'
ERROR: /data/h445xu/.cache/bazel/_bazel_hongxu/85d1988b584dfc4e90522bfdc0323c4e/external/io_grpc_grpc_java/netty/BUILD.bazel:3:13: no such package '@@maven//': Error while fetching artifact with coursier: Resolution error: Error downloading com.google.api:gapic-generator-java:2.61.1-SNAPSHOT
  not found: /home/hongxu/.m2/repository/com/google/api/gapic-generator-java/2.61.1-SNAPSHOT/gapic-generator-java-2.61.1-SNAPSHOT.pom
  not found: https://repo.maven.apache.org/maven2/com/google/api/gapic-generator-java/2.61.1-SNAPSHOT/gapic-generator-java-2.61.1-SNAPSHOT.pom
 and referenced by '@@io_grpc_grpc_java//netty:netty'
ERROR: /data/h445xu/.cache/bazel/_bazel_hongxu/85d1988b584dfc4e90522bfdc0323c4e/external/io_grpc_grpc_java/netty/BUILD.bazel:3:13: no such package '@@maven//': Error while fetching artifact with coursier: Resolution error: Error downloading com.google.api:gapic-generator-java:2.61.1-SNAPSHOT
  not found: /home/hongxu/.m2/repository/com/google/api/gapic-generator-java/2.61.1-SNAPSHOT/gapic-generator-java-2.61.1-SNAPSHOT.pom
  not found: https://repo.maven.apache.org/maven2/com/google/api/gapic-generator-java/2.61.1-SNAPSHOT/gapic-generator-java-2.61.1-SNAPSHOT.pom
 and referenced by '@@io_grpc_grpc_java//netty:netty'
ERROR: /data/h445xu/.cache/bazel/_bazel_hongxu/85d1988b584dfc4e90522bfdc0323c4e/external/io_grpc_grpc_java/netty/BUILD.bazel:3:13: no such package '@@maven//': Error while fetching artifact with coursier: Resolution error: Error downloading com.google.api:gapic-generator-java:2.61.1-SNAPSHOT
  not found: /home/hongxu/.m2/repository/com/google/api/gapic-generator-java/2.61.1-SNAPSHOT/gapic-generator-java-2.61.1-SNAPSHOT.pom
  not found: https://repo.maven.apache.org/maven2/com/google/api/gapic-generator-java/2.61.1-SNAPSHOT/gapic-generator-java-2.61.1-SNAPSHOT.pom
 and referenced by '@@io_grpc_grpc_java//netty:netty'
ERROR: /data/h445xu/.cache/bazel/_bazel_hongxu/85d1988b584dfc4e90522bfdc0323c4e/external/io_grpc_grpc_java/netty/BUILD.bazel:3:13: no such package '@@maven//': Error while fetching artifact with coursier: Resolution error: Error downloading com.google.api:gapic-generator-java:2.61.1-SNAPSHOT
  not found: /home/hongxu/.m2/repository/com/google/api/gapic-generator-java/2.61.1-SNAPSHOT/gapic-generator-java-2.61.1-SNAPSHOT.pom
  not found: https://repo.maven.apache.org/maven2/com/google/api/gapic-generator-java/2.61.1-SNAPSHOT/gapic-generator-java-2.61.1-SNAPSHOT.pom
 and referenced by '@@io_grpc_grpc_java//netty:netty'
ERROR: /data/h445xu/.cache/bazel/_bazel_hongxu/85d1988b584dfc4e90522bfdc0323c4e/external/io_grpc_grpc_java/netty/BUILD.bazel:3:13: no such package '@@maven//': Error while fetching artifact with coursier: Resolution error: Error downloading com.google.api:gapic-generator-java:2.61.1-SNAPSHOT
  not found: /home/hongxu/.m2/repository/com/google/api/gapic-generator-java/2.61.1-SNAPSHOT/gapic-generator-java-2.61.1-SNAPSHOT.pom
  not found: https://repo.maven.apache.org/maven2/com/google/api/gapic-generator-java/2.61.1-SNAPSHOT/gapic-generator-java-2.61.1-SNAPSHOT.pom
 and referenced by '@@io_grpc_grpc_java//netty:netty'
ERROR: /data/h445xu/.cache/bazel/_bazel_hongxu/85d1988b584dfc4e90522bfdc0323c4e/external/io_grpc_grpc_java/netty/BUILD.bazel:3:13: no such package '@@maven//': Error while fetching artifact with coursier: Resolution error: Error downloading com.google.api:gapic-generator-java:2.61.1-SNAPSHOT
  not found: /home/hongxu/.m2/repository/com/google/api/gapic-generator-java/2.61.1-SNAPSHOT/gapic-generator-java-2.61.1-SNAPSHOT.pom
  not found: https://repo.maven.apache.org/maven2/com/google/api/gapic-generator-java/2.61.1-SNAPSHOT/gapic-generator-java-2.61.1-SNAPSHOT.pom
 and referenced by '@@io_grpc_grpc_java//netty:netty'
ERROR: /data/h445xu/.cache/bazel/_bazel_hongxu/85d1988b584dfc4e90522bfdc0323c4e/external/io_grpc_grpc_java/netty/BUILD.bazel:3:13: no such package '@@maven//': Error while fetching artifact with coursier: Resolution error: Error downloading com.google.api:gapic-generator-java:2.61.1-SNAPSHOT
  not found: /home/hongxu/.m2/repository/com/google/api/gapic-generator-java/2.61.1-SNAPSHOT/gapic-generator-java-2.61.1-SNAPSHOT.pom
  not found: https://repo.maven.apache.org/maven2/com/google/api/gapic-generator-java/2.61.1-SNAPSHOT/gapic-generator-java-2.61.1-SNAPSHOT.pom
 and referenced by '@@io_grpc_grpc_java//netty:netty'
ERROR: /data/h445xu/.cache/bazel/_bazel_hongxu/85d1988b584dfc4e90522bfdc0323c4e/external/io_grpc_grpc_java/netty/BUILD.bazel:3:13: no such package '@@maven//': Error while fetching artifact with coursier: Resolution error: Error downloading com.google.api:gapic-generator-java:2.61.1-SNAPSHOT
  not found: /home/hongxu/.m2/repository/com/google/api/gapic-generator-java/2.61.1-SNAPSHOT/gapic-generator-java-2.61.1-SNAPSHOT.pom
  not found: https://repo.maven.apache.org/maven2/com/google/api/gapic-generator-java/2.61.1-SNAPSHOT/gapic-generator-java-2.61.1-SNAPSHOT.pom
 and referenced by '@@io_grpc_grpc_java//netty:netty'
ERROR: /data/h445xu/.cache/bazel/_bazel_hongxu/85d1988b584dfc4e90522bfdc0323c4e/external/com_google_protobuf/java/util/BUILD.bazel:8:13: no such package '@@maven//': Error while fetching artifact with coursier: Resolution error: Error downloading com.google.api:gapic-generator-java:2.61.1-SNAPSHOT
  not found: /home/hongxu/.m2/repository/com/google/api/gapic-generator-java/2.61.1-SNAPSHOT/gapic-generator-java-2.61.1-SNAPSHOT.pom
  not found: https://repo.maven.apache.org/maven2/com/google/api/gapic-generator-java/2.61.1-SNAPSHOT/gapic-generator-java-2.61.1-SNAPSHOT.pom
 and referenced by '@@com_google_protobuf//java/util:util'
ERROR: /data/h445xu/.cache/bazel/_bazel_hongxu/85d1988b584dfc4e90522bfdc0323c4e/external/io_grpc_grpc_java/netty/BUILD.bazel:3:13: no such package '@@maven//': Error while fetching artifact with coursier: Resolution error: Error downloading com.google.api:gapic-generator-java:2.61.1-SNAPSHOT
  not found: /home/hongxu/.m2/repository/com/google/api/gapic-generator-java/2.61.1-SNAPSHOT/gapic-generator-java-2.61.1-SNAPSHOT.pom
  not found: https://repo.maven.apache.org/maven2/com/google/api/gapic-generator-java/2.61.1-SNAPSHOT/gapic-generator-java-2.61.1-SNAPSHOT.pom
 and referenced by '@@io_grpc_grpc_java//netty:netty'
ERROR: /data/h445xu/.cache/bazel/_bazel_hongxu/85d1988b584dfc4e90522bfdc0323c4e/external/io_grpc_grpc_java/netty/BUILD.bazel:3:13: no such package '@@maven//': Error while fetching artifact with coursier: Resolution error: Error downloading com.google.api:gapic-generator-java:2.61.1-SNAPSHOT
  not found: /home/hongxu/.m2/repository/com/google/api/gapic-generator-java/2.61.1-SNAPSHOT/gapic-generator-java-2.61.1-SNAPSHOT.pom
  not found: https://repo.maven.apache.org/maven2/com/google/api/gapic-generator-java/2.61.1-SNAPSHOT/gapic-generator-java-2.61.1-SNAPSHOT.pom
 and referenced by '@@io_grpc_grpc_java//netty:netty'
ERROR: /data/h445xu/.cache/bazel/_bazel_hongxu/85d1988b584dfc4e90522bfdc0323c4e/external/io_grpc_grpc_java/netty/BUILD.bazel:3:13: no such package '@@maven//': Error while fetching artifact with coursier: Resolution error: Error downloading com.google.api:gapic-generator-java:2.61.1-SNAPSHOT
  not found: /home/hongxu/.m2/repository/com/google/api/gapic-generator-java/2.61.1-SNAPSHOT/gapic-generator-java-2.61.1-SNAPSHOT.pom
  not found: https://repo.maven.apache.org/maven2/com/google/api/gapic-generator-java/2.61.1-SNAPSHOT/gapic-generator-java-2.61.1-SNAPSHOT.pom
 and referenced by '@@io_grpc_grpc_java//netty:netty'
ERROR: /data/h445xu/.cache/bazel/_bazel_hongxu/85d1988b584dfc4e90522bfdc0323c4e/external/io_grpc_grpc_java/grpclb/BUILD.bazel:4:13: no such package '@@maven//': Error while fetching artifact with coursier: Resolution error: Error downloading com.google.api:gapic-generator-java:2.61.1-SNAPSHOT
  not found: /home/hongxu/.m2/repository/com/google/api/gapic-generator-java/2.61.1-SNAPSHOT/gapic-generator-java-2.61.1-SNAPSHOT.pom
  not found: https://repo.maven.apache.org/maven2/com/google/api/gapic-generator-java/2.61.1-SNAPSHOT/gapic-generator-java-2.61.1-SNAPSHOT.pom
 and referenced by '@@io_grpc_grpc_java//grpclb:grpclb'
ERROR: /data/h445xu/.cache/bazel/_bazel_hongxu/85d1988b584dfc4e90522bfdc0323c4e/external/com_google_protobuf/java/util/BUILD.bazel:8:13: no such package '@@maven//': Error while fetching artifact with coursier: Resolution error: Error downloading com.google.api:gapic-generator-java:2.61.1-SNAPSHOT
  not found: /home/hongxu/.m2/repository/com/google/api/gapic-generator-java/2.61.1-SNAPSHOT/gapic-generator-java-2.61.1-SNAPSHOT.pom
  not found: https://repo.maven.apache.org/maven2/com/google/api/gapic-generator-java/2.61.1-SNAPSHOT/gapic-generator-java-2.61.1-SNAPSHOT.pom
 and referenced by '@@com_google_protobuf//java/util:util'
ERROR: /data/h445xu/.cache/bazel/_bazel_hongxu/85d1988b584dfc4e90522bfdc0323c4e/external/io_grpc_grpc_java/grpclb/BUILD.bazel:4:13: no such package '@@maven//': Error while fetching artifact with coursier: Resolution error: Error downloading com.google.api:gapic-generator-java:2.61.1-SNAPSHOT
  not found: /home/hongxu/.m2/repository/com/google/api/gapic-generator-java/2.61.1-SNAPSHOT/gapic-generator-java-2.61.1-SNAPSHOT.pom
  not found: https://repo.maven.apache.org/maven2/com/google/api/gapic-generator-java/2.61.1-SNAPSHOT/gapic-generator-java-2.61.1-SNAPSHOT.pom
 and referenced by '@@io_grpc_grpc_java//grpclb:grpclb'
ERROR: /data/h445xu/.cache/bazel/_bazel_hongxu/85d1988b584dfc4e90522bfdc0323c4e/external/com_google_protobuf/java/util/BUILD.bazel:8:13: no such package '@@maven//': Error while fetching artifact with coursier: Resolution error: Error downloading com.google.api:gapic-generator-java:2.61.1-SNAPSHOT
  not found: /home/hongxu/.m2/repository/com/google/api/gapic-generator-java/2.61.1-SNAPSHOT/gapic-generator-java-2.61.1-SNAPSHOT.pom
  not found: https://repo.maven.apache.org/maven2/com/google/api/gapic-generator-java/2.61.1-SNAPSHOT/gapic-generator-java-2.61.1-SNAPSHOT.pom
 and referenced by '@@com_google_protobuf//java/util:util'
ERROR: /data/h445xu/.cache/bazel/_bazel_hongxu/85d1988b584dfc4e90522bfdc0323c4e/external/io_grpc_grpc_java/grpclb/BUILD.bazel:4:13: no such package '@@maven//': Error while fetching artifact with coursier: Resolution error: Error downloading com.google.api:gapic-generator-java:2.61.1-SNAPSHOT
  not found: /home/hongxu/.m2/repository/com/google/api/gapic-generator-java/2.61.1-SNAPSHOT/gapic-generator-java-2.61.1-SNAPSHOT.pom
  not found: https://repo.maven.apache.org/maven2/com/google/api/gapic-generator-java/2.61.1-SNAPSHOT/gapic-generator-java-2.61.1-SNAPSHOT.pom
 and referenced by '@@io_grpc_grpc_java//grpclb:grpclb'
ERROR: /data/h445xu/.cache/bazel/_bazel_hongxu/85d1988b584dfc4e90522bfdc0323c4e/external/com_google_protobuf/java/util/BUILD.bazel:8:13: no such package '@@maven//': Error while fetching artifact with coursier: Resolution error: Error downloading com.google.api:gapic-generator-java:2.61.1-SNAPSHOT
  not found: /home/hongxu/.m2/repository/com/google/api/gapic-generator-java/2.61.1-SNAPSHOT/gapic-generator-java-2.61.1-SNAPSHOT.pom
  not found: https://repo.maven.apache.org/maven2/com/google/api/gapic-generator-java/2.61.1-SNAPSHOT/gapic-generator-java-2.61.1-SNAPSHOT.pom
 and referenced by '@@com_google_protobuf//java/util:util'
ERROR: /data/h445xu/.cache/bazel/_bazel_hongxu/85d1988b584dfc4e90522bfdc0323c4e/external/com_google_protobuf/java/util/BUILD.bazel:8:13: no such package '@@maven//': Error while fetching artifact with coursier: Resolution error: Error downloading com.google.api:gapic-generator-java:2.61.1-SNAPSHOT
  not found: /home/hongxu/.m2/repository/com/google/api/gapic-generator-java/2.61.1-SNAPSHOT/gapic-generator-java-2.61.1-SNAPSHOT.pom
  not found: https://repo.maven.apache.org/maven2/com/google/api/gapic-generator-java/2.61.1-SNAPSHOT/gapic-generator-java-2.61.1-SNAPSHOT.pom
 and referenced by '@@com_google_protobuf//java/util:util'
ERROR: /data/h445xu/repo/bazel-repos/cloned_repos/googleapis__sdk-platform-java/BUILD.bazel:40:12: no such package '@@maven//': Error while fetching artifact with coursier: Resolution error: Error downloading com.google.api:gapic-generator-java:2.61.1-SNAPSHOT
  not found: /home/hongxu/.m2/repository/com/google/api/gapic-generator-java/2.61.1-SNAPSHOT/gapic-generator-java-2.61.1-SNAPSHOT.pom
  not found: https://repo.maven.apache.org/maven2/com/google/api/gapic-generator-java/2.61.1-SNAPSHOT/gapic-generator-java-2.61.1-SNAPSHOT.pom
 and referenced by '//:code_generator_request_file_to_gapic_main'
ERROR: /data/h445xu/.cache/bazel/_bazel_hongxu/85d1988b584dfc4e90522bfdc0323c4e/external/io_grpc_grpc_java/auth/BUILD.bazel:3:13: no such package '@@maven//': Error while fetching artifact with coursier: Resolution error: Error downloading com.google.api:gapic-generator-java:2.61.1-SNAPSHOT
  not found: /home/hongxu/.m2/repository/com/google/api/gapic-generator-java/2.61.1-SNAPSHOT/gapic-generator-java-2.61.1-SNAPSHOT.pom
  not found: https://repo.maven.apache.org/maven2/com/google/api/gapic-generator-java/2.61.1-SNAPSHOT/gapic-generator-java-2.61.1-SNAPSHOT.pom
 and referenced by '@@io_grpc_grpc_java//auth:auth'
ERROR: /data/h445xu/.cache/bazel/_bazel_hongxu/85d1988b584dfc4e90522bfdc0323c4e/external/io_grpc_grpc_java/auth/BUILD.bazel:3:13: no such package '@@maven//': Error while fetching artifact with coursier: Resolution error: Error downloading com.google.api:gapic-generator-java:2.61.1-SNAPSHOT
  not found: /home/hongxu/.m2/repository/com/google/api/gapic-generator-java/2.61.1-SNAPSHOT/gapic-generator-java-2.61.1-SNAPSHOT.pom
  not found: https://repo.maven.apache.org/maven2/com/google/api/gapic-generator-java/2.61.1-SNAPSHOT/gapic-generator-java-2.61.1-SNAPSHOT.pom
 and referenced by '@@io_grpc_grpc_java//auth:auth'
ERROR: /data/h445xu/repo/bazel-repos/cloned_repos/googleapis__sdk-platform-java/BUILD.bazel:27:12: no such package '@@maven//': Error while fetching artifact with coursier: Resolution error: Error downloading com.google.api:gapic-generator-java:2.61.1-SNAPSHOT
  not found: /home/hongxu/.m2/repository/com/google/api/gapic-generator-java/2.61.1-SNAPSHOT/gapic-generator-java-2.61.1-SNAPSHOT.pom
  not found: https://repo.maven.apache.org/maven2/com/google/api/gapic-generator-java/2.61.1-SNAPSHOT/gapic-generator-java-2.61.1-SNAPSHOT.pom
 and referenced by '//:protoc-gen-code_generator_request_dumper'
ERROR: /data/h445xu/.cache/bazel/_bazel_hongxu/85d1988b584dfc4e90522bfdc0323c4e/external/io_grpc_grpc_java/auth/BUILD.bazel:3:13: no such package '@@maven//': Error while fetching artifact with coursier: Resolution error: Error downloading com.google.api:gapic-generator-java:2.61.1-SNAPSHOT
  not found: /home/hongxu/.m2/repository/com/google/api/gapic-generator-java/2.61.1-SNAPSHOT/gapic-generator-java-2.61.1-SNAPSHOT.pom
  not found: https://repo.maven.apache.org/maven2/com/google/api/gapic-generator-java/2.61.1-SNAPSHOT/gapic-generator-java-2.61.1-SNAPSHOT.pom
 and referenced by '@@io_grpc_grpc_java//auth:auth'
ERROR: /data/h445xu/.cache/bazel/_bazel_hongxu/85d1988b584dfc4e90522bfdc0323c4e/external/io_grpc_grpc_java/inprocess/BUILD.bazel:3:13: no such package '@@maven//': Error while fetching artifact with coursier: Resolution error: Error downloading com.google.api:gapic-generator-java:2.61.1-SNAPSHOT
  not found: /home/hongxu/.m2/repository/com/google/api/gapic-generator-java/2.61.1-SNAPSHOT/gapic-generator-java-2.61.1-SNAPSHOT.pom
  not found: https://repo.maven.apache.org/maven2/com/google/api/gapic-generator-java/2.61.1-SNAPSHOT/gapic-generator-java-2.61.1-SNAPSHOT.pom
 and referenced by '@@io_grpc_grpc_java//inprocess:inprocess'
ERROR: /data/h445xu/.cache/bazel/_bazel_hongxu/85d1988b584dfc4e90522bfdc0323c4e/external/io_grpc_grpc_java/inprocess/BUILD.bazel:3:13: no such package '@@maven//': Error while fetching artifact with coursier: Resolution error: Error downloading com.google.api:gapic-generator-java:2.61.1-SNAPSHOT
  not found: /home/hongxu/.m2/repository/com/google/api/gapic-generator-java/2.61.1-SNAPSHOT/gapic-generator-java-2.61.1-SNAPSHOT.pom
  not found: https://repo.maven.apache.org/maven2/com/google/api/gapic-generator-java/2.61.1-SNAPSHOT/gapic-generator-java-2.61.1-SNAPSHOT.pom
 and referenced by '@@io_grpc_grpc_java//inprocess:inprocess'
ERROR: /data/h445xu/.cache/bazel/_bazel_hongxu/85d1988b584dfc4e90522bfdc0323c4e/external/io_grpc_grpc_java/inprocess/BUILD.bazel:3:13: no such package '@@maven//': Error while fetching artifact with coursier: Resolution error: Error downloading com.google.api:gapic-generator-java:2.61.1-SNAPSHOT
  not found: /home/hongxu/.m2/repository/com/google/api/gapic-generator-java/2.61.1-SNAPSHOT/gapic-generator-java-2.61.1-SNAPSHOT.pom
  not found: https://repo.maven.apache.org/maven2/com/google/api/gapic-generator-java/2.61.1-SNAPSHOT/gapic-generator-java-2.61.1-SNAPSHOT.pom
 and referenced by '@@io_grpc_grpc_java//inprocess:inprocess'
ERROR: /data/h445xu/repo/bazel-repos/cloned_repos/googleapis__sdk-platform-java/BUILD.bazel:5:12: no such package '@@maven//': Error while fetching artifact with coursier: Resolution error: Error downloading com.google.api:gapic-generator-java:2.61.1-SNAPSHOT
  not found: /home/hongxu/.m2/repository/com/google/api/gapic-generator-java/2.61.1-SNAPSHOT/gapic-generator-java-2.61.1-SNAPSHOT.pom
  not found: https://repo.maven.apache.org/maven2/com/google/api/gapic-generator-java/2.61.1-SNAPSHOT/gapic-generator-java-2.61.1-SNAPSHOT.pom
 and referenced by '//:protoc-gen-java_gapic'
ERROR: Evaluation of query "deps(//...)" failed: errors were encountered while computing transitive closure
WARNING: --keep_going specified, ignoring errors. Results may be inaccurate
Read 0 lines from bazel query output...
Read 1000 lines from bazel query output...
Read 2000 lines from bazel query output...
Read 3000 lines from bazel query output...
Read 4000 lines from bazel query output...
Read 5000 lines from bazel query output...
Read 6000 lines from bazel query output...
Read 7000 lines from bazel query output...
Read 8000 lines from bazel query output...
Read 9000 lines from bazel query output...
Read 10000 lines from bazel query output...
Read 11000 lines from bazel query output...
Read 12000 lines from bazel query output...
Read 13000 lines from bazel query output...
Read 14000 lines from bazel query output...
Read 15000 lines from bazel query output...
Read 16000 lines from bazel query output...
Read 17000 lines from bazel query output...
Read 18000 lines from bazel query output...
Read 19000 lines from bazel query output...
Loading: 204 packages loaded
