Starting local Bazel server (8.3.1) and connecting to it...
 no actions running
WARNING: WORKSPACE support will be removed in Bazel 9 (late 2025), please migrate to Bzlmod, see https://bazel.build/external/migration.
Loading: 0 packages loaded
ERROR: /data/h445xu/repo/bazel-repos/cloned_repos/google__llvm-propeller/propeller/testdata/BUILD:353:8: no such package '@@[unknown repo 'platforms' requested from @@]//cpu': The repository '@@[unknown repo 'platforms' requested from @@]' could not be resolved: No repository visible as '@platforms' from main repository and referenced by '//propeller/testdata:bimodal_sample_mfs_bin'
ERROR: /data/h445xu/repo/bazel-repos/cloned_repos/google__llvm-propeller/propeller/testdata/BUILD:226:8: no such package '@@[unknown repo 'platforms' requested from @@]//cpu': The repository '@@[unknown repo 'platforms' requested from @@]' could not be resolved: No repository visible as '@platforms' from main repository and referenced by '//propeller/testdata:bimodal_sample_bin'
ERROR: /data/h445xu/repo/bazel-repos/cloned_repos/google__llvm-propeller/propeller/testdata/BUILD:252:8: no such package '@@[unknown repo 'platforms' requested from @@]//cpu': The repository '@@[unknown repo 'platforms' requested from @@]' could not be resolved: No repository visible as '@platforms' from main repository and referenced by '//propeller/testdata:bimodal_sample_x_bin'
ERROR: /data/h445xu/repo/bazel-repos/cloned_repos/google__llvm-propeller/propeller/testdata/BUILD:200:8: no such package '@@[unknown repo 'platforms' requested from @@]//cpu': The repository '@@[unknown repo 'platforms' requested from @@]' could not be resolved: No repository visible as '@platforms' from main repository and referenced by '//propeller/testdata:bimodal_sample_v2_bin'
ERROR: /data/h445xu/repo/bazel-repos/cloned_repos/google__llvm-propeller/propeller/testdata/BUILD:297:8: no such package '@@[unknown repo 'platforms' requested from @@]//cpu': The repository '@@[unknown repo 'platforms' requested from @@]' could not be resolved: No repository visible as '@platforms' from main repository and referenced by '//propeller/testdata:sample_bin'
ERROR: /data/h445xu/repo/bazel-repos/cloned_repos/google__llvm-propeller/propeller/testdata/BUILD:409:8: no such package '@@[unknown repo 'platforms' requested from @@]//cpu': The repository '@@[unknown repo 'platforms' requested from @@]' could not be resolved: No repository visible as '@platforms' from main repository and referenced by '//propeller/testdata:sample_section_bin'
ERROR: /data/h445xu/repo/bazel-repos/cloned_repos/google__llvm-propeller/propeller/testdata/BUILD:462:8: no such package '@@[unknown repo 'platforms' requested from @@]//cpu': The repository '@@[unknown repo 'platforms' requested from @@]' could not be resolved: No repository visible as '@platforms' from main repository and referenced by '//propeller/testdata:thunks_bin'
ERROR: /data/h445xu/repo/bazel-repos/cloned_repos/google__llvm-propeller/propeller/testdata/BUILD:436:8: no such package '@@[unknown repo 'platforms' requested from @@]//cpu': The repository '@@[unknown repo 'platforms' requested from @@]' could not be resolved: No repository visible as '@platforms' from main repository and referenced by '//propeller/testdata:sample_arm_bin'
Loading: 86 packages loaded
ERROR: /data/h445xu/repo/bazel-repos/cloned_repos/google__llvm-propeller/propeller/testdata/BUILD:135:8: no such package '@@[unknown repo 'platforms' requested from @@]//cpu': The repository '@@[unknown repo 'platforms' requested from @@]' could not be resolved: No repository visible as '@platforms' from main repository and referenced by '//propeller/testdata:propeller_sample_1_perfdata'
WARNING: --keep_going specified, ignoring errors. Results may be inaccurate
Read 0 lines from bazel query output...
Read 1000 lines from bazel query output...
Read 2000 lines from bazel query output...
Read 3000 lines from bazel query output...
Read 4000 lines from bazel query output...
Read 5000 lines from bazel query output...
Read 6000 lines from bazel query output...
Read 7000 lines from bazel query output...
Read 8000 lines from bazel query output...
Read 9000 lines from bazel query output...
Read 10000 lines from bazel query output...
Read 11000 lines from bazel query output...
Read 12000 lines from bazel query output...
Read 13000 lines from bazel query output...
Read 14000 lines from bazel query output...
Read 15000 lines from bazel query output...
Read 16000 lines from bazel query output...
Read 17000 lines from bazel query output...
Read 18000 lines from bazel query output...
Read 19000 lines from bazel query output...
Read 20000 lines from bazel query output...
Read 21000 lines from bazel query output...
Read 22000 lines from bazel query output...
Read 23000 lines from bazel query output...
Read 24000 lines from bazel query output...
Read 25000 lines from bazel query output...
Read 26000 lines from bazel query output...
Read 27000 lines from bazel query output...
Read 28000 lines from bazel query output...
Read 29000 lines from bazel query output...
Read 30000 lines from bazel query output...
Read 31000 lines from bazel query output...
Read 32000 lines from bazel query output...
Read 33000 lines from bazel query output...
Read 34000 lines from bazel query output...
Read 35000 lines from bazel query output...
Read 36000 lines from bazel query output...
Read 37000 lines from bazel query output...
Read 38000 lines from bazel query output...
Read 39000 lines from bazel query output...
Read 40000 lines from bazel query output...
Read 41000 lines from bazel query output...
Read 42000 lines from bazel query output...
Read 43000 lines from bazel query output...
Read 44000 lines from bazel query output...
Read 45000 lines from bazel query output...
Read 46000 lines from bazel query output...
Read 47000 lines from bazel query output...
Read 48000 lines from bazel query output...
Read 49000 lines from bazel query output...
Read 50000 lines from bazel query output...
Read 51000 lines from bazel query output...
Read 52000 lines from bazel query output...
Read 53000 lines from bazel query output...
Read 54000 lines from bazel query output...
Read 55000 lines from bazel query output...
Read 56000 lines from bazel query output...
Read 57000 lines from bazel query output...
Read 58000 lines from bazel query output...
Read 59000 lines from bazel query output...
