Starting local Bazel server (8.3.1) and connecting to it...
 no actions running
Loading: 0 packages loaded
ERROR: error loading package 'generator/postman': Unable to find package for @@[unknown repo 'npm' requested from @@]//@bazel/typescript:index.bzl: The repository '@@[unknown repo 'npm' requested from @@]' could not be resolved: No repository visible as '@npm' from main repository. Was the repository introduced in WORKSPACE? The WORKSPACE file is disabled by default in Bazel 8 (late 2024) and will be removed in Bazel 9 (late 2025), please migrate to Bzlmod. See https://bazel.build/external/migration.
ERROR: error loading package 'generator/documentation': Unable to find package for @@[unknown repo 'npm' requested from @@]//@bazel/typescript:index.bzl: The repository '@@[unknown repo 'npm' requested from @@]' could not be resolved: No repository visible as '@npm' from main repository. Was the repository introduced in WORKSPACE? The WORKSPACE file is disabled by default in Bazel 8 (late 2024) and will be removed in Bazel 9 (late 2025), please migrate to Bzlmod. See https://bazel.build/external/migration.
ERROR: error loading package 'generator/requests': Unable to find package for @@[unknown repo 'npm' requested from @@]//@bazel/typescript:index.bzl: The repository '@@[unknown repo 'npm' requested from @@]' could not be resolved: No repository visible as '@npm' from main repository. Was the repository introduced in WORKSPACE? The WORKSPACE file is disabled by default in Bazel 8 (late 2024) and will be removed in Bazel 9 (late 2025), please migrate to Bzlmod. See https://bazel.build/external/migration.
ERROR: error loading package 'rules': Unable to find package for @@[unknown repo 'npm' requested from @@]//@bazel/typescript:index.bzl: The repository '@@[unknown repo 'npm' requested from @@]' could not be resolved: No repository visible as '@npm' from main repository. Was the repository introduced in WORKSPACE? The WORKSPACE file is disabled by default in Bazel 8 (late 2024) and will be removed in Bazel 9 (late 2025), please migrate to Bzlmod. See https://bazel.build/external/migration.
ERROR: error loading package 'generator/responses': Unable to find package for @@[unknown repo 'npm' requested from @@]//@bazel/typescript:index.bzl: The repository '@@[unknown repo 'npm' requested from @@]' could not be resolved: No repository visible as '@npm' from main repository. Was the repository introduced in WORKSPACE? The WORKSPACE file is disabled by default in Bazel 8 (late 2024) and will be removed in Bazel 9 (late 2025), please migrate to Bzlmod. See https://bazel.build/external/migration.
ERROR: Traceback (most recent call last):
	File "/data/h445xu/repo/bazel-repos/cloned_repos/googlemaps__openapi-specification/specification/BUILD.bazel", line 3, column 16, in <toplevel>
		srcs = glob([
Error in glob: glob pattern '**/*.json' didn't match anything, but allow_empty is set to False (the default value of allow_empty can be set with --incompatible_disallow_empty_glob).
ERROR: package contains errors: specification
ERROR: error loading package '': at /data/h445xu/repo/bazel-repos/cloned_repos/googlemaps__openapi-specification/rules/swagger_cli.bzl:15:6: Unable to find package for @@[unknown repo 'npm' requested from @@]//swagger-cli:index.bzl: The repository '@@[unknown repo 'npm' requested from @@]' could not be resolved: No repository visible as '@npm' from main repository. Was the repository introduced in WORKSPACE? The WORKSPACE file is disabled by default in Bazel 8 (late 2024) and will be removed in Bazel 9 (late 2025), please migrate to Bzlmod. See https://bazel.build/external/migration.
ERROR: package contains errors: specification: Traceback (most recent call last):
	File "/data/h445xu/repo/bazel-repos/cloned_repos/googlemaps__openapi-specification/specification/BUILD.bazel", line 3, column 16, in <toplevel>
		srcs = glob([
Error in glob: glob pattern '**/*.json' didn't match anything, but allow_empty is set to False (the default value of allow_empty can be set with --incompatible_disallow_empty_glob).
WARNING: --keep_going specified, ignoring errors. Results may be inaccurate
Read 0 lines from bazel query output...
INFO: Empty results
Failed to parse bazel query xml.
<?xml version="1.1" encoding="UTF-8" standalone="no"?><query version="2"/>
