Starting local Bazel server and connecting to it...
 checking cached actions
Loading: 0 packages loaded
ERROR: error loading package 'gapii/fuchsia': Unable to find package for @rules_fuchsia//fuchsia:defs.bzl: The repository '@rules_fuchsia' could not be resolved: Repository '@rules_fuchsia' is not defined.
ERROR: /data/h445xu/repo/bazel-repos/cloned_repos/google__agi/WORKSPACE:22:19: fetching android_ndk_repository rule //external:androidndk: Either the path attribute of android_ndk_repository or the ANDROID_NDK_HOME environment variable must be set.
INFO: Repository android_native_app_glue instantiated at:
  /data/h445xu/repo/bazel-repos/cloned_repos/google__agi/WORKSPACE:22:19: in <toplevel>
  /data/h445xu/repo/bazel-repos/cloned_repos/google__agi/tools/build/workspace.bzl:349:25: in gapid_dependencies
  /data/h445xu/repo/bazel-repos/cloned_repos/google__agi/tools/build/rules/repository.bzl:49:18: in maybe_repository
Repository rule android_native_app_glue defined at:
  /data/h445xu/repo/bazel-repos/cloned_repos/google__agi/tools/build/rules/android.bzl:101:42: in <toplevel>
INFO: Repository ndk_version_check instantiated at:
  /data/h445xu/repo/bazel-repos/cloned_repos/google__agi/WORKSPACE:22:19: in <toplevel>
  /data/h445xu/repo/bazel-repos/cloned_repos/google__agi/tools/build/workspace.bzl:361:25: in gapid_dependencies
  /data/h445xu/repo/bazel-repos/cloned_repos/google__agi/tools/build/rules/repository.bzl:49:18: in maybe_repository
Repository rule ndk_version_check defined at:
  /data/h445xu/repo/bazel-repos/cloned_repos/google__agi/tools/build/rules/android.bzl:179:36: in <toplevel>
INFO: Repository ndk_vk_validation_layer instantiated at:
  /data/h445xu/repo/bazel-repos/cloned_repos/google__agi/WORKSPACE:22:19: in <toplevel>
  /data/h445xu/repo/bazel-repos/cloned_repos/google__agi/tools/build/workspace.bzl:355:25: in gapid_dependencies
  /data/h445xu/repo/bazel-repos/cloned_repos/google__agi/tools/build/rules/repository.bzl:49:18: in maybe_repository
Repository rule ndk_vk_validation_layer defined at:
  /data/h445xu/repo/bazel-repos/cloned_repos/google__agi/tools/build/rules/android.bzl:131:42: in <toplevel>
ERROR: An error occurred during the fetch of repository 'android_native_app_glue':
   Traceback (most recent call last):
	File "/data/h445xu/repo/bazel-repos/cloned_repos/google__agi/tools/build/rules/android.bzl", line 84, column 32, in _android_native_app_glue_impl
		ctx.path(ctx.os.environ["ANDROID_NDK_HOME"] +
Error: key "ANDROID_NDK_HOME" not found in dictionary
ERROR: An error occurred during the fetch of repository 'ndk_vk_validation_layer':
   Traceback (most recent call last):
	File "/data/h445xu/repo/bazel-repos/cloned_repos/google__agi/tools/build/rules/android.bzl", line 116, column 36, in _ndk_vk_validation_layer
		ctx.path(ctx.os.environ["ANDROID_NDK_HOME"] +
Error: key "ANDROID_NDK_HOME" not found in dictionary
ERROR: An error occurred during the fetch of repository 'ndk_version_check':
   Traceback (most recent call last):
	File "/data/h445xu/repo/bazel-repos/cloned_repos/google__agi/tools/build/rules/android.bzl", line 148, column 47, in _ndk_version_check
		sourcePropFile = repository_ctx.os.environ["ANDROID_NDK_HOME"] + "/source.properties"
Error: key "ANDROID_NDK_HOME" not found in dictionary
ERROR: /data/h445xu/repo/bazel-repos/cloned_repos/google__agi/WORKSPACE:22:19: fetching android_native_app_glue rule //external:android_native_app_glue: Traceback (most recent call last):
	File "/data/h445xu/repo/bazel-repos/cloned_repos/google__agi/tools/build/rules/android.bzl", line 84, column 32, in _android_native_app_glue_impl
		ctx.path(ctx.os.environ["ANDROID_NDK_HOME"] +
Error: key "ANDROID_NDK_HOME" not found in dictionary
ERROR: /data/h445xu/repo/bazel-repos/cloned_repos/google__agi/WORKSPACE:22:19: fetching ndk_version_check rule //external:ndk_version_check: Traceback (most recent call last):
	File "/data/h445xu/repo/bazel-repos/cloned_repos/google__agi/tools/build/rules/android.bzl", line 148, column 47, in _ndk_version_check
		sourcePropFile = repository_ctx.os.environ["ANDROID_NDK_HOME"] + "/source.properties"
Error: key "ANDROID_NDK_HOME" not found in dictionary
ERROR: /data/h445xu/repo/bazel-repos/cloned_repos/google__agi/WORKSPACE:22:19: fetching ndk_vk_validation_layer rule //external:ndk_vk_validation_layer: Traceback (most recent call last):
	File "/data/h445xu/repo/bazel-repos/cloned_repos/google__agi/tools/build/rules/android.bzl", line 116, column 36, in _ndk_vk_validation_layer
		ctx.path(ctx.os.environ["ANDROID_NDK_HOME"] +
Error: key "ANDROID_NDK_HOME" not found in dictionary
ERROR: /data/h445xu/repo/bazel-repos/cloned_repos/google__agi/core/cc/BUILD.bazel:18:11: no such package '@fuchsia_sdk//pkg/zx': The repository '@fuchsia_sdk' could not be resolved: Repository '@fuchsia_sdk' is not defined and referenced by '//core/cc:cc'
ERROR: /data/h445xu/repo/bazel-repos/cloned_repos/google__agi/gapidapk/android/apk/BUILD.bazel:49:10: every rule of type _strip implicitly depends upon the target '@androidndk//:files', but this target could not be found because of: no such package '@androidndk//': Either the path attribute of android_ndk_repository or the ANDROID_NDK_HOME environment variable must be set.
ERROR: /data/h445xu/repo/bazel-repos/cloned_repos/google__agi/gapidapk/android/apk/BUILD.bazel:49:10: every rule of type _strip implicitly depends upon the target '@androidndk//:files', but this target could not be found because of: no such package '@androidndk//': Either the path attribute of android_ndk_repository or the ANDROID_NDK_HOME environment variable must be set.
ERROR: /data/h445xu/repo/bazel-repos/cloned_repos/google__agi/gapidapk/android/apk/BUILD.bazel:33:10: every rule of type _strip implicitly depends upon the target '@androidndk//:files', but this target could not be found because of: no such package '@androidndk//': Either the path attribute of android_ndk_repository or the ANDROID_NDK_HOME environment variable must be set.
ERROR: /data/h445xu/repo/bazel-repos/cloned_repos/google__agi/gapidapk/android/apk/BUILD.bazel:41:10: every rule of type _strip implicitly depends upon the target '@androidndk//:files', but this target could not be found because of: no such package '@androidndk//': Either the path attribute of android_ndk_repository or the ANDROID_NDK_HOME environment variable must be set.
ERROR: /data/h445xu/repo/bazel-repos/cloned_repos/google__agi/gapidapk/android/apk/BUILD.bazel:33:10: every rule of type _strip implicitly depends upon the target '@androidndk//:files', but this target could not be found because of: no such package '@androidndk//': Either the path attribute of android_ndk_repository or the ANDROID_NDK_HOME environment variable must be set.
ERROR: /data/h445xu/repo/bazel-repos/cloned_repos/google__agi/gapidapk/android/apk/BUILD.bazel:41:10: every rule of type _strip implicitly depends upon the target '@androidndk//:files', but this target could not be found because of: no such package '@androidndk//': Either the path attribute of android_ndk_repository or the ANDROID_NDK_HOME environment variable must be set.
ERROR: /data/h445xu/repo/bazel-repos/cloned_repos/google__agi/core/os/device/deviceinfo/cc/BUILD.bazel:25:11: no such package '@fuchsia_sdk//fidl/fuchsia.gpu.agis': The repository '@fuchsia_sdk' could not be resolved: Repository '@fuchsia_sdk' is not defined and referenced by '//core/os/device/deviceinfo/cc:cc'
ERROR: /data/h445xu/repo/bazel-repos/cloned_repos/google__agi/core/os/device/deviceinfo/cc/BUILD.bazel:25:11: no such package '@fuchsia_sdk//fidl/fuchsia.hwinfo': The repository '@fuchsia_sdk' could not be resolved: Repository '@fuchsia_sdk' is not defined and referenced by '//core/os/device/deviceinfo/cc:cc'
ERROR: /data/h445xu/repo/bazel-repos/cloned_repos/google__agi/core/os/device/deviceinfo/cc/BUILD.bazel:25:11: no such package '@fuchsia_sdk//pkg/sys_cpp': The repository '@fuchsia_sdk' could not be resolved: Repository '@fuchsia_sdk' is not defined and referenced by '//core/os/device/deviceinfo/cc:cc'
ERROR: /data/h445xu/repo/bazel-repos/cloned_repos/google__agi/gapidapk/android/apk/BUILD.bazel:41:10: every rule of type _strip implicitly depends upon the target '@androidndk//:files', but this target could not be found because of: no such package '@androidndk//': Either the path attribute of android_ndk_repository or the ANDROID_NDK_HOME environment variable must be set.
ERROR: /data/h445xu/repo/bazel-repos/cloned_repos/google__agi/gapidapk/android/apk/BUILD.bazel:49:10: every rule of type _strip implicitly depends upon the target '@androidndk//:files', but this target could not be found because of: no such package '@androidndk//': Either the path attribute of android_ndk_repository or the ANDROID_NDK_HOME environment variable must be set.
ERROR: /data/h445xu/repo/bazel-repos/cloned_repos/google__agi/gapidapk/android/apk/BUILD.bazel:33:10: every rule of type _strip implicitly depends upon the target '@androidndk//:files', but this target could not be found because of: no such package '@androidndk//': Either the path attribute of android_ndk_repository or the ANDROID_NDK_HOME environment variable must be set.
Loading: 527 packages loaded
    currently loading: gapii/fuchsia
ERROR: /data/h445xu/repo/bazel-repos/cloned_repos/google__agi/cmd/vulkan_sample/BUILD.bazel:17:11: no such package '@android_native_app_glue//': key "ANDROID_NDK_HOME" not found in dictionary and referenced by '//cmd/vulkan_sample:cc'
ERROR: /data/h445xu/repo/bazel-repos/cloned_repos/google__agi/gapidapk/android/apk/BUILD.bazel:41:10: every rule of type _strip implicitly depends upon the target '@androidndk//:files', but this target could not be found because of: no such package '@androidndk//': Either the path attribute of android_ndk_repository or the ANDROID_NDK_HOME environment variable must be set.
ERROR: /data/h445xu/repo/bazel-repos/cloned_repos/google__agi/gapidapk/android/apk/BUILD.bazel:41:10: every rule of type _strip implicitly depends upon the target '@androidndk//:files', but this target could not be found because of: no such package '@androidndk//': Either the path attribute of android_ndk_repository or the ANDROID_NDK_HOME environment variable must be set.
ERROR: /data/h445xu/repo/bazel-repos/cloned_repos/google__agi/gapidapk/android/apk/BUILD.bazel:49:10: every rule of type _strip implicitly depends upon the target '@androidndk//:files', but this target could not be found because of: no such package '@androidndk//': Either the path attribute of android_ndk_repository or the ANDROID_NDK_HOME environment variable must be set.
ERROR: /data/h445xu/repo/bazel-repos/cloned_repos/google__agi/gapidapk/android/apk/BUILD.bazel:33:10: every rule of type _strip implicitly depends upon the target '@androidndk//:files', but this target could not be found because of: no such package '@androidndk//': Either the path attribute of android_ndk_repository or the ANDROID_NDK_HOME environment variable must be set.
ERROR: /data/h445xu/repo/bazel-repos/cloned_repos/google__agi/gapidapk/android/apk/BUILD.bazel:49:10: every rule of type _strip implicitly depends upon the target '@androidndk//:files', but this target could not be found because of: no such package '@androidndk//': Either the path attribute of android_ndk_repository or the ANDROID_NDK_HOME environment variable must be set.
ERROR: /data/h445xu/repo/bazel-repos/cloned_repos/google__agi/gapidapk/android/apk/BUILD.bazel:33:10: every rule of type _strip implicitly depends upon the target '@androidndk//:files', but this target could not be found because of: no such package '@androidndk//': Either the path attribute of android_ndk_repository or the ANDROID_NDK_HOME environment variable must be set.
ERROR: /data/h445xu/repo/bazel-repos/cloned_repos/google__agi/gapidapk/android/apk/BUILD.bazel:41:10: every rule of type _strip implicitly depends upon the target '@androidndk//:files', but this target could not be found because of: no such package '@androidndk//': Either the path attribute of android_ndk_repository or the ANDROID_NDK_HOME environment variable must be set.
ERROR: /data/h445xu/repo/bazel-repos/cloned_repos/google__agi/gapidapk/android/apk/BUILD.bazel:49:10: every rule of type _strip implicitly depends upon the target '@androidndk//:files', but this target could not be found because of: no such package '@androidndk//': Either the path attribute of android_ndk_repository or the ANDROID_NDK_HOME environment variable must be set.
ERROR: /data/h445xu/repo/bazel-repos/cloned_repos/google__agi/gapidapk/android/apk/BUILD.bazel:33:10: every rule of type _strip implicitly depends upon the target '@androidndk//:files', but this target could not be found because of: no such package '@androidndk//': Either the path attribute of android_ndk_repository or the ANDROID_NDK_HOME environment variable must be set.
ERROR: /data/h445xu/repo/bazel-repos/cloned_repos/google__agi/cmd/gapir/cc/BUILD.bazel:17:11: no such package '@android_native_app_glue//': key "ANDROID_NDK_HOME" not found in dictionary and referenced by '//cmd/gapir/cc:cc'
ERROR: /data/h445xu/repo/bazel-repos/cloned_repos/google__agi/gapii/cc/BUILD.bazel:40:11: no such package '@fuchsia_sdk//fidl/fuchsia.gpu.agis': The repository '@fuchsia_sdk' could not be resolved: Repository '@fuchsia_sdk' is not defined and referenced by '//gapii/cc:cc'
ERROR: /data/h445xu/repo/bazel-repos/cloned_repos/google__agi/gapii/cc/BUILD.bazel:40:11: no such package '@fuchsia_sdk//pkg/fdio': The repository '@fuchsia_sdk' could not be resolved: Repository '@fuchsia_sdk' is not defined and referenced by '//gapii/cc:cc'
ERROR: /data/h445xu/repo/bazel-repos/cloned_repos/google__agi/gapidapk/android/apk/BUILD.bazel:33:10: every rule of type _strip implicitly depends upon the target '@androidndk//:files', but this target could not be found because of: no such package '@androidndk//': Either the path attribute of android_ndk_repository or the ANDROID_NDK_HOME environment variable must be set.
ERROR: /data/h445xu/repo/bazel-repos/cloned_repos/google__agi/gapidapk/android/apk/BUILD.bazel:41:10: every rule of type _strip implicitly depends upon the target '@androidndk//:files', but this target could not be found because of: no such package '@androidndk//': Either the path attribute of android_ndk_repository or the ANDROID_NDK_HOME environment variable must be set.
ERROR: /data/h445xu/repo/bazel-repos/cloned_repos/google__agi/gapidapk/android/apk/BUILD.bazel:49:10: every rule of type _strip implicitly depends upon the target '@androidndk//:files', but this target could not be found because of: no such package '@androidndk//': Either the path attribute of android_ndk_repository or the ANDROID_NDK_HOME environment variable must be set.
ERROR: /data/h445xu/repo/bazel-repos/cloned_repos/google__agi/gapidapk/android/apk/BUILD.bazel:49:10: every rule of type _strip implicitly depends upon the target '@androidndk//:files', but this target could not be found because of: no such package '@androidndk//': Either the path attribute of android_ndk_repository or the ANDROID_NDK_HOME environment variable must be set.
ERROR: /data/h445xu/repo/bazel-repos/cloned_repos/google__agi/gapidapk/android/apk/BUILD.bazel:33:10: every rule of type _strip implicitly depends upon the target '@androidndk//:files', but this target could not be found because of: no such package '@androidndk//': Either the path attribute of android_ndk_repository or the ANDROID_NDK_HOME environment variable must be set.
ERROR: /data/h445xu/repo/bazel-repos/cloned_repos/google__agi/gapidapk/android/apk/BUILD.bazel:41:10: every rule of type _strip implicitly depends upon the target '@androidndk//:files', but this target could not be found because of: no such package '@androidndk//': Either the path attribute of android_ndk_repository or the ANDROID_NDK_HOME environment variable must be set.
ERROR: /data/h445xu/repo/bazel-repos/cloned_repos/google__agi/gapidapk/android/apk/BUILD.bazel:33:10: every rule of type _strip implicitly depends upon the target '@androidndk//:files', but this target could not be found because of: no such package '@androidndk//': Either the path attribute of android_ndk_repository or the ANDROID_NDK_HOME environment variable must be set.
ERROR: /data/h445xu/repo/bazel-repos/cloned_repos/google__agi/gapidapk/android/apk/BUILD.bazel:49:10: every rule of type _strip implicitly depends upon the target '@androidndk//:files', but this target could not be found because of: no such package '@androidndk//': Either the path attribute of android_ndk_repository or the ANDROID_NDK_HOME environment variable must be set.
ERROR: /data/h445xu/repo/bazel-repos/cloned_repos/google__agi/gapidapk/android/apk/BUILD.bazel:41:10: every rule of type _strip implicitly depends upon the target '@androidndk//:files', but this target could not be found because of: no such package '@androidndk//': Either the path attribute of android_ndk_repository or the ANDROID_NDK_HOME environment variable must be set.
ERROR: /data/h445xu/repo/bazel-repos/cloned_repos/google__agi/gapidapk/android/apk/BUILD.bazel:33:10: no such package '@ndk_vk_validation_layer//': key "ANDROID_NDK_HOME" not found in dictionary and referenced by '//gapidapk/android/apk:armeabi-v7a_native'
ERROR: /data/h445xu/repo/bazel-repos/cloned_repos/google__agi/gapidapk/android/apk/BUILD.bazel:41:10: no such package '@ndk_vk_validation_layer//': key "ANDROID_NDK_HOME" not found in dictionary and referenced by '//gapidapk/android/apk:arm64-v8a_native'
ERROR: /data/h445xu/repo/bazel-repos/cloned_repos/google__agi/gapidapk/android/apk/BUILD.bazel:49:10: no such package '@ndk_vk_validation_layer//': key "ANDROID_NDK_HOME" not found in dictionary and referenced by '//gapidapk/android/apk:x86_native'
ERROR: /data/h445xu/repo/bazel-repos/cloned_repos/google__agi/gapidapk/android/apk/BUILD.bazel:41:10: no such package '@ndk_version_check//': key "ANDROID_NDK_HOME" not found in dictionary and referenced by '//gapidapk/android/apk:arm64-v8a'
ERROR: /data/h445xu/repo/bazel-repos/cloned_repos/google__agi/gapidapk/android/apk/BUILD.bazel:49:10: no such package '@ndk_version_check//': key "ANDROID_NDK_HOME" not found in dictionary and referenced by '//gapidapk/android/apk:x86'
ERROR: /data/h445xu/repo/bazel-repos/cloned_repos/google__agi/gapidapk/android/apk/BUILD.bazel:33:10: no such package '@ndk_version_check//': key "ANDROID_NDK_HOME" not found in dictionary and referenced by '//gapidapk/android/apk:armeabi-v7a'
ERROR: /data/h445xu/repo/bazel-repos/cloned_repos/google__agi/cmd/gapir/cc/BUILD.bazel:17:11: no such package '@android_native_app_glue//': key "ANDROID_NDK_HOME" not found in dictionary and referenced by '//cmd/gapir/cc:cc'
ERROR: /data/h445xu/repo/bazel-repos/cloned_repos/google__agi/core/os/device/deviceinfo/cc/BUILD.bazel:25:11: no such package '@fuchsia_sdk//fidl/fuchsia.gpu.agis': The repository '@fuchsia_sdk' could not be resolved: Repository '@fuchsia_sdk' is not defined and referenced by '//core/os/device/deviceinfo/cc:cc'
ERROR: /data/h445xu/repo/bazel-repos/cloned_repos/google__agi/core/os/device/deviceinfo/cc/BUILD.bazel:25:11: no such package '@fuchsia_sdk//fidl/fuchsia.hwinfo': The repository '@fuchsia_sdk' could not be resolved: Repository '@fuchsia_sdk' is not defined and referenced by '//core/os/device/deviceinfo/cc:cc'
ERROR: /data/h445xu/repo/bazel-repos/cloned_repos/google__agi/gapidapk/android/apk/BUILD.bazel:41:10: no such package '@ndk_version_check//': key "ANDROID_NDK_HOME" not found in dictionary and referenced by '//gapidapk/android/apk:arm64-v8a'
ERROR: /data/h445xu/repo/bazel-repos/cloned_repos/google__agi/gapidapk/android/apk/BUILD.bazel:49:10: no such package '@ndk_version_check//': key "ANDROID_NDK_HOME" not found in dictionary and referenced by '//gapidapk/android/apk:x86'
ERROR: /data/h445xu/repo/bazel-repos/cloned_repos/google__agi/gapidapk/android/apk/BUILD.bazel:33:10: no such package '@ndk_version_check//': key "ANDROID_NDK_HOME" not found in dictionary and referenced by '//gapidapk/android/apk:armeabi-v7a'
ERROR: /data/h445xu/repo/bazel-repos/cloned_repos/google__agi/core/cc/BUILD.bazel:18:11: no such package '@fuchsia_sdk//pkg/zx': The repository '@fuchsia_sdk' could not be resolved: Repository '@fuchsia_sdk' is not defined and referenced by '//core/cc:cc'
ERROR: /data/h445xu/repo/bazel-repos/cloned_repos/google__agi/core/cc/BUILD.bazel:18:11: no such package '@fuchsia_sdk//pkg/zx': The repository '@fuchsia_sdk' could not be resolved: Repository '@fuchsia_sdk' is not defined and referenced by '//core/cc:cc'
ERROR: /data/h445xu/repo/bazel-repos/cloned_repos/google__agi/core/os/device/deviceinfo/cc/BUILD.bazel:25:11: no such package '@fuchsia_sdk//fidl/fuchsia.hwinfo': The repository '@fuchsia_sdk' could not be resolved: Repository '@fuchsia_sdk' is not defined and referenced by '//core/os/device/deviceinfo/cc:cc'
ERROR: /data/h445xu/repo/bazel-repos/cloned_repos/google__agi/core/os/device/deviceinfo/cc/BUILD.bazel:25:11: no such package '@fuchsia_sdk//pkg/sys_cpp': The repository '@fuchsia_sdk' could not be resolved: Repository '@fuchsia_sdk' is not defined and referenced by '//core/os/device/deviceinfo/cc:cc'
ERROR: /data/h445xu/repo/bazel-repos/cloned_repos/google__agi/core/os/device/deviceinfo/cc/BUILD.bazel:25:11: no such package '@fuchsia_sdk//fidl/fuchsia.gpu.agis': The repository '@fuchsia_sdk' could not be resolved: Repository '@fuchsia_sdk' is not defined and referenced by '//core/os/device/deviceinfo/cc:cc'
ERROR: /data/h445xu/repo/bazel-repos/cloned_repos/google__agi/gapidapk/android/apk/BUILD.bazel:41:10: no such package '@ndk_vk_validation_layer//': key "ANDROID_NDK_HOME" not found in dictionary and referenced by '//gapidapk/android/apk:arm64-v8a_native'
ERROR: /data/h445xu/repo/bazel-repos/cloned_repos/google__agi/gapidapk/android/apk/BUILD.bazel:49:10: no such package '@ndk_vk_validation_layer//': key "ANDROID_NDK_HOME" not found in dictionary and referenced by '//gapidapk/android/apk:x86_native'
ERROR: /data/h445xu/repo/bazel-repos/cloned_repos/google__agi/gapidapk/android/apk/BUILD.bazel:33:10: no such package '@ndk_vk_validation_layer//': key "ANDROID_NDK_HOME" not found in dictionary and referenced by '//gapidapk/android/apk:armeabi-v7a_native'
ERROR: /data/h445xu/repo/bazel-repos/cloned_repos/google__agi/cmd/vulkan_sample/BUILD.bazel:17:11: no such package '@android_native_app_glue//': key "ANDROID_NDK_HOME" not found in dictionary and referenced by '//cmd/vulkan_sample:cc'
ERROR: /data/h445xu/repo/bazel-repos/cloned_repos/google__agi/gapii/cc/BUILD.bazel:40:11: no such package '@fuchsia_sdk//fidl/fuchsia.gpu.agis': The repository '@fuchsia_sdk' could not be resolved: Repository '@fuchsia_sdk' is not defined and referenced by '//gapii/cc:cc'
ERROR: /data/h445xu/repo/bazel-repos/cloned_repos/google__agi/gapii/cc/BUILD.bazel:40:11: no such package '@fuchsia_sdk//pkg/fdio': The repository '@fuchsia_sdk' could not be resolved: Repository '@fuchsia_sdk' is not defined and referenced by '//gapii/cc:cc'
ERROR: /data/h445xu/repo/bazel-repos/cloned_repos/google__agi/gapii/cc/BUILD.bazel:40:11: no such package '@fuchsia_sdk//fidl/fuchsia.gpu.agis': The repository '@fuchsia_sdk' could not be resolved: Repository '@fuchsia_sdk' is not defined and referenced by '//gapii/cc:cc'
ERROR: /data/h445xu/repo/bazel-repos/cloned_repos/google__agi/gapii/cc/BUILD.bazel:40:11: no such package '@fuchsia_sdk//pkg/fdio': The repository '@fuchsia_sdk' could not be resolved: Repository '@fuchsia_sdk' is not defined and referenced by '//gapii/cc:cc'
ERROR: /data/h445xu/repo/bazel-repos/cloned_repos/google__agi/core/os/device/deviceinfo/cc/BUILD.bazel:25:11: no such package '@fuchsia_sdk//pkg/sys_cpp': The repository '@fuchsia_sdk' could not be resolved: Repository '@fuchsia_sdk' is not defined and referenced by '//core/os/device/deviceinfo/cc:cc'
ERROR: Evaluation of query "deps(//...)" failed: errors were encountered while computing transitive closure
WARNING: --keep_going specified, ignoring errors. Results may be inaccurate
Read 0 lines from bazel query output...
Read 1000 lines from bazel query output...
Read 2000 lines from bazel query output...
Read 3000 lines from bazel query output...
Read 4000 lines from bazel query output...
Read 5000 lines from bazel query output...
Read 6000 lines from bazel query output...
Read 7000 lines from bazel query output...
Read 8000 lines from bazel query output...
Read 9000 lines from bazel query output...
Read 10000 lines from bazel query output...
Read 11000 lines from bazel query output...
Read 12000 lines from bazel query output...
Read 13000 lines from bazel query output...
Read 14000 lines from bazel query output...
Read 15000 lines from bazel query output...
Read 16000 lines from bazel query output...
Read 17000 lines from bazel query output...
Read 18000 lines from bazel query output...
Read 19000 lines from bazel query output...
Read 20000 lines from bazel query output...
Read 21000 lines from bazel query output...
Read 22000 lines from bazel query output...
Read 23000 lines from bazel query output...
Read 24000 lines from bazel query output...
Read 25000 lines from bazel query output...
Read 26000 lines from bazel query output...
Read 27000 lines from bazel query output...
Read 28000 lines from bazel query output...
Read 29000 lines from bazel query output...
Read 30000 lines from bazel query output...
Read 31000 lines from bazel query output...
Read 32000 lines from bazel query output...
Read 33000 lines from bazel query output...
Read 34000 lines from bazel query output...
Read 35000 lines from bazel query output...
Read 36000 lines from bazel query output...
Read 37000 lines from bazel query output...
Read 38000 lines from bazel query output...
Read 39000 lines from bazel query output...
Read 40000 lines from bazel query output...
Read 41000 lines from bazel query output...
Read 42000 lines from bazel query output...
Read 43000 lines from bazel query output...
Read 44000 lines from bazel query output...
Read 45000 lines from bazel query output...
Read 46000 lines from bazel query output...
Read 47000 lines from bazel query output...
Read 48000 lines from bazel query output...
Read 49000 lines from bazel query output...
Read 50000 lines from bazel query output...
Read 51000 lines from bazel query output...
Read 52000 lines from bazel query output...
Read 53000 lines from bazel query output...
Read 54000 lines from bazel query output...
Read 55000 lines from bazel query output...
Read 56000 lines from bazel query output...
Read 57000 lines from bazel query output...
Read 58000 lines from bazel query output...
Read 59000 lines from bazel query output...
Read 60000 lines from bazel query output...
Read 61000 lines from bazel query output...
Read 62000 lines from bazel query output...
Read 63000 lines from bazel query output...
Read 64000 lines from bazel query output...
Read 65000 lines from bazel query output...
Read 66000 lines from bazel query output...
Read 67000 lines from bazel query output...
Read 68000 lines from bazel query output...
Read 69000 lines from bazel query output...
Read 70000 lines from bazel query output...
Read 71000 lines from bazel query output...
Read 72000 lines from bazel query output...
Read 73000 lines from bazel query output...
Read 74000 lines from bazel query output...
Read 75000 lines from bazel query output...
Read 76000 lines from bazel query output...
Read 77000 lines from bazel query output...
Read 78000 lines from bazel query output...
Read 79000 lines from bazel query output...
Read 80000 lines from bazel query output...
Read 81000 lines from bazel query output...
Read 82000 lines from bazel query output...
Read 83000 lines from bazel query output...
Read 84000 lines from bazel query output...
Read 85000 lines from bazel query output...
Read 86000 lines from bazel query output...
Read 87000 lines from bazel query output...
Read 88000 lines from bazel query output...
Read 89000 lines from bazel query output...
Read 90000 lines from bazel query output...
Read 91000 lines from bazel query output...
Read 92000 lines from bazel query output...
Read 93000 lines from bazel query output...
Read 94000 lines from bazel query output...
Read 95000 lines from bazel query output...
Read 96000 lines from bazel query output...
Read 97000 lines from bazel query output...
Read 98000 lines from bazel query output...
Read 99000 lines from bazel query output...
Read 100000 lines from bazel query output...
Read 101000 lines from bazel query output...
Read 102000 lines from bazel query output...
Read 103000 lines from bazel query output...
Read 104000 lines from bazel query output...
Read 105000 lines from bazel query output...
Read 106000 lines from bazel query output...
Read 107000 lines from bazel query output...
Read 108000 lines from bazel query output...
Read 109000 lines from bazel query output...
Read 110000 lines from bazel query output...
Read 111000 lines from bazel query output...
Read 112000 lines from bazel query output...
Read 113000 lines from bazel query output...
Read 114000 lines from bazel query output...
Read 115000 lines from bazel query output...
Read 116000 lines from bazel query output...
Read 117000 lines from bazel query output...
Read 118000 lines from bazel query output...
Read 119000 lines from bazel query output...
Read 120000 lines from bazel query output...
Read 121000 lines from bazel query output...
Read 122000 lines from bazel query output...
Read 123000 lines from bazel query output...
Read 124000 lines from bazel query output...
Read 125000 lines from bazel query output...
Read 126000 lines from bazel query output...
Read 127000 lines from bazel query output...
Read 128000 lines from bazel query output...
Read 129000 lines from bazel query output...
Read 130000 lines from bazel query output...
Read 131000 lines from bazel query output...
Read 132000 lines from bazel query output...
Read 133000 lines from bazel query output...
Read 134000 lines from bazel query output...
Read 135000 lines from bazel query output...
Read 136000 lines from bazel query output...
Loading: 624 packages loaded
    currently loading: gapii/fuchsia
