2025/08/08 21:40:01 Downloading https://releases.bazel.build/7.1.1/release/bazel-7.1.1-linux-x86_64...
Extracting Bazel installation...
Starting local Bazel server and connecting to it...
 checking cached actions
 checking cached actions
 checking cached actions
 checking cached actions
 checking cached actions
Loading: 0 packages loaded
Loading: 9 packages loaded
    currently loading: @@bazel_tools//tools/cpp ... (2 packages)
Loading: 29 packages loaded
    currently loading: @@highway~// ... (4 packages)
DEBUG: Rule 'pybind11_bazel~~internal_configure_extension~pybind11' indicated that a canonical reproducible form can be obtained by modifying arguments integrity = "sha256-QR93OAxDeYUGs57FlPx/K1MqE8TbZ0/PKxyjRO+u+2g="
DEBUG: Repository pybind11_bazel~~internal_configure_extension~pybind11 instantiated at:
  <builtin>: in <toplevel>
Repository rule http_archive defined at:
  /data/h445xu/.cache/bazel/_bazel_hongxu/a6353312795cda60f584ee2169d1ae0f/external/bazel_tools/tools/build_defs/repo/http.bzl:369:31: in <toplevel>
Loading: 66 packages loaded
    currently loading: @@highway~// ... (4 packages)
Loading: 66 packages loaded
    currently loading: @@highway~// ... (4 packages)
Loading: 106 packages loaded
Loading: 106 packages loaded
Loading: 110 packages loaded
Loading: 110 packages loaded
Loading: 110 packages loaded
Loading: 110 packages loaded
Loading: 110 packages loaded
Loading: 111 packages loaded
Read 0 lines from bazel query output...
Read 1000 lines from bazel query output...
Read 2000 lines from bazel query output...
Read 3000 lines from bazel query output...
Read 4000 lines from bazel query output...
Read 5000 lines from bazel query output...
Read 6000 lines from bazel query output...
Read 7000 lines from bazel query output...
Read 8000 lines from bazel query output...
Read 9000 lines from bazel query output...
Read 10000 lines from bazel query output...
Read 11000 lines from bazel query output...
Read 12000 lines from bazel query output...
Read 13000 lines from bazel query output...
Read 14000 lines from bazel query output...
Read 15000 lines from bazel query output...
Read 16000 lines from bazel query output...
Read 17000 lines from bazel query output...
Read 18000 lines from bazel query output...
Read 19000 lines from bazel query output...
Read 20000 lines from bazel query output...
Read 21000 lines from bazel query output...
Read 22000 lines from bazel query output...
Read 23000 lines from bazel query output...
Read 24000 lines from bazel query output...
Read 25000 lines from bazel query output...
Read 26000 lines from bazel query output...
Read 27000 lines from bazel query output...
Read 28000 lines from bazel query output...
Read 29000 lines from bazel query output...
Read 30000 lines from bazel query output...
Read 31000 lines from bazel query output...
Read 32000 lines from bazel query output...
