Starting local Bazel server and connecting to it...
 no actions running
 no actions running
 no actions running
 no actions running
WARNING: Download from https://mirror.bazel.build/github.com/bazelbuild/rules_closure/archive/0.14.0.tar.gz failed: class java.io.FileNotFoundException GET returned 404 Not Found
 no actions running
Loading: 0 packages loaded
Loading: 6 packages loaded
    currently loading: @@bazel_tools//tools/cpp ... (3 packages)
WARNING: Download from https://mirror.bazel.build/repo1.maven.org/maven2/com/google/guava/guava/32.1.1-jre/guava-32.1.1-jre.jar failed: class java.io.FileNotFoundException GET returned 404 Not Found
Loading: 55 packages loaded
    currently loading: @@bazel_tools//tools/jdk ... (3 packages)
WARNING: Download from https://mirror.bazel.build/repo1.maven.org/maven2/com/google/errorprone/error_prone_annotations/2.23.0/error_prone_annotations-2.23.0.jar failed: class java.io.FileNotFoundException GET returned 404 Not Found
WARNING: Download from https://mirror.bazel.build/repo1.maven.org/maven2/com/google/guava/failureaccess/1.0.1/failureaccess-1.0.1.jar failed: class java.io.FileNotFoundException GET returned 404 Not Found
Loading: 97 packages loaded
    currently loading: @@rules_java~//toolchains
Loading: 138 packages loaded
    currently loading: @@com_google_protobuf//java/core
Loading: 145 packages loaded
Read 0 lines from bazel query output...
Read 1000 lines from bazel query output...
Read 2000 lines from bazel query output...
Read 3000 lines from bazel query output...
Read 4000 lines from bazel query output...
Read 5000 lines from bazel query output...
Read 6000 lines from bazel query output...
Read 7000 lines from bazel query output...
Read 8000 lines from bazel query output...
Read 9000 lines from bazel query output...
Read 10000 lines from bazel query output...
Read 11000 lines from bazel query output...
Read 12000 lines from bazel query output...
Read 13000 lines from bazel query output...
Read 14000 lines from bazel query output...
Read 15000 lines from bazel query output...
Read 16000 lines from bazel query output...
Read 17000 lines from bazel query output...
Read 18000 lines from bazel query output...
Read 19000 lines from bazel query output...
Read 20000 lines from bazel query output...
