Starting local Bazel server (8.3.1) and connecting to it...
 no actions running
 no actions running
 no actions running
WARNING: For repository 'rules_java', the root module requires module version rules_java@8.11.0, but got rules_java@8.12.0 in the resolved dependency graph. Please update the version in your MODULE.bazel or set --check_direct_dependencies=off
Loading: 0 packages loaded
Loading: 0 packages loaded
    currently loading: local_agents/rag/core/protos ... (23 packages)
Loading: 22 packages loaded
    currently loading: litert_tools/litert_tools/pipeline
DEBUG: /data/h445xu/.cache/bazel/_bazel_hongxu/a50d9ecedcc574ea662b20481e5e29f6/external/rules_jvm_external+/private/extensions/maven.bzl:351:18: The maven repository 'maven' has contributions from multiple bzlmod modules, and will be resolved together: ["ai_edge_apis", "bazel_worker_java"]
DEBUG: /data/h445xu/.cache/bazel/_bazel_hongxu/a50d9ecedcc574ea662b20481e5e29f6/external/gazelle+/internal/bzlmod/go_deps.bzl:571:40: 

Mismatch between versions requested for module github.com/bazelbuild/rules_go
Bazel dependency version requested in MODULE.bazel: 0.51.0-rc2
Go module version requested in go.mod: 0.50.1
Please resolve this mismatch to prevent discrepancies between native Go and Bazel builds

Loading: 175 packages loaded
DEBUG: /data/h445xu/.cache/bazel/_bazel_hongxu/a50d9ecedcc574ea662b20481e5e29f6/external/rules_jvm_external+/private/rules/coursier.bzl:754:18: Found duplicate artifact versions
    com.google.errorprone:error_prone_annotations has multiple versions 2.37.0, 2.23.0
    com.google.guava:guava has multiple versions 33.3.1-android, 33.0.0-jre
Please remove duplicate artifacts from the artifact list so you do not get unexpected artifact versions
Loading: 190 packages loaded
Loading: 196 packages loaded
Loading: 196 packages loaded
Loading: 207 packages loaded
Loading: 224 packages loaded
Loading: 227 packages loaded
Loading: 231 packages loaded
Loading: 231 packages loaded
ERROR: /data/h445xu/.cache/bazel/_bazel_hongxu/a50d9ecedcc574ea662b20481e5e29f6/external/rules_android+/tools/jdk/BUILD:41:15: no such target '@@rules_android++android_sdk_repository_extension+androidsdk//:core-for-system-modules-jar': target 'core-for-system-modules-jar' not declared in package '' defined by /data/h445xu/.cache/bazel/_bazel_hongxu/a50d9ecedcc574ea662b20481e5e29f6/external/rules_android++android_sdk_repository_extension+androidsdk/BUILD.bazel and referenced by '@@rules_android+//tools/jdk:bootclasspath_android_only'
Loading: 232 packages loaded
Loading: 232 packages loaded
Loading: 232 packages loaded
DEBUG: /data/h445xu/.cache/bazel/_bazel_hongxu/a50d9ecedcc574ea662b20481e5e29f6/external/rules_jvm_external+/private/lib/coordinates.bzl:76:18: Assuming com.google.mediapipe:tasks-genai:aar:0.10.23 should be interpreted as com.google.mediapipe:tasks-genai:0.10.23@aar
DEBUG: /data/h445xu/.cache/bazel/_bazel_hongxu/a50d9ecedcc574ea662b20481e5e29f6/external/rules_jvm_external+/private/lib/coordinates.bzl:76:18: Assuming com.google.mediapipe:tasks-genai:aar:0.10.23 should be interpreted as com.google.mediapipe:tasks-genai:0.10.23@aar
DEBUG: /data/h445xu/.cache/bazel/_bazel_hongxu/a50d9ecedcc574ea662b20481e5e29f6/external/rules_jvm_external+/private/lib/coordinates.bzl:76:18: Assuming com.google.mediapipe:tasks-genai:aar:0.10.23 should be interpreted as com.google.mediapipe:tasks-genai:0.10.23@aar
DEBUG: /data/h445xu/.cache/bazel/_bazel_hongxu/a50d9ecedcc574ea662b20481e5e29f6/external/rules_jvm_external+/private/lib/coordinates.bzl:76:18: Assuming com.google.mediapipe:tasks-genai:aar:0.10.23 should be interpreted as com.google.mediapipe:tasks-genai:0.10.23@aar
DEBUG: /data/h445xu/.cache/bazel/_bazel_hongxu/a50d9ecedcc574ea662b20481e5e29f6/external/rules_jvm_external+/private/lib/coordinates.bzl:76:18: Assuming com.google.mediapipe:tasks-genai:aar:0.10.23 should be interpreted as com.google.mediapipe:tasks-genai:0.10.23@aar
DEBUG: /data/h445xu/.cache/bazel/_bazel_hongxu/a50d9ecedcc574ea662b20481e5e29f6/external/rules_jvm_external+/private/lib/coordinates.bzl:76:18: Assuming com.google.mediapipe:tasks-genai:aar:0.10.23 should be interpreted as com.google.mediapipe:tasks-genai:0.10.23@aar
DEBUG: /data/h445xu/.cache/bazel/_bazel_hongxu/a50d9ecedcc574ea662b20481e5e29f6/external/rules_jvm_external+/private/lib/coordinates.bzl:76:18: Assuming com.google.mediapipe:tasks-genai:aar:0.10.23 should be interpreted as com.google.mediapipe:tasks-genai:0.10.23@aar
DEBUG: /data/h445xu/.cache/bazel/_bazel_hongxu/a50d9ecedcc574ea662b20481e5e29f6/external/rules_jvm_external+/private/lib/coordinates.bzl:76:18: Assuming com.google.mediapipe:tasks-genai:aar:0.10.23 should be interpreted as com.google.mediapipe:tasks-genai:0.10.23@aar
DEBUG: /data/h445xu/.cache/bazel/_bazel_hongxu/a50d9ecedcc574ea662b20481e5e29f6/external/rules_jvm_external+/private/lib/coordinates.bzl:76:18: Assuming com.google.mediapipe:tasks-genai:aar:0.10.23 should be interpreted as com.google.mediapipe:tasks-genai:0.10.23@aar
DEBUG: /data/h445xu/.cache/bazel/_bazel_hongxu/a50d9ecedcc574ea662b20481e5e29f6/external/rules_jvm_external+/private/lib/coordinates.bzl:76:18: Assuming com.google.mediapipe:tasks-genai:aar:0.10.23 should be interpreted as com.google.mediapipe:tasks-genai:0.10.23@aar
Loading: 237 packages loaded
Loading: 237 packages loaded
Loading: 237 packages loaded
Loading: 237 packages loaded
DEBUG: /data/h445xu/.cache/bazel/_bazel_hongxu/a50d9ecedcc574ea662b20481e5e29f6/external/rules_jvm_external+/private/lib/coordinates.bzl:76:18: Assuming androidx.annotation:annotation-experimental:aar:1.1.0 should be interpreted as androidx.annotation:annotation-experimental:1.1.0@aar
DEBUG: /data/h445xu/.cache/bazel/_bazel_hongxu/a50d9ecedcc574ea662b20481e5e29f6/external/rules_jvm_external+/private/lib/coordinates.bzl:76:18: Assuming androidx.annotation:annotation-experimental:aar:1.1.0 should be interpreted as androidx.annotation:annotation-experimental:1.1.0@aar
DEBUG: /data/h445xu/.cache/bazel/_bazel_hongxu/a50d9ecedcc574ea662b20481e5e29f6/external/rules_jvm_external+/private/lib/coordinates.bzl:76:18: Assuming androidx.annotation:annotation-experimental:aar:1.1.0 should be interpreted as androidx.annotation:annotation-experimental:1.1.0@aar
DEBUG: /data/h445xu/.cache/bazel/_bazel_hongxu/a50d9ecedcc574ea662b20481e5e29f6/external/rules_jvm_external+/private/lib/coordinates.bzl:76:18: Assuming androidx.annotation:annotation-experimental:aar:1.1.0 should be interpreted as androidx.annotation:annotation-experimental:1.1.0@aar
DEBUG: /data/h445xu/.cache/bazel/_bazel_hongxu/a50d9ecedcc574ea662b20481e5e29f6/external/rules_jvm_external+/private/lib/coordinates.bzl:76:18: Assuming androidx.annotation:annotation-experimental:aar:1.1.0 should be interpreted as androidx.annotation:annotation-experimental:1.1.0@aar
DEBUG: /data/h445xu/.cache/bazel/_bazel_hongxu/a50d9ecedcc574ea662b20481e5e29f6/external/rules_jvm_external+/private/lib/coordinates.bzl:76:18: Assuming androidx.test.espresso:espresso-idling-resource:aar:3.6.1 should be interpreted as androidx.test.espresso:espresso-idling-resource:3.6.1@aar
DEBUG: /data/h445xu/.cache/bazel/_bazel_hongxu/a50d9ecedcc574ea662b20481e5e29f6/external/rules_jvm_external+/private/lib/coordinates.bzl:76:18: Assuming androidx.test.espresso:espresso-idling-resource:aar:3.6.1 should be interpreted as androidx.test.espresso:espresso-idling-resource:3.6.1@aar
DEBUG: /data/h445xu/.cache/bazel/_bazel_hongxu/a50d9ecedcc574ea662b20481e5e29f6/external/rules_jvm_external+/private/lib/coordinates.bzl:76:18: Assuming androidx.test.espresso:espresso-idling-resource:aar:3.6.1 should be interpreted as androidx.test.espresso:espresso-idling-resource:3.6.1@aar
DEBUG: /data/h445xu/.cache/bazel/_bazel_hongxu/a50d9ecedcc574ea662b20481e5e29f6/external/rules_jvm_external+/private/lib/coordinates.bzl:76:18: Assuming androidx.test.espresso:espresso-idling-resource:aar:3.6.1 should be interpreted as androidx.test.espresso:espresso-idling-resource:3.6.1@aar
DEBUG: /data/h445xu/.cache/bazel/_bazel_hongxu/a50d9ecedcc574ea662b20481e5e29f6/external/rules_jvm_external+/private/lib/coordinates.bzl:76:18: Assuming androidx.test.espresso:espresso-idling-resource:aar:3.6.1 should be interpreted as androidx.test.espresso:espresso-idling-resource:3.6.1@aar
DEBUG: /data/h445xu/.cache/bazel/_bazel_hongxu/a50d9ecedcc574ea662b20481e5e29f6/external/rules_jvm_external+/private/lib/coordinates.bzl:76:18: Assuming androidx.test.ext:junit:aar:1.2.0-alpha01 should be interpreted as androidx.test.ext:junit:1.2.0-alpha01@aar
DEBUG: /data/h445xu/.cache/bazel/_bazel_hongxu/a50d9ecedcc574ea662b20481e5e29f6/external/rules_jvm_external+/private/lib/coordinates.bzl:76:18: Assuming androidx.test.ext:junit:aar:1.2.0-alpha01 should be interpreted as androidx.test.ext:junit:1.2.0-alpha01@aar
DEBUG: /data/h445xu/.cache/bazel/_bazel_hongxu/a50d9ecedcc574ea662b20481e5e29f6/external/rules_jvm_external+/private/lib/coordinates.bzl:76:18: Assuming androidx.test.ext:junit:aar:1.2.0-alpha01 should be interpreted as androidx.test.ext:junit:1.2.0-alpha01@aar
DEBUG: /data/h445xu/.cache/bazel/_bazel_hongxu/a50d9ecedcc574ea662b20481e5e29f6/external/rules_jvm_external+/private/lib/coordinates.bzl:76:18: Assuming androidx.test.ext:junit:aar:1.2.0-alpha01 should be interpreted as androidx.test.ext:junit:1.2.0-alpha01@aar
DEBUG: /data/h445xu/.cache/bazel/_bazel_hongxu/a50d9ecedcc574ea662b20481e5e29f6/external/rules_jvm_external+/private/lib/coordinates.bzl:76:18: Assuming androidx.test.services:storage:aar:3.141.59-fake should be interpreted as androidx.test.services:storage:3.141.59-fake@aar
DEBUG: /data/h445xu/.cache/bazel/_bazel_hongxu/a50d9ecedcc574ea662b20481e5e29f6/external/rules_jvm_external+/private/lib/coordinates.bzl:76:18: Assuming androidx.test.services:storage:aar:3.141.59-fake should be interpreted as androidx.test.services:storage:3.141.59-fake@aar
DEBUG: /data/h445xu/.cache/bazel/_bazel_hongxu/a50d9ecedcc574ea662b20481e5e29f6/external/rules_jvm_external+/private/lib/coordinates.bzl:76:18: Assuming androidx.test.ext:junit:aar:1.2.0-alpha01 should be interpreted as androidx.test.ext:junit:1.2.0-alpha01@aar
DEBUG: /data/h445xu/.cache/bazel/_bazel_hongxu/a50d9ecedcc574ea662b20481e5e29f6/external/rules_jvm_external+/private/lib/coordinates.bzl:76:18: Assuming androidx.test.services:storage:aar:3.141.59-fake should be interpreted as androidx.test.services:storage:3.141.59-fake@aar
DEBUG: /data/h445xu/.cache/bazel/_bazel_hongxu/a50d9ecedcc574ea662b20481e5e29f6/external/rules_jvm_external+/private/lib/coordinates.bzl:76:18: Assuming androidx.test:core:aar:3.141.59-fake should be interpreted as androidx.test:core:3.141.59-fake@aar
DEBUG: /data/h445xu/.cache/bazel/_bazel_hongxu/a50d9ecedcc574ea662b20481e5e29f6/external/rules_jvm_external+/private/lib/coordinates.bzl:76:18: Assuming androidx.test:core:aar:3.141.59-fake should be interpreted as androidx.test:core:3.141.59-fake@aar
DEBUG: /data/h445xu/.cache/bazel/_bazel_hongxu/a50d9ecedcc574ea662b20481e5e29f6/external/rules_jvm_external+/private/lib/coordinates.bzl:76:18: Assuming androidx.test.ext:junit:aar:1.2.0-alpha01 should be interpreted as androidx.test.ext:junit:1.2.0-alpha01@aar
DEBUG: /data/h445xu/.cache/bazel/_bazel_hongxu/a50d9ecedcc574ea662b20481e5e29f6/external/rules_jvm_external+/private/lib/coordinates.bzl:76:18: Assuming androidx.test:core:aar:3.141.59-fake should be interpreted as androidx.test:core:3.141.59-fake@aar
DEBUG: /data/h445xu/.cache/bazel/_bazel_hongxu/a50d9ecedcc574ea662b20481e5e29f6/external/rules_jvm_external+/private/lib/coordinates.bzl:76:18: Assuming androidx.test:monitor:aar:3.141.59-fake should be interpreted as androidx.test:monitor:3.141.59-fake@aar
DEBUG: /data/h445xu/.cache/bazel/_bazel_hongxu/a50d9ecedcc574ea662b20481e5e29f6/external/rules_jvm_external+/private/lib/coordinates.bzl:76:18: Assuming androidx.test:monitor:aar:3.141.59-fake should be interpreted as androidx.test:monitor:3.141.59-fake@aar
DEBUG: /data/h445xu/.cache/bazel/_bazel_hongxu/a50d9ecedcc574ea662b20481e5e29f6/external/rules_jvm_external+/private/lib/coordinates.bzl:76:18: Assuming androidx.test.ext:junit:aar:1.2.0-alpha01 should be interpreted as androidx.test.ext:junit:1.2.0-alpha01@aar
DEBUG: /data/h445xu/.cache/bazel/_bazel_hongxu/a50d9ecedcc574ea662b20481e5e29f6/external/rules_jvm_external+/private/lib/coordinates.bzl:76:18: Assuming androidx.test:monitor:aar:3.141.59-fake should be interpreted as androidx.test:monitor:3.141.59-fake@aar
DEBUG: /data/h445xu/.cache/bazel/_bazel_hongxu/a50d9ecedcc574ea662b20481e5e29f6/external/rules_jvm_external+/private/lib/coordinates.bzl:76:18: Assuming androidx.test.ext:junit:aar:1.2.0-alpha01 should be interpreted as androidx.test.ext:junit:1.2.0-alpha01@aar
DEBUG: /data/h445xu/.cache/bazel/_bazel_hongxu/a50d9ecedcc574ea662b20481e5e29f6/external/rules_jvm_external+/private/lib/coordinates.bzl:76:18: Assuming androidx.test.ext:junit:aar:1.2.0-alpha01 should be interpreted as androidx.test.ext:junit:1.2.0-alpha01@aar
DEBUG: /data/h445xu/.cache/bazel/_bazel_hongxu/a50d9ecedcc574ea662b20481e5e29f6/external/rules_jvm_external+/private/lib/coordinates.bzl:76:18: Assuming androidx.test.ext:junit:aar:1.2.0-alpha01 should be interpreted as androidx.test.ext:junit:1.2.0-alpha01@aar
DEBUG: /data/h445xu/.cache/bazel/_bazel_hongxu/a50d9ecedcc574ea662b20481e5e29f6/external/rules_jvm_external+/private/lib/coordinates.bzl:76:18: Assuming androidx.test.services:storage:aar:1.5.0-alpha01 should be interpreted as androidx.test.services:storage:1.5.0-alpha01@aar
DEBUG: /data/h445xu/.cache/bazel/_bazel_hongxu/a50d9ecedcc574ea662b20481e5e29f6/external/rules_jvm_external+/private/lib/coordinates.bzl:76:18: Assuming androidx.test.services:storage:aar:1.5.0-alpha01 should be interpreted as androidx.test.services:storage:1.5.0-alpha01@aar
DEBUG: /data/h445xu/.cache/bazel/_bazel_hongxu/a50d9ecedcc574ea662b20481e5e29f6/external/rules_jvm_external+/private/lib/coordinates.bzl:76:18: Assuming androidx.test.services:storage:aar:1.5.0-alpha01 should be interpreted as androidx.test.services:storage:1.5.0-alpha01@aar
DEBUG: /data/h445xu/.cache/bazel/_bazel_hongxu/a50d9ecedcc574ea662b20481e5e29f6/external/rules_jvm_external+/private/lib/coordinates.bzl:76:18: Assuming androidx.test.services:storage:aar:1.5.0-alpha01 should be interpreted as androidx.test.services:storage:1.5.0-alpha01@aar
DEBUG: /data/h445xu/.cache/bazel/_bazel_hongxu/a50d9ecedcc574ea662b20481e5e29f6/external/rules_jvm_external+/private/lib/coordinates.bzl:76:18: Assuming androidx.test:annotation:aar:3.141.59-fake should be interpreted as androidx.test:annotation:3.141.59-fake@aar
DEBUG: /data/h445xu/.cache/bazel/_bazel_hongxu/a50d9ecedcc574ea662b20481e5e29f6/external/rules_jvm_external+/private/lib/coordinates.bzl:76:18: Assuming androidx.test:annotation:aar:3.141.59-fake should be interpreted as androidx.test:annotation:3.141.59-fake@aar
DEBUG: /data/h445xu/.cache/bazel/_bazel_hongxu/a50d9ecedcc574ea662b20481e5e29f6/external/rules_jvm_external+/private/lib/coordinates.bzl:76:18: Assuming androidx.test.services:storage:aar:1.5.0-alpha01 should be interpreted as androidx.test.services:storage:1.5.0-alpha01@aar
DEBUG: /data/h445xu/.cache/bazel/_bazel_hongxu/a50d9ecedcc574ea662b20481e5e29f6/external/rules_jvm_external+/private/lib/coordinates.bzl:76:18: Assuming androidx.test:annotation:aar:3.141.59-fake should be interpreted as androidx.test:annotation:3.141.59-fake@aar
DEBUG: /data/h445xu/.cache/bazel/_bazel_hongxu/a50d9ecedcc574ea662b20481e5e29f6/external/rules_jvm_external+/private/lib/coordinates.bzl:76:18: Assuming androidx.test:monitor:aar:3.141.59-fake should be interpreted as androidx.test:monitor:3.141.59-fake@aar
DEBUG: /data/h445xu/.cache/bazel/_bazel_hongxu/a50d9ecedcc574ea662b20481e5e29f6/external/rules_jvm_external+/private/lib/coordinates.bzl:76:18: Assuming androidx.test:monitor:aar:3.141.59-fake should be interpreted as androidx.test:monitor:3.141.59-fake@aar
DEBUG: /data/h445xu/.cache/bazel/_bazel_hongxu/a50d9ecedcc574ea662b20481e5e29f6/external/rules_jvm_external+/private/lib/coordinates.bzl:76:18: Assuming androidx.test.services:storage:aar:1.5.0-alpha01 should be interpreted as androidx.test.services:storage:1.5.0-alpha01@aar
DEBUG: /data/h445xu/.cache/bazel/_bazel_hongxu/a50d9ecedcc574ea662b20481e5e29f6/external/rules_jvm_external+/private/lib/coordinates.bzl:76:18: Assuming androidx.test:monitor:aar:3.141.59-fake should be interpreted as androidx.test:monitor:3.141.59-fake@aar
DEBUG: /data/h445xu/.cache/bazel/_bazel_hongxu/a50d9ecedcc574ea662b20481e5e29f6/external/rules_jvm_external+/private/lib/coordinates.bzl:76:18: Assuming androidx.test.services:storage:aar:1.5.0-alpha01 should be interpreted as androidx.test.services:storage:1.5.0-alpha01@aar
DEBUG: /data/h445xu/.cache/bazel/_bazel_hongxu/a50d9ecedcc574ea662b20481e5e29f6/external/rules_jvm_external+/private/lib/coordinates.bzl:76:18: Assuming androidx.test.services:storage:aar:1.5.0-alpha01 should be interpreted as androidx.test.services:storage:1.5.0-alpha01@aar
DEBUG: /data/h445xu/.cache/bazel/_bazel_hongxu/a50d9ecedcc574ea662b20481e5e29f6/external/rules_jvm_external+/private/lib/coordinates.bzl:76:18: Assuming androidx.test:annotation:aar:1.1.0-alpha01 should be interpreted as androidx.test:annotation:1.1.0-alpha01@aar
DEBUG: /data/h445xu/.cache/bazel/_bazel_hongxu/a50d9ecedcc574ea662b20481e5e29f6/external/rules_jvm_external+/private/lib/coordinates.bzl:76:18: Assuming androidx.test:annotation:aar:1.1.0-alpha01 should be interpreted as androidx.test:annotation:1.1.0-alpha01@aar
DEBUG: /data/h445xu/.cache/bazel/_bazel_hongxu/a50d9ecedcc574ea662b20481e5e29f6/external/rules_jvm_external+/private/lib/coordinates.bzl:76:18: Assuming androidx.test:annotation:aar:1.1.0-alpha01 should be interpreted as androidx.test:annotation:1.1.0-alpha01@aar
DEBUG: /data/h445xu/.cache/bazel/_bazel_hongxu/a50d9ecedcc574ea662b20481e5e29f6/external/rules_jvm_external+/private/lib/coordinates.bzl:76:18: Assuming androidx.test:annotation:aar:1.1.0-alpha01 should be interpreted as androidx.test:annotation:1.1.0-alpha01@aar
DEBUG: /data/h445xu/.cache/bazel/_bazel_hongxu/a50d9ecedcc574ea662b20481e5e29f6/external/rules_jvm_external+/private/lib/coordinates.bzl:76:18: Assuming androidx.annotation:annotation-experimental:aar:3.141.59-fake should be interpreted as androidx.annotation:annotation-experimental:3.141.59-fake@aar
DEBUG: /data/h445xu/.cache/bazel/_bazel_hongxu/a50d9ecedcc574ea662b20481e5e29f6/external/rules_jvm_external+/private/lib/coordinates.bzl:76:18: Assuming androidx.annotation:annotation-experimental:aar:3.141.59-fake should be interpreted as androidx.annotation:annotation-experimental:3.141.59-fake@aar
DEBUG: /data/h445xu/.cache/bazel/_bazel_hongxu/a50d9ecedcc574ea662b20481e5e29f6/external/rules_jvm_external+/private/lib/coordinates.bzl:76:18: Assuming androidx.test:annotation:aar:1.1.0-alpha01 should be interpreted as androidx.test:annotation:1.1.0-alpha01@aar
DEBUG: /data/h445xu/.cache/bazel/_bazel_hongxu/a50d9ecedcc574ea662b20481e5e29f6/external/rules_jvm_external+/private/lib/coordinates.bzl:76:18: Assuming androidx.annotation:annotation-experimental:aar:3.141.59-fake should be interpreted as androidx.annotation:annotation-experimental:3.141.59-fake@aar
DEBUG: /data/h445xu/.cache/bazel/_bazel_hongxu/a50d9ecedcc574ea662b20481e5e29f6/external/rules_jvm_external+/private/lib/coordinates.bzl:76:18: Assuming androidx.test:annotation:aar:1.1.0-alpha01 should be interpreted as androidx.test:annotation:1.1.0-alpha01@aar
DEBUG: /data/h445xu/.cache/bazel/_bazel_hongxu/a50d9ecedcc574ea662b20481e5e29f6/external/rules_jvm_external+/private/lib/coordinates.bzl:76:18: Assuming androidx.test:annotation:aar:1.1.0-alpha01 should be interpreted as androidx.test:annotation:1.1.0-alpha01@aar
DEBUG: /data/h445xu/.cache/bazel/_bazel_hongxu/a50d9ecedcc574ea662b20481e5e29f6/external/rules_jvm_external+/private/lib/coordinates.bzl:76:18: Assuming androidx.test:core:aar:1.6.0-alpha01 should be interpreted as androidx.test:core:1.6.0-alpha01@aar
DEBUG: /data/h445xu/.cache/bazel/_bazel_hongxu/a50d9ecedcc574ea662b20481e5e29f6/external/rules_jvm_external+/private/lib/coordinates.bzl:76:18: Assuming androidx.test:core:aar:1.6.0-alpha01 should be interpreted as androidx.test:core:1.6.0-alpha01@aar
DEBUG: /data/h445xu/.cache/bazel/_bazel_hongxu/a50d9ecedcc574ea662b20481e5e29f6/external/rules_jvm_external+/private/lib/coordinates.bzl:76:18: Assuming androidx.test:core:aar:1.6.0-alpha01 should be interpreted as androidx.test:core:1.6.0-alpha01@aar
DEBUG: /data/h445xu/.cache/bazel/_bazel_hongxu/a50d9ecedcc574ea662b20481e5e29f6/external/rules_jvm_external+/private/lib/coordinates.bzl:76:18: Assuming androidx.test:core:aar:1.6.0-alpha01 should be interpreted as androidx.test:core:1.6.0-alpha01@aar
DEBUG: /data/h445xu/.cache/bazel/_bazel_hongxu/a50d9ecedcc574ea662b20481e5e29f6/external/rules_jvm_external+/private/lib/coordinates.bzl:76:18: Assuming androidx.test:core:aar:1.6.0-alpha01 should be interpreted as androidx.test:core:1.6.0-alpha01@aar
DEBUG: /data/h445xu/.cache/bazel/_bazel_hongxu/a50d9ecedcc574ea662b20481e5e29f6/external/rules_jvm_external+/private/lib/coordinates.bzl:76:18: Assuming androidx.test:core:aar:1.6.0-alpha01 should be interpreted as androidx.test:core:1.6.0-alpha01@aar
DEBUG: /data/h445xu/.cache/bazel/_bazel_hongxu/a50d9ecedcc574ea662b20481e5e29f6/external/rules_jvm_external+/private/lib/coordinates.bzl:76:18: Assuming androidx.test.services:storage:aar:3.141.59-fake should be interpreted as androidx.test.services:storage:3.141.59-fake@aar
DEBUG: /data/h445xu/.cache/bazel/_bazel_hongxu/a50d9ecedcc574ea662b20481e5e29f6/external/rules_jvm_external+/private/lib/coordinates.bzl:76:18: Assuming androidx.test.services:storage:aar:3.141.59-fake should be interpreted as androidx.test.services:storage:3.141.59-fake@aar
DEBUG: /data/h445xu/.cache/bazel/_bazel_hongxu/a50d9ecedcc574ea662b20481e5e29f6/external/rules_jvm_external+/private/lib/coordinates.bzl:76:18: Assuming androidx.test:core:aar:1.6.0-alpha01 should be interpreted as androidx.test:core:1.6.0-alpha01@aar
DEBUG: /data/h445xu/.cache/bazel/_bazel_hongxu/a50d9ecedcc574ea662b20481e5e29f6/external/rules_jvm_external+/private/lib/coordinates.bzl:76:18: Assuming androidx.test.services:storage:aar:3.141.59-fake should be interpreted as androidx.test.services:storage:3.141.59-fake@aar
DEBUG: /data/h445xu/.cache/bazel/_bazel_hongxu/a50d9ecedcc574ea662b20481e5e29f6/external/rules_jvm_external+/private/lib/coordinates.bzl:76:18: Assuming androidx.test:annotation:aar:3.141.59-fake should be interpreted as androidx.test:annotation:3.141.59-fake@aar
DEBUG: /data/h445xu/.cache/bazel/_bazel_hongxu/a50d9ecedcc574ea662b20481e5e29f6/external/rules_jvm_external+/private/lib/coordinates.bzl:76:18: Assuming androidx.test:annotation:aar:3.141.59-fake should be interpreted as androidx.test:annotation:3.141.59-fake@aar
DEBUG: /data/h445xu/.cache/bazel/_bazel_hongxu/a50d9ecedcc574ea662b20481e5e29f6/external/rules_jvm_external+/private/lib/coordinates.bzl:76:18: Assuming androidx.test:core:aar:1.6.0-alpha01 should be interpreted as androidx.test:core:1.6.0-alpha01@aar
DEBUG: /data/h445xu/.cache/bazel/_bazel_hongxu/a50d9ecedcc574ea662b20481e5e29f6/external/rules_jvm_external+/private/lib/coordinates.bzl:76:18: Assuming androidx.test:annotation:aar:3.141.59-fake should be interpreted as androidx.test:annotation:3.141.59-fake@aar
DEBUG: /data/h445xu/.cache/bazel/_bazel_hongxu/a50d9ecedcc574ea662b20481e5e29f6/external/rules_jvm_external+/private/lib/coordinates.bzl:76:18: Assuming androidx.test:monitor:aar:3.141.59-fake should be interpreted as androidx.test:monitor:3.141.59-fake@aar
DEBUG: /data/h445xu/.cache/bazel/_bazel_hongxu/a50d9ecedcc574ea662b20481e5e29f6/external/rules_jvm_external+/private/lib/coordinates.bzl:76:18: Assuming androidx.test:monitor:aar:3.141.59-fake should be interpreted as androidx.test:monitor:3.141.59-fake@aar
DEBUG: /data/h445xu/.cache/bazel/_bazel_hongxu/a50d9ecedcc574ea662b20481e5e29f6/external/rules_jvm_external+/private/lib/coordinates.bzl:76:18: Assuming androidx.test:core:aar:1.6.0-alpha01 should be interpreted as androidx.test:core:1.6.0-alpha01@aar
DEBUG: /data/h445xu/.cache/bazel/_bazel_hongxu/a50d9ecedcc574ea662b20481e5e29f6/external/rules_jvm_external+/private/lib/coordinates.bzl:76:18: Assuming androidx.test:monitor:aar:3.141.59-fake should be interpreted as androidx.test:monitor:3.141.59-fake@aar
DEBUG: /data/h445xu/.cache/bazel/_bazel_hongxu/a50d9ecedcc574ea662b20481e5e29f6/external/rules_jvm_external+/private/lib/coordinates.bzl:76:18: Assuming androidx.tracing:tracing:aar:3.141.59-fake should be interpreted as androidx.tracing:tracing:3.141.59-fake@aar
DEBUG: /data/h445xu/.cache/bazel/_bazel_hongxu/a50d9ecedcc574ea662b20481e5e29f6/external/rules_jvm_external+/private/lib/coordinates.bzl:76:18: Assuming androidx.tracing:tracing:aar:3.141.59-fake should be interpreted as androidx.tracing:tracing:3.141.59-fake@aar
DEBUG: /data/h445xu/.cache/bazel/_bazel_hongxu/a50d9ecedcc574ea662b20481e5e29f6/external/rules_jvm_external+/private/lib/coordinates.bzl:76:18: Assuming androidx.test:core:aar:1.6.0-alpha01 should be interpreted as androidx.test:core:1.6.0-alpha01@aar
DEBUG: /data/h445xu/.cache/bazel/_bazel_hongxu/a50d9ecedcc574ea662b20481e5e29f6/external/rules_jvm_external+/private/lib/coordinates.bzl:76:18: Assuming androidx.tracing:tracing:aar:3.141.59-fake should be interpreted as androidx.tracing:tracing:3.141.59-fake@aar
DEBUG: /data/h445xu/.cache/bazel/_bazel_hongxu/a50d9ecedcc574ea662b20481e5e29f6/external/rules_jvm_external+/private/lib/coordinates.bzl:76:18: Assuming androidx.test:core:aar:1.6.0-alpha01 should be interpreted as androidx.test:core:1.6.0-alpha01@aar
DEBUG: /data/h445xu/.cache/bazel/_bazel_hongxu/a50d9ecedcc574ea662b20481e5e29f6/external/rules_jvm_external+/private/lib/coordinates.bzl:76:18: Assuming androidx.test:core:aar:1.6.0-alpha01 should be interpreted as androidx.test:core:1.6.0-alpha01@aar
DEBUG: /data/h445xu/.cache/bazel/_bazel_hongxu/a50d9ecedcc574ea662b20481e5e29f6/external/rules_jvm_external+/private/lib/coordinates.bzl:76:18: Assuming androidx.test:core:aar:1.6.0-alpha01 should be interpreted as androidx.test:core:1.6.0-alpha01@aar
DEBUG: /data/h445xu/.cache/bazel/_bazel_hongxu/a50d9ecedcc574ea662b20481e5e29f6/external/rules_jvm_external+/private/lib/coordinates.bzl:76:18: Assuming androidx.test:core:aar:1.6.0-alpha01 should be interpreted as androidx.test:core:1.6.0-alpha01@aar
DEBUG: /data/h445xu/.cache/bazel/_bazel_hongxu/a50d9ecedcc574ea662b20481e5e29f6/external/rules_jvm_external+/private/lib/coordinates.bzl:76:18: Assuming androidx.test:monitor:aar:1.7.2 should be interpreted as androidx.test:monitor:1.7.2@aar
DEBUG: /data/h445xu/.cache/bazel/_bazel_hongxu/a50d9ecedcc574ea662b20481e5e29f6/external/rules_jvm_external+/private/lib/coordinates.bzl:76:18: Assuming androidx.test:monitor:aar:1.7.2 should be interpreted as androidx.test:monitor:1.7.2@aar
DEBUG: /data/h445xu/.cache/bazel/_bazel_hongxu/a50d9ecedcc574ea662b20481e5e29f6/external/rules_jvm_external+/private/lib/coordinates.bzl:76:18: Assuming androidx.test:monitor:aar:1.7.2 should be interpreted as androidx.test:monitor:1.7.2@aar
DEBUG: /data/h445xu/.cache/bazel/_bazel_hongxu/a50d9ecedcc574ea662b20481e5e29f6/external/rules_jvm_external+/private/lib/coordinates.bzl:76:18: Assuming androidx.test:monitor:aar:1.7.2 should be interpreted as androidx.test:monitor:1.7.2@aar
DEBUG: /data/h445xu/.cache/bazel/_bazel_hongxu/a50d9ecedcc574ea662b20481e5e29f6/external/rules_jvm_external+/private/lib/coordinates.bzl:76:18: Assuming androidx.tracing:tracing:aar:3.141.59-fake should be interpreted as androidx.tracing:tracing:3.141.59-fake@aar
DEBUG: /data/h445xu/.cache/bazel/_bazel_hongxu/a50d9ecedcc574ea662b20481e5e29f6/external/rules_jvm_external+/private/lib/coordinates.bzl:76:18: Assuming androidx.tracing:tracing:aar:3.141.59-fake should be interpreted as androidx.tracing:tracing:3.141.59-fake@aar
DEBUG: /data/h445xu/.cache/bazel/_bazel_hongxu/a50d9ecedcc574ea662b20481e5e29f6/external/rules_jvm_external+/private/lib/coordinates.bzl:76:18: Assuming androidx.test:monitor:aar:1.7.2 should be interpreted as androidx.test:monitor:1.7.2@aar
DEBUG: /data/h445xu/.cache/bazel/_bazel_hongxu/a50d9ecedcc574ea662b20481e5e29f6/external/rules_jvm_external+/private/lib/coordinates.bzl:76:18: Assuming androidx.tracing:tracing:aar:3.141.59-fake should be interpreted as androidx.tracing:tracing:3.141.59-fake@aar
DEBUG: /data/h445xu/.cache/bazel/_bazel_hongxu/a50d9ecedcc574ea662b20481e5e29f6/external/rules_jvm_external+/private/lib/coordinates.bzl:76:18: Assuming androidx.test:monitor:aar:1.7.2 should be interpreted as androidx.test:monitor:1.7.2@aar
DEBUG: /data/h445xu/.cache/bazel/_bazel_hongxu/a50d9ecedcc574ea662b20481e5e29f6/external/rules_jvm_external+/private/lib/coordinates.bzl:76:18: Assuming androidx.test:monitor:aar:1.7.2 should be interpreted as androidx.test:monitor:1.7.2@aar
DEBUG: /data/h445xu/.cache/bazel/_bazel_hongxu/a50d9ecedcc574ea662b20481e5e29f6/external/rules_jvm_external+/private/lib/coordinates.bzl:76:18: Assuming androidx.test:monitor:aar:1.7.2 should be interpreted as androidx.test:monitor:1.7.2@aar
DEBUG: /data/h445xu/.cache/bazel/_bazel_hongxu/a50d9ecedcc574ea662b20481e5e29f6/external/rules_jvm_external+/private/lib/coordinates.bzl:76:18: Assuming androidx.tracing:tracing:aar:1.1.0 should be interpreted as androidx.tracing:tracing:1.1.0@aar
DEBUG: /data/h445xu/.cache/bazel/_bazel_hongxu/a50d9ecedcc574ea662b20481e5e29f6/external/rules_jvm_external+/private/lib/coordinates.bzl:76:18: Assuming androidx.tracing:tracing:aar:1.1.0 should be interpreted as androidx.tracing:tracing:1.1.0@aar
DEBUG: /data/h445xu/.cache/bazel/_bazel_hongxu/a50d9ecedcc574ea662b20481e5e29f6/external/rules_jvm_external+/private/lib/coordinates.bzl:76:18: Assuming androidx.tracing:tracing:aar:1.1.0 should be interpreted as androidx.tracing:tracing:1.1.0@aar
DEBUG: /data/h445xu/.cache/bazel/_bazel_hongxu/a50d9ecedcc574ea662b20481e5e29f6/external/rules_jvm_external+/private/lib/coordinates.bzl:76:18: Assuming androidx.tracing:tracing:aar:1.1.0 should be interpreted as androidx.tracing:tracing:1.1.0@aar
DEBUG: /data/h445xu/.cache/bazel/_bazel_hongxu/a50d9ecedcc574ea662b20481e5e29f6/external/rules_jvm_external+/private/lib/coordinates.bzl:76:18: Assuming androidx.tracing:tracing:aar:1.1.0 should be interpreted as androidx.tracing:tracing:1.1.0@aar
DEBUG: /data/h445xu/.cache/bazel/_bazel_hongxu/a50d9ecedcc574ea662b20481e5e29f6/external/rules_jvm_external+/private/lib/coordinates.bzl:76:18: Assuming androidx.tracing:tracing:aar:1.1.0 should be interpreted as androidx.tracing:tracing:1.1.0@aar
DEBUG: /data/h445xu/.cache/bazel/_bazel_hongxu/a50d9ecedcc574ea662b20481e5e29f6/external/rules_jvm_external+/private/lib/coordinates.bzl:76:18: Assuming androidx.test.espresso:espresso-idling-resource:aar:3.141.59-fake should be interpreted as androidx.test.espresso:espresso-idling-resource:3.141.59-fake@aar
DEBUG: /data/h445xu/.cache/bazel/_bazel_hongxu/a50d9ecedcc574ea662b20481e5e29f6/external/rules_jvm_external+/private/lib/coordinates.bzl:76:18: Assuming androidx.test.espresso:espresso-idling-resource:aar:3.141.59-fake should be interpreted as androidx.test.espresso:espresso-idling-resource:3.141.59-fake@aar
DEBUG: /data/h445xu/.cache/bazel/_bazel_hongxu/a50d9ecedcc574ea662b20481e5e29f6/external/rules_jvm_external+/private/lib/coordinates.bzl:76:18: Assuming androidx.test.espresso:espresso-idling-resource:aar:3.141.59-fake should be interpreted as androidx.test.espresso:espresso-idling-resource:3.141.59-fake@aar
DEBUG: /data/h445xu/.cache/bazel/_bazel_hongxu/a50d9ecedcc574ea662b20481e5e29f6/external/rules_jvm_external+/private/lib/coordinates.bzl:76:18: Assuming androidx.test:monitor:aar:3.141.59-fake should be interpreted as androidx.test:monitor:3.141.59-fake@aar
DEBUG: /data/h445xu/.cache/bazel/_bazel_hongxu/a50d9ecedcc574ea662b20481e5e29f6/external/rules_jvm_external+/private/lib/coordinates.bzl:76:18: Assuming androidx.test:monitor:aar:3.141.59-fake should be interpreted as androidx.test:monitor:3.141.59-fake@aar
DEBUG: /data/h445xu/.cache/bazel/_bazel_hongxu/a50d9ecedcc574ea662b20481e5e29f6/external/rules_jvm_external+/private/lib/coordinates.bzl:76:18: Assuming androidx.test:monitor:aar:3.141.59-fake should be interpreted as androidx.test:monitor:3.141.59-fake@aar
DEBUG: /data/h445xu/.cache/bazel/_bazel_hongxu/a50d9ecedcc574ea662b20481e5e29f6/external/rules_jvm_external+/private/lib/coordinates.bzl:76:18: Assuming androidx.test:monitor:aar:3.141.59-fake should be interpreted as androidx.test:monitor:3.141.59-fake@aar
DEBUG: /data/h445xu/.cache/bazel/_bazel_hongxu/a50d9ecedcc574ea662b20481e5e29f6/external/rules_jvm_external+/private/lib/coordinates.bzl:76:18: Assuming androidx.test:monitor:aar:3.141.59-fake should be interpreted as androidx.test:monitor:3.141.59-fake@aar
DEBUG: /data/h445xu/.cache/bazel/_bazel_hongxu/a50d9ecedcc574ea662b20481e5e29f6/external/rules_jvm_external+/private/lib/coordinates.bzl:76:18: Assuming androidx.test:monitor:aar:3.141.59-fake should be interpreted as androidx.test:monitor:3.141.59-fake@aar
WARNING: --keep_going specified, ignoring errors. Results may be inaccurate
Read 0 lines from bazel query output...
Read 1000 lines from bazel query output...
Read 2000 lines from bazel query output...
Read 3000 lines from bazel query output...
Read 4000 lines from bazel query output...
Read 5000 lines from bazel query output...
Read 6000 lines from bazel query output...
Read 7000 lines from bazel query output...
Read 8000 lines from bazel query output...
Read 9000 lines from bazel query output...
Read 10000 lines from bazel query output...
Read 11000 lines from bazel query output...
Read 12000 lines from bazel query output...
Read 13000 lines from bazel query output...
Read 14000 lines from bazel query output...
Read 15000 lines from bazel query output...
Read 16000 lines from bazel query output...
Read 17000 lines from bazel query output...
Read 18000 lines from bazel query output...
Read 19000 lines from bazel query output...
Read 20000 lines from bazel query output...
Read 21000 lines from bazel query output...
Loading: 238 packages loaded
Read 22000 lines from bazel query output...
Read 23000 lines from bazel query output...
Read 24000 lines from bazel query output...
Read 25000 lines from bazel query output...
Read 26000 lines from bazel query output...
Read 27000 lines from bazel query output...
Read 28000 lines from bazel query output...
Read 29000 lines from bazel query output...
Read 30000 lines from bazel query output...
Read 31000 lines from bazel query output...
Read 32000 lines from bazel query output...
Read 33000 lines from bazel query output...
Read 34000 lines from bazel query output...
Read 35000 lines from bazel query output...
Read 36000 lines from bazel query output...
Read 37000 lines from bazel query output...
Read 38000 lines from bazel query output...
Read 39000 lines from bazel query output...
