Starting local Bazel server and connecting to it...
 checking cached actions
 checking cached actions
 checking cached actions
WARNING: For repository 'com_google_protobuf', the root module requires module version protobuf@27.0, but got protobuf@27.1 in the resolved dependency graph.
Loading: 0 packages loaded
Loading: 4 packages loaded
    currently loading: interpreter/functions ... (38 packages)
Loading: 4 packages loaded
    currently loading: interpreter/functions ... (38 packages)
Loading: 43 packages loaded
    currently loading: @@bazel_tools//tools/allowlists/function_transition_allowlist ... (11 packages)
Loading: 97 packages loaded
DEBUG: /data/h445xu/.cache/bazel/_bazel_hongxu/3d36997e3767688d4ad6e4a574d7d9bd/external/gazelle~/internal/bzlmod/go_deps.bzl:587:40: For Go module "github.com/google/go-cmp", the root module requires module version v0.5.9, but got v0.6.0 in the resolved dependency graph.
DEBUG: /data/h445xu/.cache/bazel/_bazel_hongxu/3d36997e3767688d4ad6e4a574d7d9bd/external/gazelle~/internal/bzlmod/go_deps.bzl:587:40: For Go module "google.golang.org/protobuf", the root module requires module version v1.34.2, but got v1.36.3 in the resolved dependency graph.
WARNING: /data/h445xu/repo/bazel-repos/cloned_repos/google__cel-go/MODULE.bazel:41:24: The module extension go_deps defined in @bazel_gazelle//:extensions.bzl reported incorrect imports of repositories via use_repo():

Imported, but reported as indirect dependencies by the extension:
    org_golang_google_genproto_googleapis_rpc

Fix the use_repo calls by running 'bazel mod tidy'.
Loading: 126 packages loaded
Loading: 126 packages loaded
Loading: 126 packages loaded
Loading: 126 packages loaded
Loading: 152 packages loaded
Loading: 221 packages loaded
Read 0 lines from bazel query output...
Read 1000 lines from bazel query output...
Read 2000 lines from bazel query output...
Read 3000 lines from bazel query output...
Read 4000 lines from bazel query output...
Read 5000 lines from bazel query output...
Read 6000 lines from bazel query output...
Read 7000 lines from bazel query output...
Read 8000 lines from bazel query output...
Read 9000 lines from bazel query output...
