Starting local Bazel server and connecting to it...
 checking cached actions
 checking cached actions
 checking cached actions
 checking cached actions
 checking cached actions
 checking cached actions
 checking cached actions
 checking cached actions
 checking cached actions
 checking cached actions
 checking cached actions
DEBUG: Rule 'com_google_googleapis' indicated that a canonical reproducible form can be obtained by modifying arguments sha256 = "9e7cfab6ae8f5cbd4712cbe7ed22f6ccdd3e0c5a431a22d698a80d99abed982b"
DEBUG: Repository com_google_googleapis instantiated at:
  /data/h445xu/repo/bazel-repos/cloned_repos/googleapis__gapic-generator-python/WORKSPACE:59:23: in <toplevel>
  /data/h445xu/repo/bazel-repos/cloned_repos/googleapis__gapic-generator-python/repositories.bzl:64:11: in gapic_generator_python
  /data/h445xu/repo/bazel-repos/cloned_repos/googleapis__gapic-generator-python/repositories.bzl:83:14: in _maybe
Repository rule http_archive defined at:
  /data/h445xu/.cache/bazel/_bazel_hongxu/96dc9cdfcba7c063e2cf989accc618ad/external/bazel_tools/tools/build_defs/repo/http.bzl:372:31: in <toplevel>
Loading: 0 packages loaded
Loading: 10 packages loaded
    currently loading: tests/integration
Loading: 10 packages loaded
    currently loading: tests/integration
DEBUG: Rule 'rules_gapic' indicated that a canonical reproducible form can be obtained by modifying arguments sha256 = "802623c01fa54d758ffb98d8613e978c44807c8dc532c0ef088a1f33b3c92bf3"
DEBUG: Repository rules_gapic instantiated at:
  /data/h445xu/repo/bazel-repos/cloned_repos/googleapis__gapic-generator-python/WORKSPACE:59:23: in <toplevel>
  /data/h445xu/repo/bazel-repos/cloned_repos/googleapis__gapic-generator-python/repositories.bzl:57:11: in gapic_generator_python
  /data/h445xu/repo/bazel-repos/cloned_repos/googleapis__gapic-generator-python/repositories.bzl:83:14: in _maybe
Repository rule http_archive defined at:
  /data/h445xu/.cache/bazel/_bazel_hongxu/96dc9cdfcba7c063e2cf989accc618ad/external/bazel_tools/tools/build_defs/repo/http.bzl:372:31: in <toplevel>
Loading: 93 packages loaded
    currently loading: @com_google_protobuf//python/dist ... (2 packages)
ERROR: /data/h445xu/.cache/bazel/_bazel_hongxu/96dc9cdfcba7c063e2cf989accc618ad/external/com_google_protobuf/python/BUILD.bazel:14:14: error loading package '@com_google_protobuf//python/dist': Unable to find package for @protobuf_pip_deps//:requirements.bzl: The repository '@protobuf_pip_deps' could not be resolved: Repository '@protobuf_pip_deps' is not defined. and referenced by '@com_google_protobuf//python:google/protobuf/internal/_api_implementation.so'
ERROR: /data/h445xu/.cache/bazel/_bazel_hongxu/96dc9cdfcba7c063e2cf989accc618ad/external/com_google_protobuf/python/BUILD.bazel:14:14: error loading package '@com_google_protobuf//python/dist': Unable to find package for @protobuf_pip_deps//:requirements.bzl: The repository '@protobuf_pip_deps' could not be resolved: Repository '@protobuf_pip_deps' is not defined. and referenced by '@com_google_protobuf//python:google/protobuf/pyext/_message.so'
DEBUG: Rule 'pandoc_macOS' indicated that a canonical reproducible form can be obtained by modifying arguments sha256 = "5bb325f4f5ba3a0f6bfc600d82ebf9af2a9b7207449a5a25e9a9acd678b17626"
DEBUG: Repository pandoc_macOS instantiated at:
  /data/h445xu/repo/bazel-repos/cloned_repos/googleapis__gapic-generator-python/WORKSPACE:59:23: in <toplevel>
  /data/h445xu/repo/bazel-repos/cloned_repos/googleapis__gapic-generator-python/repositories.bzl:48:11: in gapic_generator_python
  /data/h445xu/repo/bazel-repos/cloned_repos/googleapis__gapic-generator-python/repositories.bzl:83:14: in _maybe
Repository rule http_archive defined at:
  /data/h445xu/.cache/bazel/_bazel_hongxu/96dc9cdfcba7c063e2cf989accc618ad/external/bazel_tools/tools/build_defs/repo/http.bzl:372:31: in <toplevel>
Loading: 222 packages loaded
    currently loading: @com_google_protobuf//python/dist
DEBUG: Rule 'pandoc_linux' indicated that a canonical reproducible form can be obtained by modifying arguments sha256 = "3b1b573cdf957b4102c42ce6f5a641787267a55a5e88dcca942fd471c25793cb"
DEBUG: Repository pandoc_linux instantiated at:
  /data/h445xu/repo/bazel-repos/cloned_repos/googleapis__gapic-generator-python/WORKSPACE:59:23: in <toplevel>
  /data/h445xu/repo/bazel-repos/cloned_repos/googleapis__gapic-generator-python/repositories.bzl:40:11: in gapic_generator_python
  /data/h445xu/repo/bazel-repos/cloned_repos/googleapis__gapic-generator-python/repositories.bzl:83:14: in _maybe
Repository rule http_archive defined at:
  /data/h445xu/.cache/bazel/_bazel_hongxu/96dc9cdfcba7c063e2cf989accc618ad/external/bazel_tools/tools/build_defs/repo/http.bzl:372:31: in <toplevel>
Loading: 233 packages loaded
    currently loading: @com_google_protobuf//python/dist
Loading: 237 packages loaded
    currently loading: @com_google_protobuf//python/dist
Loading: 248 packages loaded
    currently loading: @com_google_protobuf//python/dist
Loading: 261 packages loaded
    currently loading: @com_google_protobuf//python/dist
WARNING: --keep_going specified, ignoring errors. Results may be inaccurate
Read 0 lines from bazel query output...
Read 1000 lines from bazel query output...
Read 2000 lines from bazel query output...
Read 3000 lines from bazel query output...
Read 4000 lines from bazel query output...
Read 5000 lines from bazel query output...
Read 6000 lines from bazel query output...
Read 7000 lines from bazel query output...
Read 8000 lines from bazel query output...
Read 9000 lines from bazel query output...
Read 10000 lines from bazel query output...
Read 11000 lines from bazel query output...
Read 12000 lines from bazel query output...
Read 13000 lines from bazel query output...
Read 14000 lines from bazel query output...
Read 15000 lines from bazel query output...
Read 16000 lines from bazel query output...
Read 17000 lines from bazel query output...
Read 18000 lines from bazel query output...
Read 19000 lines from bazel query output...
Read 20000 lines from bazel query output...
Read 21000 lines from bazel query output...
Read 22000 lines from bazel query output...
Read 23000 lines from bazel query output...
Read 24000 lines from bazel query output...
Read 25000 lines from bazel query output...
Read 26000 lines from bazel query output...
Read 27000 lines from bazel query output...
Read 28000 lines from bazel query output...
Read 29000 lines from bazel query output...
Read 30000 lines from bazel query output...
Read 31000 lines from bazel query output...
Read 32000 lines from bazel query output...
Read 33000 lines from bazel query output...
Read 34000 lines from bazel query output...
Read 35000 lines from bazel query output...
Read 36000 lines from bazel query output...
Read 37000 lines from bazel query output...
Read 38000 lines from bazel query output...
Read 39000 lines from bazel query output...
Read 40000 lines from bazel query output...
Read 41000 lines from bazel query output...
Read 42000 lines from bazel query output...
Read 43000 lines from bazel query output...
Read 44000 lines from bazel query output...
Read 45000 lines from bazel query output...
Read 46000 lines from bazel query output...
Read 47000 lines from bazel query output...
Read 48000 lines from bazel query output...
Read 49000 lines from bazel query output...
Read 50000 lines from bazel query output...
Read 51000 lines from bazel query output...
Read 52000 lines from bazel query output...
Read 53000 lines from bazel query output...
Read 54000 lines from bazel query output...
Read 55000 lines from bazel query output...
Read 56000 lines from bazel query output...
Read 57000 lines from bazel query output...
Read 58000 lines from bazel query output...
Read 59000 lines from bazel query output...
Read 60000 lines from bazel query output...
Read 61000 lines from bazel query output...
Read 62000 lines from bazel query output...
Read 63000 lines from bazel query output...
Read 64000 lines from bazel query output...
Read 65000 lines from bazel query output...
Read 66000 lines from bazel query output...
Read 67000 lines from bazel query output...
Read 68000 lines from bazel query output...
Read 69000 lines from bazel query output...
Read 70000 lines from bazel query output...
Read 71000 lines from bazel query output...
Read 72000 lines from bazel query output...
Read 73000 lines from bazel query output...
Read 74000 lines from bazel query output...
Read 75000 lines from bazel query output...
Read 76000 lines from bazel query output...
Read 77000 lines from bazel query output...
Read 78000 lines from bazel query output...
Read 79000 lines from bazel query output...
Read 80000 lines from bazel query output...
Read 81000 lines from bazel query output...
Read 82000 lines from bazel query output...
Read 83000 lines from bazel query output...
Read 84000 lines from bazel query output...
Read 85000 lines from bazel query output...
Read 86000 lines from bazel query output...
Read 87000 lines from bazel query output...
Read 88000 lines from bazel query output...
Read 89000 lines from bazel query output...
Read 90000 lines from bazel query output...
Read 91000 lines from bazel query output...
Read 92000 lines from bazel query output...
Read 93000 lines from bazel query output...
Read 94000 lines from bazel query output...
Read 95000 lines from bazel query output...
Read 96000 lines from bazel query output...
Read 97000 lines from bazel query output...
Read 98000 lines from bazel query output...
Read 99000 lines from bazel query output...
Read 100000 lines from bazel query output...
Read 101000 lines from bazel query output...
Read 102000 lines from bazel query output...
Read 103000 lines from bazel query output...
Read 104000 lines from bazel query output...
Read 105000 lines from bazel query output...
Read 106000 lines from bazel query output...
Read 107000 lines from bazel query output...
Read 108000 lines from bazel query output...
Read 109000 lines from bazel query output...
Read 110000 lines from bazel query output...
Read 111000 lines from bazel query output...
Read 112000 lines from bazel query output...
Read 113000 lines from bazel query output...
Read 114000 lines from bazel query output...
Read 115000 lines from bazel query output...
Read 116000 lines from bazel query output...
Read 117000 lines from bazel query output...
Read 118000 lines from bazel query output...
Read 119000 lines from bazel query output...
Read 120000 lines from bazel query output...
Read 121000 lines from bazel query output...
Read 122000 lines from bazel query output...
Read 123000 lines from bazel query output...
Read 124000 lines from bazel query output...
Read 125000 lines from bazel query output...
Read 126000 lines from bazel query output...
Read 127000 lines from bazel query output...
Read 128000 lines from bazel query output...
Read 129000 lines from bazel query output...
Read 130000 lines from bazel query output...
Read 131000 lines from bazel query output...
Read 132000 lines from bazel query output...
Read 133000 lines from bazel query output...
Read 134000 lines from bazel query output...
Read 135000 lines from bazel query output...
Loading: 263 packages loaded
    currently loading: @com_google_protobuf//python/dist
