Starting local Bazel server (8.1.1) and connecting to it...
 no actions running
Loading: 0 packages loaded
Loading: 0 packages loaded
DEBUG: Rule '+jsonpath_ng_extension+jsonpath-ng-git' indicated that a canonical reproducible form can be obtained by modifying arguments commit = "dcda7ede8334c46ce6927b26139f87697eff9634" and dropping ["tag"]
DEBUG: Repository +jsonpath_ng_extension+jsonpath-ng-git instantiated at:
  <builtin>: in <toplevel>
Repository rule git_repository defined at:
  /data/h445xu/.cache/bazel/_bazel_hongxu/4ba96a79a444722dea76eea38d36c7af/external/bazel_tools/tools/build_defs/repo/git.bzl:193:33: in <toplevel>
Loading: 120 packages loaded
DEBUG: Rule '+com_google_osv_extension+com_google_osv' indicated that a canonical reproducible form can be obtained by modifying arguments integrity = "sha256-4auVX+ptcQ/P5Q/zjIYeCc7p4TNqwlJCLBnpqxUbLes="
DEBUG: Repository +com_google_osv_extension+com_google_osv instantiated at:
  <builtin>: in <toplevel>
Repository rule http_archive defined at:
  /data/h445xu/.cache/bazel/_bazel_hongxu/4ba96a79a444722dea76eea38d36c7af/external/bazel_tools/tools/build_defs/repo/http.bzl:392:31: in <toplevel>
Loading: 127 packages loaded
    currently loading: @@rules_python++python+python_3_12_ppc64le-unknown-linux-gnu//
Loading: 132 packages loaded
Loading: 132 packages loaded
Loading: 150 packages loaded
Loading: 150 packages loaded
Loading: 154 packages loaded
Loading: 155 packages loaded
Loading: 155 packages loaded
Read 0 lines from bazel query output...
Read 1000 lines from bazel query output...
Read 2000 lines from bazel query output...
Read 3000 lines from bazel query output...
Read 4000 lines from bazel query output...
Read 5000 lines from bazel query output...
Read 6000 lines from bazel query output...
Read 7000 lines from bazel query output...
Read 8000 lines from bazel query output...
Read 9000 lines from bazel query output...
Read 10000 lines from bazel query output...
Read 11000 lines from bazel query output...
Read 12000 lines from bazel query output...
Read 13000 lines from bazel query output...
Read 14000 lines from bazel query output...
Read 15000 lines from bazel query output...
Read 16000 lines from bazel query output...
Read 17000 lines from bazel query output...
Read 18000 lines from bazel query output...
Read 19000 lines from bazel query output...
Read 20000 lines from bazel query output...
Read 21000 lines from bazel query output...
Read 22000 lines from bazel query output...
Read 23000 lines from bazel query output...
Read 24000 lines from bazel query output...
Read 25000 lines from bazel query output...
Read 26000 lines from bazel query output...
Read 27000 lines from bazel query output...
Read 28000 lines from bazel query output...
Read 29000 lines from bazel query output...
Read 30000 lines from bazel query output...
Read 31000 lines from bazel query output...
Read 32000 lines from bazel query output...
Read 33000 lines from bazel query output...
Read 34000 lines from bazel query output...
Read 35000 lines from bazel query output...
