Starting local Bazel server and connecting to it...
 checking cached actions
 checking cached actions
 checking cached actions
 checking cached actions
 checking cached actions
Loading: 0 packages loaded
Loading: 148 packages loaded
    currently loading: @com_google_protobuf// ... (2 packages)
Loading: 202 packages loaded
Loading: 251 packages loaded
Loading: 253 packages loaded
Loading: 253 packages loaded
    currently loading: @go_sdk//
DEBUG: Rule 'distroless' indicated that a canonical reproducible form can be obtained by modifying arguments digest = "sha256:edc8d6572796bfbc8f6f24664dcdf148300e5dbc7dd51020c5921c57b0afdce5"
DEBUG: Repository distroless instantiated at:
  /data/h445xu/repo/bazel-repos/cloned_repos/GoogleCloudPlatform__elcarro-oracle-operator/WORKSPACE:152:15: in <toplevel>
Repository rule container_pull defined at:
  /data/h445xu/.cache/bazel/_bazel_hongxu/80f08c56dd54f2b05a0b84d96039b11e/external/io_bazel_rules_docker/container/pull.bzl:294:33: in <toplevel>
Loading: 256 packages loaded
Loading: 256 packages loaded
Loading: 552 packages loaded
Loading: 1006 packages loaded
Loading: 1030 packages loaded
Loading: 1050 packages loaded
Loading: 1050 packages loaded
Loading: 1093 packages loaded
Read 0 lines from bazel query output...
Read 1000 lines from bazel query output...
Read 2000 lines from bazel query output...
Read 3000 lines from bazel query output...
Read 4000 lines from bazel query output...
Read 5000 lines from bazel query output...
Read 6000 lines from bazel query output...
Read 7000 lines from bazel query output...
Read 8000 lines from bazel query output...
Read 9000 lines from bazel query output...
Read 10000 lines from bazel query output...
Read 11000 lines from bazel query output...
Read 12000 lines from bazel query output...
Read 13000 lines from bazel query output...
Read 14000 lines from bazel query output...
Read 15000 lines from bazel query output...
Read 16000 lines from bazel query output...
Read 17000 lines from bazel query output...
Read 18000 lines from bazel query output...
Read 19000 lines from bazel query output...
Read 20000 lines from bazel query output...
Read 21000 lines from bazel query output...
Read 22000 lines from bazel query output...
Read 23000 lines from bazel query output...
Read 24000 lines from bazel query output...
Read 25000 lines from bazel query output...
Read 26000 lines from bazel query output...
Read 27000 lines from bazel query output...
Read 28000 lines from bazel query output...
Read 29000 lines from bazel query output...
Read 30000 lines from bazel query output...
Read 31000 lines from bazel query output...
Read 32000 lines from bazel query output...
Read 33000 lines from bazel query output...
Read 34000 lines from bazel query output...
Read 35000 lines from bazel query output...
Read 36000 lines from bazel query output...
Read 37000 lines from bazel query output...
Read 38000 lines from bazel query output...
Read 39000 lines from bazel query output...
Read 40000 lines from bazel query output...
Read 41000 lines from bazel query output...
Read 42000 lines from bazel query output...
Read 43000 lines from bazel query output...
Read 44000 lines from bazel query output...
Read 45000 lines from bazel query output...
Read 46000 lines from bazel query output...
Read 47000 lines from bazel query output...
Read 48000 lines from bazel query output...
Read 49000 lines from bazel query output...
Read 50000 lines from bazel query output...
Read 51000 lines from bazel query output...
Read 52000 lines from bazel query output...
Read 53000 lines from bazel query output...
Read 54000 lines from bazel query output...
Read 55000 lines from bazel query output...
Read 56000 lines from bazel query output...
Read 57000 lines from bazel query output...
Loading: 1093 packages loaded
