2025/08/09 02:52:52 Downloading https://releases.bazel.build/6.2.1/release/bazel-6.2.1-linux-x86_64...
Extracting Bazel installation...
Starting local Bazel server and connecting to it...
 checking cached actions
 checking cached actions
Loading: 0 packages loaded
Loading: 161 packages loaded
    currently loading: @bazel_tools//third_party/zlib
WARNING: Download from https://mirror.bazel.build/repo1.maven.org/maven2/com/google/guava/guava-testlib/33.0.0-jre/guava-testlib-33.0.0-jre.jar failed: class java.io.FileNotFoundException GET returned 404 Not Found
WARNING: Download from https://mirror.bazel.build/repo1.maven.org/maven2/net/java/dev/javacc/javacc/6.1.2/javacc-6.1.2.jar failed: class java.io.FileNotFoundException GET returned 404 Not Found
WARNING: Download from https://mirror.bazel.build/repo1.maven.org/maven2/org/ow2/asm/asm-commons/9.5/asm-commons-9.5.jar failed: class java.io.FileNotFoundException GET returned 404 Not Found
WARNING: Download from https://mirror.bazel.build/repo1.maven.org/maven2/com/google/flogger/google-extensions/0.7.4/google-extensions-0.7.4.jar failed: class java.io.FileNotFoundException GET returned 404 Not Found
WARNING: Download from https://mirror.bazel.build/repo1.maven.org/maven2/com/google/auto/value/auto-value-annotations/1.10.2/auto-value-annotations-1.10.2.jar failed: class java.io.FileNotFoundException GET returned 404 Not Found
WARNING: Download from https://mirror.bazel.build/repo1.maven.org/maven2/com/google/auto/value/auto-value/1.10.2/auto-value-1.10.2.jar failed: class java.io.FileNotFoundException GET returned 404 Not Found
WARNING: Download from https://mirror.bazel.build/repo1.maven.org/maven2/com/google/flogger/flogger/0.7.4/flogger-0.7.4.jar failed: class java.io.FileNotFoundException GET returned 404 Not Found
WARNING: Download from https://mirror.bazel.build/repo1.maven.org/maven2/org/ow2/asm/asm-util/9.5/asm-util-9.5.jar failed: class java.io.FileNotFoundException GET returned 404 Not Found
WARNING: Download from https://mirror.bazel.build/repo1.maven.org/maven2/com/google/errorprone/error_prone_annotations/2.24.1/error_prone_annotations-2.24.1.jar failed: class java.io.FileNotFoundException GET returned 404 Not Found
WARNING: Download from https://mirror.bazel.build/repo1.maven.org/maven2/org/json/json/20230618/json-20230618.jar failed: class java.io.FileNotFoundException GET returned 404 Not Found
WARNING: Download from https://mirror.bazel.build/repo1.maven.org/maven2/jakarta/inject/jakarta.inject-api/2.0.1/jakarta.inject-api-2.0.1.jar failed: class java.io.FileNotFoundException GET returned 404 Not Found
WARNING: Download from https://mirror.bazel.build/repo1.maven.org/maven2/org/apache/ant/ant-launcher/1.10.13/ant-launcher-1.10.13.jar failed: class java.io.FileNotFoundException GET returned 404 Not Found
WARNING: Download from https://mirror.bazel.build/repo1.maven.org/maven2/org/ow2/asm/asm-tree/9.5/asm-tree-9.5.jar failed: class java.io.FileNotFoundException GET returned 404 Not Found
WARNING: Download from https://mirror.bazel.build/repo1.maven.org/maven2/com/google/truth/truth/1.4.0/truth-1.4.0.jar failed: class java.io.FileNotFoundException GET returned 404 Not Found
WARNING: Download from https://mirror.bazel.build/repo1.maven.org/maven2/org/ow2/asm/asm-analysis/9.5/asm-analysis-9.5.jar failed: class java.io.FileNotFoundException GET returned 404 Not Found
WARNING: Download from https://mirror.bazel.build/repo1.maven.org/maven2/com/google/inject/guice/7.0.0/guice-7.0.0.jar failed: class java.io.FileNotFoundException GET returned 404 Not Found
WARNING: Download from https://mirror.bazel.build/repo1.maven.org/maven2/com/google/guava/guava/33.0.0-jre/guava-33.0.0-jre.jar failed: class java.io.FileNotFoundException GET returned 404 Not Found
WARNING: Download from https://mirror.bazel.build/repo1.maven.org/maven2/org/apache/ant/ant/1.10.13/ant-1.10.13.jar failed: class java.io.FileNotFoundException GET returned 404 Not Found
WARNING: Download from https://mirror.bazel.build/repo1.maven.org/maven2/com/ibm/icu/icu4j/73.2/icu4j-73.2.jar failed: class java.io.FileNotFoundException GET returned 404 Not Found
Loading: 211 packages loaded
Read 0 lines from bazel query output...
Read 1000 lines from bazel query output...
Read 2000 lines from bazel query output...
Read 3000 lines from bazel query output...
Read 4000 lines from bazel query output...
Read 5000 lines from bazel query output...
Read 6000 lines from bazel query output...
Read 7000 lines from bazel query output...
Read 8000 lines from bazel query output...
Read 9000 lines from bazel query output...
Read 10000 lines from bazel query output...
Read 11000 lines from bazel query output...
Read 12000 lines from bazel query output...
Read 13000 lines from bazel query output...
Read 14000 lines from bazel query output...
Read 15000 lines from bazel query output...
Read 16000 lines from bazel query output...
Read 17000 lines from bazel query output...
Read 18000 lines from bazel query output...
Read 19000 lines from bazel query output...
Read 20000 lines from bazel query output...
Read 21000 lines from bazel query output...
Read 22000 lines from bazel query output...
Loading: 212 packages loaded
