Starting local Bazel server (8.3.1) and connecting to it...
 no actions running
 no actions running
 no actions running
WARNING: For repository 'bazel_skylib', the root module requires module version bazel_skylib@1.6.1, but got bazel_skylib@1.7.1 in the resolved dependency graph. Please update the version in your MODULE.bazel or set --check_direct_dependencies=off
WARNING: For repository 'platforms', the root module requires module version platforms@0.0.10, but got platforms@0.0.11 in the resolved dependency graph. Please update the version in your MODULE.bazel or set --check_direct_dependencies=off
WARNING: For repository 'rules_python', the root module requires module version rules_python@0.37.0, but got rules_python@0.40.0 in the resolved dependency graph. Please update the version in your MODULE.bazel or set --check_direct_dependencies=off
WARNING: For repository 'rules_cc', the root module requires module version rules_cc@0.0.9, but got rules_cc@0.1.1 in the resolved dependency graph. Please update the version in your MODULE.bazel or set --check_direct_dependencies=off
WARNING: For repository 'com_google_protobuf', the root module requires module version protobuf@28.3, but got protobuf@29.0 in the resolved dependency graph. Please update the version in your MODULE.bazel or set --check_direct_dependencies=off
Loading: 0 packages loaded
DEBUG: /data/h445xu/.cache/bazel/_bazel_hongxu/11e352c33dbce11f8a7d6aaa9431269c/external/protobuf+/protobuf.bzl:650:10: The py_proto_library macro is deprecated and will be removed in the 30.x release. switch to the rule defined by rules_python or the one in bazel/py_proto_library.bzl.
Loading: 119 packages loaded
DEBUG: Rule 'pybind11_bazel++internal_configure_extension+pybind11' indicated that a canonical reproducible form can be obtained by modifying arguments integrity = "sha256-QR93OAxDeYUGs57FlPx/K1MqE8TbZ0/PKxyjRO+u+2g="
DEBUG: Repository pybind11_bazel++internal_configure_extension+pybind11 instantiated at:
  <builtin>: in <toplevel>
Repository rule http_archive defined at:
  /data/h445xu/.cache/bazel/_bazel_hongxu/11e352c33dbce11f8a7d6aaa9431269c/external/bazel_tools/tools/build_defs/repo/http.bzl:394:31: in <toplevel>
Loading: 131 packages loaded
Loading: 133 packages loaded
Loading: 136 packages loaded
Loading: 138 packages loaded
Loading: 166 packages loaded
Loading: 189 packages loaded
Loading: 208 packages loaded
Loading: 211 packages loaded
Loading: 214 packages loaded
Loading: 216 packages loaded
    currently loading: @@rules_python++pip+pypi_311_scipy//
Loading: 218 packages loaded
Loading: 219 packages loaded
Loading: 220 packages loaded
Loading: 223 packages loaded
Read 0 lines from bazel query output...
Read 1000 lines from bazel query output...
Read 2000 lines from bazel query output...
Read 3000 lines from bazel query output...
Read 4000 lines from bazel query output...
Read 5000 lines from bazel query output...
Read 6000 lines from bazel query output...
Read 7000 lines from bazel query output...
Read 8000 lines from bazel query output...
Read 9000 lines from bazel query output...
Read 10000 lines from bazel query output...
Read 11000 lines from bazel query output...
Read 12000 lines from bazel query output...
Read 13000 lines from bazel query output...
Read 14000 lines from bazel query output...
Read 15000 lines from bazel query output...
Read 16000 lines from bazel query output...
Read 17000 lines from bazel query output...
Read 18000 lines from bazel query output...
Read 19000 lines from bazel query output...
Read 20000 lines from bazel query output...
Read 21000 lines from bazel query output...
Read 22000 lines from bazel query output...
Read 23000 lines from bazel query output...
Read 24000 lines from bazel query output...
Read 25000 lines from bazel query output...
Read 26000 lines from bazel query output...
Read 27000 lines from bazel query output...
Read 28000 lines from bazel query output...
Read 29000 lines from bazel query output...
Read 30000 lines from bazel query output...
Read 31000 lines from bazel query output...
Read 32000 lines from bazel query output...
Read 33000 lines from bazel query output...
Read 34000 lines from bazel query output...
Read 35000 lines from bazel query output...
Read 36000 lines from bazel query output...
Read 37000 lines from bazel query output...
Read 38000 lines from bazel query output...
Read 39000 lines from bazel query output...
Read 40000 lines from bazel query output...
Read 41000 lines from bazel query output...
Read 42000 lines from bazel query output...
Read 43000 lines from bazel query output...
Read 44000 lines from bazel query output...
Read 45000 lines from bazel query output...
Read 46000 lines from bazel query output...
Read 47000 lines from bazel query output...
Read 48000 lines from bazel query output...
Read 49000 lines from bazel query output...
Read 50000 lines from bazel query output...
Read 51000 lines from bazel query output...
Read 52000 lines from bazel query output...
Read 53000 lines from bazel query output...
Read 54000 lines from bazel query output...
Read 55000 lines from bazel query output...
Read 56000 lines from bazel query output...
Read 57000 lines from bazel query output...
Read 58000 lines from bazel query output...
Read 59000 lines from bazel query output...
Read 60000 lines from bazel query output...
Read 61000 lines from bazel query output...
Read 62000 lines from bazel query output...
Read 63000 lines from bazel query output...
Read 64000 lines from bazel query output...
Read 65000 lines from bazel query output...
Read 66000 lines from bazel query output...
Read 67000 lines from bazel query output...
Read 68000 lines from bazel query output...
Read 69000 lines from bazel query output...
Read 70000 lines from bazel query output...
Read 71000 lines from bazel query output...
Read 72000 lines from bazel query output...
Read 73000 lines from bazel query output...
Read 74000 lines from bazel query output...
Read 75000 lines from bazel query output...
Read 76000 lines from bazel query output...
Read 77000 lines from bazel query output...
Read 78000 lines from bazel query output...
Read 79000 lines from bazel query output...
Read 80000 lines from bazel query output...
Read 81000 lines from bazel query output...
Read 82000 lines from bazel query output...
Read 83000 lines from bazel query output...
Read 84000 lines from bazel query output...
Read 85000 lines from bazel query output...
Read 86000 lines from bazel query output...
Read 87000 lines from bazel query output...
Read 88000 lines from bazel query output...
Read 89000 lines from bazel query output...
Read 90000 lines from bazel query output...
Read 91000 lines from bazel query output...
Read 92000 lines from bazel query output...
Read 93000 lines from bazel query output...
Read 94000 lines from bazel query output...
Read 95000 lines from bazel query output...
Read 96000 lines from bazel query output...
Read 97000 lines from bazel query output...
Read 98000 lines from bazel query output...
Read 99000 lines from bazel query output...
Read 100000 lines from bazel query output...
Read 101000 lines from bazel query output...
Read 102000 lines from bazel query output...
Read 103000 lines from bazel query output...
Read 104000 lines from bazel query output...
Read 105000 lines from bazel query output...
Read 106000 lines from bazel query output...
Read 107000 lines from bazel query output...
Read 108000 lines from bazel query output...
Read 109000 lines from bazel query output...
Read 110000 lines from bazel query output...
Read 111000 lines from bazel query output...
Read 112000 lines from bazel query output...
Read 113000 lines from bazel query output...
Read 114000 lines from bazel query output...
Read 115000 lines from bazel query output...
Read 116000 lines from bazel query output...
Read 117000 lines from bazel query output...
Read 118000 lines from bazel query output...
Read 119000 lines from bazel query output...
Read 120000 lines from bazel query output...
Read 121000 lines from bazel query output...
Read 122000 lines from bazel query output...
