Starting local Bazel server (8.3.1) and connecting to it...
 no actions running
 no actions running
 no actions running
Loading: 0 packages loaded
Loading: 0 packages loaded
ERROR: error loading package 'vendor/googletest/googletest/test': Unable to find package for @@[unknown repo 'rules_python' requested from @@]//python:defs.bzl: The repository '@@[unknown repo 'rules_python' requested from @@]' could not be resolved: No repository visible as '@rules_python' from main repository.
ERROR: error loading package 'vendor/googletest/googlemock/test': Unable to find package for @@[unknown repo 'rules_python' requested from @@]//python:defs.bzl: The repository '@@[unknown repo 'rules_python' requested from @@]' could not be resolved: No repository visible as '@rules_python' from main repository.
ERROR: /data/h445xu/repo/bazel-repos/cloned_repos/gperftools__gperftools/vendor/googletest/BUILD.bazel:86:11: no such package '@@[unknown repo 'abseil-cpp' requested from @@]//absl/container': The repository '@@[unknown repo 'abseil-cpp' requested from @@]' could not be resolved: No repository visible as '@abseil-cpp' from main repository and referenced by '//vendor/googletest:gtest'
ERROR: /data/h445xu/repo/bazel-repos/cloned_repos/gperftools__gperftools/vendor/googletest/BUILD.bazel:86:11: no such package '@@[unknown repo 'abseil-cpp' requested from @@]//absl/debugging': The repository '@@[unknown repo 'abseil-cpp' requested from @@]' could not be resolved: No repository visible as '@abseil-cpp' from main repository and referenced by '//vendor/googletest:gtest'
ERROR: /data/h445xu/repo/bazel-repos/cloned_repos/gperftools__gperftools/vendor/googletest/BUILD.bazel:86:11: no such package '@@[unknown repo 'abseil-cpp' requested from @@]//absl/flags': The repository '@@[unknown repo 'abseil-cpp' requested from @@]' could not be resolved: No repository visible as '@abseil-cpp' from main repository and referenced by '//vendor/googletest:gtest'
ERROR: /data/h445xu/repo/bazel-repos/cloned_repos/gperftools__gperftools/vendor/googletest/BUILD.bazel:86:11: no such package '@@[unknown repo 'abseil-cpp' requested from @@]//absl/strings': The repository '@@[unknown repo 'abseil-cpp' requested from @@]' could not be resolved: No repository visible as '@abseil-cpp' from main repository and referenced by '//vendor/googletest:gtest'
ERROR: /data/h445xu/repo/bazel-repos/cloned_repos/gperftools__gperftools/vendor/googletest/BUILD.bazel:86:11: no such package '@@[unknown repo 'abseil-cpp' requested from @@]//absl/types': The repository '@@[unknown repo 'abseil-cpp' requested from @@]' could not be resolved: No repository visible as '@abseil-cpp' from main repository and referenced by '//vendor/googletest:gtest'
ERROR: /data/h445xu/repo/bazel-repos/cloned_repos/gperftools__gperftools/vendor/googletest/BUILD.bazel:86:11: no such package '@@[unknown repo 're2' requested from @@]//': The repository '@@[unknown repo 're2' requested from @@]' could not be resolved: No repository visible as '@re2' from main repository and referenced by '//vendor/googletest:gtest'
ERROR: /data/h445xu/repo/bazel-repos/cloned_repos/gperftools__gperftools/vendor/googletest/BUILD.bazel:86:11: no such package '@@[unknown repo 'fuchsia_sdk' requested from @@]//pkg/fdio': The repository '@@[unknown repo 'fuchsia_sdk' requested from @@]' could not be resolved: No repository visible as '@fuchsia_sdk' from main repository and referenced by '//vendor/googletest:gtest'
ERROR: /data/h445xu/repo/bazel-repos/cloned_repos/gperftools__gperftools/vendor/googletest/BUILD.bazel:86:11: no such package '@@[unknown repo 'fuchsia_sdk' requested from @@]//pkg/syslog': The repository '@@[unknown repo 'fuchsia_sdk' requested from @@]' could not be resolved: No repository visible as '@fuchsia_sdk' from main repository and referenced by '//vendor/googletest:gtest'
ERROR: /data/h445xu/repo/bazel-repos/cloned_repos/gperftools__gperftools/vendor/googletest/BUILD.bazel:86:11: no such package '@@[unknown repo 'fuchsia_sdk' requested from @@]//pkg/zx': The repository '@@[unknown repo 'fuchsia_sdk' requested from @@]' could not be resolved: No repository visible as '@fuchsia_sdk' from main repository and referenced by '//vendor/googletest:gtest'
Loading: 23 packages loaded
    currently loading: vendor/googletest/googletest/test ... (2 packages)
ERROR: /data/h445xu/repo/bazel-repos/cloned_repos/gperftools__gperftools/vendor/googletest/BUILD.bazel:86:11: no such package '@@[unknown repo 'abseil-cpp' requested from @@]//absl/container': The repository '@@[unknown repo 'abseil-cpp' requested from @@]' could not be resolved: No repository visible as '@abseil-cpp' from main repository and referenced by '//vendor/googletest:gtest'
ERROR: /data/h445xu/repo/bazel-repos/cloned_repos/gperftools__gperftools/vendor/googletest/BUILD.bazel:86:11: no such package '@@[unknown repo 'fuchsia_sdk' requested from @@]//pkg/fdio': The repository '@@[unknown repo 'fuchsia_sdk' requested from @@]' could not be resolved: No repository visible as '@fuchsia_sdk' from main repository and referenced by '//vendor/googletest:gtest'
ERROR: /data/h445xu/repo/bazel-repos/cloned_repos/gperftools__gperftools/vendor/googletest/BUILD.bazel:86:11: no such package '@@[unknown repo 're2' requested from @@]//': The repository '@@[unknown repo 're2' requested from @@]' could not be resolved: No repository visible as '@re2' from main repository and referenced by '//vendor/googletest:gtest'
ERROR: /data/h445xu/repo/bazel-repos/cloned_repos/gperftools__gperftools/vendor/googletest/BUILD.bazel:86:11: no such package '@@[unknown repo 'abseil-cpp' requested from @@]//absl/types': The repository '@@[unknown repo 'abseil-cpp' requested from @@]' could not be resolved: No repository visible as '@abseil-cpp' from main repository and referenced by '//vendor/googletest:gtest'
ERROR: /data/h445xu/repo/bazel-repos/cloned_repos/gperftools__gperftools/vendor/googletest/BUILD.bazel:86:11: no such package '@@[unknown repo 'abseil-cpp' requested from @@]//absl/types': The repository '@@[unknown repo 'abseil-cpp' requested from @@]' could not be resolved: No repository visible as '@abseil-cpp' from main repository and referenced by '//vendor/googletest:gtest'
ERROR: /data/h445xu/repo/bazel-repos/cloned_repos/gperftools__gperftools/vendor/googletest/BUILD.bazel:86:11: no such package '@@[unknown repo 'fuchsia_sdk' requested from @@]//pkg/zx': The repository '@@[unknown repo 'fuchsia_sdk' requested from @@]' could not be resolved: No repository visible as '@fuchsia_sdk' from main repository and referenced by '//vendor/googletest:gtest'
ERROR: /data/h445xu/repo/bazel-repos/cloned_repos/gperftools__gperftools/vendor/googletest/BUILD.bazel:86:11: no such package '@@[unknown repo 'fuchsia_sdk' requested from @@]//pkg/syslog': The repository '@@[unknown repo 'fuchsia_sdk' requested from @@]' could not be resolved: No repository visible as '@fuchsia_sdk' from main repository and referenced by '//vendor/googletest:gtest'
ERROR: /data/h445xu/repo/bazel-repos/cloned_repos/gperftools__gperftools/vendor/googletest/BUILD.bazel:86:11: no such package '@@[unknown repo 'abseil-cpp' requested from @@]//absl/types': The repository '@@[unknown repo 'abseil-cpp' requested from @@]' could not be resolved: No repository visible as '@abseil-cpp' from main repository and referenced by '//vendor/googletest:gtest'
ERROR: /data/h445xu/repo/bazel-repos/cloned_repos/gperftools__gperftools/vendor/googletest/BUILD.bazel:86:11: no such package '@@[unknown repo 'abseil-cpp' requested from @@]//absl/strings': The repository '@@[unknown repo 'abseil-cpp' requested from @@]' could not be resolved: No repository visible as '@abseil-cpp' from main repository and referenced by '//vendor/googletest:gtest'
ERROR: /data/h445xu/repo/bazel-repos/cloned_repos/gperftools__gperftools/vendor/googletest/BUILD.bazel:86:11: no such package '@@[unknown repo 'abseil-cpp' requested from @@]//absl/flags': The repository '@@[unknown repo 'abseil-cpp' requested from @@]' could not be resolved: No repository visible as '@abseil-cpp' from main repository and referenced by '//vendor/googletest:gtest'
ERROR: /data/h445xu/repo/bazel-repos/cloned_repos/gperftools__gperftools/vendor/googletest/BUILD.bazel:86:11: no such package '@@[unknown repo 'abseil-cpp' requested from @@]//absl/debugging': The repository '@@[unknown repo 'abseil-cpp' requested from @@]' could not be resolved: No repository visible as '@abseil-cpp' from main repository and referenced by '//vendor/googletest:gtest'
ERROR: /data/h445xu/repo/bazel-repos/cloned_repos/gperftools__gperftools/vendor/googletest/BUILD.bazel:86:11: no such package '@@[unknown repo 'abseil-cpp' requested from @@]//absl/flags': The repository '@@[unknown repo 'abseil-cpp' requested from @@]' could not be resolved: No repository visible as '@abseil-cpp' from main repository and referenced by '//vendor/googletest:gtest'
ERROR: /data/h445xu/repo/bazel-repos/cloned_repos/gperftools__gperftools/vendor/googletest/BUILD.bazel:86:11: no such package '@@[unknown repo 'abseil-cpp' requested from @@]//absl/flags': The repository '@@[unknown repo 'abseil-cpp' requested from @@]' could not be resolved: No repository visible as '@abseil-cpp' from main repository and referenced by '//vendor/googletest:gtest'
ERROR: /data/h445xu/repo/bazel-repos/cloned_repos/gperftools__gperftools/vendor/googletest/BUILD.bazel:86:11: no such package '@@[unknown repo 'abseil-cpp' requested from @@]//absl/flags': The repository '@@[unknown repo 'abseil-cpp' requested from @@]' could not be resolved: No repository visible as '@abseil-cpp' from main repository and referenced by '//vendor/googletest:gtest'
ERROR: /data/h445xu/repo/bazel-repos/cloned_repos/gperftools__gperftools/vendor/googletest/BUILD.bazel:86:11: no such package '@@[unknown repo 'abseil-cpp' requested from @@]//absl/debugging': The repository '@@[unknown repo 'abseil-cpp' requested from @@]' could not be resolved: No repository visible as '@abseil-cpp' from main repository and referenced by '//vendor/googletest:gtest'
ERROR: /data/h445xu/repo/bazel-repos/cloned_repos/gperftools__gperftools/vendor/googletest/BUILD.bazel:86:11: no such package '@@[unknown repo 'abseil-cpp' requested from @@]//absl/debugging': The repository '@@[unknown repo 'abseil-cpp' requested from @@]' could not be resolved: No repository visible as '@abseil-cpp' from main repository and referenced by '//vendor/googletest:gtest'
ERROR: Evaluation of query "deps(//...)" failed: errors were encountered while computing transitive closure
WARNING: --keep_going specified, ignoring errors. Results may be inaccurate
Loading: 50 packages loaded
    currently loading: vendor/googletest/googletest/test ... (2 packages)
Read 0 lines from bazel query output...
Read 1000 lines from bazel query output...
Read 2000 lines from bazel query output...
Read 3000 lines from bazel query output...
Read 4000 lines from bazel query output...
Read 5000 lines from bazel query output...
Read 6000 lines from bazel query output...
Read 7000 lines from bazel query output...
Read 8000 lines from bazel query output...
Read 9000 lines from bazel query output...
Read 10000 lines from bazel query output...
Read 11000 lines from bazel query output...
Read 12000 lines from bazel query output...
Read 13000 lines from bazel query output...
Read 14000 lines from bazel query output...
Read 15000 lines from bazel query output...
Read 16000 lines from bazel query output...
Read 17000 lines from bazel query output...
Read 18000 lines from bazel query output...
Read 19000 lines from bazel query output...
Read 20000 lines from bazel query output...
