Starting local Bazel server and connecting to it...
INFO: Invocation ID: 46e56358-7a2d-46a4-8b05-386ebc9d5b1e
 no actions running
 no actions running
 no actions running
 no actions running
 no actions running
 no actions running
 no actions running
 no actions running
 no actions running
DEBUG: /data/h445xu/.cache/bazel/_bazel_hongxu/6dd5cbddc680b17b718244f808d5257b/external/rules_jvm_external/coursier.bzl:593:18: Found duplicate artifact versions
    androidx.annotation:annotation has multiple versions 1.5.0, 1.6.0
    androidx.databinding:databinding-adapters has multiple versions 7.2.2, 8.1.4
    androidx.databinding:databinding-common has multiple versions 7.2.2, 8.1.4
    androidx.databinding:databinding-runtime has multiple versions 7.2.2, 8.1.4
    androidx.databinding:viewbinding has multiple versions 7.2.2, 8.1.4
    org.jetbrains.kotlin:kotlin-reflect has multiple versions 1.8.10, 1.9.20
Please remove duplicate artifacts from the artifact list so you do not get unexpected artifact versions
 no actions running
Loading: 0 packages loaded
Loading: 3 packages loaded
    currently loading: sample-kotlin-library ... (8 packages)
Loading: 88 packages loaded
    currently loading: @@bazel_tools//tools/jdk ... (4 packages)
WARNING: Download from https://dl.google.com/dl/android/maven2/junit/junit/4.13.2/junit-4.13.2.jar failed: class java.io.FileNotFoundException GET returned 404 Not Found
WARNING: Download from https://dl.google.com/dl/android/maven2/com/squareup/javawriter/2.1.1/javawriter-2.1.1.jar failed: class java.io.FileNotFoundException GET returned 404 Not Found
WARNING: Download from https://maven.google.com/org/hamcrest/hamcrest-core/1.3/hamcrest-core-1.3.jar failed: class java.io.FileNotFoundException GET returned 404 Not Found
WARNING: Download from https://dl.google.com/dl/android/maven2/org/hamcrest/hamcrest-integration/1.3/hamcrest-integration-1.3.jar failed: class java.io.FileNotFoundException GET returned 404 Not Found
WARNING: Download from https://dl.google.com/dl/android/maven2/org/hamcrest/hamcrest-library/1.3/hamcrest-library-1.3.jar failed: class java.io.FileNotFoundException GET returned 404 Not Found
WARNING: Download from https://maven.google.com/com/google/protobuf/protobuf-java/3.22.3/protobuf-java-3.22.3.jar failed: class java.io.FileNotFoundException GET returned 404 Not Found
WARNING: Download from https://maven.google.com/org/ow2/asm/asm-analysis/9.6/asm-analysis-9.6.jar failed: class java.io.FileNotFoundException GET returned 404 Not Found
WARNING: Download from https://maven.google.com/com/github/ajalt/clikt/2.8.0/clikt-2.8.0.jar failed: class java.io.FileNotFoundException GET returned 404 Not Found
WARNING: Download from https://maven.google.com/org/checkerframework/checker-compat-qual/2.5.5/checker-compat-qual-2.5.5-sources.jar failed: class java.io.FileNotFoundException GET returned 404 Not Found
WARNING: Download from https://maven.google.com/org/jetbrains/kotlinx/kotlinx-coroutines-core-jvm/1.6.4/kotlinx-coroutines-core-jvm-1.6.4-sources.jar failed: class java.io.FileNotFoundException GET returned 404 Not Found
WARNING: Download from https://maven.google.com/javax/inject/javax.inject/1/javax.inject-1-sources.jar failed: class java.io.FileNotFoundException GET returned 404 Not Found
WARNING: Download from https://maven.google.com/com/google/auto/service/auto-service/1.0-rc6/auto-service-1.0-rc6.jar failed: class java.io.FileNotFoundException GET returned 404 Not Found
WARNING: Download from https://maven.google.com/com/squareup/javapoet/1.13.0/javapoet-1.13.0-sources.jar failed: class java.io.FileNotFoundException GET returned 404 Not Found
WARNING: Download from https://maven.google.com/org/ow2/asm/asm-tree/9.6/asm-tree-9.6-sources.jar failed: class java.io.FileNotFoundException GET returned 404 Not Found
WARNING: Download from https://maven.google.com/com/google/code/findbugs/jsr305/3.0.2/jsr305-3.0.2.jar failed: class java.io.FileNotFoundException GET returned 404 Not Found
WARNING: Download from https://maven.google.com/org/reactivestreams/reactive-streams/1.0.3/reactive-streams-1.0.3-sources.jar failed: class java.io.FileNotFoundException GET returned 404 Not Found
WARNING: Download from https://dl.google.com/dl/android/maven2/com/google/dagger/dagger/2.47/dagger-2.47.jar failed: class java.io.FileNotFoundException GET returned 404 Not Found
WARNING: Download from https://maven.google.com/org/ow2/asm/asm/9.6/asm-9.6-sources.jar failed: class java.io.FileNotFoundException GET returned 404 Not Found
WARNING: Download from https://maven.google.com/com/google/guava/listenablefuture/9999.0-empty-to-avoid-conflict-with-guava/listenablefuture-9999.0-empty-to-avoid-conflict-with-guava.jar failed: class java.io.FileNotFoundException GET returned 404 Not Found
WARNING: Download from https://maven.google.com/org/jetbrains/kotlin/kotlin-stdlib-jdk7/1.9.20/kotlin-stdlib-jdk7-1.9.20.jar failed: class java.io.FileNotFoundException GET returned 404 Not Found
WARNING: Download from https://maven.google.com/org/jetbrains/kotlin/kotlin-android-extensions-runtime/1.8.10/kotlin-android-extensions-runtime-1.8.10.jar failed: class java.io.FileNotFoundException GET returned 404 Not Found
WARNING: Download from https://dl.google.com/dl/android/maven2/com/jakewharton/timber/timber/5.0.1/timber-5.0.1.aar failed: class java.io.FileNotFoundException GET returned 404 Not Found
Loading: 122 packages loaded
    currently loading: @@bazel_tools//tools/android ... (2 packages)
WARNING: Download from https://maven.google.com/org/jetbrains/kotlin/kotlin-stdlib-common/1.6.21/kotlin-stdlib-common-1.6.21-sources.jar failed: class java.io.FileNotFoundException GET returned 404 Not Found
WARNING: Download from https://maven.google.com/com/google/code/gson/gson/2.10.1/gson-2.10.1-sources.jar failed: class java.io.FileNotFoundException GET returned 404 Not Found
WARNING: Download from https://maven.google.com/org/jetbrains/intellij/deps/trove4j/1.0.20200330/trove4j-1.0.20200330.jar failed: class java.io.FileNotFoundException GET returned 404 Not Found
WARNING: Download from https://maven.google.com/org/jetbrains/kotlinx/kotlinx-coroutines-core/1.6.4/kotlinx-coroutines-core-1.6.4.jar failed: class java.io.FileNotFoundException GET returned 404 Not Found
WARNING: Download from https://maven.google.com/net/ltgt/gradle/incap/incap/0.2/incap-0.2.jar failed: class java.io.FileNotFoundException GET returned 404 Not Found
WARNING: Download from https://maven.google.com/xmlpull/xmlpull/1.1.3.1/xmlpull-1.1.3.1.jar failed: class java.io.FileNotFoundException GET returned 404 Not Found
WARNING: Download from https://maven.google.com/org/hamcrest/hamcrest-core/1.3/hamcrest-core-1.3-sources.jar failed: class java.io.FileNotFoundException GET returned 404 Not Found
WARNING: Download from https://maven.google.com/org/jetbrains/annotations/23.0.0/annotations-23.0.0-sources.jar failed: class java.io.FileNotFoundException GET returned 404 Not Found
WARNING: Download from https://maven.google.com/com/squareup/okio/okio/2.10.0/okio-2.10.0-sources.jar failed: class java.io.FileNotFoundException GET returned 404 Not Found
WARNING: Download from https://maven.google.com/com/google/auto/service/auto-service-annotations/1.0-rc6/auto-service-annotations-1.0-rc6-sources.jar failed: class java.io.FileNotFoundException GET returned 404 Not Found
WARNING: Download from https://maven.google.com/org/jetbrains/kotlin/kotlin-script-runtime/1.8.10/kotlin-script-runtime-1.8.10.jar failed: class java.io.FileNotFoundException GET returned 404 Not Found
WARNING: Download from https://maven.google.com/net/sf/kxml/kxml2/2.3.0/kxml2-2.3.0.jar failed: class java.io.FileNotFoundException GET returned 404 Not Found
WARNING: Download from https://maven.google.com/javax/inject/javax.inject/1/javax.inject-1.jar failed: class java.io.FileNotFoundException GET returned 404 Not Found
WARNING: Download from https://maven.google.com/com/google/code/gson/gson/2.10.1/gson-2.10.1.jar failed: class java.io.FileNotFoundException GET returned 404 Not Found
WARNING: Download from https://maven.google.com/commons-io/commons-io/2.13.0/commons-io-2.13.0-sources.jar failed: class java.io.FileNotFoundException GET returned 404 Not Found
WARNING: Download from https://maven.google.com/org/jetbrains/kotlin/kotlin-stdlib-jdk7/1.9.20/kotlin-stdlib-jdk7-1.9.20-sources.jar failed: class java.io.FileNotFoundException GET returned 404 Not Found
WARNING: Download from https://dl.google.com/dl/android/maven2/org/jetbrains/annotations/20.1.0/annotations-20.1.0.jar failed: class java.io.FileNotFoundException GET returned 404 Not Found
WARNING: Download from https://maven.google.com/net/sf/kxml/kxml2/2.3.0/kxml2-2.3.0-sources.jar failed: class java.io.FileNotFoundException GET returned 404 Not Found
WARNING: Download from https://maven.google.com/org/checkerframework/checker-compat-qual/2.5.5/checker-compat-qual-2.5.5.jar failed: class java.io.FileNotFoundException GET returned 404 Not Found
WARNING: Download from https://maven.google.com/io/reactivex/rxjava3/rxjava/3.0.12/rxjava-3.0.12.jar failed: class java.io.FileNotFoundException GET returned 404 Not Found
WARNING: Download from https://maven.google.com/org/jetbrains/kotlin/kotlin-parcelize-compiler/1.8.10/kotlin-parcelize-compiler-1.8.10.jar failed: class java.io.FileNotFoundException GET returned 404 Not Found
WARNING: Download from https://maven.google.com/com/google/guava/guava/32.0.1-jre/guava-32.0.1-jre.jar failed: class java.io.FileNotFoundException GET returned 404 Not Found
WARNING: Download from https://maven.google.com/com/google/dagger/dagger/2.46.1/dagger-2.46.1-sources.jar failed: class java.io.FileNotFoundException GET returned 404 Not Found
WARNING: Download from https://maven.google.com/org/ow2/asm/asm-tree/9.6/asm-tree-9.6.jar failed: class java.io.FileNotFoundException GET returned 404 Not Found
Loading: 143 packages loaded
    currently loading: @@bazel_tools//tools/android ... (2 packages)
WARNING: Download from https://maven.google.com/org/jetbrains/kotlinx/kotlinx-coroutines-core-jvm/1.6.4/kotlinx-coroutines-core-jvm-1.6.4.jar failed: class java.io.FileNotFoundException GET returned 404 Not Found
WARNING: Download from https://maven.google.com/org/checkerframework/checker-qual/3.33.0/checker-qual-3.33.0.jar failed: class java.io.FileNotFoundException GET returned 404 Not Found
WARNING: Download from https://maven.google.com/com/squareup/okio/okio-jvm/3.2.0/okio-jvm-3.2.0-sources.jar failed: class java.io.FileNotFoundException GET returned 404 Not Found
WARNING: Download from https://maven.google.com/org/checkerframework/checker-qual/3.33.0/checker-qual-3.33.0-sources.jar failed: class java.io.FileNotFoundException GET returned 404 Not Found
WARNING: Download from https://maven.google.com/org/ow2/asm/asm-analysis/9.6/asm-analysis-9.6-sources.jar failed: class java.io.FileNotFoundException GET returned 404 Not Found
WARNING: Download from https://maven.google.com/commons-logging/commons-logging/1.2/commons-logging-1.2.jar failed: class java.io.FileNotFoundException GET returned 404 Not Found
WARNING: Download from https://maven.google.com/net/java/dev/jna/jna/5.6.0/jna-5.6.0.jar failed: class java.io.FileNotFoundException GET returned 404 Not Found
WARNING: Download from https://maven.google.com/org/jvnet/staxex/stax-ex/1.8.1/stax-ex-1.8.1.jar failed: class java.io.FileNotFoundException GET returned 404 Not Found
WARNING: Download from https://maven.google.com/org/jetbrains/kotlin/kotlin-stdlib-jdk8/1.9.20/kotlin-stdlib-jdk8-1.9.20.jar failed: class java.io.FileNotFoundException GET returned 404 Not Found
WARNING: Download from https://maven.google.com/org/jetbrains/kotlin/kotlin-compiler-embeddable/1.8.10/kotlin-compiler-embeddable-1.8.10.jar failed: class java.io.FileNotFoundException GET returned 404 Not Found
WARNING: Download from https://maven.google.com/com/squareup/javapoet/1.13.0/javapoet-1.13.0.jar failed: class java.io.FileNotFoundException GET returned 404 Not Found
WARNING: Download from https://dl.google.com/dl/android/maven2/com/google/dagger/dagger-producers/2.47/dagger-producers-2.47.jar failed: class java.io.FileNotFoundException GET returned 404 Not Found
WARNING: Download from https://maven.google.com/org/jetbrains/kotlin/kotlin-daemon-embeddable/1.8.10/kotlin-daemon-embeddable-1.8.10.jar failed: class java.io.FileNotFoundException GET returned 404 Not Found
WARNING: Download from https://maven.google.com/org/ow2/asm/asm/9.6/asm-9.6.jar failed: class java.io.FileNotFoundException GET returned 404 Not Found
WARNING: Download from https://maven.google.com/junit/junit/4.13/junit-4.13.jar failed: class java.io.FileNotFoundException GET returned 404 Not Found
WARNING: Download from https://maven.google.com/org/jetbrains/kotlin/kotlin-reflect/1.9.20/kotlin-reflect-1.9.20.jar failed: class java.io.FileNotFoundException GET returned 404 Not Found
WARNING: Download from https://maven.google.com/com/google/auto/auto-common/0.10/auto-common-0.10.jar failed: class java.io.FileNotFoundException GET returned 404 Not Found
WARNING: Download from https://maven.google.com/io/reactivex/rxjava3/rxjava/3.0.12/rxjava-3.0.12-sources.jar failed: class java.io.FileNotFoundException GET returned 404 Not Found
WARNING: Download from https://maven.google.com/com/squareup/moshi/moshi/1.14.0/moshi-1.14.0.jar failed: class java.io.FileNotFoundException GET returned 404 Not Found
WARNING: Download from https://maven.google.com/org/jetbrains/kotlin/kotlin-stdlib/1.9.20/kotlin-stdlib-1.9.20.jar failed: class java.io.FileNotFoundException GET returned 404 Not Found
WARNING: Download from https://maven.google.com/com/github/ajalt/clikt/2.8.0/clikt-2.8.0-sources.jar failed: class java.io.FileNotFoundException GET returned 404 Not Found
WARNING: Download from https://maven.google.com/org/jetbrains/kotlin/kotlin-parcelize-runtime/1.8.10/kotlin-parcelize-runtime-1.8.10.jar failed: class java.io.FileNotFoundException GET returned 404 Not Found
WARNING: Download from https://maven.google.com/com/google/guava/guava/32.0.1-jre/guava-32.0.1-jre-sources.jar failed: class java.io.FileNotFoundException GET returned 404 Not Found
WARNING: Download from https://maven.google.com/com/squareup/okio/okio-jvm/3.2.0/okio-jvm-3.2.0.jar failed: class java.io.FileNotFoundException GET returned 404 Not Found
WARNING: Download from https://maven.google.com/com/google/auto/service/auto-service-annotations/1.0-rc6/auto-service-annotations-1.0-rc6.jar failed: class java.io.FileNotFoundException GET returned 404 Not Found
Loading: 213 packages loaded
WARNING: Download from https://maven.google.com/org/jetbrains/kotlinx/kotlinx-coroutines-core/1.6.4/kotlinx-coroutines-core-1.6.4-sources.jar failed: class java.io.FileNotFoundException GET returned 404 Not Found
WARNING: Download from https://maven.google.com/com/google/dagger/dagger-compiler/2.46.1/dagger-compiler-2.46.1.jar failed: class java.io.FileNotFoundException GET returned 404 Not Found
WARNING: Download from https://maven.google.com/com/google/code/findbugs/jsr305/3.0.2/jsr305-3.0.2-sources.jar failed: class java.io.FileNotFoundException GET returned 404 Not Found
WARNING: Download from https://dl.google.com/dl/android/maven2/org/jetbrains/kotlinx/kotlinx-coroutines-android/1.6.4/kotlinx-coroutines-android-1.6.4.jar failed: class java.io.FileNotFoundException GET returned 404 Not Found
WARNING: Download from https://maven.google.com/com/sun/activation/javax.activation/1.2.0/javax.activation-1.2.0.jar failed: class java.io.FileNotFoundException GET returned 404 Not Found
WARNING: Download from https://dl.google.com/dl/android/maven2/com/google/dagger/dagger-spi/2.47/dagger-spi-2.47.jar failed: class java.io.FileNotFoundException GET returned 404 Not Found
WARNING: Download from https://maven.google.com/com/google/dagger/dagger-compiler/2.46.1/dagger-compiler-2.46.1-sources.jar failed: class java.io.FileNotFoundException GET returned 404 Not Found
WARNING: Download from https://maven.google.com/com/google/dagger/dagger-producers/2.46.1/dagger-producers-2.46.1-sources.jar failed: class java.io.FileNotFoundException GET returned 404 Not Found
WARNING: Download from https://maven.google.com/com/google/dagger/dagger/2.46.1/dagger-2.46.1.jar failed: class java.io.FileNotFoundException GET returned 404 Not Found
WARNING: Download from https://maven.google.com/org/reactivestreams/reactive-streams/1.0.3/reactive-streams-1.0.3.jar failed: class java.io.FileNotFoundException GET returned 404 Not Found
WARNING: Download from https://maven.google.com/com/google/protobuf/protobuf-java-util/3.6.0/protobuf-java-util-3.6.0.jar failed: class java.io.FileNotFoundException GET returned 404 Not Found
WARNING: Download from https://maven.google.com/com/google/errorprone/error_prone_annotations/2.18.0/error_prone_annotations-2.18.0.jar failed: class java.io.FileNotFoundException GET returned 404 Not Found
WARNING: Download from https://maven.google.com/com/google/auto/service/auto-service/1.0-rc6/auto-service-1.0-rc6-sources.jar failed: class java.io.FileNotFoundException GET returned 404 Not Found
WARNING: Download from https://maven.google.com/com/google/devtools/ksp/symbol-processing-api/1.8.0-1.0.9/symbol-processing-api-1.8.0-1.0.9.jar failed: class java.io.FileNotFoundException GET returned 404 Not Found
WARNING: Download from https://maven.google.com/org/apache/commons/commons-compress/1.21/commons-compress-1.21.jar failed: class java.io.FileNotFoundException GET returned 404 Not Found
WARNING: Download from https://maven.google.com/com/google/errorprone/error_prone_annotations/2.18.0/error_prone_annotations-2.18.0-sources.jar failed: class java.io.FileNotFoundException GET returned 404 Not Found
WARNING: Download from https://maven.google.com/com/google/protobuf/protobuf-java/3.22.3/protobuf-java-3.22.3-sources.jar failed: class java.io.FileNotFoundException GET returned 404 Not Found
WARNING: Download from https://maven.google.com/net/ltgt/gradle/incap/incap/0.2/incap-0.2-sources.jar failed: class java.io.FileNotFoundException GET returned 404 Not Found
Loading: 261 packages loaded
WARNING: Download from https://maven.google.com/org/jetbrains/kotlin/kotlin-stdlib-common/1.6.21/kotlin-stdlib-common-1.6.21.jar failed: class java.io.FileNotFoundException GET returned 404 Not Found
WARNING: Download from https://maven.google.com/com/google/j2objc/j2objc-annotations/2.8/j2objc-annotations-2.8.jar failed: class java.io.FileNotFoundException GET returned 404 Not Found
WARNING: Download from https://maven.google.com/org/apache/httpcomponents/httpcore/4.4.16/httpcore-4.4.16.jar failed: class java.io.FileNotFoundException GET returned 404 Not Found
WARNING: Download from https://maven.google.com/com/squareup/moshi/moshi-kotlin/1.14.0/moshi-kotlin-1.14.0.jar failed: class java.io.FileNotFoundException GET returned 404 Not Found
WARNING: Download from https://maven.google.com/org/jetbrains/kotlin/kotlin-stdlib/1.9.20/kotlin-stdlib-1.9.20-sources.jar failed: class java.io.FileNotFoundException GET returned 404 Not Found
WARNING: Download from https://maven.google.com/com/google/dagger/dagger-spi/2.46.1/dagger-spi-2.46.1-sources.jar failed: class java.io.FileNotFoundException GET returned 404 Not Found
WARNING: Download from https://maven.google.com/org/bouncycastle/bcutil-jdk18on/1.77/bcutil-jdk18on-1.77.jar failed: class java.io.FileNotFoundException GET returned 404 Not Found
WARNING: Download from https://maven.google.com/com/google/dagger/dagger-spi/2.46.1/dagger-spi-2.46.1.jar failed: class java.io.FileNotFoundException GET returned 404 Not Found
WARNING: Download from https://maven.google.com/com/squareup/moshi/moshi/1.14.0/moshi-1.14.0-sources.jar failed: class java.io.FileNotFoundException GET returned 404 Not Found
WARNING: Download from https://maven.google.com/net/java/dev/jna/jna-platform/5.6.0/jna-platform-5.6.0.jar failed: class java.io.FileNotFoundException GET returned 404 Not Found
WARNING: Download from https://maven.google.com/com/google/protobuf/protobuf-java-util/3.6.0/protobuf-java-util-3.6.0-sources.jar failed: class java.io.FileNotFoundException GET returned 404 Not Found
WARNING: Download from https://maven.google.com/com/google/auto/auto-common/0.10/auto-common-0.10-sources.jar failed: class java.io.FileNotFoundException GET returned 404 Not Found
WARNING: Download from https://dl.google.com/dl/android/maven2/com/google/dagger/dagger-compiler/2.47/dagger-compiler-2.47.jar failed: class java.io.FileNotFoundException GET returned 404 Not Found
WARNING: Download from https://maven.google.com/com/google/dagger/dagger-producers/2.46.1/dagger-producers-2.46.1.jar failed: class java.io.FileNotFoundException GET returned 404 Not Found
WARNING: Download from https://maven.google.com/org/jetbrains/annotations/23.0.0/annotations-23.0.0.jar failed: class java.io.FileNotFoundException GET returned 404 Not Found
WARNING: Download from https://maven.google.com/junit/junit/4.13/junit-4.13-sources.jar failed: class java.io.FileNotFoundException GET returned 404 Not Found
WARNING: Download from https://maven.google.com/com/squareup/kotlinpoet/1.11.0/kotlinpoet-1.11.0.jar failed: class java.io.FileNotFoundException GET returned 404 Not Found
Loading: 288 packages loaded
WARNING: Download from https://maven.google.com/com/squareup/okio/okio/2.10.0/okio-2.10.0.jar failed: class java.io.FileNotFoundException GET returned 404 Not Found
WARNING: Download from https://maven.google.com/com/google/devtools/ksp/symbol-processing-api/1.8.0-1.0.9/symbol-processing-api-1.8.0-1.0.9-sources.jar failed: class java.io.FileNotFoundException GET returned 404 Not Found
WARNING: Download from https://maven.google.com/com/google/guava/failureaccess/1.0.1/failureaccess-1.0.1-sources.jar failed: class java.io.FileNotFoundException GET returned 404 Not Found
WARNING: Download from https://maven.google.com/com/google/errorprone/javac-shaded/9-dev-r4023-3/javac-shaded-9-dev-r4023-3.jar failed: class java.io.FileNotFoundException GET returned 404 Not Found
WARNING: Download from https://maven.google.com/org/bouncycastle/bcpkix-jdk18on/1.77/bcpkix-jdk18on-1.77.jar failed: class java.io.FileNotFoundException GET returned 404 Not Found
WARNING: Download from https://maven.google.com/commons-io/commons-io/2.13.0/commons-io-2.13.0.jar failed: class java.io.FileNotFoundException GET returned 404 Not Found
WARNING: Download from https://maven.google.com/org/jetbrains/kotlin/kotlin-stdlib-jdk8/1.9.20/kotlin-stdlib-jdk8-1.9.20-sources.jar failed: class java.io.FileNotFoundException GET returned 404 Not Found
WARNING: Download from https://maven.google.com/org/bouncycastle/bcprov-jdk18on/1.77/bcprov-jdk18on-1.77.jar failed: class java.io.FileNotFoundException GET returned 404 Not Found
WARNING: Download from https://maven.google.com/org/apache/httpcomponents/httpmime/4.5.6/httpmime-4.5.6.jar failed: class java.io.FileNotFoundException GET returned 404 Not Found
WARNING: Download from https://maven.google.com/com/google/errorprone/javac-shaded/9-dev-r4023-3/javac-shaded-9-dev-r4023-3-sources.jar failed: class java.io.FileNotFoundException GET returned 404 Not Found
WARNING: Download from https://maven.google.com/com/google/guava/failureaccess/1.0.1/failureaccess-1.0.1.jar failed: class java.io.FileNotFoundException GET returned 404 Not Found
WARNING: Download from https://maven.google.com/com/google/j2objc/j2objc-annotations/2.8/j2objc-annotations-2.8-sources.jar failed: class java.io.FileNotFoundException GET returned 404 Not Found
WARNING: Download from https://maven.google.com/com/google/googlejavaformat/google-java-format/1.5/google-java-format-1.5.jar failed: class java.io.FileNotFoundException GET returned 404 Not Found
WARNING: Download from https://maven.google.com/com/squareup/moshi/moshi-kotlin/1.14.0/moshi-kotlin-1.14.0-sources.jar failed: class java.io.FileNotFoundException GET returned 404 Not Found
WARNING: Download from https://maven.google.com/org/apache/httpcomponents/httpclient/4.5.6/httpclient-4.5.6.jar failed: class java.io.FileNotFoundException GET returned 404 Not Found
WARNING: Download from https://maven.google.com/com/google/googlejavaformat/google-java-format/1.5/google-java-format-1.5-sources.jar failed: class java.io.FileNotFoundException GET returned 404 Not Found
Loading: 311 packages loaded
WARNING: Download from https://maven.google.com/org/jetbrains/intellij/deps/trove4j/1.0.20200330/trove4j-1.0.20200330-sources.jar failed: class java.io.FileNotFoundException GET returned 404 Not Found
WARNING: Download from https://maven.google.com/commons-codec/commons-codec/1.10/commons-codec-1.10.jar failed: class java.io.FileNotFoundException GET returned 404 Not Found
WARNING: Download from https://maven.google.com/org/glassfish/jaxb/txw2/2.3.2/txw2-2.3.2.jar failed: class java.io.FileNotFoundException GET returned 404 Not Found
WARNING: Download from https://maven.google.com/org/jvnet/staxex/stax-ex/1.8.1/stax-ex-1.8.1-sources.jar failed: class java.io.FileNotFoundException GET returned 404 Not Found
WARNING: Download from https://maven.google.com/com/squareup/kotlinpoet/1.11.0/kotlinpoet-1.11.0-sources.jar failed: class java.io.FileNotFoundException GET returned 404 Not Found
WARNING: Download from https://maven.google.com/net/java/dev/jna/jna/5.6.0/jna-5.6.0-sources.jar failed: class java.io.FileNotFoundException GET returned 404 Not Found
WARNING: Download from https://maven.google.com/com/google/jimfs/jimfs/1.1/jimfs-1.1.jar failed: class java.io.FileNotFoundException GET returned 404 Not Found
WARNING: Download from https://maven.google.com/org/glassfish/jaxb/jaxb-runtime/2.3.2/jaxb-runtime-2.3.2.jar failed: class java.io.FileNotFoundException GET returned 404 Not Found
WARNING: Download from https://maven.google.com/org/jetbrains/kotlin/kotlin-reflect/1.9.20/kotlin-reflect-1.9.20-sources.jar failed: class java.io.FileNotFoundException GET returned 404 Not Found
WARNING: Download from https://maven.google.com/net/java/dev/jna/jna-platform/5.6.0/jna-platform-5.6.0-sources.jar failed: class java.io.FileNotFoundException GET returned 404 Not Found
WARNING: Download from https://maven.google.com/com/sun/istack/istack-commons-runtime/3.0.8/istack-commons-runtime-3.0.8.jar failed: class java.io.FileNotFoundException GET returned 404 Not Found
WARNING: Download from https://maven.google.com/commons-logging/commons-logging/1.2/commons-logging-1.2-sources.jar failed: class java.io.FileNotFoundException GET returned 404 Not Found
WARNING: Download from https://maven.google.com/com/sun/xml/fastinfoset/FastInfoset/1.2.16/FastInfoset-1.2.16.jar failed: class java.io.FileNotFoundException GET returned 404 Not Found
WARNING: Download from https://maven.google.com/jakarta/activation/jakarta.activation-api/1.2.1/jakarta.activation-api-1.2.1.jar failed: class java.io.FileNotFoundException GET returned 404 Not Found
Loading: 337 packages loaded
WARNING: Download from https://maven.google.com/jakarta/xml/bind/jakarta.xml.bind-api/2.3.2/jakarta.xml.bind-api-2.3.2.jar failed: class java.io.FileNotFoundException GET returned 404 Not Found
WARNING: Download from https://maven.google.com/org/bouncycastle/bcutil-jdk18on/1.77/bcutil-jdk18on-1.77-sources.jar failed: class java.io.FileNotFoundException GET returned 404 Not Found
WARNING: Download from https://maven.google.com/org/bouncycastle/bcpkix-jdk18on/1.77/bcpkix-jdk18on-1.77-sources.jar failed: class java.io.FileNotFoundException GET returned 404 Not Found
WARNING: Download from https://maven.google.com/com/sun/activation/javax.activation/1.2.0/javax.activation-1.2.0-sources.jar failed: class java.io.FileNotFoundException GET returned 404 Not Found
WARNING: Download from https://maven.google.com/org/bouncycastle/bcprov-jdk18on/1.77/bcprov-jdk18on-1.77-sources.jar failed: class java.io.FileNotFoundException GET returned 404 Not Found
WARNING: Download from https://maven.google.com/com/google/jimfs/jimfs/1.1/jimfs-1.1-sources.jar failed: class java.io.FileNotFoundException GET returned 404 Not Found
WARNING: Download from https://maven.google.com/org/apache/commons/commons-compress/1.21/commons-compress-1.21-sources.jar failed: class java.io.FileNotFoundException GET returned 404 Not Found
WARNING: Download from https://maven.google.com/org/glassfish/jaxb/jaxb-runtime/2.3.2/jaxb-runtime-2.3.2-sources.jar failed: class java.io.FileNotFoundException GET returned 404 Not Found
WARNING: Download from https://dl.google.com/dl/android/maven2/org/jetbrains/kotlin/kotlin-stdlib-common/1.8.20-RC2/kotlin-stdlib-common-1.8.20-RC2.jar failed: class java.io.FileNotFoundException GET returned 404 Not Found
WARNING: Download from https://maven.google.com/com/sun/xml/fastinfoset/FastInfoset/1.2.16/FastInfoset-1.2.16-sources.jar failed: class java.io.FileNotFoundException GET returned 404 Not Found
WARNING: Download from https://maven.google.com/jakarta/activation/jakarta.activation-api/1.2.1/jakarta.activation-api-1.2.1-sources.jar failed: class java.io.FileNotFoundException GET returned 404 Not Found
WARNING: Download from https://maven.google.com/com/sun/istack/istack-commons-runtime/3.0.8/istack-commons-runtime-3.0.8-sources.jar failed: class java.io.FileNotFoundException GET returned 404 Not Found
WARNING: Download from https://maven.google.com/org/apache/httpcomponents/httpcore/4.4.16/httpcore-4.4.16-sources.jar failed: class java.io.FileNotFoundException GET returned 404 Not Found
WARNING: Download from https://maven.google.com/jakarta/xml/bind/jakarta.xml.bind-api/2.3.2/jakarta.xml.bind-api-2.3.2-sources.jar failed: class java.io.FileNotFoundException GET returned 404 Not Found
WARNING: Download from https://maven.google.com/org/apache/httpcomponents/httpclient/4.5.6/httpclient-4.5.6-sources.jar failed: class java.io.FileNotFoundException GET returned 404 Not Found
WARNING: Download from https://maven.google.com/org/apache/httpcomponents/httpmime/4.5.6/httpmime-4.5.6-sources.jar failed: class java.io.FileNotFoundException GET returned 404 Not Found
WARNING: Download from https://maven.google.com/org/glassfish/jaxb/txw2/2.3.2/txw2-2.3.2-sources.jar failed: class java.io.FileNotFoundException GET returned 404 Not Found
WARNING: Download from https://maven.google.com/commons-codec/commons-codec/1.10/commons-codec-1.10-sources.jar failed: class java.io.FileNotFoundException GET returned 404 Not Found
Read 0 lines from bazel query output...
Read 1000 lines from bazel query output...
Read 2000 lines from bazel query output...
Read 3000 lines from bazel query output...
Read 4000 lines from bazel query output...
Read 5000 lines from bazel query output...
Read 6000 lines from bazel query output...
Read 7000 lines from bazel query output...
Read 8000 lines from bazel query output...
Read 9000 lines from bazel query output...
Read 10000 lines from bazel query output...
Read 11000 lines from bazel query output...
Read 12000 lines from bazel query output...
Read 13000 lines from bazel query output...
Read 14000 lines from bazel query output...
Read 15000 lines from bazel query output...
Read 16000 lines from bazel query output...
Read 17000 lines from bazel query output...
