Starting local Bazel server and connecting to it...
 checking cached actions
 checking cached actions
 checking cached actions
 checking cached actions
 checking cached actions
 checking cached actions
 checking cached actions
 checking cached actions
 checking cached actions
 checking cached actions
 checking cached actions
 checking cached actions
 checking cached actions
 checking cached actions
 checking cached actions
 checking cached actions
 checking cached actions
DEBUG: /data/h445xu/.cache/bazel/_bazel_hongxu/d09353d63e8175b5e344524585de1633/external/org_tensorflow/third_party/py/python_repo.bzl:96:14: 
HERMETIC_PYTHON_VERSION variable was not set correctly, using default version.
Python 3.10 will be used.
To select Python version, either set HERMETIC_PYTHON_VERSION env variable in
your shell:
  export HERMETIC_PYTHON_VERSION=3.12
OR pass it as an argument to bazel command directly or inside your .bazelrc
file:
  --repo_env=HERMETIC_PYTHON_VERSION=3.12
DEBUG: /data/h445xu/.cache/bazel/_bazel_hongxu/d09353d63e8175b5e344524585de1633/external/org_tensorflow/third_party/py/python_repo.bzl:107:10: Using hermetic Python 3.10
 checking cached actions
 checking cached actions
 checking cached actions
 checking cached actions
 checking cached actions
 checking cached actions
 checking cached actions
 checking cached actions
 checking cached actions
DEBUG: /data/h445xu/.cache/bazel/_bazel_hongxu/d09353d63e8175b5e344524585de1633/external/org_tensorflow/third_party/repo.bzl:132:14: 
Warning: skipping import of repository 'com_google_absl' because it already exists.
DEBUG: /data/h445xu/.cache/bazel/_bazel_hongxu/d09353d63e8175b5e344524585de1633/external/org_tensorflow/third_party/repo.bzl:132:14: 
Warning: skipping import of repository 'XNNPACK' because it already exists.
DEBUG: /data/h445xu/.cache/bazel/_bazel_hongxu/d09353d63e8175b5e344524585de1633/external/org_tensorflow/third_party/repo.bzl:132:14: 
Warning: skipping import of repository 'KleidiAI' because it already exists.
DEBUG: /data/h445xu/.cache/bazel/_bazel_hongxu/d09353d63e8175b5e344524585de1633/external/org_tensorflow/third_party/repo.bzl:132:14: 
Warning: skipping import of repository 'cpuinfo' because it already exists.
DEBUG: /data/h445xu/.cache/bazel/_bazel_hongxu/d09353d63e8175b5e344524585de1633/external/org_tensorflow/third_party/repo.bzl:132:14: 
Warning: skipping import of repository 'com_google_protobuf' because it already exists.
DEBUG: /data/h445xu/.cache/bazel/_bazel_hongxu/d09353d63e8175b5e344524585de1633/external/org_tensorflow/third_party/repo.bzl:132:14: 
Warning: skipping import of repository 'com_google_googletest' because it already exists.
DEBUG: /data/h445xu/.cache/bazel/_bazel_hongxu/d09353d63e8175b5e344524585de1633/external/org_tensorflow/third_party/repo.bzl:132:14: 
Warning: skipping import of repository 'com_github_gflags_gflags' because it already exists.
DEBUG: /data/h445xu/.cache/bazel/_bazel_hongxu/d09353d63e8175b5e344524585de1633/external/org_tensorflow/third_party/repo.bzl:132:14: 
Warning: skipping import of repository 'zlib' because it already exists.
DEBUG: /data/h445xu/.cache/bazel/_bazel_hongxu/d09353d63e8175b5e344524585de1633/external/org_tensorflow/third_party/repo.bzl:132:14: 
Warning: skipping import of repository 'build_bazel_rules_apple' because it already exists.
DEBUG: /data/h445xu/.cache/bazel/_bazel_hongxu/d09353d63e8175b5e344524585de1633/external/org_tensorflow/third_party/repo.bzl:132:14: 
Warning: skipping import of repository 'com_github_glog_glog' because it already exists.
 checking cached actions
 checking cached actions
Loading: 0 packages loaded
Loading: 0 packages loaded
    currently loading: mediapipe_api/gpu ... (32 packages)
Loading: 45 packages loaded
    currently loading: @mediapipe//mediapipe/framework
ERROR: /data/h445xu/repo/bazel-repos/cloned_repos/homuler__MediaPipeUnityPlugin/WORKSPACE:502:21: fetching new_local_repository rule //external:macos_ffmpeg: java.io.IOException: The repository's path is "/usr/local/opt/ffmpeg" (absolute: "/usr/local/opt/ffmpeg") but this directory does not exist.
Loading: 120 packages loaded
    currently loading: @mediapipe//mediapipe/framework ... (64 packages)
Loading: 173 packages loaded
    currently loading: @mediapipe//mediapipe/framework ... (59 packages)
DEBUG: Rule 'com_google_mediapipe_pose_landmarker_lite_task' indicated that a canonical reproducible form can be obtained by modifying arguments sha256 = "59929e1d1ee95287735ddd833b19cf4ac46d29bc7afddbbf6753c459690d574a"
DEBUG: Repository com_google_mediapipe_pose_landmarker_lite_task instantiated at:
  /data/h445xu/repo/bazel-repos/cloned_repos/homuler__MediaPipeUnityPlugin/WORKSPACE:677:15: in <toplevel>
  /data/h445xu/.cache/bazel/_bazel_hongxu/d09353d63e8175b5e344524585de1633/external/mediapipe/third_party/external_files.bzl:1273:14: in external_files
Repository rule http_file defined at:
  /data/h445xu/.cache/bazel/_bazel_hongxu/d09353d63e8175b5e344524585de1633/external/bazel_tools/tools/build_defs/repo/http.bzl:466:28: in <toplevel>
Loading: 207 packages loaded
    currently loading: @mediapipe//mediapipe/framework ... (57 packages)
Loading: 230 packages loaded
    currently loading: @mediapipe//mediapipe/framework ... (54 packages)
Loading: 262 packages loaded
    currently loading: @mediapipe//mediapipe/framework ... (49 packages)
ERROR: /data/h445xu/repo/bazel-repos/cloned_repos/homuler__MediaPipeUnityPlugin/third_party/BUILD:21:11: no such target '@mediapipe//mediapipe:android_armeabi': target 'android_armeabi' not declared in package 'mediapipe' defined by /data/h445xu/.cache/bazel/_bazel_hongxu/d09353d63e8175b5e344524585de1633/external/mediapipe/mediapipe/BUILD (did you mean 'android_arm'? Tip: use `query "@mediapipe//mediapipe:*"` to see all the targets in that package) and referenced by '//third_party:glog'
ERROR: /data/h445xu/repo/bazel-repos/cloned_repos/homuler__MediaPipeUnityPlugin/third_party/BUILD:55:11: no such target '@mediapipe//mediapipe:android_armeabi': target 'android_armeabi' not declared in package 'mediapipe' defined by /data/h445xu/.cache/bazel/_bazel_hongxu/d09353d63e8175b5e344524585de1633/external/mediapipe/mediapipe/BUILD (did you mean 'android_arm'? Tip: use `query "@mediapipe//mediapipe:*"` to see all the targets in that package) and referenced by '//third_party:libffmpeg'
ERROR: /data/h445xu/repo/bazel-repos/cloned_repos/homuler__MediaPipeUnityPlugin/third_party/BUILD:55:11: no such package '@macos_ffmpeg//': The repository's path is "/usr/local/opt/ffmpeg" (absolute: "/usr/local/opt/ffmpeg") but this directory does not exist. and referenced by '//third_party:libffmpeg'
DEBUG: Rule 'com_google_mediapipe_pose_landmarker_full_task' indicated that a canonical reproducible form can be obtained by modifying arguments sha256 = "5134a3aad27a58b93da0088d431f366da362b44e3ccfbe3462b3827a839011b1"
DEBUG: Repository com_google_mediapipe_pose_landmarker_full_task instantiated at:
  /data/h445xu/repo/bazel-repos/cloned_repos/homuler__MediaPipeUnityPlugin/WORKSPACE:677:15: in <toplevel>
  /data/h445xu/.cache/bazel/_bazel_hongxu/d09353d63e8175b5e344524585de1633/external/mediapipe/third_party/external_files.bzl:1261:14: in external_files
Repository rule http_file defined at:
  /data/h445xu/.cache/bazel/_bazel_hongxu/d09353d63e8175b5e344524585de1633/external/bazel_tools/tools/build_defs/repo/http.bzl:466:28: in <toplevel>
DEBUG: Rule 'com_google_mediapipe_pose_landmarker_heavy_task' indicated that a canonical reproducible form can be obtained by modifying arguments sha256 = "64437af838a65d18e5ba7a0d39b465540069bc8aae8308de3e318aad31fcbc7b"
DEBUG: Repository com_google_mediapipe_pose_landmarker_heavy_task instantiated at:
  /data/h445xu/repo/bazel-repos/cloned_repos/homuler__MediaPipeUnityPlugin/WORKSPACE:677:15: in <toplevel>
  /data/h445xu/.cache/bazel/_bazel_hongxu/d09353d63e8175b5e344524585de1633/external/mediapipe/third_party/external_files.bzl:1267:14: in external_files
Repository rule http_file defined at:
  /data/h445xu/.cache/bazel/_bazel_hongxu/d09353d63e8175b5e344524585de1633/external/bazel_tools/tools/build_defs/repo/http.bzl:466:28: in <toplevel>
Loading: 271 packages loaded
    currently loading: @mediapipe//mediapipe/framework ... (51 packages)
Loading: 275 packages loaded
    currently loading: @mediapipe//mediapipe/framework ... (49 packages)
Loading: 277 packages loaded
    currently loading: @mediapipe//mediapipe/framework ... (49 packages)
INFO: Repository build_bazel_rules_swift_local_config instantiated at:
  /data/h445xu/repo/bazel-repos/cloned_repos/homuler__MediaPipeUnityPlugin/WORKSPACE:315:25: in <toplevel>
  /data/h445xu/.cache/bazel/_bazel_hongxu/d09353d63e8175b5e344524585de1633/external/build_bazel_rules_swift/swift/repositories.bzl:162:11: in swift_rules_dependencies
  /data/h445xu/.cache/bazel/_bazel_hongxu/d09353d63e8175b5e344524585de1633/external/build_bazel_rules_swift/swift/repositories.bzl:32:18: in _maybe
Repository rule swift_autoconfiguration defined at:
  /data/h445xu/.cache/bazel/_bazel_hongxu/d09353d63e8175b5e344524585de1633/external/build_bazel_rules_swift/swift/internal/swift_autoconfiguration.bzl:393:42: in <toplevel>
ERROR: An error occurred during the fetch of repository 'build_bazel_rules_swift_local_config':
   Traceback (most recent call last):
	File "/data/h445xu/.cache/bazel/_bazel_hongxu/d09353d63e8175b5e344524585de1633/external/build_bazel_rules_swift/swift/internal/swift_autoconfiguration.bzl", line 391, column 32, in _swift_autoconfiguration_impl
		_create_linux_toolchain(repository_ctx)
	File "/data/h445xu/.cache/bazel/_bazel_hongxu/d09353d63e8175b5e344524585de1633/external/build_bazel_rules_swift/swift/internal/swift_autoconfiguration.bzl", line 222, column 13, in _create_linux_toolchain
		fail("ERROR: rules_swift uses Bazel's CROSSTOOL to link, but Swift " +
Error in fail: ERROR: rules_swift uses Bazel's CROSSTOOL to link, but Swift requires that the driver used is clang. Please set `CC=clang` in your environment before invoking Bazel.
ERROR: /data/h445xu/repo/bazel-repos/cloned_repos/homuler__MediaPipeUnityPlugin/WORKSPACE:315:25: fetching swift_autoconfiguration rule //external:build_bazel_rules_swift_local_config: Traceback (most recent call last):
	File "/data/h445xu/.cache/bazel/_bazel_hongxu/d09353d63e8175b5e344524585de1633/external/build_bazel_rules_swift/swift/internal/swift_autoconfiguration.bzl", line 391, column 32, in _swift_autoconfiguration_impl
		_create_linux_toolchain(repository_ctx)
	File "/data/h445xu/.cache/bazel/_bazel_hongxu/d09353d63e8175b5e344524585de1633/external/build_bazel_rules_swift/swift/internal/swift_autoconfiguration.bzl", line 222, column 13, in _create_linux_toolchain
		fail("ERROR: rules_swift uses Bazel's CROSSTOOL to link, but Swift " +
Error in fail: ERROR: rules_swift uses Bazel's CROSSTOOL to link, but Swift requires that the driver used is clang. Please set `CC=clang` in your environment before invoking Bazel.
ERROR: /data/h445xu/.cache/bazel/_bazel_hongxu/d09353d63e8175b5e344524585de1633/external/ios_opencv/BUILD.bazel:13:30: every rule of type apple_static_framework_import implicitly depends upon the target '@build_bazel_rules_swift_local_config//:toolchain', but this target could not be found because of: no such package '@build_bazel_rules_swift_local_config//': ERROR: rules_swift uses Bazel's CROSSTOOL to link, but Swift requires that the driver used is clang. Please set `CC=clang` in your environment before invoking Bazel.
Loading: 290 packages loaded
    currently loading: @mediapipe//mediapipe/framework ... (41 packages)
Loading: 290 packages loaded
    currently loading: @mediapipe//mediapipe/framework ... (41 packages)
Loading: 290 packages loaded
    currently loading: @mediapipe//mediapipe/framework ... (41 packages)
Loading: 290 packages loaded
    currently loading: @mediapipe//mediapipe/framework ... (41 packages)
Loading: 290 packages loaded
    currently loading: @mediapipe//mediapipe/framework ... (41 packages)
Loading: 291 packages loaded
    currently loading: @mediapipe//mediapipe/framework ... (41 packages)
Loading: 293 packages loaded
    currently loading: @mediapipe//mediapipe/framework ... (41 packages)
Loading: 295 packages loaded
    currently loading: @mediapipe//mediapipe/framework ... (41 packages)
Loading: 295 packages loaded
    currently loading: @mediapipe//mediapipe/framework ... (41 packages)
Loading: 339 packages loaded
    currently loading: @mediapipe//mediapipe/framework ... (18 packages)
ERROR: /data/h445xu/.cache/bazel/_bazel_hongxu/d09353d63e8175b5e344524585de1633/external/mediapipe/mediapipe/util/BUILD:80:11: no such package '@androidndk//': The repository '@androidndk' could not be resolved: Repository '@androidndk' is not defined and referenced by '@mediapipe//mediapipe/util:cpu_util'
ERROR: /data/h445xu/repo/bazel-repos/cloned_repos/homuler__MediaPipeUnityPlugin/WORKSPACE:685:21: fetching new_local_repository rule //external:halide: java.io.IOException: The repository's path is "third_party/halide" (absolute: "/data/h445xu/repo/bazel-repos/cloned_repos/homuler__MediaPipeUnityPlugin/third_party/halide") but this directory does not exist.
ERROR: /data/h445xu/.cache/bazel/_bazel_hongxu/d09353d63e8175b5e344524585de1633/external/mediapipe/mediapipe/util/frame_buffer/BUILD:48:11: no such package '@halide//': The repository's path is "third_party/halide" (absolute: "/data/h445xu/repo/bazel-repos/cloned_repos/homuler__MediaPipeUnityPlugin/third_party/halide") but this directory does not exist. and referenced by '@mediapipe//mediapipe/util/frame_buffer:buffer'
ERROR: /data/h445xu/.cache/bazel/_bazel_hongxu/d09353d63e8175b5e344524585de1633/external/mediapipe/mediapipe/gpu/webgpu/BUILD:124:11: no such package '@mediapipe//mediapipe/web': BUILD file not found in directory 'mediapipe/web' of external repository @mediapipe. Add a BUILD file to a directory to mark it as a package. and referenced by '@mediapipe//mediapipe/gpu/webgpu:webgpu_utils'
ERROR: /data/h445xu/.cache/bazel/_bazel_hongxu/d09353d63e8175b5e344524585de1633/external/mediapipe/mediapipe/gpu/webgpu/BUILD:124:11: no such package '@mediapipe//third_party/dawn': BUILD file not found in directory 'third_party/dawn' of external repository @mediapipe. Add a BUILD file to a directory to mark it as a package. and referenced by '@mediapipe//mediapipe/gpu/webgpu:webgpu_utils'
ERROR: /data/h445xu/.cache/bazel/_bazel_hongxu/d09353d63e8175b5e344524585de1633/external/mediapipe/mediapipe/gpu/webgpu/BUILD:35:11: no such package '@mediapipe//third_party/dawn': BUILD file not found in directory 'third_party/dawn' of external repository @mediapipe. Add a BUILD file to a directory to mark it as a package. and referenced by '@mediapipe//mediapipe/gpu/webgpu:webgpu_device_registration'
ERROR: /data/h445xu/.cache/bazel/_bazel_hongxu/d09353d63e8175b5e344524585de1633/external/mediapipe/mediapipe/gpu/webgpu/BUILD:70:11: no such package '@mediapipe//third_party/dawn': BUILD file not found in directory 'third_party/dawn' of external repository @mediapipe. Add a BUILD file to a directory to mark it as a package. and referenced by '@mediapipe//mediapipe/gpu/webgpu:webgpu_service'
Loading: 408 packages loaded
    currently loading: @mediapipe//mediapipe/util/frame_buffer/halide
DEBUG: Rule 'pffft' indicated that a canonical reproducible form can be obtained by modifying arguments sha256 = "20f48fbbd5737d9a7db419f216c8d01ec8fdead48442c04774425a4c6b8b3949"
DEBUG: Repository pffft instantiated at:
  /data/h445xu/repo/bazel-repos/cloned_repos/homuler__MediaPipeUnityPlugin/WORKSPACE:383:13: in <toplevel>
Repository rule http_archive defined at:
  /data/h445xu/.cache/bazel/_bazel_hongxu/d09353d63e8175b5e344524585de1633/external/bazel_tools/tools/build_defs/repo/http.bzl:372:31: in <toplevel>
Loading: 409 packages loaded
    currently loading: @mediapipe//mediapipe/util/frame_buffer/halide
Loading: 409 packages loaded
    currently loading: @mediapipe//mediapipe/util/frame_buffer/halide
ERROR: /data/h445xu/repo/bazel-repos/cloned_repos/homuler__MediaPipeUnityPlugin/WORKSPACE:508:21: fetching new_local_repository rule //external:windows_opencv: java.io.IOException: The repository's path is "C:\opencv\build" (absolute: "/data/h445xu/repo/bazel-repos/cloned_repos/homuler__MediaPipeUnityPlugin/C:\opencv\build") but this directory does not exist.
ERROR: /data/h445xu/repo/bazel-repos/cloned_repos/homuler__MediaPipeUnityPlugin/WORKSPACE:496:21: fetching new_local_repository rule //external:macos_arm64_opencv: java.io.IOException: The repository's path is "/opt/homebrew" (absolute: "/opt/homebrew") but this directory does not exist.
Loading: 413 packages loaded
    currently loading: @mediapipe//mediapipe/util/frame_buffer/halide
Loading: 413 packages loaded
    currently loading: @mediapipe//mediapipe/util/frame_buffer/halide
Loading: 413 packages loaded
    currently loading: @mediapipe//mediapipe/util/frame_buffer/halide ... (2 packages)
ERROR: /data/h445xu/.cache/bazel/_bazel_hongxu/d09353d63e8175b5e344524585de1633/external/ios_opencv_source/BUILD.bazel:83:32: every rule of type apple_static_xcframework_import implicitly depends upon the target '@build_bazel_rules_swift_local_config//:toolchain', but this target could not be found because of: no such package '@build_bazel_rules_swift_local_config//': ERROR: rules_swift uses Bazel's CROSSTOOL to link, but Swift requires that the driver used is clang. Please set `CC=clang` in your environment before invoking Bazel.
Loading: 415 packages loaded
    currently loading: @mediapipe//mediapipe/util/frame_buffer/halide
Loading: 415 packages loaded
    currently loading: @mediapipe//mediapipe/util/frame_buffer/halide
Loading: 415 packages loaded
    currently loading: @mediapipe//mediapipe/util/frame_buffer/halide
Loading: 415 packages loaded
    currently loading: @mediapipe//mediapipe/util/frame_buffer/halide
Loading: 415 packages loaded
    currently loading: @mediapipe//mediapipe/util/frame_buffer/halide
Loading: 415 packages loaded
    currently loading: @mediapipe//mediapipe/util/frame_buffer/halide
Loading: 416 packages loaded
    currently loading: @mediapipe//mediapipe/util/frame_buffer/halide
DEBUG: Rule 'android_opencv' indicated that a canonical reproducible form can be obtained by modifying arguments sha256 = "464d55abe64b53af3aeb73197cf4620535abd909916d06e6a8b7c32712013966"
DEBUG: Repository android_opencv instantiated at:
  /data/h445xu/repo/bazel-repos/cloned_repos/homuler__MediaPipeUnityPlugin/WORKSPACE:514:13: in <toplevel>
Repository rule http_archive defined at:
  /data/h445xu/.cache/bazel/_bazel_hongxu/d09353d63e8175b5e344524585de1633/external/bazel_tools/tools/build_defs/repo/http.bzl:372:31: in <toplevel>
ERROR: /data/h445xu/.cache/bazel/_bazel_hongxu/d09353d63e8175b5e344524585de1633/external/opencv/BUILD.bazel:80:6: no such package '@macos_arm64_opencv//': The repository's path is "/opt/homebrew" (absolute: "/opt/homebrew") but this directory does not exist. and referenced by '@opencv//:opencv_binary'
ERROR: /data/h445xu/.cache/bazel/_bazel_hongxu/d09353d63e8175b5e344524585de1633/external/opencv/BUILD.bazel:80:6: no such package '@windows_opencv//': The repository's path is "C:\opencv\build" (absolute: "/data/h445xu/repo/bazel-repos/cloned_repos/homuler__MediaPipeUnityPlugin/C:\opencv\build") but this directory does not exist. and referenced by '@opencv//:opencv_binary'
ERROR: /data/h445xu/.cache/bazel/_bazel_hongxu/d09353d63e8175b5e344524585de1633/external/opencv/BUILD.bazel:80:6: no such package '@wasm_opencv//': The repository '@wasm_opencv' could not be resolved: Repository '@wasm_opencv' is not defined and referenced by '@opencv//:opencv_binary'
Loading: 417 packages loaded
    currently loading: @mediapipe//mediapipe/util/frame_buffer/halide
ERROR: /data/h445xu/.cache/bazel/_bazel_hongxu/d09353d63e8175b5e344524585de1633/external/mediapipe/mediapipe/gpu/webgpu/BUILD:124:11: no such package '@mediapipe//third_party/dawn': BUILD file not found in directory 'third_party/dawn' of external repository @mediapipe. Add a BUILD file to a directory to mark it as a package. and referenced by '@mediapipe//mediapipe/gpu/webgpu:webgpu_utils'
ERROR: /data/h445xu/.cache/bazel/_bazel_hongxu/d09353d63e8175b5e344524585de1633/external/mediapipe/mediapipe/gpu/webgpu/BUILD:124:11: no such package '@mediapipe//mediapipe/web': BUILD file not found in directory 'mediapipe/web' of external repository @mediapipe. Add a BUILD file to a directory to mark it as a package. and referenced by '@mediapipe//mediapipe/gpu/webgpu:webgpu_utils'
ERROR: /data/h445xu/.cache/bazel/_bazel_hongxu/d09353d63e8175b5e344524585de1633/external/mediapipe/mediapipe/gpu/webgpu/BUILD:70:11: no such package '@mediapipe//third_party/dawn': BUILD file not found in directory 'third_party/dawn' of external repository @mediapipe. Add a BUILD file to a directory to mark it as a package. and referenced by '@mediapipe//mediapipe/gpu/webgpu:webgpu_service'
ERROR: /data/h445xu/.cache/bazel/_bazel_hongxu/d09353d63e8175b5e344524585de1633/external/mediapipe/mediapipe/gpu/webgpu/BUILD:35:11: no such package '@mediapipe//third_party/dawn': BUILD file not found in directory 'third_party/dawn' of external repository @mediapipe. Add a BUILD file to a directory to mark it as a package. and referenced by '@mediapipe//mediapipe/gpu/webgpu:webgpu_device_registration'
ERROR: /data/h445xu/.cache/bazel/_bazel_hongxu/d09353d63e8175b5e344524585de1633/external/mediapipe/mediapipe/util/BUILD:80:11: no such package '@androidndk//': The repository '@androidndk' could not be resolved: Repository '@androidndk' is not defined and referenced by '@mediapipe//mediapipe/util:cpu_util'
ERROR: /data/h445xu/.cache/bazel/_bazel_hongxu/d09353d63e8175b5e344524585de1633/external/mediapipe/mediapipe/util/frame_buffer/BUILD:48:11: no such package '@halide//': The repository's path is "third_party/halide" (absolute: "/data/h445xu/repo/bazel-repos/cloned_repos/homuler__MediaPipeUnityPlugin/third_party/halide") but this directory does not exist. and referenced by '@mediapipe//mediapipe/util/frame_buffer:buffer'
ERROR: /data/h445xu/.cache/bazel/_bazel_hongxu/d09353d63e8175b5e344524585de1633/external/mediapipe/mediapipe/util/frame_buffer/BUILD:48:11: no such package '@halide//': The repository's path is "third_party/halide" (absolute: "/data/h445xu/repo/bazel-repos/cloned_repos/homuler__MediaPipeUnityPlugin/third_party/halide") but this directory does not exist. and referenced by '@mediapipe//mediapipe/util/frame_buffer:buffer'
ERROR: /data/h445xu/.cache/bazel/_bazel_hongxu/d09353d63e8175b5e344524585de1633/external/mediapipe/mediapipe/util/frame_buffer/BUILD:48:11: no such package '@halide//': The repository's path is "third_party/halide" (absolute: "/data/h445xu/repo/bazel-repos/cloned_repos/homuler__MediaPipeUnityPlugin/third_party/halide") but this directory does not exist. and referenced by '@mediapipe//mediapipe/util/frame_buffer:buffer'
ERROR: /data/h445xu/.cache/bazel/_bazel_hongxu/d09353d63e8175b5e344524585de1633/external/mediapipe/mediapipe/util/frame_buffer/BUILD:48:11: no such package '@halide//': The repository's path is "third_party/halide" (absolute: "/data/h445xu/repo/bazel-repos/cloned_repos/homuler__MediaPipeUnityPlugin/third_party/halide") but this directory does not exist. and referenced by '@mediapipe//mediapipe/util/frame_buffer:buffer'
ERROR: /data/h445xu/.cache/bazel/_bazel_hongxu/d09353d63e8175b5e344524585de1633/external/mediapipe/mediapipe/util/frame_buffer/BUILD:48:11: no such package '@halide//': The repository's path is "third_party/halide" (absolute: "/data/h445xu/repo/bazel-repos/cloned_repos/homuler__MediaPipeUnityPlugin/third_party/halide") but this directory does not exist. and referenced by '@mediapipe//mediapipe/util/frame_buffer:buffer'
ERROR: /data/h445xu/.cache/bazel/_bazel_hongxu/d09353d63e8175b5e344524585de1633/external/mediapipe/mediapipe/util/frame_buffer/BUILD:48:11: no such package '@halide//': The repository's path is "third_party/halide" (absolute: "/data/h445xu/repo/bazel-repos/cloned_repos/homuler__MediaPipeUnityPlugin/third_party/halide") but this directory does not exist. and referenced by '@mediapipe//mediapipe/util/frame_buffer:buffer'
ERROR: /data/h445xu/.cache/bazel/_bazel_hongxu/d09353d63e8175b5e344524585de1633/external/mediapipe/mediapipe/util/frame_buffer/BUILD:48:11: no such package '@halide//': The repository's path is "third_party/halide" (absolute: "/data/h445xu/repo/bazel-repos/cloned_repos/homuler__MediaPipeUnityPlugin/third_party/halide") but this directory does not exist. and referenced by '@mediapipe//mediapipe/util/frame_buffer:buffer'
ERROR: /data/h445xu/.cache/bazel/_bazel_hongxu/d09353d63e8175b5e344524585de1633/external/mediapipe/mediapipe/util/frame_buffer/BUILD:48:11: no such package '@halide//': The repository's path is "third_party/halide" (absolute: "/data/h445xu/repo/bazel-repos/cloned_repos/homuler__MediaPipeUnityPlugin/third_party/halide") but this directory does not exist. and referenced by '@mediapipe//mediapipe/util/frame_buffer:buffer'
ERROR: /data/h445xu/.cache/bazel/_bazel_hongxu/d09353d63e8175b5e344524585de1633/external/mediapipe/mediapipe/util/frame_buffer/BUILD:48:11: no such package '@halide//': The repository's path is "third_party/halide" (absolute: "/data/h445xu/repo/bazel-repos/cloned_repos/homuler__MediaPipeUnityPlugin/third_party/halide") but this directory does not exist. and referenced by '@mediapipe//mediapipe/util/frame_buffer:buffer'
ERROR: /data/h445xu/.cache/bazel/_bazel_hongxu/d09353d63e8175b5e344524585de1633/external/mediapipe/mediapipe/util/frame_buffer/BUILD:48:11: no such package '@halide//': The repository's path is "third_party/halide" (absolute: "/data/h445xu/repo/bazel-repos/cloned_repos/homuler__MediaPipeUnityPlugin/third_party/halide") but this directory does not exist. and referenced by '@mediapipe//mediapipe/util/frame_buffer:buffer'
ERROR: /data/h445xu/.cache/bazel/_bazel_hongxu/d09353d63e8175b5e344524585de1633/external/mediapipe/mediapipe/util/frame_buffer/BUILD:48:11: no such package '@halide//': The repository's path is "third_party/halide" (absolute: "/data/h445xu/repo/bazel-repos/cloned_repos/homuler__MediaPipeUnityPlugin/third_party/halide") but this directory does not exist. and referenced by '@mediapipe//mediapipe/util/frame_buffer:buffer'
ERROR: /data/h445xu/.cache/bazel/_bazel_hongxu/d09353d63e8175b5e344524585de1633/external/mediapipe/mediapipe/util/frame_buffer/BUILD:48:11: no such package '@halide//': The repository's path is "third_party/halide" (absolute: "/data/h445xu/repo/bazel-repos/cloned_repos/homuler__MediaPipeUnityPlugin/third_party/halide") but this directory does not exist. and referenced by '@mediapipe//mediapipe/util/frame_buffer:buffer'
ERROR: /data/h445xu/.cache/bazel/_bazel_hongxu/d09353d63e8175b5e344524585de1633/external/mediapipe/mediapipe/util/frame_buffer/BUILD:48:11: no such package '@halide//': The repository's path is "third_party/halide" (absolute: "/data/h445xu/repo/bazel-repos/cloned_repos/homuler__MediaPipeUnityPlugin/third_party/halide") but this directory does not exist. and referenced by '@mediapipe//mediapipe/util/frame_buffer:buffer'
ERROR: /data/h445xu/.cache/bazel/_bazel_hongxu/d09353d63e8175b5e344524585de1633/external/mediapipe/mediapipe/util/frame_buffer/BUILD:48:11: no such package '@halide//': The repository's path is "third_party/halide" (absolute: "/data/h445xu/repo/bazel-repos/cloned_repos/homuler__MediaPipeUnityPlugin/third_party/halide") but this directory does not exist. and referenced by '@mediapipe//mediapipe/util/frame_buffer:buffer'
ERROR: /data/h445xu/.cache/bazel/_bazel_hongxu/d09353d63e8175b5e344524585de1633/external/mediapipe/mediapipe/util/frame_buffer/BUILD:48:11: no such package '@halide//': The repository's path is "third_party/halide" (absolute: "/data/h445xu/repo/bazel-repos/cloned_repos/homuler__MediaPipeUnityPlugin/third_party/halide") but this directory does not exist. and referenced by '@mediapipe//mediapipe/util/frame_buffer:buffer'
ERROR: /data/h445xu/repo/bazel-repos/cloned_repos/homuler__MediaPipeUnityPlugin/third_party/BUILD:55:11: no such package '@macos_ffmpeg//': The repository's path is "/usr/local/opt/ffmpeg" (absolute: "/usr/local/opt/ffmpeg") but this directory does not exist. and referenced by '//third_party:libffmpeg'
ERROR: /data/h445xu/repo/bazel-repos/cloned_repos/homuler__MediaPipeUnityPlugin/third_party/BUILD:21:11: no such target '@mediapipe//mediapipe:android_armeabi': target 'android_armeabi' not declared in package 'mediapipe' defined by /data/h445xu/.cache/bazel/_bazel_hongxu/d09353d63e8175b5e344524585de1633/external/mediapipe/mediapipe/BUILD (did you mean 'android_arm'? Tip: use `query "@mediapipe//mediapipe:*"` to see all the targets in that package) and referenced by '//third_party:glog'
ERROR: /data/h445xu/repo/bazel-repos/cloned_repos/homuler__MediaPipeUnityPlugin/third_party/BUILD:55:11: no such target '@mediapipe//mediapipe:android_armeabi': target 'android_armeabi' not declared in package 'mediapipe' defined by /data/h445xu/.cache/bazel/_bazel_hongxu/d09353d63e8175b5e344524585de1633/external/mediapipe/mediapipe/BUILD (did you mean 'android_arm'? Tip: use `query "@mediapipe//mediapipe:*"` to see all the targets in that package) and referenced by '//third_party:libffmpeg'
ERROR: /data/h445xu/.cache/bazel/_bazel_hongxu/d09353d63e8175b5e344524585de1633/external/opencv/BUILD.bazel:80:6: no such package '@macos_arm64_opencv//': The repository's path is "/opt/homebrew" (absolute: "/opt/homebrew") but this directory does not exist. and referenced by '@opencv//:opencv_binary'
ERROR: /data/h445xu/.cache/bazel/_bazel_hongxu/d09353d63e8175b5e344524585de1633/external/opencv/BUILD.bazel:80:6: no such package '@windows_opencv//': The repository's path is "C:\opencv\build" (absolute: "/data/h445xu/repo/bazel-repos/cloned_repos/homuler__MediaPipeUnityPlugin/C:\opencv\build") but this directory does not exist. and referenced by '@opencv//:opencv_binary'
ERROR: /data/h445xu/.cache/bazel/_bazel_hongxu/d09353d63e8175b5e344524585de1633/external/opencv/BUILD.bazel:80:6: no such package '@wasm_opencv//': The repository '@wasm_opencv' could not be resolved: Repository '@wasm_opencv' is not defined and referenced by '@opencv//:opencv_binary'
ERROR: Evaluation of query "deps(//...)" failed: errors were encountered while computing transitive closure
WARNING: --keep_going specified, ignoring errors. Results may be inaccurate
Read 0 lines from bazel query output...
Read 1000 lines from bazel query output...
Read 2000 lines from bazel query output...
Read 3000 lines from bazel query output...
Read 4000 lines from bazel query output...
Read 5000 lines from bazel query output...
Read 6000 lines from bazel query output...
Read 7000 lines from bazel query output...
Read 8000 lines from bazel query output...
Read 9000 lines from bazel query output...
Read 10000 lines from bazel query output...
Read 11000 lines from bazel query output...
Read 12000 lines from bazel query output...
Read 13000 lines from bazel query output...
Read 14000 lines from bazel query output...
Read 15000 lines from bazel query output...
Read 16000 lines from bazel query output...
Read 17000 lines from bazel query output...
Read 18000 lines from bazel query output...
Read 19000 lines from bazel query output...
Read 20000 lines from bazel query output...
Read 21000 lines from bazel query output...
Read 22000 lines from bazel query output...
Read 23000 lines from bazel query output...
Read 24000 lines from bazel query output...
Read 25000 lines from bazel query output...
Read 26000 lines from bazel query output...
Read 27000 lines from bazel query output...
Read 28000 lines from bazel query output...
Read 29000 lines from bazel query output...
Read 30000 lines from bazel query output...
Read 31000 lines from bazel query output...
Read 32000 lines from bazel query output...
Read 33000 lines from bazel query output...
Read 34000 lines from bazel query output...
Read 35000 lines from bazel query output...
Read 36000 lines from bazel query output...
Read 37000 lines from bazel query output...
Read 38000 lines from bazel query output...
Read 39000 lines from bazel query output...
Read 40000 lines from bazel query output...
Read 41000 lines from bazel query output...
Read 42000 lines from bazel query output...
Read 43000 lines from bazel query output...
Read 44000 lines from bazel query output...
Read 45000 lines from bazel query output...
Read 46000 lines from bazel query output...
Read 47000 lines from bazel query output...
Read 48000 lines from bazel query output...
Read 49000 lines from bazel query output...
Read 50000 lines from bazel query output...
Read 51000 lines from bazel query output...
Read 52000 lines from bazel query output...
Read 53000 lines from bazel query output...
Read 54000 lines from bazel query output...
Read 55000 lines from bazel query output...
Read 56000 lines from bazel query output...
Read 57000 lines from bazel query output...
Read 58000 lines from bazel query output...
Read 59000 lines from bazel query output...
Read 60000 lines from bazel query output...
Read 61000 lines from bazel query output...
Read 62000 lines from bazel query output...
Read 63000 lines from bazel query output...
Read 64000 lines from bazel query output...
Read 65000 lines from bazel query output...
Read 66000 lines from bazel query output...
Read 67000 lines from bazel query output...
Read 68000 lines from bazel query output...
Read 69000 lines from bazel query output...
Read 70000 lines from bazel query output...
Read 71000 lines from bazel query output...
Read 72000 lines from bazel query output...
Read 73000 lines from bazel query output...
Read 74000 lines from bazel query output...
Read 75000 lines from bazel query output...
Read 76000 lines from bazel query output...
Read 77000 lines from bazel query output...
Read 78000 lines from bazel query output...
Read 79000 lines from bazel query output...
Read 80000 lines from bazel query output...
Read 81000 lines from bazel query output...
Read 82000 lines from bazel query output...
Read 83000 lines from bazel query output...
Read 84000 lines from bazel query output...
Read 85000 lines from bazel query output...
Read 86000 lines from bazel query output...
Read 87000 lines from bazel query output...
Read 88000 lines from bazel query output...
Read 89000 lines from bazel query output...
Read 90000 lines from bazel query output...
Read 91000 lines from bazel query output...
Read 92000 lines from bazel query output...
Read 93000 lines from bazel query output...
Read 94000 lines from bazel query output...
Read 95000 lines from bazel query output...
Read 96000 lines from bazel query output...
Read 97000 lines from bazel query output...
Read 98000 lines from bazel query output...
Read 99000 lines from bazel query output...
Read 100000 lines from bazel query output...
Read 101000 lines from bazel query output...
Read 102000 lines from bazel query output...
Read 103000 lines from bazel query output...
Read 104000 lines from bazel query output...
Read 105000 lines from bazel query output...
Read 106000 lines from bazel query output...
Read 107000 lines from bazel query output...
Read 108000 lines from bazel query output...
Read 109000 lines from bazel query output...
Read 110000 lines from bazel query output...
Read 111000 lines from bazel query output...
Read 112000 lines from bazel query output...
Read 113000 lines from bazel query output...
Read 114000 lines from bazel query output...
Read 115000 lines from bazel query output...
Read 116000 lines from bazel query output...
Read 117000 lines from bazel query output...
Read 118000 lines from bazel query output...
Read 119000 lines from bazel query output...
Read 120000 lines from bazel query output...
Read 121000 lines from bazel query output...
Read 122000 lines from bazel query output...
Read 123000 lines from bazel query output...
Read 124000 lines from bazel query output...
Read 125000 lines from bazel query output...
Read 126000 lines from bazel query output...
Read 127000 lines from bazel query output...
Read 128000 lines from bazel query output...
Read 129000 lines from bazel query output...
Read 130000 lines from bazel query output...
Read 131000 lines from bazel query output...
Read 132000 lines from bazel query output...
Read 133000 lines from bazel query output...
Read 134000 lines from bazel query output...
Read 135000 lines from bazel query output...
Read 136000 lines from bazel query output...
Read 137000 lines from bazel query output...
Read 138000 lines from bazel query output...
Read 139000 lines from bazel query output...
Read 140000 lines from bazel query output...
Read 141000 lines from bazel query output...
Read 142000 lines from bazel query output...
Read 143000 lines from bazel query output...
Read 144000 lines from bazel query output...
Read 145000 lines from bazel query output...
Read 146000 lines from bazel query output...
Read 147000 lines from bazel query output...
Read 148000 lines from bazel query output...
Read 149000 lines from bazel query output...
Read 150000 lines from bazel query output...
Read 151000 lines from bazel query output...
Read 152000 lines from bazel query output...
Read 153000 lines from bazel query output...
Read 154000 lines from bazel query output...
Read 155000 lines from bazel query output...
Read 156000 lines from bazel query output...
Read 157000 lines from bazel query output...
Read 158000 lines from bazel query output...
Read 159000 lines from bazel query output...
Read 160000 lines from bazel query output...
Read 161000 lines from bazel query output...
Read 162000 lines from bazel query output...
Read 163000 lines from bazel query output...
Read 164000 lines from bazel query output...
Read 165000 lines from bazel query output...
Read 166000 lines from bazel query output...
Read 167000 lines from bazel query output...
Read 168000 lines from bazel query output...
Read 169000 lines from bazel query output...
Read 170000 lines from bazel query output...
Read 171000 lines from bazel query output...
Read 172000 lines from bazel query output...
Read 173000 lines from bazel query output...
Read 174000 lines from bazel query output...
Read 175000 lines from bazel query output...
Read 176000 lines from bazel query output...
Read 177000 lines from bazel query output...
Read 178000 lines from bazel query output...
Read 179000 lines from bazel query output...
Read 180000 lines from bazel query output...
Read 181000 lines from bazel query output...
Read 182000 lines from bazel query output...
Read 183000 lines from bazel query output...
Read 184000 lines from bazel query output...
Read 185000 lines from bazel query output...
Read 186000 lines from bazel query output...
Read 187000 lines from bazel query output...
Read 188000 lines from bazel query output...
Read 189000 lines from bazel query output...
Read 190000 lines from bazel query output...
Read 191000 lines from bazel query output...
Read 192000 lines from bazel query output...
Read 193000 lines from bazel query output...
Read 194000 lines from bazel query output...
Read 195000 lines from bazel query output...
Read 196000 lines from bazel query output...
Read 197000 lines from bazel query output...
Read 198000 lines from bazel query output...
Read 199000 lines from bazel query output...
Read 200000 lines from bazel query output...
Read 201000 lines from bazel query output...
Read 202000 lines from bazel query output...
Read 203000 lines from bazel query output...
Read 204000 lines from bazel query output...
Read 205000 lines from bazel query output...
Read 206000 lines from bazel query output...
Read 207000 lines from bazel query output...
Read 208000 lines from bazel query output...
Read 209000 lines from bazel query output...
Read 210000 lines from bazel query output...
Read 211000 lines from bazel query output...
Read 212000 lines from bazel query output...
Read 213000 lines from bazel query output...
Read 214000 lines from bazel query output...
Read 215000 lines from bazel query output...
Read 216000 lines from bazel query output...
Read 217000 lines from bazel query output...
Read 218000 lines from bazel query output...
Read 219000 lines from bazel query output...
Read 220000 lines from bazel query output...
Read 221000 lines from bazel query output...
Read 222000 lines from bazel query output...
Read 223000 lines from bazel query output...
Read 224000 lines from bazel query output...
Read 225000 lines from bazel query output...
Read 226000 lines from bazel query output...
Read 227000 lines from bazel query output...
Read 228000 lines from bazel query output...
Read 229000 lines from bazel query output...
Loading: 417 packages loaded
    currently loading: @mediapipe//mediapipe/util/frame_buffer/halide
