Starting local Bazel server (8.3.1) and connecting to it...
 no actions running
 no actions running
Loading: 0 packages loaded
DEBUG: /data/h445xu/.cache/bazel/_bazel_hongxu/9675d69b3606da6431843e2481203128/external/gazelle+/internal/bzlmod/go_deps.bzl:780:18: No sum for go.opentelemetry.io/otel/sdk@1.36.0 found, run bazel run @rules_go//go -- mod tidy to generate it
Loading: 2 packages loaded
    currently loading:  ... (4 packages)
Loading: 73 packages loaded
Loading: 75 packages loaded
Loading: 75 packages loaded
Loading: 75 packages loaded
Loading: 75 packages loaded
Loading: 75 packages loaded
Loading: 75 packages loaded
Loading: 166 packages loaded
    currently loading: @@gazelle++go_deps+com_github_testcontainers_testcontainers_go//wait ... (2 packages)
Loading: 308 packages loaded
Loading: 461 packages loaded
Read 0 lines from bazel query output...
Read 1000 lines from bazel query output...
Read 2000 lines from bazel query output...
Read 3000 lines from bazel query output...
Read 4000 lines from bazel query output...
Read 5000 lines from bazel query output...
Read 6000 lines from bazel query output...
Read 7000 lines from bazel query output...
Read 8000 lines from bazel query output...
Read 9000 lines from bazel query output...
Read 10000 lines from bazel query output...
Read 11000 lines from bazel query output...
Read 12000 lines from bazel query output...
Read 13000 lines from bazel query output...
Read 14000 lines from bazel query output...
Read 15000 lines from bazel query output...
Read 16000 lines from bazel query output...
