Starting local Bazel server and connecting to it...
 checking cached actions
 checking cached actions
 checking cached actions
Loading: 0 packages loaded
Loading: 6 packages loaded
    currently loading: @@bazel_tools//third_party/def_parser
Loading: 17 packages loaded
    currently loading: @@_main~_repo_rules~libunwind//
Loading: 28 packages loaded
ERROR: /data/h445xu/.cache/bazel/_bazel_hongxu/f72f130313b44eaa131fb1a41731114a/external/googletest~/BUILD.bazel:80:11: no such package '@@[unknown repo 'com_googlesource_code_re2' requested from @@googletest~]//': The repository '@@[unknown repo 'com_googlesource_code_re2' requested from @@googletest~]' could not be resolved: No repository visible as '@com_googlesource_code_re2' from repository '@@googletest~' and referenced by '@@googletest~//:gtest'
ERROR: /data/h445xu/.cache/bazel/_bazel_hongxu/f72f130313b44eaa131fb1a41731114a/external/googletest~/BUILD.bazel:80:11: no such package '@@[unknown repo 'com_googlesource_code_re2' requested from @@googletest~]//': The repository '@@[unknown repo 'com_googlesource_code_re2' requested from @@googletest~]' could not be resolved: No repository visible as '@com_googlesource_code_re2' from repository '@@googletest~' and referenced by '@@googletest~//:gtest'
ERROR: Evaluation of query "deps(//...)" failed: errors were encountered while computing transitive closure
WARNING: --keep_going specified, ignoring errors. Results may be inaccurate
Loading: 49 packages loaded
Read 0 lines from bazel query output...
Read 1000 lines from bazel query output...
Read 2000 lines from bazel query output...
Read 3000 lines from bazel query output...
Read 4000 lines from bazel query output...
Read 5000 lines from bazel query output...
Read 6000 lines from bazel query output...
Read 7000 lines from bazel query output...
Read 8000 lines from bazel query output...
Read 9000 lines from bazel query output...
Read 10000 lines from bazel query output...
Read 11000 lines from bazel query output...
Read 12000 lines from bazel query output...
Read 13000 lines from bazel query output...
Read 14000 lines from bazel query output...
Read 15000 lines from bazel query output...
Read 16000 lines from bazel query output...
Read 17000 lines from bazel query output...
Read 18000 lines from bazel query output...
Read 19000 lines from bazel query output...
Read 20000 lines from bazel query output...
Read 21000 lines from bazel query output...
Read 22000 lines from bazel query output...
Read 23000 lines from bazel query output...
