Starting local Bazel server and connecting to it...
 no actions running
 no actions running
 no actions running
 no actions running
Loading: 0 packages loaded
Loading: 13 packages loaded
    currently loading:  ... (4 packages)
Loading: 14 packages loaded
    currently loading: pycross/private/tools ... (3 packages)
Loading: 14 packages loaded
    currently loading: pycross/private/tools ... (3 packages)
Loading: 14 packages loaded
    currently loading: pycross/private/tools ... (3 packages)
Loading: 115 packages loaded
    currently loading: @@stardoc~//src/main/java/com/google/devtools/build/stardoc/renderer ... (3 packages)
Loading: 189 packages loaded
Loading: 189 packages loaded
Loading: 189 packages loaded
Loading: 189 packages loaded
Loading: 200 packages loaded
Read 0 lines from bazel query output...
Read 1000 lines from bazel query output...
Read 2000 lines from bazel query output...
Read 3000 lines from bazel query output...
Read 4000 lines from bazel query output...
