Starting local Bazel server and connecting to it...
Loading: 0 packages loaded
Loading: 0 packages loaded
Loading: 7 packages loaded
    currently loading: tf_keras/export ... (47 packages)
ERROR: Traceback (most recent call last):
	File "/data/h445xu/repo/bazel-repos/cloned_repos/keras-team__tf-keras/third_party/BUILD", line 10, column 8, in <toplevel>
		package(default_visibility = ["//visibility:public"])
Error in package: 'package' can only be used once per BUILD file
ERROR: package contains errors: third_party
Loading: 76 packages loaded
ERROR: /data/h445xu/.cache/bazel/_bazel_hongxu/09048576d4fcdd95c2283d0bd395d5ce/external/com_google_protobuf/BUILD.bazel:1052:11: no such target '//external:python_headers': target 'python_headers' not declared in package 'external' defined by /data/h445xu/repo/bazel-repos/cloned_repos/keras-team__tf-keras/WORKSPACE and referenced by '@com_google_protobuf//:proto_api'
ERROR: /data/h445xu/repo/bazel-repos/cloned_repos/keras-team__tf-keras/tf_keras/api/tests/BUILD:16:11: no such package 'third_party/py/tensorflow': BUILD file not found in any of the following directories. Add a BUILD file to a directory to mark it as a package.
 - /data/h445xu/repo/bazel-repos/cloned_repos/keras-team__tf-keras/third_party/py/tensorflow and referenced by '//tf_keras/api/tests:api_compatibility_test'
ERROR: /data/h445xu/repo/bazel-repos/cloned_repos/keras-team__tf-keras/tf_keras/api/tests/BUILD:16:11: no such package 'third_party/tensorflow/python/lib/io': BUILD file not found in any of the following directories. Add a BUILD file to a directory to mark it as a package.
 - /data/h445xu/repo/bazel-repos/cloned_repos/keras-team__tf-keras/third_party/tensorflow/python/lib/io and referenced by '//tf_keras/api/tests:api_compatibility_test'
ERROR: /data/h445xu/.cache/bazel/_bazel_hongxu/09048576d4fcdd95c2283d0bd395d5ce/external/com_google_protobuf/BUILD.bazel:825:10: no such target '//external:python_headers': target 'python_headers' not declared in package 'external' defined by /data/h445xu/repo/bazel-repos/cloned_repos/keras-team__tf-keras/WORKSPACE and referenced by '@com_google_protobuf//:python/google/protobuf/internal/_api_implementation.so'
ERROR: /data/h445xu/repo/bazel-repos/cloned_repos/keras-team__tf-keras/tf_keras/api/tests/BUILD:16:11: no such package 'third_party/tensorflow/tools/api/lib': BUILD file not found in any of the following directories. Add a BUILD file to a directory to mark it as a package.
 - /data/h445xu/repo/bazel-repos/cloned_repos/keras-team__tf-keras/third_party/tensorflow/tools/api/lib and referenced by '//tf_keras/api/tests:api_compatibility_test'
ERROR: /data/h445xu/repo/bazel-repos/cloned_repos/keras-team__tf-keras/tf_keras/api/tests/BUILD:16:11: no such package 'third_party/tensorflow/tools/common': BUILD file not found in any of the following directories. Add a BUILD file to a directory to mark it as a package.
 - /data/h445xu/repo/bazel-repos/cloned_repos/keras-team__tf-keras/third_party/tensorflow/tools/common and referenced by '//tf_keras/api/tests:api_compatibility_test'
ERROR: /data/h445xu/repo/bazel-repos/cloned_repos/keras-team__tf-keras/tf_keras/api/tests/BUILD:16:11: no such package 'third_party/tensorflow/tools/common': BUILD file not found in any of the following directories. Add a BUILD file to a directory to mark it as a package.
 - /data/h445xu/repo/bazel-repos/cloned_repos/keras-team__tf-keras/third_party/tensorflow/tools/common and referenced by '//tf_keras/api/tests:api_compatibility_test'
ERROR: /data/h445xu/.cache/bazel/_bazel_hongxu/09048576d4fcdd95c2283d0bd395d5ce/external/com_google_protobuf/BUILD.bazel:846:10: no such target '//external:python_headers': target 'python_headers' not declared in package 'external' defined by /data/h445xu/repo/bazel-repos/cloned_repos/keras-team__tf-keras/WORKSPACE and referenced by '@com_google_protobuf//:python/google/protobuf/pyext/_message.so'
ERROR: /data/h445xu/repo/bazel-repos/cloned_repos/keras-team__tf-keras/tf_keras/saving/legacy/saved_model/BUILD:124:10: no such package 'third_party/py/absl/flags': BUILD file not found in any of the following directories. Add a BUILD file to a directory to mark it as a package.
 - /data/h445xu/repo/bazel-repos/cloned_repos/keras-team__tf-keras/third_party/py/absl/flags and referenced by '//tf_keras/saving/legacy/saved_model:create_test_saved_model'
ERROR: /data/h445xu/repo/bazel-repos/cloned_repos/keras-team__tf-keras/tf_keras/layers/normalization/BUILD:142:11: no such package 'third_party/tensorflow/python/distribute/experimental': BUILD file not found in any of the following directories. Add a BUILD file to a directory to mark it as a package.
 - /data/h445xu/repo/bazel-repos/cloned_repos/keras-team__tf-keras/third_party/tensorflow/python/distribute/experimental and referenced by '//tf_keras/layers/normalization:batch_normalization_dtensor_test'
ERROR: /data/h445xu/repo/bazel-repos/cloned_repos/keras-team__tf-keras/tf_keras/tests/BUILD:195:13: no such package 'third_party/tensorflow/python/eager/memory_tests': BUILD file not found in any of the following directories. Add a BUILD file to a directory to mark it as a package.
 - /data/h445xu/repo/bazel-repos/cloned_repos/keras-team__tf-keras/third_party/tensorflow/python/eager/memory_tests and referenced by '//tf_keras/tests:memory_test_gpu'
ERROR: /data/h445xu/repo/bazel-repos/cloned_repos/keras-team__tf-keras/tf_keras/tests/BUILD:195:13: no such package 'third_party/tensorflow/python/eager/memory_tests': BUILD file not found in any of the following directories. Add a BUILD file to a directory to mark it as a package.
 - /data/h445xu/repo/bazel-repos/cloned_repos/keras-team__tf-keras/third_party/tensorflow/python/eager/memory_tests and referenced by '//tf_keras/tests:memory_test'
ERROR: /data/h445xu/.cache/bazel/_bazel_hongxu/09048576d4fcdd95c2283d0bd395d5ce/external/com_google_protobuf/BUILD.bazel:825:10: no such target '//external:python_headers': target 'python_headers' not declared in package 'external' defined by /data/h445xu/repo/bazel-repos/cloned_repos/keras-team__tf-keras/WORKSPACE and referenced by '@com_google_protobuf//:python/google/protobuf/internal/_api_implementation.so'
ERROR: /data/h445xu/.cache/bazel/_bazel_hongxu/09048576d4fcdd95c2283d0bd395d5ce/external/com_google_protobuf/BUILD.bazel:846:10: no such target '//external:python_headers': target 'python_headers' not declared in package 'external' defined by /data/h445xu/repo/bazel-repos/cloned_repos/keras-team__tf-keras/WORKSPACE and referenced by '@com_google_protobuf//:python/google/protobuf/pyext/_message.so'
ERROR: /data/h445xu/repo/bazel-repos/cloned_repos/keras-team__tf-keras/tf_keras/saving/legacy/saved_model/BUILD:124:10: no such package 'third_party/py/absl/flags': BUILD file not found in any of the following directories. Add a BUILD file to a directory to mark it as a package.
 - /data/h445xu/repo/bazel-repos/cloned_repos/keras-team__tf-keras/third_party/py/absl/flags and referenced by '//tf_keras/saving/legacy/saved_model:create_test_saved_model'
ERROR: /data/h445xu/.cache/bazel/_bazel_hongxu/09048576d4fcdd95c2283d0bd395d5ce/external/com_google_protobuf/BUILD.bazel:1052:11: no such target '//external:python_headers': target 'python_headers' not declared in package 'external' defined by /data/h445xu/repo/bazel-repos/cloned_repos/keras-team__tf-keras/WORKSPACE and referenced by '@com_google_protobuf//:proto_api'
ERROR: /data/h445xu/repo/bazel-repos/cloned_repos/keras-team__tf-keras/tf_keras/api/tests/BUILD:16:11: no such package 'third_party/py/tensorflow': BUILD file not found in any of the following directories. Add a BUILD file to a directory to mark it as a package.
 - /data/h445xu/repo/bazel-repos/cloned_repos/keras-team__tf-keras/third_party/py/tensorflow and referenced by '//tf_keras/api/tests:api_compatibility_test'
ERROR: /data/h445xu/repo/bazel-repos/cloned_repos/keras-team__tf-keras/tf_keras/tests/BUILD:195:13: no such package 'third_party/tensorflow/python/eager/memory_tests': BUILD file not found in any of the following directories. Add a BUILD file to a directory to mark it as a package.
 - /data/h445xu/repo/bazel-repos/cloned_repos/keras-team__tf-keras/third_party/tensorflow/python/eager/memory_tests and referenced by '//tf_keras/tests:memory_test_gpu'
ERROR: /data/h445xu/repo/bazel-repos/cloned_repos/keras-team__tf-keras/tf_keras/tests/BUILD:195:13: no such package 'third_party/tensorflow/python/eager/memory_tests': BUILD file not found in any of the following directories. Add a BUILD file to a directory to mark it as a package.
 - /data/h445xu/repo/bazel-repos/cloned_repos/keras-team__tf-keras/third_party/tensorflow/python/eager/memory_tests and referenced by '//tf_keras/tests:memory_test'
ERROR: /data/h445xu/repo/bazel-repos/cloned_repos/keras-team__tf-keras/tf_keras/api/tests/BUILD:16:11: no such package 'third_party/tensorflow/tools/api/lib': BUILD file not found in any of the following directories. Add a BUILD file to a directory to mark it as a package.
 - /data/h445xu/repo/bazel-repos/cloned_repos/keras-team__tf-keras/third_party/tensorflow/tools/api/lib and referenced by '//tf_keras/api/tests:api_compatibility_test'
ERROR: /data/h445xu/repo/bazel-repos/cloned_repos/keras-team__tf-keras/tf_keras/api/tests/BUILD:16:11: no such package 'third_party/tensorflow/tools/common': BUILD file not found in any of the following directories. Add a BUILD file to a directory to mark it as a package.
 - /data/h445xu/repo/bazel-repos/cloned_repos/keras-team__tf-keras/third_party/tensorflow/tools/common and referenced by '//tf_keras/api/tests:api_compatibility_test'
ERROR: /data/h445xu/repo/bazel-repos/cloned_repos/keras-team__tf-keras/tf_keras/api/tests/BUILD:16:11: no such package 'third_party/tensorflow/tools/common': BUILD file not found in any of the following directories. Add a BUILD file to a directory to mark it as a package.
 - /data/h445xu/repo/bazel-repos/cloned_repos/keras-team__tf-keras/third_party/tensorflow/tools/common and referenced by '//tf_keras/api/tests:api_compatibility_test'
ERROR: /data/h445xu/repo/bazel-repos/cloned_repos/keras-team__tf-keras/tf_keras/layers/normalization/BUILD:142:11: no such package 'third_party/tensorflow/python/distribute/experimental': BUILD file not found in any of the following directories. Add a BUILD file to a directory to mark it as a package.
 - /data/h445xu/repo/bazel-repos/cloned_repos/keras-team__tf-keras/third_party/tensorflow/python/distribute/experimental and referenced by '//tf_keras/layers/normalization:batch_normalization_dtensor_test'
ERROR: /data/h445xu/repo/bazel-repos/cloned_repos/keras-team__tf-keras/tf_keras/api/tests/BUILD:16:11: no such package 'third_party/tensorflow/python/lib/io': BUILD file not found in any of the following directories. Add a BUILD file to a directory to mark it as a package.
 - /data/h445xu/repo/bazel-repos/cloned_repos/keras-team__tf-keras/third_party/tensorflow/python/lib/io and referenced by '//tf_keras/api/tests:api_compatibility_test'
ERROR: Evaluation of query "deps(//...)" failed: errors were encountered while computing transitive closure
WARNING: --keep_going specified, ignoring errors. Results may be inaccurate
Read 0 lines from bazel query output...
Read 1000 lines from bazel query output...
Read 2000 lines from bazel query output...
Read 3000 lines from bazel query output...
Read 4000 lines from bazel query output...
Read 5000 lines from bazel query output...
Read 6000 lines from bazel query output...
Read 7000 lines from bazel query output...
Read 8000 lines from bazel query output...
Read 9000 lines from bazel query output...
Read 10000 lines from bazel query output...
Read 11000 lines from bazel query output...
Read 12000 lines from bazel query output...
Read 13000 lines from bazel query output...
Read 14000 lines from bazel query output...
Read 15000 lines from bazel query output...
Read 16000 lines from bazel query output...
Read 17000 lines from bazel query output...
Read 18000 lines from bazel query output...
Read 19000 lines from bazel query output...
Read 20000 lines from bazel query output...
Read 21000 lines from bazel query output...
Read 22000 lines from bazel query output...
Read 23000 lines from bazel query output...
Read 24000 lines from bazel query output...
Read 25000 lines from bazel query output...
Read 26000 lines from bazel query output...
Read 27000 lines from bazel query output...
Read 28000 lines from bazel query output...
Read 29000 lines from bazel query output...
Loading: 79 packages loaded
Read 30000 lines from bazel query output...
Read 31000 lines from bazel query output...
Read 32000 lines from bazel query output...
Read 33000 lines from bazel query output...
Read 34000 lines from bazel query output...
Loading: 79 packages loaded
Loading: 79 packages loaded
