[32mLoading:[0m 0 packages loaded
[31m[1mERROR: [0m/data/h445xu/repo/bazel-repos/cloned_repos/Kong__kong/build/openresty/snappy/BUILD.bazel:112:8: no such package 'third_party/benchmark': BUILD file not found in any of the following directories. Add a BUILD file to a directory to mark it as a package.
 - /data/h445xu/repo/bazel-repos/cloned_repos/Kong__kong/third_party/benchmark and referenced by '//build/openresty/snappy:snappy_benchmark'
[31m[1mERROR: [0m/data/h445xu/repo/bazel-repos/cloned_repos/Kong__kong/build/openresty/snappy/BUILD.bazel:123:8: no such package 'third_party/googletest': BUILD file not found in any of the following directories. Add a BUILD file to a directory to mark it as a package.
 - /data/h445xu/repo/bazel-repos/cloned_repos/Kong__kong/third_party/googletest and referenced by '//build/openresty/snappy:snappy_unittest'
[35mWARNING: [0mDownload from https://github.com/wasmerio/wasmer/releases/download/v3.1.1/wasmer-darwin-x86_64.tar.gz failed: class java.io.FileNotFoundException GET returned 404 Not Found
[32mINFO: [0mRepository wasmer-macos-x86_64 instantiated at:
  /data/h445xu/repo/bazel-repos/cloned_repos/Kong__kong/WORKSPACE:63:23: in <toplevel>
  /data/h445xu/repo/bazel-repos/cloned_repos/Kong__kong/build/openresty/repositories.bzl:37:23: in openresty_repositories
  /data/h445xu/repo/bazel-repos/cloned_repos/Kong__kong/build/openresty/wasmx/wasmx_repositories.bzl:120:25: in wasmx_repositories
Repository rule http_archive defined at:
  /data/h445xu/.cache/bazel/_bazel_hongxu/7737ef5f1b9ff62e6eb2440ca2df8f98/external/bazel_tools/tools/build_defs/repo/http.bzl:382:31: in <toplevel>
[31m[1mERROR: [0mAn error occurred during the fetch of repository 'wasmer-macos-x86_64':
   Traceback (most recent call last):
	File "/data/h445xu/.cache/bazel/_bazel_hongxu/7737ef5f1b9ff62e6eb2440ca2df8f98/external/bazel_tools/tools/build_defs/repo/http.bzl", line 131, column 45, in _http_archive_impl
		download_info = ctx.download_and_extract(
Error in download_and_extract: java.io.IOException: Error downloading [https://github.com/wasmerio/wasmer/releases/download/v3.1.1/wasmer-darwin-x86_64.tar.gz] to /data/h445xu/.cache/bazel/_bazel_hongxu/7737ef5f1b9ff62e6eb2440ca2df8f98/external/wasmer-macos-x86_64/temp9353359849721867149/wasmer-darwin-x86_64.tar.gz: GET returned 404 Not Found
[35mWARNING: [0mDownload from https://github.com/wasmerio/wasmer/releases/download/v3.1.1/wasmer-linux-x86_64.tar.gz failed: class java.io.FileNotFoundException GET returned 404 Not Found
[32mINFO: [0mRepository wasmer-linux-x86_64 instantiated at:
  /data/h445xu/repo/bazel-repos/cloned_repos/Kong__kong/WORKSPACE:63:23: in <toplevel>
  /data/h445xu/repo/bazel-repos/cloned_repos/Kong__kong/build/openresty/repositories.bzl:37:23: in openresty_repositories
  /data/h445xu/repo/bazel-repos/cloned_repos/Kong__kong/build/openresty/wasmx/wasmx_repositories.bzl:120:25: in wasmx_repositories
Repository rule http_archive defined at:
  /data/h445xu/.cache/bazel/_bazel_hongxu/7737ef5f1b9ff62e6eb2440ca2df8f98/external/bazel_tools/tools/build_defs/repo/http.bzl:382:31: in <toplevel>
[31m[1mERROR: [0mAn error occurred during the fetch of repository 'wasmer-linux-x86_64':
   Traceback (most recent call last):
	File "/data/h445xu/.cache/bazel/_bazel_hongxu/7737ef5f1b9ff62e6eb2440ca2df8f98/external/bazel_tools/tools/build_defs/repo/http.bzl", line 131, column 45, in _http_archive_impl
		download_info = ctx.download_and_extract(
Error in download_and_extract: java.io.IOException: Error downloading [https://github.com/wasmerio/wasmer/releases/download/v3.1.1/wasmer-linux-x86_64.tar.gz] to /data/h445xu/.cache/bazel/_bazel_hongxu/7737ef5f1b9ff62e6eb2440ca2df8f98/external/wasmer-linux-x86_64/temp297959379254208209/wasmer-linux-x86_64.tar.gz: GET returned 404 Not Found
[32mINFO: [0mRepository kong_admin_gui instantiated at:
  /data/h445xu/repo/bazel-repos/cloned_repos/Kong__kong/WORKSPACE:85:19: in <toplevel>
  /data/h445xu/repo/bazel-repos/cloned_repos/Kong__kong/build/repositories.bzl:91:29: in build_repositories
  /data/h445xu/repo/bazel-repos/cloned_repos/Kong__kong/build/repositories.bzl:53:10: in kong_github_repositories
  /data/h445xu/.cache/bazel/_bazel_hongxu/7737ef5f1b9ff62e6eb2440ca2df8f98/external/bazel_tools/tools/build_defs/repo/utils.bzl:268:18: in maybe
Repository rule github_release defined at:
  /data/h445xu/repo/bazel-repos/cloned_repos/Kong__kong/build/build_system.bzl:254:33: in <toplevel>
[31m[1mERROR: [0mAn error occurred during the fetch of repository 'kong_admin_gui':
   Traceback (most recent call last):
	File "/data/h445xu/repo/bazel-repos/cloned_repos/Kong__kong/build/build_system.bzl", line 233, column 13, in _github_release_impl
		fail("Failed to download release (%s): %s, exit: %d" % (gh_token_set, ret.stderr, ret.return_code))
Error in fail: Failed to download release (GITHUB_TOKEN is not set, is this a private repo?): To get started with GitHub CLI, please run:  gh auth login
Alternatively, populate the GH_TOKEN environment variable with a GitHub API authentication token.
, exit: 4
[31m[1mERROR: [0m/data/h445xu/repo/bazel-repos/cloned_repos/Kong__kong/build/BUILD.bazel:212:13: no such package '@@kong_admin_gui//': Failed to download release (GITHUB_TOKEN is not set, is this a private repo?): To get started with GitHub CLI, please run:  gh auth login
Alternatively, populate the GH_TOKEN environment variable with a GitHub API authentication token.
, exit: 4 and referenced by '//build:install-webui-dists'
[32mINFO: [0mRepository wasmer-macos-aarch64 instantiated at:
  /data/h445xu/repo/bazel-repos/cloned_repos/Kong__kong/WORKSPACE:63:23: in <toplevel>
  /data/h445xu/repo/bazel-repos/cloned_repos/Kong__kong/build/openresty/repositories.bzl:37:23: in openresty_repositories
  /data/h445xu/repo/bazel-repos/cloned_repos/Kong__kong/build/openresty/wasmx/wasmx_repositories.bzl:120:25: in wasmx_repositories
Repository rule http_archive defined at:
  /data/h445xu/.cache/bazel/_bazel_hongxu/7737ef5f1b9ff62e6eb2440ca2df8f98/external/bazel_tools/tools/build_defs/repo/http.bzl:382:31: in <toplevel>
[32mINFO: [0mrepository @@wasmer-macos-aarch64' used the following cache hits instead of downloading the corresponding file.
 * Hash '8534b278c1006ccc7f128bd1611636e12a33b9e625344331f9be3b56a5bb3286' for https://github.com/wasmerio/wasmer/releases/download/v3.1.1/wasmer-darwin-arm64.tar.gz
If the definition of 'repository @@wasmer-macos-aarch64' was updated, verify that the hashes were also updated.
[31m[1mERROR: [0mAn error occurred during the fetch of repository 'wasmer-macos-aarch64':
   Traceback (most recent call last):
	File "/data/h445xu/.cache/bazel/_bazel_hongxu/7737ef5f1b9ff62e6eb2440ca2df8f98/external/bazel_tools/tools/build_defs/repo/http.bzl", line 131, column 45, in _http_archive_impl
		download_info = ctx.download_and_extract(
Error in download_and_extract: java.io.IOException: Error extracting /data/h445xu/.cache/bazel/_bazel_hongxu/7737ef5f1b9ff62e6eb2440ca2df8f98/external/wasmer-macos-aarch64/temp14442348630927391699/wasmer-darwin-arm64.tar.gz to /data/h445xu/.cache/bazel/_bazel_hongxu/7737ef5f1b9ff62e6eb2440ca2df8f98/external/wasmer-macos-aarch64/temp14442348630927391699: Prefix "wasmer-darwin-arm64" was given, but not found in the archive. Here are possible prefixes for this archive: "include", "lib", "bin".
[32mINFO: [0mRepository wasmer-linux-aarch64 instantiated at:
  /data/h445xu/repo/bazel-repos/cloned_repos/Kong__kong/WORKSPACE:63:23: in <toplevel>
  /data/h445xu/repo/bazel-repos/cloned_repos/Kong__kong/build/openresty/repositories.bzl:37:23: in openresty_repositories
  /data/h445xu/repo/bazel-repos/cloned_repos/Kong__kong/build/openresty/wasmx/wasmx_repositories.bzl:120:25: in wasmx_repositories
Repository rule http_archive defined at:
  /data/h445xu/.cache/bazel/_bazel_hongxu/7737ef5f1b9ff62e6eb2440ca2df8f98/external/bazel_tools/tools/build_defs/repo/http.bzl:382:31: in <toplevel>
[32mINFO: [0mrepository @@wasmer-linux-aarch64' used the following cache hits instead of downloading the corresponding file.
 * Hash 'c212eebdf1cc6bf71e7b56d7421eb3494c3a6ab1faf50a55150b7522183d1d36' for https://github.com/wasmerio/wasmer/releases/download/v3.1.1/wasmer-linux-aarch64.tar.gz
If the definition of 'repository @@wasmer-linux-aarch64' was updated, verify that the hashes were also updated.
[31m[1mERROR: [0mAn error occurred during the fetch of repository 'wasmer-linux-aarch64':
   Traceback (most recent call last):
	File "/data/h445xu/.cache/bazel/_bazel_hongxu/7737ef5f1b9ff62e6eb2440ca2df8f98/external/bazel_tools/tools/build_defs/repo/http.bzl", line 131, column 45, in _http_archive_impl
		download_info = ctx.download_and_extract(
Error in download_and_extract: java.io.IOException: Error extracting /data/h445xu/.cache/bazel/_bazel_hongxu/7737ef5f1b9ff62e6eb2440ca2df8f98/external/wasmer-linux-aarch64/temp10573809682260066567/wasmer-linux-aarch64.tar.gz to /data/h445xu/.cache/bazel/_bazel_hongxu/7737ef5f1b9ff62e6eb2440ca2df8f98/external/wasmer-linux-aarch64/temp10573809682260066567: Prefix "wasmer-linux-aarch64" was given, but not found in the archive. Here are possible prefixes for this archive: "include", "lib", "bin".
[31m[1mERROR: [0m/data/h445xu/.cache/bazel/_bazel_hongxu/7737ef5f1b9ff62e6eb2440ca2df8f98/external/openresty/BUILD.bazel:256:13: no such package '@@wasmer-linux-x86_64//': java.io.IOException: Error downloading [https://github.com/wasmerio/wasmer/releases/download/v3.1.1/wasmer-linux-x86_64.tar.gz] to /data/h445xu/.cache/bazel/_bazel_hongxu/7737ef5f1b9ff62e6eb2440ca2df8f98/external/wasmer-linux-x86_64/temp297959379254208209/wasmer-linux-x86_64.tar.gz: GET returned 404 Not Found and referenced by '@@openresty//:wasm_runtime'
[31m[1mERROR: [0m/data/h445xu/.cache/bazel/_bazel_hongxu/7737ef5f1b9ff62e6eb2440ca2df8f98/external/openresty/BUILD.bazel:256:13: no such package '@@wasmer-linux-aarch64//': java.io.IOException: Error extracting /data/h445xu/.cache/bazel/_bazel_hongxu/7737ef5f1b9ff62e6eb2440ca2df8f98/external/wasmer-linux-aarch64/temp10573809682260066567/wasmer-linux-aarch64.tar.gz to /data/h445xu/.cache/bazel/_bazel_hongxu/7737ef5f1b9ff62e6eb2440ca2df8f98/external/wasmer-linux-aarch64/temp10573809682260066567: Prefix "wasmer-linux-aarch64" was given, but not found in the archive. Here are possible prefixes for this archive: "include", "lib", "bin". and referenced by '@@openresty//:wasm_runtime'
[31m[1mERROR: [0m/data/h445xu/.cache/bazel/_bazel_hongxu/7737ef5f1b9ff62e6eb2440ca2df8f98/external/openresty/BUILD.bazel:256:13: no such package '@@wasmer-macos-x86_64//': java.io.IOException: Error downloading [https://github.com/wasmerio/wasmer/releases/download/v3.1.1/wasmer-darwin-x86_64.tar.gz] to /data/h445xu/.cache/bazel/_bazel_hongxu/7737ef5f1b9ff62e6eb2440ca2df8f98/external/wasmer-macos-x86_64/temp9353359849721867149/wasmer-darwin-x86_64.tar.gz: GET returned 404 Not Found and referenced by '@@openresty//:wasm_runtime'
[31m[1mERROR: [0m/data/h445xu/.cache/bazel/_bazel_hongxu/7737ef5f1b9ff62e6eb2440ca2df8f98/external/openresty/BUILD.bazel:256:13: no such package '@@wasmer-macos-aarch64//': java.io.IOException: Error extracting /data/h445xu/.cache/bazel/_bazel_hongxu/7737ef5f1b9ff62e6eb2440ca2df8f98/external/wasmer-macos-aarch64/temp14442348630927391699/wasmer-darwin-arm64.tar.gz to /data/h445xu/.cache/bazel/_bazel_hongxu/7737ef5f1b9ff62e6eb2440ca2df8f98/external/wasmer-macos-aarch64/temp14442348630927391699: Prefix "wasmer-darwin-arm64" was given, but not found in the archive. Here are possible prefixes for this archive: "include", "lib", "bin". and referenced by '@@openresty//:wasm_runtime'
[31m[1mERROR: [0m/data/h445xu/repo/bazel-repos/cloned_repos/Kong__kong/build/openresty/snappy/BUILD.bazel:112:8: no such package 'third_party/benchmark': BUILD file not found in any of the following directories. Add a BUILD file to a directory to mark it as a package.
 - /data/h445xu/repo/bazel-repos/cloned_repos/Kong__kong/third_party/benchmark and referenced by '//build/openresty/snappy:snappy_benchmark'
[31m[1mERROR: [0m/data/h445xu/repo/bazel-repos/cloned_repos/Kong__kong/build/openresty/snappy/BUILD.bazel:123:8: no such package 'third_party/googletest': BUILD file not found in any of the following directories. Add a BUILD file to a directory to mark it as a package.
 - /data/h445xu/repo/bazel-repos/cloned_repos/Kong__kong/third_party/googletest and referenced by '//build/openresty/snappy:snappy_unittest'
[31m[1mERROR: [0m/data/h445xu/repo/bazel-repos/cloned_repos/Kong__kong/build/BUILD.bazel:212:13: no such package '@@kong_admin_gui//': Failed to download release (GITHUB_TOKEN is not set, is this a private repo?): To get started with GitHub CLI, please run:  gh auth login
Alternatively, populate the GH_TOKEN environment variable with a GitHub API authentication token.
, exit: 4 and referenced by '//build:install-webui-dists'
[31m[1mERROR: [0m/data/h445xu/.cache/bazel/_bazel_hongxu/7737ef5f1b9ff62e6eb2440ca2df8f98/external/openresty/BUILD.bazel:256:13: no such package '@@wasmer-linux-x86_64//': java.io.IOException: Error downloading [https://github.com/wasmerio/wasmer/releases/download/v3.1.1/wasmer-linux-x86_64.tar.gz] to /data/h445xu/.cache/bazel/_bazel_hongxu/7737ef5f1b9ff62e6eb2440ca2df8f98/external/wasmer-linux-x86_64/temp297959379254208209/wasmer-linux-x86_64.tar.gz: GET returned 404 Not Found and referenced by '@@openresty//:wasm_runtime'
[31m[1mERROR: [0m/data/h445xu/.cache/bazel/_bazel_hongxu/7737ef5f1b9ff62e6eb2440ca2df8f98/external/openresty/BUILD.bazel:256:13: no such package '@@wasmer-linux-aarch64//': java.io.IOException: Error extracting /data/h445xu/.cache/bazel/_bazel_hongxu/7737ef5f1b9ff62e6eb2440ca2df8f98/external/wasmer-linux-aarch64/temp10573809682260066567/wasmer-linux-aarch64.tar.gz to /data/h445xu/.cache/bazel/_bazel_hongxu/7737ef5f1b9ff62e6eb2440ca2df8f98/external/wasmer-linux-aarch64/temp10573809682260066567: Prefix "wasmer-linux-aarch64" was given, but not found in the archive. Here are possible prefixes for this archive: "include", "lib", "bin". and referenced by '@@openresty//:wasm_runtime'
[31m[1mERROR: [0m/data/h445xu/.cache/bazel/_bazel_hongxu/7737ef5f1b9ff62e6eb2440ca2df8f98/external/openresty/BUILD.bazel:256:13: no such package '@@wasmer-macos-x86_64//': java.io.IOException: Error downloading [https://github.com/wasmerio/wasmer/releases/download/v3.1.1/wasmer-darwin-x86_64.tar.gz] to /data/h445xu/.cache/bazel/_bazel_hongxu/7737ef5f1b9ff62e6eb2440ca2df8f98/external/wasmer-macos-x86_64/temp9353359849721867149/wasmer-darwin-x86_64.tar.gz: GET returned 404 Not Found and referenced by '@@openresty//:wasm_runtime'
[31m[1mERROR: [0m/data/h445xu/.cache/bazel/_bazel_hongxu/7737ef5f1b9ff62e6eb2440ca2df8f98/external/openresty/BUILD.bazel:256:13: no such package '@@wasmer-macos-aarch64//': java.io.IOException: Error extracting /data/h445xu/.cache/bazel/_bazel_hongxu/7737ef5f1b9ff62e6eb2440ca2df8f98/external/wasmer-macos-aarch64/temp14442348630927391699/wasmer-darwin-arm64.tar.gz to /data/h445xu/.cache/bazel/_bazel_hongxu/7737ef5f1b9ff62e6eb2440ca2df8f98/external/wasmer-macos-aarch64/temp14442348630927391699: Prefix "wasmer-darwin-arm64" was given, but not found in the archive. Here are possible prefixes for this archive: "include", "lib", "bin". and referenced by '@@openresty//:wasm_runtime'
[31m[1mERROR: [0mEvaluation of query "deps(//...)" failed: errors were encountered while computing transitive closure
[32mLoading:[0m 0 packages loaded
[35mWARNING: [0m--keep_going specified, ignoring errors. Results may be inaccurate
Read 0 lines from bazel query output...
Read 1000 lines from bazel query output...
Read 2000 lines from bazel query output...
Read 3000 lines from bazel query output...
Read 4000 lines from bazel query output...
Read 5000 lines from bazel query output...
Read 6000 lines from bazel query output...
Read 7000 lines from bazel query output...
Read 8000 lines from bazel query output...
Read 9000 lines from bazel query output...
Read 10000 lines from bazel query output...
Read 11000 lines from bazel query output...
Read 12000 lines from bazel query output...
Read 13000 lines from bazel query output...
Read 14000 lines from bazel query output...
Read 15000 lines from bazel query output...
Read 16000 lines from bazel query output...
Read 17000 lines from bazel query output...
Read 18000 lines from bazel query output...
Read 19000 lines from bazel query output...
Read 20000 lines from bazel query output...
Read 21000 lines from bazel query output...
Read 22000 lines from bazel query output...
Read 23000 lines from bazel query output...
Read 24000 lines from bazel query output...
Read 25000 lines from bazel query output...
Read 26000 lines from bazel query output...
Read 27000 lines from bazel query output...
Read 28000 lines from bazel query output...
Read 29000 lines from bazel query output...
Read 30000 lines from bazel query output...
Read 31000 lines from bazel query output...
Read 32000 lines from bazel query output...
Read 33000 lines from bazel query output...
Read 34000 lines from bazel query output...
Read 35000 lines from bazel query output...
Read 36000 lines from bazel query output...
Read 37000 lines from bazel query output...
Read 38000 lines from bazel query output...
Read 39000 lines from bazel query output...
Read 40000 lines from bazel query output...
Read 41000 lines from bazel query output...
Read 42000 lines from bazel query output...
Read 43000 lines from bazel query output...
Read 44000 lines from bazel query output...
Read 45000 lines from bazel query output...
Read 46000 lines from bazel query output...
Read 47000 lines from bazel query output...
Read 48000 lines from bazel query output...
Read 49000 lines from bazel query output...
Read 50000 lines from bazel query output...
Read 51000 lines from bazel query output...
Read 52000 lines from bazel query output...
Read 53000 lines from bazel query output...
Read 54000 lines from bazel query output...
Read 55000 lines from bazel query output...
Read 56000 lines from bazel query output...
Read 57000 lines from bazel query output...
Read 58000 lines from bazel query output...
Read 59000 lines from bazel query output...
Read 60000 lines from bazel query output...
Read 61000 lines from bazel query output...
Read 62000 lines from bazel query output...
Read 63000 lines from bazel query output...
Read 64000 lines from bazel query output...
Read 65000 lines from bazel query output...
Read 66000 lines from bazel query output...
Read 67000 lines from bazel query output...
Read 68000 lines from bazel query output...
Read 69000 lines from bazel query output...
Read 70000 lines from bazel query output...
Read 71000 lines from bazel query output...
Read 72000 lines from bazel query output...
Read 73000 lines from bazel query output...
Read 74000 lines from bazel query output...
Read 75000 lines from bazel query output...
Read 76000 lines from bazel query output...
Read 77000 lines from bazel query output...
Read 78000 lines from bazel query output...
Read 79000 lines from bazel query output...
Read 80000 lines from bazel query output...
Read 81000 lines from bazel query output...
Read 82000 lines from bazel query output...
Read 83000 lines from bazel query output...
Read 84000 lines from bazel query output...
Read 85000 lines from bazel query output...
Read 86000 lines from bazel query output...
Read 87000 lines from bazel query output...
Read 88000 lines from bazel query output...
Read 89000 lines from bazel query output...
Read 90000 lines from bazel query output...
Read 91000 lines from bazel query output...
Read 92000 lines from bazel query output...
Read 93000 lines from bazel query output...
Read 94000 lines from bazel query output...
Read 95000 lines from bazel query output...
Read 96000 lines from bazel query output...
Read 97000 lines from bazel query output...
Read 98000 lines from bazel query output...
Read 99000 lines from bazel query output...
Read 100000 lines from bazel query output...
Read 101000 lines from bazel query output...
Read 102000 lines from bazel query output...
Read 103000 lines from bazel query output...
Read 104000 lines from bazel query output...
Read 105000 lines from bazel query output...
Read 106000 lines from bazel query output...
Read 107000 lines from bazel query output...
Read 108000 lines from bazel query output...
Read 109000 lines from bazel query output...
Read 110000 lines from bazel query output...
Read 111000 lines from bazel query output...
Read 112000 lines from bazel query output...
Read 113000 lines from bazel query output...
Read 114000 lines from bazel query output...
Read 115000 lines from bazel query output...
Read 116000 lines from bazel query output...
Read 117000 lines from bazel query output...
Read 118000 lines from bazel query output...
Read 119000 lines from bazel query output...
Read 120000 lines from bazel query output...
Read 121000 lines from bazel query output...
Read 122000 lines from bazel query output...
Read 123000 lines from bazel query output...
Read 124000 lines from bazel query output...
Read 125000 lines from bazel query output...
Read 126000 lines from bazel query output...
Read 127000 lines from bazel query output...
Read 128000 lines from bazel query output...
Read 129000 lines from bazel query output...
Read 130000 lines from bazel query output...
Read 131000 lines from bazel query output...
Read 132000 lines from bazel query output...
Read 133000 lines from bazel query output...
Read 134000 lines from bazel query output...
Read 135000 lines from bazel query output...
Read 136000 lines from bazel query output...
Read 137000 lines from bazel query output...
Read 138000 lines from bazel query output...
Read 139000 lines from bazel query output...
Read 140000 lines from bazel query output...
Read 141000 lines from bazel query output...
Read 142000 lines from bazel query output...
Read 143000 lines from bazel query output...
Read 144000 lines from bazel query output...
Read 145000 lines from bazel query output...
Read 146000 lines from bazel query output...
Read 147000 lines from bazel query output...
Read 148000 lines from bazel query output...
Read 149000 lines from bazel query output...
Read 150000 lines from bazel query output...
Read 151000 lines from bazel query output...
Read 152000 lines from bazel query output...
Read 153000 lines from bazel query output...
Read 154000 lines from bazel query output...
Read 155000 lines from bazel query output...
Read 156000 lines from bazel query output...
Read 157000 lines from bazel query output...
Read 158000 lines from bazel query output...
Read 159000 lines from bazel query output...
Read 160000 lines from bazel query output...
Read 161000 lines from bazel query output...
Read 162000 lines from bazel query output...
Read 163000 lines from bazel query output...
Read 164000 lines from bazel query output...
Read 165000 lines from bazel query output...
Read 166000 lines from bazel query output...
Read 167000 lines from bazel query output...
Read 168000 lines from bazel query output...
Read 169000 lines from bazel query output...
Read 170000 lines from bazel query output...
Read 171000 lines from bazel query output...
Read 172000 lines from bazel query output...
Read 173000 lines from bazel query output...
[32mLoading:[0m 0 packages loaded
[0m