Starting local Bazel server and connecting to it...
INFO: Invocation ID: 57a7341e-eb69-4877-b85e-03f8b2e3b9f3
WARNING: --enable_bzlmod is set, but no MODULE.bazel file was found at the workspace root. Bazel will create an empty MODULE.bazel file. Please consider migrating your external dependencies from WORKSPACE to MODULE.bazel. For more details, please refer to https://github.com/bazelbuild/bazel/issues/18958.
 no actions running
 no actions running
 no actions running
 no actions running
 no actions running
 no actions running
 no actions running
Loading: 0 packages loaded
Loading: 7 packages loaded
    currently loading: scripts
Loading: 7 packages loaded
    currently loading: scripts
Loading: 7 packages loaded
    currently loading: scripts
Loading: 7 packages loaded
    currently loading: scripts
Loading: 72 packages loaded
    currently loading: @@bazel_tools//third_party/def_parser ... (3 packages)
Loading: 189 packages loaded
Read 0 lines from bazel query output...
Read 1000 lines from bazel query output...
Read 2000 lines from bazel query output...
Read 3000 lines from bazel query output...
Read 4000 lines from bazel query output...
Read 5000 lines from bazel query output...
Read 6000 lines from bazel query output...
Read 7000 lines from bazel query output...
Read 8000 lines from bazel query output...
Read 9000 lines from bazel query output...
Read 10000 lines from bazel query output...
Read 11000 lines from bazel query output...
