Starting local Bazel server (8.3.1) and connecting to it...
 no actions running
 no actions running
Loading: 0 packages loaded
Loading: 0 packages loaded
Loading: 1 packages loaded
    currently loading:  ... (11 packages)
Loading: 4 packages loaded
    currently loading:  ... (8 packages)
Loading: 67 packages loaded
    currently loading: @@aspect_rules_js+//js/private/node-patches ... (14 packages)
Loading: 99 packages loaded
Loading: 102 packages loaded
Loading: 102 packages loaded
Loading: 102 packages loaded
Loading: 102 packages loaded
Loading: 119 packages loaded
Read 0 lines from bazel query output...
Loading: 174 packages loaded
Read 1000 lines from bazel query output...
Read 2000 lines from bazel query output...
Read 3000 lines from bazel query output...
