Starting local Bazel server (8.3.1) and connecting to it...
 no actions running
 no actions running
DEBUG: Rule 'cxx.rs+' indicated that a canonical reproducible form can be obtained by modifying arguments commit = "f9d547b60324bc02d9983622159973a75d06ea10" and dropping ["tag"]
DEBUG: Repository cxx.rs+ instantiated at:
  <builtin>: in <toplevel>
Repository rule git_repository defined at:
  /data/h445xu/.cache/bazel/_bazel_hongxu/b8f5a32bd24e8a8240c4ace3eeba2f1d/external/bazel_tools/tools/build_defs/repo/git.bzl:208:33: in <toplevel>
 no actions running
 no actions running
Loading: 0 packages loaded
Loading: 0 packages loaded
Loading: 0 packages loaded
ERROR: Traceback (most recent call last):
	File "/data/h445xu/repo/bazel-repos/cloned_repos/maplibre__maplibre-native/vendor/BUILD.bazel", line 8, column 13, in <toplevel>
		] + glob(
Error in glob: glob pattern 'maplibre-native-base/deps/cheap-ruler-cpp/include/mapbox/*.hpp' didn't match anything, but allow_empty is set to False (the default value of allow_empty can be set with --incompatible_disallow_empty_glob).
ERROR: package contains errors: vendor
Loading: 14 packages loaded
    currently loading: platform/ios/benchmark/assets ... (13 packages)
Loading: 15 packages loaded
    currently loading: platform/ios/benchmark/assets ... (12 packages)
Loading: 26 packages loaded
    currently loading: 
ERROR: package contains errors: vendor: Traceback (most recent call last):
	File "/data/h445xu/repo/bazel-repos/cloned_repos/maplibre__maplibre-native/vendor/BUILD.bazel", line 8, column 13, in <toplevel>
		] + glob(
Error in glob: glob pattern 'maplibre-native-base/deps/cheap-ruler-cpp/include/mapbox/*.hpp' didn't match anything, but allow_empty is set to False (the default value of allow_empty can be set with --incompatible_disallow_empty_glob).
Loading: 29 packages loaded
ERROR: /data/h445xu/repo/bazel-repos/cloned_repos/maplibre__maplibre-native/test/BUILD.bazel:4:11: no such package 'vendor/googletest': BUILD file not found in any of the following directories. Add a BUILD file to a directory to mark it as a package.
 - vendor/googletest and referenced by '//test:testutils'
Loading: 144 packages loaded
Loading: 234 packages loaded
Loading: 326 packages loaded
DEBUG: Rule '+_repo_rules3+tinyobjloader' indicated that a canonical reproducible form can be obtained by modifying arguments commit = "a4e519b0a0f29c790464fcfeadfe25a7f9fa15ff" and dropping ["branch"]
DEBUG: Repository +_repo_rules3+tinyobjloader instantiated at:
  <builtin>: in <toplevel>
Repository rule git_repository defined at:
  /data/h445xu/.cache/bazel/_bazel_hongxu/b8f5a32bd24e8a8240c4ace3eeba2f1d/external/bazel_tools/tools/build_defs/repo/git.bzl:208:33: in <toplevel>
Loading: 412 packages loaded
Loading: 465 packages loaded
Loading: 516 packages loaded
    currently loading: @@aspect_rules_js++npm+npm__available-typed-arrays__1.0.7//
Loading: 671 packages loaded
Loading: 672 packages loaded
Loading: 672 packages loaded
Loading: 672 packages loaded
Loading: 672 packages loaded
Loading: 672 packages loaded
Loading: 672 packages loaded
Loading: 672 packages loaded
Loading: 673 packages loaded
Loading: 673 packages loaded
Loading: 673 packages loaded
Loading: 673 packages loaded
Loading: 673 packages loaded
Loading: 673 packages loaded
Loading: 673 packages loaded
Loading: 673 packages loaded
ERROR: /data/h445xu/repo/bazel-repos/cloned_repos/maplibre__maplibre-native/BUILD.bazel:80:11: no such target '//vendor:boost': target 'boost' not declared in package 'vendor' defined by /data/h445xu/repo/bazel-repos/cloned_repos/maplibre__maplibre-native/vendor/BUILD.bazel; however, a source directory of this name exists.  (Perhaps add 'exports_files(["boost"])' to vendor/BUILD, or define a filegroup?) and referenced by '//:mbgl-core'
ERROR: /data/h445xu/repo/bazel-repos/cloned_repos/maplibre__maplibre-native/BUILD.bazel:80:11: no such target '//vendor:earcut.hpp': target 'earcut.hpp' not declared in package 'vendor' defined by /data/h445xu/repo/bazel-repos/cloned_repos/maplibre__maplibre-native/vendor/BUILD.bazel; however, a source directory of this name exists.  (Perhaps add 'exports_files(["earcut.hpp"])' to vendor/BUILD, or define a filegroup?) and referenced by '//:mbgl-core'
ERROR: /data/h445xu/repo/bazel-repos/cloned_repos/maplibre__maplibre-native/BUILD.bazel:80:11: no such target '//vendor:eternal': target 'eternal' not declared in package 'vendor' defined by /data/h445xu/repo/bazel-repos/cloned_repos/maplibre__maplibre-native/vendor/BUILD.bazel; however, a source directory of this name exists.  (Perhaps add 'exports_files(["eternal"])' to vendor/BUILD, or define a filegroup?) and referenced by '//:mbgl-core'
ERROR: /data/h445xu/repo/bazel-repos/cloned_repos/maplibre__maplibre-native/BUILD.bazel:80:11: no such target '//vendor:maplibre-native-base': target 'maplibre-native-base' not declared in package 'vendor' defined by /data/h445xu/repo/bazel-repos/cloned_repos/maplibre__maplibre-native/vendor/BUILD.bazel; however, a source directory of this name exists.  (Perhaps add 'exports_files(["maplibre-native-base"])' to vendor/BUILD, or define a filegroup?) and referenced by '//:mbgl-core'
ERROR: /data/h445xu/repo/bazel-repos/cloned_repos/maplibre__maplibre-native/BUILD.bazel:80:11: no such target '//vendor:parsedate': target 'parsedate' not declared in package 'vendor' defined by /data/h445xu/repo/bazel-repos/cloned_repos/maplibre__maplibre-native/vendor/BUILD.bazel; however, a source directory of this name exists.  (Perhaps add 'exports_files(["parsedate"])' to vendor/BUILD, or define a filegroup?) and referenced by '//:mbgl-core'
ERROR: /data/h445xu/repo/bazel-repos/cloned_repos/maplibre__maplibre-native/BUILD.bazel:80:11: no such target '//vendor:pmtiles': target 'pmtiles' not declared in package 'vendor' defined by /data/h445xu/repo/bazel-repos/cloned_repos/maplibre__maplibre-native/vendor/BUILD.bazel and referenced by '//:mbgl-core'
ERROR: /data/h445xu/repo/bazel-repos/cloned_repos/maplibre__maplibre-native/BUILD.bazel:80:11: no such target '//vendor:polylabel': target 'polylabel' not declared in package 'vendor' defined by /data/h445xu/repo/bazel-repos/cloned_repos/maplibre__maplibre-native/vendor/BUILD.bazel; however, a source directory of this name exists.  (Perhaps add 'exports_files(["polylabel"])' to vendor/BUILD, or define a filegroup?) and referenced by '//:mbgl-core'
ERROR: /data/h445xu/repo/bazel-repos/cloned_repos/maplibre__maplibre-native/BUILD.bazel:80:11: no such target '//vendor:protozero': target 'protozero' not declared in package 'vendor' defined by /data/h445xu/repo/bazel-repos/cloned_repos/maplibre__maplibre-native/vendor/BUILD.bazel; however, a source directory of this name exists.  (Perhaps add 'exports_files(["protozero"])' to vendor/BUILD, or define a filegroup?) and referenced by '//:mbgl-core'
ERROR: /data/h445xu/repo/bazel-repos/cloned_repos/maplibre__maplibre-native/BUILD.bazel:80:11: no such target '//vendor:unique_resource': target 'unique_resource' not declared in package 'vendor' defined by /data/h445xu/repo/bazel-repos/cloned_repos/maplibre__maplibre-native/vendor/BUILD.bazel; however, a source directory of this name exists.  (Perhaps add 'exports_files(["unique_resource"])' to vendor/BUILD, or define a filegroup?) and referenced by '//:mbgl-core'
ERROR: /data/h445xu/repo/bazel-repos/cloned_repos/maplibre__maplibre-native/BUILD.bazel:80:11: no such target '//vendor:unordered_dense': target 'unordered_dense' not declared in package 'vendor' defined by /data/h445xu/repo/bazel-repos/cloned_repos/maplibre__maplibre-native/vendor/BUILD.bazel; however, a source directory of this name exists.  (Perhaps add 'exports_files(["unordered_dense"])' to vendor/BUILD, or define a filegroup?) and referenced by '//:mbgl-core'
ERROR: /data/h445xu/repo/bazel-repos/cloned_repos/maplibre__maplibre-native/BUILD.bazel:80:11: no such target '//vendor:vector-tile': target 'vector-tile' not declared in package 'vendor' defined by /data/h445xu/repo/bazel-repos/cloned_repos/maplibre__maplibre-native/vendor/BUILD.bazel; however, a source directory of this name exists.  (Perhaps add 'exports_files(["vector-tile"])' to vendor/BUILD, or define a filegroup?) and referenced by '//:mbgl-core'
ERROR: /data/h445xu/repo/bazel-repos/cloned_repos/maplibre__maplibre-native/BUILD.bazel:80:11: no such target '//vendor:wagyu': target 'wagyu' not declared in package 'vendor' defined by /data/h445xu/repo/bazel-repos/cloned_repos/maplibre__maplibre-native/vendor/BUILD.bazel; however, a source directory of this name exists.  (Perhaps add 'exports_files(["wagyu"])' to vendor/BUILD, or define a filegroup?) and referenced by '//:mbgl-core'
ERROR: /data/h445xu/repo/bazel-repos/cloned_repos/maplibre__maplibre-native/BUILD.bazel:80:11: no such target '//vendor:icu': target 'icu' not declared in package 'vendor' defined by /data/h445xu/repo/bazel-repos/cloned_repos/maplibre__maplibre-native/vendor/BUILD.bazel; however, a source directory of this name exists.  (Perhaps add 'exports_files(["icu"])' to vendor/BUILD, or define a filegroup?) and referenced by '//:mbgl-core'
ERROR: /data/h445xu/repo/bazel-repos/cloned_repos/maplibre__maplibre-native/BUILD.bazel:80:11: no such target '//vendor:sqlite': target 'sqlite' not declared in package 'vendor' defined by /data/h445xu/repo/bazel-repos/cloned_repos/maplibre__maplibre-native/vendor/BUILD.bazel; however, a source directory of this name exists.  (Perhaps add 'exports_files(["sqlite"])' to vendor/BUILD, or define a filegroup?) and referenced by '//:mbgl-core'
ERROR: /data/h445xu/repo/bazel-repos/cloned_repos/maplibre__maplibre-native/BUILD.bazel:80:11: no such target '//vendor:metal-cpp': target 'metal-cpp' not declared in package 'vendor' defined by /data/h445xu/repo/bazel-repos/cloned_repos/maplibre__maplibre-native/vendor/BUILD.bazel; however, a source directory of this name exists.  (Perhaps add 'exports_files(["metal-cpp"])' to vendor/BUILD, or define a filegroup?) and referenced by '//:mbgl-core'
ERROR: /data/h445xu/repo/bazel-repos/cloned_repos/maplibre__maplibre-native/BUILD.bazel:80:11: no such target '//vendor:freetype': target 'freetype' not declared in package 'vendor' defined by /data/h445xu/repo/bazel-repos/cloned_repos/maplibre__maplibre-native/vendor/BUILD.bazel; however, a source directory of this name exists.  (Perhaps add 'exports_files(["freetype"])' to vendor/BUILD, or define a filegroup?) and referenced by '//:mbgl-core'
ERROR: /data/h445xu/repo/bazel-repos/cloned_repos/maplibre__maplibre-native/BUILD.bazel:80:11: no such target '//vendor:harfbuzz': target 'harfbuzz' not declared in package 'vendor' defined by /data/h445xu/repo/bazel-repos/cloned_repos/maplibre__maplibre-native/vendor/BUILD.bazel; however, a source directory of this name exists.  (Perhaps add 'exports_files(["harfbuzz"])' to vendor/BUILD, or define a filegroup?) and referenced by '//:mbgl-core'
ERROR: /data/h445xu/repo/bazel-repos/cloned_repos/maplibre__maplibre-native/BUILD.bazel:80:11: no such target '//vendor:csscolorparser': target 'csscolorparser' not declared in package 'vendor' defined by /data/h445xu/repo/bazel-repos/cloned_repos/maplibre__maplibre-native/vendor/BUILD.bazel; however, a source directory of this name exists.  (Perhaps add 'exports_files(["csscolorparser"])' to vendor/BUILD, or define a filegroup?) and referenced by '//:mbgl-core'
ERROR: /data/h445xu/repo/bazel-repos/cloned_repos/maplibre__maplibre-native/test/BUILD.bazel:13:11: no such target '//vendor:httplib': target 'httplib' not declared in package 'vendor' defined by /data/h445xu/repo/bazel-repos/cloned_repos/maplibre__maplibre-native/vendor/BUILD.bazel and referenced by '//test:testlib'
ERROR: /data/h445xu/repo/bazel-repos/cloned_repos/maplibre__maplibre-native/platform/default/BUILD.bazel:4:11: no such target '//vendor:nunicode': target 'nunicode' not declared in package 'vendor' defined by /data/h445xu/repo/bazel-repos/cloned_repos/maplibre__maplibre-native/vendor/BUILD.bazel; however, a source directory of this name exists.  (Perhaps add 'exports_files(["nunicode"])' to vendor/BUILD, or define a filegroup?) and referenced by '//platform/default:default-collator'
ERROR: /data/h445xu/repo/bazel-repos/cloned_repos/maplibre__maplibre-native/platform/default/BUILD.bazel:42:11: no such target '//vendor:sqlite': target 'sqlite' not declared in package 'vendor' defined by /data/h445xu/repo/bazel-repos/cloned_repos/maplibre__maplibre-native/vendor/BUILD.bazel; however, a source directory of this name exists.  (Perhaps add 'exports_files(["sqlite"])' to vendor/BUILD, or define a filegroup?) and referenced by '//platform/default:mbgl-default'
ERROR: /data/h445xu/repo/bazel-repos/cloned_repos/maplibre__maplibre-native/render-test/ios/BUILD.bazel:27:13: no such target '//vendor:zip-archive': target 'zip-archive' not declared in package 'vendor' defined by /data/h445xu/repo/bazel-repos/cloned_repos/maplibre__maplibre-native/vendor/BUILD.bazel; however, a source directory of this name exists.  (Perhaps add 'exports_files(["zip-archive"])' to vendor/BUILD, or define a filegroup?) and referenced by '//render-test/ios:render_test_ios_src'
ERROR: /data/h445xu/repo/bazel-repos/cloned_repos/maplibre__maplibre-native/test/BUILD.bazel:47:11: no such package 'vendor/googletest': BUILD file not found in any of the following directories. Add a BUILD file to a directory to mark it as a package.
 - vendor/googletest and referenced by '//test:tests'
ERROR: /data/h445xu/repo/bazel-repos/cloned_repos/maplibre__maplibre-native/render-test/BUILD.bazel:43:8: no such target '//vendor:maplibre-native-base': target 'maplibre-native-base' not declared in package 'vendor' defined by /data/h445xu/repo/bazel-repos/cloned_repos/maplibre__maplibre-native/vendor/BUILD.bazel; however, a source directory of this name exists.  (Perhaps add 'exports_files(["maplibre-native-base"])' to vendor/BUILD, or define a filegroup?) and referenced by '//render-test:render-test'
ERROR: /data/h445xu/repo/bazel-repos/cloned_repos/maplibre__maplibre-native/test/BUILD.bazel:4:11: no such package 'vendor/googletest': BUILD file not found in any of the following directories. Add a BUILD file to a directory to mark it as a package.
 - vendor/googletest and referenced by '//test:testutils'
ERROR: /data/h445xu/repo/bazel-repos/cloned_repos/maplibre__maplibre-native/platform/default/BUILD.bazel:4:11: no such target '//vendor:nunicode': target 'nunicode' not declared in package 'vendor' defined by /data/h445xu/repo/bazel-repos/cloned_repos/maplibre__maplibre-native/vendor/BUILD.bazel; however, a source directory of this name exists.  (Perhaps add 'exports_files(["nunicode"])' to vendor/BUILD, or define a filegroup?) and referenced by '//platform/default:default-collator'
ERROR: /data/h445xu/repo/bazel-repos/cloned_repos/maplibre__maplibre-native/render-test/BUILD.bazel:43:8: no such target '//vendor:maplibre-native-base': target 'maplibre-native-base' not declared in package 'vendor' defined by /data/h445xu/repo/bazel-repos/cloned_repos/maplibre__maplibre-native/vendor/BUILD.bazel; however, a source directory of this name exists.  (Perhaps add 'exports_files(["maplibre-native-base"])' to vendor/BUILD, or define a filegroup?) and referenced by '//render-test:render-test'
ERROR: /data/h445xu/repo/bazel-repos/cloned_repos/maplibre__maplibre-native/test/BUILD.bazel:13:11: no such target '//vendor:httplib': target 'httplib' not declared in package 'vendor' defined by /data/h445xu/repo/bazel-repos/cloned_repos/maplibre__maplibre-native/vendor/BUILD.bazel and referenced by '//test:testlib'
ERROR: /data/h445xu/repo/bazel-repos/cloned_repos/maplibre__maplibre-native/render-test/ios/BUILD.bazel:27:13: no such target '//vendor:zip-archive': target 'zip-archive' not declared in package 'vendor' defined by /data/h445xu/repo/bazel-repos/cloned_repos/maplibre__maplibre-native/vendor/BUILD.bazel; however, a source directory of this name exists.  (Perhaps add 'exports_files(["zip-archive"])' to vendor/BUILD, or define a filegroup?) and referenced by '//render-test/ios:render_test_ios_src'
ERROR: /data/h445xu/repo/bazel-repos/cloned_repos/maplibre__maplibre-native/test/BUILD.bazel:47:11: no such package 'vendor/googletest': BUILD file not found in any of the following directories. Add a BUILD file to a directory to mark it as a package.
 - vendor/googletest and referenced by '//test:tests'
ERROR: /data/h445xu/repo/bazel-repos/cloned_repos/maplibre__maplibre-native/platform/default/BUILD.bazel:42:11: no such target '//vendor:sqlite': target 'sqlite' not declared in package 'vendor' defined by /data/h445xu/repo/bazel-repos/cloned_repos/maplibre__maplibre-native/vendor/BUILD.bazel; however, a source directory of this name exists.  (Perhaps add 'exports_files(["sqlite"])' to vendor/BUILD, or define a filegroup?) and referenced by '//platform/default:mbgl-default'
ERROR: /data/h445xu/repo/bazel-repos/cloned_repos/maplibre__maplibre-native/BUILD.bazel:80:11: no such target '//vendor:csscolorparser': target 'csscolorparser' not declared in package 'vendor' defined by /data/h445xu/repo/bazel-repos/cloned_repos/maplibre__maplibre-native/vendor/BUILD.bazel; however, a source directory of this name exists.  (Perhaps add 'exports_files(["csscolorparser"])' to vendor/BUILD, or define a filegroup?) and referenced by '//:mbgl-core'
ERROR: /data/h445xu/repo/bazel-repos/cloned_repos/maplibre__maplibre-native/BUILD.bazel:80:11: no such target '//vendor:sqlite': target 'sqlite' not declared in package 'vendor' defined by /data/h445xu/repo/bazel-repos/cloned_repos/maplibre__maplibre-native/vendor/BUILD.bazel; however, a source directory of this name exists.  (Perhaps add 'exports_files(["sqlite"])' to vendor/BUILD, or define a filegroup?) and referenced by '//:mbgl-core'
ERROR: /data/h445xu/repo/bazel-repos/cloned_repos/maplibre__maplibre-native/BUILD.bazel:80:11: no such target '//vendor:wagyu': target 'wagyu' not declared in package 'vendor' defined by /data/h445xu/repo/bazel-repos/cloned_repos/maplibre__maplibre-native/vendor/BUILD.bazel; however, a source directory of this name exists.  (Perhaps add 'exports_files(["wagyu"])' to vendor/BUILD, or define a filegroup?) and referenced by '//:mbgl-core'
ERROR: /data/h445xu/repo/bazel-repos/cloned_repos/maplibre__maplibre-native/BUILD.bazel:80:11: no such target '//vendor:unique_resource': target 'unique_resource' not declared in package 'vendor' defined by /data/h445xu/repo/bazel-repos/cloned_repos/maplibre__maplibre-native/vendor/BUILD.bazel; however, a source directory of this name exists.  (Perhaps add 'exports_files(["unique_resource"])' to vendor/BUILD, or define a filegroup?) and referenced by '//:mbgl-core'
ERROR: /data/h445xu/repo/bazel-repos/cloned_repos/maplibre__maplibre-native/BUILD.bazel:80:11: no such target '//vendor:icu': target 'icu' not declared in package 'vendor' defined by /data/h445xu/repo/bazel-repos/cloned_repos/maplibre__maplibre-native/vendor/BUILD.bazel; however, a source directory of this name exists.  (Perhaps add 'exports_files(["icu"])' to vendor/BUILD, or define a filegroup?) and referenced by '//:mbgl-core'
ERROR: /data/h445xu/repo/bazel-repos/cloned_repos/maplibre__maplibre-native/BUILD.bazel:80:11: no such target '//vendor:polylabel': target 'polylabel' not declared in package 'vendor' defined by /data/h445xu/repo/bazel-repos/cloned_repos/maplibre__maplibre-native/vendor/BUILD.bazel; however, a source directory of this name exists.  (Perhaps add 'exports_files(["polylabel"])' to vendor/BUILD, or define a filegroup?) and referenced by '//:mbgl-core'
ERROR: /data/h445xu/repo/bazel-repos/cloned_repos/maplibre__maplibre-native/BUILD.bazel:80:11: no such target '//vendor:freetype': target 'freetype' not declared in package 'vendor' defined by /data/h445xu/repo/bazel-repos/cloned_repos/maplibre__maplibre-native/vendor/BUILD.bazel; however, a source directory of this name exists.  (Perhaps add 'exports_files(["freetype"])' to vendor/BUILD, or define a filegroup?) and referenced by '//:mbgl-core'
ERROR: /data/h445xu/repo/bazel-repos/cloned_repos/maplibre__maplibre-native/BUILD.bazel:80:11: no such target '//vendor:unordered_dense': target 'unordered_dense' not declared in package 'vendor' defined by /data/h445xu/repo/bazel-repos/cloned_repos/maplibre__maplibre-native/vendor/BUILD.bazel; however, a source directory of this name exists.  (Perhaps add 'exports_files(["unordered_dense"])' to vendor/BUILD, or define a filegroup?) and referenced by '//:mbgl-core'
ERROR: /data/h445xu/repo/bazel-repos/cloned_repos/maplibre__maplibre-native/BUILD.bazel:80:11: no such target '//vendor:icu': target 'icu' not declared in package 'vendor' defined by /data/h445xu/repo/bazel-repos/cloned_repos/maplibre__maplibre-native/vendor/BUILD.bazel; however, a source directory of this name exists.  (Perhaps add 'exports_files(["icu"])' to vendor/BUILD, or define a filegroup?) and referenced by '//:mbgl-core'
ERROR: /data/h445xu/repo/bazel-repos/cloned_repos/maplibre__maplibre-native/BUILD.bazel:80:11: no such target '//vendor:maplibre-native-base': target 'maplibre-native-base' not declared in package 'vendor' defined by /data/h445xu/repo/bazel-repos/cloned_repos/maplibre__maplibre-native/vendor/BUILD.bazel; however, a source directory of this name exists.  (Perhaps add 'exports_files(["maplibre-native-base"])' to vendor/BUILD, or define a filegroup?) and referenced by '//:mbgl-core'
ERROR: /data/h445xu/repo/bazel-repos/cloned_repos/maplibre__maplibre-native/BUILD.bazel:80:11: no such target '//vendor:metal-cpp': target 'metal-cpp' not declared in package 'vendor' defined by /data/h445xu/repo/bazel-repos/cloned_repos/maplibre__maplibre-native/vendor/BUILD.bazel; however, a source directory of this name exists.  (Perhaps add 'exports_files(["metal-cpp"])' to vendor/BUILD, or define a filegroup?) and referenced by '//:mbgl-core'
ERROR: /data/h445xu/repo/bazel-repos/cloned_repos/maplibre__maplibre-native/BUILD.bazel:80:11: no such target '//vendor:protozero': target 'protozero' not declared in package 'vendor' defined by /data/h445xu/repo/bazel-repos/cloned_repos/maplibre__maplibre-native/vendor/BUILD.bazel; however, a source directory of this name exists.  (Perhaps add 'exports_files(["protozero"])' to vendor/BUILD, or define a filegroup?) and referenced by '//:mbgl-core'
ERROR: /data/h445xu/repo/bazel-repos/cloned_repos/maplibre__maplibre-native/BUILD.bazel:80:11: no such target '//vendor:harfbuzz': target 'harfbuzz' not declared in package 'vendor' defined by /data/h445xu/repo/bazel-repos/cloned_repos/maplibre__maplibre-native/vendor/BUILD.bazel; however, a source directory of this name exists.  (Perhaps add 'exports_files(["harfbuzz"])' to vendor/BUILD, or define a filegroup?) and referenced by '//:mbgl-core'
ERROR: /data/h445xu/repo/bazel-repos/cloned_repos/maplibre__maplibre-native/BUILD.bazel:80:11: no such target '//vendor:pmtiles': target 'pmtiles' not declared in package 'vendor' defined by /data/h445xu/repo/bazel-repos/cloned_repos/maplibre__maplibre-native/vendor/BUILD.bazel and referenced by '//:mbgl-core'
ERROR: /data/h445xu/repo/bazel-repos/cloned_repos/maplibre__maplibre-native/BUILD.bazel:80:11: no such target '//vendor:eternal': target 'eternal' not declared in package 'vendor' defined by /data/h445xu/repo/bazel-repos/cloned_repos/maplibre__maplibre-native/vendor/BUILD.bazel; however, a source directory of this name exists.  (Perhaps add 'exports_files(["eternal"])' to vendor/BUILD, or define a filegroup?) and referenced by '//:mbgl-core'
ERROR: /data/h445xu/repo/bazel-repos/cloned_repos/maplibre__maplibre-native/BUILD.bazel:80:11: no such target '//vendor:vector-tile': target 'vector-tile' not declared in package 'vendor' defined by /data/h445xu/repo/bazel-repos/cloned_repos/maplibre__maplibre-native/vendor/BUILD.bazel; however, a source directory of this name exists.  (Perhaps add 'exports_files(["vector-tile"])' to vendor/BUILD, or define a filegroup?) and referenced by '//:mbgl-core'
ERROR: /data/h445xu/repo/bazel-repos/cloned_repos/maplibre__maplibre-native/BUILD.bazel:80:11: no such target '//vendor:parsedate': target 'parsedate' not declared in package 'vendor' defined by /data/h445xu/repo/bazel-repos/cloned_repos/maplibre__maplibre-native/vendor/BUILD.bazel; however, a source directory of this name exists.  (Perhaps add 'exports_files(["parsedate"])' to vendor/BUILD, or define a filegroup?) and referenced by '//:mbgl-core'
ERROR: /data/h445xu/repo/bazel-repos/cloned_repos/maplibre__maplibre-native/BUILD.bazel:80:11: no such target '//vendor:earcut.hpp': target 'earcut.hpp' not declared in package 'vendor' defined by /data/h445xu/repo/bazel-repos/cloned_repos/maplibre__maplibre-native/vendor/BUILD.bazel; however, a source directory of this name exists.  (Perhaps add 'exports_files(["earcut.hpp"])' to vendor/BUILD, or define a filegroup?) and referenced by '//:mbgl-core'
ERROR: /data/h445xu/repo/bazel-repos/cloned_repos/maplibre__maplibre-native/BUILD.bazel:80:11: no such target '//vendor:boost': target 'boost' not declared in package 'vendor' defined by /data/h445xu/repo/bazel-repos/cloned_repos/maplibre__maplibre-native/vendor/BUILD.bazel; however, a source directory of this name exists.  (Perhaps add 'exports_files(["boost"])' to vendor/BUILD, or define a filegroup?) and referenced by '//:mbgl-core'
ERROR: Evaluation of query "deps(//...)" failed: errors were encountered while computing transitive closure
WARNING: --keep_going specified, ignoring errors. Results may be inaccurate
Read 0 lines from bazel query output...
Read 1000 lines from bazel query output...
Read 2000 lines from bazel query output...
Read 3000 lines from bazel query output...
Read 4000 lines from bazel query output...
Read 5000 lines from bazel query output...
Read 6000 lines from bazel query output...
Read 7000 lines from bazel query output...
Read 8000 lines from bazel query output...
Read 9000 lines from bazel query output...
Read 10000 lines from bazel query output...
Read 11000 lines from bazel query output...
Read 12000 lines from bazel query output...
Read 13000 lines from bazel query output...
Read 14000 lines from bazel query output...
Read 15000 lines from bazel query output...
Loading: 693 packages loaded
Read 16000 lines from bazel query output...
Read 17000 lines from bazel query output...
Read 18000 lines from bazel query output...
Read 19000 lines from bazel query output...
Read 20000 lines from bazel query output...
Read 21000 lines from bazel query output...
Read 22000 lines from bazel query output...
Read 23000 lines from bazel query output...
Read 24000 lines from bazel query output...
Read 25000 lines from bazel query output...
Read 26000 lines from bazel query output...
Read 27000 lines from bazel query output...
Read 28000 lines from bazel query output...
Read 29000 lines from bazel query output...
Read 30000 lines from bazel query output...
Read 31000 lines from bazel query output...
Read 32000 lines from bazel query output...
Read 33000 lines from bazel query output...
Read 34000 lines from bazel query output...
Read 35000 lines from bazel query output...
Read 36000 lines from bazel query output...
Read 37000 lines from bazel query output...
Read 38000 lines from bazel query output...
Read 39000 lines from bazel query output...
Read 40000 lines from bazel query output...
Read 41000 lines from bazel query output...
Read 42000 lines from bazel query output...
Read 43000 lines from bazel query output...
Read 44000 lines from bazel query output...
Read 45000 lines from bazel query output...
Read 46000 lines from bazel query output...
Read 47000 lines from bazel query output...
Read 48000 lines from bazel query output...
Read 49000 lines from bazel query output...
Read 50000 lines from bazel query output...
Read 51000 lines from bazel query output...
Read 52000 lines from bazel query output...
Read 53000 lines from bazel query output...
Read 54000 lines from bazel query output...
Read 55000 lines from bazel query output...
Read 56000 lines from bazel query output...
Read 57000 lines from bazel query output...
Read 58000 lines from bazel query output...
Read 59000 lines from bazel query output...
Read 60000 lines from bazel query output...
Read 61000 lines from bazel query output...
Read 62000 lines from bazel query output...
Read 63000 lines from bazel query output...
Read 64000 lines from bazel query output...
Read 65000 lines from bazel query output...
Read 66000 lines from bazel query output...
Read 67000 lines from bazel query output...
Read 68000 lines from bazel query output...
Read 69000 lines from bazel query output...
Read 70000 lines from bazel query output...
Read 71000 lines from bazel query output...
Read 72000 lines from bazel query output...
Read 73000 lines from bazel query output...
Read 74000 lines from bazel query output...
Read 75000 lines from bazel query output...
Read 76000 lines from bazel query output...
Read 77000 lines from bazel query output...
Read 78000 lines from bazel query output...
Read 79000 lines from bazel query output...
Read 80000 lines from bazel query output...
Read 81000 lines from bazel query output...
Read 82000 lines from bazel query output...
Read 83000 lines from bazel query output...
Read 84000 lines from bazel query output...
Read 85000 lines from bazel query output...
Read 86000 lines from bazel query output...
Read 87000 lines from bazel query output...
Read 88000 lines from bazel query output...
Read 89000 lines from bazel query output...
Read 90000 lines from bazel query output...
Read 91000 lines from bazel query output...
Read 92000 lines from bazel query output...
Read 93000 lines from bazel query output...
Read 94000 lines from bazel query output...
Read 95000 lines from bazel query output...
Read 96000 lines from bazel query output...
Read 97000 lines from bazel query output...
Read 98000 lines from bazel query output...
Read 99000 lines from bazel query output...
Read 100000 lines from bazel query output...
Read 101000 lines from bazel query output...
Read 102000 lines from bazel query output...
Read 103000 lines from bazel query output...
Read 104000 lines from bazel query output...
Read 105000 lines from bazel query output...
Read 106000 lines from bazel query output...
Read 107000 lines from bazel query output...
Read 108000 lines from bazel query output...
Read 109000 lines from bazel query output...
Read 110000 lines from bazel query output...
Read 111000 lines from bazel query output...
Read 112000 lines from bazel query output...
Read 113000 lines from bazel query output...
Read 114000 lines from bazel query output...
Read 115000 lines from bazel query output...
Read 116000 lines from bazel query output...

thread 'main' panicked at depstat/src/main.rs:23:43:
called `Result::unwrap()` on an `Err` value: Custom("missing field `@name`")
note: run with `RUST_BACKTRACE=1` environment variable to display a backtrace
