Starting local Bazel server (8.3.1) and connecting to it...
 no actions running
Loading: 0 packages loaded
ERROR: /data/h445xu/repo/bazel-repos/cloned_repos/masc-ucsc__livehd/lgraph/BUILD:119:8: no such package '@@[unknown repo 'boost' requested from @@]//': The repository '@@[unknown repo 'boost' requested from @@]' could not be resolved: No repository visible as '@boost' from main repository. Was the repository introduced in WORKSPACE? The WORKSPACE file is disabled by default in Bazel 8 (late 2024) and will be removed in Bazel 9 (late 2025), please migrate to Bzlmod. See https://bazel.build/external/migration and referenced by '//lgraph:graph_core_test'
ERROR: /data/h445xu/repo/bazel-repos/cloned_repos/masc-ucsc__livehd/pass/lnast_fromlg/BUILD:22:8: no such package 'inou/yosys/tests': BUILD file not found in any of the following directories. Add a BUILD file to a directory to mark it as a package.
 - inou/yosys/tests and referenced by '//pass/lnast_fromlg:lgtoln_verif_from_verilog.sh'
ERROR: /data/h445xu/repo/bazel-repos/cloned_repos/masc-ucsc__livehd/inou/pyrope/BUILD:27:8: no such package 'inou/yosys/tests': BUILD file not found in any of the following directories. Add a BUILD file to a directory to mark it as a package.
 - inou/yosys/tests and referenced by '//inou/pyrope:pyrope_test.sh'
ERROR: /data/h445xu/repo/bazel-repos/cloned_repos/masc-ucsc__livehd/inou/code_gen/BUILD:22:8: no such target '//inou/pyrope:pyrope_tests2': target 'pyrope_tests2' not declared in package 'inou/pyrope' defined by /data/h445xu/repo/bazel-repos/cloned_repos/masc-ucsc__livehd/inou/pyrope/BUILD (did you mean pyrope_tests?) and referenced by '//inou/code_gen:prp_v_LEC_test.sh'
ERROR: /data/h445xu/repo/bazel-repos/cloned_repos/masc-ucsc__livehd/pass/sample/BUILD:22:8: no such package 'inou/yosys/tests': BUILD file not found in any of the following directories. Add a BUILD file to a directory to mark it as a package.
 - inou/yosys/tests and referenced by '//pass/sample:sample_test1.sh'
ERROR: /data/h445xu/repo/bazel-repos/cloned_repos/masc-ucsc__livehd/inou/liveparse/BUILD:33:8: no such package 'inou/yosys/tests': BUILD file not found in any of the following directories. Add a BUILD file to a directory to mark it as a package.
 - inou/yosys/tests and referenced by '//inou/liveparse:chunkify_test.sh'
ERROR: /data/h445xu/repo/bazel-repos/cloned_repos/masc-ucsc__livehd/inou/liveparse/BUILD:33:8: no such package 'inou/yosys/tests': BUILD file not found in any of the following directories. Add a BUILD file to a directory to mark it as a package.
 - inou/yosys/tests and referenced by '//inou/liveparse:chunkify_test.sh'
ERROR: /data/h445xu/repo/bazel-repos/cloned_repos/masc-ucsc__livehd/inou/code_gen/BUILD:22:8: no such target '//inou/pyrope:pyrope_tests2': target 'pyrope_tests2' not declared in package 'inou/pyrope' defined by /data/h445xu/repo/bazel-repos/cloned_repos/masc-ucsc__livehd/inou/pyrope/BUILD (did you mean pyrope_tests?) and referenced by '//inou/code_gen:prp_v_LEC_test.sh'
ERROR: /data/h445xu/repo/bazel-repos/cloned_repos/masc-ucsc__livehd/inou/pyrope/BUILD:27:8: no such package 'inou/yosys/tests': BUILD file not found in any of the following directories. Add a BUILD file to a directory to mark it as a package.
 - inou/yosys/tests and referenced by '//inou/pyrope:pyrope_test.sh'
ERROR: /data/h445xu/repo/bazel-repos/cloned_repos/masc-ucsc__livehd/lgraph/BUILD:119:8: no such package '@@[unknown repo 'boost' requested from @@]//': The repository '@@[unknown repo 'boost' requested from @@]' could not be resolved: No repository visible as '@boost' from main repository. Was the repository introduced in WORKSPACE? The WORKSPACE file is disabled by default in Bazel 8 (late 2024) and will be removed in Bazel 9 (late 2025), please migrate to Bzlmod. See https://bazel.build/external/migration and referenced by '//lgraph:graph_core_test'
ERROR: /data/h445xu/repo/bazel-repos/cloned_repos/masc-ucsc__livehd/pass/sample/BUILD:22:8: no such package 'inou/yosys/tests': BUILD file not found in any of the following directories. Add a BUILD file to a directory to mark it as a package.
 - inou/yosys/tests and referenced by '//pass/sample:sample_test1.sh'
ERROR: /data/h445xu/repo/bazel-repos/cloned_repos/masc-ucsc__livehd/pass/lnast_fromlg/BUILD:22:8: no such package 'inou/yosys/tests': BUILD file not found in any of the following directories. Add a BUILD file to a directory to mark it as a package.
 - inou/yosys/tests and referenced by '//pass/lnast_fromlg:lgtoln_verif_from_verilog.sh'
ERROR: Evaluation of query "deps(//...)" failed: errors were encountered while computing transitive closure
WARNING: --keep_going specified, ignoring errors. Results may be inaccurate
Read 0 lines from bazel query output...
Read 1000 lines from bazel query output...
Read 2000 lines from bazel query output...
Read 3000 lines from bazel query output...
Read 4000 lines from bazel query output...
Read 5000 lines from bazel query output...
Read 6000 lines from bazel query output...
Read 7000 lines from bazel query output...
Read 8000 lines from bazel query output...
Read 9000 lines from bazel query output...
Read 10000 lines from bazel query output...
Read 11000 lines from bazel query output...
Read 12000 lines from bazel query output...
Read 13000 lines from bazel query output...
Read 14000 lines from bazel query output...
Read 15000 lines from bazel query output...
Read 16000 lines from bazel query output...
Read 17000 lines from bazel query output...
Read 18000 lines from bazel query output...
Read 19000 lines from bazel query output...
Read 20000 lines from bazel query output...
Read 21000 lines from bazel query output...
Read 22000 lines from bazel query output...
Read 23000 lines from bazel query output...
Read 24000 lines from bazel query output...
Read 25000 lines from bazel query output...
Read 26000 lines from bazel query output...
Read 27000 lines from bazel query output...
Read 28000 lines from bazel query output...
Read 29000 lines from bazel query output...
Read 30000 lines from bazel query output...
Read 31000 lines from bazel query output...
Read 32000 lines from bazel query output...
Read 33000 lines from bazel query output...
Read 34000 lines from bazel query output...
Read 35000 lines from bazel query output...
Read 36000 lines from bazel query output...
Read 37000 lines from bazel query output...
Read 38000 lines from bazel query output...
Read 39000 lines from bazel query output...
Read 40000 lines from bazel query output...
Read 41000 lines from bazel query output...
Read 42000 lines from bazel query output...
Read 43000 lines from bazel query output...
Read 44000 lines from bazel query output...
Read 45000 lines from bazel query output...
Read 46000 lines from bazel query output...
Read 47000 lines from bazel query output...
Read 48000 lines from bazel query output...
Read 49000 lines from bazel query output...
Read 50000 lines from bazel query output...
Read 51000 lines from bazel query output...
Read 52000 lines from bazel query output...
Read 53000 lines from bazel query output...
Read 54000 lines from bazel query output...
Read 55000 lines from bazel query output...
Read 56000 lines from bazel query output...
Read 57000 lines from bazel query output...
Read 58000 lines from bazel query output...
Read 59000 lines from bazel query output...
Read 60000 lines from bazel query output...
Read 61000 lines from bazel query output...
Read 62000 lines from bazel query output...
Read 63000 lines from bazel query output...
Read 64000 lines from bazel query output...
Read 65000 lines from bazel query output...
Read 66000 lines from bazel query output...
Read 67000 lines from bazel query output...
Read 68000 lines from bazel query output...
Read 69000 lines from bazel query output...
Read 70000 lines from bazel query output...
Read 71000 lines from bazel query output...
Read 72000 lines from bazel query output...
Read 73000 lines from bazel query output...
Read 74000 lines from bazel query output...
