Starting local Bazel server (8.3.1) and connecting to it...
WARNING: --enable_bzlmod is set, but no MODULE.bazel file was found at the workspace root. Bazel will create an empty MODULE.bazel file. Please consider migrating your external dependencies from WORKSPACE to MODULE.bazel. For more details, please refer to https://github.com/bazelbuild/bazel/issues/18958.
 no actions running
 no actions running
 no actions running
Loading: 0 packages loaded
ERROR: error loading package 'packages/testing-utils': Unable to find package for @@[unknown repo 'build_bazel_rules_typescript' requested from @@]//:defs.bzl: The repository '@@[unknown repo 'build_bazel_rules_typescript' requested from @@]' could not be resolved: No repository visible as '@build_bazel_rules_typescript' from main repository. Was the repository introduced in WORKSPACE? The WORKSPACE file is disabled by default in Bazel 8 (late 2024) and will be removed in Bazel 9 (late 2025), please migrate to Bzlmod. See https://bazel.build/external/migration.
ERROR: error loading package 'packages/core': Unable to find package for @@[unknown repo 'build_bazel_rules_typescript' requested from @@]//:defs.bzl: The repository '@@[unknown repo 'build_bazel_rules_typescript' requested from @@]' could not be resolved: No repository visible as '@build_bazel_rules_typescript' from main repository. Was the repository introduced in WORKSPACE? The WORKSPACE file is disabled by default in Bazel 8 (late 2024) and will be removed in Bazel 9 (late 2025), please migrate to Bzlmod. See https://bazel.build/external/migration.
ERROR: Traceback (most recent call last):
	File "/data/h445xu/repo/bazel-repos/cloned_repos/material-motion__material-motion-js/BUILD", line 10, column 14, in <toplevel>
		srcs = glob([
Error in glob: glob pattern 'node_modules/**' didn't match anything, but allow_empty is set to False (the default value of allow_empty can be set with --incompatible_disallow_empty_glob).
ERROR: package contains errors: 
ERROR: package contains errors: : Traceback (most recent call last):
	File "/data/h445xu/repo/bazel-repos/cloned_repos/material-motion__material-motion-js/BUILD", line 10, column 14, in <toplevel>
		srcs = glob([
Error in glob: glob pattern 'node_modules/**' didn't match anything, but allow_empty is set to False (the default value of allow_empty can be set with --incompatible_disallow_empty_glob).
WARNING: --keep_going specified, ignoring errors. Results may be inaccurate
Read 0 lines from bazel query output...
INFO: Empty results

thread 'main' panicked at depstat/src/main.rs:23:43:
called `Result::unwrap()` on an `Err` value: Custom("missing field `$value`")
note: run with `RUST_BACKTRACE=1` environment variable to display a backtrace
