Starting local Bazel server and connecting to it...
 checking cached actions
 checking cached actions
Loading: 0 packages loaded
ERROR: /data/h445xu/.cache/bazel/_bazel_hongxu/1971b3092212d993a832046597e53978/external/com_google_googletest/BUILD.bazel:80:11: no such package '@com_google_absl//absl/debugging': The repository '@com_google_absl' could not be resolved: Repository '@com_google_absl' is not defined and referenced by '@com_google_googletest//:gtest'
ERROR: /data/h445xu/.cache/bazel/_bazel_hongxu/1971b3092212d993a832046597e53978/external/com_google_googletest/BUILD.bazel:80:11: no such package '@com_google_absl//absl/flags': The repository '@com_google_absl' could not be resolved: Repository '@com_google_absl' is not defined and referenced by '@com_google_googletest//:gtest'
ERROR: /data/h445xu/.cache/bazel/_bazel_hongxu/1971b3092212d993a832046597e53978/external/com_google_googletest/BUILD.bazel:80:11: no such package '@com_google_absl//absl/strings': The repository '@com_google_absl' could not be resolved: Repository '@com_google_absl' is not defined and referenced by '@com_google_googletest//:gtest'
ERROR: /data/h445xu/.cache/bazel/_bazel_hongxu/1971b3092212d993a832046597e53978/external/com_google_googletest/BUILD.bazel:80:11: no such package '@com_google_absl//absl/types': The repository '@com_google_absl' could not be resolved: Repository '@com_google_absl' is not defined and referenced by '@com_google_googletest//:gtest'
ERROR: /data/h445xu/.cache/bazel/_bazel_hongxu/1971b3092212d993a832046597e53978/external/com_google_googletest/BUILD.bazel:80:11: no such package '@com_googlesource_code_re2//': The repository '@com_googlesource_code_re2' could not be resolved: Repository '@com_googlesource_code_re2' is not defined and referenced by '@com_google_googletest//:gtest'
Loading: 20 packages loaded
Loading: 20 packages loaded
Loading: 20 packages loaded
Loading: 20 packages loaded
ERROR: /data/h445xu/.cache/bazel/_bazel_hongxu/1971b3092212d993a832046597e53978/external/com_google_googletest/BUILD.bazel:80:11: no such package '@com_google_absl//absl/flags': The repository '@com_google_absl' could not be resolved: Repository '@com_google_absl' is not defined and referenced by '@com_google_googletest//:gtest'
ERROR: /data/h445xu/.cache/bazel/_bazel_hongxu/1971b3092212d993a832046597e53978/external/com_google_googletest/BUILD.bazel:80:11: no such package '@com_google_absl//absl/types': The repository '@com_google_absl' could not be resolved: Repository '@com_google_absl' is not defined and referenced by '@com_google_googletest//:gtest'
ERROR: /data/h445xu/.cache/bazel/_bazel_hongxu/1971b3092212d993a832046597e53978/external/com_google_googletest/BUILD.bazel:80:11: no such package '@com_google_absl//absl/types': The repository '@com_google_absl' could not be resolved: Repository '@com_google_absl' is not defined and referenced by '@com_google_googletest//:gtest'
ERROR: /data/h445xu/.cache/bazel/_bazel_hongxu/1971b3092212d993a832046597e53978/external/com_google_googletest/BUILD.bazel:80:11: no such package '@com_google_absl//absl/types': The repository '@com_google_absl' could not be resolved: Repository '@com_google_absl' is not defined and referenced by '@com_google_googletest//:gtest'
ERROR: /data/h445xu/.cache/bazel/_bazel_hongxu/1971b3092212d993a832046597e53978/external/com_google_googletest/BUILD.bazel:80:11: no such package '@com_google_absl//absl/strings': The repository '@com_google_absl' could not be resolved: Repository '@com_google_absl' is not defined and referenced by '@com_google_googletest//:gtest'
ERROR: /data/h445xu/.cache/bazel/_bazel_hongxu/1971b3092212d993a832046597e53978/external/com_google_googletest/BUILD.bazel:80:11: no such package '@com_googlesource_code_re2//': The repository '@com_googlesource_code_re2' could not be resolved: Repository '@com_googlesource_code_re2' is not defined and referenced by '@com_google_googletest//:gtest'
ERROR: /data/h445xu/.cache/bazel/_bazel_hongxu/1971b3092212d993a832046597e53978/external/com_google_googletest/BUILD.bazel:80:11: no such package '@com_google_absl//absl/flags': The repository '@com_google_absl' could not be resolved: Repository '@com_google_absl' is not defined and referenced by '@com_google_googletest//:gtest'
ERROR: /data/h445xu/.cache/bazel/_bazel_hongxu/1971b3092212d993a832046597e53978/external/com_google_googletest/BUILD.bazel:80:11: no such package '@com_google_absl//absl/debugging': The repository '@com_google_absl' could not be resolved: Repository '@com_google_absl' is not defined and referenced by '@com_google_googletest//:gtest'
ERROR: /data/h445xu/.cache/bazel/_bazel_hongxu/1971b3092212d993a832046597e53978/external/com_google_googletest/BUILD.bazel:80:11: no such package '@com_google_absl//absl/flags': The repository '@com_google_absl' could not be resolved: Repository '@com_google_absl' is not defined and referenced by '@com_google_googletest//:gtest'
ERROR: /data/h445xu/.cache/bazel/_bazel_hongxu/1971b3092212d993a832046597e53978/external/com_google_googletest/BUILD.bazel:80:11: no such package '@com_google_absl//absl/debugging': The repository '@com_google_absl' could not be resolved: Repository '@com_google_absl' is not defined and referenced by '@com_google_googletest//:gtest'
ERROR: /data/h445xu/.cache/bazel/_bazel_hongxu/1971b3092212d993a832046597e53978/external/com_google_googletest/BUILD.bazel:80:11: no such package '@com_google_absl//absl/flags': The repository '@com_google_absl' could not be resolved: Repository '@com_google_absl' is not defined and referenced by '@com_google_googletest//:gtest'
ERROR: /data/h445xu/.cache/bazel/_bazel_hongxu/1971b3092212d993a832046597e53978/external/com_google_googletest/BUILD.bazel:80:11: no such package '@com_google_absl//absl/debugging': The repository '@com_google_absl' could not be resolved: Repository '@com_google_absl' is not defined and referenced by '@com_google_googletest//:gtest'
ERROR: Evaluation of query "deps(//...)" failed: errors were encountered while computing transitive closure
WARNING: --keep_going specified, ignoring errors. Results may be inaccurate
Read 0 lines from bazel query output...
Read 1000 lines from bazel query output...
Read 2000 lines from bazel query output...
Read 3000 lines from bazel query output...
Read 4000 lines from bazel query output...
Read 5000 lines from bazel query output...
Read 6000 lines from bazel query output...
Read 7000 lines from bazel query output...
Read 8000 lines from bazel query output...
Read 9000 lines from bazel query output...
Read 10000 lines from bazel query output...
Read 11000 lines from bazel query output...
Read 12000 lines from bazel query output...
Read 13000 lines from bazel query output...
Read 14000 lines from bazel query output...
Read 15000 lines from bazel query output...
Read 16000 lines from bazel query output...
Read 17000 lines from bazel query output...
Read 18000 lines from bazel query output...
Loading: 22 packages loaded
