2025/08/08 19:52:22 Downloading https://mdb-build-public.s3.amazonaws.com/bazel_binary_waterfall_builds/9ea3a8ad9ffc29090d93780658c3ec19e75d9f17/7.5.0-mongo_9ea3a8ad9f/bazel-7.5.0-mongo_9ea3a8ad9f-linux-x86_64...
python prereq missing, using bazel to install python...
Extracting Bazel installation...
Starting local Bazel server and connecting to it...
INFO: Invocation ID: 446a1dae-8390-43f9-abbc-fbb3105dbc4d
Computing main repo mapping: 
ERROR: Failed to query remote execution capabilities: PERMISSION_DENIED: Failed to verify the TLS certificate.
Computing main repo mapping: 
Computing main repo mapping: 
Computing main repo mapping: 
WARNING: Remote Cache: PERMISSION_DENIED: Failed to verify the TLS certificate.
Computing main repo mapping: 
Computing main repo mapping: 
Computing main repo mapping: 
DEBUG: /data/h445xu/repo/bazel-repos/cloned_repos/mongodb__mongo/bazel/platforms/local_config_platform.bzl:41:10: Trying to find toolchain for ubuntu22_amd64
DEBUG: /data/h445xu/repo/bazel-repos/cloned_repos/mongodb__mongo/bazel/platforms/local_config_platform.bzl:58:14: Local host platform is configured to use this container if doing remote execution: https://quay.io/repository/mongodb/bazel-remote-execution/manifest/sha256:c1e4291aa0a1054e5c119a6c6a2ac3b43b2903e2f2c68d30148da7b57691ee9d built from bazel/remote_execution_container/ubuntu22/Dockerfile
DEBUG: Rule '_main~_repo_rules~internal_platforms_do_not_use' indicated that a canonical reproducible form can be obtained by modifying arguments DISTRO = "ubuntu22" and dropping ["name"]
DEBUG: Repository _main~_repo_rules~internal_platforms_do_not_use instantiated at:
  <builtin>: in <toplevel>
Repository rule setup_local_config_platform defined at:
  /data/h445xu/repo/bazel-repos/cloned_repos/mongodb__mongo/bazel/platforms/local_config_platform.bzl:109:46: in <toplevel>
Loading: 
Loading: 2 packages loaded
Loading: 2 packages loaded
Loading: 2 packages loaded
Analyzing: 4 targets (3 packages loaded, 0 targets configured)
Analyzing: 4 targets (3 packages loaded, 0 targets configured)

Analyzing: 4 targets (10 packages loaded, 2341 targets configured)
[1 / 1] no actions running
INFO: Analyzed 4 targets (10 packages loaded, 2341 targets configured).
INFO: Found 4 targets...
INFO: Elapsed time: 18.773s, Critical Path: 0.08s
INFO: 1 process: 1 internal.
INFO: Build completed successfully, 1 total action
INFO: Invocation ID: d281d858-3285-4850-8f45-9a1123873f67
ERROR: Failed to query remote execution capabilities: PERMISSION_DENIED: Failed to verify the TLS certificate.
Computing main repo mapping: 
Loading: 
Loading: 0 packages loaded
Loading: 0 packages loaded
Loading: 0 packages loaded
DEBUG: /data/h445xu/.cache/bazel/_bazel_hongxu/dc7df5f758264e4d6042f69cb45b36d0/external/rules_poetry~/rules_poetry/poetry.bzl:228:18: Skipping rapidyaml
Analyzing: 5 targets (1 packages loaded)
Analyzing: 5 targets (1 packages loaded, 0 targets configured)
Analyzing: 5 targets (1 packages loaded, 0 targets configured)

WARNING: Remote Cache: PERMISSION_DENIED: Failed to verify the TLS certificate.
DEBUG: /data/h445xu/repo/bazel-repos/cloned_repos/mongodb__mongo/bazel/toolchains/cc/mongo_linux/mongo_toolchain.bzl:24:14: downloading ubuntu22_x86_64 mongo toolchain https://s3.amazonaws.com/boxes.10gen.com/build/toolchain/bazel_v5_toolchain-ubuntu2204-868b3c714c67f4f245623d2f772d0fac95d936a2.tar.gz
Analyzing: 5 targets (84 packages loaded, 1 target configured)

Analyzing: 5 targets (93 packages loaded, 1 target configured)

Analyzing: 5 targets (94 packages loaded, 1 target configured)

Analyzing: 5 targets (97 packages loaded, 1 target configured)

Analyzing: 5 targets (98 packages loaded, 1 target configured)

Analyzing: 5 targets (99 packages loaded, 1 target configured)

Analyzing: 5 targets (99 packages loaded, 1 target configured)

Analyzing: 5 targets (99 packages loaded, 1 target configured)

Analyzing: 5 targets (99 packages loaded, 1 target configured)

Analyzing: 5 targets (99 packages loaded, 1 target configured)

Analyzing: 5 targets (99 packages loaded, 1 target configured)

Analyzing: 5 targets (99 packages loaded, 1 target configured)

Analyzing: 5 targets (99 packages loaded, 1 target configured)

Analyzing: 5 targets (99 packages loaded, 1 target configured)

Analyzing: 5 targets (99 packages loaded, 1 target configured)

Analyzing: 5 targets (99 packages loaded, 1 target configured)

Analyzing: 5 targets (99 packages loaded, 1 target configured)

Analyzing: 5 targets (99 packages loaded, 1 target configured)

Analyzing: 5 targets (99 packages loaded, 1 target configured)

Analyzing: 5 targets (99 packages loaded, 1 target configured)

Analyzing: 5 targets (99 packages loaded, 1 target configured)

Analyzing: 5 targets (99 packages loaded, 1 target configured)

Analyzing: 5 targets (99 packages loaded, 1 target configured)

Analyzing: 5 targets (99 packages loaded, 1 target configured)

Analyzing: 5 targets (99 packages loaded, 1 target configured)

Analyzing: 5 targets (99 packages loaded, 1 target configured)

Analyzing: 5 targets (99 packages loaded, 1 target configured)

Analyzing: 5 targets (99 packages loaded, 1 target configured)

Analyzing: 5 targets (99 packages loaded, 1 target configured)

Analyzing: 5 targets (99 packages loaded, 1 target configured)

Analyzing: 5 targets (99 packages loaded, 1 target configured)

Analyzing: 5 targets (99 packages loaded, 1 target configured)

Analyzing: 5 targets (99 packages loaded, 1 target configured)

Analyzing: 5 targets (99 packages loaded, 1 target configured)

Analyzing: 5 targets (99 packages loaded, 1 target configured)

Analyzing: 5 targets (99 packages loaded, 1 target configured)

Analyzing: 5 targets (99 packages loaded, 1 target configured)

DEBUG: /data/h445xu/repo/bazel-repos/cloned_repos/mongodb__mongo/bazel/toolchains/cc/mongo_linux/mongo_toolchain.bzl:33:18: Downloading mold from https://github.com/rui314/mold/releases/download/v2.37.1/mold-2.37.1-x86_64-linux.tar.gz.
Analyzing: 5 targets (99 packages loaded, 1 target configured)

Analyzing: 5 targets (100 packages loaded, 3 targets configured)

Analyzing: 5 targets (111 packages loaded, 583 targets configured)

INFO: Analyzed 5 targets (111 packages loaded, 583 targets configured).
[16 / 46] [Prepa] Collecting py wheel from pypi ... (15 actions, 0 running)
ERROR: /data/h445xu/.cache/bazel/_bazel_hongxu/dc7df5f758264e4d6042f69cb45b36d0/external/poetry/BUILD:1863:15: Collecting jmespath wheel from pypi failed: (Exit 34): PERMISSION_DENIED: Failed to verify the TLS certificate.
ERROR: /data/h445xu/.cache/bazel/_bazel_hongxu/dc7df5f758264e4d6042f69cb45b36d0/external/poetry/BUILD:5321:15: Collecting urllib3 wheel from pypi failed: (Exit 34): PERMISSION_DENIED: Failed to verify the TLS certificate.
ERROR: /data/h445xu/.cache/bazel/_bazel_hongxu/dc7df5f758264e4d6042f69cb45b36d0/external/poetry/BUILD:745:15: Collecting decorator wheel from pypi failed: (Exit 34): PERMISSION_DENIED: Failed to verify the TLS certificate.
ERROR: /data/h445xu/.cache/bazel/_bazel_hongxu/dc7df5f758264e4d6042f69cb45b36d0/external/poetry/BUILD:3995:15: Collecting s3transfer wheel from pypi failed: (Exit 34): PERMISSION_DENIED: Failed to verify the TLS certificate.
ERROR: /data/h445xu/.cache/bazel/_bazel_hongxu/dc7df5f758264e4d6042f69cb45b36d0/external/poetry/BUILD:4203:15: Collecting smmap wheel from pypi failed: (Exit 34): PERMISSION_DENIED: Failed to verify the TLS certificate.
ERROR: /data/h445xu/.cache/bazel/_bazel_hongxu/dc7df5f758264e4d6042f69cb45b36d0/external/poetry/BUILD:1369:15: Collecting gitdb wheel from pypi failed: (Exit 34): PERMISSION_DENIED: Failed to verify the TLS certificate.
ERROR: /data/h445xu/.cache/bazel/_bazel_hongxu/dc7df5f758264e4d6042f69cb45b36d0/external/poetry/BUILD:4411:15: Collecting timeout-decorator wheel from pypi failed: (Exit 34): PERMISSION_DENIED: Failed to verify the TLS certificate.
ERROR: /data/h445xu/.cache/bazel/_bazel_hongxu/dc7df5f758264e4d6042f69cb45b36d0/external/poetry/BUILD:251:15: Collecting botocore wheel from pypi failed: (Exit 34): PERMISSION_DENIED: Failed to verify the TLS certificate.
ERROR: /data/h445xu/.cache/bazel/_bazel_hongxu/dc7df5f758264e4d6042f69cb45b36d0/external/poetry/BUILD:3501:15: Collecting pysocks wheel from pypi failed: (Exit 34): PERMISSION_DENIED: Failed to verify the TLS certificate.
ERROR: /data/h445xu/.cache/bazel/_bazel_hongxu/dc7df5f758264e4d6042f69cb45b36d0/external/poetry/BUILD:1395:15: Collecting gitpython wheel from pypi failed: (Exit 34): PERMISSION_DENIED: Failed to verify the TLS certificate.
ERROR: /data/h445xu/.cache/bazel/_bazel_hongxu/dc7df5f758264e4d6042f69cb45b36d0/external/poetry/BUILD:3527:15: Collecting python-dateutil wheel from pypi failed: (Exit 34): PERMISSION_DENIED: Failed to verify the TLS certificate.
ERROR: /data/h445xu/.cache/bazel/_bazel_hongxu/dc7df5f758264e4d6042f69cb45b36d0/external/poetry/BUILD:3059:15: Collecting py wheel from pypi failed: (Exit 34): PERMISSION_DENIED: Failed to verify the TLS certificate.
ERROR: /data/h445xu/.cache/bazel/_bazel_hongxu/dc7df5f758264e4d6042f69cb45b36d0/external/poetry/BUILD:225:15: Collecting boto3 wheel from pypi failed: (Exit 34): PERMISSION_DENIED: Failed to verify the TLS certificate.
ERROR: /data/h445xu/.cache/bazel/_bazel_hongxu/dc7df5f758264e4d6042f69cb45b36d0/external/poetry/BUILD:4177:15: Collecting six wheel from pypi failed: (Exit 34): PERMISSION_DENIED: Failed to verify the TLS certificate.
ERROR: /data/h445xu/.cache/bazel/_bazel_hongxu/dc7df5f758264e4d6042f69cb45b36d0/external/poetry/BUILD:3891:15: Collecting retry wheel from pypi failed: (Exit 34): PERMISSION_DENIED: Failed to verify the TLS certificate.
Use --verbose_failures to see the command lines of failed build steps.
INFO: Elapsed time: 60.130s, Critical Path: 0.53s
INFO: 39 processes: 39 internal.
ERROR: Build did NOT complete successfully
Failed to install modules using remote exec/cache, falling back to local...
Computing main repo mapping: 
Loading: 
Loading: 0 packages loaded
Analyzing: 5 targets (0 packages loaded, 0 targets configured)
Analyzing: 5 targets (0 packages loaded, 0 targets configured)

INFO: Analyzed 5 targets (0 packages loaded, 0 targets configured).
[20 / 58] Collecting python-dateutil wheel from pypi; 1s linux-sandbox ... (19 actions running)
[21 / 58] Collecting python-dateutil wheel from pypi; 3s linux-sandbox ... (19 actions, 18 running)
[36 / 58] Collecting boto3 wheel from pypi; 5s linux-sandbox ... (19 actions running)
[37 / 58] Collecting botocore wheel from pypi; 6s linux-sandbox ... (19 actions running)
[48 / 58] Collecting timeout-decorator wheel from pypi; 7s linux-sandbox ... (9 actions running)
[55 / 58] Collecting timeout-decorator wheel from pypi; 9s linux-sandbox ... (2 actions running)
[56 / 58] Collecting timeout-decorator wheel from pypi; 11s linux-sandbox
[57 / 58] [Prepa] Installing timeout-decorator wheel
[57 / 58] Installing timeout-decorator wheel; 1s linux-sandbox
INFO: Found 5 targets...
INFO: Elapsed time: 17.880s, Critical Path: 16.41s
INFO: 39 processes: 1 internal, 38 linux-sandbox.
INFO: Build completed successfully, 39 total actions
src/mongo/db/modules/enterprise missing, defaulting to local non-enterprise build (--config=local --build_enterprise=False). Add the directory to not automatically add these options.
ERROR: --build_enterprise=False :: Unrecognized option: --build_enterprise=False
INFO: Invocation ID: 4d63918d-0315-4750-92fb-c2cade1599be
INFO: Streaming build results to: https://sodalite.cluster.engflow.com/invocation/4d63918d-0315-4750-92fb-c2cade1599be

thread 'main' panicked at depstat/src/main.rs:23:43:
called `Result::unwrap()` on an `Err` value: UnexpectedEof
note: run with `RUST_BACKTRACE=1` environment variable to display a backtrace
