Starting local Bazel server (8.3.1) and connecting to it...
WARNING: --enable_bzlmod is set, but no MODULE.bazel file was found at the workspace root. Bazel will create an empty MODULE.bazel file. Please consider migrating your external dependencies from WORKSPACE to MODULE.bazel. For more details, please refer to https://github.com/bazelbuild/bazel/issues/18958.
 no actions running
 no actions running
 no actions running
 no actions running
Loading: 0 packages loaded
ERROR: Traceback (most recent call last):
	File "/data/h445xu/repo/bazel-repos/cloned_repos/oscarhiggott__PyMatching/BUILD", line 57, column 16, in <toplevel>
		data = glob(["testdata/**"]),
Error in glob: glob pattern 'testdata/**' didn't match anything, but allow_empty is set to False (the default value of allow_empty can be set with --incompatible_disallow_empty_glob).
ERROR: package contains errors: 
ERROR: package contains errors: : Traceback (most recent call last):
	File "/data/h445xu/repo/bazel-repos/cloned_repos/oscarhiggott__PyMatching/BUILD", line 57, column 16, in <toplevel>
		data = glob(["testdata/**"]),
Error in glob: glob pattern 'testdata/**' didn't match anything, but allow_empty is set to False (the default value of allow_empty can be set with --incompatible_disallow_empty_glob).
ERROR: /data/h445xu/repo/bazel-repos/cloned_repos/oscarhiggott__PyMatching/BUILD:39:11: Target '//:src/pymatching/fill_match.h' contains an error and its package is in error and referenced by '//:libpymatching'
ERROR: /data/h445xu/repo/bazel-repos/cloned_repos/oscarhiggott__PyMatching/BUILD:27:10: Target '//:src/pymatching/fill_match.h' contains an error and its package is in error and referenced by '//:pymatching'
ERROR: /data/h445xu/repo/bazel-repos/cloned_repos/oscarhiggott__PyMatching/BUILD:39:11: Target '//:src/pymatching/rand/rand_gen.cc' contains an error and its package is in error and referenced by '//:libpymatching'
ERROR: /data/h445xu/repo/bazel-repos/cloned_repos/oscarhiggott__PyMatching/BUILD:27:10: Target '//:src/pymatching/rand/rand_gen.cc' contains an error and its package is in error and referenced by '//:pymatching'
ERROR: /data/h445xu/repo/bazel-repos/cloned_repos/oscarhiggott__PyMatching/BUILD:39:11: Target '//:src/pymatching/rand/rand_gen.h' contains an error and its package is in error and referenced by '//:libpymatching'
ERROR: /data/h445xu/repo/bazel-repos/cloned_repos/oscarhiggott__PyMatching/BUILD:27:10: Target '//:src/pymatching/rand/rand_gen.h' contains an error and its package is in error and referenced by '//:pymatching'
ERROR: /data/h445xu/repo/bazel-repos/cloned_repos/oscarhiggott__PyMatching/BUILD:39:11: Target '//:src/pymatching/sparse_blossom/arena.h' contains an error and its package is in error and referenced by '//:libpymatching'
ERROR: /data/h445xu/repo/bazel-repos/cloned_repos/oscarhiggott__PyMatching/BUILD:27:10: Target '//:src/pymatching/sparse_blossom/arena.h' contains an error and its package is in error and referenced by '//:pymatching'
ERROR: /data/h445xu/repo/bazel-repos/cloned_repos/oscarhiggott__PyMatching/BUILD:39:11: Target '//:src/pymatching/sparse_blossom/diagram/animation_main.cc' contains an error and its package is in error and referenced by '//:libpymatching'
ERROR: /data/h445xu/repo/bazel-repos/cloned_repos/oscarhiggott__PyMatching/BUILD:27:10: Target '//:src/pymatching/sparse_blossom/diagram/animation_main.cc' contains an error and its package is in error and referenced by '//:pymatching'
ERROR: /data/h445xu/repo/bazel-repos/cloned_repos/oscarhiggott__PyMatching/BUILD:27:10: Target '//:src/pymatching/sparse_blossom/diagram/animation_main.h' contains an error and its package is in error and referenced by '//:pymatching'
ERROR: /data/h445xu/repo/bazel-repos/cloned_repos/oscarhiggott__PyMatching/BUILD:39:11: Target '//:src/pymatching/sparse_blossom/diagram/animation_main.h' contains an error and its package is in error and referenced by '//:libpymatching'
ERROR: /data/h445xu/repo/bazel-repos/cloned_repos/oscarhiggott__PyMatching/BUILD:27:10: Target '//:src/pymatching/sparse_blossom/diagram/mwpm_diagram.cc' contains an error and its package is in error and referenced by '//:pymatching'
ERROR: /data/h445xu/repo/bazel-repos/cloned_repos/oscarhiggott__PyMatching/BUILD:39:11: Target '//:src/pymatching/sparse_blossom/diagram/mwpm_diagram.cc' contains an error and its package is in error and referenced by '//:libpymatching'
ERROR: /data/h445xu/repo/bazel-repos/cloned_repos/oscarhiggott__PyMatching/BUILD:27:10: Target '//:src/pymatching/sparse_blossom/diagram/mwpm_diagram.h' contains an error and its package is in error and referenced by '//:pymatching'
ERROR: /data/h445xu/repo/bazel-repos/cloned_repos/oscarhiggott__PyMatching/BUILD:39:11: Target '//:src/pymatching/sparse_blossom/diagram/mwpm_diagram.h' contains an error and its package is in error and referenced by '//:libpymatching'
ERROR: /data/h445xu/repo/bazel-repos/cloned_repos/oscarhiggott__PyMatching/BUILD:27:10: Target '//:src/pymatching/sparse_blossom/driver/io.cc' contains an error and its package is in error and referenced by '//:pymatching'
ERROR: /data/h445xu/repo/bazel-repos/cloned_repos/oscarhiggott__PyMatching/BUILD:39:11: Target '//:src/pymatching/sparse_blossom/driver/io.cc' contains an error and its package is in error and referenced by '//:libpymatching'
ERROR: /data/h445xu/repo/bazel-repos/cloned_repos/oscarhiggott__PyMatching/BUILD:27:10: Target '//:src/pymatching/sparse_blossom/driver/io.h' contains an error and its package is in error and referenced by '//:pymatching'
ERROR: /data/h445xu/repo/bazel-repos/cloned_repos/oscarhiggott__PyMatching/BUILD:39:11: Target '//:src/pymatching/sparse_blossom/driver/io.h' contains an error and its package is in error and referenced by '//:libpymatching'
ERROR: /data/h445xu/repo/bazel-repos/cloned_repos/oscarhiggott__PyMatching/BUILD:27:10: Target '//:src/pymatching/sparse_blossom/driver/mwpm_decoding.cc' contains an error and its package is in error and referenced by '//:pymatching'
ERROR: /data/h445xu/repo/bazel-repos/cloned_repos/oscarhiggott__PyMatching/BUILD:27:10: Target '//:src/pymatching/sparse_blossom/driver/mwpm_decoding.h' contains an error and its package is in error and referenced by '//:pymatching'
ERROR: /data/h445xu/repo/bazel-repos/cloned_repos/oscarhiggott__PyMatching/BUILD:39:11: Target '//:src/pymatching/sparse_blossom/driver/mwpm_decoding.cc' contains an error and its package is in error and referenced by '//:libpymatching'
ERROR: /data/h445xu/repo/bazel-repos/cloned_repos/oscarhiggott__PyMatching/BUILD:27:10: Target '//:src/pymatching/sparse_blossom/driver/namespaced_main.cc' contains an error and its package is in error and referenced by '//:pymatching'
ERROR: /data/h445xu/repo/bazel-repos/cloned_repos/oscarhiggott__PyMatching/BUILD:39:11: Target '//:src/pymatching/sparse_blossom/driver/mwpm_decoding.h' contains an error and its package is in error and referenced by '//:libpymatching'
ERROR: /data/h445xu/repo/bazel-repos/cloned_repos/oscarhiggott__PyMatching/BUILD:27:10: Target '//:src/pymatching/sparse_blossom/driver/namespaced_main.h' contains an error and its package is in error and referenced by '//:pymatching'
ERROR: /data/h445xu/repo/bazel-repos/cloned_repos/oscarhiggott__PyMatching/BUILD:39:11: Target '//:src/pymatching/sparse_blossom/driver/namespaced_main.cc' contains an error and its package is in error and referenced by '//:libpymatching'
ERROR: /data/h445xu/repo/bazel-repos/cloned_repos/oscarhiggott__PyMatching/BUILD:27:10: Target '//:src/pymatching/sparse_blossom/driver/user_graph.cc' contains an error and its package is in error and referenced by '//:pymatching'
ERROR: /data/h445xu/repo/bazel-repos/cloned_repos/oscarhiggott__PyMatching/BUILD:27:10: Target '//:src/pymatching/sparse_blossom/driver/user_graph.h' contains an error and its package is in error and referenced by '//:pymatching'
ERROR: /data/h445xu/repo/bazel-repos/cloned_repos/oscarhiggott__PyMatching/BUILD:27:10: Target '//:src/pymatching/sparse_blossom/flooder/detector_node.cc' contains an error and its package is in error and referenced by '//:pymatching'
ERROR: /data/h445xu/repo/bazel-repos/cloned_repos/oscarhiggott__PyMatching/BUILD:39:11: Target '//:src/pymatching/sparse_blossom/driver/namespaced_main.h' contains an error and its package is in error and referenced by '//:libpymatching'
ERROR: /data/h445xu/repo/bazel-repos/cloned_repos/oscarhiggott__PyMatching/BUILD:27:10: Target '//:src/pymatching/sparse_blossom/flooder/detector_node.h' contains an error and its package is in error and referenced by '//:pymatching'
ERROR: /data/h445xu/repo/bazel-repos/cloned_repos/oscarhiggott__PyMatching/BUILD:27:10: Target '//:src/pymatching/sparse_blossom/flooder/graph.cc' contains an error and its package is in error and referenced by '//:pymatching'
ERROR: /data/h445xu/repo/bazel-repos/cloned_repos/oscarhiggott__PyMatching/BUILD:27:10: Target '//:src/pymatching/sparse_blossom/flooder/graph.h' contains an error and its package is in error and referenced by '//:pymatching'
ERROR: /data/h445xu/repo/bazel-repos/cloned_repos/oscarhiggott__PyMatching/BUILD:27:10: Target '//:src/pymatching/sparse_blossom/flooder/graph_fill_region.cc' contains an error and its package is in error and referenced by '//:pymatching'
ERROR: /data/h445xu/repo/bazel-repos/cloned_repos/oscarhiggott__PyMatching/BUILD:39:11: Target '//:src/pymatching/sparse_blossom/driver/user_graph.cc' contains an error and its package is in error and referenced by '//:libpymatching'
ERROR: /data/h445xu/repo/bazel-repos/cloned_repos/oscarhiggott__PyMatching/BUILD:27:10: Target '//:src/pymatching/sparse_blossom/flooder/graph_fill_region.h' contains an error and its package is in error and referenced by '//:pymatching'
ERROR: /data/h445xu/repo/bazel-repos/cloned_repos/oscarhiggott__PyMatching/BUILD:39:11: Target '//:src/pymatching/sparse_blossom/driver/user_graph.h' contains an error and its package is in error and referenced by '//:libpymatching'
ERROR: /data/h445xu/repo/bazel-repos/cloned_repos/oscarhiggott__PyMatching/BUILD:27:10: Target '//:src/pymatching/sparse_blossom/flooder/graph_flooder.cc' contains an error and its package is in error and referenced by '//:pymatching'
ERROR: /data/h445xu/repo/bazel-repos/cloned_repos/oscarhiggott__PyMatching/BUILD:39:11: Target '//:src/pymatching/sparse_blossom/flooder/detector_node.cc' contains an error and its package is in error and referenced by '//:libpymatching'
ERROR: /data/h445xu/repo/bazel-repos/cloned_repos/oscarhiggott__PyMatching/BUILD:27:10: Target '//:src/pymatching/sparse_blossom/flooder/graph_flooder.h' contains an error and its package is in error and referenced by '//:pymatching'
ERROR: /data/h445xu/repo/bazel-repos/cloned_repos/oscarhiggott__PyMatching/BUILD:39:11: Target '//:src/pymatching/sparse_blossom/flooder/detector_node.h' contains an error and its package is in error and referenced by '//:libpymatching'
ERROR: /data/h445xu/repo/bazel-repos/cloned_repos/oscarhiggott__PyMatching/BUILD:27:10: Target '//:src/pymatching/sparse_blossom/flooder/match.cc' contains an error and its package is in error and referenced by '//:pymatching'
ERROR: /data/h445xu/repo/bazel-repos/cloned_repos/oscarhiggott__PyMatching/BUILD:39:11: Target '//:src/pymatching/sparse_blossom/flooder/graph.cc' contains an error and its package is in error and referenced by '//:libpymatching'
ERROR: /data/h445xu/repo/bazel-repos/cloned_repos/oscarhiggott__PyMatching/BUILD:27:10: Target '//:src/pymatching/sparse_blossom/flooder/match.h' contains an error and its package is in error and referenced by '//:pymatching'
ERROR: /data/h445xu/repo/bazel-repos/cloned_repos/oscarhiggott__PyMatching/BUILD:39:11: Target '//:src/pymatching/sparse_blossom/flooder/graph.h' contains an error and its package is in error and referenced by '//:libpymatching'
ERROR: /data/h445xu/repo/bazel-repos/cloned_repos/oscarhiggott__PyMatching/BUILD:27:10: Target '//:src/pymatching/sparse_blossom/flooder_matcher_interop/compressed_edge.cc' contains an error and its package is in error and referenced by '//:pymatching'
ERROR: /data/h445xu/repo/bazel-repos/cloned_repos/oscarhiggott__PyMatching/BUILD:39:11: Target '//:src/pymatching/sparse_blossom/flooder/graph_fill_region.cc' contains an error and its package is in error and referenced by '//:libpymatching'
ERROR: /data/h445xu/repo/bazel-repos/cloned_repos/oscarhiggott__PyMatching/BUILD:27:10: Target '//:src/pymatching/sparse_blossom/flooder_matcher_interop/compressed_edge.h' contains an error and its package is in error and referenced by '//:pymatching'
ERROR: /data/h445xu/repo/bazel-repos/cloned_repos/oscarhiggott__PyMatching/BUILD:27:10: Target '//:src/pymatching/sparse_blossom/flooder_matcher_interop/mwpm_event.cc' contains an error and its package is in error and referenced by '//:pymatching'
ERROR: /data/h445xu/repo/bazel-repos/cloned_repos/oscarhiggott__PyMatching/BUILD:39:11: Target '//:src/pymatching/sparse_blossom/flooder/graph_fill_region.h' contains an error and its package is in error and referenced by '//:libpymatching'
ERROR: /data/h445xu/repo/bazel-repos/cloned_repos/oscarhiggott__PyMatching/BUILD:27:10: Target '//:src/pymatching/sparse_blossom/flooder_matcher_interop/mwpm_event.h' contains an error and its package is in error and referenced by '//:pymatching'
ERROR: /data/h445xu/repo/bazel-repos/cloned_repos/oscarhiggott__PyMatching/BUILD:39:11: Target '//:src/pymatching/sparse_blossom/flooder/graph_flooder.cc' contains an error and its package is in error and referenced by '//:libpymatching'
ERROR: /data/h445xu/repo/bazel-repos/cloned_repos/oscarhiggott__PyMatching/BUILD:27:10: Target '//:src/pymatching/sparse_blossom/flooder_matcher_interop/region_edge.cc' contains an error and its package is in error and referenced by '//:pymatching'
ERROR: /data/h445xu/repo/bazel-repos/cloned_repos/oscarhiggott__PyMatching/BUILD:27:10: Target '//:src/pymatching/sparse_blossom/flooder_matcher_interop/region_edge.h' contains an error and its package is in error and referenced by '//:pymatching'
ERROR: /data/h445xu/repo/bazel-repos/cloned_repos/oscarhiggott__PyMatching/BUILD:27:10: Target '//:src/pymatching/sparse_blossom/flooder_matcher_interop/varying.h' contains an error and its package is in error and referenced by '//:pymatching'
ERROR: /data/h445xu/repo/bazel-repos/cloned_repos/oscarhiggott__PyMatching/BUILD:39:11: Target '//:src/pymatching/sparse_blossom/flooder/graph_flooder.h' contains an error and its package is in error and referenced by '//:libpymatching'
ERROR: /data/h445xu/repo/bazel-repos/cloned_repos/oscarhiggott__PyMatching/BUILD:27:10: Target '//:src/pymatching/sparse_blossom/flooder_matcher_interop/varying.inl' contains an error and its package is in error and referenced by '//:pymatching'
ERROR: /data/h445xu/repo/bazel-repos/cloned_repos/oscarhiggott__PyMatching/BUILD:39:11: Target '//:src/pymatching/sparse_blossom/flooder/match.cc' contains an error and its package is in error and referenced by '//:libpymatching'
ERROR: /data/h445xu/repo/bazel-repos/cloned_repos/oscarhiggott__PyMatching/BUILD:27:10: Target '//:src/pymatching/sparse_blossom/ints.h' contains an error and its package is in error and referenced by '//:pymatching'
ERROR: /data/h445xu/repo/bazel-repos/cloned_repos/oscarhiggott__PyMatching/BUILD:39:11: Target '//:src/pymatching/sparse_blossom/flooder/match.h' contains an error and its package is in error and referenced by '//:libpymatching'
ERROR: /data/h445xu/repo/bazel-repos/cloned_repos/oscarhiggott__PyMatching/BUILD:27:10: Target '//:src/pymatching/sparse_blossom/matcher/alternating_tree.cc' contains an error and its package is in error and referenced by '//:pymatching'
ERROR: /data/h445xu/repo/bazel-repos/cloned_repos/oscarhiggott__PyMatching/BUILD:39:11: Target '//:src/pymatching/sparse_blossom/flooder_matcher_interop/compressed_edge.cc' contains an error and its package is in error and referenced by '//:libpymatching'
ERROR: /data/h445xu/repo/bazel-repos/cloned_repos/oscarhiggott__PyMatching/BUILD:27:10: Target '//:src/pymatching/sparse_blossom/matcher/alternating_tree.h' contains an error and its package is in error and referenced by '//:pymatching'
ERROR: /data/h445xu/repo/bazel-repos/cloned_repos/oscarhiggott__PyMatching/BUILD:39:11: Target '//:src/pymatching/sparse_blossom/flooder_matcher_interop/compressed_edge.h' contains an error and its package is in error and referenced by '//:libpymatching'
ERROR: /data/h445xu/repo/bazel-repos/cloned_repos/oscarhiggott__PyMatching/BUILD:27:10: Target '//:src/pymatching/sparse_blossom/matcher/mwpm.cc' contains an error and its package is in error and referenced by '//:pymatching'
ERROR: /data/h445xu/repo/bazel-repos/cloned_repos/oscarhiggott__PyMatching/BUILD:27:10: Target '//:src/pymatching/sparse_blossom/matcher/mwpm.h' contains an error and its package is in error and referenced by '//:pymatching'
ERROR: /data/h445xu/repo/bazel-repos/cloned_repos/oscarhiggott__PyMatching/BUILD:39:11: Target '//:src/pymatching/sparse_blossom/flooder_matcher_interop/mwpm_event.cc' contains an error and its package is in error and referenced by '//:libpymatching'
ERROR: /data/h445xu/repo/bazel-repos/cloned_repos/oscarhiggott__PyMatching/BUILD:27:10: Target '//:src/pymatching/sparse_blossom/search/search_detector_node.cc' contains an error and its package is in error and referenced by '//:pymatching'
ERROR: /data/h445xu/repo/bazel-repos/cloned_repos/oscarhiggott__PyMatching/BUILD:39:11: Target '//:src/pymatching/sparse_blossom/flooder_matcher_interop/mwpm_event.h' contains an error and its package is in error and referenced by '//:libpymatching'
ERROR: /data/h445xu/repo/bazel-repos/cloned_repos/oscarhiggott__PyMatching/BUILD:27:10: Target '//:src/pymatching/sparse_blossom/search/search_detector_node.h' contains an error and its package is in error and referenced by '//:pymatching'
ERROR: /data/h445xu/repo/bazel-repos/cloned_repos/oscarhiggott__PyMatching/BUILD:39:11: Target '//:src/pymatching/sparse_blossom/flooder_matcher_interop/region_edge.cc' contains an error and its package is in error and referenced by '//:libpymatching'
ERROR: /data/h445xu/repo/bazel-repos/cloned_repos/oscarhiggott__PyMatching/BUILD:27:10: Target '//:src/pymatching/sparse_blossom/search/search_flooder.cc' contains an error and its package is in error and referenced by '//:pymatching'
ERROR: /data/h445xu/repo/bazel-repos/cloned_repos/oscarhiggott__PyMatching/BUILD:27:10: Target '//:src/pymatching/sparse_blossom/search/search_flooder.h' contains an error and its package is in error and referenced by '//:pymatching'
ERROR: /data/h445xu/repo/bazel-repos/cloned_repos/oscarhiggott__PyMatching/BUILD:27:10: Target '//:src/pymatching/sparse_blossom/search/search_graph.cc' contains an error and its package is in error and referenced by '//:pymatching'
ERROR: /data/h445xu/repo/bazel-repos/cloned_repos/oscarhiggott__PyMatching/BUILD:27:10: Target '//:src/pymatching/sparse_blossom/search/search_graph.h' contains an error and its package is in error and referenced by '//:pymatching'
ERROR: /data/h445xu/repo/bazel-repos/cloned_repos/oscarhiggott__PyMatching/BUILD:39:11: Target '//:src/pymatching/sparse_blossom/flooder_matcher_interop/region_edge.h' contains an error and its package is in error and referenced by '//:libpymatching'
ERROR: /data/h445xu/repo/bazel-repos/cloned_repos/oscarhiggott__PyMatching/BUILD:27:10: Target '//:src/pymatching/sparse_blossom/tracker/cyclic.h' contains an error and its package is in error and referenced by '//:pymatching'
ERROR: /data/h445xu/repo/bazel-repos/cloned_repos/oscarhiggott__PyMatching/BUILD:39:11: Target '//:src/pymatching/sparse_blossom/flooder_matcher_interop/varying.h' contains an error and its package is in error and referenced by '//:libpymatching'
ERROR: /data/h445xu/repo/bazel-repos/cloned_repos/oscarhiggott__PyMatching/BUILD:27:10: Target '//:src/pymatching/sparse_blossom/tracker/flood_check_event.cc' contains an error and its package is in error and referenced by '//:pymatching'
ERROR: /data/h445xu/repo/bazel-repos/cloned_repos/oscarhiggott__PyMatching/BUILD:39:11: Target '//:src/pymatching/sparse_blossom/flooder_matcher_interop/varying.inl' contains an error and its package is in error and referenced by '//:libpymatching'
ERROR: /data/h445xu/repo/bazel-repos/cloned_repos/oscarhiggott__PyMatching/BUILD:27:10: Target '//:src/pymatching/sparse_blossom/tracker/flood_check_event.h' contains an error and its package is in error and referenced by '//:pymatching'
ERROR: /data/h445xu/repo/bazel-repos/cloned_repos/oscarhiggott__PyMatching/BUILD:27:10: Target '//:src/pymatching/sparse_blossom/tracker/queued_event_tracker.h' contains an error and its package is in error and referenced by '//:pymatching'
ERROR: /data/h445xu/repo/bazel-repos/cloned_repos/oscarhiggott__PyMatching/BUILD:27:10: Target '//:src/pymatching/sparse_blossom/tracker/radix_heap_queue.h' contains an error and its package is in error and referenced by '//:pymatching'
ERROR: /data/h445xu/repo/bazel-repos/cloned_repos/oscarhiggott__PyMatching/BUILD:27:10: Target '//:src/main.cc' contains an error and its package is in error and referenced by '//:pymatching'
ERROR: /data/h445xu/repo/bazel-repos/cloned_repos/oscarhiggott__PyMatching/BUILD:27:10: no such package '@@[unknown repo 'stim' requested from @@]//': The repository '@@[unknown repo 'stim' requested from @@]' could not be resolved: No repository visible as '@stim' from main repository. Was the repository introduced in WORKSPACE? The WORKSPACE file is disabled by default in Bazel 8 (late 2024) and will be removed in Bazel 9 (late 2025), please migrate to Bzlmod. See https://bazel.build/external/migration and referenced by '//:pymatching'
ERROR: /data/h445xu/repo/bazel-repos/cloned_repos/oscarhiggott__PyMatching/BUILD:39:11: Target '//:src/pymatching/sparse_blossom/ints.h' contains an error and its package is in error and referenced by '//:libpymatching'
ERROR: /data/h445xu/repo/bazel-repos/cloned_repos/oscarhiggott__PyMatching/BUILD:39:11: Target '//:src/pymatching/sparse_blossom/matcher/alternating_tree.cc' contains an error and its package is in error and referenced by '//:libpymatching'
ERROR: /data/h445xu/repo/bazel-repos/cloned_repos/oscarhiggott__PyMatching/BUILD:39:11: Target '//:src/pymatching/sparse_blossom/matcher/alternating_tree.h' contains an error and its package is in error and referenced by '//:libpymatching'
ERROR: /data/h445xu/repo/bazel-repos/cloned_repos/oscarhiggott__PyMatching/BUILD:39:11: Target '//:src/pymatching/sparse_blossom/matcher/mwpm.cc' contains an error and its package is in error and referenced by '//:libpymatching'
ERROR: /data/h445xu/repo/bazel-repos/cloned_repos/oscarhiggott__PyMatching/BUILD:39:11: Target '//:src/pymatching/sparse_blossom/matcher/mwpm.h' contains an error and its package is in error and referenced by '//:libpymatching'
ERROR: /data/h445xu/repo/bazel-repos/cloned_repos/oscarhiggott__PyMatching/BUILD:39:11: Target '//:src/pymatching/sparse_blossom/search/search_detector_node.cc' contains an error and its package is in error and referenced by '//:libpymatching'
ERROR: /data/h445xu/repo/bazel-repos/cloned_repos/oscarhiggott__PyMatching/BUILD:39:11: Target '//:src/pymatching/sparse_blossom/search/search_detector_node.h' contains an error and its package is in error and referenced by '//:libpymatching'
ERROR: /data/h445xu/repo/bazel-repos/cloned_repos/oscarhiggott__PyMatching/BUILD:39:11: Target '//:src/pymatching/sparse_blossom/search/search_flooder.cc' contains an error and its package is in error and referenced by '//:libpymatching'
ERROR: /data/h445xu/repo/bazel-repos/cloned_repos/oscarhiggott__PyMatching/BUILD:39:11: Target '//:src/pymatching/sparse_blossom/search/search_flooder.h' contains an error and its package is in error and referenced by '//:libpymatching'
ERROR: /data/h445xu/repo/bazel-repos/cloned_repos/oscarhiggott__PyMatching/BUILD:39:11: Target '//:src/pymatching/sparse_blossom/search/search_graph.cc' contains an error and its package is in error and referenced by '//:libpymatching'
ERROR: /data/h445xu/repo/bazel-repos/cloned_repos/oscarhiggott__PyMatching/BUILD:39:11: Target '//:src/pymatching/sparse_blossom/search/search_graph.h' contains an error and its package is in error and referenced by '//:libpymatching'
ERROR: /data/h445xu/repo/bazel-repos/cloned_repos/oscarhiggott__PyMatching/BUILD:39:11: Target '//:src/pymatching/sparse_blossom/tracker/cyclic.h' contains an error and its package is in error and referenced by '//:libpymatching'
ERROR: /data/h445xu/repo/bazel-repos/cloned_repos/oscarhiggott__PyMatching/BUILD:39:11: Target '//:src/pymatching/sparse_blossom/tracker/flood_check_event.cc' contains an error and its package is in error and referenced by '//:libpymatching'
ERROR: /data/h445xu/repo/bazel-repos/cloned_repos/oscarhiggott__PyMatching/BUILD:39:11: Target '//:src/pymatching/sparse_blossom/tracker/flood_check_event.h' contains an error and its package is in error and referenced by '//:libpymatching'
ERROR: /data/h445xu/repo/bazel-repos/cloned_repos/oscarhiggott__PyMatching/BUILD:39:11: Target '//:src/pymatching/sparse_blossom/tracker/queued_event_tracker.h' contains an error and its package is in error and referenced by '//:libpymatching'
ERROR: /data/h445xu/repo/bazel-repos/cloned_repos/oscarhiggott__PyMatching/BUILD:39:11: Target '//:src/pymatching/sparse_blossom/tracker/radix_heap_queue.h' contains an error and its package is in error and referenced by '//:libpymatching'
ERROR: /data/h445xu/repo/bazel-repos/cloned_repos/oscarhiggott__PyMatching/BUILD:39:11: no such package '@@[unknown repo 'stim' requested from @@]//': The repository '@@[unknown repo 'stim' requested from @@]' could not be resolved: No repository visible as '@stim' from main repository. Was the repository introduced in WORKSPACE? The WORKSPACE file is disabled by default in Bazel 8 (late 2024) and will be removed in Bazel 9 (late 2025), please migrate to Bzlmod. See https://bazel.build/external/migration and referenced by '//:libpymatching'
ERROR: /data/h445xu/repo/bazel-repos/cloned_repos/oscarhiggott__PyMatching/BUILD:39:11: no such package '@@[unknown repo 'stim' requested from @@]//': The repository '@@[unknown repo 'stim' requested from @@]' could not be resolved: No repository visible as '@stim' from main repository. Was the repository introduced in WORKSPACE? The WORKSPACE file is disabled by default in Bazel 8 (late 2024) and will be removed in Bazel 9 (late 2025), please migrate to Bzlmod. See https://bazel.build/external/migration and referenced by '//:libpymatching'
ERROR: /data/h445xu/repo/bazel-repos/cloned_repos/oscarhiggott__PyMatching/BUILD:27:10: no such package '@@[unknown repo 'stim' requested from @@]//': The repository '@@[unknown repo 'stim' requested from @@]' could not be resolved: No repository visible as '@stim' from main repository. Was the repository introduced in WORKSPACE? The WORKSPACE file is disabled by default in Bazel 8 (late 2024) and will be removed in Bazel 9 (late 2025), please migrate to Bzlmod. See https://bazel.build/external/migration and referenced by '//:pymatching'
ERROR: Evaluation of query "deps(//...)" failed: errors were encountered while computing transitive closure
WARNING: --keep_going specified, ignoring errors. Results may be inaccurate
Read 0 lines from bazel query output...
