Starting local Bazel server and connecting to it...
 checking cached actions
 checking cached actions
 checking cached actions
 checking cached actions
 checking cached actions
Loading: 0 packages loaded
Loading: 5 packages loaded
    currently loading: src/worker ... (289 packages)
Loading: 32 packages loaded
    currently loading: src/worker ... (288 packages)
Loading: 316 packages loaded
    currently loading:  ... (4 packages)
Loading: 317 packages loaded
    currently loading:  ... (3 packages)
Loading: 317 packages loaded
    currently loading:  ... (3 packages)
Loading: 317 packages loaded
    currently loading:  ... (3 packages)
Loading: 318 packages loaded
    currently loading: console/frontend ... (2 packages)
Loading: 318 packages loaded
    currently loading: console/frontend ... (2 packages)
Loading: 319 packages loaded
    currently loading: console/frontend
Loading: 320 packages loaded
Loading: 330 packages loaded
Loading: 353 packages loaded
Loading: 428 packages loaded
Loading: 493 packages loaded
    currently loading: @@aspect_rules_js~~npm~npm_console_backend__at_types_send__0.17.4//
Loading: 551 packages loaded
Loading: 642 packages loaded
Loading: 711 packages loaded
Loading: 779 packages loaded
Loading: 838 packages loaded
Loading: 904 packages loaded
Loading: 982 packages loaded
Loading: 1051 packages loaded
    currently loading: @@aspect_rules_js~~npm~npm_console_backend__yargs-parser__21.1.1//
Loading: 1139 packages loaded
Loading: 1192 packages loaded
Loading: 1215 packages loaded
Loading: 1316 packages loaded
Loading: 1357 packages loaded
Loading: 1392 packages loaded
Loading: 1450 packages loaded
Loading: 1520 packages loaded
Loading: 1588 packages loaded
Loading: 1690 packages loaded
Loading: 1769 packages loaded
Loading: 1844 packages loaded
Loading: 1953 packages loaded
Loading: 2042 packages loaded
Loading: 2114 packages loaded
Loading: 2189 packages loaded
Loading: 2250 packages loaded
Loading: 2319 packages loaded
    currently loading: @@aspect_rules_js~~npm~npm_console_frontend__reflect.getprototypeof__1.0.6//
Loading: 2418 packages loaded
    currently loading: @@aspect_rules_js~~npm~npm_console_frontend__tabbable__6.2.0//
Loading: 2581 packages loaded
    currently loading: @@rules_go~~go_sdk~go_sdk// ... (2 packages)
Loading: 2778 packages loaded
    currently loading: @@com_google_protobuf//
Loading: 2873 packages loaded
    currently loading: @@com_google_protobuf//
Loading: 2879 packages loaded
    currently loading: @@com_google_protobuf//
Loading: 2879 packages loaded
    currently loading: @@com_google_protobuf//
Loading: 2891 packages loaded
    currently loading: @@com_google_protobuf//
Loading: 2909 packages loaded
    currently loading: @@com_google_protobuf//
Loading: 2923 packages loaded
    currently loading: @@com_google_protobuf// ... (2 packages)
Loading: 2938 packages loaded
    currently loading: @@com_google_protobuf//
Loading: 2966 packages loaded
Loading: 2979 packages loaded
Loading: 3080 packages loaded
WARNING: Download from https://apt.postgresql.org/pub/repos/apt/pool/main/p/postgresql-17/postgresql-client-17_17.2-1.pgdg120+~20250108.0535.g45aef9f_arm64.deb failed: class java.io.FileNotFoundException GET returned 404 Not Found
WARNING: Download from https://apt.postgresql.org/pub/repos/apt/pool/main/p/postgresql-17/postgresql-client-17_17.2-1.pgdg120+~20250108.0535.g45aef9f_amd64.deb failed: class java.io.FileNotFoundException GET returned 404 Not Found
INFO: Repository rules_distroless~~apt~apt_postgresql-client-17_17.2-1.pgdg120-p-_20250108.0535.g45aef9f_arm64 instantiated at:
  <builtin>: in <toplevel>
Repository rule http_archive defined at:
  /data/h445xu/.cache/bazel/_bazel_hongxu/85d7af1b42f345277830af810140ea03/external/bazel_tools/tools/build_defs/repo/http.bzl:382:31: in <toplevel>
INFO: Repository rules_distroless~~apt~apt_postgresql-client-17_17.2-1.pgdg120-p-_20250108.0535.g45aef9f_amd64 instantiated at:
  <builtin>: in <toplevel>
Repository rule http_archive defined at:
  /data/h445xu/.cache/bazel/_bazel_hongxu/85d7af1b42f345277830af810140ea03/external/bazel_tools/tools/build_defs/repo/http.bzl:382:31: in <toplevel>
ERROR: An error occurred during the fetch of repository 'rules_distroless~~apt~apt_postgresql-client-17_17.2-1.pgdg120-p-_20250108.0535.g45aef9f_arm64':
   Traceback (most recent call last):
	File "/data/h445xu/.cache/bazel/_bazel_hongxu/85d7af1b42f345277830af810140ea03/external/bazel_tools/tools/build_defs/repo/http.bzl", line 131, column 45, in _http_archive_impl
		download_info = ctx.download_and_extract(
Error in download_and_extract: java.io.IOException: Error downloading [https://apt.postgresql.org/pub/repos/apt/pool/main/p/postgresql-17/postgresql-client-17_17.2-1.pgdg120+~20250108.0535.g45aef9f_arm64.deb] to /data/h445xu/.cache/bazel/_bazel_hongxu/85d7af1b42f345277830af810140ea03/external/rules_distroless~~apt~apt_postgresql-client-17_17.2-1.pgdg120-p-_20250108.0535.g45aef9f_arm64/temp7014936184539666795/postgresql-client-17_17.2-1.pgdg120+~20250108.0535.g45aef9f_arm64.deb: GET returned 404 Not Found
ERROR: An error occurred during the fetch of repository 'rules_distroless~~apt~apt_postgresql-client-17_17.2-1.pgdg120-p-_20250108.0535.g45aef9f_amd64':
   Traceback (most recent call last):
	File "/data/h445xu/.cache/bazel/_bazel_hongxu/85d7af1b42f345277830af810140ea03/external/bazel_tools/tools/build_defs/repo/http.bzl", line 131, column 45, in _http_archive_impl
		download_info = ctx.download_and_extract(
Error in download_and_extract: java.io.IOException: Error downloading [https://apt.postgresql.org/pub/repos/apt/pool/main/p/postgresql-17/postgresql-client-17_17.2-1.pgdg120+~20250108.0535.g45aef9f_amd64.deb] to /data/h445xu/.cache/bazel/_bazel_hongxu/85d7af1b42f345277830af810140ea03/external/rules_distroless~~apt~apt_postgresql-client-17_17.2-1.pgdg120-p-_20250108.0535.g45aef9f_amd64/temp13406346355998549545/postgresql-client-17_17.2-1.pgdg120+~20250108.0535.g45aef9f_amd64.deb: GET returned 404 Not Found
ERROR: /data/h445xu/.cache/bazel/_bazel_hongxu/85d7af1b42f345277830af810140ea03/external/rules_distroless~~apt~apt/postgresql-client-17/arm64/BUILD.bazel:7:6: no such package '@@rules_distroless~~apt~apt_postgresql-client-17_17.2-1.pgdg120-p-_20250108.0535.g45aef9f_arm64//': java.io.IOException: Error downloading [https://apt.postgresql.org/pub/repos/apt/pool/main/p/postgresql-17/postgresql-client-17_17.2-1.pgdg120+~20250108.0535.g45aef9f_arm64.deb] to /data/h445xu/.cache/bazel/_bazel_hongxu/85d7af1b42f345277830af810140ea03/external/rules_distroless~~apt~apt_postgresql-client-17_17.2-1.pgdg120-p-_20250108.0535.g45aef9f_arm64/temp7014936184539666795/postgresql-client-17_17.2-1.pgdg120+~20250108.0535.g45aef9f_arm64.deb: GET returned 404 Not Found and referenced by '@@rules_distroless~~apt~apt//postgresql-client-17/arm64:control'
ERROR: /data/h445xu/.cache/bazel/_bazel_hongxu/85d7af1b42f345277830af810140ea03/external/rules_distroless~~apt~apt/postgresql-client-17/amd64/BUILD.bazel:7:6: no such package '@@rules_distroless~~apt~apt_postgresql-client-17_17.2-1.pgdg120-p-_20250108.0535.g45aef9f_amd64//': java.io.IOException: Error downloading [https://apt.postgresql.org/pub/repos/apt/pool/main/p/postgresql-17/postgresql-client-17_17.2-1.pgdg120+~20250108.0535.g45aef9f_amd64.deb] to /data/h445xu/.cache/bazel/_bazel_hongxu/85d7af1b42f345277830af810140ea03/external/rules_distroless~~apt~apt_postgresql-client-17_17.2-1.pgdg120-p-_20250108.0535.g45aef9f_amd64/temp13406346355998549545/postgresql-client-17_17.2-1.pgdg120+~20250108.0535.g45aef9f_amd64.deb: GET returned 404 Not Found and referenced by '@@rules_distroless~~apt~apt//postgresql-client-17/amd64:control'
ERROR: /data/h445xu/.cache/bazel/_bazel_hongxu/85d7af1b42f345277830af810140ea03/external/rules_distroless~~apt~apt/postgresql-client-17/arm64/BUILD.bazel:1:6: no such package '@@rules_distroless~~apt~apt_postgresql-client-17_17.2-1.pgdg120-p-_20250108.0535.g45aef9f_arm64//': java.io.IOException: Error downloading [https://apt.postgresql.org/pub/repos/apt/pool/main/p/postgresql-17/postgresql-client-17_17.2-1.pgdg120+~20250108.0535.g45aef9f_arm64.deb] to /data/h445xu/.cache/bazel/_bazel_hongxu/85d7af1b42f345277830af810140ea03/external/rules_distroless~~apt~apt_postgresql-client-17_17.2-1.pgdg120-p-_20250108.0535.g45aef9f_arm64/temp7014936184539666795/postgresql-client-17_17.2-1.pgdg120+~20250108.0535.g45aef9f_arm64.deb: GET returned 404 Not Found and referenced by '@@rules_distroless~~apt~apt//postgresql-client-17/arm64:data'
ERROR: /data/h445xu/.cache/bazel/_bazel_hongxu/85d7af1b42f345277830af810140ea03/external/rules_distroless~~apt~apt/postgresql-client-17/amd64/BUILD.bazel:1:6: no such package '@@rules_distroless~~apt~apt_postgresql-client-17_17.2-1.pgdg120-p-_20250108.0535.g45aef9f_amd64//': java.io.IOException: Error downloading [https://apt.postgresql.org/pub/repos/apt/pool/main/p/postgresql-17/postgresql-client-17_17.2-1.pgdg120+~20250108.0535.g45aef9f_amd64.deb] to /data/h445xu/.cache/bazel/_bazel_hongxu/85d7af1b42f345277830af810140ea03/external/rules_distroless~~apt~apt_postgresql-client-17_17.2-1.pgdg120-p-_20250108.0535.g45aef9f_amd64/temp13406346355998549545/postgresql-client-17_17.2-1.pgdg120+~20250108.0535.g45aef9f_amd64.deb: GET returned 404 Not Found and referenced by '@@rules_distroless~~apt~apt//postgresql-client-17/amd64:data'
Loading: 3100 packages loaded
WARNING: Download from https://apt.postgresql.org/pub/repos/apt/pool/main/p/postgresql-17/libpq5_17.2-1.pgdg120+~20250108.0535.g45aef9f_arm64.deb failed: class java.io.FileNotFoundException GET returned 404 Not Found
INFO: Repository rules_distroless~~apt~apt_libpq5_17.2-1.pgdg120-p-_20250108.0535.g45aef9f_arm64 instantiated at:
  <builtin>: in <toplevel>
Repository rule http_archive defined at:
  /data/h445xu/.cache/bazel/_bazel_hongxu/85d7af1b42f345277830af810140ea03/external/bazel_tools/tools/build_defs/repo/http.bzl:382:31: in <toplevel>
ERROR: An error occurred during the fetch of repository 'rules_distroless~~apt~apt_libpq5_17.2-1.pgdg120-p-_20250108.0535.g45aef9f_arm64':
   Traceback (most recent call last):
	File "/data/h445xu/.cache/bazel/_bazel_hongxu/85d7af1b42f345277830af810140ea03/external/bazel_tools/tools/build_defs/repo/http.bzl", line 131, column 45, in _http_archive_impl
		download_info = ctx.download_and_extract(
Error in download_and_extract: java.io.IOException: Error downloading [https://apt.postgresql.org/pub/repos/apt/pool/main/p/postgresql-17/libpq5_17.2-1.pgdg120+~20250108.0535.g45aef9f_arm64.deb] to /data/h445xu/.cache/bazel/_bazel_hongxu/85d7af1b42f345277830af810140ea03/external/rules_distroless~~apt~apt_libpq5_17.2-1.pgdg120-p-_20250108.0535.g45aef9f_arm64/temp17655165138873445967/libpq5_17.2-1.pgdg120+~20250108.0535.g45aef9f_arm64.deb: GET returned 404 Not Found
ERROR: /data/h445xu/.cache/bazel/_bazel_hongxu/85d7af1b42f345277830af810140ea03/external/rules_distroless~~apt~apt/libpq5/arm64/BUILD.bazel:1:6: no such package '@@rules_distroless~~apt~apt_libpq5_17.2-1.pgdg120-p-_20250108.0535.g45aef9f_arm64//': java.io.IOException: Error downloading [https://apt.postgresql.org/pub/repos/apt/pool/main/p/postgresql-17/libpq5_17.2-1.pgdg120+~20250108.0535.g45aef9f_arm64.deb] to /data/h445xu/.cache/bazel/_bazel_hongxu/85d7af1b42f345277830af810140ea03/external/rules_distroless~~apt~apt_libpq5_17.2-1.pgdg120-p-_20250108.0535.g45aef9f_arm64/temp17655165138873445967/libpq5_17.2-1.pgdg120+~20250108.0535.g45aef9f_arm64.deb: GET returned 404 Not Found and referenced by '@@rules_distroless~~apt~apt//libpq5/arm64:data'
Loading: 3188 packages loaded
WARNING: Download from https://apt.postgresql.org/pub/repos/apt/pool/main/p/postgresql-17/libpq5_17.2-1.pgdg120+~20250108.0535.g45aef9f_amd64.deb failed: class java.io.FileNotFoundException GET returned 404 Not Found
INFO: Repository rules_distroless~~apt~apt_libpq5_17.2-1.pgdg120-p-_20250108.0535.g45aef9f_amd64 instantiated at:
  <builtin>: in <toplevel>
Repository rule http_archive defined at:
  /data/h445xu/.cache/bazel/_bazel_hongxu/85d7af1b42f345277830af810140ea03/external/bazel_tools/tools/build_defs/repo/http.bzl:382:31: in <toplevel>
ERROR: An error occurred during the fetch of repository 'rules_distroless~~apt~apt_libpq5_17.2-1.pgdg120-p-_20250108.0535.g45aef9f_amd64':
   Traceback (most recent call last):
	File "/data/h445xu/.cache/bazel/_bazel_hongxu/85d7af1b42f345277830af810140ea03/external/bazel_tools/tools/build_defs/repo/http.bzl", line 131, column 45, in _http_archive_impl
		download_info = ctx.download_and_extract(
Error in download_and_extract: java.io.IOException: Error downloading [https://apt.postgresql.org/pub/repos/apt/pool/main/p/postgresql-17/libpq5_17.2-1.pgdg120+~20250108.0535.g45aef9f_amd64.deb] to /data/h445xu/.cache/bazel/_bazel_hongxu/85d7af1b42f345277830af810140ea03/external/rules_distroless~~apt~apt_libpq5_17.2-1.pgdg120-p-_20250108.0535.g45aef9f_amd64/temp7229018195929756678/libpq5_17.2-1.pgdg120+~20250108.0535.g45aef9f_amd64.deb: GET returned 404 Not Found
ERROR: /data/h445xu/.cache/bazel/_bazel_hongxu/85d7af1b42f345277830af810140ea03/external/rules_distroless~~apt~apt/libpq5/amd64/BUILD.bazel:1:6: no such package '@@rules_distroless~~apt~apt_libpq5_17.2-1.pgdg120-p-_20250108.0535.g45aef9f_amd64//': java.io.IOException: Error downloading [https://apt.postgresql.org/pub/repos/apt/pool/main/p/postgresql-17/libpq5_17.2-1.pgdg120+~20250108.0535.g45aef9f_amd64.deb] to /data/h445xu/.cache/bazel/_bazel_hongxu/85d7af1b42f345277830af810140ea03/external/rules_distroless~~apt~apt_libpq5_17.2-1.pgdg120-p-_20250108.0535.g45aef9f_amd64/temp7229018195929756678/libpq5_17.2-1.pgdg120+~20250108.0535.g45aef9f_amd64.deb: GET returned 404 Not Found and referenced by '@@rules_distroless~~apt~apt//libpq5/amd64:data'
Loading: 3279 packages loaded
    currently loading: @@rules_distroless~~apt~apt_libreadline8_8.2-1.3_arm64//
WARNING: Download from https://apt.postgresql.org/pub/repos/apt/pool/main/p/postgresql-common/postgresql-client-common_253.pgdg120+~20230725.2250.g53bdb68_all.deb failed: class java.io.FileNotFoundException GET returned 404 Not Found
INFO: Repository rules_distroless~~apt~apt_postgresql-client-common_253.pgdg120-p-_20230725.2250.g53bdb68_arm64 instantiated at:
  <builtin>: in <toplevel>
Repository rule http_archive defined at:
  /data/h445xu/.cache/bazel/_bazel_hongxu/85d7af1b42f345277830af810140ea03/external/bazel_tools/tools/build_defs/repo/http.bzl:382:31: in <toplevel>
ERROR: An error occurred during the fetch of repository 'rules_distroless~~apt~apt_postgresql-client-common_253.pgdg120-p-_20230725.2250.g53bdb68_arm64':
   Traceback (most recent call last):
	File "/data/h445xu/.cache/bazel/_bazel_hongxu/85d7af1b42f345277830af810140ea03/external/bazel_tools/tools/build_defs/repo/http.bzl", line 131, column 45, in _http_archive_impl
		download_info = ctx.download_and_extract(
Error in download_and_extract: java.io.IOException: Error downloading [https://apt.postgresql.org/pub/repos/apt/pool/main/p/postgresql-common/postgresql-client-common_253.pgdg120+~20230725.2250.g53bdb68_all.deb] to /data/h445xu/.cache/bazel/_bazel_hongxu/85d7af1b42f345277830af810140ea03/external/rules_distroless~~apt~apt_postgresql-client-common_253.pgdg120-p-_20230725.2250.g53bdb68_arm64/temp4504820783597763072/postgresql-client-common_253.pgdg120+~20230725.2250.g53bdb68_all.deb: GET returned 404 Not Found
ERROR: /data/h445xu/.cache/bazel/_bazel_hongxu/85d7af1b42f345277830af810140ea03/external/rules_distroless~~apt~apt/postgresql-client-common/arm64/BUILD.bazel:1:6: no such package '@@rules_distroless~~apt~apt_postgresql-client-common_253.pgdg120-p-_20230725.2250.g53bdb68_arm64//': java.io.IOException: Error downloading [https://apt.postgresql.org/pub/repos/apt/pool/main/p/postgresql-common/postgresql-client-common_253.pgdg120+~20230725.2250.g53bdb68_all.deb] to /data/h445xu/.cache/bazel/_bazel_hongxu/85d7af1b42f345277830af810140ea03/external/rules_distroless~~apt~apt_postgresql-client-common_253.pgdg120-p-_20230725.2250.g53bdb68_arm64/temp4504820783597763072/postgresql-client-common_253.pgdg120+~20230725.2250.g53bdb68_all.deb: GET returned 404 Not Found and referenced by '@@rules_distroless~~apt~apt//postgresql-client-common/arm64:data'
Loading: 3464 packages loaded
INFO: Repository rules_distroless~~apt~apt_postgresql-client-common_253.pgdg120-p-_20230725.2250.g53bdb68_amd64 instantiated at:
  <builtin>: in <toplevel>
Repository rule http_archive defined at:
  /data/h445xu/.cache/bazel/_bazel_hongxu/85d7af1b42f345277830af810140ea03/external/bazel_tools/tools/build_defs/repo/http.bzl:382:31: in <toplevel>
ERROR: An error occurred during the fetch of repository 'rules_distroless~~apt~apt_postgresql-client-common_253.pgdg120-p-_20230725.2250.g53bdb68_amd64':
   Traceback (most recent call last):
	File "/data/h445xu/.cache/bazel/_bazel_hongxu/85d7af1b42f345277830af810140ea03/external/bazel_tools/tools/build_defs/repo/http.bzl", line 131, column 45, in _http_archive_impl
		download_info = ctx.download_and_extract(
Error in download_and_extract: java.io.IOException: Error downloading [https://apt.postgresql.org/pub/repos/apt/pool/main/p/postgresql-common/postgresql-client-common_253.pgdg120+~20230725.2250.g53bdb68_all.deb] to /data/h445xu/.cache/bazel/_bazel_hongxu/85d7af1b42f345277830af810140ea03/external/rules_distroless~~apt~apt_postgresql-client-common_253.pgdg120-p-_20230725.2250.g53bdb68_amd64/temp15849238793025061610/postgresql-client-common_253.pgdg120+~20230725.2250.g53bdb68_all.deb: GET returned 404 Not Found
ERROR: /data/h445xu/.cache/bazel/_bazel_hongxu/85d7af1b42f345277830af810140ea03/external/rules_distroless~~apt~apt/postgresql-client-common/amd64/BUILD.bazel:1:6: no such package '@@rules_distroless~~apt~apt_postgresql-client-common_253.pgdg120-p-_20230725.2250.g53bdb68_amd64//': java.io.IOException: Error downloading [https://apt.postgresql.org/pub/repos/apt/pool/main/p/postgresql-common/postgresql-client-common_253.pgdg120+~20230725.2250.g53bdb68_all.deb] to /data/h445xu/.cache/bazel/_bazel_hongxu/85d7af1b42f345277830af810140ea03/external/rules_distroless~~apt~apt_postgresql-client-common_253.pgdg120-p-_20230725.2250.g53bdb68_amd64/temp15849238793025061610/postgresql-client-common_253.pgdg120+~20230725.2250.g53bdb68_all.deb: GET returned 404 Not Found and referenced by '@@rules_distroless~~apt~apt//postgresql-client-common/amd64:data'
Loading: 3669 packages loaded
Loading: 4037 packages loaded
    currently loading: @@gazelle~~go_deps~io_k8s_client_go//plugin/pkg/client/auth/gcp ... (3 packages)
Loading: 4594 packages loaded
    currently loading: @@rules_distroless~~apt~apt_libdb5.3_5.3.28-p-dfsg2-1_amd64//
Loading: 4909 packages loaded
Loading: 5160 packages loaded
Loading: 5250 packages loaded
Loading: 5266 packages loaded
Loading: 5269 packages loaded
Loading: 5270 packages loaded
Loading: 5273 packages loaded
Loading: 5278 packages loaded
Loading: 5384 packages loaded
    currently loading: @@rules_python~~pip~jupyter-pip-requirements-dev_39_beautifulsoup4//
Loading: 5440 packages loaded
Loading: 5451 packages loaded
Loading: 5459 packages loaded
Loading: 5491 packages loaded
Loading: 5532 packages loaded
Loading: 5545 packages loaded
ERROR: /data/h445xu/.cache/bazel/_bazel_hongxu/85d7af1b42f345277830af810140ea03/external/rules_distroless~~apt~apt/libpq5/amd64/BUILD.bazel:1:6: no such package '@@rules_distroless~~apt~apt_libpq5_17.2-1.pgdg120-p-_20250108.0535.g45aef9f_amd64//': java.io.IOException: Error downloading [https://apt.postgresql.org/pub/repos/apt/pool/main/p/postgresql-17/libpq5_17.2-1.pgdg120+~20250108.0535.g45aef9f_amd64.deb] to /data/h445xu/.cache/bazel/_bazel_hongxu/85d7af1b42f345277830af810140ea03/external/rules_distroless~~apt~apt_libpq5_17.2-1.pgdg120-p-_20250108.0535.g45aef9f_amd64/temp7229018195929756678/libpq5_17.2-1.pgdg120+~20250108.0535.g45aef9f_amd64.deb: GET returned 404 Not Found and referenced by '@@rules_distroless~~apt~apt//libpq5/amd64:data'
ERROR: /data/h445xu/.cache/bazel/_bazel_hongxu/85d7af1b42f345277830af810140ea03/external/rules_distroless~~apt~apt/postgresql-client-common/arm64/BUILD.bazel:1:6: no such package '@@rules_distroless~~apt~apt_postgresql-client-common_253.pgdg120-p-_20230725.2250.g53bdb68_arm64//': java.io.IOException: Error downloading [https://apt.postgresql.org/pub/repos/apt/pool/main/p/postgresql-common/postgresql-client-common_253.pgdg120+~20230725.2250.g53bdb68_all.deb] to /data/h445xu/.cache/bazel/_bazel_hongxu/85d7af1b42f345277830af810140ea03/external/rules_distroless~~apt~apt_postgresql-client-common_253.pgdg120-p-_20230725.2250.g53bdb68_arm64/temp4504820783597763072/postgresql-client-common_253.pgdg120+~20230725.2250.g53bdb68_all.deb: GET returned 404 Not Found and referenced by '@@rules_distroless~~apt~apt//postgresql-client-common/arm64:data'
ERROR: /data/h445xu/.cache/bazel/_bazel_hongxu/85d7af1b42f345277830af810140ea03/external/rules_distroless~~apt~apt/libpq5/arm64/BUILD.bazel:1:6: no such package '@@rules_distroless~~apt~apt_libpq5_17.2-1.pgdg120-p-_20250108.0535.g45aef9f_arm64//': java.io.IOException: Error downloading [https://apt.postgresql.org/pub/repos/apt/pool/main/p/postgresql-17/libpq5_17.2-1.pgdg120+~20250108.0535.g45aef9f_arm64.deb] to /data/h445xu/.cache/bazel/_bazel_hongxu/85d7af1b42f345277830af810140ea03/external/rules_distroless~~apt~apt_libpq5_17.2-1.pgdg120-p-_20250108.0535.g45aef9f_arm64/temp17655165138873445967/libpq5_17.2-1.pgdg120+~20250108.0535.g45aef9f_arm64.deb: GET returned 404 Not Found and referenced by '@@rules_distroless~~apt~apt//libpq5/arm64:data'
ERROR: /data/h445xu/.cache/bazel/_bazel_hongxu/85d7af1b42f345277830af810140ea03/external/rules_distroless~~apt~apt/postgresql-client-17/arm64/BUILD.bazel:7:6: no such package '@@rules_distroless~~apt~apt_postgresql-client-17_17.2-1.pgdg120-p-_20250108.0535.g45aef9f_arm64//': java.io.IOException: Error downloading [https://apt.postgresql.org/pub/repos/apt/pool/main/p/postgresql-17/postgresql-client-17_17.2-1.pgdg120+~20250108.0535.g45aef9f_arm64.deb] to /data/h445xu/.cache/bazel/_bazel_hongxu/85d7af1b42f345277830af810140ea03/external/rules_distroless~~apt~apt_postgresql-client-17_17.2-1.pgdg120-p-_20250108.0535.g45aef9f_arm64/temp7014936184539666795/postgresql-client-17_17.2-1.pgdg120+~20250108.0535.g45aef9f_arm64.deb: GET returned 404 Not Found and referenced by '@@rules_distroless~~apt~apt//postgresql-client-17/arm64:control'
ERROR: /data/h445xu/.cache/bazel/_bazel_hongxu/85d7af1b42f345277830af810140ea03/external/rules_distroless~~apt~apt/postgresql-client-17/amd64/BUILD.bazel:7:6: no such package '@@rules_distroless~~apt~apt_postgresql-client-17_17.2-1.pgdg120-p-_20250108.0535.g45aef9f_amd64//': java.io.IOException: Error downloading [https://apt.postgresql.org/pub/repos/apt/pool/main/p/postgresql-17/postgresql-client-17_17.2-1.pgdg120+~20250108.0535.g45aef9f_amd64.deb] to /data/h445xu/.cache/bazel/_bazel_hongxu/85d7af1b42f345277830af810140ea03/external/rules_distroless~~apt~apt_postgresql-client-17_17.2-1.pgdg120-p-_20250108.0535.g45aef9f_amd64/temp13406346355998549545/postgresql-client-17_17.2-1.pgdg120+~20250108.0535.g45aef9f_amd64.deb: GET returned 404 Not Found and referenced by '@@rules_distroless~~apt~apt//postgresql-client-17/amd64:control'
ERROR: /data/h445xu/.cache/bazel/_bazel_hongxu/85d7af1b42f345277830af810140ea03/external/rules_distroless~~apt~apt/postgresql-client-common/amd64/BUILD.bazel:1:6: no such package '@@rules_distroless~~apt~apt_postgresql-client-common_253.pgdg120-p-_20230725.2250.g53bdb68_amd64//': java.io.IOException: Error downloading [https://apt.postgresql.org/pub/repos/apt/pool/main/p/postgresql-common/postgresql-client-common_253.pgdg120+~20230725.2250.g53bdb68_all.deb] to /data/h445xu/.cache/bazel/_bazel_hongxu/85d7af1b42f345277830af810140ea03/external/rules_distroless~~apt~apt_postgresql-client-common_253.pgdg120-p-_20230725.2250.g53bdb68_amd64/temp15849238793025061610/postgresql-client-common_253.pgdg120+~20230725.2250.g53bdb68_all.deb: GET returned 404 Not Found and referenced by '@@rules_distroless~~apt~apt//postgresql-client-common/amd64:data'
ERROR: /data/h445xu/.cache/bazel/_bazel_hongxu/85d7af1b42f345277830af810140ea03/external/rules_distroless~~apt~apt/postgresql-client-17/arm64/BUILD.bazel:1:6: no such package '@@rules_distroless~~apt~apt_postgresql-client-17_17.2-1.pgdg120-p-_20250108.0535.g45aef9f_arm64//': java.io.IOException: Error downloading [https://apt.postgresql.org/pub/repos/apt/pool/main/p/postgresql-17/postgresql-client-17_17.2-1.pgdg120+~20250108.0535.g45aef9f_arm64.deb] to /data/h445xu/.cache/bazel/_bazel_hongxu/85d7af1b42f345277830af810140ea03/external/rules_distroless~~apt~apt_postgresql-client-17_17.2-1.pgdg120-p-_20250108.0535.g45aef9f_arm64/temp7014936184539666795/postgresql-client-17_17.2-1.pgdg120+~20250108.0535.g45aef9f_arm64.deb: GET returned 404 Not Found and referenced by '@@rules_distroless~~apt~apt//postgresql-client-17/arm64:data'
ERROR: /data/h445xu/.cache/bazel/_bazel_hongxu/85d7af1b42f345277830af810140ea03/external/rules_distroless~~apt~apt/postgresql-client-17/amd64/BUILD.bazel:1:6: no such package '@@rules_distroless~~apt~apt_postgresql-client-17_17.2-1.pgdg120-p-_20250108.0535.g45aef9f_amd64//': java.io.IOException: Error downloading [https://apt.postgresql.org/pub/repos/apt/pool/main/p/postgresql-17/postgresql-client-17_17.2-1.pgdg120+~20250108.0535.g45aef9f_amd64.deb] to /data/h445xu/.cache/bazel/_bazel_hongxu/85d7af1b42f345277830af810140ea03/external/rules_distroless~~apt~apt_postgresql-client-17_17.2-1.pgdg120-p-_20250108.0535.g45aef9f_amd64/temp13406346355998549545/postgresql-client-17_17.2-1.pgdg120+~20250108.0535.g45aef9f_amd64.deb: GET returned 404 Not Found and referenced by '@@rules_distroless~~apt~apt//postgresql-client-17/amd64:data'
ERROR: Evaluation of query "deps(//...)" failed: errors were encountered while computing transitive closure
WARNING: --keep_going specified, ignoring errors. Results may be inaccurate
Read 0 lines from bazel query output...
Read 1000 lines from bazel query output...
Read 2000 lines from bazel query output...
Read 3000 lines from bazel query output...
Read 4000 lines from bazel query output...
Read 5000 lines from bazel query output...
Read 6000 lines from bazel query output...
Read 7000 lines from bazel query output...
Read 8000 lines from bazel query output...
Read 9000 lines from bazel query output...
Read 10000 lines from bazel query output...
Read 11000 lines from bazel query output...
Read 12000 lines from bazel query output...
Read 13000 lines from bazel query output...
Read 14000 lines from bazel query output...
Read 15000 lines from bazel query output...
Read 16000 lines from bazel query output...
Read 17000 lines from bazel query output...
Read 18000 lines from bazel query output...
Read 19000 lines from bazel query output...
Read 20000 lines from bazel query output...
Read 21000 lines from bazel query output...
Read 22000 lines from bazel query output...
Read 23000 lines from bazel query output...
Read 24000 lines from bazel query output...
Read 25000 lines from bazel query output...
Read 26000 lines from bazel query output...
Read 27000 lines from bazel query output...
Read 28000 lines from bazel query output...
Read 29000 lines from bazel query output...
Read 30000 lines from bazel query output...
Read 31000 lines from bazel query output...
Read 32000 lines from bazel query output...
Read 33000 lines from bazel query output...
Read 34000 lines from bazel query output...
Read 35000 lines from bazel query output...
Read 36000 lines from bazel query output...
Read 37000 lines from bazel query output...
Read 38000 lines from bazel query output...
Read 39000 lines from bazel query output...
Read 40000 lines from bazel query output...
Read 41000 lines from bazel query output...
Read 42000 lines from bazel query output...
Read 43000 lines from bazel query output...
Read 44000 lines from bazel query output...
Read 45000 lines from bazel query output...
Read 46000 lines from bazel query output...
Read 47000 lines from bazel query output...
Read 48000 lines from bazel query output...
Read 49000 lines from bazel query output...
Read 50000 lines from bazel query output...
Read 51000 lines from bazel query output...
Read 52000 lines from bazel query output...
Read 53000 lines from bazel query output...
Read 54000 lines from bazel query output...
Read 55000 lines from bazel query output...
Read 56000 lines from bazel query output...
Read 57000 lines from bazel query output...
Read 58000 lines from bazel query output...
Read 59000 lines from bazel query output...
Read 60000 lines from bazel query output...
Read 61000 lines from bazel query output...
Read 62000 lines from bazel query output...
Read 63000 lines from bazel query output...
Read 64000 lines from bazel query output...
Read 65000 lines from bazel query output...
Read 66000 lines from bazel query output...
Read 67000 lines from bazel query output...
Read 68000 lines from bazel query output...
Read 69000 lines from bazel query output...
Read 70000 lines from bazel query output...
Read 71000 lines from bazel query output...
Read 72000 lines from bazel query output...
Read 73000 lines from bazel query output...
Read 74000 lines from bazel query output...
Read 75000 lines from bazel query output...
Read 76000 lines from bazel query output...
Read 77000 lines from bazel query output...
Read 78000 lines from bazel query output...
Read 79000 lines from bazel query output...
Read 80000 lines from bazel query output...
Read 81000 lines from bazel query output...
Read 82000 lines from bazel query output...
Read 83000 lines from bazel query output...
Read 84000 lines from bazel query output...
Read 85000 lines from bazel query output...
Read 86000 lines from bazel query output...
Read 87000 lines from bazel query output...
Read 88000 lines from bazel query output...
Read 89000 lines from bazel query output...
Read 90000 lines from bazel query output...
Read 91000 lines from bazel query output...
Read 92000 lines from bazel query output...
Read 93000 lines from bazel query output...
Read 94000 lines from bazel query output...
Read 95000 lines from bazel query output...
Read 96000 lines from bazel query output...
Read 97000 lines from bazel query output...
Read 98000 lines from bazel query output...
Read 99000 lines from bazel query output...
Read 100000 lines from bazel query output...
Read 101000 lines from bazel query output...
Read 102000 lines from bazel query output...
Read 103000 lines from bazel query output...
Read 104000 lines from bazel query output...
Read 105000 lines from bazel query output...
Read 106000 lines from bazel query output...
Read 107000 lines from bazel query output...
Read 108000 lines from bazel query output...
Read 109000 lines from bazel query output...
Read 110000 lines from bazel query output...
Read 111000 lines from bazel query output...
Read 112000 lines from bazel query output...
Read 113000 lines from bazel query output...
Read 114000 lines from bazel query output...
Read 115000 lines from bazel query output...
Read 116000 lines from bazel query output...
Read 117000 lines from bazel query output...
Read 118000 lines from bazel query output...
Read 119000 lines from bazel query output...
Read 120000 lines from bazel query output...
Read 121000 lines from bazel query output...
Read 122000 lines from bazel query output...
Read 123000 lines from bazel query output...
Read 124000 lines from bazel query output...
Read 125000 lines from bazel query output...
Read 126000 lines from bazel query output...
Read 127000 lines from bazel query output...
Read 128000 lines from bazel query output...
Read 129000 lines from bazel query output...
Read 130000 lines from bazel query output...
Read 131000 lines from bazel query output...
Read 132000 lines from bazel query output...
Read 133000 lines from bazel query output...
Read 134000 lines from bazel query output...
Read 135000 lines from bazel query output...
Read 136000 lines from bazel query output...
Read 137000 lines from bazel query output...
Read 138000 lines from bazel query output...
Read 139000 lines from bazel query output...
Read 140000 lines from bazel query output...
Read 141000 lines from bazel query output...
Read 142000 lines from bazel query output...
Read 143000 lines from bazel query output...
Read 144000 lines from bazel query output...
Read 145000 lines from bazel query output...
Read 146000 lines from bazel query output...
Read 147000 lines from bazel query output...
Read 148000 lines from bazel query output...
Read 149000 lines from bazel query output...
Read 150000 lines from bazel query output...
Read 151000 lines from bazel query output...
Read 152000 lines from bazel query output...
Read 153000 lines from bazel query output...
Read 154000 lines from bazel query output...
Read 155000 lines from bazel query output...
Read 156000 lines from bazel query output...
Read 157000 lines from bazel query output...
Read 158000 lines from bazel query output...
Read 159000 lines from bazel query output...
Read 160000 lines from bazel query output...
Read 161000 lines from bazel query output...
Read 162000 lines from bazel query output...
Read 163000 lines from bazel query output...
Read 164000 lines from bazel query output...
Read 165000 lines from bazel query output...
Read 166000 lines from bazel query output...
Read 167000 lines from bazel query output...
Read 168000 lines from bazel query output...
Read 169000 lines from bazel query output...
Read 170000 lines from bazel query output...
Read 171000 lines from bazel query output...
Read 172000 lines from bazel query output...
Read 173000 lines from bazel query output...
Read 174000 lines from bazel query output...
Read 175000 lines from bazel query output...
Read 176000 lines from bazel query output...
Read 177000 lines from bazel query output...
Read 178000 lines from bazel query output...
Read 179000 lines from bazel query output...
Read 180000 lines from bazel query output...
Read 181000 lines from bazel query output...
Read 182000 lines from bazel query output...
Read 183000 lines from bazel query output...
Read 184000 lines from bazel query output...
Read 185000 lines from bazel query output...
Read 186000 lines from bazel query output...
Read 187000 lines from bazel query output...
Read 188000 lines from bazel query output...
Read 189000 lines from bazel query output...
Read 190000 lines from bazel query output...
Read 191000 lines from bazel query output...
Read 192000 lines from bazel query output...
Read 193000 lines from bazel query output...
Read 194000 lines from bazel query output...
Read 195000 lines from bazel query output...
Read 196000 lines from bazel query output...
Read 197000 lines from bazel query output...
Read 198000 lines from bazel query output...
Read 199000 lines from bazel query output...
Read 200000 lines from bazel query output...
Read 201000 lines from bazel query output...
Read 202000 lines from bazel query output...
Read 203000 lines from bazel query output...
Read 204000 lines from bazel query output...
Read 205000 lines from bazel query output...
Read 206000 lines from bazel query output...
Read 207000 lines from bazel query output...
Read 208000 lines from bazel query output...
Read 209000 lines from bazel query output...
Read 210000 lines from bazel query output...
Read 211000 lines from bazel query output...
Read 212000 lines from bazel query output...
Read 213000 lines from bazel query output...
Read 214000 lines from bazel query output...
Read 215000 lines from bazel query output...
Read 216000 lines from bazel query output...
Read 217000 lines from bazel query output...
Read 218000 lines from bazel query output...
Read 219000 lines from bazel query output...
Read 220000 lines from bazel query output...
Read 221000 lines from bazel query output...
Read 222000 lines from bazel query output...
Read 223000 lines from bazel query output...
Read 224000 lines from bazel query output...
Read 225000 lines from bazel query output...
Read 226000 lines from bazel query output...
Read 227000 lines from bazel query output...
Read 228000 lines from bazel query output...
Read 229000 lines from bazel query output...
Read 230000 lines from bazel query output...
Read 231000 lines from bazel query output...
Read 232000 lines from bazel query output...
Read 233000 lines from bazel query output...
Read 234000 lines from bazel query output...
Read 235000 lines from bazel query output...
Read 236000 lines from bazel query output...
Read 237000 lines from bazel query output...
Read 238000 lines from bazel query output...
Read 239000 lines from bazel query output...
Read 240000 lines from bazel query output...
Read 241000 lines from bazel query output...
Read 242000 lines from bazel query output...
Read 243000 lines from bazel query output...
Read 244000 lines from bazel query output...
Read 245000 lines from bazel query output...
Read 246000 lines from bazel query output...
Read 247000 lines from bazel query output...
Read 248000 lines from bazel query output...
Read 249000 lines from bazel query output...
Read 250000 lines from bazel query output...
Read 251000 lines from bazel query output...
Read 252000 lines from bazel query output...
Read 253000 lines from bazel query output...
Read 254000 lines from bazel query output...
Read 255000 lines from bazel query output...
Read 256000 lines from bazel query output...
Read 257000 lines from bazel query output...
Read 258000 lines from bazel query output...
Read 259000 lines from bazel query output...
Read 260000 lines from bazel query output...
Read 261000 lines from bazel query output...
Read 262000 lines from bazel query output...
Read 263000 lines from bazel query output...
Read 264000 lines from bazel query output...
Read 265000 lines from bazel query output...
Read 266000 lines from bazel query output...
Read 267000 lines from bazel query output...
Read 268000 lines from bazel query output...
Read 269000 lines from bazel query output...
Read 270000 lines from bazel query output...
Read 271000 lines from bazel query output...
Read 272000 lines from bazel query output...
Read 273000 lines from bazel query output...
Read 274000 lines from bazel query output...
Read 275000 lines from bazel query output...
Read 276000 lines from bazel query output...
Read 277000 lines from bazel query output...
Read 278000 lines from bazel query output...
Read 279000 lines from bazel query output...
Read 280000 lines from bazel query output...
Read 281000 lines from bazel query output...
Read 282000 lines from bazel query output...
Read 283000 lines from bazel query output...
Read 284000 lines from bazel query output...
Read 285000 lines from bazel query output...
Read 286000 lines from bazel query output...
Read 287000 lines from bazel query output...
Read 288000 lines from bazel query output...
Read 289000 lines from bazel query output...
Read 290000 lines from bazel query output...
Read 291000 lines from bazel query output...
Read 292000 lines from bazel query output...
Read 293000 lines from bazel query output...
Read 294000 lines from bazel query output...
Read 295000 lines from bazel query output...
Read 296000 lines from bazel query output...
Read 297000 lines from bazel query output...
Read 298000 lines from bazel query output...
Read 299000 lines from bazel query output...
Read 300000 lines from bazel query output...
Read 301000 lines from bazel query output...
Read 302000 lines from bazel query output...
Read 303000 lines from bazel query output...
Read 304000 lines from bazel query output...
Read 305000 lines from bazel query output...
Read 306000 lines from bazel query output...
Read 307000 lines from bazel query output...
Read 308000 lines from bazel query output...
Read 309000 lines from bazel query output...
Read 310000 lines from bazel query output...
Read 311000 lines from bazel query output...
Read 312000 lines from bazel query output...
Read 313000 lines from bazel query output...
Read 314000 lines from bazel query output...
Read 315000 lines from bazel query output...
Read 316000 lines from bazel query output...
Read 317000 lines from bazel query output...
Read 318000 lines from bazel query output...
Read 319000 lines from bazel query output...
Read 320000 lines from bazel query output...
Read 321000 lines from bazel query output...
Read 322000 lines from bazel query output...
Read 323000 lines from bazel query output...
Read 324000 lines from bazel query output...
Read 325000 lines from bazel query output...
Read 326000 lines from bazel query output...
Read 327000 lines from bazel query output...
Read 328000 lines from bazel query output...
Read 329000 lines from bazel query output...
Read 330000 lines from bazel query output...
Read 331000 lines from bazel query output...
Read 332000 lines from bazel query output...
Read 333000 lines from bazel query output...
Read 334000 lines from bazel query output...
Read 335000 lines from bazel query output...
Read 336000 lines from bazel query output...
Read 337000 lines from bazel query output...
Read 338000 lines from bazel query output...
Read 339000 lines from bazel query output...
Read 340000 lines from bazel query output...
Read 341000 lines from bazel query output...
Read 342000 lines from bazel query output...
Read 343000 lines from bazel query output...
Read 344000 lines from bazel query output...
Read 345000 lines from bazel query output...
Read 346000 lines from bazel query output...
Read 347000 lines from bazel query output...
Read 348000 lines from bazel query output...
Read 349000 lines from bazel query output...
Read 350000 lines from bazel query output...
Read 351000 lines from bazel query output...
Read 352000 lines from bazel query output...
Read 353000 lines from bazel query output...
Read 354000 lines from bazel query output...
Read 355000 lines from bazel query output...
Read 356000 lines from bazel query output...
Read 357000 lines from bazel query output...
Read 358000 lines from bazel query output...
Read 359000 lines from bazel query output...
Read 360000 lines from bazel query output...
Read 361000 lines from bazel query output...
Read 362000 lines from bazel query output...
Read 363000 lines from bazel query output...
Read 364000 lines from bazel query output...
Read 365000 lines from bazel query output...
Read 366000 lines from bazel query output...
Read 367000 lines from bazel query output...
Read 368000 lines from bazel query output...
Read 369000 lines from bazel query output...
Read 370000 lines from bazel query output...
Read 371000 lines from bazel query output...
Read 372000 lines from bazel query output...
Read 373000 lines from bazel query output...
Read 374000 lines from bazel query output...
Read 375000 lines from bazel query output...
Read 376000 lines from bazel query output...
Read 377000 lines from bazel query output...
Read 378000 lines from bazel query output...
Read 379000 lines from bazel query output...
Read 380000 lines from bazel query output...
Read 381000 lines from bazel query output...
Read 382000 lines from bazel query output...
Read 383000 lines from bazel query output...
Read 384000 lines from bazel query output...
Read 385000 lines from bazel query output...
Read 386000 lines from bazel query output...
Read 387000 lines from bazel query output...
Read 388000 lines from bazel query output...
Read 389000 lines from bazel query output...
Read 390000 lines from bazel query output...
Read 391000 lines from bazel query output...
Read 392000 lines from bazel query output...
Read 393000 lines from bazel query output...
Read 394000 lines from bazel query output...
Read 395000 lines from bazel query output...
Read 396000 lines from bazel query output...
Read 397000 lines from bazel query output...
Read 398000 lines from bazel query output...
Read 399000 lines from bazel query output...
Read 400000 lines from bazel query output...
Read 401000 lines from bazel query output...
Read 402000 lines from bazel query output...
Read 403000 lines from bazel query output...
Read 404000 lines from bazel query output...
Read 405000 lines from bazel query output...
Read 406000 lines from bazel query output...
Read 407000 lines from bazel query output...
Read 408000 lines from bazel query output...
Read 409000 lines from bazel query output...
Read 410000 lines from bazel query output...
Read 411000 lines from bazel query output...
Read 412000 lines from bazel query output...
Read 413000 lines from bazel query output...
Read 414000 lines from bazel query output...
Read 415000 lines from bazel query output...
Read 416000 lines from bazel query output...
Read 417000 lines from bazel query output...
Read 418000 lines from bazel query output...
Read 419000 lines from bazel query output...
Read 420000 lines from bazel query output...
Read 421000 lines from bazel query output...
Read 422000 lines from bazel query output...
Read 423000 lines from bazel query output...
Read 424000 lines from bazel query output...
Read 425000 lines from bazel query output...
Read 426000 lines from bazel query output...
Read 427000 lines from bazel query output...
Read 428000 lines from bazel query output...
Read 429000 lines from bazel query output...
Read 430000 lines from bazel query output...
Read 431000 lines from bazel query output...
Read 432000 lines from bazel query output...
Read 433000 lines from bazel query output...
Read 434000 lines from bazel query output...
Read 435000 lines from bazel query output...
Read 436000 lines from bazel query output...
Read 437000 lines from bazel query output...
Read 438000 lines from bazel query output...
Read 439000 lines from bazel query output...
Read 440000 lines from bazel query output...
Read 441000 lines from bazel query output...
Read 442000 lines from bazel query output...
Read 443000 lines from bazel query output...
Read 444000 lines from bazel query output...
Read 445000 lines from bazel query output...
Read 446000 lines from bazel query output...
Read 447000 lines from bazel query output...
Read 448000 lines from bazel query output...
Read 449000 lines from bazel query output...
Read 450000 lines from bazel query output...
Read 451000 lines from bazel query output...
Read 452000 lines from bazel query output...
Read 453000 lines from bazel query output...
Read 454000 lines from bazel query output...
Read 455000 lines from bazel query output...
Read 456000 lines from bazel query output...
Read 457000 lines from bazel query output...
Read 458000 lines from bazel query output...
Read 459000 lines from bazel query output...
Read 460000 lines from bazel query output...
Read 461000 lines from bazel query output...
Read 462000 lines from bazel query output...
Read 463000 lines from bazel query output...
Read 464000 lines from bazel query output...
Read 465000 lines from bazel query output...
Read 466000 lines from bazel query output...
Read 467000 lines from bazel query output...
Read 468000 lines from bazel query output...
Read 469000 lines from bazel query output...
Read 470000 lines from bazel query output...
Read 471000 lines from bazel query output...
Read 472000 lines from bazel query output...
Read 473000 lines from bazel query output...
Read 474000 lines from bazel query output...
Read 475000 lines from bazel query output...
Read 476000 lines from bazel query output...
Read 477000 lines from bazel query output...
Read 478000 lines from bazel query output...
Read 479000 lines from bazel query output...
Read 480000 lines from bazel query output...
Read 481000 lines from bazel query output...
Read 482000 lines from bazel query output...
Read 483000 lines from bazel query output...
Read 484000 lines from bazel query output...
Read 485000 lines from bazel query output...
Read 486000 lines from bazel query output...
Read 487000 lines from bazel query output...
Read 488000 lines from bazel query output...
Read 489000 lines from bazel query output...
Read 490000 lines from bazel query output...
Read 491000 lines from bazel query output...
Read 492000 lines from bazel query output...
Read 493000 lines from bazel query output...
Read 494000 lines from bazel query output...
Read 495000 lines from bazel query output...
Read 496000 lines from bazel query output...
Read 497000 lines from bazel query output...
Read 498000 lines from bazel query output...
Read 499000 lines from bazel query output...
Read 500000 lines from bazel query output...
Read 501000 lines from bazel query output...
Read 502000 lines from bazel query output...
Read 503000 lines from bazel query output...
Read 504000 lines from bazel query output...
Read 505000 lines from bazel query output...
Read 506000 lines from bazel query output...
Read 507000 lines from bazel query output...
Read 508000 lines from bazel query output...
Read 509000 lines from bazel query output...
Read 510000 lines from bazel query output...
Read 511000 lines from bazel query output...
Read 512000 lines from bazel query output...
Read 513000 lines from bazel query output...
Read 514000 lines from bazel query output...
Read 515000 lines from bazel query output...
Read 516000 lines from bazel query output...
Read 517000 lines from bazel query output...
Read 518000 lines from bazel query output...
Read 519000 lines from bazel query output...
Read 520000 lines from bazel query output...
Read 521000 lines from bazel query output...
Read 522000 lines from bazel query output...
Read 523000 lines from bazel query output...
Read 524000 lines from bazel query output...
Read 525000 lines from bazel query output...
Read 526000 lines from bazel query output...
Read 527000 lines from bazel query output...
Read 528000 lines from bazel query output...
Read 529000 lines from bazel query output...
Read 530000 lines from bazel query output...
Read 531000 lines from bazel query output...
Read 532000 lines from bazel query output...
Read 533000 lines from bazel query output...
Read 534000 lines from bazel query output...
Read 535000 lines from bazel query output...
Read 536000 lines from bazel query output...
Read 537000 lines from bazel query output...
Read 538000 lines from bazel query output...
Read 539000 lines from bazel query output...
Read 540000 lines from bazel query output...
Read 541000 lines from bazel query output...
Read 542000 lines from bazel query output...
Read 543000 lines from bazel query output...
Read 544000 lines from bazel query output...
Read 545000 lines from bazel query output...
Read 546000 lines from bazel query output...
Read 547000 lines from bazel query output...
Read 548000 lines from bazel query output...
Read 549000 lines from bazel query output...
Read 550000 lines from bazel query output...
Read 551000 lines from bazel query output...
Read 552000 lines from bazel query output...
Read 553000 lines from bazel query output...
Read 554000 lines from bazel query output...
Read 555000 lines from bazel query output...
Read 556000 lines from bazel query output...
Read 557000 lines from bazel query output...
Read 558000 lines from bazel query output...
Read 559000 lines from bazel query output...
Read 560000 lines from bazel query output...
Read 561000 lines from bazel query output...
Read 562000 lines from bazel query output...
Read 563000 lines from bazel query output...
Read 564000 lines from bazel query output...
Read 565000 lines from bazel query output...
Read 566000 lines from bazel query output...
Read 567000 lines from bazel query output...
Read 568000 lines from bazel query output...
Read 569000 lines from bazel query output...
Read 570000 lines from bazel query output...
Read 571000 lines from bazel query output...
Read 572000 lines from bazel query output...
Read 573000 lines from bazel query output...
Read 574000 lines from bazel query output...
Read 575000 lines from bazel query output...
Read 576000 lines from bazel query output...
Read 577000 lines from bazel query output...
Read 578000 lines from bazel query output...
Read 579000 lines from bazel query output...
Read 580000 lines from bazel query output...
Read 581000 lines from bazel query output...
Read 582000 lines from bazel query output...
Read 583000 lines from bazel query output...
Read 584000 lines from bazel query output...
Read 585000 lines from bazel query output...
Read 586000 lines from bazel query output...
Read 587000 lines from bazel query output...
Read 588000 lines from bazel query output...
Read 589000 lines from bazel query output...
Read 590000 lines from bazel query output...
Read 591000 lines from bazel query output...
Read 592000 lines from bazel query output...
Read 593000 lines from bazel query output...
Read 594000 lines from bazel query output...
Read 595000 lines from bazel query output...
Read 596000 lines from bazel query output...
Read 597000 lines from bazel query output...
Read 598000 lines from bazel query output...
Read 599000 lines from bazel query output...
Read 600000 lines from bazel query output...
Read 601000 lines from bazel query output...
Read 602000 lines from bazel query output...
Read 603000 lines from bazel query output...
Read 604000 lines from bazel query output...
Read 605000 lines from bazel query output...
Read 606000 lines from bazel query output...
Read 607000 lines from bazel query output...
Read 608000 lines from bazel query output...
Read 609000 lines from bazel query output...
Read 610000 lines from bazel query output...
Read 611000 lines from bazel query output...
Read 612000 lines from bazel query output...
Read 613000 lines from bazel query output...
Read 614000 lines from bazel query output...
Read 615000 lines from bazel query output...
Read 616000 lines from bazel query output...
Read 617000 lines from bazel query output...
Read 618000 lines from bazel query output...
Read 619000 lines from bazel query output...
Read 620000 lines from bazel query output...
Read 621000 lines from bazel query output...
Read 622000 lines from bazel query output...
Read 623000 lines from bazel query output...
Read 624000 lines from bazel query output...
Read 625000 lines from bazel query output...
Read 626000 lines from bazel query output...
Read 627000 lines from bazel query output...
Read 628000 lines from bazel query output...
Read 629000 lines from bazel query output...
Read 630000 lines from bazel query output...
Read 631000 lines from bazel query output...
Read 632000 lines from bazel query output...
