Starting local Bazel server and connecting to it...
 no actions running
 no actions running
WARNING: For repository 'com_google_googletest', the root module requires module version googletest@1.14.0, but got googletest@1.15.2 in the resolved dependency graph.
WARNING: For repository 'rules_java', the root module requires module version rules_java@7.12.2, but got rules_java@8.5.1 in the resolved dependency graph.
WARNING: For repository 'rules_proto', the root module requires module version rules_proto@6.0.0, but got rules_proto@7.0.2 in the resolved dependency graph.
 no actions running
 no actions running
DEBUG: Rule 'com_google_differential_privacy' indicated that a canonical reproducible form can be obtained by modifying arguments shallow_since = "1647531742 +0100"
DEBUG: Repository com_google_differential_privacy instantiated at:
  /data/h445xu/repo/bazel-repos/cloned_repos/privacysandbox__aggregation-service/WORKSPACE.bzlmod:27:15: in <toplevel>
Repository rule git_repository defined at:
  /data/h445xu/.cache/bazel/_bazel_hongxu/5f4e46e66369b72475cb2b88b6c0bf6e/external/bazel_tools/tools/build_defs/repo/git.bzl:189:33: in <toplevel>
 no actions running
Loading: 0 packages loaded
Loading: 235 packages loaded
    currently loading: 
Loading: 235 packages loaded
    currently loading: 
Loading: 235 packages loaded
    currently loading: 
Loading: 235 packages loaded
    currently loading: 
Loading: 235 packages loaded
    currently loading: 
DEBUG: /data/h445xu/.cache/bazel/_bazel_hongxu/5f4e46e66369b72475cb2b88b6c0bf6e/external/rules_jvm_external~/private/extensions/maven.bzl:351:18: The maven repository 'maven' has contributions from multiple bzlmod modules, and will be resolved together: ["grpc-java", "privacy_sandbox_aggregation_service", "privacy_sandbox_coordinator_services_and_shared_libraries"]
DEBUG: /data/h445xu/.cache/bazel/_bazel_hongxu/5f4e46e66369b72475cb2b88b6c0bf6e/external/rules_jvm_external~/private/extensions/maven.bzl:351:18: The maven repository 'maven_yaml' has contributions from multiple bzlmod modules, and will be resolved together: ["privacy_sandbox_aggregation_service", "privacy_sandbox_coordinator_services_and_shared_libraries"]
DEBUG: /data/h445xu/.cache/bazel/_bazel_hongxu/5f4e46e66369b72475cb2b88b6c0bf6e/external/rules_jvm_external~/private/rules/coursier.bzl:754:18: Found duplicate artifact versions
    com.google.api.grpc:proto-google-common-protos has multiple versions 2.34.0, 2.48.0, 2.9.2
    com.google.auth:google-auth-library-oauth2-http has multiple versions 1.31.0, 1.24.1
    com.google.auto.value:auto-value-annotations has multiple versions 1.10.1, 1.11.0, 1.7.4
    com.google.auto.value:auto-value has multiple versions 1.10.1, 1.11.0, 1.7.4
    com.google.errorprone:error_prone_annotations has multiple versions 2.+, 2.30.0
    com.google.guava:guava has multiple versions 33.4.8-jre, 33.3.1-android, 33.3.1-jre
    com.google.truth:truth has multiple versions 1.3.0, 1.4.2, 1.4.4
    io.netty:netty-codec-http has multiple versions 4.1.115.Final, 4.1.110.Final
    com.amazonaws:aws-lambda-java-core has multiple versions 1.2.3, 1.2.1
    com.amazonaws:aws-lambda-java-events has multiple versions 3.11.3, 3.8.0
    com.amazonaws:aws-java-sdk-sqs has multiple versions 1.12.772, 1.11.860
    com.amazonaws:aws-java-sdk-s3 has multiple versions 1.12.772, 1.11.860
    com.amazonaws:aws-java-sdk-kms has multiple versions 1.12.772, 1.11.860
    com.amazonaws:aws-java-sdk-core has multiple versions 1.12.772, 1.11.860
    com.beust:jcommander has multiple versions 1.82, 1.81
    com.google.auto.factory:auto-factory has multiple versions 1.0.1, 1.0
    com.google.code.gson:gson has multiple versions 2.11.0, 2.8.9
    com.google.cloud.functions:functions-framework-api has multiple versions 1.1.0, 1.1.4
    commons-logging:commons-logging has multiple versions 1.3.0, 1.1.1
    com.google.api:gax has multiple versions 2.38.0, 2.20.1
    com.google.http-client:google-http-client-jackson2 has multiple versions 1.43.3, 1.45.3
    com.google.protobuf:protobuf-java has multiple versions 4.28.3, 4.29.3
    com.google.protobuf:protobuf-java-util has multiple versions 4.28.3, 4.29.3
    com.google.cloud:google-cloud-monitoring has multiple versions 3.35.0, 3.58.0
    com.google.api.grpc:proto-google-cloud-monitoring-v3 has multiple versions 3.35.0, 3.58.0
    com.google.guava:guava-testlib has multiple versions 33.4.8-jre, 32.1.3-jre
    com.google.jimfs:jimfs has multiple versions 1.3.0, 1.2
    com.google.testparameterinjector:test-parameter-injector has multiple versions 1.15, 1.1
    com.google.truth.extensions:truth-java8-extension has multiple versions 1.3.0, 1.1.2
    com.google.truth.extensions:truth-proto-extension has multiple versions 1.3.0, 1.4.4
    com.jayway.jsonpath:json-path has multiple versions 2.9.0, 2.5.0
    junit:junit has multiple versions 4.13.2, 4.12
    org.apache.avro:avro has multiple versions 1.12.0, 1.10.2
    org.apache.httpcomponents:httpcore has multiple versions 4.4.16, 4.4.14
    org.apache.httpcomponents:httpclient has multiple versions 4.5.14, 4.5.13
    org.apache.httpcomponents.client5:httpclient5 has multiple versions 5.3, 5.1.3
    org.apache.httpcomponents.core5:httpcore5 has multiple versions 5.2.4, 5.1.4
    org.apache.httpcomponents.core5:httpcore5-h2 has multiple versions 5.2.4, 5.1.4
    org.apache.logging.log4j:log4j-1.2-api has multiple versions 2.22.1, 2.17.0
    org.apache.logging.log4j:log4j-core has multiple versions 2.22.1, 2.17.0
    org.awaitility:awaitility has multiple versions 3.1.6, 3.0.0
    org.hamcrest:hamcrest-library has multiple versions 2.2, 1.3
    org.mockito:mockito-core has multiple versions 4.11.0, 3.11.2
    org.slf4j:slf4j-api has multiple versions 2.0.11, 2.0.16
    org.slf4j:slf4j-simple has multiple versions 2.0.11, 2.0.16
    org.slf4j:slf4j-log4j12 has multiple versions 1.7.33, 2.0.16
    org.testcontainers:testcontainers has multiple versions 1.21.1, 1.15.3
    org.testcontainers:localstack has multiple versions 1.19.3, 1.15.3
    software.amazon.awssdk:aws-sdk-java has multiple versions 2.21.16, 2.21.17
    software.amazon.awssdk:dynamodb-enhanced has multiple versions 2.21.16, 2.21.17
    software.amazon.awssdk:dynamodb has multiple versions 2.21.16, 2.21.17
    software.amazon.awssdk:ec2 has multiple versions 2.21.16, 2.21.17
    software.amazon.awssdk:regions has multiple versions 2.21.16, 2.21.17
    software.amazon.awssdk:s3 has multiple versions 2.21.16, 2.21.17
    software.amazon.awssdk:s3-transfer-manager has multiple versions 2.21.16, 2.20.130
    software.amazon.awssdk:aws-core has multiple versions 2.21.16, 2.21.17
    software.amazon.awssdk:ssm has multiple versions 2.21.16, 2.21.17
    software.amazon.awssdk:sts has multiple versions 2.21.16, 2.21.17
    software.amazon.awssdk:sqs has multiple versions 2.21.16, 2.21.17
    software.amazon.awssdk:url-connection-client has multiple versions 2.21.16, 2.21.17
    software.amazon.awssdk:utils has multiple versions 2.21.16, 2.21.17
    software.amazon.awssdk:auth has multiple versions 2.21.16, 2.21.17
    software.amazon.awssdk:lambda has multiple versions 2.21.16, 2.21.17
    com.google.crypto.tink:tink has multiple versions 1.13.0, 1.11.0
    com.google.crypto.tink:tink-gcpkms has multiple versions 1.9.0, 1.10.0
    com.google.cloud.opentelemetry:exporter-metrics has multiple versions 0.33.0, 0.31.0
    io.opentelemetry:opentelemetry-api has multiple versions 1.43.0, 1.38.0
    io.opentelemetry:opentelemetry-sdk has multiple versions 1.43.0, 1.38.0
    io.opentelemetry:opentelemetry-sdk-common has multiple versions 1.43.0, 1.38.0
    io.opentelemetry:opentelemetry-sdk-metrics has multiple versions 1.43.0, 1.38.0
    io.opentelemetry.contrib:opentelemetry-gcp-resources has multiple versions 1.43.0-alpha, 1.38.0-alpha
    io.opentelemetry:opentelemetry-sdk-extension-autoconfigure-spi has multiple versions 1.43.0, 1.38.0
    io.opentelemetry:opentelemetry-sdk-testing has multiple versions 1.43.0, 1.38.0
Please remove duplicate artifacts from the artifact list so you do not get unexpected artifact versions
Loading: 395 packages loaded
    currently loading: @@privacy_sandbox_coordinator_services_and_shared_libraries~//cc/public/cpio/proto/job_service/v1
Loading: 494 packages loaded
    currently loading: @@privacy_sandbox_coordinator_services_and_shared_libraries~//cc/public/cpio/proto/job_service/v1
Loading: 530 packages loaded
DEBUG: /data/h445xu/.cache/bazel/_bazel_hongxu/5f4e46e66369b72475cb2b88b6c0bf6e/external/protobuf~/protobuf.bzl:650:10: The py_proto_library macro is deprecated and will be removed in the 30.x release. switch to the rule defined by rules_python or the one in bazel/py_proto_library.bzl.
Loading: 696 packages loaded
Loading: 850 packages loaded
Loading: 898 packages loaded
Loading: 954 packages loaded
Loading: 1010 packages loaded
    currently loading: @@rules_jvm_external~~maven~software_amazon_awssdk_mediatailor_2_21_17//file
Loading: 1059 packages loaded
Loading: 1094 packages loaded
Loading: 1135 packages loaded
Loading: 1188 packages loaded
Loading: 1229 packages loaded
Loading: 1229 packages loaded
Read 0 lines from bazel query output...
Read 1000 lines from bazel query output...
Read 2000 lines from bazel query output...
Read 3000 lines from bazel query output...
Read 4000 lines from bazel query output...
Read 5000 lines from bazel query output...
Read 6000 lines from bazel query output...
Read 7000 lines from bazel query output...
Read 8000 lines from bazel query output...
Read 9000 lines from bazel query output...
Read 10000 lines from bazel query output...
Read 11000 lines from bazel query output...
Read 12000 lines from bazel query output...
Read 13000 lines from bazel query output...
Read 14000 lines from bazel query output...
Read 15000 lines from bazel query output...
Read 16000 lines from bazel query output...
Read 17000 lines from bazel query output...
Read 18000 lines from bazel query output...
Read 19000 lines from bazel query output...
Read 20000 lines from bazel query output...
Read 21000 lines from bazel query output...
Read 22000 lines from bazel query output...
Read 23000 lines from bazel query output...
Read 24000 lines from bazel query output...
Read 25000 lines from bazel query output...
Read 26000 lines from bazel query output...
Read 27000 lines from bazel query output...
Read 28000 lines from bazel query output...
Read 29000 lines from bazel query output...
Read 30000 lines from bazel query output...
Read 31000 lines from bazel query output...
Read 32000 lines from bazel query output...
Read 33000 lines from bazel query output...
Read 34000 lines from bazel query output...
Read 35000 lines from bazel query output...
Read 36000 lines from bazel query output...
Read 37000 lines from bazel query output...
Read 38000 lines from bazel query output...
Read 39000 lines from bazel query output...
Read 40000 lines from bazel query output...
Read 41000 lines from bazel query output...
Read 42000 lines from bazel query output...
Read 43000 lines from bazel query output...
Read 44000 lines from bazel query output...
Read 45000 lines from bazel query output...
Read 46000 lines from bazel query output...
Read 47000 lines from bazel query output...
Read 48000 lines from bazel query output...
Read 49000 lines from bazel query output...
Read 50000 lines from bazel query output...
Read 51000 lines from bazel query output...
Read 52000 lines from bazel query output...
Read 53000 lines from bazel query output...
Read 54000 lines from bazel query output...
Read 55000 lines from bazel query output...
Read 56000 lines from bazel query output...
Read 57000 lines from bazel query output...
Read 58000 lines from bazel query output...
Read 59000 lines from bazel query output...
Read 60000 lines from bazel query output...
Read 61000 lines from bazel query output...
Read 62000 lines from bazel query output...
Read 63000 lines from bazel query output...
Read 64000 lines from bazel query output...
Read 65000 lines from bazel query output...
Read 66000 lines from bazel query output...
Read 67000 lines from bazel query output...
Read 68000 lines from bazel query output...
Read 69000 lines from bazel query output...
Read 70000 lines from bazel query output...
Read 71000 lines from bazel query output...
Read 72000 lines from bazel query output...
Read 73000 lines from bazel query output...
Read 74000 lines from bazel query output...
Read 75000 lines from bazel query output...
Read 76000 lines from bazel query output...
Read 77000 lines from bazel query output...
Read 78000 lines from bazel query output...
Read 79000 lines from bazel query output...
Read 80000 lines from bazel query output...
Read 81000 lines from bazel query output...
Read 82000 lines from bazel query output...
Read 83000 lines from bazel query output...
Read 84000 lines from bazel query output...
Read 85000 lines from bazel query output...
Read 86000 lines from bazel query output...
Read 87000 lines from bazel query output...
Read 88000 lines from bazel query output...
Read 89000 lines from bazel query output...
Read 90000 lines from bazel query output...
