Starting local Bazel server and connecting to it...
 no actions running
 no actions running
 no actions running
 no actions running
 no actions running
 no actions running
 no actions running
 no actions running
 no actions running
 no actions running
 no actions running
 no actions running
 no actions running
 no actions running
 no actions running
 no actions running
 no actions running
 no actions running
 no actions running
 no actions running
 no actions running
 no actions running
 no actions running
 no actions running
 no actions running
 no actions running
 no actions running
 no actions running
DEBUG: Rule 'rust_linux_x86_64__x86_64-unknown-linux-gnu__nightly_tools' indicated that a canonical reproducible form can be obtained by modifying arguments sha256s = {"2025-04-03/cargo-nightly-x86_64-unknown-linux-gnu.tar.xz": "adfe5bd8fb807bfd8fee2ede9d88853837ba9dcf14dd701edeb33a8c9d84a6f2", "2025-04-03/clippy-nightly-x86_64-unknown-linux-gnu.tar.xz": "06839db5cd1810032a3115211b558b257c75f8459645265e310f0c518c9ad2d8", "2025-04-03/llvm-tools-nightly-x86_64-unknown-linux-gnu.tar.xz": "e2adf4c25541e7abf7e0c4e6586c94ac662fb9ae3e78b1f7310789bfc1cb5860", "2025-04-03/rust-std-nightly-x86_64-unknown-linux-gnu.tar.xz": "6b3b7dc16ccb0204bcc2fc381ffe69d1eaddf326583c11d24699797ebd0778c6", "2025-04-03/rust-std-nightly-wasm32-unknown-unknown.tar.xz": "e9e98ec5cb439842c2eaa14abeaacbb22e0da169dadb18f1f6de7ffadb3b4829", "2025-04-03/rustc-nightly-x86_64-unknown-linux-gnu.tar.xz": "2418663236236373c3d278e6e602ef5ad3158b9cebd5c1095f7916dbd9c9b891", "2025-04-03/rustfmt-nightly-x86_64-unknown-linux-gnu.tar.xz": "f8876b429b1ad9dfd5ece1e47947b39b20a0ecc56b1c76a614c4af5797152d86", "2025-04-03/cargo-nightly-aarch64-apple-darwin.tar.xz": "482f5759a9e985fefe139f9a64a18dd28f99719f14207b403b447e6fa19d2d7b", "2025-04-03/clippy-nightly-aarch64-apple-darwin.tar.xz": "d8a46adc0171899706a0cc98d60a57369dbc4b109d3f052e2bc043028d77d682", "2025-04-03/llvm-tools-nightly-aarch64-apple-darwin.tar.xz": "68017935fc80042ed5b47cafe4d92bb006d5a4652b8da02d09adaa531a1694e2", "2025-04-03/rust-std-nightly-aarch64-apple-darwin.tar.xz": "004a7fee96f35e258fa7fcbf66b06c6a53426365715fc02cfcba3ed0a8d1832c", "2025-04-03/rustc-nightly-aarch64-apple-darwin.tar.xz": "6538a7232af263e84a4aac73d6858b6e9b44478bd48f16b1c53c027ab0278ad1", "2025-04-03/rustfmt-nightly-aarch64-apple-darwin.tar.xz": "52e7e729422369382a32a29ab3b208dfe79027d83416e136c100ab31bed74caf", "2025-03-01/rustc-nightly-x86_64-unknown-linux-gnu.tar.xz": "089b01d390bf42e40b2f1eb960033bba83b54c5b70c2d457e0a31ecb99e87f11", "2025-03-01/clippy-nightly-x86_64-unknown-linux-gnu.tar.xz": "f5cb5053fee14e60bac386caf37a3542f6ac34fd73076e9329e4aac2e6caf640", "2025-03-01/cargo-nightly-x86_64-unknown-linux-gnu.tar.xz": "9dfde3b932a240ed7adbef95f9d1437681137c6e0b71ad95b2579cada0623e26", "2025-03-01/rustfmt-nightly-x86_64-unknown-linux-gnu.tar.xz": "4f6b4fdcf919e8358b4001d220e2a62208765308dcc8504051c2d3c03efe7fce", "2025-03-01/llvm-tools-nightly-x86_64-unknown-linux-gnu.tar.xz": "22ed657fa3092f172cda7ff2c68d560f03e312d0b0d643356d89f4254e858c92", "2025-03-01/rust-std-nightly-x86_64-unknown-linux-gnu.tar.xz": "bbfecef0f783ff9fde8485c3739ca71f549e44d9633e58ed5086cf7a09da3fd9"}
DEBUG: Repository rust_linux_x86_64__x86_64-unknown-linux-gnu__nightly_tools instantiated at:
  /data/h445xu/repo/bazel-repos/cloned_repos/project-oak__oak/WORKSPACE:37:24: in <toplevel>
  /data/h445xu/repo/bazel-repos/cloned_repos/project-oak__oak/bazel/rust/defs.bzl:61:29: in setup_rust_dependencies
  /data/h445xu/.cache/bazel/_bazel_hongxu/4258a5a6b9a8a69ec05717cb6bac019c/external/rules_rust~/rust/repositories.bzl:257:14: in rust_register_toolchains
  /data/h445xu/.cache/bazel/_bazel_hongxu/4258a5a6b9a8a69ec05717cb6bac019c/external/bazel_tools/tools/build_defs/repo/utils.bzl:268:18: in maybe
  /data/h445xu/.cache/bazel/_bazel_hongxu/4258a5a6b9a8a69ec05717cb6bac019c/external/rules_rust~/rust/repositories.bzl:1195:51: in rust_repository_set
  /data/h445xu/.cache/bazel/_bazel_hongxu/4258a5a6b9a8a69ec05717cb6bac019c/external/rules_rust~/rust/repositories.bzl:666:36: in rust_toolchain_repository
Repository rule rust_toolchain_tools_repository defined at:
  /data/h445xu/.cache/bazel/_bazel_hongxu/4258a5a6b9a8a69ec05717cb6bac019c/external/rules_rust~/rust/repositories.bzl:544:50: in <toplevel>
 no actions running
 no actions running
Loading: 0 packages loaded
Loading: 82 packages loaded
    currently loading: trex/sigstore_client ... (58 packages)
Loading: 190 packages loaded
    currently loading: micro_rpc_tests/proto ... (43 packages)
Loading: 190 packages loaded
    currently loading: micro_rpc_tests/proto ... (43 packages)
Loading: 229 packages loaded
    currently loading: oak_containers/examples/hello_world/proto ... (4 packages)
Loading: 400 packages loaded
    currently loading: @@grpc~// ... (25 packages)
DEBUG: /data/h445xu/.cache/bazel/_bazel_hongxu/4258a5a6b9a8a69ec05717cb6bac019c/external/rules_jvm_external~/private/extensions/maven.bzl:351:18: The maven repository 'maven' has contributions from multiple bzlmod modules, and will be resolved together: ["bazel_worker_java", "grpc-java", "oak", "protobuf"]
INFO: Repository _main~nix_repos~nix_linux_kernel instantiated at:
  <builtin>: in <toplevel>
Repository rule _nixpkgs_package defined at:
  /data/h445xu/.cache/bazel/_bazel_hongxu/4258a5a6b9a8a69ec05717cb6bac019c/external/rules_nixpkgs_core~/nixpkgs.bzl:594:35: in <toplevel>
INFO: Repository _main~nix_repos~nix_vanilla_linux_kernel instantiated at:
  <builtin>: in <toplevel>
Repository rule _nixpkgs_package defined at:
  /data/h445xu/.cache/bazel/_bazel_hongxu/4258a5a6b9a8a69ec05717cb6bac019c/external/rules_nixpkgs_core~/nixpkgs.bzl:594:35: in <toplevel>
ERROR: /data/h445xu/.cache/bazel/_bazel_hongxu/4258a5a6b9a8a69ec05717cb6bac019c/external/rules_nixpkgs_core~/nixpkgs.bzl:545:13: An error occurred during the fetch of repository '_main~nix_repos~nix_vanilla_linux_kernel':
   Traceback (most recent call last):
	File "/data/h445xu/.cache/bazel/_bazel_hongxu/4258a5a6b9a8a69ec05717cb6bac019c/external/rules_nixpkgs_core~/nixpkgs.bzl", line 545, column 13, in _nixpkgs_package_impl
		fail("Platform is not supported: nix-build not found in PATH. See attribute fail_not_supported if you don't want to use Nix.")
Error in fail: Platform is not supported: nix-build not found in PATH. See attribute fail_not_supported if you don't want to use Nix.
ERROR: /data/h445xu/.cache/bazel/_bazel_hongxu/4258a5a6b9a8a69ec05717cb6bac019c/external/rules_nixpkgs_core~/nixpkgs.bzl:545:13: An error occurred during the fetch of repository '_main~nix_repos~nix_linux_kernel':
   Traceback (most recent call last):
	File "/data/h445xu/.cache/bazel/_bazel_hongxu/4258a5a6b9a8a69ec05717cb6bac019c/external/rules_nixpkgs_core~/nixpkgs.bzl", line 545, column 13, in _nixpkgs_package_impl
		fail("Platform is not supported: nix-build not found in PATH. See attribute fail_not_supported if you don't want to use Nix.")
Error in fail: Platform is not supported: nix-build not found in PATH. See attribute fail_not_supported if you don't want to use Nix.
ERROR: /data/h445xu/repo/bazel-repos/cloned_repos/project-oak__oak/oak_containers/kernel/BUILD:26:10: no such package '@@_main~nix_repos~nix_linux_kernel//': Platform is not supported: nix-build not found in PATH. See attribute fail_not_supported if you don't want to use Nix. and referenced by '//oak_containers/kernel:kernel'
ERROR: /data/h445xu/repo/bazel-repos/cloned_repos/project-oak__oak/oak_containers/kernel/BUILD:32:8: no such package '@@_main~nix_repos~nix_linux_kernel//': Platform is not supported: nix-build not found in PATH. See attribute fail_not_supported if you don't want to use Nix. and referenced by '//oak_containers/kernel:generate_kernel_sha256'
ERROR: /data/h445xu/repo/bazel-repos/cloned_repos/project-oak__oak/oak_containers/kernel/BUILD:39:8: no such package '@@_main~nix_repos~nix_vanilla_linux_kernel//': Platform is not supported: nix-build not found in PATH. See attribute fail_not_supported if you don't want to use Nix. and referenced by '//oak_containers/kernel:generate_vanilla_kernel_sha256'
Loading: 766 packages loaded
    currently loading: @@grpc~// ... (9 packages)
WARNING: /data/h445xu/.cache/bazel/_bazel_hongxu/4258a5a6b9a8a69ec05717cb6bac019c/external/grpc~/src/compiler/BUILD:87:18: target 'grpc_cpp_plugin' is both a rule and a file; please choose another name for the rule
Loading: 928 packages loaded
    currently loading: @@grpc~// ... (4 packages)
WARNING: /data/h445xu/.cache/bazel/_bazel_hongxu/4258a5a6b9a8a69ec05717cb6bac019c/external/grpc~/src/compiler/BUILD:93:18: target 'grpc_csharp_plugin' is both a rule and a file; please choose another name for the rule
WARNING: /data/h445xu/.cache/bazel/_bazel_hongxu/4258a5a6b9a8a69ec05717cb6bac019c/external/grpc~/src/compiler/BUILD:99:18: target 'grpc_node_plugin' is both a rule and a file; please choose another name for the rule
WARNING: /data/h445xu/.cache/bazel/_bazel_hongxu/4258a5a6b9a8a69ec05717cb6bac019c/external/grpc~/src/compiler/BUILD:105:18: target 'grpc_objective_c_plugin' is both a rule and a file; please choose another name for the rule
WARNING: /data/h445xu/.cache/bazel/_bazel_hongxu/4258a5a6b9a8a69ec05717cb6bac019c/external/grpc~/src/compiler/BUILD:111:18: target 'grpc_php_plugin' is both a rule and a file; please choose another name for the rule
WARNING: /data/h445xu/.cache/bazel/_bazel_hongxu/4258a5a6b9a8a69ec05717cb6bac019c/external/grpc~/src/compiler/BUILD:117:18: target 'grpc_python_plugin' is both a rule and a file; please choose another name for the rule
WARNING: /data/h445xu/.cache/bazel/_bazel_hongxu/4258a5a6b9a8a69ec05717cb6bac019c/external/grpc~/src/compiler/BUILD:123:18: target 'grpc_ruby_plugin' is both a rule and a file; please choose another name for the rule
Loading: 948 packages loaded
    currently loading: @@rules_android~//src/tools/split_core_jar ... (4 packages)
ERROR: /data/h445xu/.cache/bazel/_bazel_hongxu/4258a5a6b9a8a69ec05717cb6bac019c/external/protobuf~/python/BUILD.bazel:14:14: no such package '@@[unknown repo 'system_python' requested from @@protobuf~]//': The repository '@@[unknown repo 'system_python' requested from @@protobuf~]' could not be resolved: No repository visible as '@system_python' from repository '@@protobuf~' and referenced by '@@protobuf~//python:proto_api'
Loading: 999 packages loaded
    currently loading: @@rules_android~//src/tools/split_core_jar ... (7 packages)
DEBUG: /data/h445xu/.cache/bazel/_bazel_hongxu/4258a5a6b9a8a69ec05717cb6bac019c/external/rules_jvm_external~/private/rules/coursier.bzl:754:18: Found duplicate artifact versions
    com.google.errorprone:error_prone_annotations has multiple versions 2.38.0, 2.30.0, 2.5.1, 2.23.0
    com.google.code.gson:gson has multiple versions 2.11.0, 2.8.9, 2.10.1
    com.google.guava:guava has multiple versions 33.3.1-android, 32.0.1-jre, 33.0.0-jre
    com.google.truth:truth has multiple versions 1.4.2, 1.4.0
Please remove duplicate artifacts from the artifact list so you do not get unexpected artifact versions
ERROR: /data/h445xu/.cache/bazel/_bazel_hongxu/4258a5a6b9a8a69ec05717cb6bac019c/external/protobuf~/python/BUILD.bazel:14:14: error loading package '@@protobuf~//python/dist': Unable to find package for @@[unknown repo 'protobuf_pip_deps' requested from @@protobuf~]//:requirements.bzl: The repository '@@[unknown repo 'protobuf_pip_deps' requested from @@protobuf~]' could not be resolved: No repository visible as '@protobuf_pip_deps' from repository '@@protobuf~'. and referenced by '@@protobuf~//python:google/protobuf/internal/_api_implementation.so'
ERROR: /data/h445xu/.cache/bazel/_bazel_hongxu/4258a5a6b9a8a69ec05717cb6bac019c/external/protobuf~/python/BUILD.bazel:14:14: no such package '@@[unknown repo 'system_python' requested from @@protobuf~]//': The repository '@@[unknown repo 'system_python' requested from @@protobuf~]' could not be resolved: No repository visible as '@system_python' from repository '@@protobuf~' and referenced by '@@protobuf~//python:google/protobuf/internal/_api_implementation.so'
ERROR: /data/h445xu/.cache/bazel/_bazel_hongxu/4258a5a6b9a8a69ec05717cb6bac019c/external/protobuf~/python/BUILD.bazel:14:14: error loading package '@@protobuf~//python/dist': Unable to find package for @@[unknown repo 'protobuf_pip_deps' requested from @@protobuf~]//:requirements.bzl: The repository '@@[unknown repo 'protobuf_pip_deps' requested from @@protobuf~]' could not be resolved: No repository visible as '@protobuf_pip_deps' from repository '@@protobuf~'. and referenced by '@@protobuf~//python:google/protobuf/pyext/_message.so'
ERROR: /data/h445xu/.cache/bazel/_bazel_hongxu/4258a5a6b9a8a69ec05717cb6bac019c/external/protobuf~/python/BUILD.bazel:14:14: no such package '@@[unknown repo 'system_python' requested from @@protobuf~]//': The repository '@@[unknown repo 'system_python' requested from @@protobuf~]' could not be resolved: No repository visible as '@system_python' from repository '@@protobuf~' and referenced by '@@protobuf~//python:google/protobuf/pyext/_message.so'
Loading: 1097 packages loaded
    currently loading: @@rules_android~//src/tools/split_core_jar ... (14 packages)
DEBUG: /data/h445xu/.cache/bazel/_bazel_hongxu/4258a5a6b9a8a69ec05717cb6bac019c/external/gazelle~/internal/bzlmod/go_deps.bzl:571:40: 

Mismatch between versions requested for module github.com/bazelbuild/rules_go
Bazel dependency version requested in MODULE.bazel: 0.51.0-rc2
Go module version requested in go.mod: 0.50.1
Please resolve this mismatch to prevent discrepancies between native Go and Bazel builds

Loading: 1318 packages loaded
    currently loading: @@protobuf~//python/dist
Loading: 1352 packages loaded
    currently loading: @@protobuf~//python/dist ... (2 packages)
Loading: 1425 packages loaded
    currently loading: @@protobuf~//python/dist
Loading: 1460 packages loaded
    currently loading: @@protobuf~//python/dist
Loading: 1474 packages loaded
    currently loading: @@protobuf~//python/dist
Loading: 1483 packages loaded
    currently loading: @@protobuf~//python/dist
Loading: 1483 packages loaded
    currently loading: @@protobuf~//python/dist
Loading: 1484 packages loaded
    currently loading: @@protobuf~//python/dist
Loading: 1485 packages loaded
    currently loading: @@protobuf~//python/dist
Loading: 1485 packages loaded
    currently loading: @@protobuf~//python/dist
Loading: 1485 packages loaded
    currently loading: @@protobuf~//python/dist
Loading: 1485 packages loaded
    currently loading: @@protobuf~//python/dist
Loading: 1485 packages loaded
    currently loading: @@protobuf~//python/dist
Loading: 1485 packages loaded
    currently loading: @@protobuf~//python/dist
Loading: 1485 packages loaded
    currently loading: @@protobuf~//python/dist
Loading: 1485 packages loaded
    currently loading: @@protobuf~//python/dist
Loading: 1485 packages loaded
    currently loading: @@protobuf~//python/dist
Loading: 1485 packages loaded
    currently loading: @@protobuf~//python/dist
Loading: 1485 packages loaded
    currently loading: @@protobuf~//python/dist
Loading: 1485 packages loaded
    currently loading: @@protobuf~//python/dist
Loading: 1486 packages loaded
    currently loading: @@protobuf~//python/dist
Loading: 1486 packages loaded
    currently loading: @@protobuf~//python/dist
Loading: 1486 packages loaded
    currently loading: @@protobuf~//python/dist
Loading: 1486 packages loaded
    currently loading: @@protobuf~//python/dist
Loading: 1486 packages loaded
    currently loading: @@protobuf~//python/dist
Loading: 1486 packages loaded
    currently loading: @@protobuf~//python/dist
ERROR: /data/h445xu/.cache/bazel/_bazel_hongxu/4258a5a6b9a8a69ec05717cb6bac019c/external/rules_android~/tools/jdk/BUILD:41:15: no such target '@@rules_android~~android_sdk_repository_extension~androidsdk//:core-for-system-modules-jar': target 'core-for-system-modules-jar' not declared in package '' defined by /data/h445xu/.cache/bazel/_bazel_hongxu/4258a5a6b9a8a69ec05717cb6bac019c/external/rules_android~~android_sdk_repository_extension~androidsdk/BUILD.bazel and referenced by '@@rules_android~//tools/jdk:bootclasspath_android_only'
Loading: 1487 packages loaded
    currently loading: @@protobuf~//python/dist
Loading: 1487 packages loaded
    currently loading: @@protobuf~//python/dist
Loading: 1487 packages loaded
    currently loading: @@protobuf~//python/dist
Loading: 1487 packages loaded
    currently loading: @@protobuf~//python/dist
Loading: 1493 packages loaded
    currently loading: @@protobuf~//python/dist
Loading: 1493 packages loaded
    currently loading: @@protobuf~//python/dist
DEBUG: Rule 'rust_toolchain_repo__x86_64-unknown-none__nightly_tools' indicated that a canonical reproducible form can be obtained by modifying arguments sha256s = {"2025-04-03/cargo-nightly-x86_64-unknown-linux-gnu.tar.xz": "adfe5bd8fb807bfd8fee2ede9d88853837ba9dcf14dd701edeb33a8c9d84a6f2", "2025-04-03/clippy-nightly-x86_64-unknown-linux-gnu.tar.xz": "06839db5cd1810032a3115211b558b257c75f8459645265e310f0c518c9ad2d8", "2025-04-03/llvm-tools-nightly-x86_64-unknown-linux-gnu.tar.xz": "e2adf4c25541e7abf7e0c4e6586c94ac662fb9ae3e78b1f7310789bfc1cb5860", "2025-04-03/rust-std-nightly-x86_64-unknown-linux-gnu.tar.xz": "6b3b7dc16ccb0204bcc2fc381ffe69d1eaddf326583c11d24699797ebd0778c6", "2025-04-03/rust-std-nightly-wasm32-unknown-unknown.tar.xz": "e9e98ec5cb439842c2eaa14abeaacbb22e0da169dadb18f1f6de7ffadb3b4829", "2025-04-03/rustc-nightly-x86_64-unknown-linux-gnu.tar.xz": "2418663236236373c3d278e6e602ef5ad3158b9cebd5c1095f7916dbd9c9b891", "2025-04-03/rustfmt-nightly-x86_64-unknown-linux-gnu.tar.xz": "f8876b429b1ad9dfd5ece1e47947b39b20a0ecc56b1c76a614c4af5797152d86", "2025-04-03/cargo-nightly-aarch64-apple-darwin.tar.xz": "482f5759a9e985fefe139f9a64a18dd28f99719f14207b403b447e6fa19d2d7b", "2025-04-03/clippy-nightly-aarch64-apple-darwin.tar.xz": "d8a46adc0171899706a0cc98d60a57369dbc4b109d3f052e2bc043028d77d682", "2025-04-03/llvm-tools-nightly-aarch64-apple-darwin.tar.xz": "68017935fc80042ed5b47cafe4d92bb006d5a4652b8da02d09adaa531a1694e2", "2025-04-03/rust-std-nightly-aarch64-apple-darwin.tar.xz": "004a7fee96f35e258fa7fcbf66b06c6a53426365715fc02cfcba3ed0a8d1832c", "2025-04-03/rustc-nightly-aarch64-apple-darwin.tar.xz": "6538a7232af263e84a4aac73d6858b6e9b44478bd48f16b1c53c027ab0278ad1", "2025-04-03/rustfmt-nightly-aarch64-apple-darwin.tar.xz": "52e7e729422369382a32a29ab3b208dfe79027d83416e136c100ab31bed74caf", "2025-03-01/rustc-nightly-x86_64-unknown-linux-gnu.tar.xz": "089b01d390bf42e40b2f1eb960033bba83b54c5b70c2d457e0a31ecb99e87f11", "2025-03-01/clippy-nightly-x86_64-unknown-linux-gnu.tar.xz": "f5cb5053fee14e60bac386caf37a3542f6ac34fd73076e9329e4aac2e6caf640", "2025-03-01/cargo-nightly-x86_64-unknown-linux-gnu.tar.xz": "9dfde3b932a240ed7adbef95f9d1437681137c6e0b71ad95b2579cada0623e26", "2025-03-01/llvm-tools-nightly-x86_64-unknown-linux-gnu.tar.xz": "22ed657fa3092f172cda7ff2c68d560f03e312d0b0d643356d89f4254e858c92", "2025-03-01/rust-std-nightly-x86_64-unknown-none.tar.xz": "77ee6bffcfd1383903eb5ea095a2a06ae58b8c30312deda75b562402f56dadb0"}
DEBUG: Repository rust_toolchain_repo__x86_64-unknown-none__nightly_tools instantiated at:
  /data/h445xu/repo/bazel-repos/cloned_repos/project-oak__oak/WORKSPACE:37:24: in <toplevel>
  /data/h445xu/repo/bazel-repos/cloned_repos/project-oak__oak/bazel/rust/defs.bzl:69:24: in setup_rust_dependencies
  /data/h445xu/.cache/bazel/_bazel_hongxu/4258a5a6b9a8a69ec05717cb6bac019c/external/rules_rust~/rust/repositories.bzl:1195:51: in rust_repository_set
  /data/h445xu/.cache/bazel/_bazel_hongxu/4258a5a6b9a8a69ec05717cb6bac019c/external/rules_rust~/rust/repositories.bzl:666:36: in rust_toolchain_repository
Repository rule rust_toolchain_tools_repository defined at:
  /data/h445xu/.cache/bazel/_bazel_hongxu/4258a5a6b9a8a69ec05717cb6bac019c/external/rules_rust~/rust/repositories.bzl:544:50: in <toplevel>
Loading: 1494 packages loaded
    currently loading: @@protobuf~//python/dist
Loading: 1494 packages loaded
    currently loading: @@protobuf~//python/dist
Loading: 1494 packages loaded
    currently loading: @@protobuf~//python/dist
Loading: 1494 packages loaded
    currently loading: @@protobuf~//python/dist
Loading: 1494 packages loaded
    currently loading: @@protobuf~//python/dist
Loading: 1494 packages loaded
    currently loading: @@protobuf~//python/dist
Loading: 1494 packages loaded
    currently loading: @@protobuf~//python/dist
Loading: 1494 packages loaded
    currently loading: @@protobuf~//python/dist
Loading: 1494 packages loaded
    currently loading: @@protobuf~//python/dist
Loading: 1494 packages loaded
    currently loading: @@protobuf~//python/dist
Loading: 1494 packages loaded
    currently loading: @@protobuf~//python/dist
Loading: 1494 packages loaded
    currently loading: @@protobuf~//python/dist
Loading: 1494 packages loaded
    currently loading: @@protobuf~//python/dist
Loading: 1494 packages loaded
    currently loading: @@protobuf~//python/dist
Loading: 1494 packages loaded
    currently loading: @@protobuf~//python/dist
Loading: 1494 packages loaded
    currently loading: @@protobuf~//python/dist
Loading: 1494 packages loaded
    currently loading: @@protobuf~//python/dist
Loading: 1494 packages loaded
    currently loading: @@protobuf~//python/dist
Loading: 1494 packages loaded
    currently loading: @@protobuf~//python/dist
Loading: 1494 packages loaded
    currently loading: @@protobuf~//python/dist
Loading: 1494 packages loaded
    currently loading: @@protobuf~//python/dist
Loading: 1494 packages loaded
    currently loading: @@protobuf~//python/dist
Loading: 1494 packages loaded
    currently loading: @@protobuf~//python/dist
Loading: 1494 packages loaded
    currently loading: @@protobuf~//python/dist
DEBUG: /data/h445xu/.cache/bazel/_bazel_hongxu/4258a5a6b9a8a69ec05717cb6bac019c/external/rules_jvm_external~/private/lib/coordinates.bzl:76:18: Assuming androidx.annotation:annotation-experimental:aar:1.1.0 should be interpreted as androidx.annotation:annotation-experimental:1.1.0@aar
DEBUG: /data/h445xu/.cache/bazel/_bazel_hongxu/4258a5a6b9a8a69ec05717cb6bac019c/external/rules_jvm_external~/private/lib/coordinates.bzl:76:18: Assuming androidx.annotation:annotation-experimental:aar:1.1.0 should be interpreted as androidx.annotation:annotation-experimental:1.1.0@aar
DEBUG: /data/h445xu/.cache/bazel/_bazel_hongxu/4258a5a6b9a8a69ec05717cb6bac019c/external/rules_jvm_external~/private/lib/coordinates.bzl:76:18: Assuming androidx.annotation:annotation-experimental:aar:1.1.0 should be interpreted as androidx.annotation:annotation-experimental:1.1.0@aar
DEBUG: /data/h445xu/.cache/bazel/_bazel_hongxu/4258a5a6b9a8a69ec05717cb6bac019c/external/rules_jvm_external~/private/lib/coordinates.bzl:76:18: Assuming androidx.annotation:annotation-experimental:aar:1.1.0 should be interpreted as androidx.annotation:annotation-experimental:1.1.0@aar
DEBUG: /data/h445xu/.cache/bazel/_bazel_hongxu/4258a5a6b9a8a69ec05717cb6bac019c/external/rules_jvm_external~/private/lib/coordinates.bzl:76:18: Assuming androidx.annotation:annotation-experimental:aar:1.1.0 should be interpreted as androidx.annotation:annotation-experimental:1.1.0@aar
DEBUG: /data/h445xu/.cache/bazel/_bazel_hongxu/4258a5a6b9a8a69ec05717cb6bac019c/external/rules_jvm_external~/private/lib/coordinates.bzl:76:18: Assuming androidx.test.espresso:espresso-idling-resource:aar:3.6.1 should be interpreted as androidx.test.espresso:espresso-idling-resource:3.6.1@aar
DEBUG: /data/h445xu/.cache/bazel/_bazel_hongxu/4258a5a6b9a8a69ec05717cb6bac019c/external/rules_jvm_external~/private/lib/coordinates.bzl:76:18: Assuming androidx.test.espresso:espresso-idling-resource:aar:3.6.1 should be interpreted as androidx.test.espresso:espresso-idling-resource:3.6.1@aar
DEBUG: /data/h445xu/.cache/bazel/_bazel_hongxu/4258a5a6b9a8a69ec05717cb6bac019c/external/rules_jvm_external~/private/lib/coordinates.bzl:76:18: Assuming androidx.test.espresso:espresso-idling-resource:aar:3.6.1 should be interpreted as androidx.test.espresso:espresso-idling-resource:3.6.1@aar
DEBUG: /data/h445xu/.cache/bazel/_bazel_hongxu/4258a5a6b9a8a69ec05717cb6bac019c/external/rules_jvm_external~/private/lib/coordinates.bzl:76:18: Assuming androidx.test.espresso:espresso-idling-resource:aar:3.6.1 should be interpreted as androidx.test.espresso:espresso-idling-resource:3.6.1@aar
DEBUG: /data/h445xu/.cache/bazel/_bazel_hongxu/4258a5a6b9a8a69ec05717cb6bac019c/external/rules_jvm_external~/private/lib/coordinates.bzl:76:18: Assuming androidx.test.espresso:espresso-idling-resource:aar:3.6.1 should be interpreted as androidx.test.espresso:espresso-idling-resource:3.6.1@aar
DEBUG: /data/h445xu/.cache/bazel/_bazel_hongxu/4258a5a6b9a8a69ec05717cb6bac019c/external/rules_jvm_external~/private/lib/coordinates.bzl:76:18: Assuming androidx.test.ext:junit:aar:1.2.0-alpha01 should be interpreted as androidx.test.ext:junit:1.2.0-alpha01@aar
DEBUG: /data/h445xu/.cache/bazel/_bazel_hongxu/4258a5a6b9a8a69ec05717cb6bac019c/external/rules_jvm_external~/private/lib/coordinates.bzl:76:18: Assuming androidx.test.ext:junit:aar:1.2.0-alpha01 should be interpreted as androidx.test.ext:junit:1.2.0-alpha01@aar
DEBUG: /data/h445xu/.cache/bazel/_bazel_hongxu/4258a5a6b9a8a69ec05717cb6bac019c/external/rules_jvm_external~/private/lib/coordinates.bzl:76:18: Assuming androidx.test.ext:junit:aar:1.2.0-alpha01 should be interpreted as androidx.test.ext:junit:1.2.0-alpha01@aar
DEBUG: /data/h445xu/.cache/bazel/_bazel_hongxu/4258a5a6b9a8a69ec05717cb6bac019c/external/rules_jvm_external~/private/lib/coordinates.bzl:76:18: Assuming androidx.test.ext:junit:aar:1.2.0-alpha01 should be interpreted as androidx.test.ext:junit:1.2.0-alpha01@aar
DEBUG: /data/h445xu/.cache/bazel/_bazel_hongxu/4258a5a6b9a8a69ec05717cb6bac019c/external/rules_jvm_external~/private/lib/coordinates.bzl:76:18: Assuming androidx.test.services:storage:aar:3.141.59-fake should be interpreted as androidx.test.services:storage:3.141.59-fake@aar
DEBUG: /data/h445xu/.cache/bazel/_bazel_hongxu/4258a5a6b9a8a69ec05717cb6bac019c/external/rules_jvm_external~/private/lib/coordinates.bzl:76:18: Assuming androidx.test.services:storage:aar:3.141.59-fake should be interpreted as androidx.test.services:storage:3.141.59-fake@aar
DEBUG: /data/h445xu/.cache/bazel/_bazel_hongxu/4258a5a6b9a8a69ec05717cb6bac019c/external/rules_jvm_external~/private/lib/coordinates.bzl:76:18: Assuming androidx.test.ext:junit:aar:1.2.0-alpha01 should be interpreted as androidx.test.ext:junit:1.2.0-alpha01@aar
DEBUG: /data/h445xu/.cache/bazel/_bazel_hongxu/4258a5a6b9a8a69ec05717cb6bac019c/external/rules_jvm_external~/private/lib/coordinates.bzl:76:18: Assuming androidx.test.services:storage:aar:3.141.59-fake should be interpreted as androidx.test.services:storage:3.141.59-fake@aar
DEBUG: /data/h445xu/.cache/bazel/_bazel_hongxu/4258a5a6b9a8a69ec05717cb6bac019c/external/rules_jvm_external~/private/lib/coordinates.bzl:76:18: Assuming androidx.test:core:aar:3.141.59-fake should be interpreted as androidx.test:core:3.141.59-fake@aar
DEBUG: /data/h445xu/.cache/bazel/_bazel_hongxu/4258a5a6b9a8a69ec05717cb6bac019c/external/rules_jvm_external~/private/lib/coordinates.bzl:76:18: Assuming androidx.test:core:aar:3.141.59-fake should be interpreted as androidx.test:core:3.141.59-fake@aar
DEBUG: /data/h445xu/.cache/bazel/_bazel_hongxu/4258a5a6b9a8a69ec05717cb6bac019c/external/rules_jvm_external~/private/lib/coordinates.bzl:76:18: Assuming androidx.test.ext:junit:aar:1.2.0-alpha01 should be interpreted as androidx.test.ext:junit:1.2.0-alpha01@aar
DEBUG: /data/h445xu/.cache/bazel/_bazel_hongxu/4258a5a6b9a8a69ec05717cb6bac019c/external/rules_jvm_external~/private/lib/coordinates.bzl:76:18: Assuming androidx.test:core:aar:3.141.59-fake should be interpreted as androidx.test:core:3.141.59-fake@aar
DEBUG: /data/h445xu/.cache/bazel/_bazel_hongxu/4258a5a6b9a8a69ec05717cb6bac019c/external/rules_jvm_external~/private/lib/coordinates.bzl:76:18: Assuming androidx.test:monitor:aar:3.141.59-fake should be interpreted as androidx.test:monitor:3.141.59-fake@aar
DEBUG: /data/h445xu/.cache/bazel/_bazel_hongxu/4258a5a6b9a8a69ec05717cb6bac019c/external/rules_jvm_external~/private/lib/coordinates.bzl:76:18: Assuming androidx.test:monitor:aar:3.141.59-fake should be interpreted as androidx.test:monitor:3.141.59-fake@aar
DEBUG: /data/h445xu/.cache/bazel/_bazel_hongxu/4258a5a6b9a8a69ec05717cb6bac019c/external/rules_jvm_external~/private/lib/coordinates.bzl:76:18: Assuming androidx.test.ext:junit:aar:1.2.0-alpha01 should be interpreted as androidx.test.ext:junit:1.2.0-alpha01@aar
DEBUG: /data/h445xu/.cache/bazel/_bazel_hongxu/4258a5a6b9a8a69ec05717cb6bac019c/external/rules_jvm_external~/private/lib/coordinates.bzl:76:18: Assuming androidx.test:monitor:aar:3.141.59-fake should be interpreted as androidx.test:monitor:3.141.59-fake@aar
DEBUG: /data/h445xu/.cache/bazel/_bazel_hongxu/4258a5a6b9a8a69ec05717cb6bac019c/external/rules_jvm_external~/private/lib/coordinates.bzl:76:18: Assuming androidx.test.ext:junit:aar:1.2.0-alpha01 should be interpreted as androidx.test.ext:junit:1.2.0-alpha01@aar
DEBUG: /data/h445xu/.cache/bazel/_bazel_hongxu/4258a5a6b9a8a69ec05717cb6bac019c/external/rules_jvm_external~/private/lib/coordinates.bzl:76:18: Assuming androidx.test.ext:junit:aar:1.2.0-alpha01 should be interpreted as androidx.test.ext:junit:1.2.0-alpha01@aar
DEBUG: /data/h445xu/.cache/bazel/_bazel_hongxu/4258a5a6b9a8a69ec05717cb6bac019c/external/rules_jvm_external~/private/lib/coordinates.bzl:76:18: Assuming androidx.test.ext:junit:aar:1.2.0-alpha01 should be interpreted as androidx.test.ext:junit:1.2.0-alpha01@aar
DEBUG: /data/h445xu/.cache/bazel/_bazel_hongxu/4258a5a6b9a8a69ec05717cb6bac019c/external/rules_jvm_external~/private/lib/coordinates.bzl:76:18: Assuming androidx.test.services:storage:aar:1.5.0-alpha01 should be interpreted as androidx.test.services:storage:1.5.0-alpha01@aar
DEBUG: /data/h445xu/.cache/bazel/_bazel_hongxu/4258a5a6b9a8a69ec05717cb6bac019c/external/rules_jvm_external~/private/lib/coordinates.bzl:76:18: Assuming androidx.test.services:storage:aar:1.5.0-alpha01 should be interpreted as androidx.test.services:storage:1.5.0-alpha01@aar
DEBUG: /data/h445xu/.cache/bazel/_bazel_hongxu/4258a5a6b9a8a69ec05717cb6bac019c/external/rules_jvm_external~/private/lib/coordinates.bzl:76:18: Assuming androidx.test.services:storage:aar:1.5.0-alpha01 should be interpreted as androidx.test.services:storage:1.5.0-alpha01@aar
DEBUG: /data/h445xu/.cache/bazel/_bazel_hongxu/4258a5a6b9a8a69ec05717cb6bac019c/external/rules_jvm_external~/private/lib/coordinates.bzl:76:18: Assuming androidx.test.services:storage:aar:1.5.0-alpha01 should be interpreted as androidx.test.services:storage:1.5.0-alpha01@aar
DEBUG: /data/h445xu/.cache/bazel/_bazel_hongxu/4258a5a6b9a8a69ec05717cb6bac019c/external/rules_jvm_external~/private/lib/coordinates.bzl:76:18: Assuming androidx.test:annotation:aar:3.141.59-fake should be interpreted as androidx.test:annotation:3.141.59-fake@aar
DEBUG: /data/h445xu/.cache/bazel/_bazel_hongxu/4258a5a6b9a8a69ec05717cb6bac019c/external/rules_jvm_external~/private/lib/coordinates.bzl:76:18: Assuming androidx.test:annotation:aar:3.141.59-fake should be interpreted as androidx.test:annotation:3.141.59-fake@aar
DEBUG: /data/h445xu/.cache/bazel/_bazel_hongxu/4258a5a6b9a8a69ec05717cb6bac019c/external/rules_jvm_external~/private/lib/coordinates.bzl:76:18: Assuming androidx.test.services:storage:aar:1.5.0-alpha01 should be interpreted as androidx.test.services:storage:1.5.0-alpha01@aar
DEBUG: /data/h445xu/.cache/bazel/_bazel_hongxu/4258a5a6b9a8a69ec05717cb6bac019c/external/rules_jvm_external~/private/lib/coordinates.bzl:76:18: Assuming androidx.test:annotation:aar:3.141.59-fake should be interpreted as androidx.test:annotation:3.141.59-fake@aar
DEBUG: /data/h445xu/.cache/bazel/_bazel_hongxu/4258a5a6b9a8a69ec05717cb6bac019c/external/rules_jvm_external~/private/lib/coordinates.bzl:76:18: Assuming androidx.test:monitor:aar:3.141.59-fake should be interpreted as androidx.test:monitor:3.141.59-fake@aar
DEBUG: /data/h445xu/.cache/bazel/_bazel_hongxu/4258a5a6b9a8a69ec05717cb6bac019c/external/rules_jvm_external~/private/lib/coordinates.bzl:76:18: Assuming androidx.test:monitor:aar:3.141.59-fake should be interpreted as androidx.test:monitor:3.141.59-fake@aar
DEBUG: /data/h445xu/.cache/bazel/_bazel_hongxu/4258a5a6b9a8a69ec05717cb6bac019c/external/rules_jvm_external~/private/lib/coordinates.bzl:76:18: Assuming androidx.test.services:storage:aar:1.5.0-alpha01 should be interpreted as androidx.test.services:storage:1.5.0-alpha01@aar
DEBUG: /data/h445xu/.cache/bazel/_bazel_hongxu/4258a5a6b9a8a69ec05717cb6bac019c/external/rules_jvm_external~/private/lib/coordinates.bzl:76:18: Assuming androidx.test:monitor:aar:3.141.59-fake should be interpreted as androidx.test:monitor:3.141.59-fake@aar
DEBUG: /data/h445xu/.cache/bazel/_bazel_hongxu/4258a5a6b9a8a69ec05717cb6bac019c/external/rules_jvm_external~/private/lib/coordinates.bzl:76:18: Assuming androidx.test.services:storage:aar:1.5.0-alpha01 should be interpreted as androidx.test.services:storage:1.5.0-alpha01@aar
DEBUG: /data/h445xu/.cache/bazel/_bazel_hongxu/4258a5a6b9a8a69ec05717cb6bac019c/external/rules_jvm_external~/private/lib/coordinates.bzl:76:18: Assuming androidx.test.services:storage:aar:1.5.0-alpha01 should be interpreted as androidx.test.services:storage:1.5.0-alpha01@aar
DEBUG: /data/h445xu/.cache/bazel/_bazel_hongxu/4258a5a6b9a8a69ec05717cb6bac019c/external/rules_jvm_external~/private/lib/coordinates.bzl:76:18: Assuming androidx.test:annotation:aar:1.1.0-alpha01 should be interpreted as androidx.test:annotation:1.1.0-alpha01@aar
DEBUG: /data/h445xu/.cache/bazel/_bazel_hongxu/4258a5a6b9a8a69ec05717cb6bac019c/external/rules_jvm_external~/private/lib/coordinates.bzl:76:18: Assuming androidx.test:annotation:aar:1.1.0-alpha01 should be interpreted as androidx.test:annotation:1.1.0-alpha01@aar
DEBUG: /data/h445xu/.cache/bazel/_bazel_hongxu/4258a5a6b9a8a69ec05717cb6bac019c/external/rules_jvm_external~/private/lib/coordinates.bzl:76:18: Assuming androidx.test:annotation:aar:1.1.0-alpha01 should be interpreted as androidx.test:annotation:1.1.0-alpha01@aar
DEBUG: /data/h445xu/.cache/bazel/_bazel_hongxu/4258a5a6b9a8a69ec05717cb6bac019c/external/rules_jvm_external~/private/lib/coordinates.bzl:76:18: Assuming androidx.test:annotation:aar:1.1.0-alpha01 should be interpreted as androidx.test:annotation:1.1.0-alpha01@aar
DEBUG: /data/h445xu/.cache/bazel/_bazel_hongxu/4258a5a6b9a8a69ec05717cb6bac019c/external/rules_jvm_external~/private/lib/coordinates.bzl:76:18: Assuming androidx.annotation:annotation-experimental:aar:3.141.59-fake should be interpreted as androidx.annotation:annotation-experimental:3.141.59-fake@aar
DEBUG: /data/h445xu/.cache/bazel/_bazel_hongxu/4258a5a6b9a8a69ec05717cb6bac019c/external/rules_jvm_external~/private/lib/coordinates.bzl:76:18: Assuming androidx.annotation:annotation-experimental:aar:3.141.59-fake should be interpreted as androidx.annotation:annotation-experimental:3.141.59-fake@aar
DEBUG: /data/h445xu/.cache/bazel/_bazel_hongxu/4258a5a6b9a8a69ec05717cb6bac019c/external/rules_jvm_external~/private/lib/coordinates.bzl:76:18: Assuming androidx.test:annotation:aar:1.1.0-alpha01 should be interpreted as androidx.test:annotation:1.1.0-alpha01@aar
DEBUG: /data/h445xu/.cache/bazel/_bazel_hongxu/4258a5a6b9a8a69ec05717cb6bac019c/external/rules_jvm_external~/private/lib/coordinates.bzl:76:18: Assuming androidx.annotation:annotation-experimental:aar:3.141.59-fake should be interpreted as androidx.annotation:annotation-experimental:3.141.59-fake@aar
DEBUG: /data/h445xu/.cache/bazel/_bazel_hongxu/4258a5a6b9a8a69ec05717cb6bac019c/external/rules_jvm_external~/private/lib/coordinates.bzl:76:18: Assuming androidx.test:annotation:aar:1.1.0-alpha01 should be interpreted as androidx.test:annotation:1.1.0-alpha01@aar
DEBUG: /data/h445xu/.cache/bazel/_bazel_hongxu/4258a5a6b9a8a69ec05717cb6bac019c/external/rules_jvm_external~/private/lib/coordinates.bzl:76:18: Assuming androidx.test:annotation:aar:1.1.0-alpha01 should be interpreted as androidx.test:annotation:1.1.0-alpha01@aar
DEBUG: /data/h445xu/.cache/bazel/_bazel_hongxu/4258a5a6b9a8a69ec05717cb6bac019c/external/rules_jvm_external~/private/lib/coordinates.bzl:76:18: Assuming androidx.test:core:aar:1.6.0-alpha01 should be interpreted as androidx.test:core:1.6.0-alpha01@aar
DEBUG: /data/h445xu/.cache/bazel/_bazel_hongxu/4258a5a6b9a8a69ec05717cb6bac019c/external/rules_jvm_external~/private/lib/coordinates.bzl:76:18: Assuming androidx.test:core:aar:1.6.0-alpha01 should be interpreted as androidx.test:core:1.6.0-alpha01@aar
DEBUG: /data/h445xu/.cache/bazel/_bazel_hongxu/4258a5a6b9a8a69ec05717cb6bac019c/external/rules_jvm_external~/private/lib/coordinates.bzl:76:18: Assuming androidx.test:core:aar:1.6.0-alpha01 should be interpreted as androidx.test:core:1.6.0-alpha01@aar
DEBUG: /data/h445xu/.cache/bazel/_bazel_hongxu/4258a5a6b9a8a69ec05717cb6bac019c/external/rules_jvm_external~/private/lib/coordinates.bzl:76:18: Assuming androidx.test:core:aar:1.6.0-alpha01 should be interpreted as androidx.test:core:1.6.0-alpha01@aar
DEBUG: /data/h445xu/.cache/bazel/_bazel_hongxu/4258a5a6b9a8a69ec05717cb6bac019c/external/rules_jvm_external~/private/lib/coordinates.bzl:76:18: Assuming androidx.test:core:aar:1.6.0-alpha01 should be interpreted as androidx.test:core:1.6.0-alpha01@aar
DEBUG: /data/h445xu/.cache/bazel/_bazel_hongxu/4258a5a6b9a8a69ec05717cb6bac019c/external/rules_jvm_external~/private/lib/coordinates.bzl:76:18: Assuming androidx.test:core:aar:1.6.0-alpha01 should be interpreted as androidx.test:core:1.6.0-alpha01@aar
DEBUG: /data/h445xu/.cache/bazel/_bazel_hongxu/4258a5a6b9a8a69ec05717cb6bac019c/external/rules_jvm_external~/private/lib/coordinates.bzl:76:18: Assuming androidx.test.services:storage:aar:3.141.59-fake should be interpreted as androidx.test.services:storage:3.141.59-fake@aar
DEBUG: /data/h445xu/.cache/bazel/_bazel_hongxu/4258a5a6b9a8a69ec05717cb6bac019c/external/rules_jvm_external~/private/lib/coordinates.bzl:76:18: Assuming androidx.test.services:storage:aar:3.141.59-fake should be interpreted as androidx.test.services:storage:3.141.59-fake@aar
DEBUG: /data/h445xu/.cache/bazel/_bazel_hongxu/4258a5a6b9a8a69ec05717cb6bac019c/external/rules_jvm_external~/private/lib/coordinates.bzl:76:18: Assuming androidx.test:core:aar:1.6.0-alpha01 should be interpreted as androidx.test:core:1.6.0-alpha01@aar
DEBUG: /data/h445xu/.cache/bazel/_bazel_hongxu/4258a5a6b9a8a69ec05717cb6bac019c/external/rules_jvm_external~/private/lib/coordinates.bzl:76:18: Assuming androidx.test.services:storage:aar:3.141.59-fake should be interpreted as androidx.test.services:storage:3.141.59-fake@aar
DEBUG: /data/h445xu/.cache/bazel/_bazel_hongxu/4258a5a6b9a8a69ec05717cb6bac019c/external/rules_jvm_external~/private/lib/coordinates.bzl:76:18: Assuming androidx.test:annotation:aar:3.141.59-fake should be interpreted as androidx.test:annotation:3.141.59-fake@aar
DEBUG: /data/h445xu/.cache/bazel/_bazel_hongxu/4258a5a6b9a8a69ec05717cb6bac019c/external/rules_jvm_external~/private/lib/coordinates.bzl:76:18: Assuming androidx.test:annotation:aar:3.141.59-fake should be interpreted as androidx.test:annotation:3.141.59-fake@aar
DEBUG: /data/h445xu/.cache/bazel/_bazel_hongxu/4258a5a6b9a8a69ec05717cb6bac019c/external/rules_jvm_external~/private/lib/coordinates.bzl:76:18: Assuming androidx.test:core:aar:1.6.0-alpha01 should be interpreted as androidx.test:core:1.6.0-alpha01@aar
DEBUG: /data/h445xu/.cache/bazel/_bazel_hongxu/4258a5a6b9a8a69ec05717cb6bac019c/external/rules_jvm_external~/private/lib/coordinates.bzl:76:18: Assuming androidx.test:annotation:aar:3.141.59-fake should be interpreted as androidx.test:annotation:3.141.59-fake@aar
DEBUG: /data/h445xu/.cache/bazel/_bazel_hongxu/4258a5a6b9a8a69ec05717cb6bac019c/external/rules_jvm_external~/private/lib/coordinates.bzl:76:18: Assuming androidx.test:monitor:aar:3.141.59-fake should be interpreted as androidx.test:monitor:3.141.59-fake@aar
DEBUG: /data/h445xu/.cache/bazel/_bazel_hongxu/4258a5a6b9a8a69ec05717cb6bac019c/external/rules_jvm_external~/private/lib/coordinates.bzl:76:18: Assuming androidx.test:monitor:aar:3.141.59-fake should be interpreted as androidx.test:monitor:3.141.59-fake@aar
DEBUG: /data/h445xu/.cache/bazel/_bazel_hongxu/4258a5a6b9a8a69ec05717cb6bac019c/external/rules_jvm_external~/private/lib/coordinates.bzl:76:18: Assuming androidx.test:core:aar:1.6.0-alpha01 should be interpreted as androidx.test:core:1.6.0-alpha01@aar
DEBUG: /data/h445xu/.cache/bazel/_bazel_hongxu/4258a5a6b9a8a69ec05717cb6bac019c/external/rules_jvm_external~/private/lib/coordinates.bzl:76:18: Assuming androidx.test:monitor:aar:3.141.59-fake should be interpreted as androidx.test:monitor:3.141.59-fake@aar
DEBUG: /data/h445xu/.cache/bazel/_bazel_hongxu/4258a5a6b9a8a69ec05717cb6bac019c/external/rules_jvm_external~/private/lib/coordinates.bzl:76:18: Assuming androidx.tracing:tracing:aar:3.141.59-fake should be interpreted as androidx.tracing:tracing:3.141.59-fake@aar
DEBUG: /data/h445xu/.cache/bazel/_bazel_hongxu/4258a5a6b9a8a69ec05717cb6bac019c/external/rules_jvm_external~/private/lib/coordinates.bzl:76:18: Assuming androidx.tracing:tracing:aar:3.141.59-fake should be interpreted as androidx.tracing:tracing:3.141.59-fake@aar
DEBUG: /data/h445xu/.cache/bazel/_bazel_hongxu/4258a5a6b9a8a69ec05717cb6bac019c/external/rules_jvm_external~/private/lib/coordinates.bzl:76:18: Assuming androidx.test:core:aar:1.6.0-alpha01 should be interpreted as androidx.test:core:1.6.0-alpha01@aar
DEBUG: /data/h445xu/.cache/bazel/_bazel_hongxu/4258a5a6b9a8a69ec05717cb6bac019c/external/rules_jvm_external~/private/lib/coordinates.bzl:76:18: Assuming androidx.tracing:tracing:aar:3.141.59-fake should be interpreted as androidx.tracing:tracing:3.141.59-fake@aar
DEBUG: /data/h445xu/.cache/bazel/_bazel_hongxu/4258a5a6b9a8a69ec05717cb6bac019c/external/rules_jvm_external~/private/lib/coordinates.bzl:76:18: Assuming androidx.test:core:aar:1.6.0-alpha01 should be interpreted as androidx.test:core:1.6.0-alpha01@aar
DEBUG: /data/h445xu/.cache/bazel/_bazel_hongxu/4258a5a6b9a8a69ec05717cb6bac019c/external/rules_jvm_external~/private/lib/coordinates.bzl:76:18: Assuming androidx.test:core:aar:1.6.0-alpha01 should be interpreted as androidx.test:core:1.6.0-alpha01@aar
DEBUG: /data/h445xu/.cache/bazel/_bazel_hongxu/4258a5a6b9a8a69ec05717cb6bac019c/external/rules_jvm_external~/private/lib/coordinates.bzl:76:18: Assuming androidx.test:core:aar:1.6.0-alpha01 should be interpreted as androidx.test:core:1.6.0-alpha01@aar
DEBUG: /data/h445xu/.cache/bazel/_bazel_hongxu/4258a5a6b9a8a69ec05717cb6bac019c/external/rules_jvm_external~/private/lib/coordinates.bzl:76:18: Assuming androidx.test:core:aar:1.6.0-alpha01 should be interpreted as androidx.test:core:1.6.0-alpha01@aar
DEBUG: /data/h445xu/.cache/bazel/_bazel_hongxu/4258a5a6b9a8a69ec05717cb6bac019c/external/rules_jvm_external~/private/lib/coordinates.bzl:76:18: Assuming androidx.test:monitor:aar:1.7.2 should be interpreted as androidx.test:monitor:1.7.2@aar
DEBUG: /data/h445xu/.cache/bazel/_bazel_hongxu/4258a5a6b9a8a69ec05717cb6bac019c/external/rules_jvm_external~/private/lib/coordinates.bzl:76:18: Assuming androidx.test:monitor:aar:1.7.2 should be interpreted as androidx.test:monitor:1.7.2@aar
DEBUG: /data/h445xu/.cache/bazel/_bazel_hongxu/4258a5a6b9a8a69ec05717cb6bac019c/external/rules_jvm_external~/private/lib/coordinates.bzl:76:18: Assuming androidx.test:monitor:aar:1.7.2 should be interpreted as androidx.test:monitor:1.7.2@aar
DEBUG: /data/h445xu/.cache/bazel/_bazel_hongxu/4258a5a6b9a8a69ec05717cb6bac019c/external/rules_jvm_external~/private/lib/coordinates.bzl:76:18: Assuming androidx.test:monitor:aar:1.7.2 should be interpreted as androidx.test:monitor:1.7.2@aar
DEBUG: /data/h445xu/.cache/bazel/_bazel_hongxu/4258a5a6b9a8a69ec05717cb6bac019c/external/rules_jvm_external~/private/lib/coordinates.bzl:76:18: Assuming androidx.tracing:tracing:aar:3.141.59-fake should be interpreted as androidx.tracing:tracing:3.141.59-fake@aar
DEBUG: /data/h445xu/.cache/bazel/_bazel_hongxu/4258a5a6b9a8a69ec05717cb6bac019c/external/rules_jvm_external~/private/lib/coordinates.bzl:76:18: Assuming androidx.tracing:tracing:aar:3.141.59-fake should be interpreted as androidx.tracing:tracing:3.141.59-fake@aar
DEBUG: /data/h445xu/.cache/bazel/_bazel_hongxu/4258a5a6b9a8a69ec05717cb6bac019c/external/rules_jvm_external~/private/lib/coordinates.bzl:76:18: Assuming androidx.test:monitor:aar:1.7.2 should be interpreted as androidx.test:monitor:1.7.2@aar
DEBUG: /data/h445xu/.cache/bazel/_bazel_hongxu/4258a5a6b9a8a69ec05717cb6bac019c/external/rules_jvm_external~/private/lib/coordinates.bzl:76:18: Assuming androidx.tracing:tracing:aar:3.141.59-fake should be interpreted as androidx.tracing:tracing:3.141.59-fake@aar
DEBUG: /data/h445xu/.cache/bazel/_bazel_hongxu/4258a5a6b9a8a69ec05717cb6bac019c/external/rules_jvm_external~/private/lib/coordinates.bzl:76:18: Assuming androidx.test:monitor:aar:1.7.2 should be interpreted as androidx.test:monitor:1.7.2@aar
DEBUG: /data/h445xu/.cache/bazel/_bazel_hongxu/4258a5a6b9a8a69ec05717cb6bac019c/external/rules_jvm_external~/private/lib/coordinates.bzl:76:18: Assuming androidx.test:monitor:aar:1.7.2 should be interpreted as androidx.test:monitor:1.7.2@aar
DEBUG: /data/h445xu/.cache/bazel/_bazel_hongxu/4258a5a6b9a8a69ec05717cb6bac019c/external/rules_jvm_external~/private/lib/coordinates.bzl:76:18: Assuming androidx.test:monitor:aar:1.7.2 should be interpreted as androidx.test:monitor:1.7.2@aar
DEBUG: /data/h445xu/.cache/bazel/_bazel_hongxu/4258a5a6b9a8a69ec05717cb6bac019c/external/rules_jvm_external~/private/lib/coordinates.bzl:76:18: Assuming androidx.tracing:tracing:aar:1.1.0 should be interpreted as androidx.tracing:tracing:1.1.0@aar
DEBUG: /data/h445xu/.cache/bazel/_bazel_hongxu/4258a5a6b9a8a69ec05717cb6bac019c/external/rules_jvm_external~/private/lib/coordinates.bzl:76:18: Assuming androidx.tracing:tracing:aar:1.1.0 should be interpreted as androidx.tracing:tracing:1.1.0@aar
DEBUG: /data/h445xu/.cache/bazel/_bazel_hongxu/4258a5a6b9a8a69ec05717cb6bac019c/external/rules_jvm_external~/private/lib/coordinates.bzl:76:18: Assuming androidx.tracing:tracing:aar:1.1.0 should be interpreted as androidx.tracing:tracing:1.1.0@aar
DEBUG: /data/h445xu/.cache/bazel/_bazel_hongxu/4258a5a6b9a8a69ec05717cb6bac019c/external/rules_jvm_external~/private/lib/coordinates.bzl:76:18: Assuming androidx.tracing:tracing:aar:1.1.0 should be interpreted as androidx.tracing:tracing:1.1.0@aar
DEBUG: /data/h445xu/.cache/bazel/_bazel_hongxu/4258a5a6b9a8a69ec05717cb6bac019c/external/rules_jvm_external~/private/lib/coordinates.bzl:76:18: Assuming androidx.tracing:tracing:aar:1.1.0 should be interpreted as androidx.tracing:tracing:1.1.0@aar
DEBUG: /data/h445xu/.cache/bazel/_bazel_hongxu/4258a5a6b9a8a69ec05717cb6bac019c/external/rules_jvm_external~/private/lib/coordinates.bzl:76:18: Assuming androidx.tracing:tracing:aar:1.1.0 should be interpreted as androidx.tracing:tracing:1.1.0@aar
DEBUG: /data/h445xu/.cache/bazel/_bazel_hongxu/4258a5a6b9a8a69ec05717cb6bac019c/external/rules_jvm_external~/private/lib/coordinates.bzl:76:18: Assuming androidx.test.espresso:espresso-idling-resource:aar:3.141.59-fake should be interpreted as androidx.test.espresso:espresso-idling-resource:3.141.59-fake@aar
DEBUG: /data/h445xu/.cache/bazel/_bazel_hongxu/4258a5a6b9a8a69ec05717cb6bac019c/external/rules_jvm_external~/private/lib/coordinates.bzl:76:18: Assuming androidx.test.espresso:espresso-idling-resource:aar:3.141.59-fake should be interpreted as androidx.test.espresso:espresso-idling-resource:3.141.59-fake@aar
DEBUG: /data/h445xu/.cache/bazel/_bazel_hongxu/4258a5a6b9a8a69ec05717cb6bac019c/external/rules_jvm_external~/private/lib/coordinates.bzl:76:18: Assuming androidx.test.espresso:espresso-idling-resource:aar:3.141.59-fake should be interpreted as androidx.test.espresso:espresso-idling-resource:3.141.59-fake@aar
DEBUG: /data/h445xu/.cache/bazel/_bazel_hongxu/4258a5a6b9a8a69ec05717cb6bac019c/external/rules_jvm_external~/private/lib/coordinates.bzl:76:18: Assuming androidx.test:monitor:aar:3.141.59-fake should be interpreted as androidx.test:monitor:3.141.59-fake@aar
DEBUG: /data/h445xu/.cache/bazel/_bazel_hongxu/4258a5a6b9a8a69ec05717cb6bac019c/external/rules_jvm_external~/private/lib/coordinates.bzl:76:18: Assuming androidx.test:monitor:aar:3.141.59-fake should be interpreted as androidx.test:monitor:3.141.59-fake@aar
DEBUG: /data/h445xu/.cache/bazel/_bazel_hongxu/4258a5a6b9a8a69ec05717cb6bac019c/external/rules_jvm_external~/private/lib/coordinates.bzl:76:18: Assuming androidx.test:monitor:aar:3.141.59-fake should be interpreted as androidx.test:monitor:3.141.59-fake@aar
DEBUG: /data/h445xu/.cache/bazel/_bazel_hongxu/4258a5a6b9a8a69ec05717cb6bac019c/external/rules_jvm_external~/private/lib/coordinates.bzl:76:18: Assuming androidx.test:monitor:aar:3.141.59-fake should be interpreted as androidx.test:monitor:3.141.59-fake@aar
DEBUG: /data/h445xu/.cache/bazel/_bazel_hongxu/4258a5a6b9a8a69ec05717cb6bac019c/external/rules_jvm_external~/private/lib/coordinates.bzl:76:18: Assuming androidx.test:monitor:aar:3.141.59-fake should be interpreted as androidx.test:monitor:3.141.59-fake@aar
DEBUG: /data/h445xu/.cache/bazel/_bazel_hongxu/4258a5a6b9a8a69ec05717cb6bac019c/external/rules_jvm_external~/private/lib/coordinates.bzl:76:18: Assuming androidx.test:monitor:aar:3.141.59-fake should be interpreted as androidx.test:monitor:3.141.59-fake@aar
Loading: 1495 packages loaded
    currently loading: @@protobuf~//python/dist
Loading: 1495 packages loaded
    currently loading: @@protobuf~//python/dist
Loading: 1495 packages loaded
    currently loading: @@protobuf~//python/dist
ERROR: /data/h445xu/repo/bazel-repos/cloned_repos/project-oak__oak/oak_containers/kernel/BUILD:26:10: no such package '@@_main~nix_repos~nix_linux_kernel//': Platform is not supported: nix-build not found in PATH. See attribute fail_not_supported if you don't want to use Nix. and referenced by '//oak_containers/kernel:kernel'
ERROR: /data/h445xu/repo/bazel-repos/cloned_repos/project-oak__oak/oak_containers/kernel/BUILD:32:8: no such package '@@_main~nix_repos~nix_linux_kernel//': Platform is not supported: nix-build not found in PATH. See attribute fail_not_supported if you don't want to use Nix. and referenced by '//oak_containers/kernel:generate_kernel_sha256'
ERROR: /data/h445xu/repo/bazel-repos/cloned_repos/project-oak__oak/oak_containers/kernel/BUILD:39:8: no such package '@@_main~nix_repos~nix_vanilla_linux_kernel//': Platform is not supported: nix-build not found in PATH. See attribute fail_not_supported if you don't want to use Nix. and referenced by '//oak_containers/kernel:generate_vanilla_kernel_sha256'
ERROR: Evaluation of query "deps(//...)" failed: errors were encountered while computing transitive closure
WARNING: --keep_going specified, ignoring errors. Results may be inaccurate
Loading: 1496 packages loaded
    currently loading: @@protobuf~//python/dist
Read 0 lines from bazel query output...
Read 1000 lines from bazel query output...
Read 2000 lines from bazel query output...
Read 3000 lines from bazel query output...
Read 4000 lines from bazel query output...
Read 5000 lines from bazel query output...
Read 6000 lines from bazel query output...
Read 7000 lines from bazel query output...
Read 8000 lines from bazel query output...
Read 9000 lines from bazel query output...
Read 10000 lines from bazel query output...
Read 11000 lines from bazel query output...
Read 12000 lines from bazel query output...
Read 13000 lines from bazel query output...
Read 14000 lines from bazel query output...
Read 15000 lines from bazel query output...
Read 16000 lines from bazel query output...
Read 17000 lines from bazel query output...
Read 18000 lines from bazel query output...
Read 19000 lines from bazel query output...
Read 20000 lines from bazel query output...
Read 21000 lines from bazel query output...
Read 22000 lines from bazel query output...
Read 23000 lines from bazel query output...
Read 24000 lines from bazel query output...
Read 25000 lines from bazel query output...
Read 26000 lines from bazel query output...
Read 27000 lines from bazel query output...
Read 28000 lines from bazel query output...
Read 29000 lines from bazel query output...
Read 30000 lines from bazel query output...
Read 31000 lines from bazel query output...
Read 32000 lines from bazel query output...
Read 33000 lines from bazel query output...
Read 34000 lines from bazel query output...
Read 35000 lines from bazel query output...
Read 36000 lines from bazel query output...
Read 37000 lines from bazel query output...
Read 38000 lines from bazel query output...
Read 39000 lines from bazel query output...
Read 40000 lines from bazel query output...
Read 41000 lines from bazel query output...
Read 42000 lines from bazel query output...
Read 43000 lines from bazel query output...
Read 44000 lines from bazel query output...
Read 45000 lines from bazel query output...
Read 46000 lines from bazel query output...
Read 47000 lines from bazel query output...
Read 48000 lines from bazel query output...
Read 49000 lines from bazel query output...
Read 50000 lines from bazel query output...
Read 51000 lines from bazel query output...
Read 52000 lines from bazel query output...
Read 53000 lines from bazel query output...
Read 54000 lines from bazel query output...
Read 55000 lines from bazel query output...
Read 56000 lines from bazel query output...
Read 57000 lines from bazel query output...
Read 58000 lines from bazel query output...
Read 59000 lines from bazel query output...
Read 60000 lines from bazel query output...
Read 61000 lines from bazel query output...
Read 62000 lines from bazel query output...
Read 63000 lines from bazel query output...
Read 64000 lines from bazel query output...
Read 65000 lines from bazel query output...
Read 66000 lines from bazel query output...
Read 67000 lines from bazel query output...
Read 68000 lines from bazel query output...
Read 69000 lines from bazel query output...
Read 70000 lines from bazel query output...
Read 71000 lines from bazel query output...
Read 72000 lines from bazel query output...
Read 73000 lines from bazel query output...
Read 74000 lines from bazel query output...
Read 75000 lines from bazel query output...
Read 76000 lines from bazel query output...
Read 77000 lines from bazel query output...
Read 78000 lines from bazel query output...
Read 79000 lines from bazel query output...
Read 80000 lines from bazel query output...
Read 81000 lines from bazel query output...
Read 82000 lines from bazel query output...
Read 83000 lines from bazel query output...
Read 84000 lines from bazel query output...
Read 85000 lines from bazel query output...
Read 86000 lines from bazel query output...
Read 87000 lines from bazel query output...
Read 88000 lines from bazel query output...
Read 89000 lines from bazel query output...
Read 90000 lines from bazel query output...
Read 91000 lines from bazel query output...
Read 92000 lines from bazel query output...
Read 93000 lines from bazel query output...
Read 94000 lines from bazel query output...
Read 95000 lines from bazel query output...
Read 96000 lines from bazel query output...
Read 97000 lines from bazel query output...
Read 98000 lines from bazel query output...
Read 99000 lines from bazel query output...
Read 100000 lines from bazel query output...
Read 101000 lines from bazel query output...
Read 102000 lines from bazel query output...
Read 103000 lines from bazel query output...
Read 104000 lines from bazel query output...
Read 105000 lines from bazel query output...
Read 106000 lines from bazel query output...
Read 107000 lines from bazel query output...
Read 108000 lines from bazel query output...
Read 109000 lines from bazel query output...
Read 110000 lines from bazel query output...
Read 111000 lines from bazel query output...
Read 112000 lines from bazel query output...
Read 113000 lines from bazel query output...
Read 114000 lines from bazel query output...
Read 115000 lines from bazel query output...
Read 116000 lines from bazel query output...
Read 117000 lines from bazel query output...
Read 118000 lines from bazel query output...
Read 119000 lines from bazel query output...
Read 120000 lines from bazel query output...
Read 121000 lines from bazel query output...
Read 122000 lines from bazel query output...
Read 123000 lines from bazel query output...
Read 124000 lines from bazel query output...
Read 125000 lines from bazel query output...
Read 126000 lines from bazel query output...
Read 127000 lines from bazel query output...
Read 128000 lines from bazel query output...
Read 129000 lines from bazel query output...
Read 130000 lines from bazel query output...
Read 131000 lines from bazel query output...
Read 132000 lines from bazel query output...
Read 133000 lines from bazel query output...
Read 134000 lines from bazel query output...
Read 135000 lines from bazel query output...
Read 136000 lines from bazel query output...
Read 137000 lines from bazel query output...
Read 138000 lines from bazel query output...
Read 139000 lines from bazel query output...
Read 140000 lines from bazel query output...
Read 141000 lines from bazel query output...
Read 142000 lines from bazel query output...
Read 143000 lines from bazel query output...
Read 144000 lines from bazel query output...
Read 145000 lines from bazel query output...
Read 146000 lines from bazel query output...
Read 147000 lines from bazel query output...
Read 148000 lines from bazel query output...
Read 149000 lines from bazel query output...
Read 150000 lines from bazel query output...
Read 151000 lines from bazel query output...
Read 152000 lines from bazel query output...
Read 153000 lines from bazel query output...
Read 154000 lines from bazel query output...
Read 155000 lines from bazel query output...
Read 156000 lines from bazel query output...
Read 157000 lines from bazel query output...
Read 158000 lines from bazel query output...
Read 159000 lines from bazel query output...
Read 160000 lines from bazel query output...
Read 161000 lines from bazel query output...
Read 162000 lines from bazel query output...
Read 163000 lines from bazel query output...
Read 164000 lines from bazel query output...
Read 165000 lines from bazel query output...
Read 166000 lines from bazel query output...
Read 167000 lines from bazel query output...
Read 168000 lines from bazel query output...
Read 169000 lines from bazel query output...
Read 170000 lines from bazel query output...
Read 171000 lines from bazel query output...
Read 172000 lines from bazel query output...
Read 173000 lines from bazel query output...
Read 174000 lines from bazel query output...
Read 175000 lines from bazel query output...
Read 176000 lines from bazel query output...
Read 177000 lines from bazel query output...
Read 178000 lines from bazel query output...
Read 179000 lines from bazel query output...
Read 180000 lines from bazel query output...
Read 181000 lines from bazel query output...
Read 182000 lines from bazel query output...
Read 183000 lines from bazel query output...
Read 184000 lines from bazel query output...
Read 185000 lines from bazel query output...
Read 186000 lines from bazel query output...
Read 187000 lines from bazel query output...
Read 188000 lines from bazel query output...
Read 189000 lines from bazel query output...
Read 190000 lines from bazel query output...
Read 191000 lines from bazel query output...
Read 192000 lines from bazel query output...
Read 193000 lines from bazel query output...
Read 194000 lines from bazel query output...
Read 195000 lines from bazel query output...
Read 196000 lines from bazel query output...
Read 197000 lines from bazel query output...
Read 198000 lines from bazel query output...
Read 199000 lines from bazel query output...
Read 200000 lines from bazel query output...
Read 201000 lines from bazel query output...
Read 202000 lines from bazel query output...
Read 203000 lines from bazel query output...
Read 204000 lines from bazel query output...
Read 205000 lines from bazel query output...
Read 206000 lines from bazel query output...
Read 207000 lines from bazel query output...
Read 208000 lines from bazel query output...
Read 209000 lines from bazel query output...
Read 210000 lines from bazel query output...
Read 211000 lines from bazel query output...
Read 212000 lines from bazel query output...
Read 213000 lines from bazel query output...
Read 214000 lines from bazel query output...
Read 215000 lines from bazel query output...
Read 216000 lines from bazel query output...
Read 217000 lines from bazel query output...
Read 218000 lines from bazel query output...
Read 219000 lines from bazel query output...
Read 220000 lines from bazel query output...
Read 221000 lines from bazel query output...
Read 222000 lines from bazel query output...
Read 223000 lines from bazel query output...
Read 224000 lines from bazel query output...
Read 225000 lines from bazel query output...
Read 226000 lines from bazel query output...
Read 227000 lines from bazel query output...
Read 228000 lines from bazel query output...
Read 229000 lines from bazel query output...
Read 230000 lines from bazel query output...
Read 231000 lines from bazel query output...
Read 232000 lines from bazel query output...
Read 233000 lines from bazel query output...
Read 234000 lines from bazel query output...
Read 235000 lines from bazel query output...
Read 236000 lines from bazel query output...
Read 237000 lines from bazel query output...
Read 238000 lines from bazel query output...
Read 239000 lines from bazel query output...
Read 240000 lines from bazel query output...
Read 241000 lines from bazel query output...
Read 242000 lines from bazel query output...
Read 243000 lines from bazel query output...
Read 244000 lines from bazel query output...
Read 245000 lines from bazel query output...
Read 246000 lines from bazel query output...
Read 247000 lines from bazel query output...
Read 248000 lines from bazel query output...
Read 249000 lines from bazel query output...
Read 250000 lines from bazel query output...
Read 251000 lines from bazel query output...
Read 252000 lines from bazel query output...
Read 253000 lines from bazel query output...
Read 254000 lines from bazel query output...
Read 255000 lines from bazel query output...
Read 256000 lines from bazel query output...
Read 257000 lines from bazel query output...
Read 258000 lines from bazel query output...
Read 259000 lines from bazel query output...
Read 260000 lines from bazel query output...
Read 261000 lines from bazel query output...
Read 262000 lines from bazel query output...
Read 263000 lines from bazel query output...
Read 264000 lines from bazel query output...
Read 265000 lines from bazel query output...
Read 266000 lines from bazel query output...
Read 267000 lines from bazel query output...
Read 268000 lines from bazel query output...
Read 269000 lines from bazel query output...
Read 270000 lines from bazel query output...
Read 271000 lines from bazel query output...
Read 272000 lines from bazel query output...
Read 273000 lines from bazel query output...
Read 274000 lines from bazel query output...
Read 275000 lines from bazel query output...
Read 276000 lines from bazel query output...
Read 277000 lines from bazel query output...
Read 278000 lines from bazel query output...
Read 279000 lines from bazel query output...
Read 280000 lines from bazel query output...
Read 281000 lines from bazel query output...
Read 282000 lines from bazel query output...
Read 283000 lines from bazel query output...
Read 284000 lines from bazel query output...
Read 285000 lines from bazel query output...
Read 286000 lines from bazel query output...
Read 287000 lines from bazel query output...
Read 288000 lines from bazel query output...
Read 289000 lines from bazel query output...
Read 290000 lines from bazel query output...
Read 291000 lines from bazel query output...
Read 292000 lines from bazel query output...
Read 293000 lines from bazel query output...
Read 294000 lines from bazel query output...
Read 295000 lines from bazel query output...
Read 296000 lines from bazel query output...
Read 297000 lines from bazel query output...
Read 298000 lines from bazel query output...
Read 299000 lines from bazel query output...
Read 300000 lines from bazel query output...
Read 301000 lines from bazel query output...
Read 302000 lines from bazel query output...
Read 303000 lines from bazel query output...
Read 304000 lines from bazel query output...
Read 305000 lines from bazel query output...
Read 306000 lines from bazel query output...
Read 307000 lines from bazel query output...
Read 308000 lines from bazel query output...
Read 309000 lines from bazel query output...
Read 310000 lines from bazel query output...
Read 311000 lines from bazel query output...
Read 312000 lines from bazel query output...
Read 313000 lines from bazel query output...
Read 314000 lines from bazel query output...
Read 315000 lines from bazel query output...
Read 316000 lines from bazel query output...
Read 317000 lines from bazel query output...
Read 318000 lines from bazel query output...
Read 319000 lines from bazel query output...
Read 320000 lines from bazel query output...
Read 321000 lines from bazel query output...
Read 322000 lines from bazel query output...
Read 323000 lines from bazel query output...
Read 324000 lines from bazel query output...
Read 325000 lines from bazel query output...
Read 326000 lines from bazel query output...
Read 327000 lines from bazel query output...
Read 328000 lines from bazel query output...
Read 329000 lines from bazel query output...
Read 330000 lines from bazel query output...
Read 331000 lines from bazel query output...
Read 332000 lines from bazel query output...
Read 333000 lines from bazel query output...
Read 334000 lines from bazel query output...
Read 335000 lines from bazel query output...
Read 336000 lines from bazel query output...
Read 337000 lines from bazel query output...
Read 338000 lines from bazel query output...
Read 339000 lines from bazel query output...
Read 340000 lines from bazel query output...
Read 341000 lines from bazel query output...
Read 342000 lines from bazel query output...
Read 343000 lines from bazel query output...
Read 344000 lines from bazel query output...
Read 345000 lines from bazel query output...
Read 346000 lines from bazel query output...
Read 347000 lines from bazel query output...
Read 348000 lines from bazel query output...
Read 349000 lines from bazel query output...
Read 350000 lines from bazel query output...
Read 351000 lines from bazel query output...
Read 352000 lines from bazel query output...
Read 353000 lines from bazel query output...
Read 354000 lines from bazel query output...
Read 355000 lines from bazel query output...
Read 356000 lines from bazel query output...
Read 357000 lines from bazel query output...
Read 358000 lines from bazel query output...
Read 359000 lines from bazel query output...
Read 360000 lines from bazel query output...
Read 361000 lines from bazel query output...
Read 362000 lines from bazel query output...
Read 363000 lines from bazel query output...
Read 364000 lines from bazel query output...
Read 365000 lines from bazel query output...
Read 366000 lines from bazel query output...
Read 367000 lines from bazel query output...
Read 368000 lines from bazel query output...
Read 369000 lines from bazel query output...
Read 370000 lines from bazel query output...
Read 371000 lines from bazel query output...
Read 372000 lines from bazel query output...
Read 373000 lines from bazel query output...
Read 374000 lines from bazel query output...
Read 375000 lines from bazel query output...
Read 376000 lines from bazel query output...
Read 377000 lines from bazel query output...
Read 378000 lines from bazel query output...
Read 379000 lines from bazel query output...
Read 380000 lines from bazel query output...
Read 381000 lines from bazel query output...
Read 382000 lines from bazel query output...
Read 383000 lines from bazel query output...
Read 384000 lines from bazel query output...
Read 385000 lines from bazel query output...
Read 386000 lines from bazel query output...
Read 387000 lines from bazel query output...
Read 388000 lines from bazel query output...
Read 389000 lines from bazel query output...
Read 390000 lines from bazel query output...
Read 391000 lines from bazel query output...
Read 392000 lines from bazel query output...
Read 393000 lines from bazel query output...
Read 394000 lines from bazel query output...
Read 395000 lines from bazel query output...
Read 396000 lines from bazel query output...
Read 397000 lines from bazel query output...
Read 398000 lines from bazel query output...
Read 399000 lines from bazel query output...
Read 400000 lines from bazel query output...
Read 401000 lines from bazel query output...
Read 402000 lines from bazel query output...
Read 403000 lines from bazel query output...
Read 404000 lines from bazel query output...
Read 405000 lines from bazel query output...
Read 406000 lines from bazel query output...
Read 407000 lines from bazel query output...
Read 408000 lines from bazel query output...
Read 409000 lines from bazel query output...
Read 410000 lines from bazel query output...
Read 411000 lines from bazel query output...
Read 412000 lines from bazel query output...
Read 413000 lines from bazel query output...
Read 414000 lines from bazel query output...
Read 415000 lines from bazel query output...
Read 416000 lines from bazel query output...
Read 417000 lines from bazel query output...
Read 418000 lines from bazel query output...
Read 419000 lines from bazel query output...
Read 420000 lines from bazel query output...
Read 421000 lines from bazel query output...
Read 422000 lines from bazel query output...
Read 423000 lines from bazel query output...
Read 424000 lines from bazel query output...
Read 425000 lines from bazel query output...
