Starting local Bazel server (8.3.1) and connecting to it...
 no actions running
Loading: 0 packages loaded
ERROR: Traceback (most recent call last):
	File "/data/h445xu/repo/bazel-repos/cloned_repos/protocolbuffers__protobuf-javascript/BUILD.bazel", line 43, column 16, in <toplevel>
		srcs = glob([
Error in glob: glob pattern 'google/protobuf/*.js' didn't match anything, but allow_empty is set to False (the default value of allow_empty can be set with --incompatible_disallow_empty_glob).
ERROR: package contains errors: 
ERROR: package contains errors: : Traceback (most recent call last):
	File "/data/h445xu/repo/bazel-repos/cloned_repos/protocolbuffers__protobuf-javascript/BUILD.bazel", line 43, column 16, in <toplevel>
		srcs = glob([
Error in glob: glob pattern 'google/protobuf/*.js' didn't match anything, but allow_empty is set to False (the default value of allow_empty can be set with --incompatible_disallow_empty_glob).
ERROR: /data/h445xu/repo/bazel-repos/cloned_repos/protocolbuffers__protobuf-javascript/BUILD.bazel:24:15: Target '//:k8' contains an error and its package is in error and referenced by '//:protobuf_javascript_pkg_naming'
ERROR: /data/h445xu/repo/bazel-repos/cloned_repos/protocolbuffers__protobuf-javascript/BUILD.bazel:24:15: Target '//:x64_x86_windows' contains an error and its package is in error and referenced by '//:protobuf_javascript_pkg_naming'
ERROR: /data/h445xu/repo/bazel-repos/cloned_repos/protocolbuffers__protobuf-javascript/BUILD.bazel:24:15: Target '//:x64_windows' contains an error and its package is in error and referenced by '//:protobuf_javascript_pkg_naming'
ERROR: Evaluation of query "deps(//...)" failed: errors were encountered while computing transitive closure
WARNING: --keep_going specified, ignoring errors. Results may be inaccurate
Read 0 lines from bazel query output...
Read 1000 lines from bazel query output...
Read 2000 lines from bazel query output...
Read 3000 lines from bazel query output...
Read 4000 lines from bazel query output...
Read 5000 lines from bazel query output...
Read 6000 lines from bazel query output...
Read 7000 lines from bazel query output...
Read 8000 lines from bazel query output...
Read 9000 lines from bazel query output...
Read 10000 lines from bazel query output...
Read 11000 lines from bazel query output...
Read 12000 lines from bazel query output...
Read 13000 lines from bazel query output...
Read 14000 lines from bazel query output...
Read 15000 lines from bazel query output...
Read 16000 lines from bazel query output...
Read 17000 lines from bazel query output...
Read 18000 lines from bazel query output...
Read 19000 lines from bazel query output...
Read 20000 lines from bazel query output...
Read 21000 lines from bazel query output...
Read 22000 lines from bazel query output...
Read 23000 lines from bazel query output...
Read 24000 lines from bazel query output...
Read 25000 lines from bazel query output...
Read 26000 lines from bazel query output...
