2025/08/08 22:26:25 Downloading https://releases.bazel.build/8.1.0/release/bazel-8.1.0-linux-x86_64...
Extracting Bazel installation...
Starting local Bazel server (8.1.0) and connecting to it...
 no actions running
 no actions running
 no actions running
Loading: 0 packages loaded
Loading: 0 packages loaded
Loading: 0 packages loaded
Loading: 0 packages loaded
Loading: 149 packages loaded
ERROR: /data/h445xu/repo/bazel-repos/cloned_repos/raspberrypi__pico-sdk/bazel/toolchain/BUILD.bazel:250:14: no such package '@@[unknown repo 'clang_linux-aarch64' requested from @@]//': The repository '@@[unknown repo 'clang_linux-aarch64' requested from @@]' could not be resolved: No repository visible as '@clang_linux-aarch64' from main repository. Was the repository introduced in WORKSPACE? The WORKSPACE file is disabled by default in Bazel 8 (late 2024) and will be removed in Bazel 9 (late 2025), please migrate to Bzlmod. See https://bazel.build/external/migration and referenced by '//bazel/toolchain:_clang_linux-aarch64_toolchain_cortex-m_config'
ERROR: /data/h445xu/repo/bazel-repos/cloned_repos/raspberrypi__pico-sdk/src/host/hardware_irq/BUILD.bazel:3:11: no such package 'src/host/hardware_claim': BUILD file not found in any of the following directories. Add a BUILD file to a directory to mark it as a package.
 - src/host/hardware_claim and referenced by '//src/host/hardware_irq:hardware_irq'
Loading: 190 packages loaded
Loading: 191 packages loaded
Loading: 193 packages loaded
Loading: 193 packages loaded
Loading: 193 packages loaded
Loading: 194 packages loaded
Loading: 194 packages loaded
Loading: 194 packages loaded
Loading: 194 packages loaded
Loading: 194 packages loaded
Loading: 194 packages loaded
Loading: 194 packages loaded
Loading: 194 packages loaded
Loading: 194 packages loaded
Loading: 194 packages loaded
Loading: 194 packages loaded
Loading: 194 packages loaded
Loading: 194 packages loaded
Loading: 194 packages loaded
Loading: 194 packages loaded
Loading: 194 packages loaded
Loading: 194 packages loaded
Loading: 194 packages loaded
Loading: 194 packages loaded
Loading: 194 packages loaded
Loading: 194 packages loaded
Loading: 195 packages loaded
Loading: 195 packages loaded
Loading: 195 packages loaded
Loading: 195 packages loaded
Loading: 195 packages loaded
Loading: 195 packages loaded
Loading: 195 packages loaded
Loading: 195 packages loaded
Loading: 195 packages loaded
Loading: 195 packages loaded
Loading: 195 packages loaded
Loading: 195 packages loaded
Loading: 195 packages loaded
Loading: 195 packages loaded
Loading: 195 packages loaded
Loading: 195 packages loaded
Loading: 195 packages loaded
Loading: 195 packages loaded
Loading: 195 packages loaded
Loading: 195 packages loaded
Loading: 195 packages loaded
Loading: 195 packages loaded
Loading: 195 packages loaded
Loading: 197 packages loaded
Loading: 198 packages loaded
Loading: 198 packages loaded
Loading: 198 packages loaded
Loading: 198 packages loaded
Loading: 198 packages loaded
Loading: 198 packages loaded
Loading: 198 packages loaded
Loading: 198 packages loaded
Loading: 198 packages loaded
Loading: 198 packages loaded
Loading: 198 packages loaded
Loading: 198 packages loaded
Loading: 198 packages loaded
Loading: 198 packages loaded
Loading: 198 packages loaded
Loading: 198 packages loaded
Loading: 198 packages loaded
Loading: 198 packages loaded
ERROR: Traceback (most recent call last):
	File "/data/h445xu/.cache/bazel/_bazel_hongxu/e1fd07b4c67dd70a2a8ad9ac761ceb33/external/+_repo_rules+clang_win-x86_64/BUILD.bazel", line 48, column 16, in <toplevel>
		data = glob([
Error in glob: glob pattern 'bin/llvm' didn't match anything, but allow_empty is set to False (the default value of allow_empty can be set with --incompatible_disallow_empty_glob).
Loading: 199 packages loaded
ERROR: /data/h445xu/.cache/bazel/_bazel_hongxu/e1fd07b4c67dd70a2a8ad9ac761ceb33/external/+_repo_rules+clang_win-x86_64/BUILD.bazel:37:6: Target '@@+_repo_rules+clang_win-x86_64//:clang' contains an error and its package is in error and referenced by '@@+_repo_rules+clang_win-x86_64//:asm'
ERROR: /data/h445xu/.cache/bazel/_bazel_hongxu/e1fd07b4c67dd70a2a8ad9ac761ceb33/external/+_repo_rules+clang_win-x86_64/BUILD.bazel:22:12: Target '@@+_repo_rules+clang_win-x86_64//:asm' contains an error and its package is in error and referenced by '@@+_repo_rules+clang_win-x86_64//:all_tools'
ERROR: /data/h445xu/.cache/bazel/_bazel_hongxu/e1fd07b4c67dd70a2a8ad9ac761ceb33/external/+_repo_rules+clang_win-x86_64/BUILD.bazel:22:12: Target '@@+_repo_rules+clang_win-x86_64//:clang' contains an error and its package is in error and referenced by '@@+_repo_rules+clang_win-x86_64//:all_tools'
ERROR: /data/h445xu/.cache/bazel/_bazel_hongxu/e1fd07b4c67dd70a2a8ad9ac761ceb33/external/+_repo_rules+clang_win-x86_64/BUILD.bazel:22:12: Target '@@+_repo_rules+clang_win-x86_64//:clang++' contains an error and its package is in error and referenced by '@@+_repo_rules+clang_win-x86_64//:all_tools'
ERROR: /data/h445xu/.cache/bazel/_bazel_hongxu/e1fd07b4c67dd70a2a8ad9ac761ceb33/external/+_repo_rules+clang_win-x86_64/BUILD.bazel:22:12: Target '@@+_repo_rules+clang_win-x86_64//:lld' contains an error and its package is in error and referenced by '@@+_repo_rules+clang_win-x86_64//:all_tools'
ERROR: /data/h445xu/.cache/bazel/_bazel_hongxu/e1fd07b4c67dd70a2a8ad9ac761ceb33/external/+_repo_rules+clang_win-x86_64/BUILD.bazel:22:12: Target '@@+_repo_rules+clang_win-x86_64//:llvm-objcopy' contains an error and its package is in error and referenced by '@@+_repo_rules+clang_win-x86_64//:all_tools'
ERROR: /data/h445xu/.cache/bazel/_bazel_hongxu/e1fd07b4c67dd70a2a8ad9ac761ceb33/external/+_repo_rules+clang_win-x86_64/BUILD.bazel:22:12: Target '@@+_repo_rules+clang_win-x86_64//:llvm-strip' contains an error and its package is in error and referenced by '@@+_repo_rules+clang_win-x86_64//:all_tools'
ERROR: /data/h445xu/.cache/bazel/_bazel_hongxu/e1fd07b4c67dd70a2a8ad9ac761ceb33/external/+_repo_rules+clang_win-x86_64/BUILD.bazel:22:12: Target '@@+_repo_rules+clang_win-x86_64//:llvm-ar' contains an error and its package is in error and referenced by '@@+_repo_rules+clang_win-x86_64//:all_tools'
ERROR: /data/h445xu/repo/bazel-repos/cloned_repos/raspberrypi__pico-sdk/bazel/toolchain/BUILD.bazel:250:14: Target '@@+_repo_rules+clang_win-x86_64//:all_tools' contains an error and its package is in error and referenced by '//bazel/toolchain:_clang_win-x86_64_toolchain_cortex-m_config'
Loading: 199 packages loaded
Loading: 199 packages loaded
Loading: 199 packages loaded
Loading: 199 packages loaded
Loading: 199 packages loaded
Loading: 199 packages loaded
Loading: 199 packages loaded
Loading: 199 packages loaded
Loading: 199 packages loaded
Loading: 199 packages loaded
Loading: 199 packages loaded
Loading: 199 packages loaded
Loading: 199 packages loaded
Loading: 199 packages loaded
Loading: 199 packages loaded
Loading: 199 packages loaded
Loading: 199 packages loaded
Loading: 199 packages loaded
Loading: 199 packages loaded
Loading: 199 packages loaded
Loading: 199 packages loaded
Loading: 199 packages loaded
Loading: 199 packages loaded
Loading: 199 packages loaded
Loading: 199 packages loaded
Loading: 199 packages loaded
Loading: 199 packages loaded
Loading: 199 packages loaded
Loading: 199 packages loaded
Loading: 199 packages loaded
Loading: 199 packages loaded
Loading: 199 packages loaded
Loading: 199 packages loaded
Loading: 199 packages loaded
Loading: 199 packages loaded
Loading: 199 packages loaded
Loading: 199 packages loaded
Loading: 199 packages loaded
Loading: 199 packages loaded
Loading: 199 packages loaded
Loading: 199 packages loaded
Loading: 199 packages loaded
Loading: 199 packages loaded
Loading: 199 packages loaded
Loading: 199 packages loaded
Loading: 199 packages loaded
Loading: 199 packages loaded
Loading: 199 packages loaded
Loading: 199 packages loaded
Loading: 199 packages loaded
Loading: 199 packages loaded
Loading: 199 packages loaded
Loading: 199 packages loaded
Loading: 199 packages loaded
Loading: 199 packages loaded
Loading: 199 packages loaded
Loading: 199 packages loaded
Loading: 199 packages loaded
Loading: 199 packages loaded
Loading: 199 packages loaded
Loading: 199 packages loaded
Loading: 199 packages loaded
Loading: 199 packages loaded
Loading: 199 packages loaded
Loading: 199 packages loaded
Loading: 199 packages loaded
Loading: 199 packages loaded
Loading: 199 packages loaded
Loading: 199 packages loaded
Loading: 199 packages loaded
Loading: 199 packages loaded
Loading: 199 packages loaded
Loading: 199 packages loaded
Loading: 199 packages loaded
Loading: 199 packages loaded
Loading: 199 packages loaded
Loading: 199 packages loaded
Loading: 199 packages loaded
Loading: 199 packages loaded
Loading: 199 packages loaded
Loading: 199 packages loaded
Loading: 199 packages loaded
Loading: 199 packages loaded
Loading: 199 packages loaded
Loading: 199 packages loaded
Loading: 199 packages loaded
Loading: 199 packages loaded
Loading: 199 packages loaded
Loading: 199 packages loaded
Loading: 199 packages loaded
Loading: 199 packages loaded
Loading: 199 packages loaded
Loading: 199 packages loaded
Loading: 199 packages loaded
Loading: 199 packages loaded
Loading: 199 packages loaded
Loading: 199 packages loaded
Loading: 199 packages loaded
Loading: 199 packages loaded
Loading: 199 packages loaded
Loading: 199 packages loaded
Loading: 199 packages loaded
Loading: 199 packages loaded
Loading: 199 packages loaded
Loading: 199 packages loaded
Loading: 199 packages loaded
Loading: 199 packages loaded
Loading: 199 packages loaded
Loading: 199 packages loaded
Loading: 199 packages loaded
Loading: 199 packages loaded
Loading: 199 packages loaded
Loading: 199 packages loaded
Loading: 199 packages loaded
Loading: 199 packages loaded
Loading: 199 packages loaded
Loading: 199 packages loaded
Loading: 199 packages loaded
Loading: 199 packages loaded
Loading: 199 packages loaded
Loading: 199 packages loaded
Loading: 199 packages loaded
Loading: 199 packages loaded
Loading: 199 packages loaded
Loading: 199 packages loaded
Loading: 199 packages loaded
Loading: 199 packages loaded
Loading: 199 packages loaded
Loading: 199 packages loaded
Loading: 199 packages loaded
Loading: 199 packages loaded
Loading: 199 packages loaded
Loading: 199 packages loaded
Loading: 199 packages loaded
Loading: 199 packages loaded
Loading: 199 packages loaded
Loading: 199 packages loaded
Loading: 199 packages loaded
Loading: 199 packages loaded
Loading: 199 packages loaded
Loading: 199 packages loaded
Loading: 199 packages loaded
Loading: 199 packages loaded
Loading: 199 packages loaded
Loading: 199 packages loaded
Loading: 199 packages loaded
Loading: 199 packages loaded
Loading: 199 packages loaded
Loading: 199 packages loaded
Loading: 199 packages loaded
Loading: 199 packages loaded
Loading: 199 packages loaded
Loading: 199 packages loaded
Loading: 199 packages loaded
Loading: 199 packages loaded
Loading: 199 packages loaded
Loading: 199 packages loaded
Loading: 199 packages loaded
Loading: 199 packages loaded
Loading: 199 packages loaded
Loading: 199 packages loaded
Loading: 199 packages loaded
Loading: 199 packages loaded
Loading: 199 packages loaded
Loading: 199 packages loaded
Loading: 199 packages loaded
Loading: 199 packages loaded
Loading: 199 packages loaded
Loading: 199 packages loaded
Loading: 199 packages loaded
Loading: 199 packages loaded
Loading: 199 packages loaded
Loading: 199 packages loaded
Loading: 199 packages loaded
Loading: 199 packages loaded
Loading: 199 packages loaded
Loading: 199 packages loaded
Loading: 199 packages loaded
Loading: 199 packages loaded
Loading: 199 packages loaded
Loading: 200 packages loaded
Loading: 200 packages loaded
Loading: 200 packages loaded
Loading: 200 packages loaded
Loading: 200 packages loaded
Loading: 200 packages loaded
Loading: 200 packages loaded
Loading: 200 packages loaded
Loading: 200 packages loaded
Loading: 200 packages loaded
Loading: 200 packages loaded
Loading: 201 packages loaded
Loading: 201 packages loaded
Loading: 201 packages loaded
Loading: 201 packages loaded
Loading: 201 packages loaded
Loading: 201 packages loaded
Loading: 201 packages loaded
Loading: 201 packages loaded
Loading: 201 packages loaded
Loading: 201 packages loaded
Loading: 201 packages loaded
Loading: 201 packages loaded
Loading: 201 packages loaded
Loading: 201 packages loaded
Loading: 201 packages loaded
Loading: 201 packages loaded
Loading: 201 packages loaded
Loading: 201 packages loaded
Loading: 201 packages loaded
Loading: 201 packages loaded
Loading: 201 packages loaded
Loading: 201 packages loaded
Loading: 201 packages loaded
Loading: 201 packages loaded
Loading: 201 packages loaded
Loading: 201 packages loaded
Loading: 201 packages loaded
Loading: 201 packages loaded
Loading: 201 packages loaded
Loading: 201 packages loaded
Loading: 201 packages loaded
Loading: 201 packages loaded
Loading: 201 packages loaded
Loading: 201 packages loaded
Loading: 201 packages loaded
Loading: 201 packages loaded
Loading: 201 packages loaded
Loading: 201 packages loaded
Loading: 201 packages loaded
Loading: 201 packages loaded
Loading: 201 packages loaded
Loading: 201 packages loaded
Loading: 201 packages loaded
Loading: 201 packages loaded
Loading: 201 packages loaded
Loading: 201 packages loaded
Loading: 201 packages loaded
Loading: 201 packages loaded
Loading: 202 packages loaded
Loading: 202 packages loaded
Loading: 202 packages loaded
Loading: 202 packages loaded
Loading: 202 packages loaded
Loading: 202 packages loaded
Loading: 202 packages loaded
Loading: 202 packages loaded
Loading: 202 packages loaded
Loading: 202 packages loaded
Loading: 202 packages loaded
Loading: 202 packages loaded
Loading: 202 packages loaded
Loading: 202 packages loaded
Loading: 203 packages loaded
Loading: 203 packages loaded
Loading: 203 packages loaded
Loading: 203 packages loaded
Loading: 203 packages loaded
Loading: 203 packages loaded
Loading: 203 packages loaded
Loading: 203 packages loaded
Loading: 203 packages loaded
Loading: 203 packages loaded
Loading: 203 packages loaded
Loading: 203 packages loaded
Loading: 203 packages loaded
Loading: 203 packages loaded
Loading: 203 packages loaded
Loading: 203 packages loaded
Loading: 203 packages loaded
Loading: 203 packages loaded
Loading: 203 packages loaded
Loading: 203 packages loaded
Loading: 203 packages loaded
Loading: 203 packages loaded
Loading: 203 packages loaded
Loading: 203 packages loaded
Loading: 203 packages loaded
Loading: 203 packages loaded
Loading: 203 packages loaded
Loading: 203 packages loaded
Loading: 203 packages loaded
Loading: 203 packages loaded
Loading: 203 packages loaded
Loading: 203 packages loaded
Loading: 203 packages loaded
Loading: 203 packages loaded
Loading: 203 packages loaded
Loading: 203 packages loaded
Loading: 203 packages loaded
Loading: 203 packages loaded
Loading: 203 packages loaded
Loading: 203 packages loaded
Loading: 203 packages loaded
Loading: 203 packages loaded
Loading: 203 packages loaded
Loading: 203 packages loaded
Loading: 203 packages loaded
Loading: 203 packages loaded
Loading: 203 packages loaded
Loading: 203 packages loaded
Loading: 203 packages loaded
Loading: 203 packages loaded
Loading: 203 packages loaded
Loading: 203 packages loaded
Loading: 203 packages loaded
Loading: 203 packages loaded
Loading: 203 packages loaded
Loading: 203 packages loaded
Loading: 203 packages loaded
Loading: 203 packages loaded
Loading: 203 packages loaded
Loading: 203 packages loaded
Loading: 203 packages loaded
Loading: 203 packages loaded
Loading: 203 packages loaded
Loading: 203 packages loaded
Loading: 203 packages loaded
Loading: 203 packages loaded
Loading: 203 packages loaded
Loading: 203 packages loaded
Loading: 203 packages loaded
Loading: 203 packages loaded
Loading: 203 packages loaded
Loading: 203 packages loaded
Loading: 203 packages loaded
Loading: 203 packages loaded
Loading: 203 packages loaded
Loading: 203 packages loaded
Loading: 203 packages loaded
Loading: 203 packages loaded
Loading: 203 packages loaded
Loading: 203 packages loaded
Loading: 203 packages loaded
Loading: 203 packages loaded
Loading: 203 packages loaded
Loading: 203 packages loaded
Loading: 203 packages loaded
Loading: 203 packages loaded
Loading: 203 packages loaded
Loading: 203 packages loaded
Loading: 203 packages loaded
Loading: 203 packages loaded
Loading: 203 packages loaded
Loading: 203 packages loaded
Loading: 203 packages loaded
Loading: 203 packages loaded
Loading: 203 packages loaded
Loading: 203 packages loaded
Loading: 203 packages loaded
Loading: 203 packages loaded
Loading: 203 packages loaded
Loading: 203 packages loaded
Loading: 203 packages loaded
Loading: 203 packages loaded
Loading: 203 packages loaded
Loading: 203 packages loaded
Loading: 203 packages loaded
Loading: 203 packages loaded
Loading: 203 packages loaded
Loading: 203 packages loaded
Loading: 203 packages loaded
Loading: 203 packages loaded
Loading: 203 packages loaded
Loading: 203 packages loaded
Loading: 203 packages loaded
Loading: 203 packages loaded
Loading: 203 packages loaded
Loading: 203 packages loaded
Loading: 203 packages loaded
Loading: 203 packages loaded
Loading: 203 packages loaded
Loading: 203 packages loaded
Loading: 203 packages loaded
Loading: 203 packages loaded
Loading: 203 packages loaded
Loading: 203 packages loaded
Loading: 203 packages loaded
Loading: 203 packages loaded
Loading: 203 packages loaded
Loading: 203 packages loaded
Loading: 203 packages loaded
Loading: 203 packages loaded
Loading: 203 packages loaded
Loading: 203 packages loaded
Loading: 203 packages loaded
Loading: 203 packages loaded
Loading: 203 packages loaded
Loading: 203 packages loaded
Loading: 203 packages loaded
Loading: 203 packages loaded
Loading: 203 packages loaded
Loading: 203 packages loaded
Loading: 203 packages loaded
Loading: 203 packages loaded
Loading: 203 packages loaded
Loading: 203 packages loaded
Loading: 203 packages loaded
Loading: 203 packages loaded
Loading: 203 packages loaded
Loading: 203 packages loaded
Loading: 203 packages loaded
Loading: 203 packages loaded
Loading: 203 packages loaded
Loading: 203 packages loaded
Loading: 203 packages loaded
Loading: 203 packages loaded
Loading: 203 packages loaded
Loading: 203 packages loaded
Loading: 203 packages loaded
Loading: 203 packages loaded
Loading: 203 packages loaded
Loading: 203 packages loaded
Loading: 203 packages loaded
Loading: 203 packages loaded
Loading: 203 packages loaded
Loading: 203 packages loaded
Loading: 203 packages loaded
Loading: 203 packages loaded
Loading: 203 packages loaded
Loading: 203 packages loaded
Loading: 203 packages loaded
Loading: 203 packages loaded
Loading: 203 packages loaded
Loading: 203 packages loaded
Loading: 203 packages loaded
Loading: 203 packages loaded
Loading: 203 packages loaded
Loading: 203 packages loaded
Loading: 203 packages loaded
Loading: 203 packages loaded
Loading: 203 packages loaded
Loading: 203 packages loaded
Loading: 203 packages loaded
Loading: 203 packages loaded
Loading: 203 packages loaded
Loading: 203 packages loaded
Loading: 203 packages loaded
Loading: 203 packages loaded
Loading: 203 packages loaded
Loading: 203 packages loaded
Loading: 203 packages loaded
Loading: 203 packages loaded
Loading: 203 packages loaded
Loading: 203 packages loaded
Loading: 203 packages loaded
Loading: 203 packages loaded
Loading: 203 packages loaded
Loading: 203 packages loaded
Loading: 203 packages loaded
Loading: 203 packages loaded
Loading: 203 packages loaded
Loading: 203 packages loaded
Loading: 203 packages loaded
Loading: 203 packages loaded
Loading: 203 packages loaded
Loading: 203 packages loaded
Loading: 203 packages loaded
Loading: 203 packages loaded
Loading: 203 packages loaded
Loading: 203 packages loaded
Loading: 203 packages loaded
Loading: 203 packages loaded
Loading: 203 packages loaded
Loading: 203 packages loaded
Loading: 203 packages loaded
Loading: 203 packages loaded
Loading: 203 packages loaded
Loading: 203 packages loaded
Loading: 203 packages loaded
Loading: 203 packages loaded
Loading: 203 packages loaded
Loading: 203 packages loaded
Loading: 203 packages loaded
Loading: 203 packages loaded
Loading: 203 packages loaded
Loading: 203 packages loaded
Loading: 203 packages loaded
Loading: 203 packages loaded
Loading: 203 packages loaded
Loading: 203 packages loaded
Loading: 203 packages loaded
Loading: 203 packages loaded
Loading: 203 packages loaded
Loading: 203 packages loaded
Loading: 203 packages loaded
Loading: 203 packages loaded
Loading: 203 packages loaded
Loading: 203 packages loaded
Loading: 203 packages loaded
Loading: 203 packages loaded
Loading: 203 packages loaded
Loading: 203 packages loaded
Loading: 203 packages loaded
Loading: 203 packages loaded
Loading: 203 packages loaded
Loading: 203 packages loaded
Loading: 203 packages loaded
Loading: 203 packages loaded
Loading: 203 packages loaded
Loading: 203 packages loaded
Loading: 203 packages loaded
Loading: 203 packages loaded
Loading: 203 packages loaded
Loading: 203 packages loaded
Loading: 203 packages loaded
Loading: 203 packages loaded
Loading: 203 packages loaded
Loading: 203 packages loaded
Loading: 203 packages loaded
Loading: 203 packages loaded
Loading: 203 packages loaded
Loading: 203 packages loaded
Loading: 204 packages loaded
ERROR: /data/h445xu/repo/bazel-repos/cloned_repos/raspberrypi__pico-sdk/bazel/toolchain/BUILD.bazel:250:14: no such package '@@[unknown repo 'clang_linux-aarch64' requested from @@]//': The repository '@@[unknown repo 'clang_linux-aarch64' requested from @@]' could not be resolved: No repository visible as '@clang_linux-aarch64' from main repository. Was the repository introduced in WORKSPACE? The WORKSPACE file is disabled by default in Bazel 8 (late 2024) and will be removed in Bazel 9 (late 2025), please migrate to Bzlmod. See https://bazel.build/external/migration and referenced by '//bazel/toolchain:_clang_linux-aarch64_toolchain_cortex-m_config'
ERROR: /data/h445xu/repo/bazel-repos/cloned_repos/raspberrypi__pico-sdk/src/host/hardware_irq/BUILD.bazel:3:11: no such package 'src/host/hardware_claim': BUILD file not found in any of the following directories. Add a BUILD file to a directory to mark it as a package.
 - src/host/hardware_claim and referenced by '//src/host/hardware_irq:hardware_irq'
ERROR: Evaluation of query "deps(//...)" failed: errors were encountered while computing transitive closure
WARNING: --keep_going specified, ignoring errors. Results may be inaccurate
Read 0 lines from bazel query output...
Read 1000 lines from bazel query output...
Read 2000 lines from bazel query output...
Read 3000 lines from bazel query output...
Read 4000 lines from bazel query output...
Read 5000 lines from bazel query output...
Read 6000 lines from bazel query output...
Read 7000 lines from bazel query output...
Read 8000 lines from bazel query output...
Read 9000 lines from bazel query output...
Read 10000 lines from bazel query output...
Read 11000 lines from bazel query output...
Read 12000 lines from bazel query output...
Read 13000 lines from bazel query output...
Read 14000 lines from bazel query output...
Read 15000 lines from bazel query output...
Read 16000 lines from bazel query output...
Read 17000 lines from bazel query output...
Read 18000 lines from bazel query output...
Read 19000 lines from bazel query output...
Read 20000 lines from bazel query output...
Read 21000 lines from bazel query output...
Read 22000 lines from bazel query output...
Read 23000 lines from bazel query output...
Read 24000 lines from bazel query output...
Read 25000 lines from bazel query output...
Read 26000 lines from bazel query output...
Read 27000 lines from bazel query output...
Read 28000 lines from bazel query output...
Read 29000 lines from bazel query output...
Read 30000 lines from bazel query output...
Read 31000 lines from bazel query output...
Read 32000 lines from bazel query output...
Read 33000 lines from bazel query output...
Read 34000 lines from bazel query output...
Read 35000 lines from bazel query output...
Read 36000 lines from bazel query output...
Read 37000 lines from bazel query output...
Read 38000 lines from bazel query output...
Read 39000 lines from bazel query output...
Read 40000 lines from bazel query output...
Read 41000 lines from bazel query output...
Read 42000 lines from bazel query output...
Read 43000 lines from bazel query output...
Read 44000 lines from bazel query output...
Read 45000 lines from bazel query output...
Read 46000 lines from bazel query output...
Read 47000 lines from bazel query output...
Read 48000 lines from bazel query output...
Read 49000 lines from bazel query output...
Read 50000 lines from bazel query output...
Read 51000 lines from bazel query output...
Read 52000 lines from bazel query output...
Read 53000 lines from bazel query output...
Read 54000 lines from bazel query output...
Read 55000 lines from bazel query output...
Read 56000 lines from bazel query output...
Read 57000 lines from bazel query output...
Read 58000 lines from bazel query output...
Read 59000 lines from bazel query output...
Read 60000 lines from bazel query output...
Read 61000 lines from bazel query output...
Read 62000 lines from bazel query output...
Read 63000 lines from bazel query output...
Read 64000 lines from bazel query output...
Read 65000 lines from bazel query output...
Read 66000 lines from bazel query output...
Read 67000 lines from bazel query output...
Read 68000 lines from bazel query output...
Read 69000 lines from bazel query output...
Read 70000 lines from bazel query output...
Read 71000 lines from bazel query output...
Read 72000 lines from bazel query output...
Read 73000 lines from bazel query output...
Read 74000 lines from bazel query output...
Read 75000 lines from bazel query output...
Read 76000 lines from bazel query output...
Read 77000 lines from bazel query output...
Read 78000 lines from bazel query output...
Read 79000 lines from bazel query output...
Read 80000 lines from bazel query output...
Read 81000 lines from bazel query output...
Read 82000 lines from bazel query output...
Read 83000 lines from bazel query output...
Read 84000 lines from bazel query output...
Read 85000 lines from bazel query output...
Read 86000 lines from bazel query output...
Read 87000 lines from bazel query output...
