Starting local Bazel server and connecting to it...
 no actions running
 no actions running
 no actions running
 no actions running
 no actions running
Loading: 0 packages loaded
Loading: 1 packages loaded
    currently loading:  ... (3 packages)
Loading: 3 packages loaded
    currently loading: bazel
DEBUG: /data/h445xu/.cache/bazel/_bazel_hongxu/f6ab51e6213f000ef9362c3bc4bf3367/external/rules_xcodeproj~/xcodeproj/internal/logging.bzl:28:10: 
WARNING: @@//bazel:xcodeproj: `xcodeproj.generation_mode = "incremental"` and `xcodeproj.schemes` (1) are set, but `xcodeproj.xcschemes` (0) doesn't have the same number of elements. Your schemes will not be the same as when `xcodeproj.generation_mode = "legacy"` is set.
Loading: 31 packages loaded
    currently loading: @@bazel_tools//third_party/def_parser ... (4 packages)
Loading: 40 packages loaded
    currently loading: @@apple_support~//lib ... (2 packages)
Loading: 40 packages loaded
    currently loading: @@apple_support~//lib ... (3 packages)
Read 0 lines from bazel query output...
Read 1000 lines from bazel query output...
Read 2000 lines from bazel query output...
Read 3000 lines from bazel query output...
Read 4000 lines from bazel query output...
Read 5000 lines from bazel query output...
Read 6000 lines from bazel query output...
Read 7000 lines from bazel query output...
Read 8000 lines from bazel query output...
Read 9000 lines from bazel query output...

thread 'main' panicked at depstat/src/main.rs:23:43:
called `Result::unwrap()` on an `Err` value: InvalidXml(Escape(InvalidCharRef(IllegalCharacter(0))))
note: run with `RUST_BACKTRACE=1` environment variable to display a backtrace
