Starting local Bazel server (8.3.1) and connecting to it...
 no actions running
 no actions running
 no actions running
Loading: 0 packages loaded
Loading: 1 packages loaded
    currently loading:  ... (2 packages)
WARNING: Could not find the `$HOME/.docker/config.json` and `$XDG_RUNTIME_DIR/containers/auth.json` file. 
 Running one of `podman login`, `docker login`, `crane login` may help.
Loading: 78 packages loaded
Loading: 81 packages loaded
Loading: 81 packages loaded
Loading: 81 packages loaded
Loading: 81 packages loaded
Loading: 160 packages loaded
Loading: 264 packages loaded
Loading: 276 packages loaded
Loading: 276 packages loaded
Loading: 333 packages loaded
    currently loading: @@gazelle++go_deps+com_github_google_s2a_go//internal/v2 ... (6 packages)
Read 0 lines from bazel query output...
Read 1000 lines from bazel query output...
Read 2000 lines from bazel query output...
Read 3000 lines from bazel query output...
Read 4000 lines from bazel query output...
Read 5000 lines from bazel query output...
Read 6000 lines from bazel query output...
Read 7000 lines from bazel query output...
Read 8000 lines from bazel query output...
Read 9000 lines from bazel query output...
Read 10000 lines from bazel query output...
Read 11000 lines from bazel query output...
Read 12000 lines from bazel query output...
Read 13000 lines from bazel query output...
Read 14000 lines from bazel query output...
