Starting local Bazel server (8.3.1) and connecting to it...
(03:55:26) INFO: Invocation ID: 168364d7-122a-4075-a42d-c1b6d264c68d
(03:55:26) INFO: Current date is 2025-08-09
(03:55:26)  no actions running
(03:55:27)  no actions running
(03:55:27) WARNING: For repository 'rules_java', the root module requires module version rules_java@8.11.0, but got rules_java@8.12.0 in the resolved dependency graph. Please update the version in your MODULE.bazel or set --check_direct_dependencies=off
(03:55:28) Loading: 0 packages loaded
(03:55:28) INFO: Current date is 2025-08-09
(03:55:29) Loading: 36 packages loaded
    currently loading: control/beacon ... (337 packages)
(03:55:30) WARNING: Remote Cache: io.netty.channel.AbstractChannel$AnnotatedConnectException: finishConnect(..) failed: Connection refused: localhost/127.0.0.1:9092
(03:55:30) Loading: 342 packages loaded
    currently loading: spec ... (31 packages)
(03:55:31) Loading: 361 packages loaded
    currently loading: spec ... (12 packages)
(03:55:32) Loading: 717 packages loaded
(03:55:33) Loading: 944 packages loaded
(03:55:34) Loading: 1089 packages loaded
(03:55:35) Loading: 1103 packages loaded
(03:55:36) Loading: 1117 packages loaded
(03:55:37) Loading: 1133 packages loaded
(03:55:38) Loading: 1179 packages loaded
(03:55:39) Loading: 1215 packages loaded
(03:55:40) Loading: 1239 packages loaded
(03:55:41) Loading: 1257 packages loaded
(03:55:42) Loading: 1286 packages loaded
(03:55:43) Loading: 1313 packages loaded
(03:55:44) Loading: 1324 packages loaded
(03:55:45) Loading: 1334 packages loaded
(03:55:46) Loading: 1341 packages loaded
(03:55:47) Loading: 1345 packages loaded
(03:55:48) Loading: 1346 packages loaded
(03:55:49) Loading: 1346 packages loaded
(03:55:50) Loading: 1664 packages loaded
(03:55:52) Loading: 1869 packages loaded
(03:55:53) Loading: 1872 packages loaded
(03:55:54) Loading: 1872 packages loaded
(03:55:55) Loading: 1872 packages loaded
(03:55:56) Loading: 1874 packages loaded
(03:55:57) Loading: 1874 packages loaded
(03:55:58) Loading: 1874 packages loaded
(03:55:59) Loading: 1874 packages loaded
(03:56:01) Loading: 1874 packages loaded
(03:56:02) Loading: 1906 packages loaded
(03:56:03) Loading: 1906 packages loaded
(03:56:04) Loading: 1906 packages loaded
(03:56:05) Loading: 1906 packages loaded
(03:56:06) Loading: 1906 packages loaded
(03:56:08) Loading: 1906 packages loaded
(03:56:09) Loading: 1906 packages loaded
(03:56:10) Loading: 1906 packages loaded
(03:56:12) Loading: 1906 packages loaded
(03:56:14) Loading: 1906 packages loaded
(03:56:15) Loading: 1906 packages loaded
(03:56:17) Loading: 1906 packages loaded
(03:56:18) Loading: 1906 packages loaded
(03:56:19) Loading: 1906 packages loaded
(03:56:21) Loading: 1906 packages loaded
(03:56:22) Loading: 1906 packages loaded
(03:56:24) Loading: 1906 packages loaded
(03:56:25) Loading: 1906 packages loaded
(03:56:26) Loading: 1906 packages loaded
(03:56:27) Loading: 1906 packages loaded
(03:56:28) Loading: 1906 packages loaded
(03:56:30) Loading: 1906 packages loaded
(03:56:31) Loading: 1906 packages loaded
(03:56:33) Loading: 1906 packages loaded
(03:56:34) Loading: 1906 packages loaded
(03:56:35) Loading: 1906 packages loaded
(03:56:36) Loading: 1906 packages loaded
(03:56:37) Loading: 1906 packages loaded
(03:56:38) Loading: 1906 packages loaded
(03:56:40) Loading: 1906 packages loaded
(03:56:41) Loading: 1906 packages loaded
(03:56:42) Loading: 1906 packages loaded
(03:56:44) Loading: 1906 packages loaded
(03:56:45) Loading: 1906 packages loaded
(03:56:46) Loading: 1906 packages loaded
(03:56:47) Loading: 1906 packages loaded
(03:56:49) Loading: 1906 packages loaded
(03:56:51) Loading: 1906 packages loaded
(03:56:52) Loading: 1906 packages loaded
(03:56:53) Loading: 1906 packages loaded
(03:56:55) Loading: 1906 packages loaded
(03:56:58) Loading: 1906 packages loaded
(03:56:59) Loading: 1906 packages loaded
(03:57:00) Loading: 1906 packages loaded
(03:57:01) Loading: 1906 packages loaded
(03:57:05) Loading: 1906 packages loaded
(03:57:06) Loading: 1906 packages loaded
(03:57:07) Loading: 1906 packages loaded
(03:57:30) Loading: 1906 packages loaded
(03:57:31) ERROR: /data/h445xu/repo/bazel-repos/cloned_repos/scionproto__scion/dist/BUILD.bazel:189:14: no such target '@@+non_module_deps+openwrt_x86_64_SDK//:coremark_ipk': target 'coremark_ipk' not declared in package '' defined by /data/h445xu/.cache/bazel/_bazel_hongxu/87f5ae8e43d7c44fa777a30df0a45970/external/+non_module_deps+openwrt_x86_64_SDK/BUILD.bazel and referenced by '//dist:coremark_ipk'
(03:57:31) ERROR: /data/h445xu/repo/bazel-repos/cloned_repos/scionproto__scion/dist/BUILD.bazel:189:14: no such target '@@+non_module_deps+openwrt_x86_64_SDK//:coremark_ipk': target 'coremark_ipk' not declared in package '' defined by /data/h445xu/.cache/bazel/_bazel_hongxu/87f5ae8e43d7c44fa777a30df0a45970/external/+non_module_deps+openwrt_x86_64_SDK/BUILD.bazel and referenced by '//dist:coremark_ipk'
(03:57:31) ERROR: Evaluation of query "deps(//...)" failed: errors were encountered while computing transitive closure
(03:57:31) WARNING: --keep_going specified, ignoring errors. Results may be inaccurate
(03:57:31) Loading: 1907 packages loaded
Read 0 lines from bazel query output...
Read 1000 lines from bazel query output...
Read 2000 lines from bazel query output...
Read 3000 lines from bazel query output...
Read 4000 lines from bazel query output...
Read 5000 lines from bazel query output...
Read 6000 lines from bazel query output...
Read 7000 lines from bazel query output...
Read 8000 lines from bazel query output...
Read 9000 lines from bazel query output...
Read 10000 lines from bazel query output...
Read 11000 lines from bazel query output...
Read 12000 lines from bazel query output...
Read 13000 lines from bazel query output...
Read 14000 lines from bazel query output...
Read 15000 lines from bazel query output...
Read 16000 lines from bazel query output...
Read 17000 lines from bazel query output...
Read 18000 lines from bazel query output...
Read 19000 lines from bazel query output...
Read 20000 lines from bazel query output...
Read 21000 lines from bazel query output...
Read 22000 lines from bazel query output...
Read 23000 lines from bazel query output...
Read 24000 lines from bazel query output...
Read 25000 lines from bazel query output...
Read 26000 lines from bazel query output...
Read 27000 lines from bazel query output...
Read 28000 lines from bazel query output...
Read 29000 lines from bazel query output...
Read 30000 lines from bazel query output...
Read 31000 lines from bazel query output...
Read 32000 lines from bazel query output...
Read 33000 lines from bazel query output...
Read 34000 lines from bazel query output...
Read 35000 lines from bazel query output...
Read 36000 lines from bazel query output...
Read 37000 lines from bazel query output...
Read 38000 lines from bazel query output...
Read 39000 lines from bazel query output...
Read 40000 lines from bazel query output...
Read 41000 lines from bazel query output...
Read 42000 lines from bazel query output...
Read 43000 lines from bazel query output...
Read 44000 lines from bazel query output...
Read 45000 lines from bazel query output...
Read 46000 lines from bazel query output...
Read 47000 lines from bazel query output...
Read 48000 lines from bazel query output...
Read 49000 lines from bazel query output...
Read 50000 lines from bazel query output...
Read 51000 lines from bazel query output...
Read 52000 lines from bazel query output...
Read 53000 lines from bazel query output...
Read 54000 lines from bazel query output...
Read 55000 lines from bazel query output...
Read 56000 lines from bazel query output...
Read 57000 lines from bazel query output...
Read 58000 lines from bazel query output...
Read 59000 lines from bazel query output...
Read 60000 lines from bazel query output...
Read 61000 lines from bazel query output...
Read 62000 lines from bazel query output...
Read 63000 lines from bazel query output...
Read 64000 lines from bazel query output...
Read 65000 lines from bazel query output...
Read 66000 lines from bazel query output...
Read 67000 lines from bazel query output...
Read 68000 lines from bazel query output...
Read 69000 lines from bazel query output...
Read 70000 lines from bazel query output...
Read 71000 lines from bazel query output...
Read 72000 lines from bazel query output...
Read 73000 lines from bazel query output...
Read 74000 lines from bazel query output...
Read 75000 lines from bazel query output...
Read 76000 lines from bazel query output...
Read 77000 lines from bazel query output...
Read 78000 lines from bazel query output...
Read 79000 lines from bazel query output...
Read 80000 lines from bazel query output...
Read 81000 lines from bazel query output...
Read 82000 lines from bazel query output...
Read 83000 lines from bazel query output...
Read 84000 lines from bazel query output...
Read 85000 lines from bazel query output...
Read 86000 lines from bazel query output...
Read 87000 lines from bazel query output...
Read 88000 lines from bazel query output...
Read 89000 lines from bazel query output...
Read 90000 lines from bazel query output...
Read 91000 lines from bazel query output...
Read 92000 lines from bazel query output...
Read 93000 lines from bazel query output...
Read 94000 lines from bazel query output...
Read 95000 lines from bazel query output...
Read 96000 lines from bazel query output...
Read 97000 lines from bazel query output...
Read 98000 lines from bazel query output...
Read 99000 lines from bazel query output...
Read 100000 lines from bazel query output...
Read 101000 lines from bazel query output...
Read 102000 lines from bazel query output...
Read 103000 lines from bazel query output...
Read 104000 lines from bazel query output...
Read 105000 lines from bazel query output...
Read 106000 lines from bazel query output...
Read 107000 lines from bazel query output...
Read 108000 lines from bazel query output...
Read 109000 lines from bazel query output...
Read 110000 lines from bazel query output...
Read 111000 lines from bazel query output...
Read 112000 lines from bazel query output...
Read 113000 lines from bazel query output...
Read 114000 lines from bazel query output...
Read 115000 lines from bazel query output...
Read 116000 lines from bazel query output...
Read 117000 lines from bazel query output...
Read 118000 lines from bazel query output...
Read 119000 lines from bazel query output...
Read 120000 lines from bazel query output...
Read 121000 lines from bazel query output...
Read 122000 lines from bazel query output...
Read 123000 lines from bazel query output...
Read 124000 lines from bazel query output...
Read 125000 lines from bazel query output...
Read 126000 lines from bazel query output...
Read 127000 lines from bazel query output...
Read 128000 lines from bazel query output...
Read 129000 lines from bazel query output...
Read 130000 lines from bazel query output...
Read 131000 lines from bazel query output...
Read 132000 lines from bazel query output...
Read 133000 lines from bazel query output...
Read 134000 lines from bazel query output...
Read 135000 lines from bazel query output...
Read 136000 lines from bazel query output...
Read 137000 lines from bazel query output...
Read 138000 lines from bazel query output...
Read 139000 lines from bazel query output...
Read 140000 lines from bazel query output...
Read 141000 lines from bazel query output...
Read 142000 lines from bazel query output...
Read 143000 lines from bazel query output...
Read 144000 lines from bazel query output...
Read 145000 lines from bazel query output...
Read 146000 lines from bazel query output...
Read 147000 lines from bazel query output...
Read 148000 lines from bazel query output...
Read 149000 lines from bazel query output...
Read 150000 lines from bazel query output...
Read 151000 lines from bazel query output...
Read 152000 lines from bazel query output...
Read 153000 lines from bazel query output...
Read 154000 lines from bazel query output...
Read 155000 lines from bazel query output...
Read 156000 lines from bazel query output...
Read 157000 lines from bazel query output...
Read 158000 lines from bazel query output...
Read 159000 lines from bazel query output...
Read 160000 lines from bazel query output...
Read 161000 lines from bazel query output...
Read 162000 lines from bazel query output...
Read 163000 lines from bazel query output...
Read 164000 lines from bazel query output...
Read 165000 lines from bazel query output...
Read 166000 lines from bazel query output...
Read 167000 lines from bazel query output...
Read 168000 lines from bazel query output...
Read 169000 lines from bazel query output...
