Starting local Bazel server and connecting to it...
 checking cached actions
Loading: 0 packages loaded
ERROR: /data/h445xu/.cache/bazel/_bazel_hongxu/28ac84ee2c52cb2f5f394e5e285bbd6a/external/com_google_googletest/BUILD.bazel:80:11: no such package '@com_googlesource_code_re2//': The repository '@com_googlesource_code_re2' could not be resolved: Repository '@com_googlesource_code_re2' is not defined and referenced by '@com_google_googletest//:gtest'
INFO: Repository local_config_python instantiated at:
  /data/h445xu/repo/bazel-repos/cloned_repos/secretflow__secretflow/WORKSPACE:67:17: in <toplevel>
Repository rule python_configure defined at:
  /data/h445xu/.cache/bazel/_bazel_hongxu/28ac84ee2c52cb2f5f394e5e285bbd6a/external/pybind11_bazel/python_configure.bzl:385:35: in <toplevel>
ERROR: An error occurred during the fetch of repository 'local_config_python':
   Traceback (most recent call last):
	File "/data/h445xu/.cache/bazel/_bazel_hongxu/28ac84ee2c52cb2f5f394e5e285bbd6a/external/pybind11_bazel/python_configure.bzl", line 382, column 36, in _python_autoconf_impl
		_create_local_python_repository(repository_ctx)
	File "/data/h445xu/.cache/bazel/_bazel_hongxu/28ac84ee2c52cb2f5f394e5e285bbd6a/external/pybind11_bazel/python_configure.bzl", line 332, column 41, in _create_local_python_repository
		python_include = _get_python_include(repository_ctx, python_bin)
	File "/data/h445xu/.cache/bazel/_bazel_hongxu/28ac84ee2c52cb2f5f394e5e285bbd6a/external/pybind11_bazel/python_configure.bzl", line 244, column 22, in _get_python_include
		result = _execute(
	File "/data/h445xu/.cache/bazel/_bazel_hongxu/28ac84ee2c52cb2f5f394e5e285bbd6a/external/pybind11_bazel/python_configure.bzl", line 56, column 14, in _execute
		_fail("\n".join([
	File "/data/h445xu/.cache/bazel/_bazel_hongxu/28ac84ee2c52cb2f5f394e5e285bbd6a/external/pybind11_bazel/python_configure.bzl", line 27, column 9, in _fail
		fail("%sPython Configuration Error:%s %s\n" % (red, no_color, msg))
Error in fail: Python Configuration Error: Problem getting python include path.
<string>:1: DeprecationWarning: The distutils package is deprecated and slated for removal in Python 3.12. Use setuptools or check PEP 632 for potential alternatives
<string>:1: DeprecationWarning: The distutils.sysconfig module is deprecated, use sysconfig instead
Is the Python binary path set up right? (See ./configure or PYTHON_BIN_PATH.) Is distutils installed?
ERROR: /data/h445xu/repo/bazel-repos/cloned_repos/secretflow__secretflow/WORKSPACE:67:17: fetching python_configure rule //external:local_config_python: Traceback (most recent call last):
	File "/data/h445xu/.cache/bazel/_bazel_hongxu/28ac84ee2c52cb2f5f394e5e285bbd6a/external/pybind11_bazel/python_configure.bzl", line 382, column 36, in _python_autoconf_impl
		_create_local_python_repository(repository_ctx)
	File "/data/h445xu/.cache/bazel/_bazel_hongxu/28ac84ee2c52cb2f5f394e5e285bbd6a/external/pybind11_bazel/python_configure.bzl", line 332, column 41, in _create_local_python_repository
		python_include = _get_python_include(repository_ctx, python_bin)
	File "/data/h445xu/.cache/bazel/_bazel_hongxu/28ac84ee2c52cb2f5f394e5e285bbd6a/external/pybind11_bazel/python_configure.bzl", line 244, column 22, in _get_python_include
		result = _execute(
	File "/data/h445xu/.cache/bazel/_bazel_hongxu/28ac84ee2c52cb2f5f394e5e285bbd6a/external/pybind11_bazel/python_configure.bzl", line 56, column 14, in _execute
		_fail("\n".join([
	File "/data/h445xu/.cache/bazel/_bazel_hongxu/28ac84ee2c52cb2f5f394e5e285bbd6a/external/pybind11_bazel/python_configure.bzl", line 27, column 9, in _fail
		fail("%sPython Configuration Error:%s %s\n" % (red, no_color, msg))
Error in fail: Python Configuration Error: Problem getting python include path.
<string>:1: DeprecationWarning: The distutils package is deprecated and slated for removal in Python 3.12. Use setuptools or check PEP 632 for potential alternatives
<string>:1: DeprecationWarning: The distutils.sysconfig module is deprecated, use sysconfig instead
Is the Python binary path set up right? (See ./configure or PYTHON_BIN_PATH.) Is distutils installed?
ERROR: /data/h445xu/.cache/bazel/_bazel_hongxu/28ac84ee2c52cb2f5f394e5e285bbd6a/external/pybind11/BUILD.bazel:28:11: no such package '@local_config_python//': Python Configuration Error: Problem getting python include path.
<string>:1: DeprecationWarning: The distutils package is deprecated and slated for removal in Python 3.12. Use setuptools or check PEP 632 for potential alternatives
<string>:1: DeprecationWarning: The distutils.sysconfig module is deprecated, use sysconfig instead
Is the Python binary path set up right? (See ./configure or PYTHON_BIN_PATH.) Is distutils installed?
 and referenced by '@pybind11//:pybind11'
ERROR: /data/h445xu/repo/bazel-repos/cloned_repos/secretflow__secretflow/secretflow_lib/binding/BUILD.bazel:27:17: no such package '@local_config_python//': Python Configuration Error: Problem getting python include path.
<string>:1: DeprecationWarning: The distutils package is deprecated and slated for removal in Python 3.12. Use setuptools or check PEP 632 for potential alternatives
<string>:1: DeprecationWarning: The distutils.sysconfig module is deprecated, use sysconfig instead
Is the Python binary path set up right? (See ./configure or PYTHON_BIN_PATH.) Is distutils installed?
 and referenced by '//secretflow_lib/binding:_lib.so'
ERROR: /data/h445xu/repo/bazel-repos/cloned_repos/secretflow__secretflow/secretflow_lib/binding/BUILD.bazel:27:17: no such package '@local_config_python//': Python Configuration Error: Problem getting python include path.
<string>:1: DeprecationWarning: The distutils package is deprecated and slated for removal in Python 3.12. Use setuptools or check PEP 632 for potential alternatives
<string>:1: DeprecationWarning: The distutils.sysconfig module is deprecated, use sysconfig instead
Is the Python binary path set up right? (See ./configure or PYTHON_BIN_PATH.) Is distutils installed?
 and referenced by '//secretflow_lib/binding:_lib.so'
ERROR: /data/h445xu/.cache/bazel/_bazel_hongxu/28ac84ee2c52cb2f5f394e5e285bbd6a/external/com_google_googletest/BUILD.bazel:80:11: no such package '@com_googlesource_code_re2//': The repository '@com_googlesource_code_re2' could not be resolved: Repository '@com_googlesource_code_re2' is not defined and referenced by '@com_google_googletest//:gtest'
ERROR: /data/h445xu/.cache/bazel/_bazel_hongxu/28ac84ee2c52cb2f5f394e5e285bbd6a/external/pybind11/BUILD.bazel:28:11: no such package '@local_config_python//': Python Configuration Error: Problem getting python include path.
<string>:1: DeprecationWarning: The distutils package is deprecated and slated for removal in Python 3.12. Use setuptools or check PEP 632 for potential alternatives
<string>:1: DeprecationWarning: The distutils.sysconfig module is deprecated, use sysconfig instead
Is the Python binary path set up right? (See ./configure or PYTHON_BIN_PATH.) Is distutils installed?
 and referenced by '@pybind11//:pybind11'
ERROR: Evaluation of query "deps(//...)" failed: errors were encountered while computing transitive closure
WARNING: --keep_going specified, ignoring errors. Results may be inaccurate
Read 0 lines from bazel query output...
Read 1000 lines from bazel query output...
Read 2000 lines from bazel query output...
Read 3000 lines from bazel query output...
Read 4000 lines from bazel query output...
Read 5000 lines from bazel query output...
Read 6000 lines from bazel query output...
Read 7000 lines from bazel query output...
Read 8000 lines from bazel query output...
Read 9000 lines from bazel query output...
Read 10000 lines from bazel query output...
Read 11000 lines from bazel query output...
Read 12000 lines from bazel query output...
Read 13000 lines from bazel query output...
Read 14000 lines from bazel query output...
Read 15000 lines from bazel query output...
Read 16000 lines from bazel query output...
Read 17000 lines from bazel query output...
Read 18000 lines from bazel query output...
Read 19000 lines from bazel query output...
Read 20000 lines from bazel query output...
Read 21000 lines from bazel query output...
Read 22000 lines from bazel query output...
Read 23000 lines from bazel query output...
Read 24000 lines from bazel query output...
Read 25000 lines from bazel query output...
Read 26000 lines from bazel query output...
Read 27000 lines from bazel query output...
Read 28000 lines from bazel query output...
Read 29000 lines from bazel query output...
Read 30000 lines from bazel query output...
Read 31000 lines from bazel query output...
Read 32000 lines from bazel query output...
Read 33000 lines from bazel query output...
Read 34000 lines from bazel query output...
Read 35000 lines from bazel query output...
Read 36000 lines from bazel query output...
Read 37000 lines from bazel query output...
Read 38000 lines from bazel query output...
Read 39000 lines from bazel query output...
Read 40000 lines from bazel query output...
Loading: 61 packages loaded
