Starting local Bazel server (8.3.1) and connecting to it...
 no actions running
 no actions running
 no actions running
 no actions running
 no actions running
WARNING: For repository 'bazel_features', the root module requires module version bazel_features@1.20.0, but got bazel_features@1.30.0 in the resolved dependency graph. Please update the version in your MODULE.bazel or set --check_direct_dependencies=off
WARNING: For repository 'rules_python', the root module requires module version rules_python@0.16.2, but got rules_python@1.1.0 in the resolved dependency graph. Please update the version in your MODULE.bazel or set --check_direct_dependencies=off
WARNING: For repository 'platforms', the root module requires module version platforms@0.0.8, but got platforms@0.0.11 in the resolved dependency graph. Please update the version in your MODULE.bazel or set --check_direct_dependencies=off
Loading: 0 packages loaded
Loading: 10 packages loaded
    currently loading: heu/library/phe ... (42 packages)
ERROR: /data/h445xu/repo/bazel-repos/cloned_repos/secretflow__heu/third_party/bazel_rust/BUILD.bazel:51:6: no such package '@@[unknown repo 'rust__cxx__1_0_65' requested from @@]//': The repository '@@[unknown repo 'rust__cxx__1_0_65' requested from @@]' could not be resolved: No repository visible as '@rust__cxx__1_0_65' from main repository and referenced by '//third_party/bazel_rust:cxx'
ERROR: /data/h445xu/repo/bazel-repos/cloned_repos/secretflow__heu/third_party/bazel_rust/BUILD.bazel:24:6: no such package '@@[unknown repo 'rust__concrete__0_1_11' requested from @@]//': The repository '@@[unknown repo 'rust__concrete__0_1_11' requested from @@]' could not be resolved: No repository visible as '@rust__concrete__0_1_11' from main repository and referenced by '//third_party/bazel_rust:concrete'
ERROR: /data/h445xu/repo/bazel-repos/cloned_repos/secretflow__heu/third_party/bazel_rust/BUILD.bazel:96:6: no such package '@@[unknown repo 'rust__tempfile__3_3_0' requested from @@]//': The repository '@@[unknown repo 'rust__tempfile__3_3_0' requested from @@]' could not be resolved: No repository visible as '@rust__tempfile__3_3_0' from main repository and referenced by '//third_party/bazel_rust:tempfile'
ERROR: /data/h445xu/repo/bazel-repos/cloned_repos/secretflow__heu/third_party/bazel_rust/BUILD.bazel:33:6: no such package '@@[unknown repo 'rust__concrete_boolean__0_1_0' requested from @@]//': The repository '@@[unknown repo 'rust__concrete_boolean__0_1_0' requested from @@]' could not be resolved: No repository visible as '@rust__concrete_boolean__0_1_0' from main repository and referenced by '//third_party/bazel_rust:concrete_boolean'
ERROR: /data/h445xu/repo/bazel-repos/cloned_repos/secretflow__heu/third_party/bazel_rust/BUILD.bazel:42:6: no such package '@@[unknown repo 'rust__criterion__0_3_5' requested from @@]//': The repository '@@[unknown repo 'rust__criterion__0_3_5' requested from @@]' could not be resolved: No repository visible as '@rust__criterion__0_3_5' from main repository and referenced by '//third_party/bazel_rust:criterion'
ERROR: /data/h445xu/repo/bazel-repos/cloned_repos/secretflow__heu/third_party/bazel_rust/BUILD.bazel:60:6: no such package '@@[unknown repo 'rust__cxxbridge_cmd__1_0_65' requested from @@]//': The repository '@@[unknown repo 'rust__cxxbridge_cmd__1_0_65' requested from @@]' could not be resolved: No repository visible as '@rust__cxxbridge_cmd__1_0_65' from main repository and referenced by '//third_party/bazel_rust:cargo_bin_cxxbridge'
ERROR: /data/h445xu/repo/bazel-repos/cloned_repos/secretflow__heu/third_party/bazel_rust/BUILD.bazel:15:6: no such package '@@[unknown repo 'rust__colored__2_0_0' requested from @@]//': The repository '@@[unknown repo 'rust__colored__2_0_0' requested from @@]' could not be resolved: No repository visible as '@rust__colored__2_0_0' from main repository and referenced by '//third_party/bazel_rust:colored'
ERROR: /data/h445xu/repo/bazel-repos/cloned_repos/secretflow__heu/third_party/bazel_rust/BUILD.bazel:78:6: no such package '@@[unknown repo 'rust__log__0_4_14' requested from @@]//': The repository '@@[unknown repo 'rust__log__0_4_14' requested from @@]' could not be resolved: No repository visible as '@rust__log__0_4_14' from main repository and referenced by '//third_party/bazel_rust:log'
ERROR: /data/h445xu/repo/bazel-repos/cloned_repos/secretflow__heu/third_party/bazel_rust/BUILD.bazel:87:6: no such package '@@[unknown repo 'rust__simple_logger__2_1_0' requested from @@]//': The repository '@@[unknown repo 'rust__simple_logger__2_1_0' requested from @@]' could not be resolved: No repository visible as '@rust__simple_logger__2_1_0' from main repository and referenced by '//third_party/bazel_rust:simple_logger'
ERROR: /data/h445xu/repo/bazel-repos/cloned_repos/secretflow__heu/third_party/bazel_rust/BUILD.bazel:69:6: no such package '@@[unknown repo 'rust__cxxbridge_cmd__1_0_65' requested from @@]//': The repository '@@[unknown repo 'rust__cxxbridge_cmd__1_0_65' requested from @@]' could not be resolved: No repository visible as '@rust__cxxbridge_cmd__1_0_65' from main repository and referenced by '//third_party/bazel_rust:cxxbridge_cmd'
Loading: 140 packages loaded
    currently loading: @@rules_python+//python/config_settings ... (9 packages)
INFO: Repository eigen++_repo_rules+macos_omp_x64 instantiated at:
  <builtin>: in <toplevel>
Repository rule new_local_repository defined at:
  /data/h445xu/.cache/bazel/_bazel_hongxu/49903f600fd57a2c707b876a2ebaabaf/external/bazel_tools/tools/build_defs/repo/local.bzl:108:39: in <toplevel>
INFO: Repository eigen++_repo_rules+macos_omp_arm64 instantiated at:
  <builtin>: in <toplevel>
Repository rule new_local_repository defined at:
  /data/h445xu/.cache/bazel/_bazel_hongxu/49903f600fd57a2c707b876a2ebaabaf/external/bazel_tools/tools/build_defs/repo/local.bzl:108:39: in <toplevel>
ERROR: /data/h445xu/.cache/bazel/_bazel_hongxu/49903f600fd57a2c707b876a2ebaabaf/external/bazel_tools/tools/build_defs/repo/local.bzl:55:13: An error occurred during the fetch of repository 'eigen++_repo_rules+macos_omp_x64':
   Traceback (most recent call last):
	File "/data/h445xu/.cache/bazel/_bazel_hongxu/49903f600fd57a2c707b876a2ebaabaf/external/bazel_tools/tools/build_defs/repo/local.bzl", line 88, column 29, in _new_local_repository_impl
		children = _get_dir_path(rctx).readdir()
	File "/data/h445xu/.cache/bazel/_bazel_hongxu/49903f600fd57a2c707b876a2ebaabaf/external/bazel_tools/tools/build_defs/repo/local.bzl", line 55, column 13, in _get_dir_path
		fail(
Error in fail: The repository's path is "/usr/local/opt/libomp" (absolute: "/usr/local/opt/libomp") but it does not exist or is not a directory.
ERROR: /data/h445xu/.cache/bazel/_bazel_hongxu/49903f600fd57a2c707b876a2ebaabaf/external/bazel_tools/tools/build_defs/repo/local.bzl:55:13: An error occurred during the fetch of repository 'eigen++_repo_rules+macos_omp_arm64':
   Traceback (most recent call last):
	File "/data/h445xu/.cache/bazel/_bazel_hongxu/49903f600fd57a2c707b876a2ebaabaf/external/bazel_tools/tools/build_defs/repo/local.bzl", line 88, column 29, in _new_local_repository_impl
		children = _get_dir_path(rctx).readdir()
	File "/data/h445xu/.cache/bazel/_bazel_hongxu/49903f600fd57a2c707b876a2ebaabaf/external/bazel_tools/tools/build_defs/repo/local.bzl", line 55, column 13, in _get_dir_path
		fail(
Error in fail: The repository's path is "/opt/homebrew/opt/libomp/" (absolute: "/opt/homebrew/opt/libomp") but it does not exist or is not a directory.
ERROR: /data/h445xu/.cache/bazel/_bazel_hongxu/49903f600fd57a2c707b876a2ebaabaf/external/eigen+/BUILD.bazel:63:11: no such package '@@eigen++_repo_rules+macos_omp_x64//': The repository's path is "/usr/local/opt/libomp" (absolute: "/usr/local/opt/libomp") but it does not exist or is not a directory. and referenced by '@@eigen+//:eigen'
ERROR: /data/h445xu/.cache/bazel/_bazel_hongxu/49903f600fd57a2c707b876a2ebaabaf/external/eigen+/BUILD.bazel:63:11: no such package '@@eigen++_repo_rules+macos_omp_arm64//': The repository's path is "/opt/homebrew/opt/libomp/" (absolute: "/opt/homebrew/opt/libomp") but it does not exist or is not a directory. and referenced by '@@eigen+//:eigen'
Loading: 208 packages loaded
Loading: 209 packages loaded
Loading: 209 packages loaded
Loading: 209 packages loaded
ERROR: /data/h445xu/repo/bazel-repos/cloned_repos/secretflow__heu/third_party/bazel_rust/BUILD.bazel:15:6: no such package '@@[unknown repo 'rust__colored__2_0_0' requested from @@]//': The repository '@@[unknown repo 'rust__colored__2_0_0' requested from @@]' could not be resolved: No repository visible as '@rust__colored__2_0_0' from main repository and referenced by '//third_party/bazel_rust:colored'
ERROR: /data/h445xu/.cache/bazel/_bazel_hongxu/49903f600fd57a2c707b876a2ebaabaf/external/eigen+/BUILD.bazel:63:11: no such package '@@eigen++_repo_rules+macos_omp_x64//': The repository's path is "/usr/local/opt/libomp" (absolute: "/usr/local/opt/libomp") but it does not exist or is not a directory. and referenced by '@@eigen+//:eigen'
ERROR: /data/h445xu/repo/bazel-repos/cloned_repos/secretflow__heu/third_party/bazel_rust/BUILD.bazel:96:6: no such package '@@[unknown repo 'rust__tempfile__3_3_0' requested from @@]//': The repository '@@[unknown repo 'rust__tempfile__3_3_0' requested from @@]' could not be resolved: No repository visible as '@rust__tempfile__3_3_0' from main repository and referenced by '//third_party/bazel_rust:tempfile'
ERROR: /data/h445xu/repo/bazel-repos/cloned_repos/secretflow__heu/third_party/bazel_rust/BUILD.bazel:69:6: no such package '@@[unknown repo 'rust__cxxbridge_cmd__1_0_65' requested from @@]//': The repository '@@[unknown repo 'rust__cxxbridge_cmd__1_0_65' requested from @@]' could not be resolved: No repository visible as '@rust__cxxbridge_cmd__1_0_65' from main repository and referenced by '//third_party/bazel_rust:cxxbridge_cmd'
ERROR: /data/h445xu/repo/bazel-repos/cloned_repos/secretflow__heu/third_party/bazel_rust/BUILD.bazel:51:6: no such package '@@[unknown repo 'rust__cxx__1_0_65' requested from @@]//': The repository '@@[unknown repo 'rust__cxx__1_0_65' requested from @@]' could not be resolved: No repository visible as '@rust__cxx__1_0_65' from main repository and referenced by '//third_party/bazel_rust:cxx'
ERROR: /data/h445xu/repo/bazel-repos/cloned_repos/secretflow__heu/third_party/bazel_rust/BUILD.bazel:87:6: no such package '@@[unknown repo 'rust__simple_logger__2_1_0' requested from @@]//': The repository '@@[unknown repo 'rust__simple_logger__2_1_0' requested from @@]' could not be resolved: No repository visible as '@rust__simple_logger__2_1_0' from main repository and referenced by '//third_party/bazel_rust:simple_logger'
ERROR: /data/h445xu/repo/bazel-repos/cloned_repos/secretflow__heu/third_party/bazel_rust/BUILD.bazel:24:6: no such package '@@[unknown repo 'rust__concrete__0_1_11' requested from @@]//': The repository '@@[unknown repo 'rust__concrete__0_1_11' requested from @@]' could not be resolved: No repository visible as '@rust__concrete__0_1_11' from main repository and referenced by '//third_party/bazel_rust:concrete'
ERROR: /data/h445xu/repo/bazel-repos/cloned_repos/secretflow__heu/third_party/bazel_rust/BUILD.bazel:60:6: no such package '@@[unknown repo 'rust__cxxbridge_cmd__1_0_65' requested from @@]//': The repository '@@[unknown repo 'rust__cxxbridge_cmd__1_0_65' requested from @@]' could not be resolved: No repository visible as '@rust__cxxbridge_cmd__1_0_65' from main repository and referenced by '//third_party/bazel_rust:cargo_bin_cxxbridge'
ERROR: /data/h445xu/repo/bazel-repos/cloned_repos/secretflow__heu/third_party/bazel_rust/BUILD.bazel:42:6: no such package '@@[unknown repo 'rust__criterion__0_3_5' requested from @@]//': The repository '@@[unknown repo 'rust__criterion__0_3_5' requested from @@]' could not be resolved: No repository visible as '@rust__criterion__0_3_5' from main repository and referenced by '//third_party/bazel_rust:criterion'
ERROR: /data/h445xu/repo/bazel-repos/cloned_repos/secretflow__heu/third_party/bazel_rust/BUILD.bazel:33:6: no such package '@@[unknown repo 'rust__concrete_boolean__0_1_0' requested from @@]//': The repository '@@[unknown repo 'rust__concrete_boolean__0_1_0' requested from @@]' could not be resolved: No repository visible as '@rust__concrete_boolean__0_1_0' from main repository and referenced by '//third_party/bazel_rust:concrete_boolean'
ERROR: /data/h445xu/repo/bazel-repos/cloned_repos/secretflow__heu/third_party/bazel_rust/BUILD.bazel:78:6: no such package '@@[unknown repo 'rust__log__0_4_14' requested from @@]//': The repository '@@[unknown repo 'rust__log__0_4_14' requested from @@]' could not be resolved: No repository visible as '@rust__log__0_4_14' from main repository and referenced by '//third_party/bazel_rust:log'
ERROR: /data/h445xu/.cache/bazel/_bazel_hongxu/49903f600fd57a2c707b876a2ebaabaf/external/eigen+/BUILD.bazel:63:11: no such package '@@eigen++_repo_rules+macos_omp_arm64//': The repository's path is "/opt/homebrew/opt/libomp/" (absolute: "/opt/homebrew/opt/libomp") but it does not exist or is not a directory. and referenced by '@@eigen+//:eigen'
ERROR: Evaluation of query "deps(//...)" failed: errors were encountered while computing transitive closure
WARNING: --keep_going specified, ignoring errors. Results may be inaccurate
Read 0 lines from bazel query output...
Read 1000 lines from bazel query output...
Read 2000 lines from bazel query output...
Read 3000 lines from bazel query output...
Read 4000 lines from bazel query output...
Read 5000 lines from bazel query output...
Read 6000 lines from bazel query output...
Read 7000 lines from bazel query output...
Read 8000 lines from bazel query output...
Read 9000 lines from bazel query output...
Read 10000 lines from bazel query output...
Read 11000 lines from bazel query output...
Read 12000 lines from bazel query output...
Read 13000 lines from bazel query output...
Read 14000 lines from bazel query output...
Read 15000 lines from bazel query output...
Read 16000 lines from bazel query output...
Read 17000 lines from bazel query output...
Read 18000 lines from bazel query output...
Read 19000 lines from bazel query output...
Read 20000 lines from bazel query output...
Read 21000 lines from bazel query output...
Read 22000 lines from bazel query output...
Read 23000 lines from bazel query output...
Read 24000 lines from bazel query output...
Read 25000 lines from bazel query output...
Read 26000 lines from bazel query output...
Read 27000 lines from bazel query output...
Read 28000 lines from bazel query output...
Read 29000 lines from bazel query output...
Read 30000 lines from bazel query output...
Read 31000 lines from bazel query output...
Read 32000 lines from bazel query output...
Read 33000 lines from bazel query output...
Read 34000 lines from bazel query output...
Read 35000 lines from bazel query output...
Read 36000 lines from bazel query output...
Read 37000 lines from bazel query output...
Read 38000 lines from bazel query output...
Read 39000 lines from bazel query output...
Read 40000 lines from bazel query output...
Read 41000 lines from bazel query output...
Read 42000 lines from bazel query output...
Read 43000 lines from bazel query output...
Read 44000 lines from bazel query output...
Read 45000 lines from bazel query output...
Read 46000 lines from bazel query output...
Read 47000 lines from bazel query output...
Read 48000 lines from bazel query output...
Read 49000 lines from bazel query output...
Read 50000 lines from bazel query output...
Read 51000 lines from bazel query output...
Read 52000 lines from bazel query output...
Read 53000 lines from bazel query output...
Read 54000 lines from bazel query output...
Read 55000 lines from bazel query output...
Read 56000 lines from bazel query output...
Read 57000 lines from bazel query output...
Read 58000 lines from bazel query output...
Read 59000 lines from bazel query output...
Read 60000 lines from bazel query output...
Read 61000 lines from bazel query output...
Read 62000 lines from bazel query output...
Read 63000 lines from bazel query output...
Read 64000 lines from bazel query output...
Read 65000 lines from bazel query output...
Read 66000 lines from bazel query output...
Read 67000 lines from bazel query output...
Loading: 210 packages loaded
Read 68000 lines from bazel query output...
Read 69000 lines from bazel query output...
Read 70000 lines from bazel query output...
Read 71000 lines from bazel query output...
Read 72000 lines from bazel query output...
Read 73000 lines from bazel query output...
Read 74000 lines from bazel query output...
Read 75000 lines from bazel query output...
Read 76000 lines from bazel query output...
Read 77000 lines from bazel query output...
Read 78000 lines from bazel query output...
Read 79000 lines from bazel query output...
Read 80000 lines from bazel query output...
Read 81000 lines from bazel query output...
Read 82000 lines from bazel query output...
Read 83000 lines from bazel query output...
Read 84000 lines from bazel query output...
Read 85000 lines from bazel query output...
Read 86000 lines from bazel query output...
Read 87000 lines from bazel query output...
Read 88000 lines from bazel query output...
Read 89000 lines from bazel query output...
Read 90000 lines from bazel query output...
Read 91000 lines from bazel query output...
Read 92000 lines from bazel query output...
Read 93000 lines from bazel query output...
Read 94000 lines from bazel query output...
Read 95000 lines from bazel query output...
Read 96000 lines from bazel query output...
Read 97000 lines from bazel query output...
Read 98000 lines from bazel query output...
Read 99000 lines from bazel query output...
Read 100000 lines from bazel query output...
Read 101000 lines from bazel query output...
Read 102000 lines from bazel query output...
Read 103000 lines from bazel query output...
Read 104000 lines from bazel query output...
Read 105000 lines from bazel query output...
Read 106000 lines from bazel query output...
Read 107000 lines from bazel query output...
Read 108000 lines from bazel query output...
Read 109000 lines from bazel query output...
Read 110000 lines from bazel query output...
Read 111000 lines from bazel query output...
Read 112000 lines from bazel query output...
Read 113000 lines from bazel query output...
Read 114000 lines from bazel query output...
