Starting local Bazel server and connecting to it...
 checking cached actions
 checking cached actions
 checking cached actions
 checking cached actions
Loading: 0 packages loaded
ERROR: /data/h445xu/repo/bazel-repos/cloned_repos/tensorflow__tfx-bsl/tfx_bsl/BUILD:12:12: no such package 'tools/build_defs/proto/cpp': BUILD file not found in any of the following directories. Add a BUILD file to a directory to mark it as a package.
 - /data/h445xu/repo/bazel-repos/cloned_repos/tensorflow__tfx-bsl/tools/build_defs/proto/cpp and referenced by '//tfx_bsl:build_macros'
Loading: 81 packages loaded
ERROR: /data/h445xu/.cache/bazel/_bazel_hongxu/9253c492f919be42c3c30a2adeca7ed6/external/com_google_protobuf/python/BUILD.bazel:16:14: no such target '//external:python_headers': target 'python_headers' not declared in package 'external' defined by /data/h445xu/repo/bazel-repos/cloned_repos/tensorflow__tfx-bsl/WORKSPACE (Tip: use `query "//external:*"` to see all the targets in that package) and referenced by '@com_google_protobuf//python:google/protobuf/internal/_api_implementation.so'
ERROR: /data/h445xu/repo/bazel-repos/cloned_repos/tensorflow__tfx-bsl/tfx_bsl/cc/util/BUILD:30:8: no such package '@com_google_googletest//': The repository '@com_google_googletest' could not be resolved: Repository '@com_google_googletest' is not defined and referenced by '//tfx_bsl/cc/util:utf8_test'
ERROR: /data/h445xu/.cache/bazel/_bazel_hongxu/9253c492f919be42c3c30a2adeca7ed6/external/com_google_protobuf/python/BUILD.bazel:16:14: no such target '//external:python_headers': target 'python_headers' not declared in package 'external' defined by /data/h445xu/repo/bazel-repos/cloned_repos/tensorflow__tfx-bsl/WORKSPACE (Tip: use `query "//external:*"` to see all the targets in that package) and referenced by '@com_google_protobuf//python:proto_api'
ERROR: /data/h445xu/.cache/bazel/_bazel_hongxu/9253c492f919be42c3c30a2adeca7ed6/external/com_google_protobuf/python/BUILD.bazel:16:14: no such target '//external:python_headers': target 'python_headers' not declared in package 'external' defined by /data/h445xu/repo/bazel-repos/cloned_repos/tensorflow__tfx-bsl/WORKSPACE (Tip: use `query "//external:*"` to see all the targets in that package) and referenced by '@com_google_protobuf//python:google/protobuf/pyext/_message.so'
Loading: 111 packages loaded
Loading: 111 packages loaded
Loading: 111 packages loaded
ERROR: /data/h445xu/repo/bazel-repos/cloned_repos/tensorflow__tfx-bsl/tfx_bsl/cc/statistics/BUILD:46:8: no such package '@com_google_googletest//': The repository '@com_google_googletest' could not be resolved: Repository '@com_google_googletest' is not defined and referenced by '//tfx_bsl/cc/statistics:merge_util_test'
ERROR: /data/h445xu/repo/bazel-repos/cloned_repos/tensorflow__tfx-bsl/tfx_bsl/cc/sketches/BUILD:65:8: no such package '@com_google_googletest//': The repository '@com_google_googletest' could not be resolved: Repository '@com_google_googletest' is not defined and referenced by '//tfx_bsl/cc/sketches:misragries_sketch_test'
ERROR: /data/h445xu/repo/bazel-repos/cloned_repos/tensorflow__tfx-bsl/tfx_bsl/cc/sketches/BUILD:30:8: no such package '@com_google_googletest//': The repository '@com_google_googletest' could not be resolved: Repository '@com_google_googletest' is not defined and referenced by '//tfx_bsl/cc/sketches:kmv_sketch_test'
Loading: 112 packages loaded
Loading: 112 packages loaded
Loading: 112 packages loaded
Loading: 112 packages loaded
Loading: 112 packages loaded
Loading: 112 packages loaded
Loading: 113 packages loaded
Loading: 113 packages loaded
Loading: 122 packages loaded
ERROR: /data/h445xu/repo/bazel-repos/cloned_repos/tensorflow__tfx-bsl/tfx_bsl/cc/sketches/BUILD:30:8: no such package '@com_google_googletest//': The repository '@com_google_googletest' could not be resolved: Repository '@com_google_googletest' is not defined and referenced by '//tfx_bsl/cc/sketches:kmv_sketch_test'
ERROR: /data/h445xu/repo/bazel-repos/cloned_repos/tensorflow__tfx-bsl/tfx_bsl/BUILD:12:12: no such package 'tools/build_defs/proto/cpp': BUILD file not found in any of the following directories. Add a BUILD file to a directory to mark it as a package.
 - /data/h445xu/repo/bazel-repos/cloned_repos/tensorflow__tfx-bsl/tools/build_defs/proto/cpp and referenced by '//tfx_bsl:build_macros'
ERROR: /data/h445xu/repo/bazel-repos/cloned_repos/tensorflow__tfx-bsl/tfx_bsl/BUILD:12:12: no such package 'tools/build_defs/proto/cpp': BUILD file not found in any of the following directories. Add a BUILD file to a directory to mark it as a package.
 - /data/h445xu/repo/bazel-repos/cloned_repos/tensorflow__tfx-bsl/tools/build_defs/proto/cpp and referenced by '//tfx_bsl:build_macros'
ERROR: /data/h445xu/repo/bazel-repos/cloned_repos/tensorflow__tfx-bsl/tfx_bsl/cc/util/BUILD:30:8: no such package '@com_google_googletest//': The repository '@com_google_googletest' could not be resolved: Repository '@com_google_googletest' is not defined and referenced by '//tfx_bsl/cc/util:utf8_test'
ERROR: /data/h445xu/repo/bazel-repos/cloned_repos/tensorflow__tfx-bsl/tfx_bsl/cc/statistics/BUILD:46:8: no such package '@com_google_googletest//': The repository '@com_google_googletest' could not be resolved: Repository '@com_google_googletest' is not defined and referenced by '//tfx_bsl/cc/statistics:merge_util_test'
ERROR: /data/h445xu/repo/bazel-repos/cloned_repos/tensorflow__tfx-bsl/tfx_bsl/cc/sketches/BUILD:65:8: no such package '@com_google_googletest//': The repository '@com_google_googletest' could not be resolved: Repository '@com_google_googletest' is not defined and referenced by '//tfx_bsl/cc/sketches:misragries_sketch_test'
ERROR: /data/h445xu/.cache/bazel/_bazel_hongxu/9253c492f919be42c3c30a2adeca7ed6/external/com_google_protobuf/python/BUILD.bazel:16:14: no such target '//external:python_headers': target 'python_headers' not declared in package 'external' defined by /data/h445xu/repo/bazel-repos/cloned_repos/tensorflow__tfx-bsl/WORKSPACE (Tip: use `query "//external:*"` to see all the targets in that package) and referenced by '@com_google_protobuf//python:proto_api'
ERROR: /data/h445xu/.cache/bazel/_bazel_hongxu/9253c492f919be42c3c30a2adeca7ed6/external/com_google_protobuf/python/BUILD.bazel:16:14: no such target '//external:python_headers': target 'python_headers' not declared in package 'external' defined by /data/h445xu/repo/bazel-repos/cloned_repos/tensorflow__tfx-bsl/WORKSPACE (Tip: use `query "//external:*"` to see all the targets in that package) and referenced by '@com_google_protobuf//python:google/protobuf/pyext/_message.so'
ERROR: /data/h445xu/.cache/bazel/_bazel_hongxu/9253c492f919be42c3c30a2adeca7ed6/external/com_google_protobuf/python/BUILD.bazel:16:14: no such target '//external:python_headers': target 'python_headers' not declared in package 'external' defined by /data/h445xu/repo/bazel-repos/cloned_repos/tensorflow__tfx-bsl/WORKSPACE (Tip: use `query "//external:*"` to see all the targets in that package) and referenced by '@com_google_protobuf//python:google/protobuf/internal/_api_implementation.so'
ERROR: Evaluation of query "deps(//...)" failed: errors were encountered while computing transitive closure
WARNING: --keep_going specified, ignoring errors. Results may be inaccurate
Read 0 lines from bazel query output...
Read 1000 lines from bazel query output...
Read 2000 lines from bazel query output...
Read 3000 lines from bazel query output...
Read 4000 lines from bazel query output...
Read 5000 lines from bazel query output...
Read 6000 lines from bazel query output...
Read 7000 lines from bazel query output...
Loading: 123 packages loaded
Read 8000 lines from bazel query output...
Read 9000 lines from bazel query output...
Read 10000 lines from bazel query output...
Read 11000 lines from bazel query output...
Read 12000 lines from bazel query output...
Read 13000 lines from bazel query output...
Read 14000 lines from bazel query output...
Read 15000 lines from bazel query output...
Read 16000 lines from bazel query output...
Read 17000 lines from bazel query output...
Read 18000 lines from bazel query output...
Read 19000 lines from bazel query output...
Read 20000 lines from bazel query output...
Read 21000 lines from bazel query output...
Read 22000 lines from bazel query output...
Read 23000 lines from bazel query output...
Read 24000 lines from bazel query output...
Read 25000 lines from bazel query output...
Read 26000 lines from bazel query output...
Loading: 123 packages loaded
