Starting local Bazel server and connecting to it...
 checking cached actions
 checking cached actions
 checking cached actions
 checking cached actions
 checking cached actions
 checking cached actions
 checking cached actions
 checking cached actions
 checking cached actions
 checking cached actions
 checking cached actions
DEBUG: /data/h445xu/.cache/bazel/_bazel_hongxu/1e6ed050f715d28a890c177cd0366657/external/local_tsl/third_party/py/python_repo.bzl:96:14: 
HERMETIC_PYTHON_VERSION variable was not set correctly, using default version.
Python 3.10 will be used.
To select Python version, either set HERMETIC_PYTHON_VERSION env variable in
your shell:
  export HERMETIC_PYTHON_VERSION=3.12
OR pass it as an argument to bazel command directly or inside your .bazelrc
file:
  --repo_env=HERMETIC_PYTHON_VERSION=3.12
DEBUG: /data/h445xu/.cache/bazel/_bazel_hongxu/1e6ed050f715d28a890c177cd0366657/external/local_tsl/third_party/py/python_repo.bzl:107:10: Using hermetic Python 3.10
 checking cached actions
 checking cached actions
 checking cached actions
 checking cached actions
 checking cached actions
 checking cached actions
 checking cached actions
 checking cached actions
 checking cached actions
 checking cached actions
Loading: 0 packages loaded
Loading: 24 packages loaded
    currently loading: @org_tensorflow//tensorflow/core ... (4 packages)
INFO: Repository tensorflow_pip instantiated at:
  /data/h445xu/repo/bazel-repos/cloned_repos/tensorflow__compression/WORKSPACE:4:33: in <toplevel>
  /data/h445xu/repo/bazel-repos/cloned_repos/tensorflow__compression/workspace.bzl:50:17: in tensorflow_compression_workspace
Repository rule tensorflow_pip defined at:
  /data/h445xu/repo/bazel-repos/cloned_repos/tensorflow__compression/workspace.bzl:42:33: in <toplevel>
ERROR: An error occurred during the fetch of repository 'tensorflow_pip':
   Traceback (most recent call last):
	File "/data/h445xu/repo/bazel-repos/cloned_repos/tensorflow__compression/workspace.bzl", line 18, column 9, in _tensorflow_pip_impl
		fail("Failed to find library path. Did you remember to pip install " +
Error in fail: Failed to find library path. Did you remember to pip install tensorflow?: Traceback (most recent call last):
  File "<string>", line 1, in <module>
ModuleNotFoundError: No module named 'tensorflow'
ERROR: /data/h445xu/repo/bazel-repos/cloned_repos/tensorflow__compression/WORKSPACE:4:33: fetching tensorflow_pip rule //external:tensorflow_pip: Traceback (most recent call last):
	File "/data/h445xu/repo/bazel-repos/cloned_repos/tensorflow__compression/workspace.bzl", line 18, column 9, in _tensorflow_pip_impl
		fail("Failed to find library path. Did you remember to pip install " +
Error in fail: Failed to find library path. Did you remember to pip install tensorflow?: Traceback (most recent call last):
  File "<string>", line 1, in <module>
ModuleNotFoundError: No module named 'tensorflow'
Loading: 57 packages loaded
    currently loading: @local_config_rocm//rocm ... (13 packages)
ERROR: /data/h445xu/.cache/bazel/_bazel_hongxu/1e6ed050f715d28a890c177cd0366657/external/local_config_cuda/cuda/BUILD:90:6: no such package '@cuda_cudart//': The repository '@cuda_cudart' could not be resolved: Repository '@cuda_cudart' is not defined and referenced by '@local_config_cuda//cuda:cudart_headers'
ERROR: /data/h445xu/.cache/bazel/_bazel_hongxu/1e6ed050f715d28a890c177cd0366657/external/local_config_cuda/cuda/BUILD:145:6: no such package '@cuda_nvjitlink//': The repository '@cuda_nvjitlink' could not be resolved: Repository '@cuda_nvjitlink' is not defined and referenced by '@local_config_cuda//cuda:nvjitlink_headers'
ERROR: /data/h445xu/.cache/bazel/_bazel_hongxu/1e6ed050f715d28a890c177cd0366657/external/local_config_cuda/cuda/BUILD:105:6: no such package '@cuda_nvml//': The repository '@cuda_nvml' could not be resolved: Repository '@cuda_nvml' is not defined and referenced by '@local_config_cuda//cuda:nvml_headers'
ERROR: /data/h445xu/.cache/bazel/_bazel_hongxu/1e6ed050f715d28a890c177cd0366657/external/local_config_cuda/cuda/BUILD:100:6: no such package '@cuda_nvtx//': The repository '@cuda_nvtx' could not be resolved: Repository '@cuda_nvtx' is not defined and referenced by '@local_config_cuda//cuda:nvtx_headers'
ERROR: /data/h445xu/.cache/bazel/_bazel_hongxu/1e6ed050f715d28a890c177cd0366657/external/local_config_cuda/cuda/BUILD:170:6: no such package '@cuda_cudnn//': The repository '@cuda_cudnn' could not be resolved: Repository '@cuda_cudnn' is not defined and referenced by '@local_config_cuda//cuda:cudnn_header'
ERROR: /data/h445xu/.cache/bazel/_bazel_hongxu/1e6ed050f715d28a890c177cd0366657/external/local_config_cuda/cuda/BUILD:140:6: no such package '@cuda_curand//': The repository '@cuda_curand' could not be resolved: Repository '@cuda_curand' is not defined and referenced by '@local_config_cuda//cuda:curand_headers'
ERROR: /data/h445xu/.cache/bazel/_bazel_hongxu/1e6ed050f715d28a890c177cd0366657/external/local_config_cuda/cuda/BUILD:203:6: no such package '@cuda_cupti//': The repository '@cuda_cupti' could not be resolved: Repository '@cuda_cupti' is not defined and referenced by '@local_config_cuda//cuda:cupti_headers'
ERROR: /data/h445xu/.cache/bazel/_bazel_hongxu/1e6ed050f715d28a890c177cd0366657/external/local_config_cuda/cuda/BUILD:125:6: no such package '@cuda_cusolver//': The repository '@cuda_cusolver' could not be resolved: Repository '@cuda_cusolver' is not defined and referenced by '@local_config_cuda//cuda:cusolver_headers'
ERROR: /data/h445xu/.cache/bazel/_bazel_hongxu/1e6ed050f715d28a890c177cd0366657/external/local_config_cuda/cuda/BUILD:120:6: no such package '@cuda_cublas//': The repository '@cuda_cublas' could not be resolved: Repository '@cuda_cublas' is not defined and referenced by '@local_config_cuda//cuda:cublas_headers'
ERROR: /data/h445xu/.cache/bazel/_bazel_hongxu/1e6ed050f715d28a890c177cd0366657/external/local_config_cuda/cuda/BUILD:130:6: no such package '@cuda_cufft//': The repository '@cuda_cufft' could not be resolved: Repository '@cuda_cufft' is not defined and referenced by '@local_config_cuda//cuda:cufft_headers'
ERROR: /data/h445xu/.cache/bazel/_bazel_hongxu/1e6ed050f715d28a890c177cd0366657/external/local_config_cuda/cuda/BUILD:110:6: no such package '@cuda_nvcc//': The repository '@cuda_nvcc' could not be resolved: Repository '@cuda_nvcc' is not defined and referenced by '@local_config_cuda//cuda:nvcc_headers'
ERROR: /data/h445xu/.cache/bazel/_bazel_hongxu/1e6ed050f715d28a890c177cd0366657/external/local_config_cuda/cuda/BUILD:135:6: no such package '@cuda_cusparse//': The repository '@cuda_cusparse' could not be resolved: Repository '@cuda_cusparse' is not defined and referenced by '@local_config_cuda//cuda:cusparse_headers'
ERROR: /data/h445xu/.cache/bazel/_bazel_hongxu/1e6ed050f715d28a890c177cd0366657/external/local_config_cuda/cuda/BUILD:115:6: no such package '@cuda_cccl//': The repository '@cuda_cccl' could not be resolved: Repository '@cuda_cccl' is not defined and referenced by '@local_config_cuda//cuda:cccl_headers'
Loading: 123 packages loaded
    currently loading: @org_tensorflow//tensorflow ... (15 packages)
ERROR: /data/h445xu/repo/bazel-repos/cloned_repos/tensorflow__compression/tensorflow_compression/cc/BUILD:5:10: no such package '@tensorflow_pip//': Failed to find library path. Did you remember to pip install tensorflow?: Traceback (most recent call last):
  File "<string>", line 1, in <module>
ModuleNotFoundError: No module named 'tensorflow'
 and referenced by '//tensorflow_compression/cc:libtensorflow_compression.so'
Loading: 156 packages loaded
    currently loading: @org_tensorflow//tensorflow/core/kernels
ERROR: /data/h445xu/.cache/bazel/_bazel_hongxu/1e6ed050f715d28a890c177cd0366657/external/local_tsl/tsl/platform/default/BUILD:81:11: no such package '@local_config_nccl//': The repository '@local_config_nccl' could not be resolved: Repository '@local_config_nccl' is not defined and referenced by '@local_tsl//tsl/platform/default:dso_loader'
ERROR: /data/h445xu/.cache/bazel/_bazel_hongxu/1e6ed050f715d28a890c177cd0366657/external/local_xla/xla/tsl/cuda/BUILD.bazel:148:6: no such package '@cuda_cudart//': The repository '@cuda_cudart' could not be resolved: Repository '@cuda_cudart' is not defined and referenced by '@local_xla//xla/tsl/cuda:cudart'
Loading: 158 packages loaded
    currently loading: @org_tensorflow//tensorflow/core/kernels
ERROR: /data/h445xu/repo/bazel-repos/cloned_repos/tensorflow__compression/tensorflow_compression/cc/BUILD:5:10: no such package '@tensorflow_pip//': Failed to find library path. Did you remember to pip install tensorflow?: Traceback (most recent call last):
  File "<string>", line 1, in <module>
ModuleNotFoundError: No module named 'tensorflow'
 and referenced by '//tensorflow_compression/cc:libtensorflow_compression.so'
ERROR: /data/h445xu/.cache/bazel/_bazel_hongxu/1e6ed050f715d28a890c177cd0366657/external/local_config_cuda/cuda/BUILD:145:6: no such package '@cuda_nvjitlink//': The repository '@cuda_nvjitlink' could not be resolved: Repository '@cuda_nvjitlink' is not defined and referenced by '@local_config_cuda//cuda:nvjitlink_headers'
ERROR: /data/h445xu/.cache/bazel/_bazel_hongxu/1e6ed050f715d28a890c177cd0366657/external/local_config_cuda/cuda/BUILD:105:6: no such package '@cuda_nvml//': The repository '@cuda_nvml' could not be resolved: Repository '@cuda_nvml' is not defined and referenced by '@local_config_cuda//cuda:nvml_headers'
ERROR: /data/h445xu/.cache/bazel/_bazel_hongxu/1e6ed050f715d28a890c177cd0366657/external/local_config_cuda/cuda/BUILD:140:6: no such package '@cuda_curand//': The repository '@cuda_curand' could not be resolved: Repository '@cuda_curand' is not defined and referenced by '@local_config_cuda//cuda:curand_headers'
ERROR: /data/h445xu/.cache/bazel/_bazel_hongxu/1e6ed050f715d28a890c177cd0366657/external/local_config_cuda/cuda/BUILD:203:6: no such package '@cuda_cupti//': The repository '@cuda_cupti' could not be resolved: Repository '@cuda_cupti' is not defined and referenced by '@local_config_cuda//cuda:cupti_headers'
ERROR: /data/h445xu/.cache/bazel/_bazel_hongxu/1e6ed050f715d28a890c177cd0366657/external/local_config_cuda/cuda/BUILD:135:6: no such package '@cuda_cusparse//': The repository '@cuda_cusparse' could not be resolved: Repository '@cuda_cusparse' is not defined and referenced by '@local_config_cuda//cuda:cusparse_headers'
ERROR: /data/h445xu/.cache/bazel/_bazel_hongxu/1e6ed050f715d28a890c177cd0366657/external/local_config_cuda/cuda/BUILD:125:6: no such package '@cuda_cusolver//': The repository '@cuda_cusolver' could not be resolved: Repository '@cuda_cusolver' is not defined and referenced by '@local_config_cuda//cuda:cusolver_headers'
ERROR: /data/h445xu/.cache/bazel/_bazel_hongxu/1e6ed050f715d28a890c177cd0366657/external/local_config_cuda/cuda/BUILD:130:6: no such package '@cuda_cufft//': The repository '@cuda_cufft' could not be resolved: Repository '@cuda_cufft' is not defined and referenced by '@local_config_cuda//cuda:cufft_headers'
ERROR: /data/h445xu/.cache/bazel/_bazel_hongxu/1e6ed050f715d28a890c177cd0366657/external/local_config_cuda/cuda/BUILD:100:6: no such package '@cuda_nvtx//': The repository '@cuda_nvtx' could not be resolved: Repository '@cuda_nvtx' is not defined and referenced by '@local_config_cuda//cuda:nvtx_headers'
ERROR: /data/h445xu/.cache/bazel/_bazel_hongxu/1e6ed050f715d28a890c177cd0366657/external/local_config_cuda/cuda/BUILD:110:6: no such package '@cuda_nvcc//': The repository '@cuda_nvcc' could not be resolved: Repository '@cuda_nvcc' is not defined and referenced by '@local_config_cuda//cuda:nvcc_headers'
ERROR: /data/h445xu/.cache/bazel/_bazel_hongxu/1e6ed050f715d28a890c177cd0366657/external/local_config_cuda/cuda/BUILD:90:6: no such package '@cuda_cudart//': The repository '@cuda_cudart' could not be resolved: Repository '@cuda_cudart' is not defined and referenced by '@local_config_cuda//cuda:cudart_headers'
ERROR: /data/h445xu/.cache/bazel/_bazel_hongxu/1e6ed050f715d28a890c177cd0366657/external/local_config_cuda/cuda/BUILD:115:6: no such package '@cuda_cccl//': The repository '@cuda_cccl' could not be resolved: Repository '@cuda_cccl' is not defined and referenced by '@local_config_cuda//cuda:cccl_headers'
ERROR: /data/h445xu/.cache/bazel/_bazel_hongxu/1e6ed050f715d28a890c177cd0366657/external/local_config_cuda/cuda/BUILD:120:6: no such package '@cuda_cublas//': The repository '@cuda_cublas' could not be resolved: Repository '@cuda_cublas' is not defined and referenced by '@local_config_cuda//cuda:cublas_headers'
ERROR: /data/h445xu/.cache/bazel/_bazel_hongxu/1e6ed050f715d28a890c177cd0366657/external/local_config_cuda/cuda/BUILD:170:6: no such package '@cuda_cudnn//': The repository '@cuda_cudnn' could not be resolved: Repository '@cuda_cudnn' is not defined and referenced by '@local_config_cuda//cuda:cudnn_header'
ERROR: /data/h445xu/.cache/bazel/_bazel_hongxu/1e6ed050f715d28a890c177cd0366657/external/local_xla/xla/tsl/cuda/BUILD.bazel:148:6: no such package '@cuda_cudart//': The repository '@cuda_cudart' could not be resolved: Repository '@cuda_cudart' is not defined and referenced by '@local_xla//xla/tsl/cuda:cudart'
ERROR: /data/h445xu/.cache/bazel/_bazel_hongxu/1e6ed050f715d28a890c177cd0366657/external/local_tsl/tsl/platform/default/BUILD:81:11: no such package '@local_config_nccl//': The repository '@local_config_nccl' could not be resolved: Repository '@local_config_nccl' is not defined and referenced by '@local_tsl//tsl/platform/default:dso_loader'
ERROR: Evaluation of query "deps(//...)" failed: errors were encountered while computing transitive closure
WARNING: --keep_going specified, ignoring errors. Results may be inaccurate
Read 0 lines from bazel query output...
Read 1000 lines from bazel query output...
Read 2000 lines from bazel query output...
Read 3000 lines from bazel query output...
Read 4000 lines from bazel query output...
Read 5000 lines from bazel query output...
Read 6000 lines from bazel query output...
Read 7000 lines from bazel query output...
Read 8000 lines from bazel query output...
Read 9000 lines from bazel query output...
Read 10000 lines from bazel query output...
Read 11000 lines from bazel query output...
Read 12000 lines from bazel query output...
Read 13000 lines from bazel query output...
Read 14000 lines from bazel query output...
Read 15000 lines from bazel query output...
Read 16000 lines from bazel query output...
Read 17000 lines from bazel query output...
Read 18000 lines from bazel query output...
Read 19000 lines from bazel query output...
Read 20000 lines from bazel query output...
Read 21000 lines from bazel query output...
Read 22000 lines from bazel query output...
Read 23000 lines from bazel query output...
Read 24000 lines from bazel query output...
Read 25000 lines from bazel query output...
Read 26000 lines from bazel query output...
Read 27000 lines from bazel query output...
Read 28000 lines from bazel query output...
Read 29000 lines from bazel query output...
Read 30000 lines from bazel query output...
Read 31000 lines from bazel query output...
Read 32000 lines from bazel query output...
Read 33000 lines from bazel query output...
Read 34000 lines from bazel query output...
Read 35000 lines from bazel query output...
Read 36000 lines from bazel query output...
Read 37000 lines from bazel query output...
Read 38000 lines from bazel query output...
Read 39000 lines from bazel query output...
Read 40000 lines from bazel query output...
Read 41000 lines from bazel query output...
Read 42000 lines from bazel query output...
Read 43000 lines from bazel query output...
Read 44000 lines from bazel query output...
Read 45000 lines from bazel query output...
Read 46000 lines from bazel query output...
Read 47000 lines from bazel query output...
Read 48000 lines from bazel query output...
Read 49000 lines from bazel query output...
Read 50000 lines from bazel query output...
Read 51000 lines from bazel query output...
Read 52000 lines from bazel query output...
Loading: 159 packages loaded
