Starting local Bazel server and connecting to it...
 checking cached actions
 checking cached actions
 checking cached actions
WARNING: Download from https://storage.googleapis.com/mirror.tensorflow.org/github.com/googleapis/google-cloud-cpp/archive/v1.21.0.tar.gz failed: class java.io.FileNotFoundException GET returned 404 Not Found
 checking cached actions
 checking cached actions
 checking cached actions
 checking cached actions
 checking cached actions
 checking cached actions
 checking cached actions
 checking cached actions
 checking cached actions
 checking cached actions
DEBUG: /data/h445xu/.cache/bazel/_bazel_hongxu/5df84a9558939a9449a3edc499049a24/external/org_tensorflow/tensorflow/tools/toolchains/python/python_repo.bzl:32:14: 
TF_PYTHON_VERSION environment variable was not set correctly; using Python 3.11.

To set Python version, run:
export TF_PYTHON_VERSION=3.11
ERROR: Traceback (most recent call last):
	File "/data/h445xu/.cache/bazel/_bazel_hongxu/5df84a9558939a9449a3edc499049a24/external/org_tensorflow/third_party/py/python_configure.bzl", line 41, column 42, in <toplevel>
		remote_python_configure = repository_rule(
Error in repository_rule: in call to repository_rule(), parameter 'remotable' is experimental and thus unavailable with the current flags. It may be enabled by setting --experimental_repo_remote_exec
ERROR: Traceback (most recent call last):
	File "/data/h445xu/.cache/bazel/_bazel_hongxu/5df84a9558939a9449a3edc499049a24/external/org_tensorflow/tensorflow/tools/toolchains/cpus/aarch64/aarch64.bzl", line 312, column 43, in <toplevel>
		remote_aarch64_configure = repository_rule(
Error in repository_rule: in call to repository_rule(), parameter 'remotable' is experimental and thus unavailable with the current flags. It may be enabled by setting --experimental_repo_remote_exec
ERROR: Traceback (most recent call last):
	File "/data/h445xu/.cache/bazel/_bazel_hongxu/5df84a9558939a9449a3edc499049a24/external/org_tensorflow/third_party/gpus/cuda_configure.bzl", line 1530, column 40, in <toplevel>
		remote_cuda_configure = repository_rule(
Error in repository_rule: in call to repository_rule(), parameter 'remotable' is experimental and thus unavailable with the current flags. It may be enabled by setting --experimental_repo_remote_exec
 checking cached actions
 checking cached actions
 checking cached actions
 checking cached actions
 checking cached actions
ERROR: Error computing the main repository mapping: at /data/h445xu/.cache/bazel/_bazel_hongxu/5df84a9558939a9449a3edc499049a24/external/org_tensorflow/tensorflow/workspace2.bzl:25:6: initialization of module 'third_party/gpus/cuda_configure.bzl' failed
 checking cached actions

thread 'main' panicked at depstat/src/main.rs:23:43:
called `Result::unwrap()` on an `Err` value: UnexpectedEof
note: run with `RUST_BACKTRACE=1` environment variable to display a backtrace
