WARNING: The following rc files are no longer being read, please transfer their contents or import their path into one of the standard rc files:
/data/h445xu/repo/bazel-repos/cloned_repos/tensorflow__probability/tools/bazel.rc
Starting local Bazel server (8.3.1) and connecting to it...
WARNING: --enable_bzlmod is set, but no MODULE.bazel file was found at the workspace root. Bazel will create an empty MODULE.bazel file. Please consider migrating your external dependencies from WORKSPACE to MODULE.bazel. For more details, please refer to https://github.com/bazelbuild/bazel/issues/18958.
 no actions running
 no actions running
 no actions running
Loading: 0 packages loaded
Loading: 0 packages loaded
ERROR: /data/h445xu/repo/bazel-repos/cloned_repos/tensorflow__probability/spinoffs/fun_mc/fun_mc/BUILD:217:1: name 'pytype_strict_contrib_test' is not defined
ERROR: package contains errors: spinoffs/fun_mc/fun_mc
ERROR: error loading package 'discussion/pathfinder': Label '//third_party/py/pytest:pytest_defs.bzl' is invalid because 'third_party/py/pytest' is not a package; perhaps you meant to put the colon here: '//:third_party/py/pytest/pytest_defs.bzl'?
ERROR: package contains errors: spinoffs/fun_mc/fun_mc: name 'pytype_strict_contrib_test' is not defined
Loading: 85 packages loaded
    currently loading: discussion/pathfinder
ERROR: /data/h445xu/repo/bazel-repos/cloned_repos/tensorflow__probability/spinoffs/fun_mc/fun_mc/backends/BUILD:45:8: no such package 'fun_mc': BUILD file not found in any of the following directories. Add a BUILD file to a directory to mark it as a package.
 - fun_mc and referenced by '//spinoffs/fun_mc/fun_mc/backends:jax_integration_test'
ERROR: /data/h445xu/repo/bazel-repos/cloned_repos/tensorflow__probability/spinoffs/inference_gym/inference_gym/BUILD:70:11: no such package 'inference_gym/backends': BUILD file not found in any of the following directories. Add a BUILD file to a directory to mark it as a package.
 - inference_gym/backends and referenced by '//spinoffs/inference_gym/inference_gym:using_tensorflow'
ERROR: /data/h445xu/repo/bazel-repos/cloned_repos/tensorflow__probability/spinoffs/inference_gym/inference_gym/BUILD:70:11: no such package 'inference_gym/targets': BUILD file not found in any of the following directories. Add a BUILD file to a directory to mark it as a package.
 - inference_gym/targets and referenced by '//spinoffs/inference_gym/inference_gym:using_tensorflow'
ERROR: /data/h445xu/repo/bazel-repos/cloned_repos/tensorflow__probability/spinoffs/inference_gym/inference_gym/targets/BUILD:315:11: no such package 'inference_gym/internal': BUILD file not found in any of the following directories. Add a BUILD file to a directory to mark it as a package.
 - inference_gym/internal and referenced by '//spinoffs/inference_gym/inference_gym/targets:model'
ERROR: /data/h445xu/repo/bazel-repos/cloned_repos/tensorflow__probability/spinoffs/fun_mc/fun_mc/backends/BUILD:34:8: no such package 'fun_mc': BUILD file not found in any of the following directories. Add a BUILD file to a directory to mark it as a package.
 - fun_mc and referenced by '//spinoffs/fun_mc/fun_mc/backends:tensorflow_integration_test'
ERROR: /data/h445xu/repo/bazel-repos/cloned_repos/tensorflow__probability/spinoffs/inference_gym/inference_gym/backends/BUILD:45:8: no such package 'inference_gym': BUILD file not found in any of the following directories. Add a BUILD file to a directory to mark it as a package.
 - inference_gym and referenced by '//spinoffs/inference_gym/inference_gym/backends:jax_integration_test'
ERROR: /data/h445xu/repo/bazel-repos/cloned_repos/tensorflow__probability/spinoffs/inference_gym/inference_gym/internal/BUILD:62:11: no such package 'inference_gym/internal/datasets': BUILD file not found in any of the following directories. Add a BUILD file to a directory to mark it as a package.
 - inference_gym/internal/datasets and referenced by '//spinoffs/inference_gym/inference_gym/internal:data'
ERROR: /data/h445xu/repo/bazel-repos/cloned_repos/tensorflow__probability/spinoffs/inference_gym/inference_gym/tools/stan/BUILD:137:11: no such package 'inference_gym/internal': BUILD file not found in any of the following directories. Add a BUILD file to a directory to mark it as a package.
 - inference_gym/internal and referenced by '//spinoffs/inference_gym/inference_gym/tools/stan:targets'
ERROR: /data/h445xu/repo/bazel-repos/cloned_repos/tensorflow__probability/spinoffs/inference_gym/inference_gym/BUILD:57:11: no such package 'inference_gym/backends': BUILD file not found in any of the following directories. Add a BUILD file to a directory to mark it as a package.
 - inference_gym/backends and referenced by '//spinoffs/inference_gym/inference_gym:using_jax'
ERROR: /data/h445xu/repo/bazel-repos/cloned_repos/tensorflow__probability/spinoffs/inference_gym/inference_gym/BUILD:57:11: no such package 'inference_gym/targets': BUILD file not found in any of the following directories. Add a BUILD file to a directory to mark it as a package.
 - inference_gym/targets and referenced by '//spinoffs/inference_gym/inference_gym:using_jax'
ERROR: /data/h445xu/repo/bazel-repos/cloned_repos/tensorflow__probability/spinoffs/inference_gym/inference_gym/BUILD:45:11: no such package 'inference_gym/backends': BUILD file not found in any of the following directories. Add a BUILD file to a directory to mark it as a package.
 - inference_gym/backends and referenced by '//spinoffs/inference_gym/inference_gym:using_numpy'
ERROR: /data/h445xu/repo/bazel-repos/cloned_repos/tensorflow__probability/spinoffs/inference_gym/inference_gym/BUILD:45:11: no such package 'inference_gym/targets': BUILD file not found in any of the following directories. Add a BUILD file to a directory to mark it as a package.
 - inference_gym/targets and referenced by '//spinoffs/inference_gym/inference_gym:using_numpy'
ERROR: /data/h445xu/repo/bazel-repos/cloned_repos/tensorflow__probability/spinoffs/inference_gym/inference_gym/internal/BUILD:109:11: no such package 'inference_gym': BUILD file not found in any of the following directories. Add a BUILD file to a directory to mark it as a package.
 - inference_gym and referenced by '//spinoffs/inference_gym/inference_gym/internal:test_util'
ERROR: /data/h445xu/repo/bazel-repos/cloned_repos/tensorflow__probability/spinoffs/inference_gym/inference_gym/internal/BUILD:129:8: no such package 'inference_gym/targets': BUILD file not found in any of the following directories. Add a BUILD file to a directory to mark it as a package.
 - inference_gym/targets and referenced by '//spinoffs/inference_gym/inference_gym/internal:test_util_test'
ERROR: /data/h445xu/repo/bazel-repos/cloned_repos/tensorflow__probability/spinoffs/inference_gym/inference_gym/backends/BUILD:55:8: no such package 'inference_gym': BUILD file not found in any of the following directories. Add a BUILD file to a directory to mark it as a package.
 - inference_gym and referenced by '//spinoffs/inference_gym/inference_gym/backends:numpy_integration_test'
ERROR: /data/h445xu/repo/bazel-repos/cloned_repos/tensorflow__probability/spinoffs/inference_gym/inference_gym/backends/BUILD:65:8: no such package 'inference_gym': BUILD file not found in any of the following directories. Add a BUILD file to a directory to mark it as a package.
 - inference_gym and referenced by '//spinoffs/inference_gym/inference_gym/backends:tensorflow_integration_test'
ERROR: /data/h445xu/repo/bazel-repos/cloned_repos/tensorflow__probability/spinoffs/inference_gym/inference_gym/tools/BUILD:30:10: no such package 'inference_gym/internal': BUILD file not found in any of the following directories. Add a BUILD file to a directory to mark it as a package.
 - inference_gym/internal and referenced by '//spinoffs/inference_gym/inference_gym/tools:get_ground_truth'
ERROR: /data/h445xu/repo/bazel-repos/cloned_repos/tensorflow__probability/spinoffs/inference_gym/inference_gym/tools/BUILD:30:10: no such package 'inference_gym/tools/stan': BUILD file not found in any of the following directories. Add a BUILD file to a directory to mark it as a package.
 - inference_gym/tools/stan and referenced by '//spinoffs/inference_gym/inference_gym/tools:get_ground_truth'
ERROR: /data/h445xu/repo/bazel-repos/cloned_repos/tensorflow__probability/discussion/adaptive_malt/BUILD:28:11: no such package 'fun_mc': BUILD file not found in any of the following directories. Add a BUILD file to a directory to mark it as a package.
 - fun_mc and referenced by '//discussion/adaptive_malt:adaptive_malt'
ERROR: /data/h445xu/repo/bazel-repos/cloned_repos/tensorflow__probability/spinoffs/inference_gym/inference_gym/targets/BUILD:146:8: no such package 'inference_gym/internal': BUILD file not found in any of the following directories. Add a BUILD file to a directory to mark it as a package.
 - inference_gym/internal and referenced by '//spinoffs/inference_gym/inference_gym/targets:dirichlet_test'
ERROR: /data/h445xu/repo/bazel-repos/cloned_repos/tensorflow__probability/tensorflow_probability/tools/BUILD:21:10: every rule of type py_binary implicitly depends upon the target '//tensorflow_probability:license', but this target could not be found because of: no such target '//tensorflow_probability:license': target 'license' not declared in package 'tensorflow_probability' defined by /data/h445xu/repo/bazel-repos/cloned_repos/tensorflow__probability/tensorflow_probability/BUILD (did you mean LICENSE?)
ERROR: /data/h445xu/repo/bazel-repos/cloned_repos/tensorflow__probability/spinoffs/inference_gym/inference_gym/targets/BUILD:73:8: no such package 'inference_gym/internal': BUILD file not found in any of the following directories. Add a BUILD file to a directory to mark it as a package.
 - inference_gym/internal and referenced by '//spinoffs/inference_gym/inference_gym/targets:banana_test'
ERROR: /data/h445xu/repo/bazel-repos/cloned_repos/tensorflow__probability/spinoffs/inference_gym/inference_gym/targets/BUILD:347:8: no such package 'inference_gym/internal': BUILD file not found in any of the following directories. Add a BUILD file to a directory to mark it as a package.
 - inference_gym/internal and referenced by '//spinoffs/inference_gym/inference_gym/targets:neals_funnel_test'
ERROR: /data/h445xu/repo/bazel-repos/cloned_repos/tensorflow__probability/spinoffs/inference_gym/inference_gym/targets/BUILD:192:8: no such package 'inference_gym/internal': BUILD file not found in any of the following directories. Add a BUILD file to a directory to mark it as a package.
 - inference_gym/internal and referenced by '//spinoffs/inference_gym/inference_gym/targets:ill_conditioned_gaussian_test'
ERROR: /data/h445xu/repo/bazel-repos/cloned_repos/tensorflow__probability/spinoffs/inference_gym/inference_gym/targets/BUILD:159:11: no such package 'inference_gym/targets/ground_truth': BUILD file not found in any of the following directories. Add a BUILD file to a directory to mark it as a package.
 - inference_gym/targets/ground_truth and referenced by '//spinoffs/inference_gym/inference_gym/targets:eight_schools'
ERROR: /data/h445xu/repo/bazel-repos/cloned_repos/tensorflow__probability/spinoffs/inference_gym/inference_gym/targets/BUILD:170:8: no such package 'inference_gym/internal': BUILD file not found in any of the following directories. Add a BUILD file to a directory to mark it as a package.
 - inference_gym/internal and referenced by '//spinoffs/inference_gym/inference_gym/targets:eight_schools_test'
ERROR: /data/h445xu/repo/bazel-repos/cloned_repos/tensorflow__probability/spinoffs/inference_gym/inference_gym/targets/BUILD:85:11: no such package 'inference_gym/internal': BUILD file not found in any of the following directories. Add a BUILD file to a directory to mark it as a package.
 - inference_gym/internal and referenced by '//spinoffs/inference_gym/inference_gym/targets:bayesian_model'
ERROR: /data/h445xu/repo/bazel-repos/cloned_repos/tensorflow__probability/discussion/adaptive_malt/BUILD:28:11: no such package 'inference_gym': BUILD file not found in any of the following directories. Add a BUILD file to a directory to mark it as a package.
 - inference_gym and referenced by '//discussion/adaptive_malt:adaptive_malt'
ERROR: /data/h445xu/repo/bazel-repos/cloned_repos/tensorflow__probability/spinoffs/inference_gym/inference_gym/targets/BUILD:541:11: no such package 'inference_gym/internal': BUILD file not found in any of the following directories. Add a BUILD file to a directory to mark it as a package.
 - inference_gym/internal and referenced by '//spinoffs/inference_gym/inference_gym/targets:vectorized_stochastic_volatility'
ERROR: /data/h445xu/repo/bazel-repos/cloned_repos/tensorflow__probability/spinoffs/inference_gym/inference_gym/targets/BUILD:541:11: no such package 'inference_gym/targets/ground_truth': BUILD file not found in any of the following directories. Add a BUILD file to a directory to mark it as a package.
 - inference_gym/targets/ground_truth and referenced by '//spinoffs/inference_gym/inference_gym/targets:vectorized_stochastic_volatility'
ERROR: /data/h445xu/repo/bazel-repos/cloned_repos/tensorflow__probability/spinoffs/inference_gym/inference_gym/targets/BUILD:108:11: no such package 'inference_gym/internal': BUILD file not found in any of the following directories. Add a BUILD file to a directory to mark it as a package.
 - inference_gym/internal and referenced by '//spinoffs/inference_gym/inference_gym/targets:brownian_motion'
ERROR: /data/h445xu/repo/bazel-repos/cloned_repos/tensorflow__probability/spinoffs/inference_gym/inference_gym/targets/BUILD:108:11: no such package 'inference_gym/targets/ground_truth': BUILD file not found in any of the following directories. Add a BUILD file to a directory to mark it as a package.
 - inference_gym/targets/ground_truth and referenced by '//spinoffs/inference_gym/inference_gym/targets:brownian_motion'
ERROR: /data/h445xu/repo/bazel-repos/cloned_repos/tensorflow__probability/spinoffs/inference_gym/inference_gym/targets/BUILD:121:8: no such package 'inference_gym/internal': BUILD file not found in any of the following directories. Add a BUILD file to a directory to mark it as a package.
 - inference_gym/internal and referenced by '//spinoffs/inference_gym/inference_gym/targets:brownian_motion_test'
ERROR: /data/h445xu/repo/bazel-repos/cloned_repos/tensorflow__probability/spinoffs/inference_gym/inference_gym/targets/BUILD:259:11: no such package 'inference_gym/internal': BUILD file not found in any of the following directories. Add a BUILD file to a directory to mark it as a package.
 - inference_gym/internal and referenced by '//spinoffs/inference_gym/inference_gym/targets:logistic_regression'
ERROR: /data/h445xu/repo/bazel-repos/cloned_repos/tensorflow__probability/spinoffs/inference_gym/inference_gym/targets/BUILD:259:11: no such package 'inference_gym/targets/ground_truth': BUILD file not found in any of the following directories. Add a BUILD file to a directory to mark it as a package.
 - inference_gym/targets/ground_truth and referenced by '//spinoffs/inference_gym/inference_gym/targets:logistic_regression'
ERROR: /data/h445xu/repo/bazel-repos/cloned_repos/tensorflow__probability/spinoffs/inference_gym/inference_gym/targets/BUILD:381:11: no such package 'inference_gym/internal': BUILD file not found in any of the following directories. Add a BUILD file to a directory to mark it as a package.
 - inference_gym/internal and referenced by '//spinoffs/inference_gym/inference_gym/targets:plasma_spectroscopy'
ERROR: /data/h445xu/repo/bazel-repos/cloned_repos/tensorflow__probability/spinoffs/inference_gym/inference_gym/targets/BUILD:406:11: no such package 'inference_gym/internal': BUILD file not found in any of the following directories. Add a BUILD file to a directory to mark it as a package.
 - inference_gym/internal and referenced by '//spinoffs/inference_gym/inference_gym/targets:probit_regression'
ERROR: /data/h445xu/repo/bazel-repos/cloned_repos/tensorflow__probability/discussion/adaptive_malt/BUILD:45:8: no such package 'inference_gym': BUILD file not found in any of the following directories. Add a BUILD file to a directory to mark it as a package.
 - inference_gym and referenced by '//discussion/adaptive_malt:adaptive_malt_test'
ERROR: /data/h445xu/repo/bazel-repos/cloned_repos/tensorflow__probability/spinoffs/inference_gym/inference_gym/targets/BUILD:463:11: no such package 'inference_gym/internal': BUILD file not found in any of the following directories. Add a BUILD file to a directory to mark it as a package.
 - inference_gym/internal and referenced by '//spinoffs/inference_gym/inference_gym/targets:sparse_logistic_regression'
ERROR: /data/h445xu/repo/bazel-repos/cloned_repos/tensorflow__probability/spinoffs/inference_gym/inference_gym/targets/BUILD:433:11: no such package 'inference_gym/internal': BUILD file not found in any of the following directories. Add a BUILD file to a directory to mark it as a package.
 - inference_gym/internal and referenced by '//spinoffs/inference_gym/inference_gym/targets:radon_contextual_effects'
ERROR: /data/h445xu/repo/bazel-repos/cloned_repos/tensorflow__probability/spinoffs/inference_gym/inference_gym/targets/BUILD:433:11: no such package 'inference_gym/targets/ground_truth': BUILD file not found in any of the following directories. Add a BUILD file to a directory to mark it as a package.
 - inference_gym/targets/ground_truth and referenced by '//spinoffs/inference_gym/inference_gym/targets:radon_contextual_effects'
ERROR: /data/h445xu/repo/bazel-repos/cloned_repos/tensorflow__probability/spinoffs/inference_gym/inference_gym/targets/BUILD:448:8: no such package 'inference_gym/internal': BUILD file not found in any of the following directories. Add a BUILD file to a directory to mark it as a package.
 - inference_gym/internal and referenced by '//spinoffs/inference_gym/inference_gym/targets:radon_contextual_effects_test'
ERROR: /data/h445xu/repo/bazel-repos/cloned_repos/tensorflow__probability/spinoffs/inference_gym/inference_gym/targets/BUILD:406:11: no such package 'inference_gym/targets/ground_truth': BUILD file not found in any of the following directories. Add a BUILD file to a directory to mark it as a package.
 - inference_gym/targets/ground_truth and referenced by '//spinoffs/inference_gym/inference_gym/targets:probit_regression'
ERROR: /data/h445xu/repo/bazel-repos/cloned_repos/tensorflow__probability/spinoffs/inference_gym/inference_gym/targets/BUILD:418:8: no such package 'inference_gym/internal': BUILD file not found in any of the following directories. Add a BUILD file to a directory to mark it as a package.
 - inference_gym/internal and referenced by '//spinoffs/inference_gym/inference_gym/targets:probit_regression_test'
ERROR: /data/h445xu/repo/bazel-repos/cloned_repos/tensorflow__probability/spinoffs/inference_gym/inference_gym/targets/BUILD:393:8: no such package 'inference_gym/internal': BUILD file not found in any of the following directories. Add a BUILD file to a directory to mark it as a package.
 - inference_gym/internal and referenced by '//spinoffs/inference_gym/inference_gym/targets:plasma_spectroscopy_test'
ERROR: /data/h445xu/repo/bazel-repos/cloned_repos/tensorflow__probability/spinoffs/inference_gym/inference_gym/targets/BUILD:271:8: no such package 'inference_gym/internal': BUILD file not found in any of the following directories. Add a BUILD file to a directory to mark it as a package.
 - inference_gym/internal and referenced by '//spinoffs/inference_gym/inference_gym/targets:logistic_regression_test'
ERROR: /data/h445xu/repo/bazel-repos/cloned_repos/tensorflow__probability/spinoffs/inference_gym/inference_gym/targets/BUILD:369:8: no such package 'inference_gym/internal': BUILD file not found in any of the following directories. Add a BUILD file to a directory to mark it as a package.
 - inference_gym/internal and referenced by '//spinoffs/inference_gym/inference_gym/targets:non_identifiable_quartic_test'
ERROR: /data/h445xu/repo/bazel-repos/cloned_repos/tensorflow__probability/spinoffs/inference_gym/inference_gym/targets/BUILD:286:11: no such package 'inference_gym/internal': BUILD file not found in any of the following directories. Add a BUILD file to a directory to mark it as a package.
 - inference_gym/internal and referenced by '//spinoffs/inference_gym/inference_gym/targets:lorenz_system'
ERROR: /data/h445xu/repo/bazel-repos/cloned_repos/tensorflow__probability/spinoffs/inference_gym/inference_gym/targets/BUILD:286:11: no such package 'inference_gym/targets/ground_truth': BUILD file not found in any of the following directories. Add a BUILD file to a directory to mark it as a package.
 - inference_gym/targets/ground_truth and referenced by '//spinoffs/inference_gym/inference_gym/targets:lorenz_system'
ERROR: /data/h445xu/repo/bazel-repos/cloned_repos/tensorflow__probability/spinoffs/inference_gym/inference_gym/targets/BUILD:300:8: no such package 'inference_gym/internal': BUILD file not found in any of the following directories. Add a BUILD file to a directory to mark it as a package.
 - inference_gym/internal and referenced by '//spinoffs/inference_gym/inference_gym/targets:lorenz_system_test'
ERROR: /data/h445xu/repo/bazel-repos/cloned_repos/tensorflow__probability/spinoffs/inference_gym/inference_gym/targets/BUILD:231:11: no such package 'inference_gym/internal': BUILD file not found in any of the following directories. Add a BUILD file to a directory to mark it as a package.
 - inference_gym/internal and referenced by '//spinoffs/inference_gym/inference_gym/targets:log_gaussian_cox_process'
ERROR: /data/h445xu/repo/bazel-repos/cloned_repos/tensorflow__probability/spinoffs/inference_gym/inference_gym/targets/BUILD:204:11: no such package 'inference_gym/targets/ground_truth': BUILD file not found in any of the following directories. Add a BUILD file to a directory to mark it as a package.
 - inference_gym/targets/ground_truth and referenced by '//spinoffs/inference_gym/inference_gym/targets:item_response_theory'
ERROR: /data/h445xu/repo/bazel-repos/cloned_repos/tensorflow__probability/spinoffs/inference_gym/inference_gym/targets/BUILD:216:8: no such package 'inference_gym/internal': BUILD file not found in any of the following directories. Add a BUILD file to a directory to mark it as a package.
 - inference_gym/internal and referenced by '//spinoffs/inference_gym/inference_gym/targets:item_response_theory_test'
ERROR: /data/h445xu/repo/bazel-repos/cloned_repos/tensorflow__probability/spinoffs/inference_gym/inference_gym/targets/BUILD:490:11: no such package 'inference_gym/internal': BUILD file not found in any of the following directories. Add a BUILD file to a directory to mark it as a package.
 - inference_gym/internal and referenced by '//spinoffs/inference_gym/inference_gym/targets:stochastic_volatility'
ERROR: /data/h445xu/repo/bazel-repos/cloned_repos/tensorflow__probability/spinoffs/inference_gym/inference_gym/targets/BUILD:490:11: no such package 'inference_gym/targets/ground_truth': BUILD file not found in any of the following directories. Add a BUILD file to a directory to mark it as a package.
 - inference_gym/targets/ground_truth and referenced by '//spinoffs/inference_gym/inference_gym/targets:stochastic_volatility'
ERROR: /data/h445xu/repo/bazel-repos/cloned_repos/tensorflow__probability/spinoffs/inference_gym/inference_gym/targets/BUILD:556:8: no such package 'inference_gym/internal': BUILD file not found in any of the following directories. Add a BUILD file to a directory to mark it as a package.
 - inference_gym/internal and referenced by '//spinoffs/inference_gym/inference_gym/targets:vectorized_stochastic_volatility_test'
ERROR: /data/h445xu/repo/bazel-repos/cloned_repos/tensorflow__probability/spinoffs/inference_gym/inference_gym/targets/BUILD:231:11: no such package 'inference_gym/targets/ground_truth': BUILD file not found in any of the following directories. Add a BUILD file to a directory to mark it as a package.
 - inference_gym/targets/ground_truth and referenced by '//spinoffs/inference_gym/inference_gym/targets:log_gaussian_cox_process'
ERROR: /data/h445xu/repo/bazel-repos/cloned_repos/tensorflow__probability/spinoffs/inference_gym/inference_gym/targets/BUILD:463:11: no such package 'inference_gym/targets/ground_truth': BUILD file not found in any of the following directories. Add a BUILD file to a directory to mark it as a package.
 - inference_gym/targets/ground_truth and referenced by '//spinoffs/inference_gym/inference_gym/targets:sparse_logistic_regression'
ERROR: /data/h445xu/repo/bazel-repos/cloned_repos/tensorflow__probability/spinoffs/inference_gym/inference_gym/targets/BUILD:244:8: no such package 'inference_gym/internal': BUILD file not found in any of the following directories. Add a BUILD file to a directory to mark it as a package.
 - inference_gym/internal and referenced by '//spinoffs/inference_gym/inference_gym/targets:log_gaussian_cox_process_test'
ERROR: /data/h445xu/repo/bazel-repos/cloned_repos/tensorflow__probability/spinoffs/inference_gym/inference_gym/targets/BUILD:34:11: no such package 'inference_gym/backends': BUILD file not found in any of the following directories. Add a BUILD file to a directory to mark it as a package.
 - inference_gym/backends and referenced by '//spinoffs/inference_gym/inference_gym/targets:targets'
ERROR: /data/h445xu/repo/bazel-repos/cloned_repos/tensorflow__probability/spinoffs/inference_gym/inference_gym/targets/BUILD:527:8: no such package 'inference_gym/internal': BUILD file not found in any of the following directories. Add a BUILD file to a directory to mark it as a package.
 - inference_gym/internal and referenced by '//spinoffs/inference_gym/inference_gym/targets:vector_model_test'
ERROR: /data/h445xu/repo/bazel-repos/cloned_repos/tensorflow__probability/spinoffs/inference_gym/inference_gym/targets/BUILD:324:8: no such package 'inference_gym/internal': BUILD file not found in any of the following directories. Add a BUILD file to a directory to mark it as a package.
 - inference_gym/internal and referenced by '//spinoffs/inference_gym/inference_gym/targets:model_test'
ERROR: /data/h445xu/repo/bazel-repos/cloned_repos/tensorflow__probability/spinoffs/inference_gym/inference_gym/targets/BUILD:95:8: no such package 'inference_gym/internal': BUILD file not found in any of the following directories. Add a BUILD file to a directory to mark it as a package.
 - inference_gym/internal and referenced by '//spinoffs/inference_gym/inference_gym/targets:bayesian_model_test'
ERROR: /data/h445xu/repo/bazel-repos/cloned_repos/tensorflow__probability/spinoffs/inference_gym/inference_gym/targets/BUILD:503:8: no such package 'inference_gym/internal': BUILD file not found in any of the following directories. Add a BUILD file to a directory to mark it as a package.
 - inference_gym/internal and referenced by '//spinoffs/inference_gym/inference_gym/targets:stochastic_volatility_test'
ERROR: /data/h445xu/repo/bazel-repos/cloned_repos/tensorflow__probability/spinoffs/inference_gym/inference_gym/targets/BUILD:475:8: no such package 'inference_gym/internal': BUILD file not found in any of the following directories. Add a BUILD file to a directory to mark it as a package.
 - inference_gym/internal and referenced by '//spinoffs/inference_gym/inference_gym/targets:sparse_logistic_regression_test'
ERROR: /data/h445xu/repo/bazel-repos/cloned_repos/tensorflow__probability/discussion/adaptive_malt/BUILD:28:11: no such package 'fun_mc': BUILD file not found in any of the following directories. Add a BUILD file to a directory to mark it as a package.
 - fun_mc and referenced by '//discussion/adaptive_malt:adaptive_malt'
ERROR: /data/h445xu/repo/bazel-repos/cloned_repos/tensorflow__probability/discussion/adaptive_malt/BUILD:45:8: no such package 'inference_gym': BUILD file not found in any of the following directories. Add a BUILD file to a directory to mark it as a package.
 - inference_gym and referenced by '//discussion/adaptive_malt:adaptive_malt_test'
ERROR: /data/h445xu/repo/bazel-repos/cloned_repos/tensorflow__probability/discussion/adaptive_malt/BUILD:28:11: no such package 'inference_gym': BUILD file not found in any of the following directories. Add a BUILD file to a directory to mark it as a package.
 - inference_gym and referenced by '//discussion/adaptive_malt:adaptive_malt'
ERROR: /data/h445xu/repo/bazel-repos/cloned_repos/tensorflow__probability/spinoffs/fun_mc/fun_mc/backends/BUILD:34:8: no such package 'fun_mc': BUILD file not found in any of the following directories. Add a BUILD file to a directory to mark it as a package.
 - fun_mc and referenced by '//spinoffs/fun_mc/fun_mc/backends:tensorflow_integration_test'
ERROR: /data/h445xu/repo/bazel-repos/cloned_repos/tensorflow__probability/spinoffs/inference_gym/inference_gym/internal/BUILD:62:11: no such package 'inference_gym/internal/datasets': BUILD file not found in any of the following directories. Add a BUILD file to a directory to mark it as a package.
 - inference_gym/internal/datasets and referenced by '//spinoffs/inference_gym/inference_gym/internal:data'
ERROR: /data/h445xu/repo/bazel-repos/cloned_repos/tensorflow__probability/spinoffs/fun_mc/fun_mc/backends/BUILD:45:8: no such package 'fun_mc': BUILD file not found in any of the following directories. Add a BUILD file to a directory to mark it as a package.
 - fun_mc and referenced by '//spinoffs/fun_mc/fun_mc/backends:jax_integration_test'
ERROR: /data/h445xu/repo/bazel-repos/cloned_repos/tensorflow__probability/spinoffs/inference_gym/inference_gym/backends/BUILD:55:8: no such package 'inference_gym': BUILD file not found in any of the following directories. Add a BUILD file to a directory to mark it as a package.
 - inference_gym and referenced by '//spinoffs/inference_gym/inference_gym/backends:numpy_integration_test'
ERROR: /data/h445xu/repo/bazel-repos/cloned_repos/tensorflow__probability/spinoffs/inference_gym/inference_gym/targets/BUILD:85:11: no such package 'inference_gym/internal': BUILD file not found in any of the following directories. Add a BUILD file to a directory to mark it as a package.
 - inference_gym/internal and referenced by '//spinoffs/inference_gym/inference_gym/targets:bayesian_model'
ERROR: /data/h445xu/repo/bazel-repos/cloned_repos/tensorflow__probability/spinoffs/inference_gym/inference_gym/internal/BUILD:109:11: no such package 'inference_gym': BUILD file not found in any of the following directories. Add a BUILD file to a directory to mark it as a package.
 - inference_gym and referenced by '//spinoffs/inference_gym/inference_gym/internal:test_util'
ERROR: /data/h445xu/repo/bazel-repos/cloned_repos/tensorflow__probability/spinoffs/inference_gym/inference_gym/targets/BUILD:286:11: no such package 'inference_gym/internal': BUILD file not found in any of the following directories. Add a BUILD file to a directory to mark it as a package.
 - inference_gym/internal and referenced by '//spinoffs/inference_gym/inference_gym/targets:lorenz_system'
ERROR: /data/h445xu/repo/bazel-repos/cloned_repos/tensorflow__probability/spinoffs/inference_gym/inference_gym/targets/BUILD:433:11: no such package 'inference_gym/internal': BUILD file not found in any of the following directories. Add a BUILD file to a directory to mark it as a package.
 - inference_gym/internal and referenced by '//spinoffs/inference_gym/inference_gym/targets:radon_contextual_effects'
ERROR: /data/h445xu/repo/bazel-repos/cloned_repos/tensorflow__probability/spinoffs/inference_gym/inference_gym/targets/BUILD:433:11: no such package 'inference_gym/targets/ground_truth': BUILD file not found in any of the following directories. Add a BUILD file to a directory to mark it as a package.
 - inference_gym/targets/ground_truth and referenced by '//spinoffs/inference_gym/inference_gym/targets:radon_contextual_effects'
ERROR: /data/h445xu/repo/bazel-repos/cloned_repos/tensorflow__probability/spinoffs/inference_gym/inference_gym/targets/BUILD:433:11: no such package 'inference_gym/targets/ground_truth': BUILD file not found in any of the following directories. Add a BUILD file to a directory to mark it as a package.
 - inference_gym/targets/ground_truth and referenced by '//spinoffs/inference_gym/inference_gym/targets:radon_contextual_effects'
ERROR: /data/h445xu/repo/bazel-repos/cloned_repos/tensorflow__probability/spinoffs/inference_gym/inference_gym/targets/BUILD:406:11: no such package 'inference_gym/targets/ground_truth': BUILD file not found in any of the following directories. Add a BUILD file to a directory to mark it as a package.
 - inference_gym/targets/ground_truth and referenced by '//spinoffs/inference_gym/inference_gym/targets:probit_regression'
ERROR: /data/h445xu/repo/bazel-repos/cloned_repos/tensorflow__probability/spinoffs/inference_gym/inference_gym/targets/BUILD:406:11: no such package 'inference_gym/internal': BUILD file not found in any of the following directories. Add a BUILD file to a directory to mark it as a package.
 - inference_gym/internal and referenced by '//spinoffs/inference_gym/inference_gym/targets:probit_regression'
ERROR: /data/h445xu/repo/bazel-repos/cloned_repos/tensorflow__probability/spinoffs/inference_gym/inference_gym/targets/BUILD:381:11: no such package 'inference_gym/internal': BUILD file not found in any of the following directories. Add a BUILD file to a directory to mark it as a package.
 - inference_gym/internal and referenced by '//spinoffs/inference_gym/inference_gym/targets:plasma_spectroscopy'
ERROR: /data/h445xu/repo/bazel-repos/cloned_repos/tensorflow__probability/spinoffs/inference_gym/inference_gym/backends/BUILD:45:8: no such package 'inference_gym': BUILD file not found in any of the following directories. Add a BUILD file to a directory to mark it as a package.
 - inference_gym and referenced by '//spinoffs/inference_gym/inference_gym/backends:jax_integration_test'
ERROR: /data/h445xu/repo/bazel-repos/cloned_repos/tensorflow__probability/spinoffs/inference_gym/inference_gym/targets/BUILD:286:11: no such package 'inference_gym/targets/ground_truth': BUILD file not found in any of the following directories. Add a BUILD file to a directory to mark it as a package.
 - inference_gym/targets/ground_truth and referenced by '//spinoffs/inference_gym/inference_gym/targets:lorenz_system'
ERROR: /data/h445xu/repo/bazel-repos/cloned_repos/tensorflow__probability/spinoffs/inference_gym/inference_gym/targets/BUILD:286:11: no such package 'inference_gym/targets/ground_truth': BUILD file not found in any of the following directories. Add a BUILD file to a directory to mark it as a package.
 - inference_gym/targets/ground_truth and referenced by '//spinoffs/inference_gym/inference_gym/targets:lorenz_system'
ERROR: /data/h445xu/repo/bazel-repos/cloned_repos/tensorflow__probability/spinoffs/inference_gym/inference_gym/targets/BUILD:541:11: no such package 'inference_gym/internal': BUILD file not found in any of the following directories. Add a BUILD file to a directory to mark it as a package.
 - inference_gym/internal and referenced by '//spinoffs/inference_gym/inference_gym/targets:vectorized_stochastic_volatility'
ERROR: /data/h445xu/repo/bazel-repos/cloned_repos/tensorflow__probability/spinoffs/inference_gym/inference_gym/targets/BUILD:541:11: no such package 'inference_gym/targets/ground_truth': BUILD file not found in any of the following directories. Add a BUILD file to a directory to mark it as a package.
 - inference_gym/targets/ground_truth and referenced by '//spinoffs/inference_gym/inference_gym/targets:vectorized_stochastic_volatility'
ERROR: /data/h445xu/repo/bazel-repos/cloned_repos/tensorflow__probability/spinoffs/inference_gym/inference_gym/targets/BUILD:146:8: no such package 'inference_gym/internal': BUILD file not found in any of the following directories. Add a BUILD file to a directory to mark it as a package.
 - inference_gym/internal and referenced by '//spinoffs/inference_gym/inference_gym/targets:dirichlet_test'
ERROR: /data/h445xu/repo/bazel-repos/cloned_repos/tensorflow__probability/spinoffs/inference_gym/inference_gym/targets/BUILD:170:8: no such package 'inference_gym/internal': BUILD file not found in any of the following directories. Add a BUILD file to a directory to mark it as a package.
 - inference_gym/internal and referenced by '//spinoffs/inference_gym/inference_gym/targets:eight_schools_test'
ERROR: /data/h445xu/repo/bazel-repos/cloned_repos/tensorflow__probability/spinoffs/inference_gym/inference_gym/targets/BUILD:192:8: no such package 'inference_gym/internal': BUILD file not found in any of the following directories. Add a BUILD file to a directory to mark it as a package.
 - inference_gym/internal and referenced by '//spinoffs/inference_gym/inference_gym/targets:ill_conditioned_gaussian_test'
ERROR: /data/h445xu/repo/bazel-repos/cloned_repos/tensorflow__probability/spinoffs/inference_gym/inference_gym/targets/BUILD:216:8: no such package 'inference_gym/internal': BUILD file not found in any of the following directories. Add a BUILD file to a directory to mark it as a package.
 - inference_gym/internal and referenced by '//spinoffs/inference_gym/inference_gym/targets:item_response_theory_test'
ERROR: /data/h445xu/repo/bazel-repos/cloned_repos/tensorflow__probability/spinoffs/inference_gym/inference_gym/targets/BUILD:244:8: no such package 'inference_gym/internal': BUILD file not found in any of the following directories. Add a BUILD file to a directory to mark it as a package.
 - inference_gym/internal and referenced by '//spinoffs/inference_gym/inference_gym/targets:log_gaussian_cox_process_test'
ERROR: /data/h445xu/repo/bazel-repos/cloned_repos/tensorflow__probability/spinoffs/inference_gym/inference_gym/targets/BUILD:259:11: no such package 'inference_gym/targets/ground_truth': BUILD file not found in any of the following directories. Add a BUILD file to a directory to mark it as a package.
 - inference_gym/targets/ground_truth and referenced by '//spinoffs/inference_gym/inference_gym/targets:logistic_regression'
ERROR: /data/h445xu/repo/bazel-repos/cloned_repos/tensorflow__probability/spinoffs/inference_gym/inference_gym/targets/BUILD:300:8: no such package 'inference_gym/internal': BUILD file not found in any of the following directories. Add a BUILD file to a directory to mark it as a package.
 - inference_gym/internal and referenced by '//spinoffs/inference_gym/inference_gym/targets:lorenz_system_test'
ERROR: /data/h445xu/repo/bazel-repos/cloned_repos/tensorflow__probability/spinoffs/inference_gym/inference_gym/targets/BUILD:324:8: no such package 'inference_gym/internal': BUILD file not found in any of the following directories. Add a BUILD file to a directory to mark it as a package.
 - inference_gym/internal and referenced by '//spinoffs/inference_gym/inference_gym/targets:model_test'
ERROR: /data/h445xu/repo/bazel-repos/cloned_repos/tensorflow__probability/spinoffs/inference_gym/inference_gym/targets/BUILD:347:8: no such package 'inference_gym/internal': BUILD file not found in any of the following directories. Add a BUILD file to a directory to mark it as a package.
 - inference_gym/internal and referenced by '//spinoffs/inference_gym/inference_gym/targets:neals_funnel_test'
ERROR: /data/h445xu/repo/bazel-repos/cloned_repos/tensorflow__probability/spinoffs/inference_gym/inference_gym/targets/BUILD:369:8: no such package 'inference_gym/internal': BUILD file not found in any of the following directories. Add a BUILD file to a directory to mark it as a package.
 - inference_gym/internal and referenced by '//spinoffs/inference_gym/inference_gym/targets:non_identifiable_quartic_test'
ERROR: /data/h445xu/repo/bazel-repos/cloned_repos/tensorflow__probability/spinoffs/inference_gym/inference_gym/targets/BUILD:541:11: no such package 'inference_gym/targets/ground_truth': BUILD file not found in any of the following directories. Add a BUILD file to a directory to mark it as a package.
 - inference_gym/targets/ground_truth and referenced by '//spinoffs/inference_gym/inference_gym/targets:vectorized_stochastic_volatility'
ERROR: /data/h445xu/repo/bazel-repos/cloned_repos/tensorflow__probability/spinoffs/inference_gym/inference_gym/targets/BUILD:121:8: no such package 'inference_gym/internal': BUILD file not found in any of the following directories. Add a BUILD file to a directory to mark it as a package.
 - inference_gym/internal and referenced by '//spinoffs/inference_gym/inference_gym/targets:brownian_motion_test'
ERROR: /data/h445xu/repo/bazel-repos/cloned_repos/tensorflow__probability/spinoffs/inference_gym/inference_gym/targets/BUILD:95:8: no such package 'inference_gym/internal': BUILD file not found in any of the following directories. Add a BUILD file to a directory to mark it as a package.
 - inference_gym/internal and referenced by '//spinoffs/inference_gym/inference_gym/targets:bayesian_model_test'
ERROR: /data/h445xu/repo/bazel-repos/cloned_repos/tensorflow__probability/spinoffs/inference_gym/inference_gym/internal/BUILD:109:11: no such package 'inference_gym': BUILD file not found in any of the following directories. Add a BUILD file to a directory to mark it as a package.
 - inference_gym and referenced by '//spinoffs/inference_gym/inference_gym/internal:test_util'
ERROR: /data/h445xu/repo/bazel-repos/cloned_repos/tensorflow__probability/spinoffs/inference_gym/inference_gym/targets/BUILD:34:11: no such package 'inference_gym/backends': BUILD file not found in any of the following directories. Add a BUILD file to a directory to mark it as a package.
 - inference_gym/backends and referenced by '//spinoffs/inference_gym/inference_gym/targets:targets'
ERROR: /data/h445xu/repo/bazel-repos/cloned_repos/tensorflow__probability/spinoffs/inference_gym/inference_gym/targets/BUILD:541:11: no such package 'inference_gym/targets/ground_truth': BUILD file not found in any of the following directories. Add a BUILD file to a directory to mark it as a package.
 - inference_gym/targets/ground_truth and referenced by '//spinoffs/inference_gym/inference_gym/targets:vectorized_stochastic_volatility'
ERROR: /data/h445xu/repo/bazel-repos/cloned_repos/tensorflow__probability/spinoffs/inference_gym/inference_gym/BUILD:57:11: no such package 'inference_gym/backends': BUILD file not found in any of the following directories. Add a BUILD file to a directory to mark it as a package.
 - inference_gym/backends and referenced by '//spinoffs/inference_gym/inference_gym:using_jax'
ERROR: /data/h445xu/repo/bazel-repos/cloned_repos/tensorflow__probability/spinoffs/inference_gym/inference_gym/targets/BUILD:541:11: no such package 'inference_gym/targets/ground_truth': BUILD file not found in any of the following directories. Add a BUILD file to a directory to mark it as a package.
 - inference_gym/targets/ground_truth and referenced by '//spinoffs/inference_gym/inference_gym/targets:vectorized_stochastic_volatility'
ERROR: /data/h445xu/repo/bazel-repos/cloned_repos/tensorflow__probability/spinoffs/inference_gym/inference_gym/internal/BUILD:109:11: no such package 'inference_gym': BUILD file not found in any of the following directories. Add a BUILD file to a directory to mark it as a package.
 - inference_gym and referenced by '//spinoffs/inference_gym/inference_gym/internal:test_util'
ERROR: /data/h445xu/repo/bazel-repos/cloned_repos/tensorflow__probability/spinoffs/inference_gym/inference_gym/targets/BUILD:490:11: no such package 'inference_gym/targets/ground_truth': BUILD file not found in any of the following directories. Add a BUILD file to a directory to mark it as a package.
 - inference_gym/targets/ground_truth and referenced by '//spinoffs/inference_gym/inference_gym/targets:stochastic_volatility'
ERROR: /data/h445xu/repo/bazel-repos/cloned_repos/tensorflow__probability/spinoffs/inference_gym/inference_gym/targets/BUILD:490:11: no such package 'inference_gym/targets/ground_truth': BUILD file not found in any of the following directories. Add a BUILD file to a directory to mark it as a package.
 - inference_gym/targets/ground_truth and referenced by '//spinoffs/inference_gym/inference_gym/targets:stochastic_volatility'
ERROR: /data/h445xu/repo/bazel-repos/cloned_repos/tensorflow__probability/spinoffs/inference_gym/inference_gym/targets/BUILD:490:11: no such package 'inference_gym/internal': BUILD file not found in any of the following directories. Add a BUILD file to a directory to mark it as a package.
 - inference_gym/internal and referenced by '//spinoffs/inference_gym/inference_gym/targets:stochastic_volatility'
ERROR: /data/h445xu/repo/bazel-repos/cloned_repos/tensorflow__probability/spinoffs/inference_gym/inference_gym/targets/BUILD:463:11: no such package 'inference_gym/targets/ground_truth': BUILD file not found in any of the following directories. Add a BUILD file to a directory to mark it as a package.
 - inference_gym/targets/ground_truth and referenced by '//spinoffs/inference_gym/inference_gym/targets:sparse_logistic_regression'
ERROR: /data/h445xu/repo/bazel-repos/cloned_repos/tensorflow__probability/spinoffs/inference_gym/inference_gym/targets/BUILD:463:11: no such package 'inference_gym/internal': BUILD file not found in any of the following directories. Add a BUILD file to a directory to mark it as a package.
 - inference_gym/internal and referenced by '//spinoffs/inference_gym/inference_gym/targets:sparse_logistic_regression'
ERROR: /data/h445xu/repo/bazel-repos/cloned_repos/tensorflow__probability/spinoffs/inference_gym/inference_gym/targets/BUILD:433:11: no such package 'inference_gym/targets/ground_truth': BUILD file not found in any of the following directories. Add a BUILD file to a directory to mark it as a package.
 - inference_gym/targets/ground_truth and referenced by '//spinoffs/inference_gym/inference_gym/targets:radon_contextual_effects'
ERROR: /data/h445xu/repo/bazel-repos/cloned_repos/tensorflow__probability/spinoffs/inference_gym/inference_gym/targets/BUILD:433:11: no such package 'inference_gym/targets/ground_truth': BUILD file not found in any of the following directories. Add a BUILD file to a directory to mark it as a package.
 - inference_gym/targets/ground_truth and referenced by '//spinoffs/inference_gym/inference_gym/targets:radon_contextual_effects'
ERROR: /data/h445xu/repo/bazel-repos/cloned_repos/tensorflow__probability/spinoffs/inference_gym/inference_gym/targets/BUILD:231:11: no such package 'inference_gym/targets/ground_truth': BUILD file not found in any of the following directories. Add a BUILD file to a directory to mark it as a package.
 - inference_gym/targets/ground_truth and referenced by '//spinoffs/inference_gym/inference_gym/targets:log_gaussian_cox_process'
ERROR: /data/h445xu/repo/bazel-repos/cloned_repos/tensorflow__probability/spinoffs/inference_gym/inference_gym/targets/BUILD:231:11: no such package 'inference_gym/internal': BUILD file not found in any of the following directories. Add a BUILD file to a directory to mark it as a package.
 - inference_gym/internal and referenced by '//spinoffs/inference_gym/inference_gym/targets:log_gaussian_cox_process'
ERROR: /data/h445xu/repo/bazel-repos/cloned_repos/tensorflow__probability/spinoffs/inference_gym/inference_gym/targets/BUILD:204:11: no such package 'inference_gym/targets/ground_truth': BUILD file not found in any of the following directories. Add a BUILD file to a directory to mark it as a package.
 - inference_gym/targets/ground_truth and referenced by '//spinoffs/inference_gym/inference_gym/targets:item_response_theory'
ERROR: /data/h445xu/repo/bazel-repos/cloned_repos/tensorflow__probability/spinoffs/inference_gym/inference_gym/targets/BUILD:159:11: no such package 'inference_gym/targets/ground_truth': BUILD file not found in any of the following directories. Add a BUILD file to a directory to mark it as a package.
 - inference_gym/targets/ground_truth and referenced by '//spinoffs/inference_gym/inference_gym/targets:eight_schools'
ERROR: /data/h445xu/repo/bazel-repos/cloned_repos/tensorflow__probability/spinoffs/inference_gym/inference_gym/targets/BUILD:108:11: no such package 'inference_gym/targets/ground_truth': BUILD file not found in any of the following directories. Add a BUILD file to a directory to mark it as a package.
 - inference_gym/targets/ground_truth and referenced by '//spinoffs/inference_gym/inference_gym/targets:brownian_motion'
ERROR: /data/h445xu/repo/bazel-repos/cloned_repos/tensorflow__probability/spinoffs/inference_gym/inference_gym/backends/BUILD:65:8: no such package 'inference_gym': BUILD file not found in any of the following directories. Add a BUILD file to a directory to mark it as a package.
 - inference_gym and referenced by '//spinoffs/inference_gym/inference_gym/backends:tensorflow_integration_test'
ERROR: /data/h445xu/repo/bazel-repos/cloned_repos/tensorflow__probability/spinoffs/inference_gym/inference_gym/targets/BUILD:108:11: no such package 'inference_gym/targets/ground_truth': BUILD file not found in any of the following directories. Add a BUILD file to a directory to mark it as a package.
 - inference_gym/targets/ground_truth and referenced by '//spinoffs/inference_gym/inference_gym/targets:brownian_motion'
ERROR: /data/h445xu/repo/bazel-repos/cloned_repos/tensorflow__probability/spinoffs/inference_gym/inference_gym/tools/BUILD:30:10: no such package 'inference_gym/tools/stan': BUILD file not found in any of the following directories. Add a BUILD file to a directory to mark it as a package.
 - inference_gym/tools/stan and referenced by '//spinoffs/inference_gym/inference_gym/tools:get_ground_truth'
ERROR: /data/h445xu/repo/bazel-repos/cloned_repos/tensorflow__probability/spinoffs/inference_gym/inference_gym/targets/BUILD:556:8: no such package 'inference_gym/internal': BUILD file not found in any of the following directories. Add a BUILD file to a directory to mark it as a package.
 - inference_gym/internal and referenced by '//spinoffs/inference_gym/inference_gym/targets:vectorized_stochastic_volatility_test'
ERROR: /data/h445xu/repo/bazel-repos/cloned_repos/tensorflow__probability/spinoffs/inference_gym/inference_gym/targets/BUILD:475:8: no such package 'inference_gym/internal': BUILD file not found in any of the following directories. Add a BUILD file to a directory to mark it as a package.
 - inference_gym/internal and referenced by '//spinoffs/inference_gym/inference_gym/targets:sparse_logistic_regression_test'
ERROR: /data/h445xu/repo/bazel-repos/cloned_repos/tensorflow__probability/spinoffs/inference_gym/inference_gym/targets/BUILD:503:8: no such package 'inference_gym/internal': BUILD file not found in any of the following directories. Add a BUILD file to a directory to mark it as a package.
 - inference_gym/internal and referenced by '//spinoffs/inference_gym/inference_gym/targets:stochastic_volatility_test'
ERROR: /data/h445xu/repo/bazel-repos/cloned_repos/tensorflow__probability/spinoffs/inference_gym/inference_gym/targets/BUILD:315:11: no such package 'inference_gym/internal': BUILD file not found in any of the following directories. Add a BUILD file to a directory to mark it as a package.
 - inference_gym/internal and referenced by '//spinoffs/inference_gym/inference_gym/targets:model'
ERROR: /data/h445xu/repo/bazel-repos/cloned_repos/tensorflow__probability/spinoffs/inference_gym/inference_gym/BUILD:70:11: no such package 'inference_gym/targets': BUILD file not found in any of the following directories. Add a BUILD file to a directory to mark it as a package.
 - inference_gym/targets and referenced by '//spinoffs/inference_gym/inference_gym:using_tensorflow'
ERROR: /data/h445xu/repo/bazel-repos/cloned_repos/tensorflow__probability/spinoffs/inference_gym/inference_gym/BUILD:70:11: no such package 'inference_gym/backends': BUILD file not found in any of the following directories. Add a BUILD file to a directory to mark it as a package.
 - inference_gym/backends and referenced by '//spinoffs/inference_gym/inference_gym:using_tensorflow'
ERROR: /data/h445xu/repo/bazel-repos/cloned_repos/tensorflow__probability/spinoffs/inference_gym/inference_gym/BUILD:45:11: no such package 'inference_gym/targets': BUILD file not found in any of the following directories. Add a BUILD file to a directory to mark it as a package.
 - inference_gym/targets and referenced by '//spinoffs/inference_gym/inference_gym:using_numpy'
ERROR: /data/h445xu/repo/bazel-repos/cloned_repos/tensorflow__probability/spinoffs/inference_gym/inference_gym/BUILD:57:11: no such package 'inference_gym/targets': BUILD file not found in any of the following directories. Add a BUILD file to a directory to mark it as a package.
 - inference_gym/targets and referenced by '//spinoffs/inference_gym/inference_gym:using_jax'
ERROR: /data/h445xu/repo/bazel-repos/cloned_repos/tensorflow__probability/spinoffs/inference_gym/inference_gym/targets/BUILD:108:11: no such package 'inference_gym/internal': BUILD file not found in any of the following directories. Add a BUILD file to a directory to mark it as a package.
 - inference_gym/internal and referenced by '//spinoffs/inference_gym/inference_gym/targets:brownian_motion'
ERROR: /data/h445xu/repo/bazel-repos/cloned_repos/tensorflow__probability/spinoffs/inference_gym/inference_gym/BUILD:45:11: no such package 'inference_gym/backends': BUILD file not found in any of the following directories. Add a BUILD file to a directory to mark it as a package.
 - inference_gym/backends and referenced by '//spinoffs/inference_gym/inference_gym:using_numpy'
ERROR: /data/h445xu/repo/bazel-repos/cloned_repos/tensorflow__probability/spinoffs/inference_gym/inference_gym/targets/BUILD:527:8: no such package 'inference_gym/internal': BUILD file not found in any of the following directories. Add a BUILD file to a directory to mark it as a package.
 - inference_gym/internal and referenced by '//spinoffs/inference_gym/inference_gym/targets:vector_model_test'
ERROR: /data/h445xu/repo/bazel-repos/cloned_repos/tensorflow__probability/spinoffs/inference_gym/inference_gym/targets/BUILD:73:8: no such package 'inference_gym/internal': BUILD file not found in any of the following directories. Add a BUILD file to a directory to mark it as a package.
 - inference_gym/internal and referenced by '//spinoffs/inference_gym/inference_gym/targets:banana_test'
ERROR: /data/h445xu/repo/bazel-repos/cloned_repos/tensorflow__probability/spinoffs/inference_gym/inference_gym/tools/BUILD:30:10: no such package 'inference_gym/internal': BUILD file not found in any of the following directories. Add a BUILD file to a directory to mark it as a package.
 - inference_gym/internal and referenced by '//spinoffs/inference_gym/inference_gym/tools:get_ground_truth'
ERROR: /data/h445xu/repo/bazel-repos/cloned_repos/tensorflow__probability/spinoffs/inference_gym/inference_gym/targets/BUILD:393:8: no such package 'inference_gym/internal': BUILD file not found in any of the following directories. Add a BUILD file to a directory to mark it as a package.
 - inference_gym/internal and referenced by '//spinoffs/inference_gym/inference_gym/targets:plasma_spectroscopy_test'
ERROR: /data/h445xu/repo/bazel-repos/cloned_repos/tensorflow__probability/spinoffs/inference_gym/inference_gym/internal/BUILD:129:8: no such package 'inference_gym/targets': BUILD file not found in any of the following directories. Add a BUILD file to a directory to mark it as a package.
 - inference_gym/targets and referenced by '//spinoffs/inference_gym/inference_gym/internal:test_util_test'
ERROR: /data/h445xu/repo/bazel-repos/cloned_repos/tensorflow__probability/spinoffs/inference_gym/inference_gym/targets/BUILD:448:8: no such package 'inference_gym/internal': BUILD file not found in any of the following directories. Add a BUILD file to a directory to mark it as a package.
 - inference_gym/internal and referenced by '//spinoffs/inference_gym/inference_gym/targets:radon_contextual_effects_test'
ERROR: /data/h445xu/repo/bazel-repos/cloned_repos/tensorflow__probability/spinoffs/inference_gym/inference_gym/tools/stan/BUILD:137:11: no such package 'inference_gym/internal': BUILD file not found in any of the following directories. Add a BUILD file to a directory to mark it as a package.
 - inference_gym/internal and referenced by '//spinoffs/inference_gym/inference_gym/tools/stan:targets'
ERROR: /data/h445xu/repo/bazel-repos/cloned_repos/tensorflow__probability/spinoffs/inference_gym/inference_gym/targets/BUILD:503:8: no such package 'inference_gym/internal': BUILD file not found in any of the following directories. Add a BUILD file to a directory to mark it as a package.
 - inference_gym/internal and referenced by '//spinoffs/inference_gym/inference_gym/targets:stochastic_volatility_test'
ERROR: /data/h445xu/repo/bazel-repos/cloned_repos/tensorflow__probability/spinoffs/inference_gym/inference_gym/targets/BUILD:271:8: no such package 'inference_gym/internal': BUILD file not found in any of the following directories. Add a BUILD file to a directory to mark it as a package.
 - inference_gym/internal and referenced by '//spinoffs/inference_gym/inference_gym/targets:logistic_regression_test'
ERROR: /data/h445xu/repo/bazel-repos/cloned_repos/tensorflow__probability/spinoffs/inference_gym/inference_gym/targets/BUILD:418:8: no such package 'inference_gym/internal': BUILD file not found in any of the following directories. Add a BUILD file to a directory to mark it as a package.
 - inference_gym/internal and referenced by '//spinoffs/inference_gym/inference_gym/targets:probit_regression_test'
ERROR: /data/h445xu/repo/bazel-repos/cloned_repos/tensorflow__probability/spinoffs/inference_gym/inference_gym/targets/BUILD:259:11: no such package 'inference_gym/internal': BUILD file not found in any of the following directories. Add a BUILD file to a directory to mark it as a package.
 - inference_gym/internal and referenced by '//spinoffs/inference_gym/inference_gym/targets:logistic_regression'
ERROR: Evaluation of query "deps(//...)" failed: errors were encountered while computing transitive closure
WARNING: --keep_going specified, ignoring errors. Results may be inaccurate
Loading: 115 packages loaded
    currently loading: discussion/pathfinder
Read 0 lines from bazel query output...
Read 1000 lines from bazel query output...
Read 2000 lines from bazel query output...
Read 3000 lines from bazel query output...
Read 4000 lines from bazel query output...
Read 5000 lines from bazel query output...
Read 6000 lines from bazel query output...
Read 7000 lines from bazel query output...
Read 8000 lines from bazel query output...
Read 9000 lines from bazel query output...
Read 10000 lines from bazel query output...
Read 11000 lines from bazel query output...
Read 12000 lines from bazel query output...
Read 13000 lines from bazel query output...
Read 14000 lines from bazel query output...
Read 15000 lines from bazel query output...
Read 16000 lines from bazel query output...
Read 17000 lines from bazel query output...
Read 18000 lines from bazel query output...
Read 19000 lines from bazel query output...
Read 20000 lines from bazel query output...
Read 21000 lines from bazel query output...
Read 22000 lines from bazel query output...
Read 23000 lines from bazel query output...
Read 24000 lines from bazel query output...
Read 25000 lines from bazel query output...
Read 26000 lines from bazel query output...
Read 27000 lines from bazel query output...
Read 28000 lines from bazel query output...
Read 29000 lines from bazel query output...
Read 30000 lines from bazel query output...
Read 31000 lines from bazel query output...
Read 32000 lines from bazel query output...
Read 33000 lines from bazel query output...
Read 34000 lines from bazel query output...
Read 35000 lines from bazel query output...
Read 36000 lines from bazel query output...
Read 37000 lines from bazel query output...
Read 38000 lines from bazel query output...
Read 39000 lines from bazel query output...
Read 40000 lines from bazel query output...
Read 41000 lines from bazel query output...
Read 42000 lines from bazel query output...
Read 43000 lines from bazel query output...
Read 44000 lines from bazel query output...
Read 45000 lines from bazel query output...
Read 46000 lines from bazel query output...
Read 47000 lines from bazel query output...
Read 48000 lines from bazel query output...
Read 49000 lines from bazel query output...
Read 50000 lines from bazel query output...
Read 51000 lines from bazel query output...
Read 52000 lines from bazel query output...
Read 53000 lines from bazel query output...
Read 54000 lines from bazel query output...
Read 55000 lines from bazel query output...
Read 56000 lines from bazel query output...
Read 57000 lines from bazel query output...
Read 58000 lines from bazel query output...
Read 59000 lines from bazel query output...
Read 60000 lines from bazel query output...
Read 61000 lines from bazel query output...
Read 62000 lines from bazel query output...
Read 63000 lines from bazel query output...
Read 64000 lines from bazel query output...
Read 65000 lines from bazel query output...
Read 66000 lines from bazel query output...
Read 67000 lines from bazel query output...
Read 68000 lines from bazel query output...
Read 69000 lines from bazel query output...
Read 70000 lines from bazel query output...
Read 71000 lines from bazel query output...
Read 72000 lines from bazel query output...
Read 73000 lines from bazel query output...
Read 74000 lines from bazel query output...
Read 75000 lines from bazel query output...
Read 76000 lines from bazel query output...
Read 77000 lines from bazel query output...
Read 78000 lines from bazel query output...
Read 79000 lines from bazel query output...
Read 80000 lines from bazel query output...
Read 81000 lines from bazel query output...
Read 82000 lines from bazel query output...
Read 83000 lines from bazel query output...
Read 84000 lines from bazel query output...
Read 85000 lines from bazel query output...
Read 86000 lines from bazel query output...
Read 87000 lines from bazel query output...
Read 88000 lines from bazel query output...
Read 89000 lines from bazel query output...
Read 90000 lines from bazel query output...
Read 91000 lines from bazel query output...
Read 92000 lines from bazel query output...
Read 93000 lines from bazel query output...
Read 94000 lines from bazel query output...
Read 95000 lines from bazel query output...
Read 96000 lines from bazel query output...
Read 97000 lines from bazel query output...
Read 98000 lines from bazel query output...
Read 99000 lines from bazel query output...
Read 100000 lines from bazel query output...
Read 101000 lines from bazel query output...
Read 102000 lines from bazel query output...
Read 103000 lines from bazel query output...
Read 104000 lines from bazel query output...
Read 105000 lines from bazel query output...
Read 106000 lines from bazel query output...
Read 107000 lines from bazel query output...
Read 108000 lines from bazel query output...
Read 109000 lines from bazel query output...
Read 110000 lines from bazel query output...
Read 111000 lines from bazel query output...
Read 112000 lines from bazel query output...
Read 113000 lines from bazel query output...
Read 114000 lines from bazel query output...
Read 115000 lines from bazel query output...
Read 116000 lines from bazel query output...
Read 117000 lines from bazel query output...
Read 118000 lines from bazel query output...
Read 119000 lines from bazel query output...
Read 120000 lines from bazel query output...
Read 121000 lines from bazel query output...
Read 122000 lines from bazel query output...
Read 123000 lines from bazel query output...
Read 124000 lines from bazel query output...
Read 125000 lines from bazel query output...
Read 126000 lines from bazel query output...
Read 127000 lines from bazel query output...
Read 128000 lines from bazel query output...
Read 129000 lines from bazel query output...
Read 130000 lines from bazel query output...
Read 131000 lines from bazel query output...
Read 132000 lines from bazel query output...
Read 133000 lines from bazel query output...
Read 134000 lines from bazel query output...
Read 135000 lines from bazel query output...
Read 136000 lines from bazel query output...
Read 137000 lines from bazel query output...
Read 138000 lines from bazel query output...
