Starting local Bazel server (8.3.1) and connecting to it...
INFO: Options provided by the client:
  Inherited 'common' options: --isatty=0 --terminal_columns=80
INFO: Reading rc options for 'query' from /data/h445xu/repo/bazel-repos/cloned_repos/tensorflow__privacy/.bazelrc:
  Inherited 'common' options: --announce_rc --enable_platform_specific_config
 no actions running
Loading: 0 packages loaded
ERROR: error loading package 'tensorflow_privacy/v1': Unable to find package for @@[unknown repo 'bazel_skylib' requested from @@]//rules:build_test.bzl: The repository '@@[unknown repo 'bazel_skylib' requested from @@]' could not be resolved: No repository visible as '@bazel_skylib' from main repository. Was the repository introduced in WORKSPACE? The WORKSPACE file is disabled by default in Bazel 8 (late 2024) and will be removed in Bazel 9 (late 2025), please migrate to Bzlmod. See https://bazel.build/external/migration.
ERROR: error loading package 'tensorflow_privacy/privacy/estimators': Unable to find package for @@[unknown repo 'rules_python' requested from @@]//python:defs.bzl: The repository '@@[unknown repo 'rules_python' requested from @@]' could not be resolved: No repository visible as '@rules_python' from main repository. Was the repository introduced in WORKSPACE? The WORKSPACE file is disabled by default in Bazel 8 (late 2024) and will be removed in Bazel 9 (late 2025), please migrate to Bzlmod. See https://bazel.build/external/migration.
ERROR: error loading package 'tensorflow_privacy': Unable to find package for @@[unknown repo 'bazel_skylib' requested from @@]//rules:build_test.bzl: The repository '@@[unknown repo 'bazel_skylib' requested from @@]' could not be resolved: No repository visible as '@bazel_skylib' from main repository. Was the repository introduced in WORKSPACE? The WORKSPACE file is disabled by default in Bazel 8 (late 2024) and will be removed in Bazel 9 (late 2025), please migrate to Bzlmod. See https://bazel.build/external/migration.
ERROR: /data/h445xu/repo/bazel-repos/cloned_repos/tensorflow__privacy/tensorflow_privacy/privacy/privacy_tests/membership_inference_attack/BUILD:66:11: no such package 'third_party/py/joblib': BUILD file not found in any of the following directories. Add a BUILD file to a directory to mark it as a package.
 - third_party/py/joblib and referenced by '//tensorflow_privacy/privacy/privacy_tests/membership_inference_attack:membership_inference_attack'
ERROR: /data/h445xu/repo/bazel-repos/cloned_repos/tensorflow__privacy/tensorflow_privacy/privacy/estimators/v1/BUILD:33:8: error loading package 'tensorflow_privacy/privacy/estimators': Unable to find package for @@[unknown repo 'rules_python' requested from @@]//python:defs.bzl: The repository '@@[unknown repo 'rules_python' requested from @@]' could not be resolved: No repository visible as '@rules_python' from main repository. Was the repository introduced in WORKSPACE? The WORKSPACE file is disabled by default in Bazel 8 (late 2024) and will be removed in Bazel 9 (late 2025), please migrate to Bzlmod. See https://bazel.build/external/migration. and referenced by '//tensorflow_privacy/privacy/estimators/v1:head_test'
ERROR: /data/h445xu/repo/bazel-repos/cloned_repos/tensorflow__privacy/tensorflow_privacy/privacy/estimators/v1/BUILD:44:8: error loading package 'tensorflow_privacy/privacy/estimators': Unable to find package for @@[unknown repo 'rules_python' requested from @@]//python:defs.bzl: The repository '@@[unknown repo 'rules_python' requested from @@]' could not be resolved: No repository visible as '@rules_python' from main repository. Was the repository introduced in WORKSPACE? The WORKSPACE file is disabled by default in Bazel 8 (late 2024) and will be removed in Bazel 9 (late 2025), please migrate to Bzlmod. See https://bazel.build/external/migration. and referenced by '//tensorflow_privacy/privacy/estimators/v1:dnn_test'
ERROR: /data/h445xu/repo/bazel-repos/cloned_repos/tensorflow__privacy/tensorflow_privacy/privacy/estimators/v1/BUILD:55:8: error loading package 'tensorflow_privacy/privacy/estimators': Unable to find package for @@[unknown repo 'rules_python' requested from @@]//python:defs.bzl: The repository '@@[unknown repo 'rules_python' requested from @@]' could not be resolved: No repository visible as '@rules_python' from main repository. Was the repository introduced in WORKSPACE? The WORKSPACE file is disabled by default in Bazel 8 (late 2024) and will be removed in Bazel 9 (late 2025), please migrate to Bzlmod. See https://bazel.build/external/migration. and referenced by '//tensorflow_privacy/privacy/estimators/v1:linear_test'
ERROR: /data/h445xu/repo/bazel-repos/cloned_repos/tensorflow__privacy/tensorflow_privacy/privacy/estimators/v1/BUILD:44:8: error loading package 'tensorflow_privacy/privacy/estimators': Unable to find package for @@[unknown repo 'rules_python' requested from @@]//python:defs.bzl: The repository '@@[unknown repo 'rules_python' requested from @@]' could not be resolved: No repository visible as '@rules_python' from main repository. Was the repository introduced in WORKSPACE? The WORKSPACE file is disabled by default in Bazel 8 (late 2024) and will be removed in Bazel 9 (late 2025), please migrate to Bzlmod. See https://bazel.build/external/migration. and referenced by '//tensorflow_privacy/privacy/estimators/v1:dnn_test'
ERROR: /data/h445xu/repo/bazel-repos/cloned_repos/tensorflow__privacy/tensorflow_privacy/privacy/estimators/v1/BUILD:55:8: error loading package 'tensorflow_privacy/privacy/estimators': Unable to find package for @@[unknown repo 'rules_python' requested from @@]//python:defs.bzl: The repository '@@[unknown repo 'rules_python' requested from @@]' could not be resolved: No repository visible as '@rules_python' from main repository. Was the repository introduced in WORKSPACE? The WORKSPACE file is disabled by default in Bazel 8 (late 2024) and will be removed in Bazel 9 (late 2025), please migrate to Bzlmod. See https://bazel.build/external/migration. and referenced by '//tensorflow_privacy/privacy/estimators/v1:linear_test'
ERROR: /data/h445xu/repo/bazel-repos/cloned_repos/tensorflow__privacy/tensorflow_privacy/privacy/estimators/v1/BUILD:33:8: error loading package 'tensorflow_privacy/privacy/estimators': Unable to find package for @@[unknown repo 'rules_python' requested from @@]//python:defs.bzl: The repository '@@[unknown repo 'rules_python' requested from @@]' could not be resolved: No repository visible as '@rules_python' from main repository. Was the repository introduced in WORKSPACE? The WORKSPACE file is disabled by default in Bazel 8 (late 2024) and will be removed in Bazel 9 (late 2025), please migrate to Bzlmod. See https://bazel.build/external/migration. and referenced by '//tensorflow_privacy/privacy/estimators/v1:head_test'
ERROR: /data/h445xu/repo/bazel-repos/cloned_repos/tensorflow__privacy/tensorflow_privacy/privacy/privacy_tests/membership_inference_attack/BUILD:66:11: no such package 'third_party/py/joblib': BUILD file not found in any of the following directories. Add a BUILD file to a directory to mark it as a package.
 - third_party/py/joblib and referenced by '//tensorflow_privacy/privacy/privacy_tests/membership_inference_attack:membership_inference_attack'
ERROR: Evaluation of query "deps(//...)" failed: errors were encountered while computing transitive closure
WARNING: --keep_going specified, ignoring errors. Results may be inaccurate
Read 0 lines from bazel query output...
Read 1000 lines from bazel query output...
Read 2000 lines from bazel query output...
Read 3000 lines from bazel query output...
