Starting local Bazel server and connecting to it...
 no actions running
 no actions running
 no actions running
 no actions running
Loading: 0 packages loaded
ERROR: /data/h445xu/.cache/bazel/_bazel_hongxu/410a404e68f11400c26babba5cfc25de/external/bazel_tools/tools/test/BUILD:36:6: error loading package '@@remote_coverage_tools//': cannot load '@@rules_java//java:java_binary.bzl': no such file and referenced by '@@bazel_tools//tools/test:coverage_report_generator'
Loading: 137 packages loaded
    currently loading: @@remote_coverage_tools// ... (18 packages)
Loading: 164 packages loaded
    currently loading: @@remote_coverage_tools//
Loading: 164 packages loaded
    currently loading: @@remote_coverage_tools//
ERROR: /data/h445xu/repo/bazel-repos/cloned_repos/tink-crypto__tink-java/BUILD.bazel:12:20: every rule of type javadoc_library implicitly depends upon the target '@@androidsdk//:platforms/android-23/android.jar', but this target could not be found because of: no such target '@@androidsdk//:platforms/android-23/android.jar': target 'platforms/android-23/android.jar' not declared in package '' defined by /data/h445xu/.cache/bazel/_bazel_hongxu/410a404e68f11400c26babba5cfc25de/external/androidsdk/BUILD.bazel
ERROR: /data/h445xu/repo/bazel-repos/cloned_repos/tink-crypto__tink-java/BUILD.bazel:496:20: every rule of type javadoc_library implicitly depends upon the target '@@androidsdk//:platforms/android-23/android.jar', but this target could not be found because of: no such target '@@androidsdk//:platforms/android-23/android.jar': target 'platforms/android-23/android.jar' not declared in package '' defined by /data/h445xu/.cache/bazel/_bazel_hongxu/410a404e68f11400c26babba5cfc25de/external/androidsdk/BUILD.bazel
WARNING: --keep_going specified, ignoring errors. Results may be inaccurate
Read 0 lines from bazel query output...
Read 1000 lines from bazel query output...
Read 2000 lines from bazel query output...
Read 3000 lines from bazel query output...
Read 4000 lines from bazel query output...
Read 5000 lines from bazel query output...
Read 6000 lines from bazel query output...
Read 7000 lines from bazel query output...
Read 8000 lines from bazel query output...
Read 9000 lines from bazel query output...
Read 10000 lines from bazel query output...
Read 11000 lines from bazel query output...
Read 12000 lines from bazel query output...
Read 13000 lines from bazel query output...
Read 14000 lines from bazel query output...
Read 15000 lines from bazel query output...
Read 16000 lines from bazel query output...
Read 17000 lines from bazel query output...
Read 18000 lines from bazel query output...
Read 19000 lines from bazel query output...
Read 20000 lines from bazel query output...
Read 21000 lines from bazel query output...
Read 22000 lines from bazel query output...
Read 23000 lines from bazel query output...
Read 24000 lines from bazel query output...
Read 25000 lines from bazel query output...
Read 26000 lines from bazel query output...
Read 27000 lines from bazel query output...
Read 28000 lines from bazel query output...
Read 29000 lines from bazel query output...
Read 30000 lines from bazel query output...
Read 31000 lines from bazel query output...
Read 32000 lines from bazel query output...
Read 33000 lines from bazel query output...
Read 34000 lines from bazel query output...
Read 35000 lines from bazel query output...
Read 36000 lines from bazel query output...
Read 37000 lines from bazel query output...
Read 38000 lines from bazel query output...
Read 39000 lines from bazel query output...
Read 40000 lines from bazel query output...
Read 41000 lines from bazel query output...
Read 42000 lines from bazel query output...
Read 43000 lines from bazel query output...
Read 44000 lines from bazel query output...
Read 45000 lines from bazel query output...
Read 46000 lines from bazel query output...
Read 47000 lines from bazel query output...
Read 48000 lines from bazel query output...
Read 49000 lines from bazel query output...
Read 50000 lines from bazel query output...
Read 51000 lines from bazel query output...
Read 52000 lines from bazel query output...
Read 53000 lines from bazel query output...
Read 54000 lines from bazel query output...
Read 55000 lines from bazel query output...
Read 56000 lines from bazel query output...
Read 57000 lines from bazel query output...
Read 58000 lines from bazel query output...
Read 59000 lines from bazel query output...
Read 60000 lines from bazel query output...
Read 61000 lines from bazel query output...
Read 62000 lines from bazel query output...
