Starting local Bazel server and connecting to it...
 checking cached actions
 checking cached actions
 checking cached actions
 checking cached actions
 checking cached actions
 checking cached actions
Loading: 0 packages loaded
INFO: Repository graphviz instantiated at:
  /data/h445xu/repo/bazel-repos/cloned_repos/tweag__rules_haskell/WORKSPACE:58:13: in <toplevel>
  /data/h445xu/repo/bazel-repos/cloned_repos/tweag__rules_haskell/non_module_dev_deps.bzl:114:20: in repositories
  /data/h445xu/.cache/bazel/_bazel_hongxu/57f41b4d15537a6c33a6fbfe47614b38/external/rules_nixpkgs_core/nixpkgs.bzl:726:21: in nixpkgs_package
Repository rule _nixpkgs_package defined at:
  /data/h445xu/.cache/bazel/_bazel_hongxu/57f41b4d15537a6c33a6fbfe47614b38/external/rules_nixpkgs_core/nixpkgs.bzl:594:35: in <toplevel>
ERROR: An error occurred during the fetch of repository 'graphviz':
   Traceback (most recent call last):
	File "/data/h445xu/.cache/bazel/_bazel_hongxu/57f41b4d15537a6c33a6fbfe47614b38/external/rules_nixpkgs_core/nixpkgs.bzl", line 545, column 13, in _nixpkgs_package_impl
		fail("Platform is not supported: nix-build not found in PATH. See attribute fail_not_supported if you don't want to use Nix.")
Error in fail: Platform is not supported: nix-build not found in PATH. See attribute fail_not_supported if you don't want to use Nix.
ERROR: /data/h445xu/repo/bazel-repos/cloned_repos/tweag__rules_haskell/WORKSPACE:58:13: fetching _nixpkgs_package rule //external:graphviz: Traceback (most recent call last):
	File "/data/h445xu/.cache/bazel/_bazel_hongxu/57f41b4d15537a6c33a6fbfe47614b38/external/rules_nixpkgs_core/nixpkgs.bzl", line 545, column 13, in _nixpkgs_package_impl
		fail("Platform is not supported: nix-build not found in PATH. See attribute fail_not_supported if you don't want to use Nix.")
Error in fail: Platform is not supported: nix-build not found in PATH. See attribute fail_not_supported if you don't want to use Nix.
INFO: Repository sphinx instantiated at:
  /data/h445xu/repo/bazel-repos/cloned_repos/tweag__rules_haskell/WORKSPACE:58:13: in <toplevel>
  /data/h445xu/repo/bazel-repos/cloned_repos/tweag__rules_haskell/non_module_dev_deps.bzl:120:20: in repositories
  /data/h445xu/.cache/bazel/_bazel_hongxu/57f41b4d15537a6c33a6fbfe47614b38/external/rules_nixpkgs_core/nixpkgs.bzl:726:21: in nixpkgs_package
Repository rule _nixpkgs_package defined at:
  /data/h445xu/.cache/bazel/_bazel_hongxu/57f41b4d15537a6c33a6fbfe47614b38/external/rules_nixpkgs_core/nixpkgs.bzl:594:35: in <toplevel>
ERROR: An error occurred during the fetch of repository 'sphinx':
   Traceback (most recent call last):
	File "/data/h445xu/.cache/bazel/_bazel_hongxu/57f41b4d15537a6c33a6fbfe47614b38/external/rules_nixpkgs_core/nixpkgs.bzl", line 545, column 13, in _nixpkgs_package_impl
		fail("Platform is not supported: nix-build not found in PATH. See attribute fail_not_supported if you don't want to use Nix.")
Error in fail: Platform is not supported: nix-build not found in PATH. See attribute fail_not_supported if you don't want to use Nix.
ERROR: /data/h445xu/repo/bazel-repos/cloned_repos/tweag__rules_haskell/WORKSPACE:58:13: fetching _nixpkgs_package rule //external:sphinx: Traceback (most recent call last):
	File "/data/h445xu/.cache/bazel/_bazel_hongxu/57f41b4d15537a6c33a6fbfe47614b38/external/rules_nixpkgs_core/nixpkgs.bzl", line 545, column 13, in _nixpkgs_package_impl
		fail("Platform is not supported: nix-build not found in PATH. See attribute fail_not_supported if you don't want to use Nix.")
Error in fail: Platform is not supported: nix-build not found in PATH. See attribute fail_not_supported if you don't want to use Nix.
INFO: Repository zip instantiated at:
  /data/h445xu/repo/bazel-repos/cloned_repos/tweag__rules_haskell/WORKSPACE:58:13: in <toplevel>
  /data/h445xu/repo/bazel-repos/cloned_repos/tweag__rules_haskell/non_module_dev_deps.bzl:108:20: in repositories
  /data/h445xu/.cache/bazel/_bazel_hongxu/57f41b4d15537a6c33a6fbfe47614b38/external/rules_nixpkgs_core/nixpkgs.bzl:726:21: in nixpkgs_package
Repository rule _nixpkgs_package defined at:
  /data/h445xu/.cache/bazel/_bazel_hongxu/57f41b4d15537a6c33a6fbfe47614b38/external/rules_nixpkgs_core/nixpkgs.bzl:594:35: in <toplevel>
ERROR: An error occurred during the fetch of repository 'zip':
   Traceback (most recent call last):
	File "/data/h445xu/.cache/bazel/_bazel_hongxu/57f41b4d15537a6c33a6fbfe47614b38/external/rules_nixpkgs_core/nixpkgs.bzl", line 545, column 13, in _nixpkgs_package_impl
		fail("Platform is not supported: nix-build not found in PATH. See attribute fail_not_supported if you don't want to use Nix.")
Error in fail: Platform is not supported: nix-build not found in PATH. See attribute fail_not_supported if you don't want to use Nix.
ERROR: /data/h445xu/repo/bazel-repos/cloned_repos/tweag__rules_haskell/WORKSPACE:58:13: fetching _nixpkgs_package rule //external:zip: Traceback (most recent call last):
	File "/data/h445xu/.cache/bazel/_bazel_hongxu/57f41b4d15537a6c33a6fbfe47614b38/external/rules_nixpkgs_core/nixpkgs.bzl", line 545, column 13, in _nixpkgs_package_impl
		fail("Platform is not supported: nix-build not found in PATH. See attribute fail_not_supported if you don't want to use Nix.")
Error in fail: Platform is not supported: nix-build not found in PATH. See attribute fail_not_supported if you don't want to use Nix.
ERROR: /data/h445xu/repo/bazel-repos/cloned_repos/tweag__rules_haskell/docs/BUILD.bazel:230:8: no such package '@graphviz//': Platform is not supported: nix-build not found in PATH. See attribute fail_not_supported if you don't want to use Nix. and referenced by '//docs:guide_html'
ERROR: /data/h445xu/repo/bazel-repos/cloned_repos/tweag__rules_haskell/docs/BUILD.bazel:230:8: no such package '@sphinx//': Platform is not supported: nix-build not found in PATH. See attribute fail_not_supported if you don't want to use Nix. and referenced by '//docs:guide_html'
ERROR: /data/h445xu/repo/bazel-repos/cloned_repos/tweag__rules_haskell/docs/BUILD.bazel:230:8: no such package '@zip//': Platform is not supported: nix-build not found in PATH. See attribute fail_not_supported if you don't want to use Nix. and referenced by '//docs:guide_html'
DEBUG: /data/h445xu/repo/bazel-repos/cloned_repos/tweag__rules_haskell/haskell/cabal.bzl:2390:10: Stack not found.
DEBUG: /data/h445xu/repo/bazel-repos/cloned_repos/tweag__rules_haskell/haskell/cabal.bzl:2391:10: Downloading Stack 2.15.7 ...
Loading: 218 packages loaded
Loading: 314 packages loaded
Loading: 314 packages loaded
Loading: 314 packages loaded
Loading: 314 packages loaded
Loading: 314 packages loaded
Loading: 314 packages loaded
    currently loading: @stackage//
Loading: 317 packages loaded
WARNING: --keep_going specified, ignoring errors. Results may be inaccurate
Loading: 318 packages loaded
Read 0 lines from bazel query output...
Read 1000 lines from bazel query output...
Read 2000 lines from bazel query output...
Read 3000 lines from bazel query output...
Read 4000 lines from bazel query output...
Read 5000 lines from bazel query output...
Read 6000 lines from bazel query output...
Read 7000 lines from bazel query output...
Read 8000 lines from bazel query output...
Read 9000 lines from bazel query output...
Read 10000 lines from bazel query output...
Read 11000 lines from bazel query output...
Read 12000 lines from bazel query output...
Read 13000 lines from bazel query output...
Read 14000 lines from bazel query output...
Read 15000 lines from bazel query output...
Read 16000 lines from bazel query output...
Read 17000 lines from bazel query output...
Read 18000 lines from bazel query output...
Read 19000 lines from bazel query output...
Read 20000 lines from bazel query output...
Read 21000 lines from bazel query output...
Read 22000 lines from bazel query output...
Read 23000 lines from bazel query output...
Read 24000 lines from bazel query output...
Read 25000 lines from bazel query output...
Read 26000 lines from bazel query output...
Read 27000 lines from bazel query output...
Read 28000 lines from bazel query output...
Loading: 318 packages loaded
