Starting local Bazel server and connecting to it...
 checking cached actions
 checking cached actions
 checking cached actions
 checking cached actions
 checking cached actions
DEBUG: Rule 'rules_pkg' indicated that a canonical reproducible form can be obtained by modifying arguments commit = "6c2e32553b740aec1d6fb540fb224487b5ce26a2" and dropping ["tag"]
DEBUG: Repository rules_pkg instantiated at:
  /data/h445xu/repo/bazel-repos/cloned_repos/typedb__typedb-studio/WORKSPACE:58:10: in <toplevel>
  /data/h445xu/.cache/bazel/_bazel_hongxu/b10d63a6f5ee236c03c17623d7c14a39/external/typedb_bazel_distribution/common/deps.bzl:12:19: in rules_pkg
Repository rule git_repository defined at:
  /data/h445xu/.cache/bazel/_bazel_hongxu/b10d63a6f5ee236c03c17623d7c14a39/external/bazel_tools/tools/build_defs/repo/git.bzl:181:33: in <toplevel>
Loading: 0 packages loaded
Loading: 62 packages loaded
Loading: 70 packages loaded
Loading: 70 packages loaded
Loading: 72 packages loaded
Loading: 76 packages loaded
Read 0 lines from bazel query output...
Read 1000 lines from bazel query output...
Loading: 83 packages loaded
