Starting local Bazel server and connecting to it...
 checking cached actions
 checking cached actions
 checking cached actions
 checking cached actions
 checking cached actions
Loading: 0 packages loaded
Loading: 69 packages loaded
Loading: 81 packages loaded
    currently loading: @upkie_description//
Loading: 85 packages loaded
Loading: 85 packages loaded
Loading: 85 packages loaded
Loading: 85 packages loaded
Loading: 85 packages loaded
Loading: 85 packages loaded
Loading: 85 packages loaded
Loading: 85 packages loaded
Loading: 85 packages loaded
Loading: 85 packages loaded
Loading: 85 packages loaded
Loading: 85 packages loaded
Loading: 85 packages loaded
Loading: 85 packages loaded
Loading: 85 packages loaded
Loading: 85 packages loaded
Loading: 85 packages loaded
Loading: 88 packages loaded
Loading: 88 packages loaded
Read 0 lines from bazel query output...
Read 1000 lines from bazel query output...
Read 2000 lines from bazel query output...
Read 3000 lines from bazel query output...
Read 4000 lines from bazel query output...
Read 5000 lines from bazel query output...
Read 6000 lines from bazel query output...
Read 7000 lines from bazel query output...
Read 8000 lines from bazel query output...
Read 9000 lines from bazel query output...
Read 10000 lines from bazel query output...
Read 11000 lines from bazel query output...
Read 12000 lines from bazel query output...
Read 13000 lines from bazel query output...
Read 14000 lines from bazel query output...
Read 15000 lines from bazel query output...
Read 16000 lines from bazel query output...
Read 17000 lines from bazel query output...
Read 18000 lines from bazel query output...
Read 19000 lines from bazel query output...
Loading: 89 packages loaded
