Starting local Bazel server and connecting to it...
Loading: 0 packages loaded
Loading: 14 packages loaded
ERROR: /data/h445xu/repo/bazel-repos/cloned_repos/VeriSilicon__TIM-VX/prebuilt-sdk/BUILD:23:1: no such package '@external_viv_sdk//': The repository '@external_viv_sdk' could not be resolved and referenced by '//prebuilt-sdk:VIV_SDK_LIB'
ERROR: /data/h445xu/.cache/bazel/_bazel_hongxu/07f81719828556c355507d1213e86d71/external/gtest/BUILD.bazel:57:1: no such package '@com_google_absl//absl/debugging': The repository '@com_google_absl' could not be resolved and referenced by '@gtest//:gtest'
ERROR: /data/h445xu/.cache/bazel/_bazel_hongxu/07f81719828556c355507d1213e86d71/external/gtest/BUILD.bazel:57:1: no such package '@com_google_absl//absl/strings': The repository '@com_google_absl' could not be resolved and referenced by '@gtest//:gtest'
ERROR: /data/h445xu/.cache/bazel/_bazel_hongxu/07f81719828556c355507d1213e86d71/external/gtest/BUILD.bazel:57:1: no such package '@com_google_absl//absl/debugging': The repository '@com_google_absl' could not be resolved and referenced by '@gtest//:gtest'
ERROR: /data/h445xu/.cache/bazel/_bazel_hongxu/07f81719828556c355507d1213e86d71/external/gtest/BUILD.bazel:57:1: no such package '@com_google_absl//absl/types': The repository '@com_google_absl' could not be resolved and referenced by '@gtest//:gtest'
ERROR: /data/h445xu/.cache/bazel/_bazel_hongxu/07f81719828556c355507d1213e86d71/external/gtest/BUILD.bazel:57:1: no such package '@com_google_absl//absl/types': The repository '@com_google_absl' could not be resolved and referenced by '@gtest//:gtest'
ERROR: /data/h445xu/.cache/bazel/_bazel_hongxu/07f81719828556c355507d1213e86d71/external/gtest/BUILD.bazel:57:1: no such package '@com_google_absl//absl/debugging': The repository '@com_google_absl' could not be resolved and referenced by '@gtest//:gtest'
ERROR: /data/h445xu/repo/bazel-repos/cloned_repos/VeriSilicon__TIM-VX/prebuilt-sdk/BUILD:23:1: no such package '@external_viv_sdk//': The repository '@external_viv_sdk' could not be resolved and referenced by '//prebuilt-sdk:VIV_SDK_LIB'
ERROR: /data/h445xu/.cache/bazel/_bazel_hongxu/07f81719828556c355507d1213e86d71/external/gtest/BUILD.bazel:57:1: no such package '@com_google_absl//absl/debugging': The repository '@com_google_absl' could not be resolved and referenced by '@gtest//:gtest'
ERROR: /data/h445xu/.cache/bazel/_bazel_hongxu/07f81719828556c355507d1213e86d71/external/gtest/BUILD.bazel:57:1: no such package '@com_google_absl//absl/types': The repository '@com_google_absl' could not be resolved and referenced by '@gtest//:gtest'
ERROR: /data/h445xu/.cache/bazel/_bazel_hongxu/07f81719828556c355507d1213e86d71/external/gtest/BUILD.bazel:57:1: no such package '@com_google_absl//absl/types': The repository '@com_google_absl' could not be resolved and referenced by '@gtest//:gtest'
ERROR: /data/h445xu/.cache/bazel/_bazel_hongxu/07f81719828556c355507d1213e86d71/external/gtest/BUILD.bazel:57:1: no such package '@com_google_absl//absl/debugging': The repository '@com_google_absl' could not be resolved and referenced by '@gtest//:gtest'
ERROR: /data/h445xu/.cache/bazel/_bazel_hongxu/07f81719828556c355507d1213e86d71/external/gtest/BUILD.bazel:57:1: no such package '@com_google_absl//absl/strings': The repository '@com_google_absl' could not be resolved and referenced by '@gtest//:gtest'
ERROR: /data/h445xu/.cache/bazel/_bazel_hongxu/07f81719828556c355507d1213e86d71/external/gtest/BUILD.bazel:57:1: no such package '@com_google_absl//absl/debugging': The repository '@com_google_absl' could not be resolved and referenced by '@gtest//:gtest'
ERROR: Evaluation of query "deps(//...)" failed: errors were encountered while computing transitive closure
WARNING: --keep_going specified, ignoring errors.  Results may be inaccurate
Read 0 lines from bazel query output...
Read 1000 lines from bazel query output...
Read 2000 lines from bazel query output...
Read 3000 lines from bazel query output...
Read 4000 lines from bazel query output...
Read 5000 lines from bazel query output...
Read 6000 lines from bazel query output...
Read 7000 lines from bazel query output...
Read 8000 lines from bazel query output...
Read 9000 lines from bazel query output...
Read 10000 lines from bazel query output...
Loading: 40 packages loaded
Loading: 40 packages loaded
Loading: 40 packages loaded
