Starting local Bazel server and connecting to it...
 checking cached actions
 checking cached actions
 checking cached actions
 checking cached actions
Loading: 0 packages loaded
Loading: 0 packages loaded
    currently loading:  ... (37 packages)
Loading: 0 packages loaded
    currently loading:  ... (37 packages)
Loading: 103 packages loaded
    currently loading: @bazel_tools//third_party/zlib ... (4 packages)
Loading: 127 packages loaded
    currently loading: @rules_kotlin//kotlin/internal/js ... (3 packages)
Loading: 211 packages loaded
Loading: 212 packages loaded
Loading: 212 packages loaded
Read 0 lines from bazel query output...
Read 1000 lines from bazel query output...
Read 2000 lines from bazel query output...
Read 3000 lines from bazel query output...
Read 4000 lines from bazel query output...
Read 5000 lines from bazel query output...
Read 6000 lines from bazel query output...
Read 7000 lines from bazel query output...
Read 8000 lines from bazel query output...
Read 9000 lines from bazel query output...
Loading: 213 packages loaded
Loading: 213 packages loaded
