Starting local Bazel server (8.3.1) and connecting to it...
 no actions running
 no actions running
 no actions running
WARNING: For repository 'rules_python', the root module requires module version rules_python@0.40.0, but got rules_python@1.3.0 in the resolved dependency graph. Please update the version in your MODULE.bazel or set --check_direct_dependencies=off
WARNING: For repository 'with_cfg.bzl', the root module requires module version with_cfg.bzl@0.9.1, but got with_cfg.bzl@0.9.2 in the resolved dependency graph. Please update the version in your MODULE.bazel or set --check_direct_dependencies=off
Loading: 0 packages loaded
Loading: 0 packages loaded
Loading: 0 packages loaded
Loading: 0 packages loaded
WARNING: Download from https://storage.googleapis.com/mirror.tensorflow.org/github.com/zml/rules_zig/archive/b14a4f1bba1a766311f75513e922cc8c2179e1e3.tar.gz failed: class java.io.FileNotFoundException GET returned 404 Not Found
Loading: 26 packages loaded
    currently loading: @@rules_cc+// ... (5 packages)
WARNING: Download from https://storage.googleapis.com/mirror.tensorflow.org/github.com/openxla/xla/archive/6319f0d3bdfd3078e04bb984a759c890b7116484.tar.gz failed: class java.io.FileNotFoundException GET returned 404 Not Found
WARNING: /data/h445xu/repo/bazel-repos/cloned_repos/zml__zml/MODULE.bazel:98:21: The module extension rocm_packages defined in @zml//runtimes/rocm:rocm.bzl reported incorrect imports of repositories via use_repo():

Not imported, but reported as direct dependencies by the extension (may cause the build to fail):
    hipblaslt, rocblas

Fix the use_repo calls by running 'bazel mod tidy'.
WARNING: /data/h445xu/repo/bazel-repos/cloned_repos/zml__zml/MODULE.bazel:104:23: The module extension neuron_packages defined in @zml//runtimes/neuron:neuron.bzl reported incorrect imports of repositories via use_repo():

Not imported, but reported as direct dependencies by the extension (may cause the build to fail):
    aws-neuronx-collectives, aws-neuronx-runtime-lib, libgomp1, zlib1g

Fix the use_repo calls by running 'bazel mod tidy'.
Loading: 80 packages loaded
    currently loading: @@rules_python+//python/private ... (2 packages)
WARNING: Download from https://storage.googleapis.com/mirror.tensorflow.org/github.com/mitchellh/libxev/archive/9f785d202ddccf7a625e799250579253977978b6.tar.gz failed: class java.io.FileNotFoundException GET returned 404 Not Found
Loading: 101 packages loaded
Loading: 102 packages loaded
Loading: 109 packages loaded
    currently loading: @@protobuf+//build_defs
Loading: 119 packages loaded
Loading: 148 packages loaded
DEBUG: /data/h445xu/.cache/bazel/_bazel_hongxu/c181771be604f9bae76734d8cdab90ea/external/xla+/third_party/py/python_repo.bzl:156:14: 
HERMETIC_PYTHON_VERSION variable was not set correctly, using default version.
Python 3.11 will be used.
To select Python version, either set HERMETIC_PYTHON_VERSION env variable in
your shell:
  export HERMETIC_PYTHON_VERSION=3.12
OR pass it as an argument to bazel command directly or inside your .bazelrc
file:
  --repo_env=HERMETIC_PYTHON_VERSION=3.12
DEBUG: /data/h445xu/.cache/bazel/_bazel_hongxu/c181771be604f9bae76734d8cdab90ea/external/xla+/third_party/py/python_repo.bzl:87:10: 
=============================
Hermetic Python configuration:
Version: "3.11"
Kind: ""
Interpreter: "default" (provided by rules_python)
Requirements_lock label: "@@xla+//:requirements_lock_3_11.txt"
=====================================
Loading: 155 packages loaded
    currently loading: @@xla+//xla/pjrt/proto ... (4 packages)
Loading: 155 packages loaded
    currently loading: @@xla+//xla/pjrt/proto ... (4 packages)
Loading: 156 packages loaded
    currently loading: @@xla+//xla/pjrt/proto ... (4 packages)
Loading: 157 packages loaded
    currently loading: @@xla+//xla/pjrt/proto ... (5 packages)
Loading: 157 packages loaded
    currently loading: @@xla+//xla/pjrt/proto ... (5 packages)
Loading: 157 packages loaded
    currently loading: @@xla+//xla/pjrt/proto ... (5 packages)
WARNING: Download from https://storage.googleapis.com/mirror.tensorflow.org/github.com/zml/zig-protobuf/archive/97f1e314d9bbf600fbaadee5bb08c8856e0006de.tar.gz failed: class java.io.FileNotFoundException GET returned 404 Not Found
Loading: 173 packages loaded
    currently loading: @@xla++xla+stablehlo//
Loading: 173 packages loaded
    currently loading: @@xla++xla+stablehlo//
Loading: 182 packages loaded
    currently loading: @@xla++xla+stablehlo//
Loading: 182 packages loaded
    currently loading: @@xla++xla+stablehlo//
Loading: 191 packages loaded
    currently loading: @@xla++xla+stablehlo//
Loading: 200 packages loaded
    currently loading: @@xla++xla+stablehlo//
Loading: 210 packages loaded
    currently loading: @@xla++xla+stablehlo//
ERROR: /data/h445xu/.cache/bazel/_bazel_hongxu/c181771be604f9bae76734d8cdab90ea/external/rules_python++pip+huggingface_hub_311_tqdm/BUILD.bazel:5:20: no such package '@@rules_python++pip+huggingface_hub//colorama': BUILD file not found in directory 'colorama' of external repository @@rules_python++pip+huggingface_hub. Add a BUILD file to a directory to mark it as a package. and referenced by '@@rules_python++pip+huggingface_hub_311_tqdm//:pkg'
Loading: 217 packages loaded
    currently loading: @@xla++xla+stablehlo//
Loading: 217 packages loaded
    currently loading: @@xla++xla+stablehlo//
Loading: 218 packages loaded
    currently loading: @@xla++xla+stablehlo//
Loading: 220 packages loaded
    currently loading: @@xla++xla+stablehlo//
Loading: 220 packages loaded
    currently loading: @@xla++xla+stablehlo//
Loading: 225 packages loaded
    currently loading: @@xla++xla+stablehlo//
Loading: 225 packages loaded
    currently loading: @@xla++xla+stablehlo//
Loading: 228 packages loaded
    currently loading: @@xla++xla+stablehlo//
Loading: 228 packages loaded
    currently loading: @@xla++xla+stablehlo//
Loading: 229 packages loaded
    currently loading: @@xla++xla+stablehlo//
Loading: 229 packages loaded
    currently loading: @@xla++xla+stablehlo//
Loading: 230 packages loaded
    currently loading: @@xla++xla+stablehlo//
Loading: 230 packages loaded
    currently loading: @@xla++xla+stablehlo//
Loading: 234 packages loaded
    currently loading: @@xla++xla+stablehlo//
Loading: 234 packages loaded
    currently loading: @@xla++xla+stablehlo//
Loading: 234 packages loaded
    currently loading: @@xla++xla+stablehlo//
Loading: 234 packages loaded
    currently loading: @@xla++xla+stablehlo//
Loading: 234 packages loaded
    currently loading: @@xla++xla+stablehlo//
Loading: 237 packages loaded
    currently loading: @@xla++xla+stablehlo//
Loading: 237 packages loaded
    currently loading: @@xla++xla+stablehlo//
Loading: 238 packages loaded
    currently loading: @@xla++xla+stablehlo//
Loading: 238 packages loaded
    currently loading: @@xla++xla+stablehlo//
Loading: 238 packages loaded
    currently loading: @@xla++xla+stablehlo//
Loading: 241 packages loaded
    currently loading: @@xla++xla+stablehlo//
Loading: 242 packages loaded
    currently loading: @@xla++xla+stablehlo//
Loading: 380 packages loaded
    currently loading: @@xla++xla+stablehlo//
Loading: 380 packages loaded
    currently loading: @@xla++xla+stablehlo//
Loading: 380 packages loaded
    currently loading: @@xla++xla+stablehlo//
Loading: 380 packages loaded
    currently loading: @@xla++xla+stablehlo//
Loading: 380 packages loaded
    currently loading: @@xla++xla+stablehlo//
Loading: 381 packages loaded
    currently loading: @@xla++xla+stablehlo//
Loading: 381 packages loaded
    currently loading: @@xla++xla+stablehlo//
Loading: 381 packages loaded
    currently loading: @@xla++xla+stablehlo//
Loading: 381 packages loaded
    currently loading: @@xla++xla+stablehlo//
Loading: 381 packages loaded
    currently loading: @@xla++xla+stablehlo//
Loading: 381 packages loaded
    currently loading: @@xla++xla+stablehlo//
Loading: 381 packages loaded
    currently loading: @@xla++xla+stablehlo//
Loading: 381 packages loaded
    currently loading: @@xla++xla+stablehlo//
Loading: 381 packages loaded
    currently loading: @@xla++xla+stablehlo//
Loading: 381 packages loaded
    currently loading: @@xla++xla+stablehlo//
Loading: 382 packages loaded
    currently loading: @@xla++xla+stablehlo//
Loading: 382 packages loaded
    currently loading: @@xla++xla+stablehlo//
Loading: 382 packages loaded
    currently loading: @@xla++xla+stablehlo//
Loading: 383 packages loaded
    currently loading: @@xla++xla+stablehlo//
Loading: 383 packages loaded
    currently loading: @@xla++xla+stablehlo//
Loading: 383 packages loaded
    currently loading: @@xla++xla+stablehlo//
Loading: 383 packages loaded
    currently loading: @@xla++xla+stablehlo//
Loading: 383 packages loaded
    currently loading: @@xla++xla+stablehlo//
Loading: 384 packages loaded
    currently loading: @@xla++xla+stablehlo//
Loading: 385 packages loaded
    currently loading: @@xla++xla+stablehlo//
Loading: 385 packages loaded
    currently loading: @@xla++xla+stablehlo//
Loading: 385 packages loaded
    currently loading: @@xla++xla+stablehlo//
Loading: 385 packages loaded
    currently loading: @@xla++xla+stablehlo//
Loading: 386 packages loaded
    currently loading: @@xla++llvm+llvm-project//mlir ... (2 packages)
Loading: 388 packages loaded
Loading: 388 packages loaded
Loading: 389 packages loaded
Loading: 389 packages loaded
Loading: 389 packages loaded
Loading: 389 packages loaded
Loading: 389 packages loaded
Loading: 403 packages loaded
Loading: 403 packages loaded
Loading: 403 packages loaded
Loading: 403 packages loaded
Loading: 416 packages loaded
Loading: 416 packages loaded
Loading: 418 packages loaded
Loading: 422 packages loaded
Loading: 423 packages loaded
Loading: 423 packages loaded
Loading: 426 packages loaded
Loading: 427 packages loaded
Loading: 428 packages loaded
Loading: 429 packages loaded
Loading: 430 packages loaded
Loading: 431 packages loaded
Loading: 432 packages loaded
ERROR: /data/h445xu/.cache/bazel/_bazel_hongxu/c181771be604f9bae76734d8cdab90ea/external/rules_python++pip+huggingface_hub_311_tqdm/BUILD.bazel:5:20: no such package '@@rules_python++pip+huggingface_hub//colorama': BUILD file not found in directory 'colorama' of external repository @@rules_python++pip+huggingface_hub. Add a BUILD file to a directory to mark it as a package. and referenced by '@@rules_python++pip+huggingface_hub_311_tqdm//:pkg'
ERROR: Evaluation of query "deps(//...)" failed: errors were encountered while computing transitive closure
WARNING: --keep_going specified, ignoring errors. Results may be inaccurate
Read 0 lines from bazel query output...
Read 1000 lines from bazel query output...
Read 2000 lines from bazel query output...
Read 3000 lines from bazel query output...
Read 4000 lines from bazel query output...
Read 5000 lines from bazel query output...
Read 6000 lines from bazel query output...
Read 7000 lines from bazel query output...
Read 8000 lines from bazel query output...
Read 9000 lines from bazel query output...
Read 10000 lines from bazel query output...
Read 11000 lines from bazel query output...
Read 12000 lines from bazel query output...
Read 13000 lines from bazel query output...
Read 14000 lines from bazel query output...
Read 15000 lines from bazel query output...
Read 16000 lines from bazel query output...
Read 17000 lines from bazel query output...
Read 18000 lines from bazel query output...
Read 19000 lines from bazel query output...
Read 20000 lines from bazel query output...
Read 21000 lines from bazel query output...
Read 22000 lines from bazel query output...
Read 23000 lines from bazel query output...
Read 24000 lines from bazel query output...
Read 25000 lines from bazel query output...
Read 26000 lines from bazel query output...
Read 27000 lines from bazel query output...
Read 28000 lines from bazel query output...
Read 29000 lines from bazel query output...
Read 30000 lines from bazel query output...
Read 31000 lines from bazel query output...
Read 32000 lines from bazel query output...
Read 33000 lines from bazel query output...
Read 34000 lines from bazel query output...
Read 35000 lines from bazel query output...
Read 36000 lines from bazel query output...
Read 37000 lines from bazel query output...
Read 38000 lines from bazel query output...
Read 39000 lines from bazel query output...
Read 40000 lines from bazel query output...
Read 41000 lines from bazel query output...
Read 42000 lines from bazel query output...
Read 43000 lines from bazel query output...
Read 44000 lines from bazel query output...
Read 45000 lines from bazel query output...
Read 46000 lines from bazel query output...
Read 47000 lines from bazel query output...
Read 48000 lines from bazel query output...
Read 49000 lines from bazel query output...
Read 50000 lines from bazel query output...
Read 51000 lines from bazel query output...
Read 52000 lines from bazel query output...
Read 53000 lines from bazel query output...
Read 54000 lines from bazel query output...
Read 55000 lines from bazel query output...
Read 56000 lines from bazel query output...
Read 57000 lines from bazel query output...
Read 58000 lines from bazel query output...
Read 59000 lines from bazel query output...
Read 60000 lines from bazel query output...
Read 61000 lines from bazel query output...
Read 62000 lines from bazel query output...
Read 63000 lines from bazel query output...
Read 64000 lines from bazel query output...
Read 65000 lines from bazel query output...
Read 66000 lines from bazel query output...
Read 67000 lines from bazel query output...
Read 68000 lines from bazel query output...
Read 69000 lines from bazel query output...
Read 70000 lines from bazel query output...
Read 71000 lines from bazel query output...
Read 72000 lines from bazel query output...
Read 73000 lines from bazel query output...
Read 74000 lines from bazel query output...
Read 75000 lines from bazel query output...
Read 76000 lines from bazel query output...
Read 77000 lines from bazel query output...
Read 78000 lines from bazel query output...
Read 79000 lines from bazel query output...
Read 80000 lines from bazel query output...
Read 81000 lines from bazel query output...
Read 82000 lines from bazel query output...
Read 83000 lines from bazel query output...
Read 84000 lines from bazel query output...
Read 85000 lines from bazel query output...
Read 86000 lines from bazel query output...
Read 87000 lines from bazel query output...
Read 88000 lines from bazel query output...
Read 89000 lines from bazel query output...
Read 90000 lines from bazel query output...
Read 91000 lines from bazel query output...
Read 92000 lines from bazel query output...
Read 93000 lines from bazel query output...
Read 94000 lines from bazel query output...
Read 95000 lines from bazel query output...
Read 96000 lines from bazel query output...
Read 97000 lines from bazel query output...
Read 98000 lines from bazel query output...
Read 99000 lines from bazel query output...
Read 100000 lines from bazel query output...
Read 101000 lines from bazel query output...
Read 102000 lines from bazel query output...
Read 103000 lines from bazel query output...
Read 104000 lines from bazel query output...
Read 105000 lines from bazel query output...
Read 106000 lines from bazel query output...
Read 107000 lines from bazel query output...
Read 108000 lines from bazel query output...
Read 109000 lines from bazel query output...
Read 110000 lines from bazel query output...
Read 111000 lines from bazel query output...
Read 112000 lines from bazel query output...
Read 113000 lines from bazel query output...
Read 114000 lines from bazel query output...
Read 115000 lines from bazel query output...
Read 116000 lines from bazel query output...
Read 117000 lines from bazel query output...
Read 118000 lines from bazel query output...
Read 119000 lines from bazel query output...
Read 120000 lines from bazel query output...
Read 121000 lines from bazel query output...
Read 122000 lines from bazel query output...
Read 123000 lines from bazel query output...
Read 124000 lines from bazel query output...
Read 125000 lines from bazel query output...
Read 126000 lines from bazel query output...
Read 127000 lines from bazel query output...
Read 128000 lines from bazel query output...
